{"recorder_version":"21","session":"8b884013967c","build":"192.6262.58","bucket":"189","time":1574883615812,"group":{"id":"settings","version":"4"},"event":{"state":true,"data":{"component":"NotRoamableUiSettings","created":1574883615996},"id":"invoked"}}
{"recorder_version":"21","session":"8b884013967c","build":"192.6262.58","bucket":"189","time":1574883615815,"group":{"id":"settings","version":"4"},"event":{"state":true,"data":{"component":"UISettings","created":1574883615998},"id":"invoked"}}
{"recorder_version":"21","session":"8b884013967c","build":"192.6262.58","bucket":"189","time":1574883615817,"group":{"id":"system.java","version":"1"},"event":{"state":true,"data":{"created":1574883616007,"version":"1.11"},"id":"JetBrains"}}
{"recorder_version":"21","session":"8b884013967c","build":"192.6262.58","bucket":"189","time":1574883615817,"group":{"id":"system.java","version":"1"},"event":{"state":true,"data":{"created":1574883616007},"id":"invoked"}}
{"recorder_version":"21","session":"8b884013967c","build":"192.6262.58","bucket":"189","time":1574883615840,"group":{"id":"system.os","version":"3"},"event":{"state":true,"data":{"created":1574883616008,"version":"10.14"},"id":"Mac"}}
{"recorder_version":"21","session":"8b884013967c","build":"192.6262.58","bucket":"189","time":1574883615840,"group":{"id":"system.os","version":"3"},"event":{"state":true,"data":{"created":1574883616009,"name":"Mac","version":"10.14"},"id":"os.name"}}
{"recorder_version":"21","session":"8b884013967c","build":"192.6262.58","bucket":"189","time":1574883615840,"group":{"id":"system.os","version":"3"},"event":{"state":true,"data":{"created":1574883616011,"value":"+09_00"},"id":"os.timezone"}}
{"recorder_version":"21","session":"8b884013967c","build":"192.6262.58","bucket":"189","time":1574883615840,"group":{"id":"system.os","version":"3"},"event":{"state":true,"data":{"created":1574883616012},"id":"invoked"}}
{"recorder_version":"21","session":"8b884013967c","build":"192.6262.58","bucket":"189","time":1574883615996,"group":{"id":"event.log","version":"21"},"event":{"count":1,"data":{"created":1574883616013,"version":"934.0"},"id":"whitelist.loaded"}}
{"recorder_version":"21","session":"8b884013967c","build":"192.6262.58","bucket":"189","time":1574883618367,"group":{"id":"settings","version":"4"},"event":{"state":true,"data":{"component":"UpdatesConfigurable","created":1574883618368,"name":"checkNeeded","type":"bool","value":false},"id":"not.default"}}
{"recorder_version":"21","session":"8b884013967c","build":"192.6262.58","bucket":"189","time":1574883618368,"group":{"id":"settings","version":"4"},"event":{"state":true,"data":{"component":"UpdatesConfigurable","created":1574883618369},"id":"invoked"}}
{"recorder_version":"21","session":"8b884013967c","build":"192.6262.58","bucket":"189","time":1574883618542,"group":{"id":"settings","version":"4"},"event":{"state":true,"data":{"component":"GeneralSettings","created":1574883618542},"id":"invoked"}}
{"recorder_version":"21","session":"8b884013967c","build":"192.6262.58","bucket":"189","time":1574883618552,"group":{"id":"lifecycle","version":"21"},"event":{"count":1,"data":{"internal":true,"eap":false,"created":1574883618552},"id":"ide.start"}}
{"recorder_version":"21","session":"8b884013967c","build":"192.6262.58","bucket":"189","time":1574883618873,"group":{"id":"lifecycle","version":"21"},"event":{"count":1,"data":{"created":1574883618873},"id":"frame.activated"}}
{"recorder_version":"21","session":"8b884013967c","build":"192.6262.58","bucket":"189","time":1574883618972,"group":{"id":"performance","version":"21"},"event":{"count":1,"data":{"duration_ms":189,"created":1574883618972},"id":"ui.latency"}}
{"recorder_version":"21","session":"8b884013967c","build":"192.6262.58","bucket":"189","time":1574883618972,"group":{"id":"performance","version":"21"},"event":{"count":1,"data":{"duration_ms":189,"created":1574883618973},"id":"ui.lagging"}}
{"recorder_version":"21","session":"8b884013967c","build":"192.6262.58","bucket":"189","time":1574883619365,"group":{"id":"ui.dialogs","version":"21"},"event":{"count":1,"data":{"created":1574883619367,"plugin_type":"PLATFORM","type":"show"},"id":"com.intellij.openapi.progress.util.ProgressDialog$MyDialogWrapper"}}
{"recorder_version":"21","session":"8b884013967c","build":"192.6262.58","bucket":"189","time":1574883620632,"group":{"id":"lifecycle","version":"21"},"event":{"count":1,"data":{"created":1574883620632,"project":"4452600da3b350ab41d92ae108c2baae6ff0ac3ddb31bd67020ee046ec77ac09"},"id":"project.opened"}}
{"recorder_version":"21","session":"8b884013967c","build":"192.6262.58","bucket":"189","time":1574883621351,"group":{"id":"performance","version":"21"},"event":{"count":1,"data":{"duration_ms":566,"created":1574883621351},"id":"ui.lagging"}}
{"recorder_version":"21","session":"8b884013967c","build":"192.6262.58","bucket":"189","time":1574883622403,"group":{"id":"settings","version":"4"},"event":{"state":true,"data":{"component":"XmlEditorOptions","created":1574883622403},"id":"invoked"}}
{"recorder_version":"21","session":"8b884013967c","build":"192.6262.58","bucket":"189","time":1574883622460,"group":{"id":"performance","version":"21"},"event":{"count":1,"data":{"duration_ms":675,"created":1574883622461},"id":"ui.lagging"}}
{"recorder_version":"21","session":"8b884013967c","build":"192.6262.58","bucket":"189","time":1574883623851,"group":{"id":"ui.tips","version":"2"},"event":{"count":1,"data":{"created":1574883623851,"type":"automatically"},"id":"dialog.shown"}}
{"recorder_version":"21","session":"8b884013967c","build":"192.6262.58","bucket":"189","time":1574883623913,"group":{"id":"ui.dialogs","version":"21"},"event":{"count":1,"data":{"created":1574883623913,"plugin_type":"PLATFORM","type":"show"},"id":"com.intellij.ide.util.TipDialog"}}
{"recorder_version":"21","session":"8b884013967c","build":"192.6262.58","bucket":"189","time":1574883624137,"group":{"id":"performance","version":"21"},"event":{"count":1,"data":{"duration_ms":352,"created":1574883624137},"id":"ui.lagging"}}
{"recorder_version":"21","session":"8b884013967c","build":"192.6262.58","bucket":"189","time":1574883625122,"group":{"id":"performance","version":"21"},"event":{"count":1,"data":{"duration_ms":335,"created":1574883625122},"id":"ui.lagging"}}
{"recorder_version":"21","session":"8b884013967c","build":"192.6262.58","bucket":"189","time":1574883625382,"group":{"id":"project.fs","version":"1"},"event":{"state":true,"data":{"os":"Mac","cs-project":false,"created":1574883625383,"project":"4452600da3b350ab41d92ae108c2baae6ff0ac3ddb31bd67020ee046ec77ac09","cs-implicit":true,"cs-system":false},"id":"case-sensitivity"}}
{"recorder_version":"21","session":"8b884013967c","build":"192.6262.58","bucket":"189","time":1574883625382,"group":{"id":"project.fs","version":"1"},"event":{"state":true,"data":{"created":1574883625384},"id":"invoked"}}
{"recorder_version":"21","session":"8b884013967c","build":"192.6262.58","bucket":"189","time":1574883625384,"group":{"id":"project.fs","version":"1"},"event":{"state":true,"data":{"pct-non-watched":0,"created":1574883625385,"project":"4452600da3b350ab41d92ae108c2baae6ff0ac3ddb31bd67020ee046ec77ac09"},"id":"roots-watched"}}
{"recorder_version":"21","session":"8b884013967c","build":"192.6262.58","bucket":"189","time":1574883625384,"group":{"id":"project.fs","version":"1"},"event":{"state":true,"data":{"created":1574883625385},"id":"invoked"}}
{"recorder_version":"21","session":"8b884013967c","build":"192.6262.58","bucket":"189","time":1574883625584,"group":{"id":"ui.dialogs","version":"21"},"event":{"count":1,"data":{"code":1,"created":1574883625585,"plugin_type":"PLATFORM","type":"close"},"id":"com.intellij.openapi.progress.util.ProgressDialog$MyDialogWrapper"}}
{"recorder_version":"21","session":"8b884013967c","build":"192.6262.58","bucket":"189","time":1574883625738,"group":{"id":"ui.dialogs","version":"21"},"event":{"count":1,"data":{"code":1,"created":1574883625739,"plugin_type":"PLATFORM","type":"close"},"id":"com.intellij.ide.util.TipDialog"}}
{"recorder_version":"21","session":"8b884013967c","build":"192.6262.58","bucket":"189","time":1574883625879,"group":{"id":"lifecycle","version":"21"},"event":{"count":1,"data":{"duration_ms":6776,"created":1574883625879,"project":"4452600da3b350ab41d92ae108c2baae6ff0ac3ddb31bd67020ee046ec77ac09"},"id":"project.opening.finished"}}
{"recorder_version":"21","session":"8b884013967c","build":"192.6262.58","bucket":"189","time":1574883626764,"group":{"id":"kotlin.jps.target","version":"1"},"event":{"count":2,"data":{"plugin_version":"validation.undefined_rule","last":1574883626764,"created":1574883626764},"id":"validation.undefined_rule"}}
{"recorder_version":"21","session":"8b884013967c","build":"192.6262.58","bucket":"189","time":1574883627740,"group":{"id":"vcs.change.reminder","version":"1"},"event":{"count":1,"data":{"created":1574883627740,"project":"4452600da3b350ab41d92ae108c2baae6ff0ac3ddb31bd67020ee046ec77ac09","execution_time":352},"id":"prediction.calculated"}}
{"recorder_version":"21","session":"8b884013967c","build":"192.6262.58","bucket":"189","time":1574883628673,"group":{"id":"file.types.usage","version":"21"},"event":{"count":1,"data":{"plugin":"com.intellij.java","created":1574883628673,"plugin_type":"JB_BUNDLED","project":"4452600da3b350ab41d92ae108c2baae6ff0ac3ddb31bd67020ee046ec77ac09","type":"edit"},"id":"JAVA"}}
{"recorder_version":"21","session":"8b884013967c","build":"192.6262.58","bucket":"189","time":1574883635057,"group":{"id":"lifecycle","version":"21"},"event":{"count":2,"data":{"last":1574883636649,"created":1574883635057,"plugin_type":"NOT_LISTED","error":"java.lang.NullPointerException"},"id":"ide.error"}}
{"recorder_version":"21","session":"8b884013967c","build":"192.6262.58","bucket":"189","time":1574883637858,"group":{"id":"lifecycle","version":"21"},"event":{"count":1,"data":{"created":1574883637858,"project":"4452600da3b350ab41d92ae108c2baae6ff0ac3ddb31bd67020ee046ec77ac09"},"id":"frame.deactivated"}}
{"recorder_version":"21","session":"8b884013967c","build":"192.6262.58","bucket":"189","time":1574883668938,"group":{"id":"lifecycle","version":"21"},"event":{"count":1,"data":{"created":1574883668938,"project":"4452600da3b350ab41d92ae108c2baae6ff0ac3ddb31bd67020ee046ec77ac09"},"id":"frame.activated"}}
{"recorder_version":"21","session":"8b884013967c","build":"192.6262.58","bucket":"189","time":1574883670216,"group":{"id":"lifecycle","version":"21"},"event":{"count":4,"data":{"last":1574883672006,"created":1574883670216,"plugin_type":"NOT_LISTED","error":"java.lang.NullPointerException"},"id":"ide.error"}}
{"recorder_version":"21","session":"8b884013967c","build":"192.6262.58","bucket":"189","time":1574883672910,"group":{"id":"actions","version":"21"},"event":{"count":1,"data":{"context_menu":false,"current_file":"JAVA","created":1574883672910,"plugin_type":"PLATFORM","project":"4452600da3b350ab41d92ae108c2baae6ff0ac3ddb31bd67020ee046ec77ac09","place":"keyboard_shortcut","class":"com.intellij.openapi.editor.actions.EscapeAction","input_event":"Escape"},"id":"EditorEscape"}}
{"recorder_version":"21","session":"8b884013967c","build":"192.6262.58","bucket":"189","time":1574883674476,"group":{"id":"toolwindow","version":"21"},"event":{"count":1,"data":{"os":"Mac","created":1574883674476,"plugin_type":"NOT_LISTED"},"id":"third.party"}}
{"recorder_version":"21","session":"8b884013967c","build":"192.6262.58","bucket":"189","time":1574883678929,"group":{"id":"lifecycle","version":"21"},"event":{"count":1,"data":{"created":1574883678930,"project":"4452600da3b350ab41d92ae108c2baae6ff0ac3ddb31bd67020ee046ec77ac09"},"id":"frame.deactivated"}}
{"recorder_version":"21","session":"8b884013967c","build":"192.6262.58","bucket":"189","time":1574883685778,"group":{"id":"lifecycle","version":"21"},"event":{"count":1,"data":{"created":1574883685778,"project":"4452600da3b350ab41d92ae108c2baae6ff0ac3ddb31bd67020ee046ec77ac09"},"id":"frame.activated"}}
{"recorder_version":"21","session":"8b884013967c","build":"192.6262.58","bucket":"189","time":1574883689854,"group":{"id":"lifecycle","version":"21"},"event":{"count":1,"data":{"created":1574883689854,"project":"4452600da3b350ab41d92ae108c2baae6ff0ac3ddb31bd67020ee046ec77ac09"},"id":"frame.deactivated"}}
{"recorder_version":"21","session":"8b884013967c","build":"192.6262.58","bucket":"189","time":1574883694445,"group":{"id":"lifecycle","version":"21"},"event":{"count":1,"data":{"created":1574883694445,"project":"4452600da3b350ab41d92ae108c2baae6ff0ac3ddb31bd67020ee046ec77ac09"},"id":"frame.activated"}}
{"recorder_version":"21","session":"8b884013967c","build":"192.6262.58","bucket":"189","time":1574883697466,"group":{"id":"lifecycle","version":"21"},"event":{"count":1,"data":{"created":1574883697467,"project":"4452600da3b350ab41d92ae108c2baae6ff0ac3ddb31bd67020ee046ec77ac09"},"id":"frame.deactivated"}}
{"recorder_version":"21","session":"8b884013967c","build":"192.6262.58","bucket":"189","time":1574883705983,"group":{"id":"lifecycle","version":"21"},"event":{"count":1,"data":{"created":1574883705983,"project":"4452600da3b350ab41d92ae108c2baae6ff0ac3ddb31bd67020ee046ec77ac09"},"id":"frame.activated"}}
{"recorder_version":"21","session":"8b884013967c","build":"192.6262.58","bucket":"189","time":1574883707955,"group":{"id":"file.types.usage","version":"21"},"event":{"count":1,"data":{"plugin":"com.intellij.java","created":1574883707955,"plugin_type":"JB_BUNDLED","project":"4452600da3b350ab41d92ae108c2baae6ff0ac3ddb31bd67020ee046ec77ac09","type":"edit"},"id":"JAVA"}}
{"recorder_version":"21","session":"8b884013967c","build":"192.6262.58","bucket":"189","time":1574883709605,"group":{"id":"lifecycle","version":"21"},"event":{"count":1,"data":{"created":1574883709605,"project":"4452600da3b350ab41d92ae108c2baae6ff0ac3ddb31bd67020ee046ec77ac09"},"id":"frame.deactivated"}}
{"recorder_version":"21","session":"8b884013967c","build":"192.6262.58","bucket":"189","time":1574883719018,"group":{"id":"performance","version":"21"},"event":{"count":1,"data":{"duration_ms":0,"created":1574883719018},"id":"ui.latency"}}
{"recorder_version":"21","session":"8b884013967c","build":"192.6262.58","bucket":"189","time":1574883761878,"group":{"id":"lifecycle","version":"21"},"event":{"count":1,"data":{"created":1574883761878,"project":"4452600da3b350ab41d92ae108c2baae6ff0ac3ddb31bd67020ee046ec77ac09"},"id":"frame.activated"}}
{"recorder_version":"21","session":"8b884013967c","build":"192.6262.58","bucket":"189","time":1574883763695,"group":{"id":"lifecycle","version":"21"},"event":{"count":1,"data":{"restart":false,"created":1574883763695},"id":"ide.close"}}
{"recorder_version":"21","session":"8b884013967c","build":"192.6262.58","bucket":"189","time":1574883763700,"group":{"id":"lifecycle","version":"21"},"event":{"count":1,"data":{"created":1574883763700,"project":"4452600da3b350ab41d92ae108c2baae6ff0ac3ddb31bd67020ee046ec77ac09"},"id":"frame.deactivated"}}
{"recorder_version":"21","session":"8b884013967c","build":"192.6262.58","bucket":"189","time":1574883763703,"group":{"id":"lifecycle","version":"21"},"event":{"count":1,"data":{"created":1574883763703,"project":"4452600da3b350ab41d92ae108c2baae6ff0ac3ddb31bd67020ee046ec77ac09"},"id":"frame.activated"}}
{"recorder_version":"21","session":"8b884013967c","build":"192.6262.58","bucket":"189","time":1574883763794,"group":{"id":"lifecycle","version":"21"},"event":{"count":1,"data":{"created":1574883763794,"project":"4452600da3b350ab41d92ae108c2baae6ff0ac3ddb31bd67020ee046ec77ac09"},"id":"project.closed"}}
