{"recorder_version":"21","session":"f519e5f049f4","build":"192.6262.58","bucket":"189","time":1574790977964,"group":{"id":"settings","version":"4"},"event":{"state":true,"data":{"component":"NotRoamableUiSettings","created":1574790978148},"id":"invoked"}}
{"recorder_version":"21","session":"f519e5f049f4","build":"192.6262.58","bucket":"189","time":1574790977966,"group":{"id":"system.java","version":"1"},"event":{"state":true,"data":{"created":1574790978156,"version":"1.11"},"id":"JetBrains"}}
{"recorder_version":"21","session":"f519e5f049f4","build":"192.6262.58","bucket":"189","time":1574790977966,"group":{"id":"system.java","version":"1"},"event":{"state":true,"data":{"created":1574790978164},"id":"invoked"}}
{"recorder_version":"21","session":"f519e5f049f4","build":"192.6262.58","bucket":"189","time":1574790977967,"group":{"id":"settings","version":"4"},"event":{"state":true,"data":{"component":"UISettings","created":1574790978165},"id":"invoked"}}
{"recorder_version":"21","session":"f519e5f049f4","build":"192.6262.58","bucket":"189","time":1574790977989,"group":{"id":"system.os","version":"3"},"event":{"state":true,"data":{"created":1574790978165,"version":"10.14"},"id":"Mac"}}
{"recorder_version":"21","session":"f519e5f049f4","build":"192.6262.58","bucket":"189","time":1574790977989,"group":{"id":"system.os","version":"3"},"event":{"state":true,"data":{"created":1574790978166,"name":"Mac","version":"10.14"},"id":"os.name"}}
{"recorder_version":"21","session":"f519e5f049f4","build":"192.6262.58","bucket":"189","time":1574790977989,"group":{"id":"system.os","version":"3"},"event":{"state":true,"data":{"created":1574790978167,"value":"+09_00"},"id":"os.timezone"}}
{"recorder_version":"21","session":"f519e5f049f4","build":"192.6262.58","bucket":"189","time":1574790977989,"group":{"id":"system.os","version":"3"},"event":{"state":true,"data":{"created":1574790978168},"id":"invoked"}}
{"recorder_version":"21","session":"f519e5f049f4","build":"192.6262.58","bucket":"189","time":1574790978148,"group":{"id":"event.log","version":"21"},"event":{"count":1,"data":{"created":1574790978169,"version":"925.0"},"id":"whitelist.loaded"}}
{"recorder_version":"21","session":"f519e5f049f4","build":"192.6262.58","bucket":"189","time":1574790980192,"group":{"id":"settings","version":"4"},"event":{"state":true,"data":{"component":"UpdatesConfigurable","created":1574790980193,"name":"checkNeeded","type":"bool","value":false},"id":"not.default"}}
{"recorder_version":"21","session":"f519e5f049f4","build":"192.6262.58","bucket":"189","time":1574790980192,"group":{"id":"settings","version":"4"},"event":{"state":true,"data":{"component":"UpdatesConfigurable","created":1574790980194},"id":"invoked"}}
{"recorder_version":"21","session":"f519e5f049f4","build":"192.6262.58","bucket":"189","time":1574790980316,"group":{"id":"settings","version":"4"},"event":{"state":true,"data":{"component":"GeneralSettings","created":1574790980317,"name":"confirmExit","type":"bool","value":false},"id":"not.default"}}
{"recorder_version":"21","session":"f519e5f049f4","build":"192.6262.58","bucket":"189","time":1574790980316,"group":{"id":"settings","version":"4"},"event":{"state":true,"data":{"component":"GeneralSettings","created":1574790980318,"name":"showTipsOnStartup","type":"bool","value":false},"id":"not.default"}}
{"recorder_version":"21","session":"f519e5f049f4","build":"192.6262.58","bucket":"189","time":1574790980316,"group":{"id":"settings","version":"4"},"event":{"state":true,"data":{"component":"GeneralSettings","created":1574790980320},"id":"invoked"}}
{"recorder_version":"21","session":"f519e5f049f4","build":"192.6262.58","bucket":"189","time":1574790980331,"group":{"id":"lifecycle","version":"21"},"event":{"count":1,"data":{"internal":true,"eap":false,"created":1574790980331},"id":"ide.start"}}
{"recorder_version":"21","session":"f519e5f049f4","build":"192.6262.58","bucket":"189","time":1574790980632,"group":{"id":"lifecycle","version":"21"},"event":{"count":1,"data":{"created":1574790980632},"id":"frame.activated"}}
{"recorder_version":"21","session":"f519e5f049f4","build":"192.6262.58","bucket":"189","time":1574790980859,"group":{"id":"performance","version":"21"},"event":{"count":1,"data":{"duration_ms":1,"created":1574790980859},"id":"ui.latency"}}
{"recorder_version":"21","session":"f519e5f049f4","build":"192.6262.58","bucket":"189","time":1574790981153,"group":{"id":"ui.dialogs","version":"21"},"event":{"count":1,"data":{"created":1574790981154,"plugin_type":"PLATFORM","type":"show"},"id":"com.intellij.openapi.progress.util.ProgressDialog$MyDialogWrapper"}}
{"recorder_version":"21","session":"f519e5f049f4","build":"192.6262.58","bucket":"189","time":1574790982308,"group":{"id":"lifecycle","version":"21"},"event":{"count":1,"data":{"created":1574790982309,"project":"92ddc83aceaa9edad1485397ccc1680a8fd16623aa2c155379eac4aafdb2a559"},"id":"project.opened"}}
{"recorder_version":"21","session":"f519e5f049f4","build":"192.6262.58","bucket":"189","time":1574790982984,"group":{"id":"performance","version":"21"},"event":{"count":1,"data":{"duration_ms":123,"created":1574790982985},"id":"ui.lagging"}}
{"recorder_version":"21","session":"f519e5f049f4","build":"192.6262.58","bucket":"189","time":1574790983957,"group":{"id":"settings","version":"4"},"event":{"state":true,"data":{"component":"XmlEditorOptions","created":1574790983958},"id":"invoked"}}
{"recorder_version":"21","session":"f519e5f049f4","build":"192.6262.58","bucket":"189","time":1574790984027,"group":{"id":"performance","version":"21"},"event":{"count":1,"data":{"duration_ms":156,"created":1574790984027},"id":"ui.lagging"}}
{"recorder_version":"21","session":"f519e5f049f4","build":"192.6262.58","bucket":"189","time":1574790984227,"group":{"id":"toolwindow","version":"21"},"event":{"count":1,"data":{"os":"Mac","created":1574790984227,"plugin_type":"PLATFORM"},"id":"Project"}}
{"recorder_version":"21","session":"f519e5f049f4","build":"192.6262.58","bucket":"189","time":1574790986292,"group":{"id":"project.fs","version":"1"},"event":{"state":true,"data":{"os":"Mac","cs-project":false,"created":1574790986292,"project":"92ddc83aceaa9edad1485397ccc1680a8fd16623aa2c155379eac4aafdb2a559","cs-implicit":true,"cs-system":false},"id":"case-sensitivity"}}
{"recorder_version":"21","session":"f519e5f049f4","build":"192.6262.58","bucket":"189","time":1574790986292,"group":{"id":"project.fs","version":"1"},"event":{"state":true,"data":{"created":1574790986293},"id":"invoked"}}
{"recorder_version":"21","session":"f519e5f049f4","build":"192.6262.58","bucket":"189","time":1574790986293,"group":{"id":"project.fs","version":"1"},"event":{"state":true,"data":{"pct-non-watched":0,"created":1574790986293,"project":"92ddc83aceaa9edad1485397ccc1680a8fd16623aa2c155379eac4aafdb2a559"},"id":"roots-watched"}}
{"recorder_version":"21","session":"f519e5f049f4","build":"192.6262.58","bucket":"189","time":1574790986293,"group":{"id":"project.fs","version":"1"},"event":{"state":true,"data":{"created":1574790986293},"id":"invoked"}}
{"recorder_version":"21","session":"f519e5f049f4","build":"192.6262.58","bucket":"189","time":1574790986379,"group":{"id":"ui.dialogs","version":"21"},"event":{"count":1,"data":{"code":1,"created":1574790986380,"plugin_type":"PLATFORM","type":"close"},"id":"com.intellij.openapi.progress.util.ProgressDialog$MyDialogWrapper"}}
{"recorder_version":"21","session":"f519e5f049f4","build":"192.6262.58","bucket":"189","time":1574790986525,"group":{"id":"lifecycle","version":"21"},"event":{"count":1,"data":{"duration_ms":5636,"created":1574790986525,"project":"92ddc83aceaa9edad1485397ccc1680a8fd16623aa2c155379eac4aafdb2a559"},"id":"project.opening.finished"}}
{"recorder_version":"21","session":"f519e5f049f4","build":"192.6262.58","bucket":"189","time":1574790988118,"group":{"id":"kotlin.jps.target","version":"1"},"event":{"count":1,"data":{"plugin_version":"1.3.41-release-IJ2019.2-1","created":1574790988119},"id":"jvm"}}
{"recorder_version":"21","session":"f519e5f049f4","build":"192.6262.58","bucket":"189","time":1574790988638,"group":{"id":"file.types.usage","version":"21"},"event":{"count":1,"data":{"created":1574790988638,"plugin_type":"PLATFORM","project":"92ddc83aceaa9edad1485397ccc1680a8fd16623aa2c155379eac4aafdb2a559","type":"edit"},"id":"IDEA_MODULE"}}
{"recorder_version":"21","session":"f519e5f049f4","build":"192.6262.58","bucket":"189","time":1574790995529,"group":{"id":"actions","version":"21"},"event":{"count":6,"data":{"context_menu":false,"last":1574791007156,"current_file":"TEXT","created":1574790995529,"plugin_type":"PLATFORM","project":"92ddc83aceaa9edad1485397ccc1680a8fd16623aa2c155379eac4aafdb2a559","place":"keyboard_shortcut","class":"com.intellij.openapi.editor.actions.BackspaceAction","input_event":"Backspace"},"id":"EditorBackSpace"}}
{"recorder_version":"21","session":"f519e5f049f4","build":"192.6262.58","bucket":"189","time":1574791009866,"group":{"id":"lifecycle","version":"21"},"event":{"count":1,"data":{"created":1574791009866,"project":"92ddc83aceaa9edad1485397ccc1680a8fd16623aa2c155379eac4aafdb2a559"},"id":"frame.deactivated"}}
{"recorder_version":"21","session":"f519e5f049f4","build":"192.6262.58","bucket":"189","time":1574791011964,"group":{"id":"lifecycle","version":"21"},"event":{"count":1,"data":{"created":1574791011965,"project":"92ddc83aceaa9edad1485397ccc1680a8fd16623aa2c155379eac4aafdb2a559"},"id":"frame.activated"}}
{"recorder_version":"21","session":"f519e5f049f4","build":"192.6262.58","bucket":"189","time":1574791012590,"group":{"id":"lifecycle","version":"21"},"event":{"count":1,"data":{"restart":false,"created":1574791012590},"id":"ide.close"}}
{"recorder_version":"21","session":"f519e5f049f4","build":"192.6262.58","bucket":"189","time":1574791012662,"group":{"id":"lifecycle","version":"21"},"event":{"count":1,"data":{"created":1574791012662,"project":"92ddc83aceaa9edad1485397ccc1680a8fd16623aa2c155379eac4aafdb2a559"},"id":"project.closed"}}
