{"recorder_version":"21","session":"dc2376303cc7","build":"192.6262.58","bucket":"189","time":1574438318657,"group":{"id":"settings","version":"4"},"event":{"state":true,"data":{"component":"NotRoamableUiSettings","created":1574438318825},"id":"invoked"}}
{"recorder_version":"21","session":"dc2376303cc7","build":"192.6262.58","bucket":"189","time":1574438318659,"group":{"id":"settings","version":"4"},"event":{"state":true,"data":{"component":"UISettings","created":1574438318826},"id":"invoked"}}
{"recorder_version":"21","session":"dc2376303cc7","build":"192.6262.58","bucket":"189","time":1574438318660,"group":{"id":"system.java","version":"1"},"event":{"state":true,"data":{"created":1574438318835,"version":"1.11"},"id":"JetBrains"}}
{"recorder_version":"21","session":"dc2376303cc7","build":"192.6262.58","bucket":"189","time":1574438318660,"group":{"id":"system.java","version":"1"},"event":{"state":true,"data":{"created":1574438318835},"id":"invoked"}}
{"recorder_version":"21","session":"dc2376303cc7","build":"192.6262.58","bucket":"189","time":1574438318682,"group":{"id":"system.os","version":"3"},"event":{"state":true,"data":{"created":1574438318836,"version":"10.14"},"id":"Mac"}}
{"recorder_version":"21","session":"dc2376303cc7","build":"192.6262.58","bucket":"189","time":1574438318682,"group":{"id":"system.os","version":"3"},"event":{"state":true,"data":{"created":1574438318837,"name":"Mac","version":"10.14"},"id":"os.name"}}
{"recorder_version":"21","session":"dc2376303cc7","build":"192.6262.58","bucket":"189","time":1574438318682,"group":{"id":"system.os","version":"3"},"event":{"state":true,"data":{"created":1574438318838,"value":"+09_00"},"id":"os.timezone"}}
{"recorder_version":"21","session":"dc2376303cc7","build":"192.6262.58","bucket":"189","time":1574438318682,"group":{"id":"system.os","version":"3"},"event":{"state":true,"data":{"created":1574438318839},"id":"invoked"}}
{"recorder_version":"21","session":"dc2376303cc7","build":"192.6262.58","bucket":"189","time":1574438318824,"group":{"id":"event.log","version":"21"},"event":{"count":1,"data":{"created":1574438318841,"version":"916.0"},"id":"whitelist.loaded"}}
{"recorder_version":"21","session":"dc2376303cc7","build":"192.6262.58","bucket":"189","time":1574438320919,"group":{"id":"settings","version":"4"},"event":{"state":true,"data":{"component":"UpdatesConfigurable","created":1574438320919,"name":"checkNeeded","type":"bool","value":false},"id":"not.default"}}
{"recorder_version":"21","session":"dc2376303cc7","build":"192.6262.58","bucket":"189","time":1574438320919,"group":{"id":"settings","version":"4"},"event":{"state":true,"data":{"component":"UpdatesConfigurable","created":1574438320920},"id":"invoked"}}
{"recorder_version":"21","session":"dc2376303cc7","build":"192.6262.58","bucket":"189","time":1574438321076,"group":{"id":"settings","version":"4"},"event":{"state":true,"data":{"component":"GeneralSettings","created":1574438321076,"name":"confirmExit","type":"bool","value":false},"id":"not.default"}}
{"recorder_version":"21","session":"dc2376303cc7","build":"192.6262.58","bucket":"189","time":1574438321076,"group":{"id":"settings","version":"4"},"event":{"state":true,"data":{"component":"GeneralSettings","created":1574438321077,"name":"showTipsOnStartup","type":"bool","value":false},"id":"not.default"}}
{"recorder_version":"21","session":"dc2376303cc7","build":"192.6262.58","bucket":"189","time":1574438321076,"group":{"id":"settings","version":"4"},"event":{"state":true,"data":{"component":"GeneralSettings","created":1574438321078},"id":"invoked"}}
{"recorder_version":"21","session":"dc2376303cc7","build":"192.6262.58","bucket":"189","time":1574438321081,"group":{"id":"lifecycle","version":"21"},"event":{"count":1,"data":{"internal":true,"eap":false,"created":1574438321082},"id":"ide.start"}}
{"recorder_version":"21","session":"dc2376303cc7","build":"192.6262.58","bucket":"189","time":1574438321450,"group":{"id":"lifecycle","version":"21"},"event":{"count":1,"data":{"created":1574438321450},"id":"frame.activated"}}
{"recorder_version":"21","session":"dc2376303cc7","build":"192.6262.58","bucket":"189","time":1574438321664,"group":{"id":"performance","version":"21"},"event":{"count":1,"data":{"duration_ms":52,"created":1574438321665},"id":"ui.latency"}}
{"recorder_version":"21","session":"dc2376303cc7","build":"192.6262.58","bucket":"189","time":1574438322015,"group":{"id":"ui.dialogs","version":"21"},"event":{"count":1,"data":{"created":1574438322016,"plugin_type":"PLATFORM","type":"show"},"id":"com.intellij.openapi.progress.util.ProgressDialog$MyDialogWrapper"}}
{"recorder_version":"21","session":"dc2376303cc7","build":"192.6262.58","bucket":"189","time":1574438323125,"group":{"id":"lifecycle","version":"21"},"event":{"count":1,"data":{"created":1574438323125,"project":"a0f12fb42952fc36a102045bdbb22ad1f15aa9443e9c675024683f4da70c8bc4"},"id":"project.opened"}}
{"recorder_version":"21","session":"dc2376303cc7","build":"192.6262.58","bucket":"189","time":1574438323824,"group":{"id":"performance","version":"21"},"event":{"count":1,"data":{"duration_ms":204,"created":1574438323824},"id":"ui.lagging"}}
{"recorder_version":"21","session":"dc2376303cc7","build":"192.6262.58","bucket":"189","time":1574438324807,"group":{"id":"settings","version":"4"},"event":{"state":true,"data":{"component":"XmlEditorOptions","created":1574438324808},"id":"invoked"}}
{"recorder_version":"21","session":"dc2376303cc7","build":"192.6262.58","bucket":"189","time":1574438324899,"group":{"id":"performance","version":"21"},"event":{"count":1,"data":{"duration_ms":278,"created":1574438324899},"id":"ui.lagging"}}
{"recorder_version":"21","session":"dc2376303cc7","build":"192.6262.58","bucket":"189","time":1574438325010,"group":{"id":"toolwindow","version":"21"},"event":{"count":1,"data":{"os":"Mac","created":1574438325010,"plugin_type":"PLATFORM"},"id":"Project"}}
{"recorder_version":"21","session":"dc2376303cc7","build":"192.6262.58","bucket":"189","time":1574438325901,"group":{"id":"performance","version":"21"},"event":{"count":1,"data":{"duration_ms":280,"created":1574438325902},"id":"ui.lagging"}}
{"recorder_version":"21","session":"dc2376303cc7","build":"192.6262.58","bucket":"189","time":1574438327374,"group":{"id":"project.fs","version":"1"},"event":{"state":true,"data":{"os":"Mac","cs-project":false,"created":1574438327374,"project":"a0f12fb42952fc36a102045bdbb22ad1f15aa9443e9c675024683f4da70c8bc4","cs-implicit":true,"cs-system":false},"id":"case-sensitivity"}}
{"recorder_version":"21","session":"dc2376303cc7","build":"192.6262.58","bucket":"189","time":1574438327374,"group":{"id":"project.fs","version":"1"},"event":{"state":true,"data":{"created":1574438327374},"id":"invoked"}}
{"recorder_version":"21","session":"dc2376303cc7","build":"192.6262.58","bucket":"189","time":1574438327375,"group":{"id":"project.fs","version":"1"},"event":{"state":true,"data":{"pct-non-watched":0,"created":1574438327375,"project":"a0f12fb42952fc36a102045bdbb22ad1f15aa9443e9c675024683f4da70c8bc4"},"id":"roots-watched"}}
{"recorder_version":"21","session":"dc2376303cc7","build":"192.6262.58","bucket":"189","time":1574438327375,"group":{"id":"project.fs","version":"1"},"event":{"state":true,"data":{"created":1574438327375},"id":"invoked"}}
{"recorder_version":"21","session":"dc2376303cc7","build":"192.6262.58","bucket":"189","time":1574438327399,"group":{"id":"ui.dialogs","version":"21"},"event":{"count":1,"data":{"code":1,"created":1574438327399,"plugin_type":"PLATFORM","type":"close"},"id":"com.intellij.openapi.progress.util.ProgressDialog$MyDialogWrapper"}}
{"recorder_version":"21","session":"dc2376303cc7","build":"192.6262.58","bucket":"189","time":1574438327630,"group":{"id":"lifecycle","version":"21"},"event":{"count":1,"data":{"duration_ms":5888,"created":1574438327631,"project":"a0f12fb42952fc36a102045bdbb22ad1f15aa9443e9c675024683f4da70c8bc4"},"id":"project.opening.finished"}}
{"recorder_version":"21","session":"dc2376303cc7","build":"192.6262.58","bucket":"189","time":1574438328487,"group":{"id":"kotlin.jps.target","version":"1"},"event":{"count":1,"data":{"plugin_version":"1.3.41-release-IJ2019.2-1","created":1574438328487},"id":"jvm"}}
{"recorder_version":"21","session":"dc2376303cc7","build":"192.6262.58","bucket":"189","time":1574438338174,"group":{"id":"file.types.usage","version":"21"},"event":{"count":1,"data":{"plugin":"com.intellij.java","created":1574438338175,"plugin_type":"JB_BUNDLED","project":"a0f12fb42952fc36a102045bdbb22ad1f15aa9443e9c675024683f4da70c8bc4","type":"edit"},"id":"JAVA"}}
{"recorder_version":"21","session":"dc2376303cc7","build":"192.6262.58","bucket":"189","time":1574438340872,"group":{"id":"actions","version":"21"},"event":{"count":2,"data":{"context_menu":false,"last":1574438341709,"created":1574438340873,"plugin_type":"PLATFORM","project":"a0f12fb42952fc36a102045bdbb22ad1f15aa9443e9c675024683f4da70c8bc4","place":"keyboard_shortcut","class":"com.intellij.openapi.editor.actions.BackspaceAction","input_event":"Backspace"},"id":"EditorBackSpace"}}
{"recorder_version":"21","session":"dc2376303cc7","build":"192.6262.58","bucket":"189","time":1574438346580,"group":{"id":"lifecycle","version":"21"},"event":{"count":1,"data":{"restart":false,"created":1574438346586},"id":"ide.close"}}
{"recorder_version":"21","session":"dc2376303cc7","build":"192.6262.58","bucket":"189","time":1574438346891,"group":{"id":"performance","version":"21"},"event":{"count":1,"data":{"duration_ms":219,"created":1574438346891},"id":"ui.lagging"}}
{"recorder_version":"21","session":"dc2376303cc7","build":"192.6262.58","bucket":"189","time":1574438347033,"group":{"id":"lifecycle","version":"21"},"event":{"count":1,"data":{"created":1574438347033,"project":"a0f12fb42952fc36a102045bdbb22ad1f15aa9443e9c675024683f4da70c8bc4"},"id":"project.closed"}}
