{"recorder_version":"21","session":"361057389026","build":"192.6262.58","bucket":"189","time":1574783585413,"group":{"id":"settings","version":"4"},"event":{"state":true,"data":{"component":"NotRoamableUiSettings","created":1574783585575},"id":"invoked"}}
{"recorder_version":"21","session":"361057389026","build":"192.6262.58","bucket":"189","time":1574783585415,"group":{"id":"settings","version":"4"},"event":{"state":true,"data":{"component":"UISettings","created":1574783585577},"id":"invoked"}}
{"recorder_version":"21","session":"361057389026","build":"192.6262.58","bucket":"189","time":1574783585415,"group":{"id":"system.java","version":"1"},"event":{"state":true,"data":{"created":1574783585586,"version":"1.11"},"id":"JetBrains"}}
{"recorder_version":"21","session":"361057389026","build":"192.6262.58","bucket":"189","time":1574783585415,"group":{"id":"system.java","version":"1"},"event":{"state":true,"data":{"created":1574783585587},"id":"invoked"}}
{"recorder_version":"21","session":"361057389026","build":"192.6262.58","bucket":"189","time":1574783585437,"group":{"id":"system.os","version":"3"},"event":{"state":true,"data":{"created":1574783585587,"version":"10.14"},"id":"Mac"}}
{"recorder_version":"21","session":"361057389026","build":"192.6262.58","bucket":"189","time":1574783585437,"group":{"id":"system.os","version":"3"},"event":{"state":true,"data":{"created":1574783585588,"name":"Mac","version":"10.14"},"id":"os.name"}}
{"recorder_version":"21","session":"361057389026","build":"192.6262.58","bucket":"189","time":1574783585437,"group":{"id":"system.os","version":"3"},"event":{"state":true,"data":{"created":1574783585589,"value":"+09_00"},"id":"os.timezone"}}
{"recorder_version":"21","session":"361057389026","build":"192.6262.58","bucket":"189","time":1574783585437,"group":{"id":"system.os","version":"3"},"event":{"state":true,"data":{"created":1574783585590},"id":"invoked"}}
{"recorder_version":"21","session":"361057389026","build":"192.6262.58","bucket":"189","time":1574783585575,"group":{"id":"event.log","version":"21"},"event":{"count":1,"data":{"created":1574783585591,"version":"925.0"},"id":"whitelist.loaded"}}
{"recorder_version":"21","session":"361057389026","build":"192.6262.58","bucket":"189","time":1574783587841,"group":{"id":"settings","version":"4"},"event":{"state":true,"data":{"component":"UpdatesConfigurable","created":1574783587841,"name":"checkNeeded","type":"bool","value":false},"id":"not.default"}}
{"recorder_version":"21","session":"361057389026","build":"192.6262.58","bucket":"189","time":1574783587841,"group":{"id":"settings","version":"4"},"event":{"state":true,"data":{"component":"UpdatesConfigurable","created":1574783587843},"id":"invoked"}}
{"recorder_version":"21","session":"361057389026","build":"192.6262.58","bucket":"189","time":1574783588390,"group":{"id":"lifecycle","version":"21"},"event":{"count":1,"data":{"internal":true,"eap":false,"created":1574783588390},"id":"ide.start"}}
{"recorder_version":"21","session":"361057389026","build":"192.6262.58","bucket":"189","time":1574783588391,"group":{"id":"settings","version":"4"},"event":{"state":true,"data":{"component":"GeneralSettings","created":1574783588392,"name":"confirmExit","type":"bool","value":false},"id":"not.default"}}
{"recorder_version":"21","session":"361057389026","build":"192.6262.58","bucket":"189","time":1574783588391,"group":{"id":"settings","version":"4"},"event":{"state":true,"data":{"component":"GeneralSettings","created":1574783588393,"name":"showTipsOnStartup","type":"bool","value":false},"id":"not.default"}}
{"recorder_version":"21","session":"361057389026","build":"192.6262.58","bucket":"189","time":1574783588391,"group":{"id":"settings","version":"4"},"event":{"state":true,"data":{"component":"GeneralSettings","created":1574783588394},"id":"invoked"}}
{"recorder_version":"21","session":"361057389026","build":"192.6262.58","bucket":"189","time":1574783588534,"group":{"id":"performance","version":"21"},"event":{"count":1,"data":{"duration_ms":39,"created":1574783588535},"id":"ui.latency"}}
{"recorder_version":"21","session":"361057389026","build":"192.6262.58","bucket":"189","time":1574783588994,"group":{"id":"settings","version":"4"},"event":{"state":true,"data":{"component":"XmlEditorOptions","created":1574783588995},"id":"invoked"}}
{"recorder_version":"21","session":"361057389026","build":"192.6262.58","bucket":"189","time":1574783589647,"group":{"id":"performance","version":"21"},"event":{"count":1,"data":{"duration_ms":151,"created":1574783589647},"id":"ui.lagging"}}
{"recorder_version":"21","session":"361057389026","build":"192.6262.58","bucket":"189","time":1574783590553,"group":{"id":"ui.dialogs","version":"21"},"event":{"count":1,"data":{"created":1574783590553,"plugin_type":"PLATFORM","type":"show"},"id":"com.intellij.openapi.progress.util.ProgressDialog$MyDialogWrapper"}}
{"recorder_version":"21","session":"361057389026","build":"192.6262.58","bucket":"189","time":1574783591401,"group":{"id":"lifecycle","version":"21"},"event":{"count":1,"data":{"created":1574783591402,"project":"92ddc83aceaa9edad1485397ccc1680a8fd16623aa2c155379eac4aafdb2a559"},"id":"project.opened"}}
{"recorder_version":"21","session":"361057389026","build":"192.6262.58","bucket":"189","time":1574783591969,"group":{"id":"performance","version":"21"},"event":{"count":1,"data":{"duration_ms":468,"created":1574783591969},"id":"ui.lagging"}}
{"recorder_version":"21","session":"361057389026","build":"192.6262.58","bucket":"189","time":1574783593040,"group":{"id":"performance","version":"21"},"event":{"count":1,"data":{"duration_ms":537,"created":1574783593040},"id":"ui.lagging"}}
{"recorder_version":"21","session":"361057389026","build":"192.6262.58","bucket":"189","time":1574783593104,"group":{"id":"toolwindow","version":"21"},"event":{"count":1,"data":{"os":"Mac","created":1574783593104,"plugin_type":"PLATFORM"},"id":"Project"}}
{"recorder_version":"21","session":"361057389026","build":"192.6262.58","bucket":"189","time":1574783594729,"group":{"id":"kotlin.jps.target","version":"1"},"event":{"count":1,"data":{"plugin_version":"1.3.41-release-IJ2019.2-1","created":1574783594729},"id":"jvm"}}
{"recorder_version":"21","session":"361057389026","build":"192.6262.58","bucket":"189","time":1574783594782,"group":{"id":"project.fs","version":"1"},"event":{"state":true,"data":{"os":"Mac","cs-project":false,"created":1574783594782,"project":"92ddc83aceaa9edad1485397ccc1680a8fd16623aa2c155379eac4aafdb2a559","cs-implicit":true,"cs-system":false},"id":"case-sensitivity"}}
{"recorder_version":"21","session":"361057389026","build":"192.6262.58","bucket":"189","time":1574783594782,"group":{"id":"project.fs","version":"1"},"event":{"state":true,"data":{"created":1574783594783},"id":"invoked"}}
{"recorder_version":"21","session":"361057389026","build":"192.6262.58","bucket":"189","time":1574783594783,"group":{"id":"project.fs","version":"1"},"event":{"state":true,"data":{"pct-non-watched":0,"created":1574783594783,"project":"92ddc83aceaa9edad1485397ccc1680a8fd16623aa2c155379eac4aafdb2a559"},"id":"roots-watched"}}
{"recorder_version":"21","session":"361057389026","build":"192.6262.58","bucket":"189","time":1574783594783,"group":{"id":"project.fs","version":"1"},"event":{"state":true,"data":{"created":1574783594783},"id":"invoked"}}
{"recorder_version":"21","session":"361057389026","build":"192.6262.58","bucket":"189","time":1574783594846,"group":{"id":"ui.dialogs","version":"21"},"event":{"count":1,"data":{"code":1,"created":1574783594846,"plugin_type":"PLATFORM","type":"close"},"id":"com.intellij.openapi.progress.util.ProgressDialog$MyDialogWrapper"}}
{"recorder_version":"21","session":"361057389026","build":"192.6262.58","bucket":"189","time":1574783594936,"group":{"id":"lifecycle","version":"21"},"event":{"count":1,"data":{"duration_ms":4674,"created":1574783594936,"project":"92ddc83aceaa9edad1485397ccc1680a8fd16623aa2c155379eac4aafdb2a559"},"id":"project.opening.finished"}}
{"recorder_version":"21","session":"361057389026","build":"192.6262.58","bucket":"189","time":1574783596955,"group":{"id":"file.types.usage","version":"21"},"event":{"count":1,"data":{"created":1574783596955,"plugin_type":"PLATFORM","project":"92ddc83aceaa9edad1485397ccc1680a8fd16623aa2c155379eac4aafdb2a559","type":"edit"},"id":"IDEA_MODULE"}}
{"recorder_version":"21","session":"361057389026","build":"192.6262.58","bucket":"189","time":1574783602272,"group":{"id":"actions","version":"21"},"event":{"count":6,"data":{"context_menu":false,"last":1574783603619,"current_file":"TEXT","created":1574783602272,"plugin_type":"PLATFORM","project":"92ddc83aceaa9edad1485397ccc1680a8fd16623aa2c155379eac4aafdb2a559","place":"keyboard_shortcut","class":"com.intellij.openapi.editor.actions.EnterAction","input_event":"Enter"},"id":"EditorEnter"}}
{"recorder_version":"21","session":"361057389026","build":"192.6262.58","bucket":"189","time":1574783612042,"group":{"id":"lifecycle","version":"21"},"event":{"count":1,"data":{"created":1574783612042,"project":"92ddc83aceaa9edad1485397ccc1680a8fd16623aa2c155379eac4aafdb2a559"},"id":"frame.deactivated"}}
{"recorder_version":"21","session":"361057389026","build":"192.6262.58","bucket":"189","time":1574783626492,"group":{"id":"lifecycle","version":"21"},"event":{"count":1,"data":{"created":1574783626492,"project":"92ddc83aceaa9edad1485397ccc1680a8fd16623aa2c155379eac4aafdb2a559"},"id":"frame.activated"}}
{"recorder_version":"21","session":"361057389026","build":"192.6262.58","bucket":"189","time":1574783627146,"group":{"id":"lifecycle","version":"21"},"event":{"count":1,"data":{"restart":false,"created":1574783627146},"id":"ide.close"}}
{"recorder_version":"21","session":"361057389026","build":"192.6262.58","bucket":"189","time":1574783627226,"group":{"id":"lifecycle","version":"21"},"event":{"count":1,"data":{"created":1574783627226,"project":"92ddc83aceaa9edad1485397ccc1680a8fd16623aa2c155379eac4aafdb2a559"},"id":"project.closed"}}
