{"recorder_version":"21","session":"a7095af9522f","build":"192.6262.58","bucket":"189","time":1574782693894,"group":{"id":"settings","version":"4"},"event":{"state":true,"data":{"component":"NotRoamableUiSettings","created":1574782694037},"id":"invoked"}}
{"recorder_version":"21","session":"a7095af9522f","build":"192.6262.58","bucket":"189","time":1574782693895,"group":{"id":"settings","version":"4"},"event":{"state":true,"data":{"component":"UISettings","created":1574782694039},"id":"invoked"}}
{"recorder_version":"21","session":"a7095af9522f","build":"192.6262.58","bucket":"189","time":1574782693895,"group":{"id":"system.java","version":"1"},"event":{"state":true,"data":{"created":1574782694047,"version":"1.11"},"id":"JetBrains"}}
{"recorder_version":"21","session":"a7095af9522f","build":"192.6262.58","bucket":"189","time":1574782693895,"group":{"id":"system.java","version":"1"},"event":{"state":true,"data":{"created":1574782694048},"id":"invoked"}}
{"recorder_version":"21","session":"a7095af9522f","build":"192.6262.58","bucket":"189","time":1574782693918,"group":{"id":"system.os","version":"3"},"event":{"state":true,"data":{"created":1574782694049,"version":"10.14"},"id":"Mac"}}
{"recorder_version":"21","session":"a7095af9522f","build":"192.6262.58","bucket":"189","time":1574782693918,"group":{"id":"system.os","version":"3"},"event":{"state":true,"data":{"created":1574782694050,"name":"Mac","version":"10.14"},"id":"os.name"}}
{"recorder_version":"21","session":"a7095af9522f","build":"192.6262.58","bucket":"189","time":1574782693918,"group":{"id":"system.os","version":"3"},"event":{"state":true,"data":{"created":1574782694051,"value":"+09_00"},"id":"os.timezone"}}
{"recorder_version":"21","session":"a7095af9522f","build":"192.6262.58","bucket":"189","time":1574782693918,"group":{"id":"system.os","version":"3"},"event":{"state":true,"data":{"created":1574782694052},"id":"invoked"}}
{"recorder_version":"21","session":"a7095af9522f","build":"192.6262.58","bucket":"189","time":1574782694036,"group":{"id":"event.log","version":"21"},"event":{"count":1,"data":{"created":1574782694053,"version":"925.0"},"id":"whitelist.loaded"}}
{"recorder_version":"21","session":"a7095af9522f","build":"192.6262.58","bucket":"189","time":1574782696247,"group":{"id":"settings","version":"4"},"event":{"state":true,"data":{"component":"UpdatesConfigurable","created":1574782696248,"name":"checkNeeded","type":"bool","value":false},"id":"not.default"}}
{"recorder_version":"21","session":"a7095af9522f","build":"192.6262.58","bucket":"189","time":1574782696247,"group":{"id":"settings","version":"4"},"event":{"state":true,"data":{"component":"UpdatesConfigurable","created":1574782696249},"id":"invoked"}}
{"recorder_version":"21","session":"a7095af9522f","build":"192.6262.58","bucket":"189","time":1574782696366,"group":{"id":"settings","version":"4"},"event":{"state":true,"data":{"component":"GeneralSettings","created":1574782696366,"name":"confirmExit","type":"bool","value":false},"id":"not.default"}}
{"recorder_version":"21","session":"a7095af9522f","build":"192.6262.58","bucket":"189","time":1574782696366,"group":{"id":"settings","version":"4"},"event":{"state":true,"data":{"component":"GeneralSettings","created":1574782696367,"name":"showTipsOnStartup","type":"bool","value":false},"id":"not.default"}}
{"recorder_version":"21","session":"a7095af9522f","build":"192.6262.58","bucket":"189","time":1574782696366,"group":{"id":"settings","version":"4"},"event":{"state":true,"data":{"component":"GeneralSettings","created":1574782696368},"id":"invoked"}}
{"recorder_version":"21","session":"a7095af9522f","build":"192.6262.58","bucket":"189","time":1574782696370,"group":{"id":"lifecycle","version":"21"},"event":{"count":1,"data":{"internal":true,"eap":false,"created":1574782696370},"id":"ide.start"}}
{"recorder_version":"21","session":"a7095af9522f","build":"192.6262.58","bucket":"189","time":1574782696646,"group":{"id":"lifecycle","version":"21"},"event":{"count":1,"data":{"created":1574782696646},"id":"frame.activated"}}
{"recorder_version":"21","session":"a7095af9522f","build":"192.6262.58","bucket":"189","time":1574782696910,"group":{"id":"performance","version":"21"},"event":{"count":1,"data":{"duration_ms":1,"created":1574782696910},"id":"ui.latency"}}
{"recorder_version":"21","session":"a7095af9522f","build":"192.6262.58","bucket":"189","time":1574782697110,"group":{"id":"ui.dialogs","version":"21"},"event":{"count":1,"data":{"created":1574782697110,"plugin_type":"PLATFORM","type":"show"},"id":"com.intellij.openapi.progress.util.ProgressDialog$MyDialogWrapper"}}
{"recorder_version":"21","session":"a7095af9522f","build":"192.6262.58","bucket":"189","time":1574782698036,"group":{"id":"lifecycle","version":"21"},"event":{"count":1,"data":{"created":1574782698036,"project":"92ddc83aceaa9edad1485397ccc1680a8fd16623aa2c155379eac4aafdb2a559"},"id":"project.opened"}}
{"recorder_version":"21","session":"a7095af9522f","build":"192.6262.58","bucket":"189","time":1574782699634,"group":{"id":"settings","version":"4"},"event":{"state":true,"data":{"component":"XmlEditorOptions","created":1574782699635},"id":"invoked"}}
{"recorder_version":"21","session":"a7095af9522f","build":"192.6262.58","bucket":"189","time":1574782699860,"group":{"id":"toolwindow","version":"21"},"event":{"count":1,"data":{"os":"Mac","created":1574782699860,"plugin_type":"PLATFORM"},"id":"Project"}}
{"recorder_version":"21","session":"a7095af9522f","build":"192.6262.58","bucket":"189","time":1574782700189,"group":{"id":"performance","version":"21"},"event":{"count":1,"data":{"duration_ms":271,"created":1574782700189},"id":"ui.lagging"}}
{"recorder_version":"21","session":"a7095af9522f","build":"192.6262.58","bucket":"189","time":1574782701804,"group":{"id":"kotlin.jps.target","version":"1"},"event":{"count":1,"data":{"plugin_version":"1.3.41-release-IJ2019.2-1","created":1574782701804},"id":"jvm"}}
{"recorder_version":"21","session":"a7095af9522f","build":"192.6262.58","bucket":"189","time":1574782701821,"group":{"id":"project.fs","version":"1"},"event":{"state":true,"data":{"os":"Mac","cs-project":false,"created":1574782701821,"project":"92ddc83aceaa9edad1485397ccc1680a8fd16623aa2c155379eac4aafdb2a559","cs-implicit":true,"cs-system":false},"id":"case-sensitivity"}}
{"recorder_version":"21","session":"a7095af9522f","build":"192.6262.58","bucket":"189","time":1574782701821,"group":{"id":"project.fs","version":"1"},"event":{"state":true,"data":{"created":1574782701822},"id":"invoked"}}
{"recorder_version":"21","session":"a7095af9522f","build":"192.6262.58","bucket":"189","time":1574782701822,"group":{"id":"project.fs","version":"1"},"event":{"state":true,"data":{"pct-non-watched":0,"created":1574782701822,"project":"92ddc83aceaa9edad1485397ccc1680a8fd16623aa2c155379eac4aafdb2a559"},"id":"roots-watched"}}
{"recorder_version":"21","session":"a7095af9522f","build":"192.6262.58","bucket":"189","time":1574782701822,"group":{"id":"project.fs","version":"1"},"event":{"state":true,"data":{"created":1574782701823},"id":"invoked"}}
{"recorder_version":"21","session":"a7095af9522f","build":"192.6262.58","bucket":"189","time":1574782701902,"group":{"id":"ui.dialogs","version":"21"},"event":{"count":1,"data":{"code":1,"created":1574782701902,"plugin_type":"PLATFORM","type":"close"},"id":"com.intellij.openapi.progress.util.ProgressDialog$MyDialogWrapper"}}
{"recorder_version":"21","session":"a7095af9522f","build":"192.6262.58","bucket":"189","time":1574782702031,"group":{"id":"lifecycle","version":"21"},"event":{"count":1,"data":{"duration_ms":5187,"created":1574782702031,"project":"92ddc83aceaa9edad1485397ccc1680a8fd16623aa2c155379eac4aafdb2a559"},"id":"project.opening.finished"}}
{"recorder_version":"21","session":"a7095af9522f","build":"192.6262.58","bucket":"189","time":1574782704413,"group":{"id":"file.types.usage","version":"21"},"event":{"count":1,"data":{"created":1574782704413,"plugin_type":"PLATFORM","project":"92ddc83aceaa9edad1485397ccc1680a8fd16623aa2c155379eac4aafdb2a559","type":"edit"},"id":"IDEA_MODULE"}}
{"recorder_version":"21","session":"a7095af9522f","build":"192.6262.58","bucket":"189","time":1574782705954,"group":{"id":"actions","version":"21"},"event":{"count":2,"data":{"context_menu":false,"last":1574782706540,"current_file":"TEXT","created":1574782705954,"plugin_type":"PLATFORM","project":"92ddc83aceaa9edad1485397ccc1680a8fd16623aa2c155379eac4aafdb2a559","place":"keyboard_shortcut","class":"com.intellij.openapi.editor.actions.EnterAction","input_event":"Enter"},"id":"EditorEnter"}}
{"recorder_version":"21","session":"a7095af9522f","build":"192.6262.58","bucket":"189","time":1574782752073,"group":{"id":"lifecycle","version":"21"},"event":{"count":1,"data":{"created":1574782752073,"project":"92ddc83aceaa9edad1485397ccc1680a8fd16623aa2c155379eac4aafdb2a559"},"id":"frame.deactivated"}}
{"recorder_version":"21","session":"a7095af9522f","build":"192.6262.58","bucket":"189","time":1574782797193,"group":{"id":"performance","version":"21"},"event":{"count":1,"data":{"duration_ms":0,"created":1574782797193},"id":"ui.latency"}}
{"recorder_version":"21","session":"a7095af9522f","build":"192.6262.58","bucket":"189","time":1574782897509,"group":{"id":"performance","version":"21"},"event":{"count":1,"data":{"duration_ms":0,"created":1574782897510},"id":"ui.latency"}}
{"recorder_version":"21","session":"a7095af9522f","build":"192.6262.58","bucket":"189","time":1574782996358,"group":{"id":"build.tools.actions","version":"1"},"event":{"count":1,"data":{"created":1574782996358},"id":"registered"}}
{"recorder_version":"21","session":"a7095af9522f","build":"192.6262.58","bucket":"189","time":1574782996358,"group":{"id":"file.types.usage","version":"21"},"event":{"count":1,"data":{"created":1574782996359},"id":"registered"}}
{"recorder_version":"21","session":"a7095af9522f","build":"192.6262.58","bucket":"189","time":1574782996358,"group":{"id":"ide.script.engine","version":"1"},"event":{"count":1,"data":{"created":1574782996359},"id":"registered"}}
{"recorder_version":"21","session":"a7095af9522f","build":"192.6262.58","bucket":"189","time":1574782996358,"group":{"id":"actions.runAnything","version":"1"},"event":{"count":1,"data":{"created":1574782996359},"id":"registered"}}
{"recorder_version":"21","session":"a7095af9522f","build":"192.6262.58","bucket":"189","time":1574782996358,"group":{"id":"toolwindow","version":"21"},"event":{"count":1,"data":{"created":1574782996359},"id":"registered"}}
{"recorder_version":"21","session":"a7095af9522f","build":"192.6262.58","bucket":"189","time":1574782996358,"group":{"id":"kotlin.ide.newFileTempl","version":"1"},"event":{"count":1,"data":{"created":1574782996360},"id":"registered"}}
{"recorder_version":"21","session":"a7095af9522f","build":"192.6262.58","bucket":"189","time":1574782996358,"group":{"id":"live.templates","version":"21"},"event":{"count":1,"data":{"created":1574782996360},"id":"registered"}}
{"recorder_version":"21","session":"a7095af9522f","build":"192.6262.58","bucket":"189","time":1574782996358,"group":{"id":"ide.self.update","version":"2"},"event":{"count":1,"data":{"created":1574782996360},"id":"registered"}}
{"recorder_version":"21","session":"a7095af9522f","build":"192.6262.58","bucket":"189","time":1574782996358,"group":{"id":"ui.settings","version":"21"},"event":{"count":1,"data":{"created":1574782996360},"id":"registered"}}
{"recorder_version":"21","session":"a7095af9522f","build":"192.6262.58","bucket":"189","time":1574782996358,"group":{"id":"lifecycle","version":"21"},"event":{"count":1,"data":{"created":1574782996361},"id":"registered"}}
{"recorder_version":"21","session":"a7095af9522f","build":"192.6262.58","bucket":"189","time":1574782996358,"group":{"id":"vcs.diff.trigger","version":"1"},"event":{"count":1,"data":{"created":1574782996361},"id":"registered"}}
{"recorder_version":"21","session":"a7095af9522f","build":"192.6262.58","bucket":"189","time":1574782996358,"group":{"id":"vcs.log.trigger","version":"2"},"event":{"count":1,"data":{"created":1574782996361},"id":"registered"}}
{"recorder_version":"21","session":"a7095af9522f","build":"192.6262.58","bucket":"189","time":1574782996358,"group":{"id":"productivity","version":"21"},"event":{"count":1,"data":{"created":1574782996361},"id":"registered"}}
{"recorder_version":"21","session":"a7095af9522f","build":"192.6262.58","bucket":"189","time":1574782996358,"group":{"id":"debugger.breakpoints.usage","version":"2"},"event":{"count":1,"data":{"created":1574782996362},"id":"registered"}}
{"recorder_version":"21","session":"a7095af9522f","build":"192.6262.58","bucket":"189","time":1574782996358,"group":{"id":"kotlin.gradle.library","version":"1"},"event":{"count":1,"data":{"created":1574782996362},"id":"registered"}}
{"recorder_version":"21","session":"a7095af9522f","build":"192.6262.58","bucket":"189","time":1574782996358,"group":{"id":"find","version":"1"},"event":{"count":1,"data":{"created":1574782996362},"id":"registered"}}
{"recorder_version":"21","session":"a7095af9522f","build":"192.6262.58","bucket":"189","time":1574782996358,"group":{"id":"kotlin.gradle.target","version":"1"},"event":{"count":1,"data":{"created":1574782996362},"id":"registered"}}
{"recorder_version":"21","session":"a7095af9522f","build":"192.6262.58","bucket":"189","time":1574782996358,"group":{"id":"gutter.icon.click","version":"1"},"event":{"count":1,"data":{"created":1574782996362},"id":"registered"}}
{"recorder_version":"21","session":"a7095af9522f","build":"192.6262.58","bucket":"189","time":1574782996358,"group":{"id":"shell.script","version":"1"},"event":{"count":1,"data":{"created":1574782996362},"id":"registered"}}
{"recorder_version":"21","session":"a7095af9522f","build":"192.6262.58","bucket":"189","time":1574782996358,"group":{"id":"kotlin.ide.debugger.eval","version":"1"},"event":{"count":1,"data":{"created":1574782996363},"id":"registered"}}
{"recorder_version":"21","session":"a7095af9522f","build":"192.6262.58","bucket":"189","time":1574782996358,"group":{"id":"build.maven.actions","version":"1"},"event":{"count":1,"data":{"created":1574782996363},"id":"registered"}}
{"recorder_version":"21","session":"a7095af9522f","build":"192.6262.58","bucket":"189","time":1574782996358,"group":{"id":"ui.event","version":"1"},"event":{"count":1,"data":{"created":1574782996363},"id":"registered"}}
{"recorder_version":"21","session":"a7095af9522f","build":"192.6262.58","bucket":"189","time":1574782996358,"group":{"id":"new.project.wizard","version":"1"},"event":{"count":1,"data":{"created":1574782996363},"id":"registered"}}
{"recorder_version":"21","session":"a7095af9522f","build":"192.6262.58","bucket":"189","time":1574782996358,"group":{"id":"kotlin.ide.npwizards","version":"1"},"event":{"count":1,"data":{"created":1574782996363},"id":"registered"}}
{"recorder_version":"21","session":"a7095af9522f","build":"192.6262.58","bucket":"189","time":1574782996358,"group":{"id":"intentions","version":"21"},"event":{"count":1,"data":{"created":1574782996363},"id":"registered"}}
{"recorder_version":"21","session":"a7095af9522f","build":"192.6262.58","bucket":"189","time":1574782996358,"group":{"id":"ui.dialogs","version":"21"},"event":{"count":1,"data":{"created":1574782996363},"id":"registered"}}
{"recorder_version":"21","session":"a7095af9522f","build":"192.6262.58","bucket":"189","time":1574782996358,"group":{"id":"vcs.back.forward.trigger","version":"1"},"event":{"count":1,"data":{"created":1574782996364},"id":"registered"}}
{"recorder_version":"21","session":"a7095af9522f","build":"192.6262.58","bucket":"189","time":1574782996358,"group":{"id":"vcs.change.reminder","version":"1"},"event":{"count":1,"data":{"created":1574782996364},"id":"registered"}}
{"recorder_version":"21","session":"a7095af9522f","build":"192.6262.58","bucket":"189","time":1574782996358,"group":{"id":"toolbar","version":"21"},"event":{"count":1,"data":{"created":1574782996364},"id":"registered"}}
{"recorder_version":"21","session":"a7095af9522f","build":"192.6262.58","bucket":"189","time":1574782996358,"group":{"id":"build.gradle.actions","version":"1"},"event":{"count":1,"data":{"created":1574782996364},"id":"registered"}}
{"recorder_version":"21","session":"a7095af9522f","build":"192.6262.58","bucket":"189","time":1574782996358,"group":{"id":"kotlin.maven.target","version":"1"},"event":{"count":1,"data":{"created":1574782996364},"id":"registered"}}
{"recorder_version":"21","session":"a7095af9522f","build":"192.6262.58","bucket":"189","time":1574782996358,"group":{"id":"performance","version":"21"},"event":{"count":1,"data":{"created":1574782996364},"id":"registered"}}
{"recorder_version":"21","session":"a7095af9522f","build":"192.6262.58","bucket":"189","time":1574782996358,"group":{"id":"searchEverywhere","version":"1"},"event":{"count":1,"data":{"created":1574782996364},"id":"registered"}}
{"recorder_version":"21","session":"a7095af9522f","build":"192.6262.58","bucket":"189","time":1574782996358,"group":{"id":"kotlin.ide.action.refactoring","version":"1"},"event":{"count":1,"data":{"created":1574782996365},"id":"registered"}}
{"recorder_version":"21","session":"a7095af9522f","build":"192.6262.58","bucket":"189","time":1574782996358,"group":{"id":"ui.tips","version":"2"},"event":{"count":1,"data":{"created":1574782996365},"id":"registered"}}
{"recorder_version":"21","session":"a7095af9522f","build":"192.6262.58","bucket":"189","time":1574782996358,"group":{"id":"surround.with","version":"1"},"event":{"count":1,"data":{"created":1574782996365},"id":"registered"}}
{"recorder_version":"21","session":"a7095af9522f","build":"192.6262.58","bucket":"189","time":1574782996358,"group":{"id":"import.old.config","version":"1"},"event":{"count":1,"data":{"created":1574782996365},"id":"registered"}}
{"recorder_version":"21","session":"a7095af9522f","build":"192.6262.58","bucket":"189","time":1574782996358,"group":{"id":"json.schema","version":"1"},"event":{"count":1,"data":{"created":1574782996365},"id":"registered"}}
{"recorder_version":"21","session":"a7095af9522f","build":"192.6262.58","bucket":"189","time":1574782996358,"group":{"id":"kotlin.jps.target","version":"1"},"event":{"count":1,"data":{"created":1574782996365},"id":"registered"}}
{"recorder_version":"21","session":"a7095af9522f","build":"192.6262.58","bucket":"189","time":1574782996358,"group":{"id":"terminalShell","version":"1"},"event":{"count":1,"data":{"created":1574782996366},"id":"registered"}}
{"recorder_version":"21","session":"a7095af9522f","build":"192.6262.58","bucket":"189","time":1574782996358,"group":{"id":"completion.postfix","version":"21"},"event":{"count":1,"data":{"created":1574782996366},"id":"registered"}}
{"recorder_version":"21","session":"a7095af9522f","build":"192.6262.58","bucket":"189","time":1574782996358,"group":{"id":"build.ant.actions","version":"1"},"event":{"count":1,"data":{"created":1574782996366},"id":"registered"}}
{"recorder_version":"21","session":"a7095af9522f","build":"192.6262.58","bucket":"189","time":1574782996358,"group":{"id":"actions","version":"21"},"event":{"count":1,"data":{"created":1574782996366},"id":"registered"}}
{"recorder_version":"21","session":"a7095af9522f","build":"192.6262.58","bucket":"189","time":1574782996358,"group":{"id":"event.log","version":"21"},"event":{"count":1,"data":{"created":1574782996366},"id":"registered"}}
{"recorder_version":"21","session":"a7095af9522f","build":"192.6262.58","bucket":"189","time":1574782996358,"group":{"id":"run.configuration.exec","version":"21"},"event":{"count":1,"data":{"created":1574782996366},"id":"registered"}}
{"recorder_version":"21","session":"a7095af9522f","build":"192.6262.58","bucket":"189","time":1574782996358,"group":{"id":"build.maven.packagesearch","version":"2"},"event":{"count":1,"data":{"created":1574782996366},"id":"registered"}}
{"recorder_version":"21","session":"a7095af9522f","build":"192.6262.58","bucket":"189","time":1574782997869,"group":{"id":"performance","version":"21"},"event":{"count":1,"data":{"duration_ms":1,"created":1574782997869},"id":"ui.latency"}}
{"recorder_version":"21","session":"a7095af9522f","build":"192.6262.58","bucket":"189","time":1574783098186,"group":{"id":"performance","version":"21"},"event":{"count":1,"data":{"duration_ms":0,"created":1574783098186},"id":"ui.latency"}}
{"recorder_version":"21","session":"a7095af9522f","build":"192.6262.58","bucket":"189","time":1574783198481,"group":{"id":"performance","version":"21"},"event":{"count":1,"data":{"duration_ms":0,"created":1574783198481},"id":"ui.latency"}}
{"recorder_version":"21","session":"a7095af9522f","build":"192.6262.58","bucket":"189","time":1574783242475,"group":{"id":"lifecycle","version":"21"},"event":{"count":1,"data":{"created":1574783242475,"project":"92ddc83aceaa9edad1485397ccc1680a8fd16623aa2c155379eac4aafdb2a559"},"id":"frame.activated"}}
{"recorder_version":"21","session":"a7095af9522f","build":"192.6262.58","bucket":"189","time":1574783243076,"group":{"id":"lifecycle","version":"21"},"event":{"count":1,"data":{"restart":false,"created":1574783243076},"id":"ide.close"}}
{"recorder_version":"21","session":"a7095af9522f","build":"192.6262.58","bucket":"189","time":1574783243245,"group":{"id":"lifecycle","version":"21"},"event":{"count":1,"data":{"created":1574783243245,"project":"92ddc83aceaa9edad1485397ccc1680a8fd16623aa2c155379eac4aafdb2a559"},"id":"project.closed"}}
