{"recorder_version":"21","session":"a01547ec0a1a","build":"192.6262.58","bucket":"189","time":1575141718831,"group":{"id":"settings","version":"4"},"event":{"state":true,"data":{"component":"NotRoamableUiSettings","created":1575141718980},"id":"invoked"}}
{"recorder_version":"21","session":"a01547ec0a1a","build":"192.6262.58","bucket":"189","time":1575141718833,"group":{"id":"system.java","version":"1"},"event":{"state":true,"data":{"created":1575141718982,"version":"1.11"},"id":"JetBrains"}}
{"recorder_version":"21","session":"a01547ec0a1a","build":"192.6262.58","bucket":"189","time":1575141718833,"group":{"id":"system.java","version":"1"},"event":{"state":true,"data":{"created":1575141718989},"id":"invoked"}}
{"recorder_version":"21","session":"a01547ec0a1a","build":"192.6262.58","bucket":"189","time":1575141718833,"group":{"id":"settings","version":"4"},"event":{"state":true,"data":{"component":"UISettings","created":1575141718990},"id":"invoked"}}
{"recorder_version":"21","session":"a01547ec0a1a","build":"192.6262.58","bucket":"189","time":1575141718852,"group":{"id":"system.os","version":"3"},"event":{"state":true,"data":{"created":1575141718991,"version":"10.14"},"id":"Mac"}}
{"recorder_version":"21","session":"a01547ec0a1a","build":"192.6262.58","bucket":"189","time":1575141718852,"group":{"id":"system.os","version":"3"},"event":{"state":true,"data":{"created":1575141718992,"name":"Mac","version":"10.14"},"id":"os.name"}}
{"recorder_version":"21","session":"a01547ec0a1a","build":"192.6262.58","bucket":"189","time":1575141718852,"group":{"id":"system.os","version":"3"},"event":{"state":true,"data":{"created":1575141718993,"value":"+09_00"},"id":"os.timezone"}}
{"recorder_version":"21","session":"a01547ec0a1a","build":"192.6262.58","bucket":"189","time":1575141718852,"group":{"id":"system.os","version":"3"},"event":{"state":true,"data":{"created":1575141718994},"id":"invoked"}}
{"recorder_version":"21","session":"a01547ec0a1a","build":"192.6262.58","bucket":"189","time":1575141718980,"group":{"id":"event.log","version":"21"},"event":{"count":1,"data":{"created":1575141718994,"version":"942.0"},"id":"whitelist.loaded"}}
{"recorder_version":"21","session":"a01547ec0a1a","build":"192.6262.58","bucket":"189","time":1575141721165,"group":{"id":"settings","version":"4"},"event":{"state":true,"data":{"component":"UpdatesConfigurable","created":1575141721165,"name":"checkNeeded","type":"bool","value":false},"id":"not.default"}}
{"recorder_version":"21","session":"a01547ec0a1a","build":"192.6262.58","bucket":"189","time":1575141721165,"group":{"id":"settings","version":"4"},"event":{"state":true,"data":{"component":"UpdatesConfigurable","created":1575141721167},"id":"invoked"}}
{"recorder_version":"21","session":"a01547ec0a1a","build":"192.6262.58","bucket":"189","time":1575141721285,"group":{"id":"settings","version":"4"},"event":{"state":true,"data":{"component":"GeneralSettings","created":1575141721288,"name":"confirmExit","type":"bool","value":false},"id":"not.default"}}
{"recorder_version":"21","session":"a01547ec0a1a","build":"192.6262.58","bucket":"189","time":1575141721286,"group":{"id":"settings","version":"4"},"event":{"state":true,"data":{"component":"GeneralSettings","created":1575141721290,"name":"showTipsOnStartup","type":"bool","value":false},"id":"not.default"}}
{"recorder_version":"21","session":"a01547ec0a1a","build":"192.6262.58","bucket":"189","time":1575141721286,"group":{"id":"settings","version":"4"},"event":{"state":true,"data":{"component":"GeneralSettings","created":1575141721291},"id":"invoked"}}
{"recorder_version":"21","session":"a01547ec0a1a","build":"192.6262.58","bucket":"189","time":1575141721291,"group":{"id":"lifecycle","version":"21"},"event":{"count":1,"data":{"internal":true,"eap":false,"created":1575141721293},"id":"ide.start"}}
{"recorder_version":"21","session":"a01547ec0a1a","build":"192.6262.58","bucket":"189","time":1575141721602,"group":{"id":"lifecycle","version":"21"},"event":{"count":1,"data":{"created":1575141721602},"id":"frame.activated"}}
{"recorder_version":"21","session":"a01547ec0a1a","build":"192.6262.58","bucket":"189","time":1575141721729,"group":{"id":"performance","version":"21"},"event":{"count":1,"data":{"duration_ms":5,"created":1575141721729},"id":"ui.latency"}}
{"recorder_version":"21","session":"a01547ec0a1a","build":"192.6262.58","bucket":"189","time":1575141722084,"group":{"id":"ui.dialogs","version":"21"},"event":{"count":1,"data":{"created":1575141722085,"plugin_type":"PLATFORM","type":"show"},"id":"com.intellij.openapi.progress.util.ProgressDialog$MyDialogWrapper"}}
{"recorder_version":"21","session":"a01547ec0a1a","build":"192.6262.58","bucket":"189","time":1575141723136,"group":{"id":"lifecycle","version":"21"},"event":{"count":1,"data":{"created":1575141723136,"project":"4452600da3b350ab41d92ae108c2baae6ff0ac3ddb31bd67020ee046ec77ac09"},"id":"project.opened"}}
{"recorder_version":"21","session":"a01547ec0a1a","build":"192.6262.58","bucket":"189","time":1575141724765,"group":{"id":"settings","version":"4"},"event":{"state":true,"data":{"component":"XmlEditorOptions","created":1575141724765},"id":"invoked"}}
{"recorder_version":"21","session":"a01547ec0a1a","build":"192.6262.58","bucket":"189","time":1575141725673,"group":{"id":"toolwindow","version":"21"},"event":{"count":1,"data":{"os":"Mac","created":1575141725676,"plugin_type":"NOT_LISTED"},"id":"third.party"}}
{"recorder_version":"21","session":"a01547ec0a1a","build":"192.6262.58","bucket":"189","time":1575141726160,"group":{"id":"performance","version":"21"},"event":{"count":1,"data":{"duration_ms":433,"created":1575141726160},"id":"ui.lagging"}}
{"recorder_version":"21","session":"a01547ec0a1a","build":"192.6262.58","bucket":"189","time":1575141727504,"group":{"id":"kotlin.jps.target","version":"1"},"event":{"count":2,"data":{"plugin_version":"validation.undefined_rule","last":1575141727504,"created":1575141727504},"id":"validation.undefined_rule"}}
{"recorder_version":"21","session":"a01547ec0a1a","build":"192.6262.58","bucket":"189","time":1575141727879,"group":{"id":"project.fs","version":"1"},"event":{"state":true,"data":{"os":"Mac","cs-project":false,"created":1575141727879,"project":"4452600da3b350ab41d92ae108c2baae6ff0ac3ddb31bd67020ee046ec77ac09","cs-implicit":true,"cs-system":false},"id":"case-sensitivity"}}
{"recorder_version":"21","session":"a01547ec0a1a","build":"192.6262.58","bucket":"189","time":1575141727879,"group":{"id":"project.fs","version":"1"},"event":{"state":true,"data":{"created":1575141727879},"id":"invoked"}}
{"recorder_version":"21","session":"a01547ec0a1a","build":"192.6262.58","bucket":"189","time":1575141727879,"group":{"id":"project.fs","version":"1"},"event":{"state":true,"data":{"pct-non-watched":0,"created":1575141727879,"project":"4452600da3b350ab41d92ae108c2baae6ff0ac3ddb31bd67020ee046ec77ac09"},"id":"roots-watched"}}
{"recorder_version":"21","session":"a01547ec0a1a","build":"192.6262.58","bucket":"189","time":1575141727879,"group":{"id":"project.fs","version":"1"},"event":{"state":true,"data":{"created":1575141727880},"id":"invoked"}}
{"recorder_version":"21","session":"a01547ec0a1a","build":"192.6262.58","bucket":"189","time":1575141728054,"group":{"id":"ui.dialogs","version":"21"},"event":{"count":1,"data":{"code":1,"created":1575141728054,"plugin_type":"PLATFORM","type":"close"},"id":"com.intellij.openapi.progress.util.ProgressDialog$MyDialogWrapper"}}
{"recorder_version":"21","session":"a01547ec0a1a","build":"192.6262.58","bucket":"189","time":1575141728195,"group":{"id":"lifecycle","version":"21"},"event":{"count":1,"data":{"duration_ms":6398,"created":1575141728195,"project":"4452600da3b350ab41d92ae108c2baae6ff0ac3ddb31bd67020ee046ec77ac09"},"id":"project.opening.finished"}}
{"recorder_version":"21","session":"a01547ec0a1a","build":"192.6262.58","bucket":"189","time":1575141729558,"group":{"id":"vcs.change.reminder","version":"1"},"event":{"count":1,"data":{"created":1575141729559,"project":"4452600da3b350ab41d92ae108c2baae6ff0ac3ddb31bd67020ee046ec77ac09","execution_time":245},"id":"prediction.calculated"}}
{"recorder_version":"21","session":"a01547ec0a1a","build":"192.6262.58","bucket":"189","time":1575141729600,"group":{"id":"vcs.change.reminder","version":"1"},"event":{"count":1,"data":{"created":1575141729600,"project":"4452600da3b350ab41d92ae108c2baae6ff0ac3ddb31bd67020ee046ec77ac09","execution_time":41},"id":"prediction.calculated"}}
{"recorder_version":"21","session":"a01547ec0a1a","build":"192.6262.58","bucket":"189","time":1575141729643,"group":{"id":"vcs.change.reminder","version":"1"},"event":{"count":1,"data":{"created":1575141729643,"project":"4452600da3b350ab41d92ae108c2baae6ff0ac3ddb31bd67020ee046ec77ac09","execution_time":42},"id":"prediction.calculated"}}
{"recorder_version":"21","session":"a01547ec0a1a","build":"192.6262.58","bucket":"189","time":1575141729676,"group":{"id":"vcs.change.reminder","version":"1"},"event":{"count":1,"data":{"created":1575141729676,"project":"4452600da3b350ab41d92ae108c2baae6ff0ac3ddb31bd67020ee046ec77ac09","execution_time":33},"id":"prediction.calculated"}}
{"recorder_version":"21","session":"a01547ec0a1a","build":"192.6262.58","bucket":"189","time":1575141729893,"group":{"id":"toolwindow","version":"21"},"event":{"count":1,"data":{"os":"Mac","created":1575141729893,"plugin_type":"PLATFORM"},"id":"Project"}}
{"recorder_version":"21","session":"a01547ec0a1a","build":"192.6262.58","bucket":"189","time":1575141730849,"group":{"id":"performance","version":"21"},"event":{"count":1,"data":{"duration_ms":113,"created":1575141730849},"id":"ui.lagging"}}
{"recorder_version":"21","session":"a01547ec0a1a","build":"192.6262.58","bucket":"189","time":1575141732539,"group":{"id":"file.types.usage","version":"21"},"event":{"count":1,"data":{"plugin":"com.intellij.java","created":1575141732540,"plugin_type":"JB_BUNDLED","project":"4452600da3b350ab41d92ae108c2baae6ff0ac3ddb31bd67020ee046ec77ac09","type":"edit"},"id":"JAVA"}}
{"recorder_version":"21","session":"a01547ec0a1a","build":"192.6262.58","bucket":"189","time":1575141736861,"group":{"id":"productivity","version":"21"},"event":{"count":1,"data":{"created":1575141736861,"plugin_type":"PLATFORM"},"id":"ui.tree.speedsearch"}}
{"recorder_version":"21","session":"a01547ec0a1a","build":"192.6262.58","bucket":"189","time":1575141738630,"group":{"id":"file.types.usage","version":"21"},"event":{"count":1,"data":{"plugin":"com.intellij.java","created":1575141738631,"plugin_type":"JB_BUNDLED","project":"4452600da3b350ab41d92ae108c2baae6ff0ac3ddb31bd67020ee046ec77ac09","type":"edit"},"id":"JAVA"}}
{"recorder_version":"21","session":"a01547ec0a1a","build":"192.6262.58","bucket":"189","time":1575141739074,"group":{"id":"actions","version":"21"},"event":{"count":2,"data":{"context_menu":false,"last":1575141742676,"current_file":"JAVA","created":1575141739074,"plugin_type":"PLATFORM","project":"4452600da3b350ab41d92ae108c2baae6ff0ac3ddb31bd67020ee046ec77ac09","place":"keyboard_shortcut","class":"com.intellij.openapi.editor.actions.BackspaceAction","input_event":"Backspace"},"id":"EditorBackSpace"}}
{"recorder_version":"21","session":"a01547ec0a1a","build":"192.6262.58","bucket":"189","time":1575141744607,"group":{"id":"lifecycle","version":"21"},"event":{"count":1,"data":{"restart":false,"created":1575141744607},"id":"ide.close"}}
{"recorder_version":"21","session":"a01547ec0a1a","build":"192.6262.58","bucket":"189","time":1575141744946,"group":{"id":"performance","version":"21"},"event":{"count":1,"data":{"duration_ms":174,"created":1575141744946},"id":"ui.lagging"}}
{"recorder_version":"21","session":"a01547ec0a1a","build":"192.6262.58","bucket":"189","time":1575141744965,"group":{"id":"lifecycle","version":"21"},"event":{"count":1,"data":{"created":1575141744965,"project":"4452600da3b350ab41d92ae108c2baae6ff0ac3ddb31bd67020ee046ec77ac09"},"id":"project.closed"}}
