{"recorder_version":"21","session":"85b7bd670937","build":"192.6262.58","bucket":"189","time":1574883408308,"group":{"id":"settings","version":"4"},"event":{"state":true,"data":{"component":"NotRoamableUiSettings","created":1574883408455},"id":"invoked"}}
{"recorder_version":"21","session":"85b7bd670937","build":"192.6262.58","bucket":"189","time":1574883408310,"group":{"id":"settings","version":"4"},"event":{"state":true,"data":{"component":"UISettings","created":1574883408457},"id":"invoked"}}
{"recorder_version":"21","session":"85b7bd670937","build":"192.6262.58","bucket":"189","time":1574883408311,"group":{"id":"system.java","version":"1"},"event":{"state":true,"data":{"created":1574883408465,"version":"1.11"},"id":"JetBrains"}}
{"recorder_version":"21","session":"85b7bd670937","build":"192.6262.58","bucket":"189","time":1574883408311,"group":{"id":"system.java","version":"1"},"event":{"state":true,"data":{"created":1574883408466},"id":"invoked"}}
{"recorder_version":"21","session":"85b7bd670937","build":"192.6262.58","bucket":"189","time":1574883408333,"group":{"id":"system.os","version":"3"},"event":{"state":true,"data":{"created":1574883408467,"version":"10.14"},"id":"Mac"}}
{"recorder_version":"21","session":"85b7bd670937","build":"192.6262.58","bucket":"189","time":1574883408333,"group":{"id":"system.os","version":"3"},"event":{"state":true,"data":{"created":1574883408467,"name":"Mac","version":"10.14"},"id":"os.name"}}
{"recorder_version":"21","session":"85b7bd670937","build":"192.6262.58","bucket":"189","time":1574883408333,"group":{"id":"system.os","version":"3"},"event":{"state":true,"data":{"created":1574883408468,"value":"+09_00"},"id":"os.timezone"}}
{"recorder_version":"21","session":"85b7bd670937","build":"192.6262.58","bucket":"189","time":1574883408333,"group":{"id":"system.os","version":"3"},"event":{"state":true,"data":{"created":1574883408469},"id":"invoked"}}
{"recorder_version":"21","session":"85b7bd670937","build":"192.6262.58","bucket":"189","time":1574883408455,"group":{"id":"event.log","version":"21"},"event":{"count":1,"data":{"created":1574883408470,"version":"934.0"},"id":"whitelist.loaded"}}
{"recorder_version":"21","session":"85b7bd670937","build":"192.6262.58","bucket":"189","time":1574883410662,"group":{"id":"settings","version":"4"},"event":{"state":true,"data":{"component":"UpdatesConfigurable","created":1574883410663,"name":"checkNeeded","type":"bool","value":false},"id":"not.default"}}
{"recorder_version":"21","session":"85b7bd670937","build":"192.6262.58","bucket":"189","time":1574883410662,"group":{"id":"settings","version":"4"},"event":{"state":true,"data":{"component":"UpdatesConfigurable","created":1574883410664},"id":"invoked"}}
{"recorder_version":"21","session":"85b7bd670937","build":"192.6262.58","bucket":"189","time":1574883410778,"group":{"id":"settings","version":"4"},"event":{"state":true,"data":{"component":"GeneralSettings","created":1574883410778},"id":"invoked"}}
{"recorder_version":"21","session":"85b7bd670937","build":"192.6262.58","bucket":"189","time":1574883410784,"group":{"id":"lifecycle","version":"21"},"event":{"count":1,"data":{"internal":true,"eap":false,"created":1574883410784},"id":"ide.start"}}
{"recorder_version":"21","session":"85b7bd670937","build":"192.6262.58","bucket":"189","time":1574883411071,"group":{"id":"lifecycle","version":"21"},"event":{"count":1,"data":{"created":1574883411071},"id":"frame.activated"}}
{"recorder_version":"21","session":"85b7bd670937","build":"192.6262.58","bucket":"189","time":1574883411194,"group":{"id":"performance","version":"21"},"event":{"count":1,"data":{"duration_ms":4,"created":1574883411194},"id":"ui.latency"}}
{"recorder_version":"21","session":"85b7bd670937","build":"192.6262.58","bucket":"189","time":1574883411560,"group":{"id":"ui.dialogs","version":"21"},"event":{"count":1,"data":{"created":1574883411562,"plugin_type":"PLATFORM","type":"show"},"id":"com.intellij.openapi.progress.util.ProgressDialog$MyDialogWrapper"}}
{"recorder_version":"21","session":"85b7bd670937","build":"192.6262.58","bucket":"189","time":1574883412711,"group":{"id":"lifecycle","version":"21"},"event":{"count":1,"data":{"created":1574883412711,"project":"4452600da3b350ab41d92ae108c2baae6ff0ac3ddb31bd67020ee046ec77ac09"},"id":"project.opened"}}
{"recorder_version":"21","session":"85b7bd670937","build":"192.6262.58","bucket":"189","time":1574883413403,"group":{"id":"performance","version":"21"},"event":{"count":1,"data":{"duration_ms":206,"created":1574883413404},"id":"ui.lagging"}}
{"recorder_version":"21","session":"85b7bd670937","build":"192.6262.58","bucket":"189","time":1574883414408,"group":{"id":"settings","version":"4"},"event":{"state":true,"data":{"component":"XmlEditorOptions","created":1574883414408},"id":"invoked"}}
{"recorder_version":"21","session":"85b7bd670937","build":"192.6262.58","bucket":"189","time":1574883414457,"group":{"id":"performance","version":"21"},"event":{"count":1,"data":{"duration_ms":259,"created":1574883414457},"id":"ui.lagging"}}
{"recorder_version":"21","session":"85b7bd670937","build":"192.6262.58","bucket":"189","time":1574883415311,"group":{"id":"performance","version":"21"},"event":{"count":1,"data":{"duration_ms":106,"created":1574883415312},"id":"ui.lagging"}}
{"recorder_version":"21","session":"85b7bd670937","build":"192.6262.58","bucket":"189","time":1574883415496,"group":{"id":"ui.tips","version":"2"},"event":{"count":1,"data":{"created":1574883415496,"type":"automatically"},"id":"dialog.shown"}}
{"recorder_version":"21","session":"85b7bd670937","build":"192.6262.58","bucket":"189","time":1574883415659,"group":{"id":"ui.dialogs","version":"21"},"event":{"count":1,"data":{"created":1574883415659,"plugin_type":"PLATFORM","type":"show"},"id":"com.intellij.ide.util.TipDialog"}}
{"recorder_version":"21","session":"85b7bd670937","build":"192.6262.58","bucket":"189","time":1574883416361,"group":{"id":"performance","version":"21"},"event":{"count":1,"data":{"duration_ms":157,"created":1574883416361},"id":"ui.lagging"}}
{"recorder_version":"21","session":"85b7bd670937","build":"192.6262.58","bucket":"189","time":1574883417144,"group":{"id":"project.fs","version":"1"},"event":{"state":true,"data":{"os":"Mac","cs-project":false,"created":1574883417144,"project":"4452600da3b350ab41d92ae108c2baae6ff0ac3ddb31bd67020ee046ec77ac09","cs-implicit":true,"cs-system":false},"id":"case-sensitivity"}}
{"recorder_version":"21","session":"85b7bd670937","build":"192.6262.58","bucket":"189","time":1574883417144,"group":{"id":"project.fs","version":"1"},"event":{"state":true,"data":{"created":1574883417145},"id":"invoked"}}
{"recorder_version":"21","session":"85b7bd670937","build":"192.6262.58","bucket":"189","time":1574883417145,"group":{"id":"project.fs","version":"1"},"event":{"state":true,"data":{"pct-non-watched":0,"created":1574883417145,"project":"4452600da3b350ab41d92ae108c2baae6ff0ac3ddb31bd67020ee046ec77ac09"},"id":"roots-watched"}}
{"recorder_version":"21","session":"85b7bd670937","build":"192.6262.58","bucket":"189","time":1574883417145,"group":{"id":"project.fs","version":"1"},"event":{"state":true,"data":{"created":1574883417145},"id":"invoked"}}
{"recorder_version":"21","session":"85b7bd670937","build":"192.6262.58","bucket":"189","time":1574883417292,"group":{"id":"ui.dialogs","version":"21"},"event":{"count":1,"data":{"code":1,"created":1574883417293,"plugin_type":"PLATFORM","type":"close"},"id":"com.intellij.openapi.progress.util.ProgressDialog$MyDialogWrapper"}}
{"recorder_version":"21","session":"85b7bd670937","build":"192.6262.58","bucket":"189","time":1574883417605,"group":{"id":"lifecycle","version":"21"},"event":{"count":1,"data":{"duration_ms":6341,"created":1574883417606,"project":"4452600da3b350ab41d92ae108c2baae6ff0ac3ddb31bd67020ee046ec77ac09"},"id":"project.opening.finished"}}
{"recorder_version":"21","session":"85b7bd670937","build":"192.6262.58","bucket":"189","time":1574883420013,"group":{"id":"kotlin.jps.target","version":"1"},"event":{"count":2,"data":{"plugin_version":"validation.undefined_rule","last":1574883420026,"created":1574883420013},"id":"validation.undefined_rule"}}
{"recorder_version":"21","session":"85b7bd670937","build":"192.6262.58","bucket":"189","time":1574883420643,"group":{"id":"vcs.change.reminder","version":"1"},"event":{"count":1,"data":{"created":1574883420643,"project":"4452600da3b350ab41d92ae108c2baae6ff0ac3ddb31bd67020ee046ec77ac09","execution_time":241},"id":"prediction.calculated"}}
{"recorder_version":"21","session":"85b7bd670937","build":"192.6262.58","bucket":"189","time":1574883421267,"group":{"id":"ui.dialogs","version":"21"},"event":{"count":1,"data":{"code":1,"created":1574883421268,"plugin_type":"PLATFORM","type":"close"},"id":"com.intellij.ide.util.TipDialog"}}
{"recorder_version":"21","session":"85b7bd670937","build":"192.6262.58","bucket":"189","time":1574883422781,"group":{"id":"file.types.usage","version":"21"},"event":{"count":1,"data":{"plugin":"com.intellij.java","created":1574883422781,"plugin_type":"JB_BUNDLED","project":"4452600da3b350ab41d92ae108c2baae6ff0ac3ddb31bd67020ee046ec77ac09","type":"edit"},"id":"JAVA"}}
{"recorder_version":"21","session":"85b7bd670937","build":"192.6262.58","bucket":"189","time":1574883439668,"group":{"id":"lifecycle","version":"21"},"event":{"count":1,"data":{"created":1574883439668,"project":"4452600da3b350ab41d92ae108c2baae6ff0ac3ddb31bd67020ee046ec77ac09"},"id":"frame.deactivated"}}
{"recorder_version":"21","session":"85b7bd670937","build":"192.6262.58","bucket":"189","time":1574883440470,"group":{"id":"performance","version":"21"},"event":{"count":1,"data":{"duration_ms":217,"created":1574883440471},"id":"ui.lagging"}}
{"recorder_version":"21","session":"85b7bd670937","build":"192.6262.58","bucket":"189","time":1574883451915,"group":{"id":"lifecycle","version":"21"},"event":{"count":1,"data":{"created":1574883451915,"project":"4452600da3b350ab41d92ae108c2baae6ff0ac3ddb31bd67020ee046ec77ac09"},"id":"frame.activated"}}
{"recorder_version":"21","session":"85b7bd670937","build":"192.6262.58","bucket":"189","time":1574883453438,"group":{"id":"lifecycle","version":"21"},"event":{"count":1,"data":{"restart":false,"created":1574883453438},"id":"ide.close"}}
{"recorder_version":"21","session":"85b7bd670937","build":"192.6262.58","bucket":"189","time":1574883453548,"group":{"id":"lifecycle","version":"21"},"event":{"count":1,"data":{"created":1574883453548,"project":"4452600da3b350ab41d92ae108c2baae6ff0ac3ddb31bd67020ee046ec77ac09"},"id":"project.closed"}}
