{"recorder_version":"21","session":"02281e0f4042","build":"192.6262.58","bucket":"189","time":1574887927704,"group":{"id":"settings","version":"4"},"event":{"state":true,"data":{"component":"NotRoamableUiSettings","created":1574887927848},"id":"invoked"}}
{"recorder_version":"21","session":"02281e0f4042","build":"192.6262.58","bucket":"189","time":1574887927706,"group":{"id":"settings","version":"4"},"event":{"state":true,"data":{"component":"UISettings","created":1574887927849},"id":"invoked"}}
{"recorder_version":"21","session":"02281e0f4042","build":"192.6262.58","bucket":"189","time":1574887927707,"group":{"id":"system.java","version":"1"},"event":{"state":true,"data":{"created":1574887927861,"version":"1.11"},"id":"JetBrains"}}
{"recorder_version":"21","session":"02281e0f4042","build":"192.6262.58","bucket":"189","time":1574887927707,"group":{"id":"system.java","version":"1"},"event":{"state":true,"data":{"created":1574887927862},"id":"invoked"}}
{"recorder_version":"21","session":"02281e0f4042","build":"192.6262.58","bucket":"189","time":1574887927726,"group":{"id":"system.os","version":"3"},"event":{"state":true,"data":{"created":1574887927862,"version":"10.14"},"id":"Mac"}}
{"recorder_version":"21","session":"02281e0f4042","build":"192.6262.58","bucket":"189","time":1574887927726,"group":{"id":"system.os","version":"3"},"event":{"state":true,"data":{"created":1574887927863,"name":"Mac","version":"10.14"},"id":"os.name"}}
{"recorder_version":"21","session":"02281e0f4042","build":"192.6262.58","bucket":"189","time":1574887927726,"group":{"id":"system.os","version":"3"},"event":{"state":true,"data":{"created":1574887927864,"value":"+09_00"},"id":"os.timezone"}}
{"recorder_version":"21","session":"02281e0f4042","build":"192.6262.58","bucket":"189","time":1574887927726,"group":{"id":"system.os","version":"3"},"event":{"state":true,"data":{"created":1574887927864},"id":"invoked"}}
{"recorder_version":"21","session":"02281e0f4042","build":"192.6262.58","bucket":"189","time":1574887927848,"group":{"id":"event.log","version":"21"},"event":{"count":1,"data":{"created":1574887927865,"version":"934.0"},"id":"whitelist.loaded"}}
{"recorder_version":"21","session":"02281e0f4042","build":"192.6262.58","bucket":"189","time":1574887930047,"group":{"id":"settings","version":"4"},"event":{"state":true,"data":{"component":"UpdatesConfigurable","created":1574887930048,"name":"checkNeeded","type":"bool","value":false},"id":"not.default"}}
{"recorder_version":"21","session":"02281e0f4042","build":"192.6262.58","bucket":"189","time":1574887930047,"group":{"id":"settings","version":"4"},"event":{"state":true,"data":{"component":"UpdatesConfigurable","created":1574887930048},"id":"invoked"}}
{"recorder_version":"21","session":"02281e0f4042","build":"192.6262.58","bucket":"189","time":1574887930167,"group":{"id":"settings","version":"4"},"event":{"state":true,"data":{"component":"GeneralSettings","created":1574887930168},"id":"invoked"}}
{"recorder_version":"21","session":"02281e0f4042","build":"192.6262.58","bucket":"189","time":1574887930177,"group":{"id":"lifecycle","version":"21"},"event":{"count":1,"data":{"internal":true,"eap":false,"created":1574887930177},"id":"ide.start"}}
{"recorder_version":"21","session":"02281e0f4042","build":"192.6262.58","bucket":"189","time":1574887930484,"group":{"id":"lifecycle","version":"21"},"event":{"count":1,"data":{"created":1574887930484},"id":"frame.activated"}}
{"recorder_version":"21","session":"02281e0f4042","build":"192.6262.58","bucket":"189","time":1574887930606,"group":{"id":"performance","version":"21"},"event":{"count":1,"data":{"duration_ms":51,"created":1574887930606},"id":"ui.latency"}}
{"recorder_version":"21","session":"02281e0f4042","build":"192.6262.58","bucket":"189","time":1574887930950,"group":{"id":"ui.dialogs","version":"21"},"event":{"count":1,"data":{"created":1574887930951,"plugin_type":"PLATFORM","type":"show"},"id":"com.intellij.openapi.progress.util.ProgressDialog$MyDialogWrapper"}}
{"recorder_version":"21","session":"02281e0f4042","build":"192.6262.58","bucket":"189","time":1574887932095,"group":{"id":"lifecycle","version":"21"},"event":{"count":1,"data":{"created":1574887932095,"project":"4452600da3b350ab41d92ae108c2baae6ff0ac3ddb31bd67020ee046ec77ac09"},"id":"project.opened"}}
{"recorder_version":"21","session":"02281e0f4042","build":"192.6262.58","bucket":"189","time":1574887932720,"group":{"id":"performance","version":"21"},"event":{"count":1,"data":{"duration_ms":160,"created":1574887932720},"id":"ui.lagging"}}
{"recorder_version":"21","session":"02281e0f4042","build":"192.6262.58","bucket":"189","time":1574887933744,"group":{"id":"settings","version":"4"},"event":{"state":true,"data":{"component":"XmlEditorOptions","created":1574887933744},"id":"invoked"}}
{"recorder_version":"21","session":"02281e0f4042","build":"192.6262.58","bucket":"189","time":1574887933791,"group":{"id":"performance","version":"21"},"event":{"count":1,"data":{"duration_ms":230,"created":1574887933792},"id":"ui.lagging"}}
{"recorder_version":"21","session":"02281e0f4042","build":"192.6262.58","bucket":"189","time":1574887934629,"group":{"id":"toolwindow","version":"21"},"event":{"count":1,"data":{"os":"Mac","created":1574887934629,"plugin_type":"PLATFORM"},"id":"Project"}}
{"recorder_version":"21","session":"02281e0f4042","build":"192.6262.58","bucket":"189","time":1574887935677,"group":{"id":"performance","version":"21"},"event":{"count":1,"data":{"duration_ms":112,"created":1574887935677},"id":"ui.lagging"}}
{"recorder_version":"21","session":"02281e0f4042","build":"192.6262.58","bucket":"189","time":1574887935679,"group":{"id":"ui.tips","version":"2"},"event":{"count":1,"data":{"created":1574887935679,"type":"automatically"},"id":"dialog.shown"}}
{"recorder_version":"21","session":"02281e0f4042","build":"192.6262.58","bucket":"189","time":1574887935727,"group":{"id":"ui.dialogs","version":"21"},"event":{"count":1,"data":{"created":1574887935727,"plugin_type":"PLATFORM","type":"show"},"id":"com.intellij.ide.util.TipDialog"}}
{"recorder_version":"21","session":"02281e0f4042","build":"192.6262.58","bucket":"189","time":1574887936607,"group":{"id":"kotlin.jps.target","version":"1"},"event":{"count":2,"data":{"plugin_version":"validation.undefined_rule","last":1574887936608,"created":1574887936607},"id":"validation.undefined_rule"}}
{"recorder_version":"21","session":"02281e0f4042","build":"192.6262.58","bucket":"189","time":1574887936631,"group":{"id":"project.fs","version":"1"},"event":{"state":true,"data":{"os":"Mac","cs-project":false,"created":1574887936631,"project":"4452600da3b350ab41d92ae108c2baae6ff0ac3ddb31bd67020ee046ec77ac09","cs-implicit":true,"cs-system":false},"id":"case-sensitivity"}}
{"recorder_version":"21","session":"02281e0f4042","build":"192.6262.58","bucket":"189","time":1574887936631,"group":{"id":"project.fs","version":"1"},"event":{"state":true,"data":{"created":1574887936631},"id":"invoked"}}
{"recorder_version":"21","session":"02281e0f4042","build":"192.6262.58","bucket":"189","time":1574887936631,"group":{"id":"project.fs","version":"1"},"event":{"state":true,"data":{"pct-non-watched":0,"created":1574887936631,"project":"4452600da3b350ab41d92ae108c2baae6ff0ac3ddb31bd67020ee046ec77ac09"},"id":"roots-watched"}}
{"recorder_version":"21","session":"02281e0f4042","build":"192.6262.58","bucket":"189","time":1574887936631,"group":{"id":"project.fs","version":"1"},"event":{"state":true,"data":{"created":1574887936643},"id":"invoked"}}
{"recorder_version":"21","session":"02281e0f4042","build":"192.6262.58","bucket":"189","time":1574887936753,"group":{"id":"ui.dialogs","version":"21"},"event":{"count":1,"data":{"code":1,"created":1574887936753,"plugin_type":"PLATFORM","type":"close"},"id":"com.intellij.openapi.progress.util.ProgressDialog$MyDialogWrapper"}}
{"recorder_version":"21","session":"02281e0f4042","build":"192.6262.58","bucket":"189","time":1574887936968,"group":{"id":"lifecycle","version":"21"},"event":{"count":1,"data":{"duration_ms":6270,"created":1574887936968,"project":"4452600da3b350ab41d92ae108c2baae6ff0ac3ddb31bd67020ee046ec77ac09"},"id":"project.opening.finished"}}
{"recorder_version":"21","session":"02281e0f4042","build":"192.6262.58","bucket":"189","time":1574887937798,"group":{"id":"performance","version":"21"},"event":{"count":1,"data":{"duration_ms":224,"created":1574887937799},"id":"ui.lagging"}}
{"recorder_version":"21","session":"02281e0f4042","build":"192.6262.58","bucket":"189","time":1574887938451,"group":{"id":"ui.dialogs","version":"21"},"event":{"count":1,"data":{"code":1,"created":1574887938451,"plugin_type":"PLATFORM","type":"close"},"id":"com.intellij.ide.util.TipDialog"}}
{"recorder_version":"21","session":"02281e0f4042","build":"192.6262.58","bucket":"189","time":1574887938469,"group":{"id":"vcs.change.reminder","version":"1"},"event":{"count":1,"data":{"created":1574887938470,"project":"4452600da3b350ab41d92ae108c2baae6ff0ac3ddb31bd67020ee046ec77ac09","execution_time":175},"id":"prediction.calculated"}}
{"recorder_version":"21","session":"02281e0f4042","build":"192.6262.58","bucket":"189","time":1574887938518,"group":{"id":"vcs.change.reminder","version":"1"},"event":{"count":2,"data":{"last":1574887938567,"created":1574887938519,"project":"4452600da3b350ab41d92ae108c2baae6ff0ac3ddb31bd67020ee046ec77ac09","execution_time":48},"id":"prediction.calculated"}}
{"recorder_version":"21","session":"02281e0f4042","build":"192.6262.58","bucket":"189","time":1574887938604,"group":{"id":"vcs.change.reminder","version":"1"},"event":{"count":1,"data":{"created":1574887938605,"project":"4452600da3b350ab41d92ae108c2baae6ff0ac3ddb31bd67020ee046ec77ac09","execution_time":37},"id":"prediction.calculated"}}
{"recorder_version":"21","session":"02281e0f4042","build":"192.6262.58","bucket":"189","time":1574887940508,"group":{"id":"file.types.usage","version":"21"},"event":{"count":1,"data":{"plugin":"com.intellij.java","created":1574887940509,"plugin_type":"JB_BUNDLED","project":"4452600da3b350ab41d92ae108c2baae6ff0ac3ddb31bd67020ee046ec77ac09","type":"edit"},"id":"JAVA"}}
{"recorder_version":"21","session":"02281e0f4042","build":"192.6262.58","bucket":"189","time":1574887945680,"group":{"id":"actions","version":"21"},"event":{"count":2,"data":{"context_menu":false,"last":1574887945849,"current_file":"JAVA","created":1574887945680,"plugin_type":"PLATFORM","project":"4452600da3b350ab41d92ae108c2baae6ff0ac3ddb31bd67020ee046ec77ac09","place":"keyboard_shortcut","class":"com.intellij.openapi.editor.actions.BackspaceAction","input_event":"Backspace"},"id":"EditorBackSpace"}}
{"recorder_version":"21","session":"02281e0f4042","build":"192.6262.58","bucket":"189","time":1574887988719,"group":{"id":"actions","version":"21"},"event":{"count":2,"data":{"context_menu":false,"last":1574887988884,"current_file":"JAVA","created":1574887988720,"plugin_type":"PLATFORM","project":"4452600da3b350ab41d92ae108c2baae6ff0ac3ddb31bd67020ee046ec77ac09","place":"keyboard_shortcut","class":"com.intellij.openapi.editor.actions.BackspaceAction","input_event":"Backspace"},"id":"EditorBackSpace"}}
{"recorder_version":"21","session":"02281e0f4042","build":"192.6262.58","bucket":"189","time":1574887994871,"group":{"id":"actions","version":"21"},"event":{"count":1,"data":{"context_menu":false,"current_file":"JAVA","created":1574887994871,"plugin_type":"PLATFORM","project":"4452600da3b350ab41d92ae108c2baae6ff0ac3ddb31bd67020ee046ec77ac09","place":"keyboard_shortcut","class":"com.intellij.openapi.editor.actions.EscapeAction","input_event":"Escape"},"id":"EditorEscape"}}
{"recorder_version":"21","session":"02281e0f4042","build":"192.6262.58","bucket":"189","time":1574888000920,"group":{"id":"file.types.usage","version":"21"},"event":{"count":1,"data":{"plugin":"com.intellij.java","created":1574888000920,"plugin_type":"JB_BUNDLED","project":"4452600da3b350ab41d92ae108c2baae6ff0ac3ddb31bd67020ee046ec77ac09","type":"edit"},"id":"JAVA"}}
{"recorder_version":"21","session":"02281e0f4042","build":"192.6262.58","bucket":"189","time":1574888004367,"group":{"id":"actions","version":"21"},"event":{"count":1,"data":{"context_menu":false,"current_file":"JAVA","created":1574888004367,"plugin_type":"PLATFORM","project":"4452600da3b350ab41d92ae108c2baae6ff0ac3ddb31bd67020ee046ec77ac09","place":"keyboard_shortcut","class":"com.intellij.openapi.editor.actions.EscapeAction","input_event":"Escape"},"id":"EditorEscape"}}
{"recorder_version":"21","session":"02281e0f4042","build":"192.6262.58","bucket":"189","time":1574888010660,"group":{"id":"lifecycle","version":"21"},"event":{"count":1,"data":{"created":1574888010660,"project":"4452600da3b350ab41d92ae108c2baae6ff0ac3ddb31bd67020ee046ec77ac09"},"id":"frame.deactivated"}}
{"recorder_version":"21","session":"02281e0f4042","build":"192.6262.58","bucket":"189","time":1574888030833,"group":{"id":"performance","version":"21"},"event":{"count":1,"data":{"duration_ms":1,"created":1574888030834},"id":"ui.latency"}}
{"recorder_version":"21","session":"02281e0f4042","build":"192.6262.58","bucket":"189","time":1574888047613,"group":{"id":"lifecycle","version":"21"},"event":{"count":1,"data":{"created":1574888047613,"project":"4452600da3b350ab41d92ae108c2baae6ff0ac3ddb31bd67020ee046ec77ac09"},"id":"frame.activated"}}
{"recorder_version":"21","session":"02281e0f4042","build":"192.6262.58","bucket":"189","time":1574888049793,"group":{"id":"actions","version":"21"},"event":{"count":2,"data":{"context_menu":false,"last":1574888049948,"created":1574888049793,"plugin_type":"PLATFORM","project":"4452600da3b350ab41d92ae108c2baae6ff0ac3ddb31bd67020ee046ec77ac09","place":"keyboard_shortcut","class":"com.intellij.openapi.editor.actions.BackspaceAction","input_event":"Backspace"},"id":"EditorBackSpace"}}
{"recorder_version":"21","session":"02281e0f4042","build":"192.6262.58","bucket":"189","time":1574888053779,"group":{"id":"actions","version":"21"},"event":{"count":1,"data":{"context_menu":false,"current_file":"JAVA","created":1574888053780,"plugin_type":"PLATFORM","project":"4452600da3b350ab41d92ae108c2baae6ff0ac3ddb31bd67020ee046ec77ac09","place":"keyboard_shortcut","class":"com.intellij.openapi.editor.actions.EscapeAction","input_event":"Escape"},"id":"EditorEscape"}}
{"recorder_version":"21","session":"02281e0f4042","build":"192.6262.58","bucket":"189","time":1574888054446,"group":{"id":"file.types.usage","version":"21"},"event":{"count":1,"data":{"plugin":"com.intellij.java","created":1574888054446,"plugin_type":"JB_BUNDLED","project":"4452600da3b350ab41d92ae108c2baae6ff0ac3ddb31bd67020ee046ec77ac09","type":"edit"},"id":"JAVA"}}
{"recorder_version":"21","session":"02281e0f4042","build":"192.6262.58","bucket":"189","time":1574888059395,"group":{"id":"lifecycle","version":"21"},"event":{"count":1,"data":{"created":1574888059396,"project":"4452600da3b350ab41d92ae108c2baae6ff0ac3ddb31bd67020ee046ec77ac09"},"id":"frame.deactivated"}}
{"recorder_version":"21","session":"02281e0f4042","build":"192.6262.58","bucket":"189","time":1574888131099,"group":{"id":"performance","version":"21"},"event":{"count":1,"data":{"duration_ms":0,"created":1574888131099},"id":"ui.latency"}}
{"recorder_version":"21","session":"02281e0f4042","build":"192.6262.58","bucket":"189","time":1574888230165,"group":{"id":"build.tools.actions","version":"1"},"event":{"count":1,"data":{"created":1574888230165},"id":"registered"}}
{"recorder_version":"21","session":"02281e0f4042","build":"192.6262.58","bucket":"189","time":1574888230165,"group":{"id":"file.types.usage","version":"21"},"event":{"count":1,"data":{"created":1574888230166},"id":"registered"}}
{"recorder_version":"21","session":"02281e0f4042","build":"192.6262.58","bucket":"189","time":1574888230165,"group":{"id":"ide.script.engine","version":"1"},"event":{"count":1,"data":{"created":1574888230166},"id":"registered"}}
{"recorder_version":"21","session":"02281e0f4042","build":"192.6262.58","bucket":"189","time":1574888230165,"group":{"id":"actions.runAnything","version":"1"},"event":{"count":1,"data":{"created":1574888230166},"id":"registered"}}
{"recorder_version":"21","session":"02281e0f4042","build":"192.6262.58","bucket":"189","time":1574888230165,"group":{"id":"toolwindow","version":"21"},"event":{"count":1,"data":{"created":1574888230167},"id":"registered"}}
{"recorder_version":"21","session":"02281e0f4042","build":"192.6262.58","bucket":"189","time":1574888230165,"group":{"id":"kotlin.ide.newFileTempl","version":"1"},"event":{"count":1,"data":{"created":1574888230167},"id":"registered"}}
{"recorder_version":"21","session":"02281e0f4042","build":"192.6262.58","bucket":"189","time":1574888230165,"group":{"id":"live.templates","version":"21"},"event":{"count":1,"data":{"created":1574888230167},"id":"registered"}}
{"recorder_version":"21","session":"02281e0f4042","build":"192.6262.58","bucket":"189","time":1574888230165,"group":{"id":"ide.self.update","version":"2"},"event":{"count":1,"data":{"created":1574888230167},"id":"registered"}}
{"recorder_version":"21","session":"02281e0f4042","build":"192.6262.58","bucket":"189","time":1574888230165,"group":{"id":"ui.settings","version":"21"},"event":{"count":1,"data":{"created":1574888230167},"id":"registered"}}
{"recorder_version":"21","session":"02281e0f4042","build":"192.6262.58","bucket":"189","time":1574888230165,"group":{"id":"lifecycle","version":"21"},"event":{"count":1,"data":{"created":1574888230168},"id":"registered"}}
{"recorder_version":"21","session":"02281e0f4042","build":"192.6262.58","bucket":"189","time":1574888230165,"group":{"id":"vcs.diff.trigger","version":"1"},"event":{"count":1,"data":{"created":1574888230168},"id":"registered"}}
{"recorder_version":"21","session":"02281e0f4042","build":"192.6262.58","bucket":"189","time":1574888230165,"group":{"id":"vcs.log.trigger","version":"2"},"event":{"count":1,"data":{"created":1574888230168},"id":"registered"}}
{"recorder_version":"21","session":"02281e0f4042","build":"192.6262.58","bucket":"189","time":1574888230165,"group":{"id":"productivity","version":"21"},"event":{"count":1,"data":{"created":1574888230168},"id":"registered"}}
{"recorder_version":"21","session":"02281e0f4042","build":"192.6262.58","bucket":"189","time":1574888230165,"group":{"id":"debugger.breakpoints.usage","version":"2"},"event":{"count":1,"data":{"created":1574888230168},"id":"registered"}}
{"recorder_version":"21","session":"02281e0f4042","build":"192.6262.58","bucket":"189","time":1574888230165,"group":{"id":"kotlin.gradle.library","version":"1"},"event":{"count":1,"data":{"created":1574888230168},"id":"registered"}}
{"recorder_version":"21","session":"02281e0f4042","build":"192.6262.58","bucket":"189","time":1574888230165,"group":{"id":"find","version":"1"},"event":{"count":1,"data":{"created":1574888230169},"id":"registered"}}
{"recorder_version":"21","session":"02281e0f4042","build":"192.6262.58","bucket":"189","time":1574888230165,"group":{"id":"kotlin.gradle.target","version":"1"},"event":{"count":1,"data":{"created":1574888230169},"id":"registered"}}
{"recorder_version":"21","session":"02281e0f4042","build":"192.6262.58","bucket":"189","time":1574888230165,"group":{"id":"gutter.icon.click","version":"1"},"event":{"count":1,"data":{"created":1574888230169},"id":"registered"}}
{"recorder_version":"21","session":"02281e0f4042","build":"192.6262.58","bucket":"189","time":1574888230165,"group":{"id":"shell.script","version":"1"},"event":{"count":1,"data":{"created":1574888230169},"id":"registered"}}
{"recorder_version":"21","session":"02281e0f4042","build":"192.6262.58","bucket":"189","time":1574888230165,"group":{"id":"kotlin.ide.debugger.eval","version":"1"},"event":{"count":1,"data":{"created":1574888230169},"id":"registered"}}
{"recorder_version":"21","session":"02281e0f4042","build":"192.6262.58","bucket":"189","time":1574888230165,"group":{"id":"build.maven.actions","version":"1"},"event":{"count":1,"data":{"created":1574888230169},"id":"registered"}}
{"recorder_version":"21","session":"02281e0f4042","build":"192.6262.58","bucket":"189","time":1574888230165,"group":{"id":"ui.event","version":"1"},"event":{"count":1,"data":{"created":1574888230169},"id":"registered"}}
{"recorder_version":"21","session":"02281e0f4042","build":"192.6262.58","bucket":"189","time":1574888230165,"group":{"id":"new.project.wizard","version":"1"},"event":{"count":1,"data":{"created":1574888230170},"id":"registered"}}
{"recorder_version":"21","session":"02281e0f4042","build":"192.6262.58","bucket":"189","time":1574888230165,"group":{"id":"kotlin.ide.npwizards","version":"1"},"event":{"count":1,"data":{"created":1574888230170},"id":"registered"}}
{"recorder_version":"21","session":"02281e0f4042","build":"192.6262.58","bucket":"189","time":1574888230165,"group":{"id":"intentions","version":"21"},"event":{"count":1,"data":{"created":1574888230170},"id":"registered"}}
{"recorder_version":"21","session":"02281e0f4042","build":"192.6262.58","bucket":"189","time":1574888230165,"group":{"id":"ui.dialogs","version":"21"},"event":{"count":1,"data":{"created":1574888230170},"id":"registered"}}
{"recorder_version":"21","session":"02281e0f4042","build":"192.6262.58","bucket":"189","time":1574888230165,"group":{"id":"vcs.back.forward.trigger","version":"1"},"event":{"count":1,"data":{"created":1574888230170},"id":"registered"}}
{"recorder_version":"21","session":"02281e0f4042","build":"192.6262.58","bucket":"189","time":1574888230165,"group":{"id":"vcs.change.reminder","version":"1"},"event":{"count":1,"data":{"created":1574888230170},"id":"registered"}}
{"recorder_version":"21","session":"02281e0f4042","build":"192.6262.58","bucket":"189","time":1574888230165,"group":{"id":"toolbar","version":"21"},"event":{"count":1,"data":{"created":1574888230170},"id":"registered"}}
{"recorder_version":"21","session":"02281e0f4042","build":"192.6262.58","bucket":"189","time":1574888230165,"group":{"id":"build.gradle.actions","version":"1"},"event":{"count":1,"data":{"created":1574888230170},"id":"registered"}}
{"recorder_version":"21","session":"02281e0f4042","build":"192.6262.58","bucket":"189","time":1574888230165,"group":{"id":"kotlin.maven.target","version":"1"},"event":{"count":1,"data":{"created":1574888230171},"id":"registered"}}
{"recorder_version":"21","session":"02281e0f4042","build":"192.6262.58","bucket":"189","time":1574888230165,"group":{"id":"performance","version":"21"},"event":{"count":1,"data":{"created":1574888230171},"id":"registered"}}
{"recorder_version":"21","session":"02281e0f4042","build":"192.6262.58","bucket":"189","time":1574888230165,"group":{"id":"searchEverywhere","version":"1"},"event":{"count":1,"data":{"created":1574888230171},"id":"registered"}}
{"recorder_version":"21","session":"02281e0f4042","build":"192.6262.58","bucket":"189","time":1574888230165,"group":{"id":"kotlin.ide.action.refactoring","version":"1"},"event":{"count":1,"data":{"created":1574888230171},"id":"registered"}}
{"recorder_version":"21","session":"02281e0f4042","build":"192.6262.58","bucket":"189","time":1574888230165,"group":{"id":"ui.tips","version":"2"},"event":{"count":1,"data":{"created":1574888230171},"id":"registered"}}
{"recorder_version":"21","session":"02281e0f4042","build":"192.6262.58","bucket":"189","time":1574888230165,"group":{"id":"surround.with","version":"1"},"event":{"count":1,"data":{"created":1574888230171},"id":"registered"}}
{"recorder_version":"21","session":"02281e0f4042","build":"192.6262.58","bucket":"189","time":1574888230165,"group":{"id":"import.old.config","version":"1"},"event":{"count":1,"data":{"created":1574888230172},"id":"registered"}}
{"recorder_version":"21","session":"02281e0f4042","build":"192.6262.58","bucket":"189","time":1574888230165,"group":{"id":"json.schema","version":"1"},"event":{"count":1,"data":{"created":1574888230172},"id":"registered"}}
{"recorder_version":"21","session":"02281e0f4042","build":"192.6262.58","bucket":"189","time":1574888230165,"group":{"id":"kotlin.jps.target","version":"1"},"event":{"count":1,"data":{"created":1574888230172},"id":"registered"}}
{"recorder_version":"21","session":"02281e0f4042","build":"192.6262.58","bucket":"189","time":1574888230165,"group":{"id":"terminalShell","version":"1"},"event":{"count":1,"data":{"created":1574888230172},"id":"registered"}}
{"recorder_version":"21","session":"02281e0f4042","build":"192.6262.58","bucket":"189","time":1574888230165,"group":{"id":"completion.postfix","version":"21"},"event":{"count":1,"data":{"created":1574888230172},"id":"registered"}}
{"recorder_version":"21","session":"02281e0f4042","build":"192.6262.58","bucket":"189","time":1574888230165,"group":{"id":"build.ant.actions","version":"1"},"event":{"count":1,"data":{"created":1574888230172},"id":"registered"}}
{"recorder_version":"21","session":"02281e0f4042","build":"192.6262.58","bucket":"189","time":1574888230165,"group":{"id":"actions","version":"21"},"event":{"count":1,"data":{"created":1574888230172},"id":"registered"}}
{"recorder_version":"21","session":"02281e0f4042","build":"192.6262.58","bucket":"189","time":1574888230165,"group":{"id":"event.log","version":"21"},"event":{"count":1,"data":{"created":1574888230173},"id":"registered"}}
{"recorder_version":"21","session":"02281e0f4042","build":"192.6262.58","bucket":"189","time":1574888230165,"group":{"id":"run.configuration.exec","version":"21"},"event":{"count":1,"data":{"created":1574888230173},"id":"registered"}}
{"recorder_version":"21","session":"02281e0f4042","build":"192.6262.58","bucket":"189","time":1574888230165,"group":{"id":"build.maven.packagesearch","version":"2"},"event":{"count":1,"data":{"created":1574888230173},"id":"registered"}}
{"recorder_version":"21","session":"02281e0f4042","build":"192.6262.58","bucket":"189","time":1574888231427,"group":{"id":"performance","version":"21"},"event":{"count":1,"data":{"duration_ms":1,"created":1574888231427},"id":"ui.latency"}}
{"recorder_version":"21","session":"02281e0f4042","build":"192.6262.58","bucket":"189","time":1574888263841,"group":{"id":"lifecycle","version":"21"},"event":{"count":1,"data":{"created":1574888263841,"project":"4452600da3b350ab41d92ae108c2baae6ff0ac3ddb31bd67020ee046ec77ac09"},"id":"frame.activated"}}
{"recorder_version":"21","session":"02281e0f4042","build":"192.6262.58","bucket":"189","time":1574888265774,"group":{"id":"lifecycle","version":"21"},"event":{"count":1,"data":{"restart":false,"created":1574888265774},"id":"ide.close"}}
{"recorder_version":"21","session":"02281e0f4042","build":"192.6262.58","bucket":"189","time":1574888265865,"group":{"id":"lifecycle","version":"21"},"event":{"count":1,"data":{"created":1574888265865,"project":"4452600da3b350ab41d92ae108c2baae6ff0ac3ddb31bd67020ee046ec77ac09"},"id":"project.closed"}}
