{"recorder_version":"21","session":"a54908e36c80","build":"192.6262.58","bucket":"189","time":1574781339600,"group":{"id":"settings","version":"4"},"event":{"state":true,"data":{"component":"NotRoamableUiSettings","created":1574781339753},"id":"invoked"}}
{"recorder_version":"21","session":"a54908e36c80","build":"192.6262.58","bucket":"189","time":1574781339602,"group":{"id":"system.java","version":"1"},"event":{"state":true,"data":{"created":1574781339767,"version":"1.11"},"id":"JetBrains"}}
{"recorder_version":"21","session":"a54908e36c80","build":"192.6262.58","bucket":"189","time":1574781339602,"group":{"id":"system.java","version":"1"},"event":{"state":true,"data":{"created":1574781339775},"id":"invoked"}}
{"recorder_version":"21","session":"a54908e36c80","build":"192.6262.58","bucket":"189","time":1574781339602,"group":{"id":"settings","version":"4"},"event":{"state":true,"data":{"component":"UISettings","created":1574781339776},"id":"invoked"}}
{"recorder_version":"21","session":"a54908e36c80","build":"192.6262.58","bucket":"189","time":1574781339623,"group":{"id":"system.os","version":"3"},"event":{"state":true,"data":{"created":1574781339777,"version":"10.14"},"id":"Mac"}}
{"recorder_version":"21","session":"a54908e36c80","build":"192.6262.58","bucket":"189","time":1574781339623,"group":{"id":"system.os","version":"3"},"event":{"state":true,"data":{"created":1574781339778,"name":"Mac","version":"10.14"},"id":"os.name"}}
{"recorder_version":"21","session":"a54908e36c80","build":"192.6262.58","bucket":"189","time":1574781339623,"group":{"id":"system.os","version":"3"},"event":{"state":true,"data":{"created":1574781339779,"value":"+09_00"},"id":"os.timezone"}}
{"recorder_version":"21","session":"a54908e36c80","build":"192.6262.58","bucket":"189","time":1574781339623,"group":{"id":"system.os","version":"3"},"event":{"state":true,"data":{"created":1574781339779},"id":"invoked"}}
{"recorder_version":"21","session":"a54908e36c80","build":"192.6262.58","bucket":"189","time":1574781339753,"group":{"id":"event.log","version":"21"},"event":{"count":1,"data":{"created":1574781339780,"version":"925.0"},"id":"whitelist.loaded"}}
{"recorder_version":"21","session":"a54908e36c80","build":"192.6262.58","bucket":"189","time":1574781341879,"group":{"id":"settings","version":"4"},"event":{"state":true,"data":{"component":"UpdatesConfigurable","created":1574781341879,"name":"checkNeeded","type":"bool","value":false},"id":"not.default"}}
{"recorder_version":"21","session":"a54908e36c80","build":"192.6262.58","bucket":"189","time":1574781341879,"group":{"id":"settings","version":"4"},"event":{"state":true,"data":{"component":"UpdatesConfigurable","created":1574781341880},"id":"invoked"}}
{"recorder_version":"21","session":"a54908e36c80","build":"192.6262.58","bucket":"189","time":1574781342013,"group":{"id":"settings","version":"4"},"event":{"state":true,"data":{"component":"GeneralSettings","created":1574781342013,"name":"confirmExit","type":"bool","value":false},"id":"not.default"}}
{"recorder_version":"21","session":"a54908e36c80","build":"192.6262.58","bucket":"189","time":1574781342013,"group":{"id":"settings","version":"4"},"event":{"state":true,"data":{"component":"GeneralSettings","created":1574781342017,"name":"showTipsOnStartup","type":"bool","value":false},"id":"not.default"}}
{"recorder_version":"21","session":"a54908e36c80","build":"192.6262.58","bucket":"189","time":1574781342013,"group":{"id":"settings","version":"4"},"event":{"state":true,"data":{"component":"GeneralSettings","created":1574781342018},"id":"invoked"}}
{"recorder_version":"21","session":"a54908e36c80","build":"192.6262.58","bucket":"189","time":1574781342021,"group":{"id":"lifecycle","version":"21"},"event":{"count":1,"data":{"internal":true,"eap":false,"created":1574781342022},"id":"ide.start"}}
{"recorder_version":"21","session":"a54908e36c80","build":"192.6262.58","bucket":"189","time":1574781342365,"group":{"id":"lifecycle","version":"21"},"event":{"count":1,"data":{"created":1574781342365},"id":"frame.activated"}}
{"recorder_version":"21","session":"a54908e36c80","build":"192.6262.58","bucket":"189","time":1574781342505,"group":{"id":"performance","version":"21"},"event":{"count":1,"data":{"duration_ms":1,"created":1574781342505},"id":"ui.latency"}}
{"recorder_version":"21","session":"a54908e36c80","build":"192.6262.58","bucket":"189","time":1574781342851,"group":{"id":"ui.dialogs","version":"21"},"event":{"count":1,"data":{"created":1574781342852,"plugin_type":"PLATFORM","type":"show"},"id":"com.intellij.openapi.progress.util.ProgressDialog$MyDialogWrapper"}}
{"recorder_version":"21","session":"a54908e36c80","build":"192.6262.58","bucket":"189","time":1574781344045,"group":{"id":"lifecycle","version":"21"},"event":{"count":1,"data":{"created":1574781344045,"project":"92ddc83aceaa9edad1485397ccc1680a8fd16623aa2c155379eac4aafdb2a559"},"id":"project.opened"}}
{"recorder_version":"21","session":"a54908e36c80","build":"192.6262.58","bucket":"189","time":1574781344778,"group":{"id":"performance","version":"21"},"event":{"count":1,"data":{"duration_ms":269,"created":1574781344778},"id":"ui.lagging"}}
{"recorder_version":"21","session":"a54908e36c80","build":"192.6262.58","bucket":"189","time":1574781345843,"group":{"id":"settings","version":"4"},"event":{"state":true,"data":{"component":"XmlEditorOptions","created":1574781345843},"id":"invoked"}}
{"recorder_version":"21","session":"a54908e36c80","build":"192.6262.58","bucket":"189","time":1574781345924,"group":{"id":"performance","version":"21"},"event":{"count":1,"data":{"duration_ms":410,"created":1574781345924},"id":"ui.lagging"}}
{"recorder_version":"21","session":"a54908e36c80","build":"192.6262.58","bucket":"189","time":1574781346120,"group":{"id":"toolwindow","version":"21"},"event":{"count":1,"data":{"os":"Mac","created":1574781346120,"plugin_type":"PLATFORM"},"id":"Project"}}
{"recorder_version":"21","session":"a54908e36c80","build":"192.6262.58","bucket":"189","time":1574781348595,"group":{"id":"project.fs","version":"1"},"event":{"state":true,"data":{"os":"Mac","cs-project":false,"created":1574781348595,"project":"92ddc83aceaa9edad1485397ccc1680a8fd16623aa2c155379eac4aafdb2a559","cs-implicit":true,"cs-system":false},"id":"case-sensitivity"}}
{"recorder_version":"21","session":"a54908e36c80","build":"192.6262.58","bucket":"189","time":1574781348595,"group":{"id":"project.fs","version":"1"},"event":{"state":true,"data":{"created":1574781348595},"id":"invoked"}}
{"recorder_version":"21","session":"a54908e36c80","build":"192.6262.58","bucket":"189","time":1574781348596,"group":{"id":"project.fs","version":"1"},"event":{"state":true,"data":{"pct-non-watched":0,"created":1574781348596,"project":"92ddc83aceaa9edad1485397ccc1680a8fd16623aa2c155379eac4aafdb2a559"},"id":"roots-watched"}}
{"recorder_version":"21","session":"a54908e36c80","build":"192.6262.58","bucket":"189","time":1574781348596,"group":{"id":"project.fs","version":"1"},"event":{"state":true,"data":{"created":1574781348596},"id":"invoked"}}
{"recorder_version":"21","session":"a54908e36c80","build":"192.6262.58","bucket":"189","time":1574781348623,"group":{"id":"ui.dialogs","version":"21"},"event":{"count":1,"data":{"code":1,"created":1574781348624,"plugin_type":"PLATFORM","type":"close"},"id":"com.intellij.openapi.progress.util.ProgressDialog$MyDialogWrapper"}}
{"recorder_version":"21","session":"a54908e36c80","build":"192.6262.58","bucket":"189","time":1574781348788,"group":{"id":"lifecycle","version":"21"},"event":{"count":1,"data":{"duration_ms":6209,"created":1574781348789,"project":"92ddc83aceaa9edad1485397ccc1680a8fd16623aa2c155379eac4aafdb2a559"},"id":"project.opening.finished"}}
{"recorder_version":"21","session":"a54908e36c80","build":"192.6262.58","bucket":"189","time":1574781349270,"group":{"id":"kotlin.jps.target","version":"1"},"event":{"count":1,"data":{"plugin_version":"1.3.41-release-IJ2019.2-1","created":1574781349270},"id":"jvm"}}
{"recorder_version":"21","session":"a54908e36c80","build":"192.6262.58","bucket":"189","time":1574781349699,"group":{"id":"lifecycle","version":"21"},"event":{"count":1,"data":{"created":1574781349699,"project":"92ddc83aceaa9edad1485397ccc1680a8fd16623aa2c155379eac4aafdb2a559"},"id":"project.closed"}}
{"recorder_version":"21","session":"a54908e36c80","build":"192.6262.58","bucket":"189","time":1574781351320,"group":{"id":"lifecycle","version":"21"},"event":{"count":1,"data":{"restart":false,"created":1574781351321},"id":"ide.close"}}
