{"recorder_version":"21","session":"cf61c648b30a","build":"192.6262.58","bucket":"189","time":1575350047042,"group":{"id":"settings","version":"4"},"event":{"state":true,"data":{"component":"NotRoamableUiSettings","created":1575350047181},"id":"invoked"}}
{"recorder_version":"21","session":"cf61c648b30a","build":"192.6262.58","bucket":"189","time":1575350047045,"group":{"id":"system.java","version":"1"},"event":{"state":true,"data":{"created":1575350047183,"version":"1.11"},"id":"JetBrains"}}
{"recorder_version":"21","session":"cf61c648b30a","build":"192.6262.58","bucket":"189","time":1575350047045,"group":{"id":"system.java","version":"1"},"event":{"state":true,"data":{"created":1575350047189},"id":"invoked"}}
{"recorder_version":"21","session":"cf61c648b30a","build":"192.6262.58","bucket":"189","time":1575350047045,"group":{"id":"settings","version":"4"},"event":{"state":true,"data":{"component":"UISettings","created":1575350047189},"id":"invoked"}}
{"recorder_version":"21","session":"cf61c648b30a","build":"192.6262.58","bucket":"189","time":1575350047065,"group":{"id":"system.os","version":"3"},"event":{"state":true,"data":{"created":1575350047190,"version":"10.14"},"id":"Mac"}}
{"recorder_version":"21","session":"cf61c648b30a","build":"192.6262.58","bucket":"189","time":1575350047065,"group":{"id":"system.os","version":"3"},"event":{"state":true,"data":{"created":1575350047190,"name":"Mac","version":"10.14"},"id":"os.name"}}
{"recorder_version":"21","session":"cf61c648b30a","build":"192.6262.58","bucket":"189","time":1575350047065,"group":{"id":"system.os","version":"3"},"event":{"state":true,"data":{"created":1575350047191,"value":"+09_00"},"id":"os.timezone"}}
{"recorder_version":"21","session":"cf61c648b30a","build":"192.6262.58","bucket":"189","time":1575350047065,"group":{"id":"system.os","version":"3"},"event":{"state":true,"data":{"created":1575350047191},"id":"invoked"}}
{"recorder_version":"21","session":"cf61c648b30a","build":"192.6262.58","bucket":"189","time":1575350047181,"group":{"id":"event.log","version":"21"},"event":{"count":1,"data":{"created":1575350047192,"version":"943.0"},"id":"whitelist.loaded"}}
{"recorder_version":"21","session":"cf61c648b30a","build":"192.6262.58","bucket":"189","time":1575350049361,"group":{"id":"settings","version":"4"},"event":{"state":true,"data":{"component":"UpdatesConfigurable","created":1575350049362,"name":"checkNeeded","type":"bool","value":false},"id":"not.default"}}
{"recorder_version":"21","session":"cf61c648b30a","build":"192.6262.58","bucket":"189","time":1575350049361,"group":{"id":"settings","version":"4"},"event":{"state":true,"data":{"component":"UpdatesConfigurable","created":1575350049363},"id":"invoked"}}
{"recorder_version":"21","session":"cf61c648b30a","build":"192.6262.58","bucket":"189","time":1575350049482,"group":{"id":"settings","version":"4"},"event":{"state":true,"data":{"component":"GeneralSettings","created":1575350049484,"name":"confirmExit","type":"bool","value":false},"id":"not.default"}}
{"recorder_version":"21","session":"cf61c648b30a","build":"192.6262.58","bucket":"189","time":1575350049483,"group":{"id":"settings","version":"4"},"event":{"state":true,"data":{"component":"GeneralSettings","created":1575350049485,"name":"showTipsOnStartup","type":"bool","value":false},"id":"not.default"}}
{"recorder_version":"21","session":"cf61c648b30a","build":"192.6262.58","bucket":"189","time":1575350049483,"group":{"id":"settings","version":"4"},"event":{"state":true,"data":{"component":"GeneralSettings","created":1575350049485},"id":"invoked"}}
{"recorder_version":"21","session":"cf61c648b30a","build":"192.6262.58","bucket":"189","time":1575350049491,"group":{"id":"lifecycle","version":"21"},"event":{"count":1,"data":{"internal":true,"eap":false,"created":1575350049492},"id":"ide.start"}}
{"recorder_version":"21","session":"cf61c648b30a","build":"192.6262.58","bucket":"189","time":1575350049776,"group":{"id":"lifecycle","version":"21"},"event":{"count":1,"data":{"created":1575350049776},"id":"frame.activated"}}
{"recorder_version":"21","session":"cf61c648b30a","build":"192.6262.58","bucket":"189","time":1575350049901,"group":{"id":"performance","version":"21"},"event":{"count":1,"data":{"duration_ms":1,"created":1575350049901},"id":"ui.latency"}}
{"recorder_version":"21","session":"cf61c648b30a","build":"192.6262.58","bucket":"189","time":1575350050233,"group":{"id":"ui.dialogs","version":"21"},"event":{"count":1,"data":{"created":1575350050235,"plugin_type":"PLATFORM","type":"show"},"id":"com.intellij.openapi.progress.util.ProgressDialog$MyDialogWrapper"}}
{"recorder_version":"21","session":"cf61c648b30a","build":"192.6262.58","bucket":"189","time":1575350051346,"group":{"id":"lifecycle","version":"21"},"event":{"count":1,"data":{"created":1575350051347,"project":"4452600da3b350ab41d92ae108c2baae6ff0ac3ddb31bd67020ee046ec77ac09"},"id":"project.opened"}}
{"recorder_version":"21","session":"cf61c648b30a","build":"192.6262.58","bucket":"189","time":1575350052079,"group":{"id":"performance","version":"21"},"event":{"count":1,"data":{"duration_ms":173,"created":1575350052080},"id":"ui.lagging"}}
{"recorder_version":"21","session":"cf61c648b30a","build":"192.6262.58","bucket":"189","time":1575350053106,"group":{"id":"settings","version":"4"},"event":{"state":true,"data":{"component":"XmlEditorOptions","created":1575350053107},"id":"invoked"}}
{"recorder_version":"21","session":"cf61c648b30a","build":"192.6262.58","bucket":"189","time":1575350053157,"group":{"id":"performance","version":"21"},"event":{"count":1,"data":{"duration_ms":251,"created":1575350053157},"id":"ui.lagging"}}
{"recorder_version":"21","session":"cf61c648b30a","build":"192.6262.58","bucket":"189","time":1575350053734,"group":{"id":"toolwindow","version":"21"},"event":{"count":1,"data":{"os":"Mac","created":1575350053734,"plugin_type":"PLATFORM"},"id":"Project"}}
{"recorder_version":"21","session":"cf61c648b30a","build":"192.6262.58","bucket":"189","time":1575350054587,"group":{"id":"performance","version":"21"},"event":{"count":1,"data":{"duration_ms":676,"created":1575350054587},"id":"ui.lagging"}}
{"recorder_version":"21","session":"cf61c648b30a","build":"192.6262.58","bucket":"189","time":1575350055107,"group":{"id":"performance","version":"21"},"event":{"count":1,"data":{"duration_ms":196,"created":1575350055107},"id":"ui.lagging"}}
{"recorder_version":"21","session":"cf61c648b30a","build":"192.6262.58","bucket":"189","time":1575350055843,"group":{"id":"kotlin.jps.target","version":"1"},"event":{"count":2,"data":{"plugin_version":"validation.undefined_rule","last":1575350055844,"created":1575350055843},"id":"validation.undefined_rule"}}
{"recorder_version":"21","session":"cf61c648b30a","build":"192.6262.58","bucket":"189","time":1575350056157,"group":{"id":"project.fs","version":"1"},"event":{"state":true,"data":{"os":"Mac","cs-project":false,"created":1575350056157,"project":"4452600da3b350ab41d92ae108c2baae6ff0ac3ddb31bd67020ee046ec77ac09","cs-implicit":true,"cs-system":false},"id":"case-sensitivity"}}
{"recorder_version":"21","session":"cf61c648b30a","build":"192.6262.58","bucket":"189","time":1575350056157,"group":{"id":"project.fs","version":"1"},"event":{"state":true,"data":{"created":1575350056158},"id":"invoked"}}
{"recorder_version":"21","session":"cf61c648b30a","build":"192.6262.58","bucket":"189","time":1575350056158,"group":{"id":"project.fs","version":"1"},"event":{"state":true,"data":{"pct-non-watched":0,"created":1575350056158,"project":"4452600da3b350ab41d92ae108c2baae6ff0ac3ddb31bd67020ee046ec77ac09"},"id":"roots-watched"}}
{"recorder_version":"21","session":"cf61c648b30a","build":"192.6262.58","bucket":"189","time":1575350056158,"group":{"id":"project.fs","version":"1"},"event":{"state":true,"data":{"created":1575350056158},"id":"invoked"}}
{"recorder_version":"21","session":"cf61c648b30a","build":"192.6262.58","bucket":"189","time":1575350056240,"group":{"id":"ui.dialogs","version":"21"},"event":{"count":1,"data":{"code":1,"created":1575350056240,"plugin_type":"PLATFORM","type":"close"},"id":"com.intellij.openapi.progress.util.ProgressDialog$MyDialogWrapper"}}
{"recorder_version":"21","session":"cf61c648b30a","build":"192.6262.58","bucket":"189","time":1575350056565,"group":{"id":"lifecycle","version":"21"},"event":{"count":1,"data":{"duration_ms":6595,"created":1575350056565,"project":"4452600da3b350ab41d92ae108c2baae6ff0ac3ddb31bd67020ee046ec77ac09"},"id":"project.opening.finished"}}
{"recorder_version":"21","session":"cf61c648b30a","build":"192.6262.58","bucket":"189","time":1575350057017,"group":{"id":"performance","version":"21"},"event":{"count":1,"data":{"duration_ms":103,"created":1575350057017},"id":"ui.lagging"}}
{"recorder_version":"21","session":"cf61c648b30a","build":"192.6262.58","bucket":"189","time":1575350057780,"group":{"id":"file.types.usage","version":"21"},"event":{"count":1,"data":{"plugin":"com.intellij.java","created":1575350057780,"plugin_type":"JB_BUNDLED","project":"4452600da3b350ab41d92ae108c2baae6ff0ac3ddb31bd67020ee046ec77ac09","type":"edit"},"id":"JAVA"}}
{"recorder_version":"21","session":"cf61c648b30a","build":"192.6262.58","bucket":"189","time":1575350058369,"group":{"id":"performance","version":"21"},"event":{"count":1,"data":{"duration_ms":455,"created":1575350058370},"id":"ui.lagging"}}
{"recorder_version":"21","session":"cf61c648b30a","build":"192.6262.58","bucket":"189","time":1575350058623,"group":{"id":"vcs.change.reminder","version":"1"},"event":{"count":1,"data":{"created":1575350058623,"project":"4452600da3b350ab41d92ae108c2baae6ff0ac3ddb31bd67020ee046ec77ac09","execution_time":59},"id":"prediction.calculated"}}
{"recorder_version":"21","session":"cf61c648b30a","build":"192.6262.58","bucket":"189","time":1575350058671,"group":{"id":"vcs.change.reminder","version":"1"},"event":{"count":1,"data":{"created":1575350058671,"project":"4452600da3b350ab41d92ae108c2baae6ff0ac3ddb31bd67020ee046ec77ac09","execution_time":48},"id":"prediction.calculated"}}
{"recorder_version":"21","session":"cf61c648b30a","build":"192.6262.58","bucket":"189","time":1575350058718,"group":{"id":"vcs.change.reminder","version":"1"},"event":{"count":1,"data":{"created":1575350058719,"project":"4452600da3b350ab41d92ae108c2baae6ff0ac3ddb31bd67020ee046ec77ac09","execution_time":47},"id":"prediction.calculated"}}
{"recorder_version":"21","session":"cf61c648b30a","build":"192.6262.58","bucket":"189","time":1575350058784,"group":{"id":"vcs.change.reminder","version":"1"},"event":{"count":1,"data":{"created":1575350058784,"project":"4452600da3b350ab41d92ae108c2baae6ff0ac3ddb31bd67020ee046ec77ac09","execution_time":65},"id":"prediction.calculated"}}
{"recorder_version":"21","session":"cf61c648b30a","build":"192.6262.58","bucket":"189","time":1575350058819,"group":{"id":"vcs.change.reminder","version":"1"},"event":{"count":1,"data":{"created":1575350058819,"project":"4452600da3b350ab41d92ae108c2baae6ff0ac3ddb31bd67020ee046ec77ac09","execution_time":35},"id":"prediction.calculated"}}
{"recorder_version":"21","session":"cf61c648b30a","build":"192.6262.58","bucket":"189","time":1575350060674,"group":{"id":"lifecycle","version":"21"},"event":{"count":1,"data":{"created":1575350060674,"project":"4452600da3b350ab41d92ae108c2baae6ff0ac3ddb31bd67020ee046ec77ac09"},"id":"frame.deactivated"}}
{"recorder_version":"21","session":"cf61c648b30a","build":"192.6262.58","bucket":"189","time":1575350061939,"group":{"id":"lifecycle","version":"21"},"event":{"count":1,"data":{"created":1575350061939,"project":"4452600da3b350ab41d92ae108c2baae6ff0ac3ddb31bd67020ee046ec77ac09"},"id":"frame.activated"}}
{"recorder_version":"21","session":"cf61c648b30a","build":"192.6262.58","bucket":"189","time":1575350069083,"group":{"id":"lifecycle","version":"21"},"event":{"count":1,"data":{"created":1575350069084,"project":"4452600da3b350ab41d92ae108c2baae6ff0ac3ddb31bd67020ee046ec77ac09"},"id":"frame.deactivated"}}
{"recorder_version":"21","session":"cf61c648b30a","build":"192.6262.58","bucket":"189","time":1575350105780,"group":{"id":"lifecycle","version":"21"},"event":{"count":1,"data":{"created":1575350105780,"project":"4452600da3b350ab41d92ae108c2baae6ff0ac3ddb31bd67020ee046ec77ac09"},"id":"frame.activated"}}
{"recorder_version":"21","session":"cf61c648b30a","build":"192.6262.58","bucket":"189","time":1575350106213,"group":{"id":"lifecycle","version":"21"},"event":{"count":1,"data":{"restart":false,"created":1575350106213},"id":"ide.close"}}
{"recorder_version":"21","session":"cf61c648b30a","build":"192.6262.58","bucket":"189","time":1575350106308,"group":{"id":"lifecycle","version":"21"},"event":{"count":1,"data":{"created":1575350106308,"project":"4452600da3b350ab41d92ae108c2baae6ff0ac3ddb31bd67020ee046ec77ac09"},"id":"project.closed"}}
