{"recorder_version":"21","session":"1bb4ef4ed299","build":"192.6262.58","bucket":"189","time":1575349985847,"group":{"id":"settings","version":"4"},"event":{"state":true,"data":{"component":"NotRoamableUiSettings","created":1575349985997},"id":"invoked"}}
{"recorder_version":"21","session":"1bb4ef4ed299","build":"192.6262.58","bucket":"189","time":1575349985850,"group":{"id":"system.java","version":"1"},"event":{"state":true,"data":{"created":1575349985999,"version":"1.11"},"id":"JetBrains"}}
{"recorder_version":"21","session":"1bb4ef4ed299","build":"192.6262.58","bucket":"189","time":1575349985850,"group":{"id":"settings","version":"4"},"event":{"state":true,"data":{"component":"UISettings","created":1575349986008},"id":"invoked"}}
{"recorder_version":"21","session":"1bb4ef4ed299","build":"192.6262.58","bucket":"189","time":1575349985850,"group":{"id":"system.java","version":"1"},"event":{"state":true,"data":{"created":1575349986008},"id":"invoked"}}
{"recorder_version":"21","session":"1bb4ef4ed299","build":"192.6262.58","bucket":"189","time":1575349985873,"group":{"id":"system.os","version":"3"},"event":{"state":true,"data":{"created":1575349986009,"version":"10.14"},"id":"Mac"}}
{"recorder_version":"21","session":"1bb4ef4ed299","build":"192.6262.58","bucket":"189","time":1575349985873,"group":{"id":"system.os","version":"3"},"event":{"state":true,"data":{"created":1575349986009,"name":"Mac","version":"10.14"},"id":"os.name"}}
{"recorder_version":"21","session":"1bb4ef4ed299","build":"192.6262.58","bucket":"189","time":1575349985873,"group":{"id":"system.os","version":"3"},"event":{"state":true,"data":{"created":1575349986010,"value":"+09_00"},"id":"os.timezone"}}
{"recorder_version":"21","session":"1bb4ef4ed299","build":"192.6262.58","bucket":"189","time":1575349985873,"group":{"id":"system.os","version":"3"},"event":{"state":true,"data":{"created":1575349986011},"id":"invoked"}}
{"recorder_version":"21","session":"1bb4ef4ed299","build":"192.6262.58","bucket":"189","time":1575349985997,"group":{"id":"event.log","version":"21"},"event":{"count":1,"data":{"created":1575349986011,"version":"943.0"},"id":"whitelist.loaded"}}
{"recorder_version":"21","session":"1bb4ef4ed299","build":"192.6262.58","bucket":"189","time":1575349988145,"group":{"id":"settings","version":"4"},"event":{"state":true,"data":{"component":"UpdatesConfigurable","created":1575349988146,"name":"checkNeeded","type":"bool","value":false},"id":"not.default"}}
{"recorder_version":"21","session":"1bb4ef4ed299","build":"192.6262.58","bucket":"189","time":1575349988146,"group":{"id":"settings","version":"4"},"event":{"state":true,"data":{"component":"UpdatesConfigurable","created":1575349988147},"id":"invoked"}}
{"recorder_version":"21","session":"1bb4ef4ed299","build":"192.6262.58","bucket":"189","time":1575349988705,"group":{"id":"lifecycle","version":"21"},"event":{"count":1,"data":{"internal":true,"eap":false,"created":1575349988706},"id":"ide.start"}}
{"recorder_version":"21","session":"1bb4ef4ed299","build":"192.6262.58","bucket":"189","time":1575349988708,"group":{"id":"settings","version":"4"},"event":{"state":true,"data":{"component":"GeneralSettings","created":1575349988708,"name":"confirmExit","type":"bool","value":false},"id":"not.default"}}
{"recorder_version":"21","session":"1bb4ef4ed299","build":"192.6262.58","bucket":"189","time":1575349988708,"group":{"id":"settings","version":"4"},"event":{"state":true,"data":{"component":"GeneralSettings","created":1575349988709,"name":"showTipsOnStartup","type":"bool","value":false},"id":"not.default"}}
{"recorder_version":"21","session":"1bb4ef4ed299","build":"192.6262.58","bucket":"189","time":1575349988708,"group":{"id":"settings","version":"4"},"event":{"state":true,"data":{"component":"GeneralSettings","created":1575349988710},"id":"invoked"}}
{"recorder_version":"21","session":"1bb4ef4ed299","build":"192.6262.58","bucket":"189","time":1575349988747,"group":{"id":"performance","version":"21"},"event":{"count":1,"data":{"duration_ms":57,"created":1575349988747},"id":"ui.latency"}}
{"recorder_version":"21","session":"1bb4ef4ed299","build":"192.6262.58","bucket":"189","time":1575349989315,"group":{"id":"settings","version":"4"},"event":{"state":true,"data":{"component":"XmlEditorOptions","created":1575349989315},"id":"invoked"}}
{"recorder_version":"21","session":"1bb4ef4ed299","build":"192.6262.58","bucket":"189","time":1575349990839,"group":{"id":"ui.dialogs","version":"21"},"event":{"count":1,"data":{"created":1575349990841,"plugin_type":"PLATFORM","type":"show"},"id":"com.intellij.openapi.progress.util.ProgressDialog$MyDialogWrapper"}}
{"recorder_version":"21","session":"1bb4ef4ed299","build":"192.6262.58","bucket":"189","time":1575349991818,"group":{"id":"lifecycle","version":"21"},"event":{"count":1,"data":{"created":1575349991818,"project":"4452600da3b350ab41d92ae108c2baae6ff0ac3ddb31bd67020ee046ec77ac09"},"id":"project.opened"}}
{"recorder_version":"21","session":"1bb4ef4ed299","build":"192.6262.58","bucket":"189","time":1575349994074,"group":{"id":"toolwindow","version":"21"},"event":{"count":1,"data":{"os":"Mac","created":1575349994074,"plugin_type":"PLATFORM"},"id":"Project"}}
{"recorder_version":"21","session":"1bb4ef4ed299","build":"192.6262.58","bucket":"189","time":1575349996007,"group":{"id":"project.fs","version":"1"},"event":{"state":true,"data":{"os":"Mac","cs-project":false,"created":1575349996008,"project":"4452600da3b350ab41d92ae108c2baae6ff0ac3ddb31bd67020ee046ec77ac09","cs-implicit":true,"cs-system":false},"id":"case-sensitivity"}}
{"recorder_version":"21","session":"1bb4ef4ed299","build":"192.6262.58","bucket":"189","time":1575349996007,"group":{"id":"project.fs","version":"1"},"event":{"state":true,"data":{"created":1575349996008},"id":"invoked"}}
{"recorder_version":"21","session":"1bb4ef4ed299","build":"192.6262.58","bucket":"189","time":1575349996009,"group":{"id":"project.fs","version":"1"},"event":{"state":true,"data":{"pct-non-watched":0,"created":1575349996009,"project":"4452600da3b350ab41d92ae108c2baae6ff0ac3ddb31bd67020ee046ec77ac09"},"id":"roots-watched"}}
{"recorder_version":"21","session":"1bb4ef4ed299","build":"192.6262.58","bucket":"189","time":1575349996009,"group":{"id":"project.fs","version":"1"},"event":{"state":true,"data":{"created":1575349996009},"id":"invoked"}}
{"recorder_version":"21","session":"1bb4ef4ed299","build":"192.6262.58","bucket":"189","time":1575349996038,"group":{"id":"ui.dialogs","version":"21"},"event":{"count":1,"data":{"code":1,"created":1575349996038,"plugin_type":"PLATFORM","type":"close"},"id":"com.intellij.openapi.progress.util.ProgressDialog$MyDialogWrapper"}}
{"recorder_version":"21","session":"1bb4ef4ed299","build":"192.6262.58","bucket":"189","time":1575349996144,"group":{"id":"lifecycle","version":"21"},"event":{"count":1,"data":{"duration_ms":5586,"created":1575349996144,"project":"4452600da3b350ab41d92ae108c2baae6ff0ac3ddb31bd67020ee046ec77ac09"},"id":"project.opening.finished"}}
{"recorder_version":"21","session":"1bb4ef4ed299","build":"192.6262.58","bucket":"189","time":1575349996856,"group":{"id":"kotlin.jps.target","version":"1"},"event":{"count":2,"data":{"plugin_version":"validation.undefined_rule","last":1575349996856,"created":1575349996856},"id":"validation.undefined_rule"}}
{"recorder_version":"21","session":"1bb4ef4ed299","build":"192.6262.58","bucket":"189","time":1575349997648,"group":{"id":"vcs.change.reminder","version":"1"},"event":{"count":1,"data":{"created":1575349997648,"project":"4452600da3b350ab41d92ae108c2baae6ff0ac3ddb31bd67020ee046ec77ac09","execution_time":248},"id":"prediction.calculated"}}
{"recorder_version":"21","session":"1bb4ef4ed299","build":"192.6262.58","bucket":"189","time":1575349997893,"group":{"id":"performance","version":"21"},"event":{"count":1,"data":{"duration_ms":188,"created":1575349997893},"id":"ui.lagging"}}
{"recorder_version":"21","session":"1bb4ef4ed299","build":"192.6262.58","bucket":"189","time":1575349998877,"group":{"id":"file.types.usage","version":"21"},"event":{"count":1,"data":{"plugin":"com.intellij.java","created":1575349998877,"plugin_type":"JB_BUNDLED","project":"4452600da3b350ab41d92ae108c2baae6ff0ac3ddb31bd67020ee046ec77ac09","type":"edit"},"id":"JAVA"}}
{"recorder_version":"21","session":"1bb4ef4ed299","build":"192.6262.58","bucket":"189","time":1575350003742,"group":{"id":"lifecycle","version":"21"},"event":{"count":1,"data":{"created":1575350003742,"project":"4452600da3b350ab41d92ae108c2baae6ff0ac3ddb31bd67020ee046ec77ac09"},"id":"frame.deactivated"}}
{"recorder_version":"21","session":"1bb4ef4ed299","build":"192.6262.58","bucket":"189","time":1575350006098,"group":{"id":"lifecycle","version":"21"},"event":{"count":1,"data":{"created":1575350006098,"project":"4452600da3b350ab41d92ae108c2baae6ff0ac3ddb31bd67020ee046ec77ac09"},"id":"frame.activated"}}
{"recorder_version":"21","session":"1bb4ef4ed299","build":"192.6262.58","bucket":"189","time":1575350011489,"group":{"id":"lifecycle","version":"21"},"event":{"count":1,"data":{"created":1575350011490,"project":"4452600da3b350ab41d92ae108c2baae6ff0ac3ddb31bd67020ee046ec77ac09"},"id":"frame.deactivated"}}
{"recorder_version":"21","session":"1bb4ef4ed299","build":"192.6262.58","bucket":"189","time":1575350038186,"group":{"id":"lifecycle","version":"21"},"event":{"count":1,"data":{"created":1575350038186,"project":"4452600da3b350ab41d92ae108c2baae6ff0ac3ddb31bd67020ee046ec77ac09"},"id":"frame.activated"}}
{"recorder_version":"21","session":"1bb4ef4ed299","build":"192.6262.58","bucket":"189","time":1575350038846,"group":{"id":"lifecycle","version":"21"},"event":{"count":1,"data":{"restart":false,"created":1575350038846},"id":"ide.close"}}
{"recorder_version":"21","session":"1bb4ef4ed299","build":"192.6262.58","bucket":"189","time":1575350038934,"group":{"id":"lifecycle","version":"21"},"event":{"count":1,"data":{"created":1575350038934,"project":"4452600da3b350ab41d92ae108c2baae6ff0ac3ddb31bd67020ee046ec77ac09"},"id":"project.closed"}}
