{"recorder_version":"21","session":"17017afd506d","build":"192.6262.58","bucket":"189","time":1574812698203,"group":{"id":"settings","version":"4"},"event":{"state":true,"data":{"component":"NotRoamableUiSettings","created":1574812698358},"id":"invoked"}}
{"recorder_version":"21","session":"17017afd506d","build":"192.6262.58","bucket":"189","time":1574812698205,"group":{"id":"system.java","version":"1"},"event":{"state":true,"data":{"created":1574812698360,"version":"1.11"},"id":"JetBrains"}}
{"recorder_version":"21","session":"17017afd506d","build":"192.6262.58","bucket":"189","time":1574812698205,"group":{"id":"system.java","version":"1"},"event":{"state":true,"data":{"created":1574812698368},"id":"invoked"}}
{"recorder_version":"21","session":"17017afd506d","build":"192.6262.58","bucket":"189","time":1574812698205,"group":{"id":"settings","version":"4"},"event":{"state":true,"data":{"component":"UISettings","created":1574812698369},"id":"invoked"}}
{"recorder_version":"21","session":"17017afd506d","build":"192.6262.58","bucket":"189","time":1574812698227,"group":{"id":"system.os","version":"3"},"event":{"state":true,"data":{"created":1574812698370,"version":"10.14"},"id":"Mac"}}
{"recorder_version":"21","session":"17017afd506d","build":"192.6262.58","bucket":"189","time":1574812698227,"group":{"id":"system.os","version":"3"},"event":{"state":true,"data":{"created":1574812698371,"name":"Mac","version":"10.14"},"id":"os.name"}}
{"recorder_version":"21","session":"17017afd506d","build":"192.6262.58","bucket":"189","time":1574812698227,"group":{"id":"system.os","version":"3"},"event":{"state":true,"data":{"created":1574812698372,"value":"+09_00"},"id":"os.timezone"}}
{"recorder_version":"21","session":"17017afd506d","build":"192.6262.58","bucket":"189","time":1574812698227,"group":{"id":"system.os","version":"3"},"event":{"state":true,"data":{"created":1574812698373},"id":"invoked"}}
{"recorder_version":"21","session":"17017afd506d","build":"192.6262.58","bucket":"189","time":1574812698358,"group":{"id":"event.log","version":"21"},"event":{"count":1,"data":{"created":1574812698374,"version":"930.0"},"id":"whitelist.loaded"}}
{"recorder_version":"21","session":"17017afd506d","build":"192.6262.58","bucket":"189","time":1574812700493,"group":{"id":"settings","version":"4"},"event":{"state":true,"data":{"component":"UpdatesConfigurable","created":1574812700494,"name":"checkNeeded","type":"bool","value":false},"id":"not.default"}}
{"recorder_version":"21","session":"17017afd506d","build":"192.6262.58","bucket":"189","time":1574812700494,"group":{"id":"settings","version":"4"},"event":{"state":true,"data":{"component":"UpdatesConfigurable","created":1574812700504},"id":"invoked"}}
{"recorder_version":"21","session":"17017afd506d","build":"192.6262.58","bucket":"189","time":1574812700630,"group":{"id":"settings","version":"4"},"event":{"state":true,"data":{"component":"GeneralSettings","created":1574812700631,"name":"confirmExit","type":"bool","value":false},"id":"not.default"}}
{"recorder_version":"21","session":"17017afd506d","build":"192.6262.58","bucket":"189","time":1574812700630,"group":{"id":"settings","version":"4"},"event":{"state":true,"data":{"component":"GeneralSettings","created":1574812700635,"name":"showTipsOnStartup","type":"bool","value":false},"id":"not.default"}}
{"recorder_version":"21","session":"17017afd506d","build":"192.6262.58","bucket":"189","time":1574812700630,"group":{"id":"settings","version":"4"},"event":{"state":true,"data":{"component":"GeneralSettings","created":1574812700636},"id":"invoked"}}
{"recorder_version":"21","session":"17017afd506d","build":"192.6262.58","bucket":"189","time":1574812700639,"group":{"id":"lifecycle","version":"21"},"event":{"count":1,"data":{"internal":true,"eap":false,"created":1574812700639},"id":"ide.start"}}
{"recorder_version":"21","session":"17017afd506d","build":"192.6262.58","bucket":"189","time":1574812700904,"group":{"id":"lifecycle","version":"21"},"event":{"count":1,"data":{"created":1574812700904},"id":"frame.activated"}}
{"recorder_version":"21","session":"17017afd506d","build":"192.6262.58","bucket":"189","time":1574812701164,"group":{"id":"performance","version":"21"},"event":{"count":1,"data":{"duration_ms":1,"created":1574812701164},"id":"ui.latency"}}
{"recorder_version":"21","session":"17017afd506d","build":"192.6262.58","bucket":"189","time":1574812701379,"group":{"id":"ui.dialogs","version":"21"},"event":{"count":1,"data":{"created":1574812701379,"plugin_type":"PLATFORM","type":"show"},"id":"com.intellij.openapi.progress.util.ProgressDialog$MyDialogWrapper"}}
{"recorder_version":"21","session":"17017afd506d","build":"192.6262.58","bucket":"189","time":1574812702346,"group":{"id":"lifecycle","version":"21"},"event":{"count":1,"data":{"created":1574812702346,"project":"92ddc83aceaa9edad1485397ccc1680a8fd16623aa2c155379eac4aafdb2a559"},"id":"project.opened"}}
{"recorder_version":"21","session":"17017afd506d","build":"192.6262.58","bucket":"189","time":1574812704402,"group":{"id":"settings","version":"4"},"event":{"state":true,"data":{"component":"XmlEditorOptions","created":1574812704402},"id":"invoked"}}
{"recorder_version":"21","session":"17017afd506d","build":"192.6262.58","bucket":"189","time":1574812704442,"group":{"id":"performance","version":"21"},"event":{"count":1,"data":{"duration_ms":273,"created":1574812704442},"id":"ui.lagging"}}
{"recorder_version":"21","session":"17017afd506d","build":"192.6262.58","bucket":"189","time":1574812704938,"group":{"id":"toolwindow","version":"21"},"event":{"count":1,"data":{"os":"Mac","created":1574812704938,"plugin_type":"PLATFORM"},"id":"Project"}}
{"recorder_version":"21","session":"17017afd506d","build":"192.6262.58","bucket":"189","time":1574812705340,"group":{"id":"performance","version":"21"},"event":{"count":1,"data":{"duration_ms":172,"created":1574812705341},"id":"ui.lagging"}}
{"recorder_version":"21","session":"17017afd506d","build":"192.6262.58","bucket":"189","time":1574812707335,"group":{"id":"performance","version":"21"},"event":{"count":1,"data":{"duration_ms":163,"created":1574812707335},"id":"ui.lagging"}}
{"recorder_version":"21","session":"17017afd506d","build":"192.6262.58","bucket":"189","time":1574812707520,"group":{"id":"project.fs","version":"1"},"event":{"state":true,"data":{"os":"Mac","cs-project":false,"created":1574812707520,"project":"92ddc83aceaa9edad1485397ccc1680a8fd16623aa2c155379eac4aafdb2a559","cs-implicit":true,"cs-system":false},"id":"case-sensitivity"}}
{"recorder_version":"21","session":"17017afd506d","build":"192.6262.58","bucket":"189","time":1574812707521,"group":{"id":"project.fs","version":"1"},"event":{"state":true,"data":{"created":1574812707521},"id":"invoked"}}
{"recorder_version":"21","session":"17017afd506d","build":"192.6262.58","bucket":"189","time":1574812707524,"group":{"id":"project.fs","version":"1"},"event":{"state":true,"data":{"pct-non-watched":0,"created":1574812707524,"project":"92ddc83aceaa9edad1485397ccc1680a8fd16623aa2c155379eac4aafdb2a559"},"id":"roots-watched"}}
{"recorder_version":"21","session":"17017afd506d","build":"192.6262.58","bucket":"189","time":1574812707524,"group":{"id":"project.fs","version":"1"},"event":{"state":true,"data":{"created":1574812707524},"id":"invoked"}}
{"recorder_version":"21","session":"17017afd506d","build":"192.6262.58","bucket":"189","time":1574812707544,"group":{"id":"ui.dialogs","version":"21"},"event":{"count":1,"data":{"code":1,"created":1574812707544,"plugin_type":"PLATFORM","type":"close"},"id":"com.intellij.openapi.progress.util.ProgressDialog$MyDialogWrapper"}}
{"recorder_version":"21","session":"17017afd506d","build":"192.6262.58","bucket":"189","time":1574812707705,"group":{"id":"lifecycle","version":"21"},"event":{"count":1,"data":{"duration_ms":6578,"created":1574812707705,"project":"92ddc83aceaa9edad1485397ccc1680a8fd16623aa2c155379eac4aafdb2a559"},"id":"project.opening.finished"}}
{"recorder_version":"21","session":"17017afd506d","build":"192.6262.58","bucket":"189","time":1574812708543,"group":{"id":"kotlin.jps.target","version":"1"},"event":{"count":1,"data":{"plugin_version":"validation.undefined_rule","created":1574812708543},"id":"validation.undefined_rule"}}
{"recorder_version":"21","session":"17017afd506d","build":"192.6262.58","bucket":"189","time":1574812710670,"group":{"id":"file.types.usage","version":"21"},"event":{"count":1,"data":{"created":1574812710670,"plugin_type":"PLATFORM","project":"92ddc83aceaa9edad1485397ccc1680a8fd16623aa2c155379eac4aafdb2a559","type":"edit"},"id":"IDEA_MODULE"}}
{"recorder_version":"21","session":"17017afd506d","build":"192.6262.58","bucket":"189","time":1574812740134,"group":{"id":"actions","version":"21"},"event":{"count":1,"data":{"context_menu":false,"current_file":"TEXT","created":1574812740134,"plugin_type":"PLATFORM","project":"92ddc83aceaa9edad1485397ccc1680a8fd16623aa2c155379eac4aafdb2a559","place":"keyboard_shortcut","class":"com.intellij.openapi.editor.actions.EscapeAction","input_event":"Escape"},"id":"EditorEscape"}}
{"recorder_version":"21","session":"17017afd506d","build":"192.6262.58","bucket":"189","time":1574812754601,"group":{"id":"actions","version":"21"},"event":{"count":1,"data":{"context_menu":false,"current_file":"TEXT","created":1574812754601,"plugin_type":"PLATFORM","project":"92ddc83aceaa9edad1485397ccc1680a8fd16623aa2c155379eac4aafdb2a559","place":"keyboard_shortcut","class":"com.intellij.openapi.editor.actions.EscapeAction","input_event":"Escape"},"id":"EditorEscape"}}
{"recorder_version":"21","session":"17017afd506d","build":"192.6262.58","bucket":"189","time":1574812765675,"group":{"id":"actions","version":"21"},"event":{"count":13,"data":{"context_menu":false,"last":1574812771072,"current_file":"TEXT","created":1574812765675,"plugin_type":"PLATFORM","project":"92ddc83aceaa9edad1485397ccc1680a8fd16623aa2c155379eac4aafdb2a559","place":"keyboard_shortcut","class":"com.intellij.openapi.editor.actions.BackspaceAction","input_event":"Backspace"},"id":"EditorBackSpace"}}
{"recorder_version":"21","session":"17017afd506d","build":"192.6262.58","bucket":"189","time":1574812772681,"group":{"id":"file.types.usage","version":"21"},"event":{"count":1,"data":{"created":1574812772681,"plugin_type":"PLATFORM","project":"92ddc83aceaa9edad1485397ccc1680a8fd16623aa2c155379eac4aafdb2a559","type":"edit"},"id":"IDEA_MODULE"}}
{"recorder_version":"21","session":"17017afd506d","build":"192.6262.58","bucket":"189","time":1574812774928,"group":{"id":"actions","version":"21"},"event":{"count":3,"data":{"context_menu":false,"last":1574812775279,"current_file":"TEXT","created":1574812774928,"plugin_type":"PLATFORM","project":"92ddc83aceaa9edad1485397ccc1680a8fd16623aa2c155379eac4aafdb2a559","place":"keyboard_shortcut","class":"com.intellij.openapi.editor.actions.BackspaceAction","input_event":"Backspace"},"id":"EditorBackSpace"}}
{"recorder_version":"21","session":"17017afd506d","build":"192.6262.58","bucket":"189","time":1574812801436,"group":{"id":"performance","version":"21"},"event":{"count":1,"data":{"duration_ms":1,"created":1574812801436},"id":"ui.latency"}}
{"recorder_version":"21","session":"17017afd506d","build":"192.6262.58","bucket":"189","time":1574812809435,"group":{"id":"lifecycle","version":"21"},"event":{"count":1,"data":{"restart":false,"created":1574812809435},"id":"ide.close"}}
{"recorder_version":"21","session":"17017afd506d","build":"192.6262.58","bucket":"189","time":1574812809769,"group":{"id":"lifecycle","version":"21"},"event":{"count":1,"data":{"created":1574812809769,"project":"92ddc83aceaa9edad1485397ccc1680a8fd16623aa2c155379eac4aafdb2a559"},"id":"project.closed"}}
