{"recorder_version":"21","session":"73818741a39e","build":"192.6262.58","bucket":"189","time":1574797523838,"group":{"id":"settings","version":"4"},"event":{"state":true,"data":{"component":"NotRoamableUiSettings","created":1574797524027},"id":"invoked"}}
{"recorder_version":"21","session":"73818741a39e","build":"192.6262.58","bucket":"189","time":1574797523841,"group":{"id":"system.java","version":"1"},"event":{"state":true,"data":{"created":1574797524029,"version":"1.11"},"id":"JetBrains"}}
{"recorder_version":"21","session":"73818741a39e","build":"192.6262.58","bucket":"189","time":1574797523841,"group":{"id":"system.java","version":"1"},"event":{"state":true,"data":{"created":1574797524042},"id":"invoked"}}
{"recorder_version":"21","session":"73818741a39e","build":"192.6262.58","bucket":"189","time":1574797523841,"group":{"id":"settings","version":"4"},"event":{"state":true,"data":{"component":"UISettings","created":1574797524042},"id":"invoked"}}
{"recorder_version":"21","session":"73818741a39e","build":"192.6262.58","bucket":"189","time":1574797523872,"group":{"id":"system.os","version":"3"},"event":{"state":true,"data":{"created":1574797524045,"version":"10.14"},"id":"Mac"}}
{"recorder_version":"21","session":"73818741a39e","build":"192.6262.58","bucket":"189","time":1574797523872,"group":{"id":"system.os","version":"3"},"event":{"state":true,"data":{"created":1574797524046,"name":"Mac","version":"10.14"},"id":"os.name"}}
{"recorder_version":"21","session":"73818741a39e","build":"192.6262.58","bucket":"189","time":1574797523872,"group":{"id":"system.os","version":"3"},"event":{"state":true,"data":{"created":1574797524048,"value":"+09_00"},"id":"os.timezone"}}
{"recorder_version":"21","session":"73818741a39e","build":"192.6262.58","bucket":"189","time":1574797523872,"group":{"id":"system.os","version":"3"},"event":{"state":true,"data":{"created":1574797524049},"id":"invoked"}}
{"recorder_version":"21","session":"73818741a39e","build":"192.6262.58","bucket":"189","time":1574797524027,"group":{"id":"event.log","version":"21"},"event":{"count":1,"data":{"created":1574797524049,"version":"925.0"},"id":"whitelist.loaded"}}
{"recorder_version":"21","session":"73818741a39e","build":"192.6262.58","bucket":"189","time":1574797526134,"group":{"id":"settings","version":"4"},"event":{"state":true,"data":{"component":"UpdatesConfigurable","created":1574797526134,"name":"checkNeeded","type":"bool","value":false},"id":"not.default"}}
{"recorder_version":"21","session":"73818741a39e","build":"192.6262.58","bucket":"189","time":1574797526134,"group":{"id":"settings","version":"4"},"event":{"state":true,"data":{"component":"UpdatesConfigurable","created":1574797526136},"id":"invoked"}}
{"recorder_version":"21","session":"73818741a39e","build":"192.6262.58","bucket":"189","time":1574797526287,"group":{"id":"settings","version":"4"},"event":{"state":true,"data":{"component":"GeneralSettings","created":1574797526288,"name":"confirmExit","type":"bool","value":false},"id":"not.default"}}
{"recorder_version":"21","session":"73818741a39e","build":"192.6262.58","bucket":"189","time":1574797526287,"group":{"id":"settings","version":"4"},"event":{"state":true,"data":{"component":"GeneralSettings","created":1574797526289,"name":"showTipsOnStartup","type":"bool","value":false},"id":"not.default"}}
{"recorder_version":"21","session":"73818741a39e","build":"192.6262.58","bucket":"189","time":1574797526287,"group":{"id":"settings","version":"4"},"event":{"state":true,"data":{"component":"GeneralSettings","created":1574797526290},"id":"invoked"}}
{"recorder_version":"21","session":"73818741a39e","build":"192.6262.58","bucket":"189","time":1574797526296,"group":{"id":"lifecycle","version":"21"},"event":{"count":1,"data":{"internal":true,"eap":false,"created":1574797526297},"id":"ide.start"}}
{"recorder_version":"21","session":"73818741a39e","build":"192.6262.58","bucket":"189","time":1574797526641,"group":{"id":"lifecycle","version":"21"},"event":{"count":1,"data":{"created":1574797526641},"id":"frame.activated"}}
{"recorder_version":"21","session":"73818741a39e","build":"192.6262.58","bucket":"189","time":1574797526832,"group":{"id":"performance","version":"21"},"event":{"count":1,"data":{"duration_ms":2,"created":1574797526832},"id":"ui.latency"}}
{"recorder_version":"21","session":"73818741a39e","build":"192.6262.58","bucket":"189","time":1574797527134,"group":{"id":"ui.dialogs","version":"21"},"event":{"count":1,"data":{"created":1574797527135,"plugin_type":"PLATFORM","type":"show"},"id":"com.intellij.openapi.progress.util.ProgressDialog$MyDialogWrapper"}}
{"recorder_version":"21","session":"73818741a39e","build":"192.6262.58","bucket":"189","time":1574797528302,"group":{"id":"lifecycle","version":"21"},"event":{"count":1,"data":{"created":1574797528302,"project":"92ddc83aceaa9edad1485397ccc1680a8fd16623aa2c155379eac4aafdb2a559"},"id":"project.opened"}}
{"recorder_version":"21","session":"73818741a39e","build":"192.6262.58","bucket":"189","time":1574797529070,"group":{"id":"performance","version":"21"},"event":{"count":1,"data":{"duration_ms":239,"created":1574797529070},"id":"ui.lagging"}}
{"recorder_version":"21","session":"73818741a39e","build":"192.6262.58","bucket":"189","time":1574797530099,"group":{"id":"settings","version":"4"},"event":{"state":true,"data":{"component":"XmlEditorOptions","created":1574797530099},"id":"invoked"}}
{"recorder_version":"21","session":"73818741a39e","build":"192.6262.58","bucket":"189","time":1574797530141,"group":{"id":"performance","version":"21"},"event":{"count":1,"data":{"duration_ms":309,"created":1574797530141},"id":"ui.lagging"}}
{"recorder_version":"21","session":"73818741a39e","build":"192.6262.58","bucket":"189","time":1574797530282,"group":{"id":"toolwindow","version":"21"},"event":{"count":1,"data":{"os":"Mac","created":1574797530283,"plugin_type":"PLATFORM"},"id":"Project"}}
{"recorder_version":"21","session":"73818741a39e","build":"192.6262.58","bucket":"189","time":1574797531062,"group":{"id":"performance","version":"21"},"event":{"count":1,"data":{"duration_ms":228,"created":1574797531062},"id":"ui.lagging"}}
{"recorder_version":"21","session":"73818741a39e","build":"192.6262.58","bucket":"189","time":1574797532218,"group":{"id":"kotlin.jps.target","version":"1"},"event":{"count":1,"data":{"plugin_version":"1.3.41-release-IJ2019.2-1","created":1574797532218},"id":"jvm"}}
{"recorder_version":"21","session":"73818741a39e","build":"192.6262.58","bucket":"189","time":1574797532559,"group":{"id":"project.fs","version":"1"},"event":{"state":true,"data":{"os":"Mac","cs-project":false,"created":1574797532559,"project":"92ddc83aceaa9edad1485397ccc1680a8fd16623aa2c155379eac4aafdb2a559","cs-implicit":true,"cs-system":false},"id":"case-sensitivity"}}
{"recorder_version":"21","session":"73818741a39e","build":"192.6262.58","bucket":"189","time":1574797532559,"group":{"id":"project.fs","version":"1"},"event":{"state":true,"data":{"created":1574797532560},"id":"invoked"}}
{"recorder_version":"21","session":"73818741a39e","build":"192.6262.58","bucket":"189","time":1574797532560,"group":{"id":"project.fs","version":"1"},"event":{"state":true,"data":{"pct-non-watched":0,"created":1574797532560,"project":"92ddc83aceaa9edad1485397ccc1680a8fd16623aa2c155379eac4aafdb2a559"},"id":"roots-watched"}}
{"recorder_version":"21","session":"73818741a39e","build":"192.6262.58","bucket":"189","time":1574797532560,"group":{"id":"project.fs","version":"1"},"event":{"state":true,"data":{"created":1574797532560},"id":"invoked"}}
{"recorder_version":"21","session":"73818741a39e","build":"192.6262.58","bucket":"189","time":1574797532686,"group":{"id":"ui.dialogs","version":"21"},"event":{"count":1,"data":{"code":1,"created":1574797532686,"plugin_type":"PLATFORM","type":"close"},"id":"com.intellij.openapi.progress.util.ProgressDialog$MyDialogWrapper"}}
{"recorder_version":"21","session":"73818741a39e","build":"192.6262.58","bucket":"189","time":1574797532897,"group":{"id":"lifecycle","version":"21"},"event":{"count":1,"data":{"duration_ms":6039,"created":1574797532898,"project":"92ddc83aceaa9edad1485397ccc1680a8fd16623aa2c155379eac4aafdb2a559"},"id":"project.opening.finished"}}
{"recorder_version":"21","session":"73818741a39e","build":"192.6262.58","bucket":"189","time":1574797535278,"group":{"id":"file.types.usage","version":"21"},"event":{"count":1,"data":{"created":1574797535278,"plugin_type":"PLATFORM","project":"92ddc83aceaa9edad1485397ccc1680a8fd16623aa2c155379eac4aafdb2a559","type":"edit"},"id":"IDEA_MODULE"}}
{"recorder_version":"21","session":"73818741a39e","build":"192.6262.58","bucket":"189","time":1574797542230,"group":{"id":"actions","version":"21"},"event":{"count":4,"data":{"context_menu":false,"last":1574797545424,"current_file":"TEXT","created":1574797542230,"plugin_type":"PLATFORM","project":"92ddc83aceaa9edad1485397ccc1680a8fd16623aa2c155379eac4aafdb2a559","place":"keyboard_shortcut","class":"com.intellij.openapi.editor.actions.BackspaceAction","input_event":"Backspace"},"id":"EditorBackSpace"}}
{"recorder_version":"21","session":"73818741a39e","build":"192.6262.58","bucket":"189","time":1574797547402,"group":{"id":"actions","version":"21"},"event":{"count":3,"data":{"context_menu":false,"last":1574797548115,"current_file":"TEXT","created":1574797547402,"plugin_type":"PLATFORM","project":"92ddc83aceaa9edad1485397ccc1680a8fd16623aa2c155379eac4aafdb2a559","place":"keyboard_shortcut","class":"com.intellij.openapi.editor.actions.EnterAction","input_event":"Enter"},"id":"EditorEnter"}}
{"recorder_version":"21","session":"73818741a39e","build":"192.6262.58","bucket":"189","time":1574797558659,"group":{"id":"actions","version":"21"},"event":{"count":1,"data":{"context_menu":false,"created":1574797558659,"plugin_type":"PLATFORM","project":"92ddc83aceaa9edad1485397ccc1680a8fd16623aa2c155379eac4aafdb2a559","place":"keyboard_shortcut","class":"com.intellij.openapi.editor.actions.BackspaceAction","input_event":"Backspace"},"id":"EditorBackSpace"}}
{"recorder_version":"21","session":"73818741a39e","build":"192.6262.58","bucket":"189","time":1574797567053,"group":{"id":"lifecycle","version":"21"},"event":{"count":1,"data":{"created":1574797567053,"project":"92ddc83aceaa9edad1485397ccc1680a8fd16623aa2c155379eac4aafdb2a559"},"id":"frame.deactivated"}}
{"recorder_version":"21","session":"73818741a39e","build":"192.6262.58","bucket":"189","time":1574797627093,"group":{"id":"performance","version":"21"},"event":{"count":1,"data":{"duration_ms":0,"created":1574797627093},"id":"ui.latency"}}
{"recorder_version":"21","session":"73818741a39e","build":"192.6262.58","bucket":"189","time":1574797689535,"group":{"id":"lifecycle","version":"21"},"event":{"count":1,"data":{"created":1574797689536,"project":"92ddc83aceaa9edad1485397ccc1680a8fd16623aa2c155379eac4aafdb2a559"},"id":"frame.activated"}}
{"recorder_version":"21","session":"73818741a39e","build":"192.6262.58","bucket":"189","time":1574797690507,"group":{"id":"lifecycle","version":"21"},"event":{"count":1,"data":{"restart":false,"created":1574797690507},"id":"ide.close"}}
{"recorder_version":"21","session":"73818741a39e","build":"192.6262.58","bucket":"189","time":1574797690590,"group":{"id":"lifecycle","version":"21"},"event":{"count":1,"data":{"created":1574797690591,"project":"92ddc83aceaa9edad1485397ccc1680a8fd16623aa2c155379eac4aafdb2a559"},"id":"project.closed"}}
