{"recorder_version":"21","session":"fdaf498f53c8","build":"192.6262.58","bucket":"189","time":1574782182951,"group":{"id":"settings","version":"4"},"event":{"state":true,"data":{"component":"NotRoamableUiSettings","created":1574782183120},"id":"invoked"}}
{"recorder_version":"21","session":"fdaf498f53c8","build":"192.6262.58","bucket":"189","time":1574782182954,"group":{"id":"system.java","version":"1"},"event":{"state":true,"data":{"created":1574782183123,"version":"1.11"},"id":"JetBrains"}}
{"recorder_version":"21","session":"fdaf498f53c8","build":"192.6262.58","bucket":"189","time":1574782182954,"group":{"id":"system.java","version":"1"},"event":{"state":true,"data":{"created":1574782183142},"id":"invoked"}}
{"recorder_version":"21","session":"fdaf498f53c8","build":"192.6262.58","bucket":"189","time":1574782182954,"group":{"id":"settings","version":"4"},"event":{"state":true,"data":{"component":"UISettings","created":1574782183142},"id":"invoked"}}
{"recorder_version":"21","session":"fdaf498f53c8","build":"192.6262.58","bucket":"189","time":1574782182977,"group":{"id":"system.os","version":"3"},"event":{"state":true,"data":{"created":1574782183143,"version":"10.14"},"id":"Mac"}}
{"recorder_version":"21","session":"fdaf498f53c8","build":"192.6262.58","bucket":"189","time":1574782182977,"group":{"id":"system.os","version":"3"},"event":{"state":true,"data":{"created":1574782183144,"name":"Mac","version":"10.14"},"id":"os.name"}}
{"recorder_version":"21","session":"fdaf498f53c8","build":"192.6262.58","bucket":"189","time":1574782182977,"group":{"id":"system.os","version":"3"},"event":{"state":true,"data":{"created":1574782183145,"value":"+09_00"},"id":"os.timezone"}}
{"recorder_version":"21","session":"fdaf498f53c8","build":"192.6262.58","bucket":"189","time":1574782182977,"group":{"id":"system.os","version":"3"},"event":{"state":true,"data":{"created":1574782183146},"id":"invoked"}}
{"recorder_version":"21","session":"fdaf498f53c8","build":"192.6262.58","bucket":"189","time":1574782183119,"group":{"id":"event.log","version":"21"},"event":{"count":1,"data":{"created":1574782183147,"version":"925.0"},"id":"whitelist.loaded"}}
{"recorder_version":"21","session":"fdaf498f53c8","build":"192.6262.58","bucket":"189","time":1574782185310,"group":{"id":"settings","version":"4"},"event":{"state":true,"data":{"component":"UpdatesConfigurable","created":1574782185310,"name":"checkNeeded","type":"bool","value":false},"id":"not.default"}}
{"recorder_version":"21","session":"fdaf498f53c8","build":"192.6262.58","bucket":"189","time":1574782185310,"group":{"id":"settings","version":"4"},"event":{"state":true,"data":{"component":"UpdatesConfigurable","created":1574782185311},"id":"invoked"}}
{"recorder_version":"21","session":"fdaf498f53c8","build":"192.6262.58","bucket":"189","time":1574782185952,"group":{"id":"lifecycle","version":"21"},"event":{"count":1,"data":{"internal":true,"eap":false,"created":1574782185952},"id":"ide.start"}}
{"recorder_version":"21","session":"fdaf498f53c8","build":"192.6262.58","bucket":"189","time":1574782185955,"group":{"id":"settings","version":"4"},"event":{"state":true,"data":{"component":"GeneralSettings","created":1574782185955,"name":"confirmExit","type":"bool","value":false},"id":"not.default"}}
{"recorder_version":"21","session":"fdaf498f53c8","build":"192.6262.58","bucket":"189","time":1574782185955,"group":{"id":"settings","version":"4"},"event":{"state":true,"data":{"component":"GeneralSettings","created":1574782185956,"name":"showTipsOnStartup","type":"bool","value":false},"id":"not.default"}}
{"recorder_version":"21","session":"fdaf498f53c8","build":"192.6262.58","bucket":"189","time":1574782185955,"group":{"id":"settings","version":"4"},"event":{"state":true,"data":{"component":"GeneralSettings","created":1574782185957},"id":"invoked"}}
{"recorder_version":"21","session":"fdaf498f53c8","build":"192.6262.58","bucket":"189","time":1574782186053,"group":{"id":"performance","version":"21"},"event":{"count":1,"data":{"duration_ms":56,"created":1574782186053},"id":"ui.latency"}}
{"recorder_version":"21","session":"fdaf498f53c8","build":"192.6262.58","bucket":"189","time":1574782186613,"group":{"id":"settings","version":"4"},"event":{"state":true,"data":{"component":"XmlEditorOptions","created":1574782186613},"id":"invoked"}}
{"recorder_version":"21","session":"fdaf498f53c8","build":"192.6262.58","bucket":"189","time":1574782188571,"group":{"id":"ui.dialogs","version":"21"},"event":{"count":1,"data":{"created":1574782188571,"plugin_type":"PLATFORM","type":"show"},"id":"com.intellij.openapi.progress.util.ProgressDialog$MyDialogWrapper"}}
{"recorder_version":"21","session":"fdaf498f53c8","build":"192.6262.58","bucket":"189","time":1574782189617,"group":{"id":"lifecycle","version":"21"},"event":{"count":1,"data":{"created":1574782189617,"project":"92ddc83aceaa9edad1485397ccc1680a8fd16623aa2c155379eac4aafdb2a559"},"id":"project.opened"}}
{"recorder_version":"21","session":"fdaf498f53c8","build":"192.6262.58","bucket":"189","time":1574782190243,"group":{"id":"performance","version":"21"},"event":{"count":1,"data":{"duration_ms":240,"created":1574782190243},"id":"ui.lagging"}}
{"recorder_version":"21","session":"fdaf498f53c8","build":"192.6262.58","bucket":"189","time":1574782191275,"group":{"id":"performance","version":"21"},"event":{"count":1,"data":{"duration_ms":271,"created":1574782191275},"id":"ui.lagging"}}
{"recorder_version":"21","session":"fdaf498f53c8","build":"192.6262.58","bucket":"189","time":1574782191422,"group":{"id":"toolwindow","version":"21"},"event":{"count":1,"data":{"os":"Mac","created":1574782191422,"plugin_type":"PLATFORM"},"id":"Project"}}
{"recorder_version":"21","session":"fdaf498f53c8","build":"192.6262.58","bucket":"189","time":1574782192940,"group":{"id":"kotlin.jps.target","version":"1"},"event":{"count":1,"data":{"plugin_version":"1.3.41-release-IJ2019.2-1","created":1574782192941},"id":"jvm"}}
{"recorder_version":"21","session":"fdaf498f53c8","build":"192.6262.58","bucket":"189","time":1574782193055,"group":{"id":"project.fs","version":"1"},"event":{"state":true,"data":{"os":"Mac","cs-project":false,"created":1574782193055,"project":"92ddc83aceaa9edad1485397ccc1680a8fd16623aa2c155379eac4aafdb2a559","cs-implicit":true,"cs-system":false},"id":"case-sensitivity"}}
{"recorder_version":"21","session":"fdaf498f53c8","build":"192.6262.58","bucket":"189","time":1574782193055,"group":{"id":"project.fs","version":"1"},"event":{"state":true,"data":{"created":1574782193055},"id":"invoked"}}
{"recorder_version":"21","session":"fdaf498f53c8","build":"192.6262.58","bucket":"189","time":1574782193056,"group":{"id":"project.fs","version":"1"},"event":{"state":true,"data":{"pct-non-watched":0,"created":1574782193056,"project":"92ddc83aceaa9edad1485397ccc1680a8fd16623aa2c155379eac4aafdb2a559"},"id":"roots-watched"}}
{"recorder_version":"21","session":"fdaf498f53c8","build":"192.6262.58","bucket":"189","time":1574782193056,"group":{"id":"project.fs","version":"1"},"event":{"state":true,"data":{"created":1574782193056},"id":"invoked"}}
{"recorder_version":"21","session":"fdaf498f53c8","build":"192.6262.58","bucket":"189","time":1574782193106,"group":{"id":"ui.dialogs","version":"21"},"event":{"count":1,"data":{"code":1,"created":1574782193108,"plugin_type":"PLATFORM","type":"close"},"id":"com.intellij.openapi.progress.util.ProgressDialog$MyDialogWrapper"}}
{"recorder_version":"21","session":"fdaf498f53c8","build":"192.6262.58","bucket":"189","time":1574782193191,"group":{"id":"lifecycle","version":"21"},"event":{"count":1,"data":{"duration_ms":4897,"created":1574782193191,"project":"92ddc83aceaa9edad1485397ccc1680a8fd16623aa2c155379eac4aafdb2a559"},"id":"project.opening.finished"}}
{"recorder_version":"21","session":"fdaf498f53c8","build":"192.6262.58","bucket":"189","time":1574782194961,"group":{"id":"file.types.usage","version":"21"},"event":{"count":1,"data":{"created":1574782194961,"plugin_type":"PLATFORM","project":"92ddc83aceaa9edad1485397ccc1680a8fd16623aa2c155379eac4aafdb2a559","type":"edit"},"id":"IDEA_MODULE"}}
{"recorder_version":"21","session":"fdaf498f53c8","build":"192.6262.58","bucket":"189","time":1574782196241,"group":{"id":"actions","version":"21"},"event":{"count":17,"data":{"context_menu":false,"last":1574782218123,"current_file":"TEXT","created":1574782196241,"plugin_type":"PLATFORM","project":"92ddc83aceaa9edad1485397ccc1680a8fd16623aa2c155379eac4aafdb2a559","place":"keyboard_shortcut","class":"com.intellij.openapi.editor.actions.EnterAction","input_event":"Enter"},"id":"EditorEnter"}}
{"recorder_version":"21","session":"fdaf498f53c8","build":"192.6262.58","bucket":"189","time":1574782250322,"group":{"id":"lifecycle","version":"21"},"event":{"count":1,"data":{"created":1574782250322,"project":"92ddc83aceaa9edad1485397ccc1680a8fd16623aa2c155379eac4aafdb2a559"},"id":"frame.deactivated"}}
{"recorder_version":"21","session":"fdaf498f53c8","build":"192.6262.58","bucket":"189","time":1574782286237,"group":{"id":"performance","version":"21"},"event":{"count":1,"data":{"duration_ms":1,"created":1574782286238},"id":"ui.latency"}}
{"recorder_version":"21","session":"fdaf498f53c8","build":"192.6262.58","bucket":"189","time":1574782386563,"group":{"id":"performance","version":"21"},"event":{"count":1,"data":{"duration_ms":0,"created":1574782386564},"id":"ui.latency"}}
{"recorder_version":"21","session":"fdaf498f53c8","build":"192.6262.58","bucket":"189","time":1574782485941,"group":{"id":"build.tools.actions","version":"1"},"event":{"count":1,"data":{"created":1574782485941},"id":"registered"}}
{"recorder_version":"21","session":"fdaf498f53c8","build":"192.6262.58","bucket":"189","time":1574782485941,"group":{"id":"file.types.usage","version":"21"},"event":{"count":1,"data":{"created":1574782485942},"id":"registered"}}
{"recorder_version":"21","session":"fdaf498f53c8","build":"192.6262.58","bucket":"189","time":1574782485941,"group":{"id":"ide.script.engine","version":"1"},"event":{"count":1,"data":{"created":1574782485943},"id":"registered"}}
{"recorder_version":"21","session":"fdaf498f53c8","build":"192.6262.58","bucket":"189","time":1574782485941,"group":{"id":"actions.runAnything","version":"1"},"event":{"count":1,"data":{"created":1574782485943},"id":"registered"}}
{"recorder_version":"21","session":"fdaf498f53c8","build":"192.6262.58","bucket":"189","time":1574782485941,"group":{"id":"toolwindow","version":"21"},"event":{"count":1,"data":{"created":1574782485943},"id":"registered"}}
{"recorder_version":"21","session":"fdaf498f53c8","build":"192.6262.58","bucket":"189","time":1574782485941,"group":{"id":"kotlin.ide.newFileTempl","version":"1"},"event":{"count":1,"data":{"created":1574782485943},"id":"registered"}}
{"recorder_version":"21","session":"fdaf498f53c8","build":"192.6262.58","bucket":"189","time":1574782485941,"group":{"id":"live.templates","version":"21"},"event":{"count":1,"data":{"created":1574782485943},"id":"registered"}}
{"recorder_version":"21","session":"fdaf498f53c8","build":"192.6262.58","bucket":"189","time":1574782485941,"group":{"id":"ide.self.update","version":"2"},"event":{"count":1,"data":{"created":1574782485944},"id":"registered"}}
{"recorder_version":"21","session":"fdaf498f53c8","build":"192.6262.58","bucket":"189","time":1574782485941,"group":{"id":"ui.settings","version":"21"},"event":{"count":1,"data":{"created":1574782485944},"id":"registered"}}
{"recorder_version":"21","session":"fdaf498f53c8","build":"192.6262.58","bucket":"189","time":1574782485941,"group":{"id":"lifecycle","version":"21"},"event":{"count":1,"data":{"created":1574782485944},"id":"registered"}}
{"recorder_version":"21","session":"fdaf498f53c8","build":"192.6262.58","bucket":"189","time":1574782485941,"group":{"id":"vcs.diff.trigger","version":"1"},"event":{"count":1,"data":{"created":1574782485944},"id":"registered"}}
{"recorder_version":"21","session":"fdaf498f53c8","build":"192.6262.58","bucket":"189","time":1574782485941,"group":{"id":"vcs.log.trigger","version":"2"},"event":{"count":1,"data":{"created":1574782485944},"id":"registered"}}
{"recorder_version":"21","session":"fdaf498f53c8","build":"192.6262.58","bucket":"189","time":1574782485941,"group":{"id":"productivity","version":"21"},"event":{"count":1,"data":{"created":1574782485945},"id":"registered"}}
{"recorder_version":"21","session":"fdaf498f53c8","build":"192.6262.58","bucket":"189","time":1574782485941,"group":{"id":"debugger.breakpoints.usage","version":"2"},"event":{"count":1,"data":{"created":1574782485945},"id":"registered"}}
{"recorder_version":"21","session":"fdaf498f53c8","build":"192.6262.58","bucket":"189","time":1574782485941,"group":{"id":"kotlin.gradle.library","version":"1"},"event":{"count":1,"data":{"created":1574782485945},"id":"registered"}}
{"recorder_version":"21","session":"fdaf498f53c8","build":"192.6262.58","bucket":"189","time":1574782485941,"group":{"id":"find","version":"1"},"event":{"count":1,"data":{"created":1574782485945},"id":"registered"}}
{"recorder_version":"21","session":"fdaf498f53c8","build":"192.6262.58","bucket":"189","time":1574782485941,"group":{"id":"kotlin.gradle.target","version":"1"},"event":{"count":1,"data":{"created":1574782485945},"id":"registered"}}
{"recorder_version":"21","session":"fdaf498f53c8","build":"192.6262.58","bucket":"189","time":1574782485941,"group":{"id":"gutter.icon.click","version":"1"},"event":{"count":1,"data":{"created":1574782485945},"id":"registered"}}
{"recorder_version":"21","session":"fdaf498f53c8","build":"192.6262.58","bucket":"189","time":1574782485941,"group":{"id":"shell.script","version":"1"},"event":{"count":1,"data":{"created":1574782485946},"id":"registered"}}
{"recorder_version":"21","session":"fdaf498f53c8","build":"192.6262.58","bucket":"189","time":1574782485941,"group":{"id":"kotlin.ide.debugger.eval","version":"1"},"event":{"count":1,"data":{"created":1574782485946},"id":"registered"}}
{"recorder_version":"21","session":"fdaf498f53c8","build":"192.6262.58","bucket":"189","time":1574782485941,"group":{"id":"build.maven.actions","version":"1"},"event":{"count":1,"data":{"created":1574782485946},"id":"registered"}}
{"recorder_version":"21","session":"fdaf498f53c8","build":"192.6262.58","bucket":"189","time":1574782485941,"group":{"id":"ui.event","version":"1"},"event":{"count":1,"data":{"created":1574782485946},"id":"registered"}}
{"recorder_version":"21","session":"fdaf498f53c8","build":"192.6262.58","bucket":"189","time":1574782485941,"group":{"id":"new.project.wizard","version":"1"},"event":{"count":1,"data":{"created":1574782485946},"id":"registered"}}
{"recorder_version":"21","session":"fdaf498f53c8","build":"192.6262.58","bucket":"189","time":1574782485941,"group":{"id":"kotlin.ide.npwizards","version":"1"},"event":{"count":1,"data":{"created":1574782485947},"id":"registered"}}
{"recorder_version":"21","session":"fdaf498f53c8","build":"192.6262.58","bucket":"189","time":1574782485941,"group":{"id":"intentions","version":"21"},"event":{"count":1,"data":{"created":1574782485947},"id":"registered"}}
{"recorder_version":"21","session":"fdaf498f53c8","build":"192.6262.58","bucket":"189","time":1574782485941,"group":{"id":"ui.dialogs","version":"21"},"event":{"count":1,"data":{"created":1574782485947},"id":"registered"}}
{"recorder_version":"21","session":"fdaf498f53c8","build":"192.6262.58","bucket":"189","time":1574782485941,"group":{"id":"vcs.back.forward.trigger","version":"1"},"event":{"count":1,"data":{"created":1574782485947},"id":"registered"}}
{"recorder_version":"21","session":"fdaf498f53c8","build":"192.6262.58","bucket":"189","time":1574782485941,"group":{"id":"vcs.change.reminder","version":"1"},"event":{"count":1,"data":{"created":1574782485947},"id":"registered"}}
{"recorder_version":"21","session":"fdaf498f53c8","build":"192.6262.58","bucket":"189","time":1574782485941,"group":{"id":"toolbar","version":"21"},"event":{"count":1,"data":{"created":1574782485947},"id":"registered"}}
{"recorder_version":"21","session":"fdaf498f53c8","build":"192.6262.58","bucket":"189","time":1574782485941,"group":{"id":"build.gradle.actions","version":"1"},"event":{"count":1,"data":{"created":1574782485948},"id":"registered"}}
{"recorder_version":"21","session":"fdaf498f53c8","build":"192.6262.58","bucket":"189","time":1574782485941,"group":{"id":"kotlin.maven.target","version":"1"},"event":{"count":1,"data":{"created":1574782485948},"id":"registered"}}
{"recorder_version":"21","session":"fdaf498f53c8","build":"192.6262.58","bucket":"189","time":1574782485941,"group":{"id":"performance","version":"21"},"event":{"count":1,"data":{"created":1574782485948},"id":"registered"}}
{"recorder_version":"21","session":"fdaf498f53c8","build":"192.6262.58","bucket":"189","time":1574782485941,"group":{"id":"searchEverywhere","version":"1"},"event":{"count":1,"data":{"created":1574782485948},"id":"registered"}}
{"recorder_version":"21","session":"fdaf498f53c8","build":"192.6262.58","bucket":"189","time":1574782485941,"group":{"id":"kotlin.ide.action.refactoring","version":"1"},"event":{"count":1,"data":{"created":1574782485948},"id":"registered"}}
{"recorder_version":"21","session":"fdaf498f53c8","build":"192.6262.58","bucket":"189","time":1574782485941,"group":{"id":"ui.tips","version":"2"},"event":{"count":1,"data":{"created":1574782485948},"id":"registered"}}
{"recorder_version":"21","session":"fdaf498f53c8","build":"192.6262.58","bucket":"189","time":1574782485941,"group":{"id":"surround.with","version":"1"},"event":{"count":1,"data":{"created":1574782485948},"id":"registered"}}
{"recorder_version":"21","session":"fdaf498f53c8","build":"192.6262.58","bucket":"189","time":1574782485941,"group":{"id":"import.old.config","version":"1"},"event":{"count":1,"data":{"created":1574782485949},"id":"registered"}}
{"recorder_version":"21","session":"fdaf498f53c8","build":"192.6262.58","bucket":"189","time":1574782485941,"group":{"id":"json.schema","version":"1"},"event":{"count":1,"data":{"created":1574782485949},"id":"registered"}}
{"recorder_version":"21","session":"fdaf498f53c8","build":"192.6262.58","bucket":"189","time":1574782485941,"group":{"id":"kotlin.jps.target","version":"1"},"event":{"count":1,"data":{"created":1574782485949},"id":"registered"}}
{"recorder_version":"21","session":"fdaf498f53c8","build":"192.6262.58","bucket":"189","time":1574782485941,"group":{"id":"terminalShell","version":"1"},"event":{"count":1,"data":{"created":1574782485949},"id":"registered"}}
{"recorder_version":"21","session":"fdaf498f53c8","build":"192.6262.58","bucket":"189","time":1574782485941,"group":{"id":"completion.postfix","version":"21"},"event":{"count":1,"data":{"created":1574782485949},"id":"registered"}}
{"recorder_version":"21","session":"fdaf498f53c8","build":"192.6262.58","bucket":"189","time":1574782485941,"group":{"id":"build.ant.actions","version":"1"},"event":{"count":1,"data":{"created":1574782485949},"id":"registered"}}
{"recorder_version":"21","session":"fdaf498f53c8","build":"192.6262.58","bucket":"189","time":1574782485941,"group":{"id":"actions","version":"21"},"event":{"count":1,"data":{"created":1574782485949},"id":"registered"}}
{"recorder_version":"21","session":"fdaf498f53c8","build":"192.6262.58","bucket":"189","time":1574782485941,"group":{"id":"event.log","version":"21"},"event":{"count":1,"data":{"created":1574782485949},"id":"registered"}}
{"recorder_version":"21","session":"fdaf498f53c8","build":"192.6262.58","bucket":"189","time":1574782485941,"group":{"id":"run.configuration.exec","version":"21"},"event":{"count":1,"data":{"created":1574782485950},"id":"registered"}}
{"recorder_version":"21","session":"fdaf498f53c8","build":"192.6262.58","bucket":"189","time":1574782485941,"group":{"id":"build.maven.packagesearch","version":"2"},"event":{"count":1,"data":{"created":1574782485950},"id":"registered"}}
{"recorder_version":"21","session":"fdaf498f53c8","build":"192.6262.58","bucket":"189","time":1574782486881,"group":{"id":"performance","version":"21"},"event":{"count":1,"data":{"duration_ms":1,"created":1574782486882},"id":"ui.latency"}}
{"recorder_version":"21","session":"fdaf498f53c8","build":"192.6262.58","bucket":"189","time":1574782487355,"group":{"id":"lifecycle","version":"21"},"event":{"count":1,"data":{"created":1574782487355,"project":"92ddc83aceaa9edad1485397ccc1680a8fd16623aa2c155379eac4aafdb2a559"},"id":"frame.activated"}}
{"recorder_version":"21","session":"fdaf498f53c8","build":"192.6262.58","bucket":"189","time":1574782487639,"group":{"id":"lifecycle","version":"21"},"event":{"count":1,"data":{"restart":false,"created":1574782487639},"id":"ide.close"}}
{"recorder_version":"21","session":"fdaf498f53c8","build":"192.6262.58","bucket":"189","time":1574782487741,"group":{"id":"lifecycle","version":"21"},"event":{"count":1,"data":{"created":1574782487741,"project":"92ddc83aceaa9edad1485397ccc1680a8fd16623aa2c155379eac4aafdb2a559"},"id":"project.closed"}}
