{"recorder_version":"21","session":"0d5e9eaf2f9c","build":"192.6262.58","bucket":"189","time":1575131220526,"group":{"id":"settings","version":"4"},"event":{"state":true,"data":{"component":"NotRoamableUiSettings","created":1575131220734},"id":"invoked"}}
{"recorder_version":"21","session":"0d5e9eaf2f9c","build":"192.6262.58","bucket":"189","time":1575131220529,"group":{"id":"system.java","version":"1"},"event":{"state":true,"data":{"created":1575131220737,"version":"1.11"},"id":"JetBrains"}}
{"recorder_version":"21","session":"0d5e9eaf2f9c","build":"192.6262.58","bucket":"189","time":1575131220529,"group":{"id":"system.java","version":"1"},"event":{"state":true,"data":{"created":1575131220749},"id":"invoked"}}
{"recorder_version":"21","session":"0d5e9eaf2f9c","build":"192.6262.58","bucket":"189","time":1575131220529,"group":{"id":"settings","version":"4"},"event":{"state":true,"data":{"component":"UISettings","created":1575131220749},"id":"invoked"}}
{"recorder_version":"21","session":"0d5e9eaf2f9c","build":"192.6262.58","bucket":"189","time":1575131220552,"group":{"id":"system.os","version":"3"},"event":{"state":true,"data":{"created":1575131220750,"version":"10.14"},"id":"Mac"}}
{"recorder_version":"21","session":"0d5e9eaf2f9c","build":"192.6262.58","bucket":"189","time":1575131220552,"group":{"id":"system.os","version":"3"},"event":{"state":true,"data":{"created":1575131220752,"name":"Mac","version":"10.14"},"id":"os.name"}}
{"recorder_version":"21","session":"0d5e9eaf2f9c","build":"192.6262.58","bucket":"189","time":1575131220552,"group":{"id":"system.os","version":"3"},"event":{"state":true,"data":{"created":1575131220754,"value":"+09_00"},"id":"os.timezone"}}
{"recorder_version":"21","session":"0d5e9eaf2f9c","build":"192.6262.58","bucket":"189","time":1575131220552,"group":{"id":"system.os","version":"3"},"event":{"state":true,"data":{"created":1575131220755},"id":"invoked"}}
{"recorder_version":"21","session":"0d5e9eaf2f9c","build":"192.6262.58","bucket":"189","time":1575131220734,"group":{"id":"event.log","version":"21"},"event":{"count":1,"data":{"created":1575131220756,"version":"942.0"},"id":"whitelist.loaded"}}
{"recorder_version":"21","session":"0d5e9eaf2f9c","build":"192.6262.58","bucket":"189","time":1575131223234,"group":{"id":"settings","version":"4"},"event":{"state":true,"data":{"component":"UpdatesConfigurable","created":1575131223234,"name":"checkNeeded","type":"bool","value":false},"id":"not.default"}}
{"recorder_version":"21","session":"0d5e9eaf2f9c","build":"192.6262.58","bucket":"189","time":1575131223234,"group":{"id":"settings","version":"4"},"event":{"state":true,"data":{"component":"UpdatesConfigurable","created":1575131223236},"id":"invoked"}}
{"recorder_version":"21","session":"0d5e9eaf2f9c","build":"192.6262.58","bucket":"189","time":1575131223406,"group":{"id":"settings","version":"4"},"event":{"state":true,"data":{"component":"GeneralSettings","created":1575131223406,"name":"confirmExit","type":"bool","value":false},"id":"not.default"}}
{"recorder_version":"21","session":"0d5e9eaf2f9c","build":"192.6262.58","bucket":"189","time":1575131223406,"group":{"id":"settings","version":"4"},"event":{"state":true,"data":{"component":"GeneralSettings","created":1575131223408,"name":"showTipsOnStartup","type":"bool","value":false},"id":"not.default"}}
{"recorder_version":"21","session":"0d5e9eaf2f9c","build":"192.6262.58","bucket":"189","time":1575131223406,"group":{"id":"settings","version":"4"},"event":{"state":true,"data":{"component":"GeneralSettings","created":1575131223410},"id":"invoked"}}
{"recorder_version":"21","session":"0d5e9eaf2f9c","build":"192.6262.58","bucket":"189","time":1575131223412,"group":{"id":"lifecycle","version":"21"},"event":{"count":1,"data":{"internal":true,"eap":false,"created":1575131223413},"id":"ide.start"}}
{"recorder_version":"21","session":"0d5e9eaf2f9c","build":"192.6262.58","bucket":"189","time":1575131223728,"group":{"id":"lifecycle","version":"21"},"event":{"count":1,"data":{"created":1575131223729},"id":"frame.activated"}}
{"recorder_version":"21","session":"0d5e9eaf2f9c","build":"192.6262.58","bucket":"189","time":1575131223824,"group":{"id":"performance","version":"21"},"event":{"count":1,"data":{"duration_ms":175,"created":1575131223825},"id":"ui.latency"}}
{"recorder_version":"21","session":"0d5e9eaf2f9c","build":"192.6262.58","bucket":"189","time":1575131223825,"group":{"id":"performance","version":"21"},"event":{"count":1,"data":{"duration_ms":175,"created":1575131223826},"id":"ui.lagging"}}
{"recorder_version":"21","session":"0d5e9eaf2f9c","build":"192.6262.58","bucket":"189","time":1575131224211,"group":{"id":"ui.dialogs","version":"21"},"event":{"count":1,"data":{"created":1575131224213,"plugin_type":"PLATFORM","type":"show"},"id":"com.intellij.openapi.progress.util.ProgressDialog$MyDialogWrapper"}}
{"recorder_version":"21","session":"0d5e9eaf2f9c","build":"192.6262.58","bucket":"189","time":1575131225356,"group":{"id":"lifecycle","version":"21"},"event":{"count":1,"data":{"created":1575131225357,"project":"4452600da3b350ab41d92ae108c2baae6ff0ac3ddb31bd67020ee046ec77ac09"},"id":"project.opened"}}
{"recorder_version":"21","session":"0d5e9eaf2f9c","build":"192.6262.58","bucket":"189","time":1575131226087,"group":{"id":"performance","version":"21"},"event":{"count":1,"data":{"duration_ms":432,"created":1575131226088},"id":"ui.lagging"}}
{"recorder_version":"21","session":"0d5e9eaf2f9c","build":"192.6262.58","bucket":"189","time":1575131227158,"group":{"id":"settings","version":"4"},"event":{"state":true,"data":{"component":"XmlEditorOptions","created":1575131227158},"id":"invoked"}}
{"recorder_version":"21","session":"0d5e9eaf2f9c","build":"192.6262.58","bucket":"189","time":1575131227249,"group":{"id":"performance","version":"21"},"event":{"count":1,"data":{"duration_ms":589,"created":1575131227249},"id":"ui.lagging"}}
{"recorder_version":"21","session":"0d5e9eaf2f9c","build":"192.6262.58","bucket":"189","time":1575131227329,"group":{"id":"toolwindow","version":"21"},"event":{"count":1,"data":{"os":"Mac","created":1575131227329,"plugin_type":"PLATFORM"},"id":"Project"}}
{"recorder_version":"21","session":"0d5e9eaf2f9c","build":"192.6262.58","bucket":"189","time":1575131228167,"group":{"id":"performance","version":"21"},"event":{"count":1,"data":{"duration_ms":502,"created":1575131228170},"id":"ui.lagging"}}
{"recorder_version":"21","session":"0d5e9eaf2f9c","build":"192.6262.58","bucket":"189","time":1575131228847,"group":{"id":"performance","version":"21"},"event":{"count":1,"data":{"duration_ms":182,"created":1575131228848},"id":"ui.lagging"}}
{"recorder_version":"21","session":"0d5e9eaf2f9c","build":"192.6262.58","bucket":"189","time":1575131230603,"group":{"id":"project.fs","version":"1"},"event":{"state":true,"data":{"os":"Mac","cs-project":false,"created":1575131230604,"project":"4452600da3b350ab41d92ae108c2baae6ff0ac3ddb31bd67020ee046ec77ac09","cs-implicit":true,"cs-system":false},"id":"case-sensitivity"}}
{"recorder_version":"21","session":"0d5e9eaf2f9c","build":"192.6262.58","bucket":"189","time":1575131230603,"group":{"id":"project.fs","version":"1"},"event":{"state":true,"data":{"created":1575131230604},"id":"invoked"}}
{"recorder_version":"21","session":"0d5e9eaf2f9c","build":"192.6262.58","bucket":"189","time":1575131230604,"group":{"id":"project.fs","version":"1"},"event":{"state":true,"data":{"pct-non-watched":0,"created":1575131230604,"project":"4452600da3b350ab41d92ae108c2baae6ff0ac3ddb31bd67020ee046ec77ac09"},"id":"roots-watched"}}
{"recorder_version":"21","session":"0d5e9eaf2f9c","build":"192.6262.58","bucket":"189","time":1575131230604,"group":{"id":"project.fs","version":"1"},"event":{"state":true,"data":{"created":1575131230605},"id":"invoked"}}
{"recorder_version":"21","session":"0d5e9eaf2f9c","build":"192.6262.58","bucket":"189","time":1575131230643,"group":{"id":"ui.dialogs","version":"21"},"event":{"count":1,"data":{"code":1,"created":1575131230644,"plugin_type":"PLATFORM","type":"close"},"id":"com.intellij.openapi.progress.util.ProgressDialog$MyDialogWrapper"}}
{"recorder_version":"21","session":"0d5e9eaf2f9c","build":"192.6262.58","bucket":"189","time":1575131230979,"group":{"id":"lifecycle","version":"21"},"event":{"count":1,"data":{"duration_ms":7025,"created":1575131230979,"project":"4452600da3b350ab41d92ae108c2baae6ff0ac3ddb31bd67020ee046ec77ac09"},"id":"project.opening.finished"}}
{"recorder_version":"21","session":"0d5e9eaf2f9c","build":"192.6262.58","bucket":"189","time":1575131231876,"group":{"id":"kotlin.jps.target","version":"1"},"event":{"count":2,"data":{"plugin_version":"validation.undefined_rule","last":1575131231883,"created":1575131231882},"id":"validation.undefined_rule"}}
{"recorder_version":"21","session":"0d5e9eaf2f9c","build":"192.6262.58","bucket":"189","time":1575131232781,"group":{"id":"vcs.change.reminder","version":"1"},"event":{"count":1,"data":{"created":1575131232781,"project":"4452600da3b350ab41d92ae108c2baae6ff0ac3ddb31bd67020ee046ec77ac09","execution_time":262},"id":"prediction.calculated"}}
{"recorder_version":"21","session":"0d5e9eaf2f9c","build":"192.6262.58","bucket":"189","time":1575131232788,"group":{"id":"performance","version":"21"},"event":{"count":1,"data":{"duration_ms":116,"created":1575131232788},"id":"ui.lagging"}}
{"recorder_version":"21","session":"0d5e9eaf2f9c","build":"192.6262.58","bucket":"189","time":1575131234032,"group":{"id":"file.types.usage","version":"21"},"event":{"count":1,"data":{"plugin":"com.intellij.java","created":1575131234033,"plugin_type":"JB_BUNDLED","project":"4452600da3b350ab41d92ae108c2baae6ff0ac3ddb31bd67020ee046ec77ac09","type":"edit"},"id":"JAVA"}}
{"recorder_version":"21","session":"0d5e9eaf2f9c","build":"192.6262.58","bucket":"189","time":1575131285838,"group":{"id":"lifecycle","version":"21"},"event":{"count":1,"data":{"created":1575131285838,"project":"4452600da3b350ab41d92ae108c2baae6ff0ac3ddb31bd67020ee046ec77ac09"},"id":"frame.deactivated"}}
{"recorder_version":"21","session":"0d5e9eaf2f9c","build":"192.6262.58","bucket":"189","time":1575131287052,"group":{"id":"performance","version":"21"},"event":{"count":1,"data":{"duration_ms":256,"created":1575131287052},"id":"ui.lagging"}}
{"recorder_version":"21","session":"0d5e9eaf2f9c","build":"192.6262.58","bucket":"189","time":1575131307491,"group":{"id":"lifecycle","version":"21"},"event":{"count":1,"data":{"created":1575131307491,"project":"4452600da3b350ab41d92ae108c2baae6ff0ac3ddb31bd67020ee046ec77ac09"},"id":"frame.activated"}}
{"recorder_version":"21","session":"0d5e9eaf2f9c","build":"192.6262.58","bucket":"189","time":1575131308878,"group":{"id":"actions","version":"21"},"event":{"count":1,"data":{"context_menu":false,"current_file":"JAVA","created":1575131308878,"plugin_type":"PLATFORM","project":"4452600da3b350ab41d92ae108c2baae6ff0ac3ddb31bd67020ee046ec77ac09","place":"keyboard_shortcut","class":"com.intellij.openapi.editor.actions.EscapeAction","input_event":"Escape"},"id":"EditorEscape"}}
{"recorder_version":"21","session":"0d5e9eaf2f9c","build":"192.6262.58","bucket":"189","time":1575131309185,"group":{"id":"file.types.usage","version":"21"},"event":{"count":1,"data":{"plugin":"com.intellij.java","created":1575131309185,"plugin_type":"JB_BUNDLED","project":"4452600da3b350ab41d92ae108c2baae6ff0ac3ddb31bd67020ee046ec77ac09","type":"edit"},"id":"JAVA"}}
{"recorder_version":"21","session":"0d5e9eaf2f9c","build":"192.6262.58","bucket":"189","time":1575131311091,"group":{"id":"lifecycle","version":"21"},"event":{"count":1,"data":{"created":1575131311091,"project":"4452600da3b350ab41d92ae108c2baae6ff0ac3ddb31bd67020ee046ec77ac09"},"id":"project.closed"}}
{"recorder_version":"21","session":"0d5e9eaf2f9c","build":"192.6262.58","bucket":"189","time":1575131312507,"group":{"id":"lifecycle","version":"21"},"event":{"count":1,"data":{"restart":false,"created":1575131312507},"id":"ide.close"}}
