{"recorder_version":"21","session":"d87a397133d1","build":"192.6262.58","bucket":"189","time":1574887746213,"group":{"id":"settings","version":"4"},"event":{"state":true,"data":{"component":"NotRoamableUiSettings","created":1574887746394},"id":"invoked"}}
{"recorder_version":"21","session":"d87a397133d1","build":"192.6262.58","bucket":"189","time":1574887746216,"group":{"id":"system.java","version":"1"},"event":{"state":true,"data":{"created":1574887746396,"version":"1.11"},"id":"JetBrains"}}
{"recorder_version":"21","session":"d87a397133d1","build":"192.6262.58","bucket":"189","time":1574887746216,"group":{"id":"system.java","version":"1"},"event":{"state":true,"data":{"created":1574887746402},"id":"invoked"}}
{"recorder_version":"21","session":"d87a397133d1","build":"192.6262.58","bucket":"189","time":1574887746216,"group":{"id":"settings","version":"4"},"event":{"state":true,"data":{"component":"UISettings","created":1574887746403},"id":"invoked"}}
{"recorder_version":"21","session":"d87a397133d1","build":"192.6262.58","bucket":"189","time":1574887746238,"group":{"id":"system.os","version":"3"},"event":{"state":true,"data":{"created":1574887746403,"version":"10.14"},"id":"Mac"}}
{"recorder_version":"21","session":"d87a397133d1","build":"192.6262.58","bucket":"189","time":1574887746238,"group":{"id":"system.os","version":"3"},"event":{"state":true,"data":{"created":1574887746404,"name":"Mac","version":"10.14"},"id":"os.name"}}
{"recorder_version":"21","session":"d87a397133d1","build":"192.6262.58","bucket":"189","time":1574887746238,"group":{"id":"system.os","version":"3"},"event":{"state":true,"data":{"created":1574887746405,"value":"+09_00"},"id":"os.timezone"}}
{"recorder_version":"21","session":"d87a397133d1","build":"192.6262.58","bucket":"189","time":1574887746238,"group":{"id":"system.os","version":"3"},"event":{"state":true,"data":{"created":1574887746405},"id":"invoked"}}
{"recorder_version":"21","session":"d87a397133d1","build":"192.6262.58","bucket":"189","time":1574887746394,"group":{"id":"event.log","version":"21"},"event":{"count":1,"data":{"created":1574887746406,"version":"934.0"},"id":"whitelist.loaded"}}
{"recorder_version":"21","session":"d87a397133d1","build":"192.6262.58","bucket":"189","time":1574887748610,"group":{"id":"settings","version":"4"},"event":{"state":true,"data":{"component":"UpdatesConfigurable","created":1574887748610,"name":"checkNeeded","type":"bool","value":false},"id":"not.default"}}
{"recorder_version":"21","session":"d87a397133d1","build":"192.6262.58","bucket":"189","time":1574887748610,"group":{"id":"settings","version":"4"},"event":{"state":true,"data":{"component":"UpdatesConfigurable","created":1574887748611},"id":"invoked"}}
{"recorder_version":"21","session":"d87a397133d1","build":"192.6262.58","bucket":"189","time":1574887748727,"group":{"id":"settings","version":"4"},"event":{"state":true,"data":{"component":"GeneralSettings","created":1574887748727},"id":"invoked"}}
{"recorder_version":"21","session":"d87a397133d1","build":"192.6262.58","bucket":"189","time":1574887748735,"group":{"id":"lifecycle","version":"21"},"event":{"count":1,"data":{"internal":true,"eap":false,"created":1574887748736},"id":"ide.start"}}
{"recorder_version":"21","session":"d87a397133d1","build":"192.6262.58","bucket":"189","time":1574887749073,"group":{"id":"lifecycle","version":"21"},"event":{"count":1,"data":{"created":1574887749073},"id":"frame.activated"}}
{"recorder_version":"21","session":"d87a397133d1","build":"192.6262.58","bucket":"189","time":1574887749194,"group":{"id":"performance","version":"21"},"event":{"count":1,"data":{"duration_ms":36,"created":1574887749194},"id":"ui.latency"}}
{"recorder_version":"21","session":"d87a397133d1","build":"192.6262.58","bucket":"189","time":1574887749546,"group":{"id":"ui.dialogs","version":"21"},"event":{"count":1,"data":{"created":1574887749548,"plugin_type":"PLATFORM","type":"show"},"id":"com.intellij.openapi.progress.util.ProgressDialog$MyDialogWrapper"}}
{"recorder_version":"21","session":"d87a397133d1","build":"192.6262.58","bucket":"189","time":1574887750604,"group":{"id":"lifecycle","version":"21"},"event":{"count":1,"data":{"created":1574887750605,"project":"4452600da3b350ab41d92ae108c2baae6ff0ac3ddb31bd67020ee046ec77ac09"},"id":"project.opened"}}
{"recorder_version":"21","session":"d87a397133d1","build":"192.6262.58","bucket":"189","time":1574887751333,"group":{"id":"performance","version":"21"},"event":{"count":1,"data":{"duration_ms":169,"created":1574887751333},"id":"ui.lagging"}}
{"recorder_version":"21","session":"d87a397133d1","build":"192.6262.58","bucket":"189","time":1574887752374,"group":{"id":"settings","version":"4"},"event":{"state":true,"data":{"component":"XmlEditorOptions","created":1574887752374},"id":"invoked"}}
{"recorder_version":"21","session":"d87a397133d1","build":"192.6262.58","bucket":"189","time":1574887752427,"group":{"id":"performance","version":"21"},"event":{"count":1,"data":{"duration_ms":263,"created":1574887752427},"id":"ui.lagging"}}
{"recorder_version":"21","session":"d87a397133d1","build":"192.6262.58","bucket":"189","time":1574887753542,"group":{"id":"toolwindow","version":"21"},"event":{"count":1,"data":{"os":"Mac","created":1574887753543,"plugin_type":"NOT_LISTED"},"id":"third.party"}}
{"recorder_version":"21","session":"d87a397133d1","build":"192.6262.58","bucket":"189","time":1574887754074,"group":{"id":"performance","version":"21"},"event":{"count":1,"data":{"duration_ms":910,"created":1574887754074},"id":"ui.lagging"}}
{"recorder_version":"21","session":"d87a397133d1","build":"192.6262.58","bucket":"189","time":1574887754436,"group":{"id":"performance","version":"21"},"event":{"count":1,"data":{"duration_ms":270,"created":1574887754437},"id":"ui.lagging"}}
{"recorder_version":"21","session":"d87a397133d1","build":"192.6262.58","bucket":"189","time":1574887754437,"group":{"id":"ui.tips","version":"2"},"event":{"count":1,"data":{"created":1574887754437,"type":"automatically"},"id":"dialog.shown"}}
{"recorder_version":"21","session":"d87a397133d1","build":"192.6262.58","bucket":"189","time":1574887754498,"group":{"id":"ui.dialogs","version":"21"},"event":{"count":1,"data":{"created":1574887754498,"plugin_type":"PLATFORM","type":"show"},"id":"com.intellij.ide.util.TipDialog"}}
{"recorder_version":"21","session":"d87a397133d1","build":"192.6262.58","bucket":"189","time":1574887755269,"group":{"id":"performance","version":"21"},"event":{"count":1,"data":{"duration_ms":101,"created":1574887755269},"id":"ui.lagging"}}
{"recorder_version":"21","session":"d87a397133d1","build":"192.6262.58","bucket":"189","time":1574887755403,"group":{"id":"kotlin.jps.target","version":"1"},"event":{"count":2,"data":{"plugin_version":"validation.undefined_rule","last":1574887755403,"created":1574887755403},"id":"validation.undefined_rule"}}
{"recorder_version":"21","session":"d87a397133d1","build":"192.6262.58","bucket":"189","time":1574887755522,"group":{"id":"project.fs","version":"1"},"event":{"state":true,"data":{"os":"Mac","cs-project":false,"created":1574887755522,"project":"4452600da3b350ab41d92ae108c2baae6ff0ac3ddb31bd67020ee046ec77ac09","cs-implicit":true,"cs-system":false},"id":"case-sensitivity"}}
{"recorder_version":"21","session":"d87a397133d1","build":"192.6262.58","bucket":"189","time":1574887755522,"group":{"id":"project.fs","version":"1"},"event":{"state":true,"data":{"created":1574887755522},"id":"invoked"}}
{"recorder_version":"21","session":"d87a397133d1","build":"192.6262.58","bucket":"189","time":1574887755522,"group":{"id":"project.fs","version":"1"},"event":{"state":true,"data":{"pct-non-watched":0,"created":1574887755522,"project":"4452600da3b350ab41d92ae108c2baae6ff0ac3ddb31bd67020ee046ec77ac09"},"id":"roots-watched"}}
{"recorder_version":"21","session":"d87a397133d1","build":"192.6262.58","bucket":"189","time":1574887755522,"group":{"id":"project.fs","version":"1"},"event":{"state":true,"data":{"created":1574887755523},"id":"invoked"}}
{"recorder_version":"21","session":"d87a397133d1","build":"192.6262.58","bucket":"189","time":1574887755728,"group":{"id":"ui.dialogs","version":"21"},"event":{"count":1,"data":{"code":1,"created":1574887755728,"plugin_type":"PLATFORM","type":"close"},"id":"com.intellij.openapi.progress.util.ProgressDialog$MyDialogWrapper"}}
{"recorder_version":"21","session":"d87a397133d1","build":"192.6262.58","bucket":"189","time":1574887755967,"group":{"id":"lifecycle","version":"21"},"event":{"count":1,"data":{"duration_ms":6708,"created":1574887755967,"project":"4452600da3b350ab41d92ae108c2baae6ff0ac3ddb31bd67020ee046ec77ac09"},"id":"project.opening.finished"}}
{"recorder_version":"21","session":"d87a397133d1","build":"192.6262.58","bucket":"189","time":1574887756605,"group":{"id":"performance","version":"21"},"event":{"count":1,"data":{"duration_ms":437,"created":1574887756605},"id":"ui.lagging"}}
{"recorder_version":"21","session":"d87a397133d1","build":"192.6262.58","bucket":"189","time":1574887757617,"group":{"id":"vcs.change.reminder","version":"1"},"event":{"count":1,"data":{"created":1574887757617,"project":"4452600da3b350ab41d92ae108c2baae6ff0ac3ddb31bd67020ee046ec77ac09","execution_time":203},"id":"prediction.calculated"}}
{"recorder_version":"21","session":"d87a397133d1","build":"192.6262.58","bucket":"189","time":1574887757690,"group":{"id":"vcs.change.reminder","version":"1"},"event":{"count":1,"data":{"created":1574887757690,"project":"4452600da3b350ab41d92ae108c2baae6ff0ac3ddb31bd67020ee046ec77ac09","execution_time":72},"id":"prediction.calculated"}}
{"recorder_version":"21","session":"d87a397133d1","build":"192.6262.58","bucket":"189","time":1574887757753,"group":{"id":"vcs.change.reminder","version":"1"},"event":{"count":1,"data":{"created":1574887757753,"project":"4452600da3b350ab41d92ae108c2baae6ff0ac3ddb31bd67020ee046ec77ac09","execution_time":63},"id":"prediction.calculated"}}
{"recorder_version":"21","session":"d87a397133d1","build":"192.6262.58","bucket":"189","time":1574887757848,"group":{"id":"vcs.change.reminder","version":"1"},"event":{"count":1,"data":{"created":1574887757848,"project":"4452600da3b350ab41d92ae108c2baae6ff0ac3ddb31bd67020ee046ec77ac09","execution_time":95},"id":"prediction.calculated"}}
{"recorder_version":"21","session":"d87a397133d1","build":"192.6262.58","bucket":"189","time":1574887757896,"group":{"id":"ui.dialogs","version":"21"},"event":{"count":1,"data":{"code":1,"created":1574887757896,"plugin_type":"PLATFORM","type":"close"},"id":"com.intellij.ide.util.TipDialog"}}
{"recorder_version":"21","session":"d87a397133d1","build":"192.6262.58","bucket":"189","time":1574887757902,"group":{"id":"vcs.change.reminder","version":"1"},"event":{"count":1,"data":{"created":1574887757903,"project":"4452600da3b350ab41d92ae108c2baae6ff0ac3ddb31bd67020ee046ec77ac09","execution_time":54},"id":"prediction.calculated"}}
{"recorder_version":"21","session":"d87a397133d1","build":"192.6262.58","bucket":"189","time":1574887759468,"group":{"id":"file.types.usage","version":"21"},"event":{"count":1,"data":{"plugin":"com.intellij.java","created":1574887759468,"plugin_type":"JB_BUNDLED","project":"4452600da3b350ab41d92ae108c2baae6ff0ac3ddb31bd67020ee046ec77ac09","type":"edit"},"id":"JAVA"}}
{"recorder_version":"21","session":"d87a397133d1","build":"192.6262.58","bucket":"189","time":1574887784140,"group":{"id":"toolwindow","version":"21"},"event":{"count":1,"data":{"os":"Mac","created":1574887784140,"plugin_type":"PLATFORM"},"id":"Project"}}
{"recorder_version":"21","session":"d87a397133d1","build":"192.6262.58","bucket":"189","time":1574887788158,"group":{"id":"file.types.usage","version":"21"},"event":{"count":1,"data":{"plugin":"com.intellij.java","created":1574887788158,"plugin_type":"JB_BUNDLED","project":"4452600da3b350ab41d92ae108c2baae6ff0ac3ddb31bd67020ee046ec77ac09","type":"edit"},"id":"JAVA"}}
{"recorder_version":"21","session":"d87a397133d1","build":"192.6262.58","bucket":"189","time":1574887790864,"group":{"id":"lifecycle","version":"21"},"event":{"count":1,"data":{"created":1574887790864,"project":"4452600da3b350ab41d92ae108c2baae6ff0ac3ddb31bd67020ee046ec77ac09"},"id":"project.closed"}}
{"recorder_version":"21","session":"d87a397133d1","build":"192.6262.58","bucket":"189","time":1574887792705,"group":{"id":"lifecycle","version":"21"},"event":{"count":1,"data":{"restart":false,"created":1574887792705},"id":"ide.close"}}
