{"recorder_version":"21","session":"bfb30d6ede41","build":"192.6262.58","bucket":"189","time":1574810088045,"group":{"id":"settings","version":"4"},"event":{"state":true,"data":{"component":"NotRoamableUiSettings","created":1574810088204},"id":"invoked"}}
{"recorder_version":"21","session":"bfb30d6ede41","build":"192.6262.58","bucket":"189","time":1574810088047,"group":{"id":"system.java","version":"1"},"event":{"state":true,"data":{"created":1574810088206,"version":"1.11"},"id":"JetBrains"}}
{"recorder_version":"21","session":"bfb30d6ede41","build":"192.6262.58","bucket":"189","time":1574810088047,"group":{"id":"system.java","version":"1"},"event":{"state":true,"data":{"created":1574810088214},"id":"invoked"}}
{"recorder_version":"21","session":"bfb30d6ede41","build":"192.6262.58","bucket":"189","time":1574810088048,"group":{"id":"settings","version":"4"},"event":{"state":true,"data":{"component":"UISettings","created":1574810088216},"id":"invoked"}}
{"recorder_version":"21","session":"bfb30d6ede41","build":"192.6262.58","bucket":"189","time":1574810088067,"group":{"id":"system.os","version":"3"},"event":{"state":true,"data":{"created":1574810088218,"version":"10.14"},"id":"Mac"}}
{"recorder_version":"21","session":"bfb30d6ede41","build":"192.6262.58","bucket":"189","time":1574810088067,"group":{"id":"system.os","version":"3"},"event":{"state":true,"data":{"created":1574810088219,"name":"Mac","version":"10.14"},"id":"os.name"}}
{"recorder_version":"21","session":"bfb30d6ede41","build":"192.6262.58","bucket":"189","time":1574810088067,"group":{"id":"system.os","version":"3"},"event":{"state":true,"data":{"created":1574810088220,"value":"+09_00"},"id":"os.timezone"}}
{"recorder_version":"21","session":"bfb30d6ede41","build":"192.6262.58","bucket":"189","time":1574810088067,"group":{"id":"system.os","version":"3"},"event":{"state":true,"data":{"created":1574810088221},"id":"invoked"}}
{"recorder_version":"21","session":"bfb30d6ede41","build":"192.6262.58","bucket":"189","time":1574810088204,"group":{"id":"event.log","version":"21"},"event":{"count":1,"data":{"created":1574810088222,"version":"930.0"},"id":"whitelist.loaded"}}
{"recorder_version":"21","session":"bfb30d6ede41","build":"192.6262.58","bucket":"189","time":1574810090379,"group":{"id":"settings","version":"4"},"event":{"state":true,"data":{"component":"UpdatesConfigurable","created":1574810090379,"name":"checkNeeded","type":"bool","value":false},"id":"not.default"}}
{"recorder_version":"21","session":"bfb30d6ede41","build":"192.6262.58","bucket":"189","time":1574810090379,"group":{"id":"settings","version":"4"},"event":{"state":true,"data":{"component":"UpdatesConfigurable","created":1574810090380},"id":"invoked"}}
{"recorder_version":"21","session":"bfb30d6ede41","build":"192.6262.58","bucket":"189","time":1574810090518,"group":{"id":"settings","version":"4"},"event":{"state":true,"data":{"component":"GeneralSettings","created":1574810090519,"name":"confirmExit","type":"bool","value":false},"id":"not.default"}}
{"recorder_version":"21","session":"bfb30d6ede41","build":"192.6262.58","bucket":"189","time":1574810090518,"group":{"id":"settings","version":"4"},"event":{"state":true,"data":{"component":"GeneralSettings","created":1574810090520,"name":"showTipsOnStartup","type":"bool","value":false},"id":"not.default"}}
{"recorder_version":"21","session":"bfb30d6ede41","build":"192.6262.58","bucket":"189","time":1574810090518,"group":{"id":"settings","version":"4"},"event":{"state":true,"data":{"component":"GeneralSettings","created":1574810090523},"id":"invoked"}}
{"recorder_version":"21","session":"bfb30d6ede41","build":"192.6262.58","bucket":"189","time":1574810090526,"group":{"id":"lifecycle","version":"21"},"event":{"count":1,"data":{"internal":true,"eap":false,"created":1574810090527},"id":"ide.start"}}
{"recorder_version":"21","session":"bfb30d6ede41","build":"192.6262.58","bucket":"189","time":1574810090821,"group":{"id":"lifecycle","version":"21"},"event":{"count":1,"data":{"created":1574810090821},"id":"frame.activated"}}
{"recorder_version":"21","session":"bfb30d6ede41","build":"192.6262.58","bucket":"189","time":1574810091011,"group":{"id":"performance","version":"21"},"event":{"count":1,"data":{"duration_ms":1,"created":1574810091012},"id":"ui.latency"}}
{"recorder_version":"21","session":"bfb30d6ede41","build":"192.6262.58","bucket":"189","time":1574810091292,"group":{"id":"ui.dialogs","version":"21"},"event":{"count":1,"data":{"created":1574810091292,"plugin_type":"PLATFORM","type":"show"},"id":"com.intellij.openapi.progress.util.ProgressDialog$MyDialogWrapper"}}
{"recorder_version":"21","session":"bfb30d6ede41","build":"192.6262.58","bucket":"189","time":1574810092396,"group":{"id":"lifecycle","version":"21"},"event":{"count":1,"data":{"created":1574810092396,"project":"92ddc83aceaa9edad1485397ccc1680a8fd16623aa2c155379eac4aafdb2a559"},"id":"project.opened"}}
{"recorder_version":"21","session":"bfb30d6ede41","build":"192.6262.58","bucket":"189","time":1574810093127,"group":{"id":"performance","version":"21"},"event":{"count":1,"data":{"duration_ms":113,"created":1574810093127},"id":"ui.lagging"}}
{"recorder_version":"21","session":"bfb30d6ede41","build":"192.6262.58","bucket":"189","time":1574810094156,"group":{"id":"settings","version":"4"},"event":{"state":true,"data":{"component":"XmlEditorOptions","created":1574810094156},"id":"invoked"}}
{"recorder_version":"21","session":"bfb30d6ede41","build":"192.6262.58","bucket":"189","time":1574810094189,"group":{"id":"performance","version":"21"},"event":{"count":1,"data":{"duration_ms":174,"created":1574810094189},"id":"ui.lagging"}}
{"recorder_version":"21","session":"bfb30d6ede41","build":"192.6262.58","bucket":"189","time":1574810094325,"group":{"id":"toolwindow","version":"21"},"event":{"count":1,"data":{"os":"Mac","created":1574810094325,"plugin_type":"PLATFORM"},"id":"Project"}}
{"recorder_version":"21","session":"bfb30d6ede41","build":"192.6262.58","bucket":"189","time":1574810096213,"group":{"id":"kotlin.jps.target","version":"1"},"event":{"count":1,"data":{"plugin_version":"validation.undefined_rule","created":1574810096214},"id":"validation.undefined_rule"}}
{"recorder_version":"21","session":"bfb30d6ede41","build":"192.6262.58","bucket":"189","time":1574810096579,"group":{"id":"project.fs","version":"1"},"event":{"state":true,"data":{"os":"Mac","cs-project":false,"created":1574810096579,"project":"92ddc83aceaa9edad1485397ccc1680a8fd16623aa2c155379eac4aafdb2a559","cs-implicit":true,"cs-system":false},"id":"case-sensitivity"}}
{"recorder_version":"21","session":"bfb30d6ede41","build":"192.6262.58","bucket":"189","time":1574810096580,"group":{"id":"project.fs","version":"1"},"event":{"state":true,"data":{"created":1574810096580},"id":"invoked"}}
{"recorder_version":"21","session":"bfb30d6ede41","build":"192.6262.58","bucket":"189","time":1574810096581,"group":{"id":"project.fs","version":"1"},"event":{"state":true,"data":{"pct-non-watched":0,"created":1574810096581,"project":"92ddc83aceaa9edad1485397ccc1680a8fd16623aa2c155379eac4aafdb2a559"},"id":"roots-watched"}}
{"recorder_version":"21","session":"bfb30d6ede41","build":"192.6262.58","bucket":"189","time":1574810096581,"group":{"id":"project.fs","version":"1"},"event":{"state":true,"data":{"created":1574810096582},"id":"invoked"}}
{"recorder_version":"21","session":"bfb30d6ede41","build":"192.6262.58","bucket":"189","time":1574810096660,"group":{"id":"ui.dialogs","version":"21"},"event":{"count":1,"data":{"code":1,"created":1574810096660,"plugin_type":"PLATFORM","type":"close"},"id":"com.intellij.openapi.progress.util.ProgressDialog$MyDialogWrapper"}}
{"recorder_version":"21","session":"bfb30d6ede41","build":"192.6262.58","bucket":"189","time":1574810096877,"group":{"id":"lifecycle","version":"21"},"event":{"count":1,"data":{"duration_ms":5813,"created":1574810096877,"project":"92ddc83aceaa9edad1485397ccc1680a8fd16623aa2c155379eac4aafdb2a559"},"id":"project.opening.finished"}}
{"recorder_version":"21","session":"bfb30d6ede41","build":"192.6262.58","bucket":"189","time":1574810097299,"group":{"id":"performance","version":"21"},"event":{"count":1,"data":{"duration_ms":283,"created":1574810097299},"id":"ui.lagging"}}
{"recorder_version":"21","session":"bfb30d6ede41","build":"192.6262.58","bucket":"189","time":1574810098540,"group":{"id":"file.types.usage","version":"21"},"event":{"count":1,"data":{"created":1574810098540,"plugin_type":"PLATFORM","project":"92ddc83aceaa9edad1485397ccc1680a8fd16623aa2c155379eac4aafdb2a559","type":"edit"},"id":"IDEA_MODULE"}}
{"recorder_version":"21","session":"bfb30d6ede41","build":"192.6262.58","bucket":"189","time":1574810101128,"group":{"id":"actions","version":"21"},"event":{"count":1,"data":{"context_menu":false,"current_file":"TEXT","created":1574810101128,"plugin_type":"PLATFORM","project":"92ddc83aceaa9edad1485397ccc1680a8fd16623aa2c155379eac4aafdb2a559","place":"keyboard_shortcut","class":"com.intellij.openapi.editor.actions.EnterAction","input_event":"Enter"},"id":"EditorEnter"}}
{"recorder_version":"21","session":"bfb30d6ede41","build":"192.6262.58","bucket":"189","time":1574810104652,"group":{"id":"actions","version":"21"},"event":{"count":6,"data":{"context_menu":false,"last":1574810121009,"current_file":"TEXT","created":1574810104652,"plugin_type":"PLATFORM","project":"92ddc83aceaa9edad1485397ccc1680a8fd16623aa2c155379eac4aafdb2a559","place":"keyboard_shortcut","class":"com.intellij.openapi.editor.actions.BackspaceAction","input_event":"Backspace"},"id":"EditorBackSpace"}}
{"recorder_version":"21","session":"bfb30d6ede41","build":"192.6262.58","bucket":"189","time":1574810122081,"group":{"id":"actions","version":"21"},"event":{"count":3,"data":{"context_menu":false,"last":1574810123641,"current_file":"TEXT","created":1574810122081,"plugin_type":"PLATFORM","project":"92ddc83aceaa9edad1485397ccc1680a8fd16623aa2c155379eac4aafdb2a559","place":"keyboard_shortcut","class":"com.intellij.openapi.editor.actions.EnterAction","input_event":"Enter"},"id":"EditorEnter"}}
{"recorder_version":"21","session":"bfb30d6ede41","build":"192.6262.58","bucket":"189","time":1574810123993,"group":{"id":"actions","version":"21"},"event":{"count":12,"data":{"context_menu":false,"last":1574810127225,"current_file":"TEXT","created":1574810123993,"plugin_type":"PLATFORM","project":"92ddc83aceaa9edad1485397ccc1680a8fd16623aa2c155379eac4aafdb2a559","place":"keyboard_shortcut","class":"com.intellij.openapi.editor.actions.BackspaceAction","input_event":"Backspace"},"id":"EditorBackSpace"}}
{"recorder_version":"21","session":"bfb30d6ede41","build":"192.6262.58","bucket":"189","time":1574810148435,"group":{"id":"lifecycle","version":"21"},"event":{"count":1,"data":{"created":1574810148435,"project":"92ddc83aceaa9edad1485397ccc1680a8fd16623aa2c155379eac4aafdb2a559"},"id":"frame.deactivated"}}
{"recorder_version":"21","session":"bfb30d6ede41","build":"192.6262.58","bucket":"189","time":1574810171757,"group":{"id":"lifecycle","version":"21"},"event":{"count":1,"data":{"created":1574810171757,"project":"92ddc83aceaa9edad1485397ccc1680a8fd16623aa2c155379eac4aafdb2a559"},"id":"frame.activated"}}
{"recorder_version":"21","session":"bfb30d6ede41","build":"192.6262.58","bucket":"189","time":1574810172146,"group":{"id":"lifecycle","version":"21"},"event":{"count":1,"data":{"restart":false,"created":1574810172146},"id":"ide.close"}}
{"recorder_version":"21","session":"bfb30d6ede41","build":"192.6262.58","bucket":"189","time":1574810172255,"group":{"id":"lifecycle","version":"21"},"event":{"count":1,"data":{"created":1574810172255,"project":"92ddc83aceaa9edad1485397ccc1680a8fd16623aa2c155379eac4aafdb2a559"},"id":"project.closed"}}
