{"recorder_version":"21","session":"35f215d4499f","build":"192.6262.58","bucket":"189","time":1574787113543,"group":{"id":"settings","version":"4"},"event":{"state":true,"data":{"component":"NotRoamableUiSettings","created":1574787113695},"id":"invoked"}}
{"recorder_version":"21","session":"35f215d4499f","build":"192.6262.58","bucket":"189","time":1574787113545,"group":{"id":"system.java","version":"1"},"event":{"state":true,"data":{"created":1574787113697,"version":"1.11"},"id":"JetBrains"}}
{"recorder_version":"21","session":"35f215d4499f","build":"192.6262.58","bucket":"189","time":1574787113545,"group":{"id":"system.java","version":"1"},"event":{"state":true,"data":{"created":1574787113705},"id":"invoked"}}
{"recorder_version":"21","session":"35f215d4499f","build":"192.6262.58","bucket":"189","time":1574787113547,"group":{"id":"settings","version":"4"},"event":{"state":true,"data":{"component":"UISettings","created":1574787113705},"id":"invoked"}}
{"recorder_version":"21","session":"35f215d4499f","build":"192.6262.58","bucket":"189","time":1574787113569,"group":{"id":"system.os","version":"3"},"event":{"state":true,"data":{"created":1574787113706,"version":"10.14"},"id":"Mac"}}
{"recorder_version":"21","session":"35f215d4499f","build":"192.6262.58","bucket":"189","time":1574787113569,"group":{"id":"system.os","version":"3"},"event":{"state":true,"data":{"created":1574787113706,"name":"Mac","version":"10.14"},"id":"os.name"}}
{"recorder_version":"21","session":"35f215d4499f","build":"192.6262.58","bucket":"189","time":1574787113569,"group":{"id":"system.os","version":"3"},"event":{"state":true,"data":{"created":1574787113708,"value":"+09_00"},"id":"os.timezone"}}
{"recorder_version":"21","session":"35f215d4499f","build":"192.6262.58","bucket":"189","time":1574787113569,"group":{"id":"system.os","version":"3"},"event":{"state":true,"data":{"created":1574787113708},"id":"invoked"}}
{"recorder_version":"21","session":"35f215d4499f","build":"192.6262.58","bucket":"189","time":1574787113695,"group":{"id":"event.log","version":"21"},"event":{"count":1,"data":{"created":1574787113709,"version":"925.0"},"id":"whitelist.loaded"}}
{"recorder_version":"21","session":"35f215d4499f","build":"192.6262.58","bucket":"189","time":1574787115905,"group":{"id":"settings","version":"4"},"event":{"state":true,"data":{"component":"UpdatesConfigurable","created":1574787115910,"name":"checkNeeded","type":"bool","value":false},"id":"not.default"}}
{"recorder_version":"21","session":"35f215d4499f","build":"192.6262.58","bucket":"189","time":1574787115905,"group":{"id":"settings","version":"4"},"event":{"state":true,"data":{"component":"UpdatesConfigurable","created":1574787115911},"id":"invoked"}}
{"recorder_version":"21","session":"35f215d4499f","build":"192.6262.58","bucket":"189","time":1574787116028,"group":{"id":"settings","version":"4"},"event":{"state":true,"data":{"component":"GeneralSettings","created":1574787116028,"name":"confirmExit","type":"bool","value":false},"id":"not.default"}}
{"recorder_version":"21","session":"35f215d4499f","build":"192.6262.58","bucket":"189","time":1574787116028,"group":{"id":"settings","version":"4"},"event":{"state":true,"data":{"component":"GeneralSettings","created":1574787116029,"name":"showTipsOnStartup","type":"bool","value":false},"id":"not.default"}}
{"recorder_version":"21","session":"35f215d4499f","build":"192.6262.58","bucket":"189","time":1574787116028,"group":{"id":"settings","version":"4"},"event":{"state":true,"data":{"component":"GeneralSettings","created":1574787116031},"id":"invoked"}}
{"recorder_version":"21","session":"35f215d4499f","build":"192.6262.58","bucket":"189","time":1574787116036,"group":{"id":"lifecycle","version":"21"},"event":{"count":1,"data":{"internal":true,"eap":false,"created":1574787116037},"id":"ide.start"}}
{"recorder_version":"21","session":"35f215d4499f","build":"192.6262.58","bucket":"189","time":1574787116308,"group":{"id":"lifecycle","version":"21"},"event":{"count":1,"data":{"created":1574787116309},"id":"frame.activated"}}
{"recorder_version":"21","session":"35f215d4499f","build":"192.6262.58","bucket":"189","time":1574787116570,"group":{"id":"performance","version":"21"},"event":{"count":1,"data":{"duration_ms":0,"created":1574787116570},"id":"ui.latency"}}
{"recorder_version":"21","session":"35f215d4499f","build":"192.6262.58","bucket":"189","time":1574787116766,"group":{"id":"ui.dialogs","version":"21"},"event":{"count":1,"data":{"created":1574787116766,"plugin_type":"PLATFORM","type":"show"},"id":"com.intellij.openapi.progress.util.ProgressDialog$MyDialogWrapper"}}
{"recorder_version":"21","session":"35f215d4499f","build":"192.6262.58","bucket":"189","time":1574787117840,"group":{"id":"lifecycle","version":"21"},"event":{"count":1,"data":{"created":1574787117841,"project":"92ddc83aceaa9edad1485397ccc1680a8fd16623aa2c155379eac4aafdb2a559"},"id":"project.opened"}}
{"recorder_version":"21","session":"35f215d4499f","build":"192.6262.58","bucket":"189","time":1574787119553,"group":{"id":"settings","version":"4"},"event":{"state":true,"data":{"component":"XmlEditorOptions","created":1574787119553},"id":"invoked"}}
{"recorder_version":"21","session":"35f215d4499f","build":"192.6262.58","bucket":"189","time":1574787119710,"group":{"id":"toolwindow","version":"21"},"event":{"count":1,"data":{"os":"Mac","created":1574787119710,"plugin_type":"PLATFORM"},"id":"Project"}}
{"recorder_version":"21","session":"35f215d4499f","build":"192.6262.58","bucket":"189","time":1574787121732,"group":{"id":"performance","version":"21"},"event":{"count":1,"data":{"duration_ms":148,"created":1574787121732},"id":"ui.lagging"}}
{"recorder_version":"21","session":"35f215d4499f","build":"192.6262.58","bucket":"189","time":1574787121879,"group":{"id":"kotlin.jps.target","version":"1"},"event":{"count":1,"data":{"plugin_version":"1.3.41-release-IJ2019.2-1","created":1574787121879},"id":"jvm"}}
{"recorder_version":"21","session":"35f215d4499f","build":"192.6262.58","bucket":"189","time":1574787121911,"group":{"id":"project.fs","version":"1"},"event":{"state":true,"data":{"os":"Mac","cs-project":false,"created":1574787121911,"project":"92ddc83aceaa9edad1485397ccc1680a8fd16623aa2c155379eac4aafdb2a559","cs-implicit":true,"cs-system":false},"id":"case-sensitivity"}}
{"recorder_version":"21","session":"35f215d4499f","build":"192.6262.58","bucket":"189","time":1574787121911,"group":{"id":"project.fs","version":"1"},"event":{"state":true,"data":{"created":1574787121912},"id":"invoked"}}
{"recorder_version":"21","session":"35f215d4499f","build":"192.6262.58","bucket":"189","time":1574787121912,"group":{"id":"project.fs","version":"1"},"event":{"state":true,"data":{"pct-non-watched":0,"created":1574787121912,"project":"92ddc83aceaa9edad1485397ccc1680a8fd16623aa2c155379eac4aafdb2a559"},"id":"roots-watched"}}
{"recorder_version":"21","session":"35f215d4499f","build":"192.6262.58","bucket":"189","time":1574787121912,"group":{"id":"project.fs","version":"1"},"event":{"state":true,"data":{"created":1574787121912},"id":"invoked"}}
{"recorder_version":"21","session":"35f215d4499f","build":"192.6262.58","bucket":"189","time":1574787122010,"group":{"id":"ui.dialogs","version":"21"},"event":{"count":1,"data":{"code":1,"created":1574787122010,"plugin_type":"PLATFORM","type":"close"},"id":"com.intellij.openapi.progress.util.ProgressDialog$MyDialogWrapper"}}
{"recorder_version":"21","session":"35f215d4499f","build":"192.6262.58","bucket":"189","time":1574787122120,"group":{"id":"lifecycle","version":"21"},"event":{"count":1,"data":{"duration_ms":5623,"created":1574787122121,"project":"92ddc83aceaa9edad1485397ccc1680a8fd16623aa2c155379eac4aafdb2a559"},"id":"project.opening.finished"}}
{"recorder_version":"21","session":"35f215d4499f","build":"192.6262.58","bucket":"189","time":1574787131702,"group":{"id":"file.types.usage","version":"21"},"event":{"count":1,"data":{"created":1574787131702,"plugin_type":"PLATFORM","project":"92ddc83aceaa9edad1485397ccc1680a8fd16623aa2c155379eac4aafdb2a559","type":"edit"},"id":"IDEA_MODULE"}}
{"recorder_version":"21","session":"35f215d4499f","build":"192.6262.58","bucket":"189","time":1574787134919,"group":{"id":"actions","version":"21"},"event":{"count":4,"data":{"context_menu":false,"last":1574787140195,"current_file":"TEXT","created":1574787134919,"plugin_type":"PLATFORM","project":"92ddc83aceaa9edad1485397ccc1680a8fd16623aa2c155379eac4aafdb2a559","place":"keyboard_shortcut","class":"com.intellij.openapi.editor.actions.BackspaceAction","input_event":"Backspace"},"id":"EditorBackSpace"}}
{"recorder_version":"21","session":"35f215d4499f","build":"192.6262.58","bucket":"189","time":1574787150303,"group":{"id":"lifecycle","version":"21"},"event":{"count":1,"data":{"created":1574787150303,"project":"92ddc83aceaa9edad1485397ccc1680a8fd16623aa2c155379eac4aafdb2a559"},"id":"frame.deactivated"}}
{"recorder_version":"21","session":"35f215d4499f","build":"192.6262.58","bucket":"189","time":1574787216886,"group":{"id":"performance","version":"21"},"event":{"count":1,"data":{"duration_ms":0,"created":1574787216886},"id":"ui.latency"}}
{"recorder_version":"21","session":"35f215d4499f","build":"192.6262.58","bucket":"189","time":1574787317195,"group":{"id":"performance","version":"21"},"event":{"count":1,"data":{"duration_ms":1,"created":1574787317196},"id":"ui.latency"}}
{"recorder_version":"21","session":"35f215d4499f","build":"192.6262.58","bucket":"189","time":1574787416026,"group":{"id":"build.tools.actions","version":"1"},"event":{"count":1,"data":{"created":1574787416027},"id":"registered"}}
{"recorder_version":"21","session":"35f215d4499f","build":"192.6262.58","bucket":"189","time":1574787416026,"group":{"id":"file.types.usage","version":"21"},"event":{"count":1,"data":{"created":1574787416027},"id":"registered"}}
{"recorder_version":"21","session":"35f215d4499f","build":"192.6262.58","bucket":"189","time":1574787416026,"group":{"id":"ide.script.engine","version":"1"},"event":{"count":1,"data":{"created":1574787416027},"id":"registered"}}
{"recorder_version":"21","session":"35f215d4499f","build":"192.6262.58","bucket":"189","time":1574787416026,"group":{"id":"actions.runAnything","version":"1"},"event":{"count":1,"data":{"created":1574787416028},"id":"registered"}}
{"recorder_version":"21","session":"35f215d4499f","build":"192.6262.58","bucket":"189","time":1574787416026,"group":{"id":"toolwindow","version":"21"},"event":{"count":1,"data":{"created":1574787416028},"id":"registered"}}
{"recorder_version":"21","session":"35f215d4499f","build":"192.6262.58","bucket":"189","time":1574787416026,"group":{"id":"kotlin.ide.newFileTempl","version":"1"},"event":{"count":1,"data":{"created":1574787416028},"id":"registered"}}
{"recorder_version":"21","session":"35f215d4499f","build":"192.6262.58","bucket":"189","time":1574787416026,"group":{"id":"live.templates","version":"21"},"event":{"count":1,"data":{"created":1574787416028},"id":"registered"}}
{"recorder_version":"21","session":"35f215d4499f","build":"192.6262.58","bucket":"189","time":1574787416026,"group":{"id":"ide.self.update","version":"2"},"event":{"count":1,"data":{"created":1574787416028},"id":"registered"}}
{"recorder_version":"21","session":"35f215d4499f","build":"192.6262.58","bucket":"189","time":1574787416026,"group":{"id":"ui.settings","version":"21"},"event":{"count":1,"data":{"created":1574787416029},"id":"registered"}}
{"recorder_version":"21","session":"35f215d4499f","build":"192.6262.58","bucket":"189","time":1574787416026,"group":{"id":"lifecycle","version":"21"},"event":{"count":1,"data":{"created":1574787416029},"id":"registered"}}
{"recorder_version":"21","session":"35f215d4499f","build":"192.6262.58","bucket":"189","time":1574787416026,"group":{"id":"vcs.diff.trigger","version":"1"},"event":{"count":1,"data":{"created":1574787416029},"id":"registered"}}
{"recorder_version":"21","session":"35f215d4499f","build":"192.6262.58","bucket":"189","time":1574787416026,"group":{"id":"vcs.log.trigger","version":"2"},"event":{"count":1,"data":{"created":1574787416029},"id":"registered"}}
{"recorder_version":"21","session":"35f215d4499f","build":"192.6262.58","bucket":"189","time":1574787416026,"group":{"id":"productivity","version":"21"},"event":{"count":1,"data":{"created":1574787416029},"id":"registered"}}
{"recorder_version":"21","session":"35f215d4499f","build":"192.6262.58","bucket":"189","time":1574787416026,"group":{"id":"debugger.breakpoints.usage","version":"2"},"event":{"count":1,"data":{"created":1574787416030},"id":"registered"}}
{"recorder_version":"21","session":"35f215d4499f","build":"192.6262.58","bucket":"189","time":1574787416026,"group":{"id":"kotlin.gradle.library","version":"1"},"event":{"count":1,"data":{"created":1574787416030},"id":"registered"}}
{"recorder_version":"21","session":"35f215d4499f","build":"192.6262.58","bucket":"189","time":1574787416026,"group":{"id":"find","version":"1"},"event":{"count":1,"data":{"created":1574787416030},"id":"registered"}}
{"recorder_version":"21","session":"35f215d4499f","build":"192.6262.58","bucket":"189","time":1574787416026,"group":{"id":"kotlin.gradle.target","version":"1"},"event":{"count":1,"data":{"created":1574787416030},"id":"registered"}}
{"recorder_version":"21","session":"35f215d4499f","build":"192.6262.58","bucket":"189","time":1574787416026,"group":{"id":"gutter.icon.click","version":"1"},"event":{"count":1,"data":{"created":1574787416030},"id":"registered"}}
{"recorder_version":"21","session":"35f215d4499f","build":"192.6262.58","bucket":"189","time":1574787416026,"group":{"id":"shell.script","version":"1"},"event":{"count":1,"data":{"created":1574787416030},"id":"registered"}}
{"recorder_version":"21","session":"35f215d4499f","build":"192.6262.58","bucket":"189","time":1574787416026,"group":{"id":"kotlin.ide.debugger.eval","version":"1"},"event":{"count":1,"data":{"created":1574787416031},"id":"registered"}}
{"recorder_version":"21","session":"35f215d4499f","build":"192.6262.58","bucket":"189","time":1574787416026,"group":{"id":"build.maven.actions","version":"1"},"event":{"count":1,"data":{"created":1574787416031},"id":"registered"}}
{"recorder_version":"21","session":"35f215d4499f","build":"192.6262.58","bucket":"189","time":1574787416026,"group":{"id":"ui.event","version":"1"},"event":{"count":1,"data":{"created":1574787416031},"id":"registered"}}
{"recorder_version":"21","session":"35f215d4499f","build":"192.6262.58","bucket":"189","time":1574787416026,"group":{"id":"new.project.wizard","version":"1"},"event":{"count":1,"data":{"created":1574787416031},"id":"registered"}}
{"recorder_version":"21","session":"35f215d4499f","build":"192.6262.58","bucket":"189","time":1574787416026,"group":{"id":"kotlin.ide.npwizards","version":"1"},"event":{"count":1,"data":{"created":1574787416031},"id":"registered"}}
{"recorder_version":"21","session":"35f215d4499f","build":"192.6262.58","bucket":"189","time":1574787416026,"group":{"id":"intentions","version":"21"},"event":{"count":1,"data":{"created":1574787416031},"id":"registered"}}
{"recorder_version":"21","session":"35f215d4499f","build":"192.6262.58","bucket":"189","time":1574787416026,"group":{"id":"ui.dialogs","version":"21"},"event":{"count":1,"data":{"created":1574787416031},"id":"registered"}}
{"recorder_version":"21","session":"35f215d4499f","build":"192.6262.58","bucket":"189","time":1574787416026,"group":{"id":"vcs.back.forward.trigger","version":"1"},"event":{"count":1,"data":{"created":1574787416032},"id":"registered"}}
{"recorder_version":"21","session":"35f215d4499f","build":"192.6262.58","bucket":"189","time":1574787416026,"group":{"id":"vcs.change.reminder","version":"1"},"event":{"count":1,"data":{"created":1574787416032},"id":"registered"}}
{"recorder_version":"21","session":"35f215d4499f","build":"192.6262.58","bucket":"189","time":1574787416026,"group":{"id":"toolbar","version":"21"},"event":{"count":1,"data":{"created":1574787416032},"id":"registered"}}
{"recorder_version":"21","session":"35f215d4499f","build":"192.6262.58","bucket":"189","time":1574787416026,"group":{"id":"build.gradle.actions","version":"1"},"event":{"count":1,"data":{"created":1574787416032},"id":"registered"}}
{"recorder_version":"21","session":"35f215d4499f","build":"192.6262.58","bucket":"189","time":1574787416026,"group":{"id":"kotlin.maven.target","version":"1"},"event":{"count":1,"data":{"created":1574787416032},"id":"registered"}}
{"recorder_version":"21","session":"35f215d4499f","build":"192.6262.58","bucket":"189","time":1574787416026,"group":{"id":"performance","version":"21"},"event":{"count":1,"data":{"created":1574787416033},"id":"registered"}}
{"recorder_version":"21","session":"35f215d4499f","build":"192.6262.58","bucket":"189","time":1574787416026,"group":{"id":"searchEverywhere","version":"1"},"event":{"count":1,"data":{"created":1574787416033},"id":"registered"}}
{"recorder_version":"21","session":"35f215d4499f","build":"192.6262.58","bucket":"189","time":1574787416026,"group":{"id":"kotlin.ide.action.refactoring","version":"1"},"event":{"count":1,"data":{"created":1574787416033},"id":"registered"}}
{"recorder_version":"21","session":"35f215d4499f","build":"192.6262.58","bucket":"189","time":1574787416026,"group":{"id":"ui.tips","version":"2"},"event":{"count":1,"data":{"created":1574787416033},"id":"registered"}}
{"recorder_version":"21","session":"35f215d4499f","build":"192.6262.58","bucket":"189","time":1574787416026,"group":{"id":"surround.with","version":"1"},"event":{"count":1,"data":{"created":1574787416033},"id":"registered"}}
{"recorder_version":"21","session":"35f215d4499f","build":"192.6262.58","bucket":"189","time":1574787416026,"group":{"id":"import.old.config","version":"1"},"event":{"count":1,"data":{"created":1574787416033},"id":"registered"}}
{"recorder_version":"21","session":"35f215d4499f","build":"192.6262.58","bucket":"189","time":1574787416026,"group":{"id":"json.schema","version":"1"},"event":{"count":1,"data":{"created":1574787416034},"id":"registered"}}
{"recorder_version":"21","session":"35f215d4499f","build":"192.6262.58","bucket":"189","time":1574787416026,"group":{"id":"kotlin.jps.target","version":"1"},"event":{"count":1,"data":{"created":1574787416034},"id":"registered"}}
{"recorder_version":"21","session":"35f215d4499f","build":"192.6262.58","bucket":"189","time":1574787416026,"group":{"id":"terminalShell","version":"1"},"event":{"count":1,"data":{"created":1574787416034},"id":"registered"}}
{"recorder_version":"21","session":"35f215d4499f","build":"192.6262.58","bucket":"189","time":1574787416026,"group":{"id":"completion.postfix","version":"21"},"event":{"count":1,"data":{"created":1574787416034},"id":"registered"}}
{"recorder_version":"21","session":"35f215d4499f","build":"192.6262.58","bucket":"189","time":1574787416026,"group":{"id":"build.ant.actions","version":"1"},"event":{"count":1,"data":{"created":1574787416034},"id":"registered"}}
{"recorder_version":"21","session":"35f215d4499f","build":"192.6262.58","bucket":"189","time":1574787416027,"group":{"id":"actions","version":"21"},"event":{"count":1,"data":{"created":1574787416034},"id":"registered"}}
{"recorder_version":"21","session":"35f215d4499f","build":"192.6262.58","bucket":"189","time":1574787416027,"group":{"id":"event.log","version":"21"},"event":{"count":1,"data":{"created":1574787416034},"id":"registered"}}
{"recorder_version":"21","session":"35f215d4499f","build":"192.6262.58","bucket":"189","time":1574787416027,"group":{"id":"run.configuration.exec","version":"21"},"event":{"count":1,"data":{"created":1574787416034},"id":"registered"}}
{"recorder_version":"21","session":"35f215d4499f","build":"192.6262.58","bucket":"189","time":1574787416027,"group":{"id":"build.maven.packagesearch","version":"2"},"event":{"count":1,"data":{"created":1574787416035},"id":"registered"}}
{"recorder_version":"21","session":"35f215d4499f","build":"192.6262.58","bucket":"189","time":1574787417558,"group":{"id":"performance","version":"21"},"event":{"count":1,"data":{"duration_ms":0,"created":1574787417558},"id":"ui.latency"}}
{"recorder_version":"21","session":"35f215d4499f","build":"192.6262.58","bucket":"189","time":1574787517856,"group":{"id":"performance","version":"21"},"event":{"count":1,"data":{"duration_ms":0,"created":1574787517856},"id":"ui.latency"}}
{"recorder_version":"21","session":"35f215d4499f","build":"192.6262.58","bucket":"189","time":1574787618171,"group":{"id":"performance","version":"21"},"event":{"count":1,"data":{"duration_ms":0,"created":1574787618171},"id":"ui.latency"}}
{"recorder_version":"21","session":"35f215d4499f","build":"192.6262.58","bucket":"189","time":1574787718508,"group":{"id":"performance","version":"21"},"event":{"count":1,"data":{"duration_ms":0,"created":1574787718508},"id":"ui.latency"}}
{"recorder_version":"21","session":"35f215d4499f","build":"192.6262.58","bucket":"189","time":1574787761756,"group":{"id":"lifecycle","version":"21"},"event":{"count":1,"data":{"created":1574787761756,"project":"92ddc83aceaa9edad1485397ccc1680a8fd16623aa2c155379eac4aafdb2a559"},"id":"frame.activated"}}
{"recorder_version":"21","session":"35f215d4499f","build":"192.6262.58","bucket":"189","time":1574787762096,"group":{"id":"lifecycle","version":"21"},"event":{"count":1,"data":{"restart":false,"created":1574787762096},"id":"ide.close"}}
{"recorder_version":"21","session":"35f215d4499f","build":"192.6262.58","bucket":"189","time":1574787762187,"group":{"id":"lifecycle","version":"21"},"event":{"count":1,"data":{"created":1574787762187,"project":"92ddc83aceaa9edad1485397ccc1680a8fd16623aa2c155379eac4aafdb2a559"},"id":"project.closed"}}
