{"recorder_version":"21","session":"a5fa06415c2c","build":"192.6262.58","bucket":"189","time":1575349279579,"group":{"id":"settings","version":"4"},"event":{"state":true,"data":{"component":"NotRoamableUiSettings","created":1575349279728},"id":"invoked"}}
{"recorder_version":"21","session":"a5fa06415c2c","build":"192.6262.58","bucket":"189","time":1575349279581,"group":{"id":"system.java","version":"1"},"event":{"state":true,"data":{"created":1575349279730,"version":"1.11"},"id":"JetBrains"}}
{"recorder_version":"21","session":"a5fa06415c2c","build":"192.6262.58","bucket":"189","time":1575349279581,"group":{"id":"system.java","version":"1"},"event":{"state":true,"data":{"created":1575349279736},"id":"invoked"}}
{"recorder_version":"21","session":"a5fa06415c2c","build":"192.6262.58","bucket":"189","time":1575349279581,"group":{"id":"settings","version":"4"},"event":{"state":true,"data":{"component":"UISettings","created":1575349279737},"id":"invoked"}}
{"recorder_version":"21","session":"a5fa06415c2c","build":"192.6262.58","bucket":"189","time":1575349279600,"group":{"id":"system.os","version":"3"},"event":{"state":true,"data":{"created":1575349279738,"version":"10.14"},"id":"Mac"}}
{"recorder_version":"21","session":"a5fa06415c2c","build":"192.6262.58","bucket":"189","time":1575349279600,"group":{"id":"system.os","version":"3"},"event":{"state":true,"data":{"created":1575349279738,"name":"Mac","version":"10.14"},"id":"os.name"}}
{"recorder_version":"21","session":"a5fa06415c2c","build":"192.6262.58","bucket":"189","time":1575349279600,"group":{"id":"system.os","version":"3"},"event":{"state":true,"data":{"created":1575349279739,"value":"+09_00"},"id":"os.timezone"}}
{"recorder_version":"21","session":"a5fa06415c2c","build":"192.6262.58","bucket":"189","time":1575349279600,"group":{"id":"system.os","version":"3"},"event":{"state":true,"data":{"created":1575349279739},"id":"invoked"}}
{"recorder_version":"21","session":"a5fa06415c2c","build":"192.6262.58","bucket":"189","time":1575349279727,"group":{"id":"event.log","version":"21"},"event":{"count":1,"data":{"created":1575349279740,"version":"942.0"},"id":"whitelist.loaded"}}
{"recorder_version":"21","session":"a5fa06415c2c","build":"192.6262.58","bucket":"189","time":1575349281886,"group":{"id":"settings","version":"4"},"event":{"state":true,"data":{"component":"UpdatesConfigurable","created":1575349281886,"name":"checkNeeded","type":"bool","value":false},"id":"not.default"}}
{"recorder_version":"21","session":"a5fa06415c2c","build":"192.6262.58","bucket":"189","time":1575349281886,"group":{"id":"settings","version":"4"},"event":{"state":true,"data":{"component":"UpdatesConfigurable","created":1575349281887},"id":"invoked"}}
{"recorder_version":"21","session":"a5fa06415c2c","build":"192.6262.58","bucket":"189","time":1575349282003,"group":{"id":"settings","version":"4"},"event":{"state":true,"data":{"component":"GeneralSettings","created":1575349282008,"name":"confirmExit","type":"bool","value":false},"id":"not.default"}}
{"recorder_version":"21","session":"a5fa06415c2c","build":"192.6262.58","bucket":"189","time":1575349282003,"group":{"id":"settings","version":"4"},"event":{"state":true,"data":{"component":"GeneralSettings","created":1575349282012,"name":"showTipsOnStartup","type":"bool","value":false},"id":"not.default"}}
{"recorder_version":"21","session":"a5fa06415c2c","build":"192.6262.58","bucket":"189","time":1575349282003,"group":{"id":"settings","version":"4"},"event":{"state":true,"data":{"component":"GeneralSettings","created":1575349282013},"id":"invoked"}}
{"recorder_version":"21","session":"a5fa06415c2c","build":"192.6262.58","bucket":"189","time":1575349282014,"group":{"id":"lifecycle","version":"21"},"event":{"count":1,"data":{"internal":true,"eap":false,"created":1575349282014},"id":"ide.start"}}
{"recorder_version":"21","session":"a5fa06415c2c","build":"192.6262.58","bucket":"189","time":1575349282305,"group":{"id":"lifecycle","version":"21"},"event":{"count":1,"data":{"created":1575349282306},"id":"frame.activated"}}
{"recorder_version":"21","session":"a5fa06415c2c","build":"192.6262.58","bucket":"189","time":1575349282438,"group":{"id":"performance","version":"21"},"event":{"count":1,"data":{"duration_ms":32,"created":1575349282438},"id":"ui.latency"}}
{"recorder_version":"21","session":"a5fa06415c2c","build":"192.6262.58","bucket":"189","time":1575349282813,"group":{"id":"ui.dialogs","version":"21"},"event":{"count":1,"data":{"created":1575349282814,"plugin_type":"PLATFORM","type":"show"},"id":"com.intellij.openapi.progress.util.ProgressDialog$MyDialogWrapper"}}
{"recorder_version":"21","session":"a5fa06415c2c","build":"192.6262.58","bucket":"189","time":1575349283797,"group":{"id":"lifecycle","version":"21"},"event":{"count":1,"data":{"created":1575349283797,"project":"4452600da3b350ab41d92ae108c2baae6ff0ac3ddb31bd67020ee046ec77ac09"},"id":"project.opened"}}
{"recorder_version":"21","session":"a5fa06415c2c","build":"192.6262.58","bucket":"189","time":1575349285449,"group":{"id":"settings","version":"4"},"event":{"state":true,"data":{"component":"XmlEditorOptions","created":1575349285449},"id":"invoked"}}
{"recorder_version":"21","session":"a5fa06415c2c","build":"192.6262.58","bucket":"189","time":1575349286191,"group":{"id":"toolwindow","version":"21"},"event":{"count":1,"data":{"os":"Mac","created":1575349286191,"plugin_type":"PLATFORM"},"id":"Project"}}
{"recorder_version":"21","session":"a5fa06415c2c","build":"192.6262.58","bucket":"189","time":1575349286965,"group":{"id":"performance","version":"21"},"event":{"count":1,"data":{"duration_ms":547,"created":1575349286966},"id":"ui.lagging"}}
{"recorder_version":"21","session":"a5fa06415c2c","build":"192.6262.58","bucket":"189","time":1575349288531,"group":{"id":"performance","version":"21"},"event":{"count":1,"data":{"duration_ms":108,"created":1575349288531},"id":"ui.lagging"}}
{"recorder_version":"21","session":"a5fa06415c2c","build":"192.6262.58","bucket":"189","time":1575349288738,"group":{"id":"project.fs","version":"1"},"event":{"state":true,"data":{"os":"Mac","cs-project":false,"created":1575349288738,"project":"4452600da3b350ab41d92ae108c2baae6ff0ac3ddb31bd67020ee046ec77ac09","cs-implicit":true,"cs-system":false},"id":"case-sensitivity"}}
{"recorder_version":"21","session":"a5fa06415c2c","build":"192.6262.58","bucket":"189","time":1575349288738,"group":{"id":"project.fs","version":"1"},"event":{"state":true,"data":{"created":1575349288739},"id":"invoked"}}
{"recorder_version":"21","session":"a5fa06415c2c","build":"192.6262.58","bucket":"189","time":1575349288739,"group":{"id":"project.fs","version":"1"},"event":{"state":true,"data":{"pct-non-watched":0,"created":1575349288739,"project":"4452600da3b350ab41d92ae108c2baae6ff0ac3ddb31bd67020ee046ec77ac09"},"id":"roots-watched"}}
{"recorder_version":"21","session":"a5fa06415c2c","build":"192.6262.58","bucket":"189","time":1575349288739,"group":{"id":"project.fs","version":"1"},"event":{"state":true,"data":{"created":1575349288739},"id":"invoked"}}
{"recorder_version":"21","session":"a5fa06415c2c","build":"192.6262.58","bucket":"189","time":1575349288866,"group":{"id":"ui.dialogs","version":"21"},"event":{"count":1,"data":{"code":1,"created":1575349288867,"plugin_type":"PLATFORM","type":"close"},"id":"com.intellij.openapi.progress.util.ProgressDialog$MyDialogWrapper"}}
{"recorder_version":"21","session":"a5fa06415c2c","build":"192.6262.58","bucket":"189","time":1575349289050,"group":{"id":"lifecycle","version":"21"},"event":{"count":1,"data":{"duration_ms":6542,"created":1575349289051,"project":"4452600da3b350ab41d92ae108c2baae6ff0ac3ddb31bd67020ee046ec77ac09"},"id":"project.opening.finished"}}
{"recorder_version":"21","session":"a5fa06415c2c","build":"192.6262.58","bucket":"189","time":1575349289537,"group":{"id":"performance","version":"21"},"event":{"count":1,"data":{"duration_ms":114,"created":1575349289538},"id":"ui.lagging"}}
{"recorder_version":"21","session":"a5fa06415c2c","build":"192.6262.58","bucket":"189","time":1575349289664,"group":{"id":"kotlin.jps.target","version":"1"},"event":{"count":2,"data":{"plugin_version":"validation.undefined_rule","last":1575349289664,"created":1575349289664},"id":"validation.undefined_rule"}}
{"recorder_version":"21","session":"a5fa06415c2c","build":"192.6262.58","bucket":"189","time":1575349290655,"group":{"id":"vcs.change.reminder","version":"1"},"event":{"count":1,"data":{"created":1575349290655,"project":"4452600da3b350ab41d92ae108c2baae6ff0ac3ddb31bd67020ee046ec77ac09","execution_time":229},"id":"prediction.calculated"}}
{"recorder_version":"21","session":"a5fa06415c2c","build":"192.6262.58","bucket":"189","time":1575349292940,"group":{"id":"file.types.usage","version":"21"},"event":{"count":1,"data":{"plugin":"com.intellij.java","created":1575349292940,"plugin_type":"JB_BUNDLED","project":"4452600da3b350ab41d92ae108c2baae6ff0ac3ddb31bd67020ee046ec77ac09","type":"edit"},"id":"JAVA"}}
{"recorder_version":"21","session":"a5fa06415c2c","build":"192.6262.58","bucket":"189","time":1575349303143,"group":{"id":"lifecycle","version":"21"},"event":{"count":1,"data":{"created":1575349303143,"project":"4452600da3b350ab41d92ae108c2baae6ff0ac3ddb31bd67020ee046ec77ac09"},"id":"frame.deactivated"}}
{"recorder_version":"21","session":"a5fa06415c2c","build":"192.6262.58","bucket":"189","time":1575349312047,"group":{"id":"lifecycle","version":"21"},"event":{"count":1,"data":{"created":1575349312047,"project":"4452600da3b350ab41d92ae108c2baae6ff0ac3ddb31bd67020ee046ec77ac09"},"id":"frame.activated"}}
{"recorder_version":"21","session":"a5fa06415c2c","build":"192.6262.58","bucket":"189","time":1575349313940,"group":{"id":"file.types.usage","version":"21"},"event":{"count":1,"data":{"plugin":"com.intellij.java","created":1575349313940,"plugin_type":"JB_BUNDLED","project":"4452600da3b350ab41d92ae108c2baae6ff0ac3ddb31bd67020ee046ec77ac09","type":"edit"},"id":"JAVA"}}
{"recorder_version":"21","session":"a5fa06415c2c","build":"192.6262.58","bucket":"189","time":1575349315753,"group":{"id":"lifecycle","version":"21"},"event":{"count":1,"data":{"created":1575349315753,"project":"4452600da3b350ab41d92ae108c2baae6ff0ac3ddb31bd67020ee046ec77ac09"},"id":"frame.deactivated"}}
{"recorder_version":"21","session":"a5fa06415c2c","build":"192.6262.58","bucket":"189","time":1575349382668,"group":{"id":"performance","version":"21"},"event":{"count":1,"data":{"duration_ms":0,"created":1575349382669},"id":"ui.latency"}}
{"recorder_version":"21","session":"a5fa06415c2c","build":"192.6262.58","bucket":"189","time":1575349389915,"group":{"id":"lifecycle","version":"21"},"event":{"count":1,"data":{"created":1575349389915,"project":"4452600da3b350ab41d92ae108c2baae6ff0ac3ddb31bd67020ee046ec77ac09"},"id":"frame.activated"}}
{"recorder_version":"21","session":"a5fa06415c2c","build":"192.6262.58","bucket":"189","time":1575349390181,"group":{"id":"lifecycle","version":"21"},"event":{"count":1,"data":{"restart":false,"created":1575349390181},"id":"ide.close"}}
{"recorder_version":"21","session":"a5fa06415c2c","build":"192.6262.58","bucket":"189","time":1575349390259,"group":{"id":"lifecycle","version":"21"},"event":{"count":1,"data":{"created":1575349390259,"project":"4452600da3b350ab41d92ae108c2baae6ff0ac3ddb31bd67020ee046ec77ac09"},"id":"project.closed"}}
