{"recorder_version":"21","session":"66d3a987f5f3","build":"192.6262.58","bucket":"189","time":1574802229662,"group":{"id":"settings","version":"4"},"event":{"state":true,"data":{"component":"NotRoamableUiSettings","created":1574802229834},"id":"invoked"}}
{"recorder_version":"21","session":"66d3a987f5f3","build":"192.6262.58","bucket":"189","time":1574802229664,"group":{"id":"system.java","version":"1"},"event":{"state":true,"data":{"created":1574802229835,"version":"1.11"},"id":"JetBrains"}}
{"recorder_version":"21","session":"66d3a987f5f3","build":"192.6262.58","bucket":"189","time":1574802229664,"group":{"id":"system.java","version":"1"},"event":{"state":true,"data":{"created":1574802229844},"id":"invoked"}}
{"recorder_version":"21","session":"66d3a987f5f3","build":"192.6262.58","bucket":"189","time":1574802229664,"group":{"id":"settings","version":"4"},"event":{"state":true,"data":{"component":"UISettings","created":1574802229844},"id":"invoked"}}
{"recorder_version":"21","session":"66d3a987f5f3","build":"192.6262.58","bucket":"189","time":1574802229687,"group":{"id":"system.os","version":"3"},"event":{"state":true,"data":{"created":1574802229845,"version":"10.14"},"id":"Mac"}}
{"recorder_version":"21","session":"66d3a987f5f3","build":"192.6262.58","bucket":"189","time":1574802229687,"group":{"id":"system.os","version":"3"},"event":{"state":true,"data":{"created":1574802229846,"name":"Mac","version":"10.14"},"id":"os.name"}}
{"recorder_version":"21","session":"66d3a987f5f3","build":"192.6262.58","bucket":"189","time":1574802229687,"group":{"id":"system.os","version":"3"},"event":{"state":true,"data":{"created":1574802229847,"value":"+09_00"},"id":"os.timezone"}}
{"recorder_version":"21","session":"66d3a987f5f3","build":"192.6262.58","bucket":"189","time":1574802229687,"group":{"id":"system.os","version":"3"},"event":{"state":true,"data":{"created":1574802229848},"id":"invoked"}}
{"recorder_version":"21","session":"66d3a987f5f3","build":"192.6262.58","bucket":"189","time":1574802229833,"group":{"id":"event.log","version":"21"},"event":{"count":1,"data":{"created":1574802229849,"version":"930.0"},"id":"whitelist.loaded"}}
{"recorder_version":"21","session":"66d3a987f5f3","build":"192.6262.58","bucket":"189","time":1574802232078,"group":{"id":"settings","version":"4"},"event":{"state":true,"data":{"component":"UpdatesConfigurable","created":1574802232078,"name":"checkNeeded","type":"bool","value":false},"id":"not.default"}}
{"recorder_version":"21","session":"66d3a987f5f3","build":"192.6262.58","bucket":"189","time":1574802232078,"group":{"id":"settings","version":"4"},"event":{"state":true,"data":{"component":"UpdatesConfigurable","created":1574802232080},"id":"invoked"}}
{"recorder_version":"21","session":"66d3a987f5f3","build":"192.6262.58","bucket":"189","time":1574802232242,"group":{"id":"settings","version":"4"},"event":{"state":true,"data":{"component":"GeneralSettings","created":1574802232242,"name":"confirmExit","type":"bool","value":false},"id":"not.default"}}
{"recorder_version":"21","session":"66d3a987f5f3","build":"192.6262.58","bucket":"189","time":1574802232243,"group":{"id":"settings","version":"4"},"event":{"state":true,"data":{"component":"GeneralSettings","created":1574802232246,"name":"showTipsOnStartup","type":"bool","value":false},"id":"not.default"}}
{"recorder_version":"21","session":"66d3a987f5f3","build":"192.6262.58","bucket":"189","time":1574802232246,"group":{"id":"settings","version":"4"},"event":{"state":true,"data":{"component":"GeneralSettings","created":1574802232247},"id":"invoked"}}
{"recorder_version":"21","session":"66d3a987f5f3","build":"192.6262.58","bucket":"189","time":1574802232252,"group":{"id":"lifecycle","version":"21"},"event":{"count":1,"data":{"internal":true,"eap":false,"created":1574802232254},"id":"ide.start"}}
{"recorder_version":"21","session":"66d3a987f5f3","build":"192.6262.58","bucket":"189","time":1574802232537,"group":{"id":"lifecycle","version":"21"},"event":{"count":1,"data":{"created":1574802232537},"id":"frame.activated"}}
{"recorder_version":"21","session":"66d3a987f5f3","build":"192.6262.58","bucket":"189","time":1574802232784,"group":{"id":"performance","version":"21"},"event":{"count":1,"data":{"duration_ms":1,"created":1574802232785},"id":"ui.latency"}}
{"recorder_version":"21","session":"66d3a987f5f3","build":"192.6262.58","bucket":"189","time":1574802233024,"group":{"id":"ui.dialogs","version":"21"},"event":{"count":1,"data":{"created":1574802233025,"plugin_type":"PLATFORM","type":"show"},"id":"com.intellij.openapi.progress.util.ProgressDialog$MyDialogWrapper"}}
{"recorder_version":"21","session":"66d3a987f5f3","build":"192.6262.58","bucket":"189","time":1574802234074,"group":{"id":"lifecycle","version":"21"},"event":{"count":1,"data":{"created":1574802234074,"project":"92ddc83aceaa9edad1485397ccc1680a8fd16623aa2c155379eac4aafdb2a559"},"id":"project.opened"}}
{"recorder_version":"21","session":"66d3a987f5f3","build":"192.6262.58","bucket":"189","time":1574802235712,"group":{"id":"settings","version":"4"},"event":{"state":true,"data":{"component":"XmlEditorOptions","created":1574802235712},"id":"invoked"}}
{"recorder_version":"21","session":"66d3a987f5f3","build":"192.6262.58","bucket":"189","time":1574802235988,"group":{"id":"toolwindow","version":"21"},"event":{"count":1,"data":{"os":"Mac","created":1574802235988,"plugin_type":"PLATFORM"},"id":"Project"}}
{"recorder_version":"21","session":"66d3a987f5f3","build":"192.6262.58","bucket":"189","time":1574802238520,"group":{"id":"kotlin.jps.target","version":"1"},"event":{"count":1,"data":{"plugin_version":"validation.undefined_rule","created":1574802238520},"id":"validation.undefined_rule"}}
{"recorder_version":"21","session":"66d3a987f5f3","build":"192.6262.58","bucket":"189","time":1574802238540,"group":{"id":"project.fs","version":"1"},"event":{"state":true,"data":{"os":"Mac","cs-project":false,"created":1574802238540,"project":"92ddc83aceaa9edad1485397ccc1680a8fd16623aa2c155379eac4aafdb2a559","cs-implicit":true,"cs-system":false},"id":"case-sensitivity"}}
{"recorder_version":"21","session":"66d3a987f5f3","build":"192.6262.58","bucket":"189","time":1574802238540,"group":{"id":"project.fs","version":"1"},"event":{"state":true,"data":{"created":1574802238540},"id":"invoked"}}
{"recorder_version":"21","session":"66d3a987f5f3","build":"192.6262.58","bucket":"189","time":1574802238541,"group":{"id":"project.fs","version":"1"},"event":{"state":true,"data":{"pct-non-watched":0,"created":1574802238541,"project":"92ddc83aceaa9edad1485397ccc1680a8fd16623aa2c155379eac4aafdb2a559"},"id":"roots-watched"}}
{"recorder_version":"21","session":"66d3a987f5f3","build":"192.6262.58","bucket":"189","time":1574802238541,"group":{"id":"project.fs","version":"1"},"event":{"state":true,"data":{"created":1574802238541},"id":"invoked"}}
{"recorder_version":"21","session":"66d3a987f5f3","build":"192.6262.58","bucket":"189","time":1574802238634,"group":{"id":"ui.dialogs","version":"21"},"event":{"count":1,"data":{"code":1,"created":1574802238634,"plugin_type":"PLATFORM","type":"close"},"id":"com.intellij.openapi.progress.util.ProgressDialog$MyDialogWrapper"}}
{"recorder_version":"21","session":"66d3a987f5f3","build":"192.6262.58","bucket":"189","time":1574802238878,"group":{"id":"lifecycle","version":"21"},"event":{"count":1,"data":{"duration_ms":6151,"created":1574802238878,"project":"92ddc83aceaa9edad1485397ccc1680a8fd16623aa2c155379eac4aafdb2a559"},"id":"project.opening.finished"}}
{"recorder_version":"21","session":"66d3a987f5f3","build":"192.6262.58","bucket":"189","time":1574802239736,"group":{"id":"file.types.usage","version":"21"},"event":{"count":1,"data":{"created":1574802239736,"plugin_type":"PLATFORM","project":"92ddc83aceaa9edad1485397ccc1680a8fd16623aa2c155379eac4aafdb2a559","type":"edit"},"id":"IDEA_MODULE"}}
{"recorder_version":"21","session":"66d3a987f5f3","build":"192.6262.58","bucket":"189","time":1574802241258,"group":{"id":"actions","version":"21"},"event":{"count":2,"data":{"context_menu":false,"last":1574802241444,"current_file":"TEXT","created":1574802241259,"plugin_type":"PLATFORM","project":"92ddc83aceaa9edad1485397ccc1680a8fd16623aa2c155379eac4aafdb2a559","place":"keyboard_shortcut","class":"com.intellij.openapi.editor.actions.BackspaceAction","input_event":"Backspace"},"id":"EditorBackSpace"}}
{"recorder_version":"21","session":"66d3a987f5f3","build":"192.6262.58","bucket":"189","time":1574802283586,"group":{"id":"lifecycle","version":"21"},"event":{"count":1,"data":{"created":1574802283586,"project":"92ddc83aceaa9edad1485397ccc1680a8fd16623aa2c155379eac4aafdb2a559"},"id":"frame.deactivated"}}
{"recorder_version":"21","session":"66d3a987f5f3","build":"192.6262.58","bucket":"189","time":1574802293041,"group":{"id":"lifecycle","version":"21"},"event":{"count":1,"data":{"created":1574802293041,"project":"92ddc83aceaa9edad1485397ccc1680a8fd16623aa2c155379eac4aafdb2a559"},"id":"frame.activated"}}
{"recorder_version":"21","session":"66d3a987f5f3","build":"192.6262.58","bucket":"189","time":1574802293318,"group":{"id":"lifecycle","version":"21"},"event":{"count":1,"data":{"restart":false,"created":1574802293318},"id":"ide.close"}}
{"recorder_version":"21","session":"66d3a987f5f3","build":"192.6262.58","bucket":"189","time":1574802293399,"group":{"id":"lifecycle","version":"21"},"event":{"count":1,"data":{"created":1574802293399,"project":"92ddc83aceaa9edad1485397ccc1680a8fd16623aa2c155379eac4aafdb2a559"},"id":"project.closed"}}
