{"recorder_version":"21","session":"46e5b334e797","build":"192.6262.58","bucket":"189","time":1574802610281,"group":{"id":"settings","version":"4"},"event":{"state":true,"data":{"component":"NotRoamableUiSettings","created":1574802610453},"id":"invoked"}}
{"recorder_version":"21","session":"46e5b334e797","build":"192.6262.58","bucket":"189","time":1574802610283,"group":{"id":"settings","version":"4"},"event":{"state":true,"data":{"component":"UISettings","created":1574802610454},"id":"invoked"}}
{"recorder_version":"21","session":"46e5b334e797","build":"192.6262.58","bucket":"189","time":1574802610283,"group":{"id":"system.java","version":"1"},"event":{"state":true,"data":{"created":1574802610465,"version":"1.11"},"id":"JetBrains"}}
{"recorder_version":"21","session":"46e5b334e797","build":"192.6262.58","bucket":"189","time":1574802610283,"group":{"id":"system.java","version":"1"},"event":{"state":true,"data":{"created":1574802610466},"id":"invoked"}}
{"recorder_version":"21","session":"46e5b334e797","build":"192.6262.58","bucket":"189","time":1574802610304,"group":{"id":"system.os","version":"3"},"event":{"state":true,"data":{"created":1574802610466,"version":"10.14"},"id":"Mac"}}
{"recorder_version":"21","session":"46e5b334e797","build":"192.6262.58","bucket":"189","time":1574802610304,"group":{"id":"system.os","version":"3"},"event":{"state":true,"data":{"created":1574802610468,"name":"Mac","version":"10.14"},"id":"os.name"}}
{"recorder_version":"21","session":"46e5b334e797","build":"192.6262.58","bucket":"189","time":1574802610304,"group":{"id":"system.os","version":"3"},"event":{"state":true,"data":{"created":1574802610469,"value":"+09_00"},"id":"os.timezone"}}
{"recorder_version":"21","session":"46e5b334e797","build":"192.6262.58","bucket":"189","time":1574802610304,"group":{"id":"system.os","version":"3"},"event":{"state":true,"data":{"created":1574802610469},"id":"invoked"}}
{"recorder_version":"21","session":"46e5b334e797","build":"192.6262.58","bucket":"189","time":1574802610452,"group":{"id":"event.log","version":"21"},"event":{"count":1,"data":{"created":1574802610470,"version":"930.0"},"id":"whitelist.loaded"}}
{"recorder_version":"21","session":"46e5b334e797","build":"192.6262.58","bucket":"189","time":1574802612713,"group":{"id":"settings","version":"4"},"event":{"state":true,"data":{"component":"UpdatesConfigurable","created":1574802612713,"name":"checkNeeded","type":"bool","value":false},"id":"not.default"}}
{"recorder_version":"21","session":"46e5b334e797","build":"192.6262.58","bucket":"189","time":1574802612713,"group":{"id":"settings","version":"4"},"event":{"state":true,"data":{"component":"UpdatesConfigurable","created":1574802612715},"id":"invoked"}}
{"recorder_version":"21","session":"46e5b334e797","build":"192.6262.58","bucket":"189","time":1574802612828,"group":{"id":"settings","version":"4"},"event":{"state":true,"data":{"component":"GeneralSettings","created":1574802612830,"name":"confirmExit","type":"bool","value":false},"id":"not.default"}}
{"recorder_version":"21","session":"46e5b334e797","build":"192.6262.58","bucket":"189","time":1574802612828,"group":{"id":"settings","version":"4"},"event":{"state":true,"data":{"component":"GeneralSettings","created":1574802612831,"name":"showTipsOnStartup","type":"bool","value":false},"id":"not.default"}}
{"recorder_version":"21","session":"46e5b334e797","build":"192.6262.58","bucket":"189","time":1574802612828,"group":{"id":"settings","version":"4"},"event":{"state":true,"data":{"component":"GeneralSettings","created":1574802612833},"id":"invoked"}}
{"recorder_version":"21","session":"46e5b334e797","build":"192.6262.58","bucket":"189","time":1574802612836,"group":{"id":"lifecycle","version":"21"},"event":{"count":1,"data":{"internal":true,"eap":false,"created":1574802612837},"id":"ide.start"}}
{"recorder_version":"21","session":"46e5b334e797","build":"192.6262.58","bucket":"189","time":1574802613115,"group":{"id":"lifecycle","version":"21"},"event":{"count":1,"data":{"created":1574802613115},"id":"frame.activated"}}
{"recorder_version":"21","session":"46e5b334e797","build":"192.6262.58","bucket":"189","time":1574802613376,"group":{"id":"performance","version":"21"},"event":{"count":1,"data":{"duration_ms":0,"created":1574802613376},"id":"ui.latency"}}
{"recorder_version":"21","session":"46e5b334e797","build":"192.6262.58","bucket":"189","time":1574802613609,"group":{"id":"ui.dialogs","version":"21"},"event":{"count":1,"data":{"created":1574802613611,"plugin_type":"PLATFORM","type":"show"},"id":"com.intellij.openapi.progress.util.ProgressDialog$MyDialogWrapper"}}
{"recorder_version":"21","session":"46e5b334e797","build":"192.6262.58","bucket":"189","time":1574802614682,"group":{"id":"lifecycle","version":"21"},"event":{"count":1,"data":{"created":1574802614682,"project":"92ddc83aceaa9edad1485397ccc1680a8fd16623aa2c155379eac4aafdb2a559"},"id":"project.opened"}}
{"recorder_version":"21","session":"46e5b334e797","build":"192.6262.58","bucket":"189","time":1574802616381,"group":{"id":"settings","version":"4"},"event":{"state":true,"data":{"component":"XmlEditorOptions","created":1574802616381},"id":"invoked"}}
{"recorder_version":"21","session":"46e5b334e797","build":"192.6262.58","bucket":"189","time":1574802616638,"group":{"id":"toolwindow","version":"21"},"event":{"count":1,"data":{"os":"Mac","created":1574802616638,"plugin_type":"PLATFORM"},"id":"Project"}}
{"recorder_version":"21","session":"46e5b334e797","build":"192.6262.58","bucket":"189","time":1574802618427,"group":{"id":"kotlin.jps.target","version":"1"},"event":{"count":1,"data":{"plugin_version":"validation.undefined_rule","created":1574802618427},"id":"validation.undefined_rule"}}
{"recorder_version":"21","session":"46e5b334e797","build":"192.6262.58","bucket":"189","time":1574802618740,"group":{"id":"project.fs","version":"1"},"event":{"state":true,"data":{"os":"Mac","cs-project":false,"created":1574802618741,"project":"92ddc83aceaa9edad1485397ccc1680a8fd16623aa2c155379eac4aafdb2a559","cs-implicit":true,"cs-system":false},"id":"case-sensitivity"}}
{"recorder_version":"21","session":"46e5b334e797","build":"192.6262.58","bucket":"189","time":1574802618740,"group":{"id":"project.fs","version":"1"},"event":{"state":true,"data":{"created":1574802618741},"id":"invoked"}}
{"recorder_version":"21","session":"46e5b334e797","build":"192.6262.58","bucket":"189","time":1574802618741,"group":{"id":"project.fs","version":"1"},"event":{"state":true,"data":{"pct-non-watched":0,"created":1574802618741,"project":"92ddc83aceaa9edad1485397ccc1680a8fd16623aa2c155379eac4aafdb2a559"},"id":"roots-watched"}}
{"recorder_version":"21","session":"46e5b334e797","build":"192.6262.58","bucket":"189","time":1574802618741,"group":{"id":"project.fs","version":"1"},"event":{"state":true,"data":{"created":1574802618742},"id":"invoked"}}
{"recorder_version":"21","session":"46e5b334e797","build":"192.6262.58","bucket":"189","time":1574802618816,"group":{"id":"ui.dialogs","version":"21"},"event":{"count":1,"data":{"code":1,"created":1574802618816,"plugin_type":"PLATFORM","type":"close"},"id":"com.intellij.openapi.progress.util.ProgressDialog$MyDialogWrapper"}}
{"recorder_version":"21","session":"46e5b334e797","build":"192.6262.58","bucket":"189","time":1574802618955,"group":{"id":"lifecycle","version":"21"},"event":{"count":1,"data":{"duration_ms":5597,"created":1574802618956,"project":"92ddc83aceaa9edad1485397ccc1680a8fd16623aa2c155379eac4aafdb2a559"},"id":"project.opening.finished"}}
{"recorder_version":"21","session":"46e5b334e797","build":"192.6262.58","bucket":"189","time":1574802623921,"group":{"id":"file.types.usage","version":"21"},"event":{"count":1,"data":{"created":1574802623921,"plugin_type":"PLATFORM","project":"92ddc83aceaa9edad1485397ccc1680a8fd16623aa2c155379eac4aafdb2a559","type":"edit"},"id":"IDEA_MODULE"}}
{"recorder_version":"21","session":"46e5b334e797","build":"192.6262.58","bucket":"189","time":1574802632031,"group":{"id":"actions","version":"21"},"event":{"count":52,"data":{"context_menu":false,"last":1574802642168,"current_file":"TEXT","created":1574802632031,"plugin_type":"PLATFORM","project":"92ddc83aceaa9edad1485397ccc1680a8fd16623aa2c155379eac4aafdb2a559","place":"keyboard_shortcut","class":"com.intellij.openapi.editor.actions.BackspaceAction","input_event":"Backspace"},"id":"EditorBackSpace"}}
{"recorder_version":"21","session":"46e5b334e797","build":"192.6262.58","bucket":"189","time":1574802672455,"group":{"id":"lifecycle","version":"21"},"event":{"count":1,"data":{"created":1574802672455,"project":"92ddc83aceaa9edad1485397ccc1680a8fd16623aa2c155379eac4aafdb2a559"},"id":"frame.deactivated"}}
{"recorder_version":"21","session":"46e5b334e797","build":"192.6262.58","bucket":"189","time":1574802672702,"group":{"id":"performance","version":"21"},"event":{"count":1,"data":{"duration_ms":154,"created":1574802672702},"id":"ui.lagging"}}
{"recorder_version":"21","session":"46e5b334e797","build":"192.6262.58","bucket":"189","time":1574802696686,"group":{"id":"lifecycle","version":"21"},"event":{"count":1,"data":{"created":1574802696686,"project":"92ddc83aceaa9edad1485397ccc1680a8fd16623aa2c155379eac4aafdb2a559"},"id":"frame.activated"}}
{"recorder_version":"21","session":"46e5b334e797","build":"192.6262.58","bucket":"189","time":1574802696950,"group":{"id":"lifecycle","version":"21"},"event":{"count":1,"data":{"restart":false,"created":1574802696950},"id":"ide.close"}}
{"recorder_version":"21","session":"46e5b334e797","build":"192.6262.58","bucket":"189","time":1574802697025,"group":{"id":"lifecycle","version":"21"},"event":{"count":1,"data":{"created":1574802697025,"project":"92ddc83aceaa9edad1485397ccc1680a8fd16623aa2c155379eac4aafdb2a559"},"id":"project.closed"}}
