{"recorder_version":"21","session":"8a3047ce8489","build":"192.6262.58","bucket":"189","time":1574436024100,"group":{"id":"settings","version":"4"},"event":{"state":true,"data":{"component":"NotRoamableUiSettings","created":1574436024334},"id":"invoked"}}
{"recorder_version":"21","session":"8a3047ce8489","build":"192.6262.58","bucket":"189","time":1574436024102,"group":{"id":"settings","version":"4"},"event":{"state":true,"data":{"component":"UISettings","created":1574436024337},"id":"invoked"}}
{"recorder_version":"21","session":"8a3047ce8489","build":"192.6262.58","bucket":"189","time":1574436024103,"group":{"id":"system.java","version":"1"},"event":{"state":true,"data":{"created":1574436024363,"version":"1.11"},"id":"JetBrains"}}
{"recorder_version":"21","session":"8a3047ce8489","build":"192.6262.58","bucket":"189","time":1574436024103,"group":{"id":"system.java","version":"1"},"event":{"state":true,"data":{"created":1574436024365},"id":"invoked"}}
{"recorder_version":"21","session":"8a3047ce8489","build":"192.6262.58","bucket":"189","time":1574436024124,"group":{"id":"system.os","version":"3"},"event":{"state":true,"data":{"created":1574436024366,"version":"10.14"},"id":"Mac"}}
{"recorder_version":"21","session":"8a3047ce8489","build":"192.6262.58","bucket":"189","time":1574436024124,"group":{"id":"system.os","version":"3"},"event":{"state":true,"data":{"created":1574436024368,"name":"Mac","version":"10.14"},"id":"os.name"}}
{"recorder_version":"21","session":"8a3047ce8489","build":"192.6262.58","bucket":"189","time":1574436024124,"group":{"id":"system.os","version":"3"},"event":{"state":true,"data":{"created":1574436024370,"value":"+09_00"},"id":"os.timezone"}}
{"recorder_version":"21","session":"8a3047ce8489","build":"192.6262.58","bucket":"189","time":1574436024124,"group":{"id":"system.os","version":"3"},"event":{"state":true,"data":{"created":1574436024371},"id":"invoked"}}
{"recorder_version":"21","session":"8a3047ce8489","build":"192.6262.58","bucket":"189","time":1574436024333,"group":{"id":"event.log","version":"21"},"event":{"count":1,"data":{"created":1574436024373,"version":"916.0"},"id":"whitelist.loaded"}}
{"recorder_version":"21","session":"8a3047ce8489","build":"192.6262.58","bucket":"189","time":1574436026768,"group":{"id":"settings","version":"4"},"event":{"state":true,"data":{"component":"UpdatesConfigurable","created":1574436026769,"name":"checkNeeded","type":"bool","value":false},"id":"not.default"}}
{"recorder_version":"21","session":"8a3047ce8489","build":"192.6262.58","bucket":"189","time":1574436026768,"group":{"id":"settings","version":"4"},"event":{"state":true,"data":{"component":"UpdatesConfigurable","created":1574436026770},"id":"invoked"}}
{"recorder_version":"21","session":"8a3047ce8489","build":"192.6262.58","bucket":"189","time":1574436026895,"group":{"id":"settings","version":"4"},"event":{"state":true,"data":{"component":"GeneralSettings","created":1574436026897,"name":"confirmExit","type":"bool","value":false},"id":"not.default"}}
{"recorder_version":"21","session":"8a3047ce8489","build":"192.6262.58","bucket":"189","time":1574436026895,"group":{"id":"settings","version":"4"},"event":{"state":true,"data":{"component":"GeneralSettings","created":1574436026898,"name":"showTipsOnStartup","type":"bool","value":false},"id":"not.default"}}
{"recorder_version":"21","session":"8a3047ce8489","build":"192.6262.58","bucket":"189","time":1574436026895,"group":{"id":"settings","version":"4"},"event":{"state":true,"data":{"component":"GeneralSettings","created":1574436026900},"id":"invoked"}}
{"recorder_version":"21","session":"8a3047ce8489","build":"192.6262.58","bucket":"189","time":1574436026900,"group":{"id":"lifecycle","version":"21"},"event":{"count":1,"data":{"internal":true,"eap":false,"created":1574436026902},"id":"ide.start"}}
{"recorder_version":"21","session":"8a3047ce8489","build":"192.6262.58","bucket":"189","time":1574436027210,"group":{"id":"lifecycle","version":"21"},"event":{"count":1,"data":{"created":1574436027210},"id":"frame.activated"}}
{"recorder_version":"21","session":"8a3047ce8489","build":"192.6262.58","bucket":"189","time":1574436027447,"group":{"id":"performance","version":"21"},"event":{"count":1,"data":{"duration_ms":5,"created":1574436027448},"id":"ui.latency"}}
{"recorder_version":"21","session":"8a3047ce8489","build":"192.6262.58","bucket":"189","time":1574436027707,"group":{"id":"ui.dialogs","version":"21"},"event":{"count":1,"data":{"created":1574436027708,"plugin_type":"PLATFORM","type":"show"},"id":"com.intellij.openapi.progress.util.ProgressDialog$MyDialogWrapper"}}
{"recorder_version":"21","session":"8a3047ce8489","build":"192.6262.58","bucket":"189","time":1574436028814,"group":{"id":"lifecycle","version":"21"},"event":{"count":1,"data":{"created":1574436028815,"project":"a0f12fb42952fc36a102045bdbb22ad1f15aa9443e9c675024683f4da70c8bc4"},"id":"project.opened"}}
{"recorder_version":"21","session":"8a3047ce8489","build":"192.6262.58","bucket":"189","time":1574436030460,"group":{"id":"settings","version":"4"},"event":{"state":true,"data":{"component":"XmlEditorOptions","created":1574436030460},"id":"invoked"}}
{"recorder_version":"21","session":"8a3047ce8489","build":"192.6262.58","bucket":"189","time":1574436030755,"group":{"id":"toolwindow","version":"21"},"event":{"count":1,"data":{"os":"Mac","created":1574436030755,"plugin_type":"PLATFORM"},"id":"Project"}}
{"recorder_version":"21","session":"8a3047ce8489","build":"192.6262.58","bucket":"189","time":1574436031618,"group":{"id":"performance","version":"21"},"event":{"count":1,"data":{"duration_ms":167,"created":1574436031618},"id":"ui.lagging"}}
{"recorder_version":"21","session":"8a3047ce8489","build":"192.6262.58","bucket":"189","time":1574436033018,"group":{"id":"project.fs","version":"1"},"event":{"state":true,"data":{"os":"Mac","cs-project":false,"created":1574436033018,"project":"a0f12fb42952fc36a102045bdbb22ad1f15aa9443e9c675024683f4da70c8bc4","cs-implicit":true,"cs-system":false},"id":"case-sensitivity"}}
{"recorder_version":"21","session":"8a3047ce8489","build":"192.6262.58","bucket":"189","time":1574436033019,"group":{"id":"project.fs","version":"1"},"event":{"state":true,"data":{"created":1574436033020},"id":"invoked"}}
{"recorder_version":"21","session":"8a3047ce8489","build":"192.6262.58","bucket":"189","time":1574436033021,"group":{"id":"project.fs","version":"1"},"event":{"state":true,"data":{"pct-non-watched":0,"created":1574436033021,"project":"a0f12fb42952fc36a102045bdbb22ad1f15aa9443e9c675024683f4da70c8bc4"},"id":"roots-watched"}}
{"recorder_version":"21","session":"8a3047ce8489","build":"192.6262.58","bucket":"189","time":1574436033021,"group":{"id":"project.fs","version":"1"},"event":{"state":true,"data":{"created":1574436033022},"id":"invoked"}}
{"recorder_version":"21","session":"8a3047ce8489","build":"192.6262.58","bucket":"189","time":1574436033122,"group":{"id":"ui.dialogs","version":"21"},"event":{"count":1,"data":{"code":1,"created":1574436033122,"plugin_type":"PLATFORM","type":"close"},"id":"com.intellij.openapi.progress.util.ProgressDialog$MyDialogWrapper"}}
{"recorder_version":"21","session":"8a3047ce8489","build":"192.6262.58","bucket":"189","time":1574436033300,"group":{"id":"lifecycle","version":"21"},"event":{"count":1,"data":{"duration_ms":5853,"created":1574436033300,"project":"a0f12fb42952fc36a102045bdbb22ad1f15aa9443e9c675024683f4da70c8bc4"},"id":"project.opening.finished"}}
{"recorder_version":"21","session":"8a3047ce8489","build":"192.6262.58","bucket":"189","time":1574436033664,"group":{"id":"performance","version":"21"},"event":{"count":1,"data":{"duration_ms":209,"created":1574436033664},"id":"ui.lagging"}}
{"recorder_version":"21","session":"8a3047ce8489","build":"192.6262.58","bucket":"189","time":1574436035290,"group":{"id":"kotlin.jps.target","version":"1"},"event":{"count":1,"data":{"plugin_version":"1.3.41-release-IJ2019.2-1","created":1574436035291},"id":"jvm"}}
{"recorder_version":"21","session":"8a3047ce8489","build":"192.6262.58","bucket":"189","time":1574436035691,"group":{"id":"file.types.usage","version":"21"},"event":{"count":1,"data":{"plugin":"com.intellij.java","created":1574436035691,"plugin_type":"JB_BUNDLED","project":"a0f12fb42952fc36a102045bdbb22ad1f15aa9443e9c675024683f4da70c8bc4","type":"edit"},"id":"JAVA"}}
{"recorder_version":"21","session":"8a3047ce8489","build":"192.6262.58","bucket":"189","time":1574436036447,"group":{"id":"actions","version":"21"},"event":{"count":24,"data":{"context_menu":false,"last":1574436048725,"created":1574436036447,"plugin_type":"PLATFORM","project":"a0f12fb42952fc36a102045bdbb22ad1f15aa9443e9c675024683f4da70c8bc4","place":"keyboard_shortcut","class":"com.intellij.openapi.editor.actions.BackspaceAction","input_event":"Backspace"},"id":"EditorBackSpace"}}
{"recorder_version":"21","session":"8a3047ce8489","build":"192.6262.58","bucket":"189","time":1574436056049,"group":{"id":"lifecycle","version":"21"},"event":{"count":1,"data":{"restart":false,"created":1574436056049},"id":"ide.close"}}
{"recorder_version":"21","session":"8a3047ce8489","build":"192.6262.58","bucket":"189","time":1574436056495,"group":{"id":"lifecycle","version":"21"},"event":{"count":1,"data":{"created":1574436056495,"project":"a0f12fb42952fc36a102045bdbb22ad1f15aa9443e9c675024683f4da70c8bc4"},"id":"project.closed"}}
