{"recorder_version":"21","session":"08fe002264a0","build":"192.6262.58","bucket":"189","time":1574627918054,"group":{"id":"settings","version":"4"},"event":{"state":true,"data":{"component":"NotRoamableUiSettings","created":1574627918228},"id":"invoked"}}
{"recorder_version":"21","session":"08fe002264a0","build":"192.6262.58","bucket":"189","time":1574627918057,"group":{"id":"system.java","version":"1"},"event":{"state":true,"data":{"created":1574627918230,"version":"1.11"},"id":"JetBrains"}}
{"recorder_version":"21","session":"08fe002264a0","build":"192.6262.58","bucket":"189","time":1574627918057,"group":{"id":"system.java","version":"1"},"event":{"state":true,"data":{"created":1574627918240},"id":"invoked"}}
{"recorder_version":"21","session":"08fe002264a0","build":"192.6262.58","bucket":"189","time":1574627918058,"group":{"id":"settings","version":"4"},"event":{"state":true,"data":{"component":"UISettings","created":1574627918241},"id":"invoked"}}
{"recorder_version":"21","session":"08fe002264a0","build":"192.6262.58","bucket":"189","time":1574627918079,"group":{"id":"system.os","version":"3"},"event":{"state":true,"data":{"created":1574627918241,"version":"10.14"},"id":"Mac"}}
{"recorder_version":"21","session":"08fe002264a0","build":"192.6262.58","bucket":"189","time":1574627918079,"group":{"id":"system.os","version":"3"},"event":{"state":true,"data":{"created":1574627918242,"name":"Mac","version":"10.14"},"id":"os.name"}}
{"recorder_version":"21","session":"08fe002264a0","build":"192.6262.58","bucket":"189","time":1574627918079,"group":{"id":"system.os","version":"3"},"event":{"state":true,"data":{"created":1574627918243,"value":"+09_00"},"id":"os.timezone"}}
{"recorder_version":"21","session":"08fe002264a0","build":"192.6262.58","bucket":"189","time":1574627918079,"group":{"id":"system.os","version":"3"},"event":{"state":true,"data":{"created":1574627918244},"id":"invoked"}}
{"recorder_version":"21","session":"08fe002264a0","build":"192.6262.58","bucket":"189","time":1574627918227,"group":{"id":"event.log","version":"21"},"event":{"count":1,"data":{"created":1574627918244,"version":"919.0"},"id":"whitelist.loaded"}}
{"recorder_version":"21","session":"08fe002264a0","build":"192.6262.58","bucket":"189","time":1574627920278,"group":{"id":"settings","version":"4"},"event":{"state":true,"data":{"component":"UpdatesConfigurable","created":1574627920279,"name":"checkNeeded","type":"bool","value":false},"id":"not.default"}}
{"recorder_version":"21","session":"08fe002264a0","build":"192.6262.58","bucket":"189","time":1574627920278,"group":{"id":"settings","version":"4"},"event":{"state":true,"data":{"component":"UpdatesConfigurable","created":1574627920280},"id":"invoked"}}
{"recorder_version":"21","session":"08fe002264a0","build":"192.6262.58","bucket":"189","time":1574627920474,"group":{"id":"settings","version":"4"},"event":{"state":true,"data":{"component":"GeneralSettings","created":1574627920474,"name":"confirmExit","type":"bool","value":false},"id":"not.default"}}
{"recorder_version":"21","session":"08fe002264a0","build":"192.6262.58","bucket":"189","time":1574627920474,"group":{"id":"settings","version":"4"},"event":{"state":true,"data":{"component":"GeneralSettings","created":1574627920475,"name":"showTipsOnStartup","type":"bool","value":false},"id":"not.default"}}
{"recorder_version":"21","session":"08fe002264a0","build":"192.6262.58","bucket":"189","time":1574627920474,"group":{"id":"settings","version":"4"},"event":{"state":true,"data":{"component":"GeneralSettings","created":1574627920476},"id":"invoked"}}
{"recorder_version":"21","session":"08fe002264a0","build":"192.6262.58","bucket":"189","time":1574627920483,"group":{"id":"lifecycle","version":"21"},"event":{"count":1,"data":{"internal":true,"eap":false,"created":1574627920484},"id":"ide.start"}}
{"recorder_version":"21","session":"08fe002264a0","build":"192.6262.58","bucket":"189","time":1574627920770,"group":{"id":"lifecycle","version":"21"},"event":{"count":1,"data":{"created":1574627920770},"id":"frame.activated"}}
{"recorder_version":"21","session":"08fe002264a0","build":"192.6262.58","bucket":"189","time":1574627920982,"group":{"id":"performance","version":"21"},"event":{"count":1,"data":{"duration_ms":0,"created":1574627920984},"id":"ui.latency"}}
{"recorder_version":"21","session":"08fe002264a0","build":"192.6262.58","bucket":"189","time":1574627921264,"group":{"id":"ui.dialogs","version":"21"},"event":{"count":1,"data":{"created":1574627921265,"plugin_type":"PLATFORM","type":"show"},"id":"com.intellij.openapi.progress.util.ProgressDialog$MyDialogWrapper"}}
{"recorder_version":"21","session":"08fe002264a0","build":"192.6262.58","bucket":"189","time":1574627922330,"group":{"id":"lifecycle","version":"21"},"event":{"count":1,"data":{"created":1574627922330,"project":"92ddc83aceaa9edad1485397ccc1680a8fd16623aa2c155379eac4aafdb2a559"},"id":"project.opened"}}
{"recorder_version":"21","session":"08fe002264a0","build":"192.6262.58","bucket":"189","time":1574627923121,"group":{"id":"performance","version":"21"},"event":{"count":1,"data":{"duration_ms":137,"created":1574627923121},"id":"ui.lagging"}}
{"recorder_version":"21","session":"08fe002264a0","build":"192.6262.58","bucket":"189","time":1574627924203,"group":{"id":"settings","version":"4"},"event":{"state":true,"data":{"component":"XmlEditorOptions","created":1574627924203},"id":"invoked"}}
{"recorder_version":"21","session":"08fe002264a0","build":"192.6262.58","bucket":"189","time":1574627924241,"group":{"id":"performance","version":"21"},"event":{"count":1,"data":{"duration_ms":258,"created":1574627924241},"id":"ui.lagging"}}
{"recorder_version":"21","session":"08fe002264a0","build":"192.6262.58","bucket":"189","time":1574627924416,"group":{"id":"toolwindow","version":"21"},"event":{"count":1,"data":{"os":"Mac","created":1574627924416,"plugin_type":"PLATFORM"},"id":"Project"}}
{"recorder_version":"21","session":"08fe002264a0","build":"192.6262.58","bucket":"189","time":1574627926356,"group":{"id":"kotlin.jps.target","version":"1"},"event":{"count":1,"data":{"plugin_version":"1.3.41-release-IJ2019.2-1","created":1574627926356},"id":"jvm"}}
{"recorder_version":"21","session":"08fe002264a0","build":"192.6262.58","bucket":"189","time":1574627926724,"group":{"id":"project.fs","version":"1"},"event":{"state":true,"data":{"os":"Mac","cs-project":false,"created":1574627926724,"project":"92ddc83aceaa9edad1485397ccc1680a8fd16623aa2c155379eac4aafdb2a559","cs-implicit":true,"cs-system":false},"id":"case-sensitivity"}}
{"recorder_version":"21","session":"08fe002264a0","build":"192.6262.58","bucket":"189","time":1574627926724,"group":{"id":"project.fs","version":"1"},"event":{"state":true,"data":{"created":1574627926725},"id":"invoked"}}
{"recorder_version":"21","session":"08fe002264a0","build":"192.6262.58","bucket":"189","time":1574627926727,"group":{"id":"project.fs","version":"1"},"event":{"state":true,"data":{"pct-non-watched":0,"created":1574627926728,"project":"92ddc83aceaa9edad1485397ccc1680a8fd16623aa2c155379eac4aafdb2a559"},"id":"roots-watched"}}
{"recorder_version":"21","session":"08fe002264a0","build":"192.6262.58","bucket":"189","time":1574627926727,"group":{"id":"project.fs","version":"1"},"event":{"state":true,"data":{"created":1574627926728},"id":"invoked"}}
{"recorder_version":"21","session":"08fe002264a0","build":"192.6262.58","bucket":"189","time":1574627926895,"group":{"id":"ui.dialogs","version":"21"},"event":{"count":1,"data":{"code":1,"created":1574627926895,"plugin_type":"PLATFORM","type":"close"},"id":"com.intellij.openapi.progress.util.ProgressDialog$MyDialogWrapper"}}
{"recorder_version":"21","session":"08fe002264a0","build":"192.6262.58","bucket":"189","time":1574627927043,"group":{"id":"lifecycle","version":"21"},"event":{"count":1,"data":{"duration_ms":6087,"created":1574627927043,"project":"92ddc83aceaa9edad1485397ccc1680a8fd16623aa2c155379eac4aafdb2a559"},"id":"project.opening.finished"}}
{"recorder_version":"21","session":"08fe002264a0","build":"192.6262.58","bucket":"189","time":1574627929596,"group":{"id":"file.types.usage","version":"21"},"event":{"count":1,"data":{"created":1574627929596,"plugin_type":"PLATFORM","project":"92ddc83aceaa9edad1485397ccc1680a8fd16623aa2c155379eac4aafdb2a559","type":"edit"},"id":"IDEA_MODULE"}}
{"recorder_version":"21","session":"08fe002264a0","build":"192.6262.58","bucket":"189","time":1574627959145,"group":{"id":"actions","version":"21"},"event":{"count":1,"data":{"context_menu":false,"current_file":"TEXT","created":1574627959145,"plugin_type":"PLATFORM","project":"92ddc83aceaa9edad1485397ccc1680a8fd16623aa2c155379eac4aafdb2a559","place":"keyboard_shortcut","class":"com.intellij.openapi.editor.actions.BackspaceAction","input_event":"Backspace"},"id":"EditorBackSpace"}}
{"recorder_version":"21","session":"08fe002264a0","build":"192.6262.58","bucket":"189","time":1574627981379,"group":{"id":"actions","version":"21"},"event":{"count":1,"data":{"context_menu":false,"current_file":"TEXT","created":1574627981379,"plugin_type":"PLATFORM","project":"92ddc83aceaa9edad1485397ccc1680a8fd16623aa2c155379eac4aafdb2a559","place":"keyboard_shortcut","class":"com.intellij.openapi.editor.actions.EnterAction","input_event":"Enter"},"id":"EditorEnter"}}
{"recorder_version":"21","session":"08fe002264a0","build":"192.6262.58","bucket":"189","time":1574627984836,"group":{"id":"lifecycle","version":"21"},"event":{"count":1,"data":{"created":1574627984836,"project":"92ddc83aceaa9edad1485397ccc1680a8fd16623aa2c155379eac4aafdb2a559"},"id":"frame.deactivated"}}
{"recorder_version":"21","session":"08fe002264a0","build":"192.6262.58","bucket":"189","time":1574628021214,"group":{"id":"performance","version":"21"},"event":{"count":1,"data":{"duration_ms":0,"created":1574628021214},"id":"ui.latency"}}
{"recorder_version":"21","session":"08fe002264a0","build":"192.6262.58","bucket":"189","time":1574628051316,"group":{"id":"lifecycle","version":"21"},"event":{"count":1,"data":{"created":1574628051316,"project":"92ddc83aceaa9edad1485397ccc1680a8fd16623aa2c155379eac4aafdb2a559"},"id":"frame.activated"}}
{"recorder_version":"21","session":"08fe002264a0","build":"192.6262.58","bucket":"189","time":1574628051967,"group":{"id":"lifecycle","version":"21"},"event":{"count":1,"data":{"restart":false,"created":1574628051967},"id":"ide.close"}}
{"recorder_version":"21","session":"08fe002264a0","build":"192.6262.58","bucket":"189","time":1574628052068,"group":{"id":"lifecycle","version":"21"},"event":{"count":1,"data":{"created":1574628052068,"project":"92ddc83aceaa9edad1485397ccc1680a8fd16623aa2c155379eac4aafdb2a559"},"id":"project.closed"}}
