{"recorder_version":"21","session":"7dafbb926165","build":"192.6262.58","bucket":"189","time":1574887228091,"group":{"id":"settings","version":"4"},"event":{"state":true,"data":{"component":"NotRoamableUiSettings","created":1574887228242},"id":"invoked"}}
{"recorder_version":"21","session":"7dafbb926165","build":"192.6262.58","bucket":"189","time":1574887228093,"group":{"id":"system.java","version":"1"},"event":{"state":true,"data":{"created":1574887228244,"version":"1.11"},"id":"JetBrains"}}
{"recorder_version":"21","session":"7dafbb926165","build":"192.6262.58","bucket":"189","time":1574887228093,"group":{"id":"system.java","version":"1"},"event":{"state":true,"data":{"created":1574887228250},"id":"invoked"}}
{"recorder_version":"21","session":"7dafbb926165","build":"192.6262.58","bucket":"189","time":1574887228094,"group":{"id":"settings","version":"4"},"event":{"state":true,"data":{"component":"UISettings","created":1574887228250},"id":"invoked"}}
{"recorder_version":"21","session":"7dafbb926165","build":"192.6262.58","bucket":"189","time":1574887228116,"group":{"id":"system.os","version":"3"},"event":{"state":true,"data":{"created":1574887228251,"version":"10.14"},"id":"Mac"}}
{"recorder_version":"21","session":"7dafbb926165","build":"192.6262.58","bucket":"189","time":1574887228116,"group":{"id":"system.os","version":"3"},"event":{"state":true,"data":{"created":1574887228251,"name":"Mac","version":"10.14"},"id":"os.name"}}
{"recorder_version":"21","session":"7dafbb926165","build":"192.6262.58","bucket":"189","time":1574887228116,"group":{"id":"system.os","version":"3"},"event":{"state":true,"data":{"created":1574887228252,"value":"+09_00"},"id":"os.timezone"}}
{"recorder_version":"21","session":"7dafbb926165","build":"192.6262.58","bucket":"189","time":1574887228116,"group":{"id":"system.os","version":"3"},"event":{"state":true,"data":{"created":1574887228253},"id":"invoked"}}
{"recorder_version":"21","session":"7dafbb926165","build":"192.6262.58","bucket":"189","time":1574887228242,"group":{"id":"event.log","version":"21"},"event":{"count":1,"data":{"created":1574887228254,"version":"934.0"},"id":"whitelist.loaded"}}
{"recorder_version":"21","session":"7dafbb926165","build":"192.6262.58","bucket":"189","time":1574887230453,"group":{"id":"settings","version":"4"},"event":{"state":true,"data":{"component":"UpdatesConfigurable","created":1574887230453,"name":"checkNeeded","type":"bool","value":false},"id":"not.default"}}
{"recorder_version":"21","session":"7dafbb926165","build":"192.6262.58","bucket":"189","time":1574887230453,"group":{"id":"settings","version":"4"},"event":{"state":true,"data":{"component":"UpdatesConfigurable","created":1574887230455},"id":"invoked"}}
{"recorder_version":"21","session":"7dafbb926165","build":"192.6262.58","bucket":"189","time":1574887230599,"group":{"id":"settings","version":"4"},"event":{"state":true,"data":{"component":"GeneralSettings","created":1574887230599},"id":"invoked"}}
{"recorder_version":"21","session":"7dafbb926165","build":"192.6262.58","bucket":"189","time":1574887230605,"group":{"id":"lifecycle","version":"21"},"event":{"count":1,"data":{"internal":true,"eap":false,"created":1574887230605},"id":"ide.start"}}
{"recorder_version":"21","session":"7dafbb926165","build":"192.6262.58","bucket":"189","time":1574887230935,"group":{"id":"lifecycle","version":"21"},"event":{"count":1,"data":{"created":1574887230936},"id":"frame.activated"}}
{"recorder_version":"21","session":"7dafbb926165","build":"192.6262.58","bucket":"189","time":1574887231058,"group":{"id":"performance","version":"21"},"event":{"count":1,"data":{"duration_ms":79,"created":1574887231059},"id":"ui.latency"}}
{"recorder_version":"21","session":"7dafbb926165","build":"192.6262.58","bucket":"189","time":1574887231397,"group":{"id":"ui.dialogs","version":"21"},"event":{"count":1,"data":{"created":1574887231400,"plugin_type":"PLATFORM","type":"show"},"id":"com.intellij.openapi.progress.util.ProgressDialog$MyDialogWrapper"}}
{"recorder_version":"21","session":"7dafbb926165","build":"192.6262.58","bucket":"189","time":1574887232443,"group":{"id":"lifecycle","version":"21"},"event":{"count":1,"data":{"created":1574887232444,"project":"4452600da3b350ab41d92ae108c2baae6ff0ac3ddb31bd67020ee046ec77ac09"},"id":"project.opened"}}
{"recorder_version":"21","session":"7dafbb926165","build":"192.6262.58","bucket":"189","time":1574887233118,"group":{"id":"performance","version":"21"},"event":{"count":1,"data":{"duration_ms":137,"created":1574887233119},"id":"ui.lagging"}}
{"recorder_version":"21","session":"7dafbb926165","build":"192.6262.58","bucket":"189","time":1574887234129,"group":{"id":"settings","version":"4"},"event":{"state":true,"data":{"component":"XmlEditorOptions","created":1574887234129},"id":"invoked"}}
{"recorder_version":"21","session":"7dafbb926165","build":"192.6262.58","bucket":"189","time":1574887234176,"group":{"id":"performance","version":"21"},"event":{"count":1,"data":{"duration_ms":193,"created":1574887234176},"id":"ui.lagging"}}
{"recorder_version":"21","session":"7dafbb926165","build":"192.6262.58","bucket":"189","time":1574887235206,"group":{"id":"toolwindow","version":"21"},"event":{"count":1,"data":{"os":"Mac","created":1574887235208,"plugin_type":"NOT_LISTED"},"id":"third.party"}}
{"recorder_version":"21","session":"7dafbb926165","build":"192.6262.58","bucket":"189","time":1574887235742,"group":{"id":"performance","version":"21"},"event":{"count":1,"data":{"duration_ms":759,"created":1574887235742},"id":"ui.lagging"}}
{"recorder_version":"21","session":"7dafbb926165","build":"192.6262.58","bucket":"189","time":1574887236277,"group":{"id":"performance","version":"21"},"event":{"count":1,"data":{"duration_ms":293,"created":1574887236277},"id":"ui.lagging"}}
{"recorder_version":"21","session":"7dafbb926165","build":"192.6262.58","bucket":"189","time":1574887236278,"group":{"id":"ui.tips","version":"2"},"event":{"count":1,"data":{"created":1574887236278,"type":"automatically"},"id":"dialog.shown"}}
{"recorder_version":"21","session":"7dafbb926165","build":"192.6262.58","bucket":"189","time":1574887236359,"group":{"id":"ui.dialogs","version":"21"},"event":{"count":1,"data":{"created":1574887236360,"plugin_type":"PLATFORM","type":"show"},"id":"com.intellij.ide.util.TipDialog"}}
{"recorder_version":"21","session":"7dafbb926165","build":"192.6262.58","bucket":"189","time":1574887237303,"group":{"id":"performance","version":"21"},"event":{"count":1,"data":{"duration_ms":319,"created":1574887237304},"id":"ui.lagging"}}
{"recorder_version":"21","session":"7dafbb926165","build":"192.6262.58","bucket":"189","time":1574887237447,"group":{"id":"project.fs","version":"1"},"event":{"state":true,"data":{"os":"Mac","cs-project":false,"created":1574887237447,"project":"4452600da3b350ab41d92ae108c2baae6ff0ac3ddb31bd67020ee046ec77ac09","cs-implicit":true,"cs-system":false},"id":"case-sensitivity"}}
{"recorder_version":"21","session":"7dafbb926165","build":"192.6262.58","bucket":"189","time":1574887237447,"group":{"id":"project.fs","version":"1"},"event":{"state":true,"data":{"created":1574887237447},"id":"invoked"}}
{"recorder_version":"21","session":"7dafbb926165","build":"192.6262.58","bucket":"189","time":1574887237448,"group":{"id":"project.fs","version":"1"},"event":{"state":true,"data":{"pct-non-watched":0,"created":1574887237448,"project":"4452600da3b350ab41d92ae108c2baae6ff0ac3ddb31bd67020ee046ec77ac09"},"id":"roots-watched"}}
{"recorder_version":"21","session":"7dafbb926165","build":"192.6262.58","bucket":"189","time":1574887237448,"group":{"id":"project.fs","version":"1"},"event":{"state":true,"data":{"created":1574887237448},"id":"invoked"}}
{"recorder_version":"21","session":"7dafbb926165","build":"192.6262.58","bucket":"189","time":1574887237658,"group":{"id":"ui.dialogs","version":"21"},"event":{"count":1,"data":{"code":1,"created":1574887237658,"plugin_type":"PLATFORM","type":"close"},"id":"com.intellij.openapi.progress.util.ProgressDialog$MyDialogWrapper"}}
{"recorder_version":"21","session":"7dafbb926165","build":"192.6262.58","bucket":"189","time":1574887237877,"group":{"id":"lifecycle","version":"21"},"event":{"count":1,"data":{"duration_ms":6732,"created":1574887237877,"project":"4452600da3b350ab41d92ae108c2baae6ff0ac3ddb31bd67020ee046ec77ac09"},"id":"project.opening.finished"}}
{"recorder_version":"21","session":"7dafbb926165","build":"192.6262.58","bucket":"189","time":1574887238557,"group":{"id":"performance","version":"21"},"event":{"count":1,"data":{"duration_ms":572,"created":1574887238557},"id":"ui.lagging"}}
{"recorder_version":"21","session":"7dafbb926165","build":"192.6262.58","bucket":"189","time":1574887238681,"group":{"id":"kotlin.jps.target","version":"1"},"event":{"count":2,"data":{"plugin_version":"validation.undefined_rule","last":1574887238681,"created":1574887238681},"id":"validation.undefined_rule"}}
{"recorder_version":"21","session":"7dafbb926165","build":"192.6262.58","bucket":"189","time":1574887238867,"group":{"id":"ui.dialogs","version":"21"},"event":{"count":1,"data":{"code":1,"created":1574887238867,"plugin_type":"PLATFORM","type":"close"},"id":"com.intellij.ide.util.TipDialog"}}
{"recorder_version":"21","session":"7dafbb926165","build":"192.6262.58","bucket":"189","time":1574887239192,"group":{"id":"performance","version":"21"},"event":{"count":1,"data":{"duration_ms":206,"created":1574887239192},"id":"ui.lagging"}}
{"recorder_version":"21","session":"7dafbb926165","build":"192.6262.58","bucket":"189","time":1574887239834,"group":{"id":"vcs.change.reminder","version":"1"},"event":{"count":1,"data":{"created":1574887239834,"project":"4452600da3b350ab41d92ae108c2baae6ff0ac3ddb31bd67020ee046ec77ac09","execution_time":220},"id":"prediction.calculated"}}
{"recorder_version":"21","session":"7dafbb926165","build":"192.6262.58","bucket":"189","time":1574887240093,"group":{"id":"performance","version":"21"},"event":{"count":1,"data":{"duration_ms":106,"created":1574887240093},"id":"ui.lagging"}}
{"recorder_version":"21","session":"7dafbb926165","build":"192.6262.58","bucket":"189","time":1574887242017,"group":{"id":"actions","version":"21"},"event":{"count":1,"data":{"context_menu":false,"current_file":"JAVA","created":1574887242017,"plugin_type":"PLATFORM","project":"4452600da3b350ab41d92ae108c2baae6ff0ac3ddb31bd67020ee046ec77ac09","place":"keyboard_shortcut","class":"com.intellij.openapi.editor.actions.EscapeAction","input_event":"Escape"},"id":"EditorEscape"}}
{"recorder_version":"21","session":"7dafbb926165","build":"192.6262.58","bucket":"189","time":1574887242806,"group":{"id":"file.types.usage","version":"21"},"event":{"count":1,"data":{"plugin":"com.intellij.java","created":1574887242806,"plugin_type":"JB_BUNDLED","project":"4452600da3b350ab41d92ae108c2baae6ff0ac3ddb31bd67020ee046ec77ac09","type":"edit"},"id":"JAVA"}}
{"recorder_version":"21","session":"7dafbb926165","build":"192.6262.58","bucket":"189","time":1574887253881,"group":{"id":"toolwindow","version":"21"},"event":{"count":1,"data":{"os":"Mac","created":1574887253881,"plugin_type":"NOT_LISTED"},"id":"third.party"}}
{"recorder_version":"21","session":"7dafbb926165","build":"192.6262.58","bucket":"189","time":1574887269640,"group":{"id":"lifecycle","version":"21"},"event":{"count":1,"data":{"created":1574887269640,"plugin_type":"NOT_LISTED","error":"java.lang.ArrayIndexOutOfBoundsException"},"id":"ide.error"}}
{"recorder_version":"21","session":"7dafbb926165","build":"192.6262.58","bucket":"189","time":1574887278564,"group":{"id":"actions","version":"21"},"event":{"count":4,"data":{"context_menu":false,"last":1574887279004,"created":1574887278564,"plugin_type":"PLATFORM","project":"4452600da3b350ab41d92ae108c2baae6ff0ac3ddb31bd67020ee046ec77ac09","place":"keyboard_shortcut","class":"com.intellij.openapi.editor.actions.BackspaceAction","input_event":"Backspace"},"id":"EditorBackSpace"}}
{"recorder_version":"21","session":"7dafbb926165","build":"192.6262.58","bucket":"189","time":1574887290180,"group":{"id":"actions","version":"21"},"event":{"count":2,"data":{"context_menu":false,"last":1574887290371,"created":1574887290180,"plugin_type":"PLATFORM","project":"4452600da3b350ab41d92ae108c2baae6ff0ac3ddb31bd67020ee046ec77ac09","place":"keyboard_shortcut","class":"com.intellij.openapi.editor.actions.BackspaceAction","input_event":"Backspace"},"id":"EditorBackSpace"}}
{"recorder_version":"21","session":"7dafbb926165","build":"192.6262.58","bucket":"189","time":1574887292641,"group":{"id":"lifecycle","version":"21"},"event":{"count":1,"data":{"created":1574887292642,"project":"4452600da3b350ab41d92ae108c2baae6ff0ac3ddb31bd67020ee046ec77ac09"},"id":"frame.deactivated"}}
{"recorder_version":"21","session":"7dafbb926165","build":"192.6262.58","bucket":"189","time":1574887331262,"group":{"id":"performance","version":"21"},"event":{"count":1,"data":{"duration_ms":2,"created":1574887331263},"id":"ui.latency"}}
{"recorder_version":"21","session":"7dafbb926165","build":"192.6262.58","bucket":"189","time":1574887356060,"group":{"id":"lifecycle","version":"21"},"event":{"count":1,"data":{"created":1574887356060,"project":"4452600da3b350ab41d92ae108c2baae6ff0ac3ddb31bd67020ee046ec77ac09"},"id":"frame.activated"}}
{"recorder_version":"21","session":"7dafbb926165","build":"192.6262.58","bucket":"189","time":1574887360118,"group":{"id":"productivity","version":"21"},"event":{"count":1,"data":{"created":1574887360119,"plugin_type":"PLATFORM"},"id":"editing.select.word"}}
{"recorder_version":"21","session":"7dafbb926165","build":"192.6262.58","bucket":"189","time":1574887373961,"group":{"id":"file.types.usage","version":"21"},"event":{"count":1,"data":{"plugin":"com.intellij.java","created":1574887373961,"plugin_type":"JB_BUNDLED","project":"4452600da3b350ab41d92ae108c2baae6ff0ac3ddb31bd67020ee046ec77ac09","type":"edit"},"id":"JAVA"}}
{"recorder_version":"21","session":"7dafbb926165","build":"192.6262.58","bucket":"189","time":1574887376802,"group":{"id":"lifecycle","version":"21"},"event":{"count":3,"data":{"last":1574887380399,"created":1574887376802,"plugin_type":"NOT_LISTED","error":"java.lang.ArrayIndexOutOfBoundsException"},"id":"ide.error"}}
{"recorder_version":"21","session":"7dafbb926165","build":"192.6262.58","bucket":"189","time":1574887381344,"group":{"id":"actions","version":"21"},"event":{"count":1,"data":{"context_menu":false,"current_file":"JAVA","created":1574887381344,"plugin_type":"PLATFORM","project":"4452600da3b350ab41d92ae108c2baae6ff0ac3ddb31bd67020ee046ec77ac09","place":"keyboard_shortcut","class":"com.intellij.openapi.editor.actions.EscapeAction","input_event":"Escape"},"id":"EditorEscape"}}
{"recorder_version":"21","session":"7dafbb926165","build":"192.6262.58","bucket":"189","time":1574887383240,"group":{"id":"lifecycle","version":"21"},"event":{"count":1,"data":{"created":1574887383241,"plugin_type":"NOT_LISTED","error":"java.lang.ArrayIndexOutOfBoundsException"},"id":"ide.error"}}
{"recorder_version":"21","session":"7dafbb926165","build":"192.6262.58","bucket":"189","time":1574887385927,"group":{"id":"lifecycle","version":"21"},"event":{"count":1,"data":{"restart":false,"created":1574887385927},"id":"ide.close"}}
{"recorder_version":"21","session":"7dafbb926165","build":"192.6262.58","bucket":"189","time":1574887385929,"group":{"id":"lifecycle","version":"21"},"event":{"count":1,"data":{"created":1574887385930,"project":"4452600da3b350ab41d92ae108c2baae6ff0ac3ddb31bd67020ee046ec77ac09"},"id":"frame.deactivated"}}
{"recorder_version":"21","session":"7dafbb926165","build":"192.6262.58","bucket":"189","time":1574887385931,"group":{"id":"lifecycle","version":"21"},"event":{"count":1,"data":{"created":1574887385931,"project":"4452600da3b350ab41d92ae108c2baae6ff0ac3ddb31bd67020ee046ec77ac09"},"id":"frame.activated"}}
{"recorder_version":"21","session":"7dafbb926165","build":"192.6262.58","bucket":"189","time":1574887386028,"group":{"id":"lifecycle","version":"21"},"event":{"count":1,"data":{"created":1574887386028,"project":"4452600da3b350ab41d92ae108c2baae6ff0ac3ddb31bd67020ee046ec77ac09"},"id":"project.closed"}}
