{"recorder_version":"21","session":"02176701634e","build":"192.6262.58","bucket":"189","time":1574798725331,"group":{"id":"settings","version":"4"},"event":{"state":true,"data":{"component":"NotRoamableUiSettings","created":1574798725539},"id":"invoked"}}
{"recorder_version":"21","session":"02176701634e","build":"192.6262.58","bucket":"189","time":1574798725333,"group":{"id":"system.java","version":"1"},"event":{"state":true,"data":{"created":1574798725541,"version":"1.11"},"id":"JetBrains"}}
{"recorder_version":"21","session":"02176701634e","build":"192.6262.58","bucket":"189","time":1574798725333,"group":{"id":"system.java","version":"1"},"event":{"state":true,"data":{"created":1574798725549},"id":"invoked"}}
{"recorder_version":"21","session":"02176701634e","build":"192.6262.58","bucket":"189","time":1574798725335,"group":{"id":"settings","version":"4"},"event":{"state":true,"data":{"component":"UISettings","created":1574798725549},"id":"invoked"}}
{"recorder_version":"21","session":"02176701634e","build":"192.6262.58","bucket":"189","time":1574798725364,"group":{"id":"system.os","version":"3"},"event":{"state":true,"data":{"created":1574798725550,"version":"10.14"},"id":"Mac"}}
{"recorder_version":"21","session":"02176701634e","build":"192.6262.58","bucket":"189","time":1574798725364,"group":{"id":"system.os","version":"3"},"event":{"state":true,"data":{"created":1574798725550,"name":"Mac","version":"10.14"},"id":"os.name"}}
{"recorder_version":"21","session":"02176701634e","build":"192.6262.58","bucket":"189","time":1574798725364,"group":{"id":"system.os","version":"3"},"event":{"state":true,"data":{"created":1574798725551,"value":"+09_00"},"id":"os.timezone"}}
{"recorder_version":"21","session":"02176701634e","build":"192.6262.58","bucket":"189","time":1574798725364,"group":{"id":"system.os","version":"3"},"event":{"state":true,"data":{"created":1574798725551},"id":"invoked"}}
{"recorder_version":"21","session":"02176701634e","build":"192.6262.58","bucket":"189","time":1574798725538,"group":{"id":"event.log","version":"21"},"event":{"count":1,"data":{"created":1574798725552,"version":"930.0"},"id":"whitelist.loaded"}}
{"recorder_version":"21","session":"02176701634e","build":"192.6262.58","bucket":"189","time":1574798727725,"group":{"id":"settings","version":"4"},"event":{"state":true,"data":{"component":"UpdatesConfigurable","created":1574798727726,"name":"checkNeeded","type":"bool","value":false},"id":"not.default"}}
{"recorder_version":"21","session":"02176701634e","build":"192.6262.58","bucket":"189","time":1574798727725,"group":{"id":"settings","version":"4"},"event":{"state":true,"data":{"component":"UpdatesConfigurable","created":1574798727727},"id":"invoked"}}
{"recorder_version":"21","session":"02176701634e","build":"192.6262.58","bucket":"189","time":1574798727850,"group":{"id":"settings","version":"4"},"event":{"state":true,"data":{"component":"GeneralSettings","created":1574798727850,"name":"confirmExit","type":"bool","value":false},"id":"not.default"}}
{"recorder_version":"21","session":"02176701634e","build":"192.6262.58","bucket":"189","time":1574798727850,"group":{"id":"settings","version":"4"},"event":{"state":true,"data":{"component":"GeneralSettings","created":1574798727852,"name":"showTipsOnStartup","type":"bool","value":false},"id":"not.default"}}
{"recorder_version":"21","session":"02176701634e","build":"192.6262.58","bucket":"189","time":1574798727850,"group":{"id":"settings","version":"4"},"event":{"state":true,"data":{"component":"GeneralSettings","created":1574798727854},"id":"invoked"}}
{"recorder_version":"21","session":"02176701634e","build":"192.6262.58","bucket":"189","time":1574798727857,"group":{"id":"lifecycle","version":"21"},"event":{"count":1,"data":{"internal":true,"eap":false,"created":1574798727857},"id":"ide.start"}}
{"recorder_version":"21","session":"02176701634e","build":"192.6262.58","bucket":"189","time":1574798728135,"group":{"id":"lifecycle","version":"21"},"event":{"count":1,"data":{"created":1574798728135},"id":"frame.activated"}}
{"recorder_version":"21","session":"02176701634e","build":"192.6262.58","bucket":"189","time":1574798728401,"group":{"id":"performance","version":"21"},"event":{"count":1,"data":{"duration_ms":0,"created":1574798728402},"id":"ui.latency"}}
{"recorder_version":"21","session":"02176701634e","build":"192.6262.58","bucket":"189","time":1574798728592,"group":{"id":"ui.dialogs","version":"21"},"event":{"count":1,"data":{"created":1574798728593,"plugin_type":"PLATFORM","type":"show"},"id":"com.intellij.openapi.progress.util.ProgressDialog$MyDialogWrapper"}}
{"recorder_version":"21","session":"02176701634e","build":"192.6262.58","bucket":"189","time":1574798729506,"group":{"id":"lifecycle","version":"21"},"event":{"count":1,"data":{"created":1574798729506,"project":"92ddc83aceaa9edad1485397ccc1680a8fd16623aa2c155379eac4aafdb2a559"},"id":"project.opened"}}
{"recorder_version":"21","session":"02176701634e","build":"192.6262.58","bucket":"189","time":1574798731080,"group":{"id":"settings","version":"4"},"event":{"state":true,"data":{"component":"XmlEditorOptions","created":1574798731080},"id":"invoked"}}
{"recorder_version":"21","session":"02176701634e","build":"192.6262.58","bucket":"189","time":1574798731234,"group":{"id":"toolwindow","version":"21"},"event":{"count":1,"data":{"os":"Mac","created":1574798731234,"plugin_type":"PLATFORM"},"id":"Project"}}
{"recorder_version":"21","session":"02176701634e","build":"192.6262.58","bucket":"189","time":1574798731701,"group":{"id":"performance","version":"21"},"event":{"count":1,"data":{"duration_ms":296,"created":1574798731701},"id":"ui.lagging"}}
{"recorder_version":"21","session":"02176701634e","build":"192.6262.58","bucket":"189","time":1574798733152,"group":{"id":"kotlin.jps.target","version":"1"},"event":{"count":1,"data":{"plugin_version":"validation.undefined_rule","created":1574798733152},"id":"validation.undefined_rule"}}
{"recorder_version":"21","session":"02176701634e","build":"192.6262.58","bucket":"189","time":1574798733450,"group":{"id":"project.fs","version":"1"},"event":{"state":true,"data":{"os":"Mac","cs-project":false,"created":1574798733450,"project":"92ddc83aceaa9edad1485397ccc1680a8fd16623aa2c155379eac4aafdb2a559","cs-implicit":true,"cs-system":false},"id":"case-sensitivity"}}
{"recorder_version":"21","session":"02176701634e","build":"192.6262.58","bucket":"189","time":1574798733450,"group":{"id":"project.fs","version":"1"},"event":{"state":true,"data":{"created":1574798733450},"id":"invoked"}}
{"recorder_version":"21","session":"02176701634e","build":"192.6262.58","bucket":"189","time":1574798733450,"group":{"id":"project.fs","version":"1"},"event":{"state":true,"data":{"pct-non-watched":0,"created":1574798733451,"project":"92ddc83aceaa9edad1485397ccc1680a8fd16623aa2c155379eac4aafdb2a559"},"id":"roots-watched"}}
{"recorder_version":"21","session":"02176701634e","build":"192.6262.58","bucket":"189","time":1574798733450,"group":{"id":"project.fs","version":"1"},"event":{"state":true,"data":{"created":1574798733451},"id":"invoked"}}
{"recorder_version":"21","session":"02176701634e","build":"192.6262.58","bucket":"189","time":1574798733544,"group":{"id":"ui.dialogs","version":"21"},"event":{"count":1,"data":{"code":1,"created":1574798733544,"plugin_type":"PLATFORM","type":"close"},"id":"com.intellij.openapi.progress.util.ProgressDialog$MyDialogWrapper"}}
{"recorder_version":"21","session":"02176701634e","build":"192.6262.58","bucket":"189","time":1574798733664,"group":{"id":"lifecycle","version":"21"},"event":{"count":1,"data":{"duration_ms":5340,"created":1574798733664,"project":"92ddc83aceaa9edad1485397ccc1680a8fd16623aa2c155379eac4aafdb2a559"},"id":"project.opening.finished"}}
{"recorder_version":"21","session":"02176701634e","build":"192.6262.58","bucket":"189","time":1574798736241,"group":{"id":"file.types.usage","version":"21"},"event":{"count":1,"data":{"created":1574798736242,"plugin_type":"PLATFORM","project":"92ddc83aceaa9edad1485397ccc1680a8fd16623aa2c155379eac4aafdb2a559","type":"edit"},"id":"IDEA_MODULE"}}
{"recorder_version":"21","session":"02176701634e","build":"192.6262.58","bucket":"189","time":1574798755717,"group":{"id":"lifecycle","version":"21"},"event":{"count":1,"data":{"created":1574798755719,"project":"92ddc83aceaa9edad1485397ccc1680a8fd16623aa2c155379eac4aafdb2a559"},"id":"frame.deactivated"}}
{"recorder_version":"21","session":"02176701634e","build":"192.6262.58","bucket":"189","time":1574798828632,"group":{"id":"performance","version":"21"},"event":{"count":1,"data":{"duration_ms":0,"created":1574798828632},"id":"ui.latency"}}
{"recorder_version":"21","session":"02176701634e","build":"192.6262.58","bucket":"189","time":1574798851286,"group":{"id":"lifecycle","version":"21"},"event":{"count":1,"data":{"created":1574798851286,"project":"92ddc83aceaa9edad1485397ccc1680a8fd16623aa2c155379eac4aafdb2a559"},"id":"frame.activated"}}
{"recorder_version":"21","session":"02176701634e","build":"192.6262.58","bucket":"189","time":1574798851753,"group":{"id":"lifecycle","version":"21"},"event":{"count":1,"data":{"restart":false,"created":1574798851754},"id":"ide.close"}}
{"recorder_version":"21","session":"02176701634e","build":"192.6262.58","bucket":"189","time":1574798851834,"group":{"id":"lifecycle","version":"21"},"event":{"count":1,"data":{"created":1574798851834,"project":"92ddc83aceaa9edad1485397ccc1680a8fd16623aa2c155379eac4aafdb2a559"},"id":"project.closed"}}
