{"recorder_version":"21","session":"c48fae7db29b","build":"192.6262.58","bucket":"189","time":1574868687506,"group":{"id":"settings","version":"4"},"event":{"state":true,"data":{"component":"NotRoamableUiSettings","created":1574868687682},"id":"invoked"}}
{"recorder_version":"21","session":"c48fae7db29b","build":"192.6262.58","bucket":"189","time":1574868687508,"group":{"id":"system.java","version":"1"},"event":{"state":true,"data":{"created":1574868687685,"version":"1.11"},"id":"JetBrains"}}
{"recorder_version":"21","session":"c48fae7db29b","build":"192.6262.58","bucket":"189","time":1574868687508,"group":{"id":"system.java","version":"1"},"event":{"state":true,"data":{"created":1574868687698},"id":"invoked"}}
{"recorder_version":"21","session":"c48fae7db29b","build":"192.6262.58","bucket":"189","time":1574868687508,"group":{"id":"settings","version":"4"},"event":{"state":true,"data":{"component":"UISettings","created":1574868687699},"id":"invoked"}}
{"recorder_version":"21","session":"c48fae7db29b","build":"192.6262.58","bucket":"189","time":1574868687531,"group":{"id":"system.os","version":"3"},"event":{"state":true,"data":{"created":1574868687699,"version":"10.14"},"id":"Mac"}}
{"recorder_version":"21","session":"c48fae7db29b","build":"192.6262.58","bucket":"189","time":1574868687531,"group":{"id":"system.os","version":"3"},"event":{"state":true,"data":{"created":1574868687700,"name":"Mac","version":"10.14"},"id":"os.name"}}
{"recorder_version":"21","session":"c48fae7db29b","build":"192.6262.58","bucket":"189","time":1574868687531,"group":{"id":"system.os","version":"3"},"event":{"state":true,"data":{"created":1574868687702,"value":"+09_00"},"id":"os.timezone"}}
{"recorder_version":"21","session":"c48fae7db29b","build":"192.6262.58","bucket":"189","time":1574868687531,"group":{"id":"system.os","version":"3"},"event":{"state":true,"data":{"created":1574868687702},"id":"invoked"}}
{"recorder_version":"21","session":"c48fae7db29b","build":"192.6262.58","bucket":"189","time":1574868687679,"group":{"id":"event.log","version":"21"},"event":{"count":1,"data":{"created":1574868687703,"version":"934.0"},"id":"whitelist.loaded"}}
{"recorder_version":"21","session":"c48fae7db29b","build":"192.6262.58","bucket":"189","time":1574868689918,"group":{"id":"settings","version":"4"},"event":{"state":true,"data":{"component":"UpdatesConfigurable","created":1574868689918,"name":"checkNeeded","type":"bool","value":false},"id":"not.default"}}
{"recorder_version":"21","session":"c48fae7db29b","build":"192.6262.58","bucket":"189","time":1574868689918,"group":{"id":"settings","version":"4"},"event":{"state":true,"data":{"component":"UpdatesConfigurable","created":1574868689919},"id":"invoked"}}
{"recorder_version":"21","session":"c48fae7db29b","build":"192.6262.58","bucket":"189","time":1574868690056,"group":{"id":"settings","version":"4"},"event":{"state":true,"data":{"component":"GeneralSettings","created":1574868690056},"id":"invoked"}}
{"recorder_version":"21","session":"c48fae7db29b","build":"192.6262.58","bucket":"189","time":1574868690064,"group":{"id":"lifecycle","version":"21"},"event":{"count":1,"data":{"internal":true,"eap":false,"created":1574868690064},"id":"ide.start"}}
{"recorder_version":"21","session":"c48fae7db29b","build":"192.6262.58","bucket":"189","time":1574868690368,"group":{"id":"lifecycle","version":"21"},"event":{"count":1,"data":{"created":1574868690368},"id":"frame.activated"}}
{"recorder_version":"21","session":"c48fae7db29b","build":"192.6262.58","bucket":"189","time":1574868690502,"group":{"id":"performance","version":"21"},"event":{"count":1,"data":{"duration_ms":110,"created":1574868690502},"id":"ui.latency"}}
{"recorder_version":"21","session":"c48fae7db29b","build":"192.6262.58","bucket":"189","time":1574868690502,"group":{"id":"performance","version":"21"},"event":{"count":1,"data":{"duration_ms":110,"created":1574868690503},"id":"ui.lagging"}}
{"recorder_version":"21","session":"c48fae7db29b","build":"192.6262.58","bucket":"189","time":1574868690847,"group":{"id":"ui.dialogs","version":"21"},"event":{"count":1,"data":{"created":1574868690848,"plugin_type":"PLATFORM","type":"show"},"id":"com.intellij.openapi.progress.util.ProgressDialog$MyDialogWrapper"}}
{"recorder_version":"21","session":"c48fae7db29b","build":"192.6262.58","bucket":"189","time":1574868691908,"group":{"id":"lifecycle","version":"21"},"event":{"count":1,"data":{"created":1574868691908,"project":"e4f0f910608be7238c2f8896780738edb4a2ae426dbe035f2ad7abddd9f913d1"},"id":"project.opened"}}
{"recorder_version":"21","session":"c48fae7db29b","build":"192.6262.58","bucket":"189","time":1574868692593,"group":{"id":"performance","version":"21"},"event":{"count":1,"data":{"duration_ms":201,"created":1574868692593},"id":"ui.lagging"}}
{"recorder_version":"21","session":"c48fae7db29b","build":"192.6262.58","bucket":"189","time":1574868693008,"group":{"id":"toolwindow","version":"21"},"event":{"count":1,"data":{"os":"Mac","created":1574868693011,"plugin_type":"NOT_LISTED"},"id":"third.party"}}
{"recorder_version":"21","session":"c48fae7db29b","build":"192.6262.58","bucket":"189","time":1574868694037,"group":{"id":"performance","version":"21"},"event":{"count":1,"data":{"duration_ms":640,"created":1574868694037},"id":"ui.lagging"}}
{"recorder_version":"21","session":"c48fae7db29b","build":"192.6262.58","bucket":"189","time":1574868694312,"group":{"id":"ui.tips","version":"2"},"event":{"count":1,"data":{"created":1574868694312,"type":"automatically"},"id":"dialog.shown"}}
{"recorder_version":"21","session":"c48fae7db29b","build":"192.6262.58","bucket":"189","time":1574868694369,"group":{"id":"ui.dialogs","version":"21"},"event":{"count":1,"data":{"created":1574868694369,"plugin_type":"PLATFORM","type":"show"},"id":"com.intellij.ide.util.TipDialog"}}
{"recorder_version":"21","session":"c48fae7db29b","build":"192.6262.58","bucket":"189","time":1574868694545,"group":{"id":"performance","version":"21"},"event":{"count":1,"data":{"duration_ms":148,"created":1574868694545},"id":"ui.lagging"}}
{"recorder_version":"21","session":"c48fae7db29b","build":"192.6262.58","bucket":"189","time":1574868695408,"group":{"id":"kotlin.jps.target","version":"1"},"event":{"count":1,"data":{"plugin_version":"validation.undefined_rule","created":1574868695408},"id":"validation.undefined_rule"}}
{"recorder_version":"21","session":"c48fae7db29b","build":"192.6262.58","bucket":"189","time":1574868695409,"group":{"id":"kotlin.maven.target","version":"1"},"event":{"count":1,"data":{"plugin_version":"validation.undefined_rule","created":1574868695410},"id":"validation.undefined_rule"}}
{"recorder_version":"21","session":"c48fae7db29b","build":"192.6262.58","bucket":"189","time":1574868695410,"group":{"id":"kotlin.jps.target","version":"1"},"event":{"count":1,"data":{"plugin_version":"validation.undefined_rule","created":1574868695410},"id":"validation.undefined_rule"}}
{"recorder_version":"21","session":"c48fae7db29b","build":"192.6262.58","bucket":"189","time":1574868695701,"group":{"id":"project.fs","version":"1"},"event":{"state":true,"data":{"os":"Mac","cs-project":false,"created":1574868695701,"project":"e4f0f910608be7238c2f8896780738edb4a2ae426dbe035f2ad7abddd9f913d1","cs-implicit":true,"cs-system":false},"id":"case-sensitivity"}}
{"recorder_version":"21","session":"c48fae7db29b","build":"192.6262.58","bucket":"189","time":1574868695701,"group":{"id":"project.fs","version":"1"},"event":{"state":true,"data":{"created":1574868695702},"id":"invoked"}}
{"recorder_version":"21","session":"c48fae7db29b","build":"192.6262.58","bucket":"189","time":1574868695702,"group":{"id":"project.fs","version":"1"},"event":{"state":true,"data":{"pct-non-watched":0,"created":1574868695702,"project":"e4f0f910608be7238c2f8896780738edb4a2ae426dbe035f2ad7abddd9f913d1"},"id":"roots-watched"}}
{"recorder_version":"21","session":"c48fae7db29b","build":"192.6262.58","bucket":"189","time":1574868695702,"group":{"id":"project.fs","version":"1"},"event":{"state":true,"data":{"created":1574868695703},"id":"invoked"}}
{"recorder_version":"21","session":"c48fae7db29b","build":"192.6262.58","bucket":"189","time":1574868695821,"group":{"id":"settings","version":"4"},"event":{"state":true,"data":{"component":"XmlEditorOptions","created":1574868695822},"id":"invoked"}}
{"recorder_version":"21","session":"c48fae7db29b","build":"192.6262.58","bucket":"189","time":1574868695887,"group":{"id":"ui.dialogs","version":"21"},"event":{"count":1,"data":{"code":1,"created":1574868695887,"plugin_type":"PLATFORM","type":"close"},"id":"com.intellij.openapi.progress.util.ProgressDialog$MyDialogWrapper"}}
{"recorder_version":"21","session":"c48fae7db29b","build":"192.6262.58","bucket":"189","time":1574868696183,"group":{"id":"lifecycle","version":"21"},"event":{"count":1,"data":{"duration_ms":5588,"created":1574868696184,"project":"e4f0f910608be7238c2f8896780738edb4a2ae426dbe035f2ad7abddd9f913d1"},"id":"project.opening.finished"}}
{"recorder_version":"21","session":"c48fae7db29b","build":"192.6262.58","bucket":"189","time":1574868696650,"group":{"id":"performance","version":"21"},"event":{"count":1,"data":{"duration_ms":252,"created":1574868696651},"id":"ui.lagging"}}
{"recorder_version":"21","session":"c48fae7db29b","build":"192.6262.58","bucket":"189","time":1574868697233,"group":{"id":"vcs.change.reminder","version":"1"},"event":{"count":1,"data":{"created":1574868697233,"project":"e4f0f910608be7238c2f8896780738edb4a2ae426dbe035f2ad7abddd9f913d1","execution_time":246},"id":"prediction.calculated"}}
{"recorder_version":"21","session":"c48fae7db29b","build":"192.6262.58","bucket":"189","time":1574868697667,"group":{"id":"vcs.change.reminder","version":"1"},"event":{"count":1,"data":{"created":1574868697667,"project":"e4f0f910608be7238c2f8896780738edb4a2ae426dbe035f2ad7abddd9f913d1","execution_time":46},"id":"prediction.calculated"}}
{"recorder_version":"21","session":"c48fae7db29b","build":"192.6262.58","bucket":"189","time":1574868697811,"group":{"id":"ui.dialogs","version":"21"},"event":{"count":1,"data":{"code":1,"created":1574868697811,"plugin_type":"PLATFORM","type":"close"},"id":"com.intellij.ide.util.TipDialog"}}
{"recorder_version":"21","session":"c48fae7db29b","build":"192.6262.58","bucket":"189","time":1574868716696,"group":{"id":"lifecycle","version":"21"},"event":{"count":1,"data":{"created":1574868716696,"project":"e4f0f910608be7238c2f8896780738edb4a2ae426dbe035f2ad7abddd9f913d1"},"id":"frame.deactivated"}}
{"recorder_version":"21","session":"c48fae7db29b","build":"192.6262.58","bucket":"189","time":1574868717574,"group":{"id":"performance","version":"21"},"event":{"count":1,"data":{"duration_ms":122,"created":1574868717574},"id":"ui.lagging"}}
{"recorder_version":"21","session":"c48fae7db29b","build":"192.6262.58","bucket":"189","time":1574868790720,"group":{"id":"performance","version":"21"},"event":{"count":1,"data":{"duration_ms":0,"created":1574868790720},"id":"ui.latency"}}
{"recorder_version":"21","session":"c48fae7db29b","build":"192.6262.58","bucket":"189","time":1574868891042,"group":{"id":"performance","version":"21"},"event":{"count":1,"data":{"duration_ms":0,"created":1574868891042},"id":"ui.latency"}}
{"recorder_version":"21","session":"c48fae7db29b","build":"192.6262.58","bucket":"189","time":1574868899499,"group":{"id":"lifecycle","version":"21"},"event":{"count":1,"data":{"created":1574868899501,"project":"e4f0f910608be7238c2f8896780738edb4a2ae426dbe035f2ad7abddd9f913d1"},"id":"frame.activated"}}
{"recorder_version":"21","session":"c48fae7db29b","build":"192.6262.58","bucket":"189","time":1574868990051,"group":{"id":"build.tools.actions","version":"1"},"event":{"count":1,"data":{"created":1574868990051},"id":"registered"}}
{"recorder_version":"21","session":"c48fae7db29b","build":"192.6262.58","bucket":"189","time":1574868990051,"group":{"id":"file.types.usage","version":"21"},"event":{"count":1,"data":{"created":1574868990055},"id":"registered"}}
{"recorder_version":"21","session":"c48fae7db29b","build":"192.6262.58","bucket":"189","time":1574868990051,"group":{"id":"ide.script.engine","version":"1"},"event":{"count":1,"data":{"created":1574868990055},"id":"registered"}}
{"recorder_version":"21","session":"c48fae7db29b","build":"192.6262.58","bucket":"189","time":1574868990051,"group":{"id":"actions.runAnything","version":"1"},"event":{"count":1,"data":{"created":1574868990055},"id":"registered"}}
{"recorder_version":"21","session":"c48fae7db29b","build":"192.6262.58","bucket":"189","time":1574868990051,"group":{"id":"toolwindow","version":"21"},"event":{"count":1,"data":{"created":1574868990055},"id":"registered"}}
{"recorder_version":"21","session":"c48fae7db29b","build":"192.6262.58","bucket":"189","time":1574868990051,"group":{"id":"kotlin.ide.newFileTempl","version":"1"},"event":{"count":1,"data":{"created":1574868990055},"id":"registered"}}
{"recorder_version":"21","session":"c48fae7db29b","build":"192.6262.58","bucket":"189","time":1574868990051,"group":{"id":"live.templates","version":"21"},"event":{"count":1,"data":{"created":1574868990056},"id":"registered"}}
{"recorder_version":"21","session":"c48fae7db29b","build":"192.6262.58","bucket":"189","time":1574868990051,"group":{"id":"ide.self.update","version":"2"},"event":{"count":1,"data":{"created":1574868990056},"id":"registered"}}
{"recorder_version":"21","session":"c48fae7db29b","build":"192.6262.58","bucket":"189","time":1574868990051,"group":{"id":"ui.settings","version":"21"},"event":{"count":1,"data":{"created":1574868990056},"id":"registered"}}
{"recorder_version":"21","session":"c48fae7db29b","build":"192.6262.58","bucket":"189","time":1574868990051,"group":{"id":"lifecycle","version":"21"},"event":{"count":1,"data":{"created":1574868990056},"id":"registered"}}
{"recorder_version":"21","session":"c48fae7db29b","build":"192.6262.58","bucket":"189","time":1574868990051,"group":{"id":"vcs.diff.trigger","version":"1"},"event":{"count":1,"data":{"created":1574868990056},"id":"registered"}}
{"recorder_version":"21","session":"c48fae7db29b","build":"192.6262.58","bucket":"189","time":1574868990051,"group":{"id":"vcs.log.trigger","version":"2"},"event":{"count":1,"data":{"created":1574868990056},"id":"registered"}}
{"recorder_version":"21","session":"c48fae7db29b","build":"192.6262.58","bucket":"189","time":1574868990051,"group":{"id":"productivity","version":"21"},"event":{"count":1,"data":{"created":1574868990057},"id":"registered"}}
{"recorder_version":"21","session":"c48fae7db29b","build":"192.6262.58","bucket":"189","time":1574868990051,"group":{"id":"debugger.breakpoints.usage","version":"2"},"event":{"count":1,"data":{"created":1574868990057},"id":"registered"}}
{"recorder_version":"21","session":"c48fae7db29b","build":"192.6262.58","bucket":"189","time":1574868990051,"group":{"id":"kotlin.gradle.library","version":"1"},"event":{"count":1,"data":{"created":1574868990057},"id":"registered"}}
{"recorder_version":"21","session":"c48fae7db29b","build":"192.6262.58","bucket":"189","time":1574868990051,"group":{"id":"find","version":"1"},"event":{"count":1,"data":{"created":1574868990057},"id":"registered"}}
{"recorder_version":"21","session":"c48fae7db29b","build":"192.6262.58","bucket":"189","time":1574868990051,"group":{"id":"kotlin.gradle.target","version":"1"},"event":{"count":1,"data":{"created":1574868990057},"id":"registered"}}
{"recorder_version":"21","session":"c48fae7db29b","build":"192.6262.58","bucket":"189","time":1574868990051,"group":{"id":"gutter.icon.click","version":"1"},"event":{"count":1,"data":{"created":1574868990057},"id":"registered"}}
{"recorder_version":"21","session":"c48fae7db29b","build":"192.6262.58","bucket":"189","time":1574868990051,"group":{"id":"shell.script","version":"1"},"event":{"count":1,"data":{"created":1574868990057},"id":"registered"}}
{"recorder_version":"21","session":"c48fae7db29b","build":"192.6262.58","bucket":"189","time":1574868990051,"group":{"id":"kotlin.ide.debugger.eval","version":"1"},"event":{"count":1,"data":{"created":1574868990058},"id":"registered"}}
{"recorder_version":"21","session":"c48fae7db29b","build":"192.6262.58","bucket":"189","time":1574868990051,"group":{"id":"build.maven.actions","version":"1"},"event":{"count":1,"data":{"created":1574868990058},"id":"registered"}}
{"recorder_version":"21","session":"c48fae7db29b","build":"192.6262.58","bucket":"189","time":1574868990051,"group":{"id":"ui.event","version":"1"},"event":{"count":1,"data":{"created":1574868990058},"id":"registered"}}
{"recorder_version":"21","session":"c48fae7db29b","build":"192.6262.58","bucket":"189","time":1574868990051,"group":{"id":"new.project.wizard","version":"1"},"event":{"count":1,"data":{"created":1574868990058},"id":"registered"}}
{"recorder_version":"21","session":"c48fae7db29b","build":"192.6262.58","bucket":"189","time":1574868990051,"group":{"id":"kotlin.ide.npwizards","version":"1"},"event":{"count":1,"data":{"created":1574868990058},"id":"registered"}}
{"recorder_version":"21","session":"c48fae7db29b","build":"192.6262.58","bucket":"189","time":1574868990051,"group":{"id":"intentions","version":"21"},"event":{"count":1,"data":{"created":1574868990058},"id":"registered"}}
{"recorder_version":"21","session":"c48fae7db29b","build":"192.6262.58","bucket":"189","time":1574868990051,"group":{"id":"ui.dialogs","version":"21"},"event":{"count":1,"data":{"created":1574868990058},"id":"registered"}}
{"recorder_version":"21","session":"c48fae7db29b","build":"192.6262.58","bucket":"189","time":1574868990051,"group":{"id":"vcs.back.forward.trigger","version":"1"},"event":{"count":1,"data":{"created":1574868990059},"id":"registered"}}
{"recorder_version":"21","session":"c48fae7db29b","build":"192.6262.58","bucket":"189","time":1574868990051,"group":{"id":"vcs.change.reminder","version":"1"},"event":{"count":1,"data":{"created":1574868990059},"id":"registered"}}
{"recorder_version":"21","session":"c48fae7db29b","build":"192.6262.58","bucket":"189","time":1574868990051,"group":{"id":"toolbar","version":"21"},"event":{"count":1,"data":{"created":1574868990059},"id":"registered"}}
{"recorder_version":"21","session":"c48fae7db29b","build":"192.6262.58","bucket":"189","time":1574868990051,"group":{"id":"build.gradle.actions","version":"1"},"event":{"count":1,"data":{"created":1574868990059},"id":"registered"}}
{"recorder_version":"21","session":"c48fae7db29b","build":"192.6262.58","bucket":"189","time":1574868990051,"group":{"id":"kotlin.maven.target","version":"1"},"event":{"count":1,"data":{"created":1574868990059},"id":"registered"}}
{"recorder_version":"21","session":"c48fae7db29b","build":"192.6262.58","bucket":"189","time":1574868990051,"group":{"id":"performance","version":"21"},"event":{"count":1,"data":{"created":1574868990059},"id":"registered"}}
{"recorder_version":"21","session":"c48fae7db29b","build":"192.6262.58","bucket":"189","time":1574868990051,"group":{"id":"searchEverywhere","version":"1"},"event":{"count":1,"data":{"created":1574868990059},"id":"registered"}}
{"recorder_version":"21","session":"c48fae7db29b","build":"192.6262.58","bucket":"189","time":1574868990051,"group":{"id":"kotlin.ide.action.refactoring","version":"1"},"event":{"count":1,"data":{"created":1574868990059},"id":"registered"}}
{"recorder_version":"21","session":"c48fae7db29b","build":"192.6262.58","bucket":"189","time":1574868990051,"group":{"id":"ui.tips","version":"2"},"event":{"count":1,"data":{"created":1574868990059},"id":"registered"}}
{"recorder_version":"21","session":"c48fae7db29b","build":"192.6262.58","bucket":"189","time":1574868990051,"group":{"id":"surround.with","version":"1"},"event":{"count":1,"data":{"created":1574868990060},"id":"registered"}}
{"recorder_version":"21","session":"c48fae7db29b","build":"192.6262.58","bucket":"189","time":1574868990051,"group":{"id":"import.old.config","version":"1"},"event":{"count":1,"data":{"created":1574868990060},"id":"registered"}}
{"recorder_version":"21","session":"c48fae7db29b","build":"192.6262.58","bucket":"189","time":1574868990051,"group":{"id":"json.schema","version":"1"},"event":{"count":1,"data":{"created":1574868990060},"id":"registered"}}
{"recorder_version":"21","session":"c48fae7db29b","build":"192.6262.58","bucket":"189","time":1574868990051,"group":{"id":"kotlin.jps.target","version":"1"},"event":{"count":1,"data":{"created":1574868990060},"id":"registered"}}
{"recorder_version":"21","session":"c48fae7db29b","build":"192.6262.58","bucket":"189","time":1574868990051,"group":{"id":"terminalShell","version":"1"},"event":{"count":1,"data":{"created":1574868990060},"id":"registered"}}
{"recorder_version":"21","session":"c48fae7db29b","build":"192.6262.58","bucket":"189","time":1574868990051,"group":{"id":"completion.postfix","version":"21"},"event":{"count":1,"data":{"created":1574868990060},"id":"registered"}}
{"recorder_version":"21","session":"c48fae7db29b","build":"192.6262.58","bucket":"189","time":1574868990051,"group":{"id":"build.ant.actions","version":"1"},"event":{"count":1,"data":{"created":1574868990060},"id":"registered"}}
{"recorder_version":"21","session":"c48fae7db29b","build":"192.6262.58","bucket":"189","time":1574868990051,"group":{"id":"actions","version":"21"},"event":{"count":1,"data":{"created":1574868990061},"id":"registered"}}
{"recorder_version":"21","session":"c48fae7db29b","build":"192.6262.58","bucket":"189","time":1574868990051,"group":{"id":"event.log","version":"21"},"event":{"count":1,"data":{"created":1574868990061},"id":"registered"}}
{"recorder_version":"21","session":"c48fae7db29b","build":"192.6262.58","bucket":"189","time":1574868990051,"group":{"id":"run.configuration.exec","version":"21"},"event":{"count":1,"data":{"created":1574868990061},"id":"registered"}}
{"recorder_version":"21","session":"c48fae7db29b","build":"192.6262.58","bucket":"189","time":1574868990051,"group":{"id":"build.maven.packagesearch","version":"2"},"event":{"count":1,"data":{"created":1574868990061},"id":"registered"}}
{"recorder_version":"21","session":"c48fae7db29b","build":"192.6262.58","bucket":"189","time":1574868991328,"group":{"id":"performance","version":"21"},"event":{"count":1,"data":{"duration_ms":1,"created":1574868991328},"id":"ui.latency"}}
{"recorder_version":"21","session":"c48fae7db29b","build":"192.6262.58","bucket":"189","time":1574869008097,"group":{"id":"lifecycle","version":"21"},"event":{"count":1,"data":{"created":1574869008098,"project":"e4f0f910608be7238c2f8896780738edb4a2ae426dbe035f2ad7abddd9f913d1"},"id":"frame.deactivated"}}
{"recorder_version":"21","session":"c48fae7db29b","build":"192.6262.58","bucket":"189","time":1574869034506,"group":{"id":"lifecycle","version":"21"},"event":{"count":1,"data":{"created":1574869034507,"project":"e4f0f910608be7238c2f8896780738edb4a2ae426dbe035f2ad7abddd9f913d1"},"id":"frame.activated"}}
{"recorder_version":"21","session":"c48fae7db29b","build":"192.6262.58","bucket":"189","time":1574869035994,"group":{"id":"lifecycle","version":"21"},"event":{"count":1,"data":{"created":1574869035995,"project":"e4f0f910608be7238c2f8896780738edb4a2ae426dbe035f2ad7abddd9f913d1"},"id":"frame.deactivated"}}
{"recorder_version":"21","session":"c48fae7db29b","build":"192.6262.58","bucket":"189","time":1574869045527,"group":{"id":"lifecycle","version":"21"},"event":{"count":1,"data":{"created":1574869045527,"project":"e4f0f910608be7238c2f8896780738edb4a2ae426dbe035f2ad7abddd9f913d1"},"id":"frame.activated"}}
{"recorder_version":"21","session":"c48fae7db29b","build":"192.6262.58","bucket":"189","time":1574869091644,"group":{"id":"performance","version":"21"},"event":{"count":1,"data":{"duration_ms":0,"created":1574869091644},"id":"ui.latency"}}
{"recorder_version":"21","session":"c48fae7db29b","build":"192.6262.58","bucket":"189","time":1574869191991,"group":{"id":"performance","version":"21"},"event":{"count":1,"data":{"duration_ms":0,"created":1574869191991},"id":"ui.latency"}}
{"recorder_version":"21","session":"c48fae7db29b","build":"192.6262.58","bucket":"189","time":1574869292367,"group":{"id":"performance","version":"21"},"event":{"count":1,"data":{"duration_ms":0,"created":1574869292368},"id":"ui.latency"}}
{"recorder_version":"21","session":"c48fae7db29b","build":"192.6262.58","bucket":"189","time":1574869375806,"group":{"id":"lifecycle","version":"21"},"event":{"count":1,"data":{"created":1574869375806,"project":"e4f0f910608be7238c2f8896780738edb4a2ae426dbe035f2ad7abddd9f913d1"},"id":"frame.deactivated"}}
{"recorder_version":"21","session":"c48fae7db29b","build":"192.6262.58","bucket":"189","time":1574869392706,"group":{"id":"performance","version":"21"},"event":{"count":1,"data":{"duration_ms":0,"created":1574869392706},"id":"ui.latency"}}
{"recorder_version":"21","session":"c48fae7db29b","build":"192.6262.58","bucket":"189","time":1574869493028,"group":{"id":"performance","version":"21"},"event":{"count":1,"data":{"duration_ms":0,"created":1574869493029},"id":"ui.latency"}}
{"recorder_version":"21","session":"c48fae7db29b","build":"192.6262.58","bucket":"189","time":1574869589997,"group":{"id":"ui.screen.scale","version":"1"},"event":{"state":true,"data":{"os":"Mac","created":1574869589997},"id":"ScaledMode_2.0"}}
{"recorder_version":"21","session":"c48fae7db29b","build":"192.6262.58","bucket":"189","time":1574869589997,"group":{"id":"ui.screen.scale","version":"1"},"event":{"state":true,"data":{"created":1574869590002},"id":"invoked"}}
{"recorder_version":"21","session":"c48fae7db29b","build":"192.6262.58","bucket":"189","time":1574869590024,"group":{"id":"debugger.settings.ide","version":"2"},"event":{"state":true,"data":{"created":1574869590024},"id":"invoked"}}
{"recorder_version":"21","session":"c48fae7db29b","build":"192.6262.58","bucket":"189","time":1574869590024,"group":{"id":"vcs.application.configuration","version":"1"},"event":{"state":true,"data":{"created":1574869590024},"id":"invoked"}}
{"recorder_version":"21","session":"c48fae7db29b","build":"192.6262.58","bucket":"189","time":1574869590025,"group":{"id":"ui.fonts","version":"1"},"event":{"state":true,"data":{"os":"Mac","created":1574869590025,"value":1.2},"id":"editor.lineSpacing"}}
{"recorder_version":"21","session":"c48fae7db29b","build":"192.6262.58","bucket":"189","time":1574869590025,"group":{"id":"ui.fonts","version":"1"},"event":{"state":true,"data":{"os":"Mac","created":1574869590026},"id":"IDE.editor.font.size[12]"}}
{"recorder_version":"21","session":"c48fae7db29b","build":"192.6262.58","bucket":"189","time":1574869590025,"group":{"id":"ui.fonts","version":"1"},"event":{"state":true,"data":{"os":"Mac","created":1574869590026},"id":"UI.font.size[13]"}}
{"recorder_version":"21","session":"c48fae7db29b","build":"192.6262.58","bucket":"189","time":1574869590025,"group":{"id":"ui.fonts","version":"1"},"event":{"state":true,"data":{"os":"Mac","created":1574869590027},"id":"IDE.editor.font.name[Menlo]"}}
{"recorder_version":"21","session":"c48fae7db29b","build":"192.6262.58","bucket":"189","time":1574869590025,"group":{"id":"ui.fonts","version":"1"},"event":{"state":true,"data":{"os":"Mac","created":1574869590027},"id":"UI.font.name[.SF_NS_Text]"}}
{"recorder_version":"21","session":"c48fae7db29b","build":"192.6262.58","bucket":"189","time":1574869590025,"group":{"id":"ui.fonts","version":"1"},"event":{"state":true,"data":{"os":"Mac","created":1574869590027},"id":"Presentation.mode.font.size[24]"}}
{"recorder_version":"21","session":"c48fae7db29b","build":"192.6262.58","bucket":"189","time":1574869590025,"group":{"id":"ui.fonts","version":"1"},"event":{"state":true,"data":{"created":1574869590027},"id":"invoked"}}
{"recorder_version":"21","session":"c48fae7db29b","build":"192.6262.58","bucket":"189","time":1574869590036,"group":{"id":"editor.settings.ide","version":"2"},"event":{"state":true,"data":{"created":1574869590036,"enabled":true},"id":"completionHints"}}
{"recorder_version":"21","session":"c48fae7db29b","build":"192.6262.58","bucket":"189","time":1574869590036,"group":{"id":"editor.settings.ide","version":"2"},"event":{"state":true,"data":{"created":1574869590037},"id":"invoked"}}
{"recorder_version":"21","session":"c48fae7db29b","build":"192.6262.58","bucket":"189","time":1574869590044,"group":{"id":"vcs.diff","version":"2"},"event":{"state":true,"data":{"created":1574869590044},"id":"invoked"}}
{"recorder_version":"21","session":"c48fae7db29b","build":"192.6262.58","bucket":"189","time":1574869590044,"group":{"id":"keymaps.name","version":"1"},"event":{"state":true,"data":{"os":"Mac","created":1574869590044},"id":"Mac_OS_X_10.5+"}}
{"recorder_version":"21","session":"c48fae7db29b","build":"192.6262.58","bucket":"189","time":1574869590044,"group":{"id":"keymaps.name","version":"1"},"event":{"state":true,"data":{"created":1574869590044},"id":"invoked"}}
{"recorder_version":"21","session":"c48fae7db29b","build":"192.6262.58","bucket":"189","time":1574869590045,"group":{"id":"ui.info.features","version":"2"},"event":{"state":true,"data":{"os":"Mac","created":1574869590045},"id":"Allow.merging.buttons.enabled"}}
{"recorder_version":"21","session":"c48fae7db29b","build":"192.6262.58","bucket":"189","time":1574869590045,"group":{"id":"ui.info.features","version":"2"},"event":{"state":true,"data":{"os":"Mac","created":1574869590045},"id":"QuickDoc.AutoUpdate"}}
{"recorder_version":"21","session":"c48fae7db29b","build":"192.6262.58","bucket":"189","time":1574869590045,"group":{"id":"ui.info.features","version":"2"},"event":{"state":true,"data":{"os":"Mac","created":1574869590045},"id":"Hide.Editor.Tabs.If.Needed"}}
{"recorder_version":"21","session":"c48fae7db29b","build":"192.6262.58","bucket":"189","time":1574869590045,"group":{"id":"ui.info.features","version":"2"},"event":{"state":true,"data":{"grouped":"[30_50]","os":"Mac","created":1574869590045},"id":"recent.files"}}
{"recorder_version":"21","session":"c48fae7db29b","build":"192.6262.58","bucket":"189","time":1574869590045,"group":{"id":"ui.info.features","version":"2"},"event":{"state":true,"data":{"os":"Mac","created":1574869590045},"id":"Line.Numbers"}}
{"recorder_version":"21","session":"c48fae7db29b","build":"192.6262.58","bucket":"189","time":1574869590045,"group":{"id":"ui.info.features","version":"2"},"event":{"state":true,"data":{"os":"Mac","created":1574869590046},"id":"Tabs.Top"}}
{"recorder_version":"21","session":"c48fae7db29b","build":"192.6262.58","bucket":"189","time":1574869590045,"group":{"id":"ui.info.features","version":"2"},"event":{"state":true,"data":{"os":"Mac","created":1574869590046},"id":"Retina"}}
{"recorder_version":"21","session":"c48fae7db29b","build":"192.6262.58","bucket":"189","time":1574869590045,"group":{"id":"ui.info.features","version":"2"},"event":{"state":true,"data":{"os":"Mac","created":1574869590046},"id":"Nav.Bar.visible"}}
{"recorder_version":"21","session":"c48fae7db29b","build":"192.6262.58","bucket":"189","time":1574869590045,"group":{"id":"ui.info.features","version":"2"},"event":{"state":true,"data":{"os":"Mac","created":1574869590046},"id":"Show.Editor.Tabs.In.Single.Row"}}
{"recorder_version":"21","session":"c48fae7db29b","build":"192.6262.58","bucket":"189","time":1574869590045,"group":{"id":"ui.info.features","version":"2"},"event":{"state":true,"data":{"os":"Mac","created":1574869590046},"id":"Recent.Files[30_50]"}}
{"recorder_version":"21","session":"c48fae7db29b","build":"192.6262.58","bucket":"189","time":1574869590045,"group":{"id":"ui.info.features","version":"2"},"event":{"state":true,"data":{"os":"Mac","created":1574869590046},"id":"Status.bar.visible"}}
{"recorder_version":"21","session":"c48fae7db29b","build":"192.6262.58","bucket":"189","time":1574869590045,"group":{"id":"ui.info.features","version":"2"},"event":{"state":true,"data":{"os":"Mac","created":1574869590046},"id":"Tool.Window.buttons.hidden"}}
{"recorder_version":"21","session":"c48fae7db29b","build":"192.6262.58","bucket":"189","time":1574869590045,"group":{"id":"ui.info.features","version":"2"},"event":{"state":true,"data":{"os":"Mac","created":1574869590046},"id":"Gutter.Icons"}}
{"recorder_version":"21","session":"c48fae7db29b","build":"192.6262.58","bucket":"189","time":1574869590045,"group":{"id":"ui.info.features","version":"2"},"event":{"state":true,"data":{"os":"Mac","created":1574869590047},"id":"Show.tips.on.startup"}}
{"recorder_version":"21","session":"c48fae7db29b","build":"192.6262.58","bucket":"189","time":1574869590045,"group":{"id":"ui.info.features","version":"2"},"event":{"state":true,"data":{"os":"Mac","created":1574869590047},"id":"Toolbar.hidden"}}
{"recorder_version":"21","session":"c48fae7db29b","build":"192.6262.58","bucket":"189","time":1574869590045,"group":{"id":"ui.info.features","version":"2"},"event":{"state":true,"data":{"os":"Mac","created":1574869590047},"id":"Toolbar.and.NavBar"}}
{"recorder_version":"21","session":"c48fae7db29b","build":"192.6262.58","bucket":"189","time":1574869590045,"group":{"id":"ui.info.features","version":"2"},"event":{"state":true,"data":{"created":1574869590047},"id":"invoked"}}
{"recorder_version":"21","session":"c48fae7db29b","build":"192.6262.58","bucket":"189","time":1574869590045,"group":{"id":"ui.hidpi.mode","version":"1"},"event":{"state":true,"data":{"os":"Mac","created":1574869590047},"id":"per_monitor_dpi"}}
{"recorder_version":"21","session":"c48fae7db29b","build":"192.6262.58","bucket":"189","time":1574869590045,"group":{"id":"ui.hidpi.mode","version":"1"},"event":{"state":true,"data":{"created":1574869590047},"id":"invoked"}}
{"recorder_version":"21","session":"c48fae7db29b","build":"192.6262.58","bucket":"189","time":1574869590045,"group":{"id":"ui.accessibility.screen.reader","version":"1"},"event":{"state":true,"data":{"os":"Mac","created":1574869590047},"id":"screen.reader.DISABLED"}}
{"recorder_version":"21","session":"c48fae7db29b","build":"192.6262.58","bucket":"189","time":1574869590045,"group":{"id":"ui.accessibility.screen.reader","version":"1"},"event":{"state":true,"data":{"created":1574869590047},"id":"invoked"}}
{"recorder_version":"21","session":"c48fae7db29b","build":"192.6262.58","bucket":"189","time":1574869590045,"group":{"id":"os.linux.wm","version":"1"},"event":{"state":true,"data":{"created":1574869590047},"id":"invoked"}}
{"recorder_version":"21","session":"c48fae7db29b","build":"192.6262.58","bucket":"189","time":1574869590045,"group":{"id":"user.advanced.info","version":"2"},"event":{"state":true,"data":{"created":1574869590048,"value":"release"},"id":"build"}}
{"recorder_version":"21","session":"c48fae7db29b","build":"192.6262.58","bucket":"189","time":1574869590045,"group":{"id":"user.advanced.info","version":"2"},"event":{"state":true,"data":{"created":1574869590048},"id":"release"}}
{"recorder_version":"21","session":"c48fae7db29b","build":"192.6262.58","bucket":"189","time":1574869590045,"group":{"id":"user.advanced.info","version":"2"},"event":{"state":true,"data":{"created":1574869590048},"id":"invoked"}}
{"recorder_version":"21","session":"c48fae7db29b","build":"192.6262.58","bucket":"189","time":1574869590046,"group":{"id":"system.runtime","version":"2"},"event":{"state":true,"data":{"created":1574869590048,"name":"G1_Old_Generation"},"id":"garbage.collector"}}
{"recorder_version":"21","session":"c48fae7db29b","build":"192.6262.58","bucket":"189","time":1574869590046,"group":{"id":"system.runtime","version":"2"},"event":{"state":true,"data":{"created":1574869590048,"name":"Xmx","value":512},"id":"jvm.option"}}
{"recorder_version":"21","session":"c48fae7db29b","build":"192.6262.58","bucket":"189","time":1574869590046,"group":{"id":"system.runtime","version":"2"},"event":{"state":true,"data":{"vendor":"JetBrains","created":1574869590048,"bit":"64","version":"1.11"},"id":"jvm"}}
{"recorder_version":"21","session":"c48fae7db29b","build":"192.6262.58","bucket":"189","time":1574869590046,"group":{"id":"system.runtime","version":"2"},"event":{"state":true,"data":{"created":1574869590048,"name":"G1_Young_Generation"},"id":"garbage.collector"}}
{"recorder_version":"21","session":"c48fae7db29b","build":"192.6262.58","bucket":"189","time":1574869590046,"group":{"id":"system.runtime","version":"2"},"event":{"state":true,"data":{"created":1574869590049,"value":8},"id":"cores"}}
{"recorder_version":"21","session":"c48fae7db29b","build":"192.6262.58","bucket":"189","time":1574869590046,"group":{"id":"system.runtime","version":"2"},"event":{"state":true,"data":{"created":1574869590049,"name":"Xms","value":256},"id":"jvm.option"}}
{"recorder_version":"21","session":"c48fae7db29b","build":"192.6262.58","bucket":"189","time":1574869590046,"group":{"id":"system.runtime","version":"2"},"event":{"state":true,"data":{"created":1574869590049},"id":"invoked"}}
{"recorder_version":"21","session":"c48fae7db29b","build":"192.6262.58","bucket":"189","time":1574869590046,"group":{"id":"ui.look.and.feel","version":"1"},"event":{"state":true,"data":{"os":"Mac","created":1574869590049},"id":"Light"}}
{"recorder_version":"21","session":"c48fae7db29b","build":"192.6262.58","bucket":"189","time":1574869590046,"group":{"id":"ui.look.and.feel","version":"1"},"event":{"state":true,"data":{"created":1574869590049},"id":"invoked"}}
{"recorder_version":"21","session":"c48fae7db29b","build":"192.6262.58","bucket":"189","time":1574869590046,"group":{"id":"ui.editor.color.schemes","version":"2"},"event":{"state":true,"data":{"os":"Mac","created":1574869590049,"value":false},"id":"Default"}}
{"recorder_version":"21","session":"c48fae7db29b","build":"192.6262.58","bucket":"189","time":1574869590046,"group":{"id":"ui.editor.color.schemes","version":"2"},"event":{"state":true,"data":{"created":1574869590049},"id":"invoked"}}
{"recorder_version":"21","session":"c48fae7db29b","build":"192.6262.58","bucket":"189","time":1574869590057,"group":{"id":"vcs.github","version":"1"},"event":{"state":true,"data":{"created":1574869590057},"id":"github.accounts.not.default.host.disabled"}}
{"recorder_version":"21","session":"c48fae7db29b","build":"192.6262.58","bucket":"189","time":1574869590057,"group":{"id":"vcs.github","version":"1"},"event":{"state":true,"data":{"created":1574869590057},"id":"github.accounts.count.0"}}
{"recorder_version":"21","session":"c48fae7db29b","build":"192.6262.58","bucket":"189","time":1574869590057,"group":{"id":"vcs.github","version":"1"},"event":{"state":true,"data":{"created":1574869590058},"id":"invoked"}}
{"recorder_version":"21","session":"c48fae7db29b","build":"192.6262.58","bucket":"189","time":1574869590058,"group":{"id":"plugins","version":"1"},"event":{"state":true,"data":{"created":1574869590058,"plugin_type":"NOT_LISTED"},"id":"enabled.not.bundled.plugin"}}
{"recorder_version":"21","session":"c48fae7db29b","build":"192.6262.58","bucket":"189","time":1574869590058,"group":{"id":"plugins","version":"1"},"event":{"state":true,"data":{"created":1574869590058},"id":"invoked"}}
{"recorder_version":"21","session":"c48fae7db29b","build":"192.6262.58","bucket":"189","time":1574869590060,"group":{"id":"platform.registry.application","version":"1"},"event":{"state":true,"data":{"created":1574869590060,"plugin_type":"PLATFORM"},"id":"recent.and.edited.files.together"}}
{"recorder_version":"21","session":"c48fae7db29b","build":"192.6262.58","bucket":"189","time":1574869590060,"group":{"id":"platform.registry.application","version":"1"},"event":{"state":true,"data":{"created":1574869590060,"plugin_type":"PLATFORM"},"id":"inline.browse.button"}}
{"recorder_version":"21","session":"c48fae7db29b","build":"192.6262.58","bucket":"189","time":1574869590060,"group":{"id":"platform.registry.application","version":"1"},"event":{"state":true,"data":{"created":1574869590060,"plugin_type":"PLATFORM"},"id":"show.create.new.element.in.popup"}}
{"recorder_version":"21","session":"c48fae7db29b","build":"192.6262.58","bucket":"189","time":1574869590060,"group":{"id":"platform.registry.application","version":"1"},"event":{"state":true,"data":{"created":1574869590060,"plugin_type":"PLATFORM"},"id":"property.value.inplace.editing"}}
{"recorder_version":"21","session":"c48fae7db29b","build":"192.6262.58","bucket":"189","time":1574869590060,"group":{"id":"platform.registry.application","version":"1"},"event":{"state":true,"data":{"created":1574869590061},"id":"java.completion.argument.hints.internal"}}
{"recorder_version":"21","session":"c48fae7db29b","build":"192.6262.58","bucket":"189","time":1574869590060,"group":{"id":"platform.registry.application","version":"1"},"event":{"state":true,"data":{"created":1574869590061,"plugin_type":"PLATFORM"},"id":"linux.native.menu"}}
{"recorder_version":"21","session":"c48fae7db29b","build":"192.6262.58","bucket":"189","time":1574869590060,"group":{"id":"platform.registry.application","version":"1"},"event":{"state":true,"data":{"created":1574869590061,"plugin_type":"PLATFORM"},"id":"new.large.text.file.viewer"}}
{"recorder_version":"21","session":"c48fae7db29b","build":"192.6262.58","bucket":"189","time":1574869590060,"group":{"id":"platform.registry.application","version":"1"},"event":{"state":true,"data":{"created":1574869590061},"id":"invoked"}}
{"recorder_version":"21","session":"c48fae7db29b","build":"192.6262.58","bucket":"189","time":1574869590060,"group":{"id":"vcs.log.index.application","version":"2"},"event":{"state":true,"data":{"created":1574869590061},"id":"invoked"}}
{"recorder_version":"21","session":"c48fae7db29b","build":"192.6262.58","bucket":"189","time":1574869593400,"group":{"id":"performance","version":"21"},"event":{"count":1,"data":{"duration_ms":0,"created":1574869593401},"id":"ui.latency"}}
{"recorder_version":"21","session":"c48fae7db29b","build":"192.6262.58","bucket":"189","time":1574869693712,"group":{"id":"performance","version":"21"},"event":{"count":1,"data":{"duration_ms":0,"created":1574869693713},"id":"ui.latency"}}
{"recorder_version":"21","session":"c48fae7db29b","build":"192.6262.58","bucket":"189","time":1574869793992,"group":{"id":"performance","version":"21"},"event":{"count":1,"data":{"duration_ms":0,"created":1574869793992},"id":"ui.latency"}}
{"recorder_version":"21","session":"c48fae7db29b","build":"192.6262.58","bucket":"189","time":1574869879675,"group":{"id":"lifecycle","version":"21"},"event":{"count":1,"data":{"created":1574869879675,"project":"e4f0f910608be7238c2f8896780738edb4a2ae426dbe035f2ad7abddd9f913d1"},"id":"frame.activated"}}
{"recorder_version":"21","session":"c48fae7db29b","build":"192.6262.58","bucket":"189","time":1574869882248,"group":{"id":"lifecycle","version":"21"},"event":{"count":1,"data":{"restart":false,"created":1574869882248},"id":"ide.close"}}
{"recorder_version":"21","session":"c48fae7db29b","build":"192.6262.58","bucket":"189","time":1574869882340,"group":{"id":"lifecycle","version":"21"},"event":{"count":1,"data":{"created":1574869882340,"project":"e4f0f910608be7238c2f8896780738edb4a2ae426dbe035f2ad7abddd9f913d1"},"id":"project.closed"}}
