{"recorder_version":"21","session":"3c56dd44c089","build":"192.6262.58","bucket":"189","time":1574437046727,"group":{"id":"settings","version":"4"},"event":{"state":true,"data":{"component":"NotRoamableUiSettings","created":1574437046901},"id":"invoked"}}
{"recorder_version":"21","session":"3c56dd44c089","build":"192.6262.58","bucket":"189","time":1574437046729,"group":{"id":"system.java","version":"1"},"event":{"state":true,"data":{"created":1574437046903,"version":"1.11"},"id":"JetBrains"}}
{"recorder_version":"21","session":"3c56dd44c089","build":"192.6262.58","bucket":"189","time":1574437046729,"group":{"id":"system.java","version":"1"},"event":{"state":true,"data":{"created":1574437046922},"id":"invoked"}}
{"recorder_version":"21","session":"3c56dd44c089","build":"192.6262.58","bucket":"189","time":1574437046730,"group":{"id":"settings","version":"4"},"event":{"state":true,"data":{"component":"UISettings","created":1574437046923},"id":"invoked"}}
{"recorder_version":"21","session":"3c56dd44c089","build":"192.6262.58","bucket":"189","time":1574437046754,"group":{"id":"system.os","version":"3"},"event":{"state":true,"data":{"created":1574437046924,"version":"10.14"},"id":"Mac"}}
{"recorder_version":"21","session":"3c56dd44c089","build":"192.6262.58","bucket":"189","time":1574437046754,"group":{"id":"system.os","version":"3"},"event":{"state":true,"data":{"created":1574437046925,"name":"Mac","version":"10.14"},"id":"os.name"}}
{"recorder_version":"21","session":"3c56dd44c089","build":"192.6262.58","bucket":"189","time":1574437046754,"group":{"id":"system.os","version":"3"},"event":{"state":true,"data":{"created":1574437046926,"value":"+09_00"},"id":"os.timezone"}}
{"recorder_version":"21","session":"3c56dd44c089","build":"192.6262.58","bucket":"189","time":1574437046754,"group":{"id":"system.os","version":"3"},"event":{"state":true,"data":{"created":1574437046926},"id":"invoked"}}
{"recorder_version":"21","session":"3c56dd44c089","build":"192.6262.58","bucket":"189","time":1574437046901,"group":{"id":"event.log","version":"21"},"event":{"count":1,"data":{"created":1574437046927,"version":"916.0"},"id":"whitelist.loaded"}}
{"recorder_version":"21","session":"3c56dd44c089","build":"192.6262.58","bucket":"189","time":1574437049389,"group":{"id":"settings","version":"4"},"event":{"state":true,"data":{"component":"UpdatesConfigurable","created":1574437049390,"name":"checkNeeded","type":"bool","value":false},"id":"not.default"}}
{"recorder_version":"21","session":"3c56dd44c089","build":"192.6262.58","bucket":"189","time":1574437049389,"group":{"id":"settings","version":"4"},"event":{"state":true,"data":{"component":"UpdatesConfigurable","created":1574437049391},"id":"invoked"}}
{"recorder_version":"21","session":"3c56dd44c089","build":"192.6262.58","bucket":"189","time":1574437049512,"group":{"id":"settings","version":"4"},"event":{"state":true,"data":{"component":"GeneralSettings","created":1574437049513,"name":"confirmExit","type":"bool","value":false},"id":"not.default"}}
{"recorder_version":"21","session":"3c56dd44c089","build":"192.6262.58","bucket":"189","time":1574437049512,"group":{"id":"settings","version":"4"},"event":{"state":true,"data":{"component":"GeneralSettings","created":1574437049517,"name":"showTipsOnStartup","type":"bool","value":false},"id":"not.default"}}
{"recorder_version":"21","session":"3c56dd44c089","build":"192.6262.58","bucket":"189","time":1574437049512,"group":{"id":"settings","version":"4"},"event":{"state":true,"data":{"component":"GeneralSettings","created":1574437049519},"id":"invoked"}}
{"recorder_version":"21","session":"3c56dd44c089","build":"192.6262.58","bucket":"189","time":1574437049521,"group":{"id":"lifecycle","version":"21"},"event":{"count":1,"data":{"internal":true,"eap":false,"created":1574437049522},"id":"ide.start"}}
{"recorder_version":"21","session":"3c56dd44c089","build":"192.6262.58","bucket":"189","time":1574437049827,"group":{"id":"lifecycle","version":"21"},"event":{"count":1,"data":{"created":1574437049827},"id":"frame.activated"}}
{"recorder_version":"21","session":"3c56dd44c089","build":"192.6262.58","bucket":"189","time":1574437049976,"group":{"id":"performance","version":"21"},"event":{"count":1,"data":{"duration_ms":83,"created":1574437049976},"id":"ui.latency"}}
{"recorder_version":"21","session":"3c56dd44c089","build":"192.6262.58","bucket":"189","time":1574437050325,"group":{"id":"ui.dialogs","version":"21"},"event":{"count":1,"data":{"created":1574437050325,"plugin_type":"PLATFORM","type":"show"},"id":"com.intellij.openapi.progress.util.ProgressDialog$MyDialogWrapper"}}
{"recorder_version":"21","session":"3c56dd44c089","build":"192.6262.58","bucket":"189","time":1574437051485,"group":{"id":"lifecycle","version":"21"},"event":{"count":1,"data":{"created":1574437051486,"project":"a0f12fb42952fc36a102045bdbb22ad1f15aa9443e9c675024683f4da70c8bc4"},"id":"project.opened"}}
{"recorder_version":"21","session":"3c56dd44c089","build":"192.6262.58","bucket":"189","time":1574437052206,"group":{"id":"performance","version":"21"},"event":{"count":1,"data":{"duration_ms":311,"created":1574437052206},"id":"ui.lagging"}}
{"recorder_version":"21","session":"3c56dd44c089","build":"192.6262.58","bucket":"189","time":1574437053171,"group":{"id":"settings","version":"4"},"event":{"state":true,"data":{"component":"XmlEditorOptions","created":1574437053171},"id":"invoked"}}
{"recorder_version":"21","session":"3c56dd44c089","build":"192.6262.58","bucket":"189","time":1574437053220,"group":{"id":"performance","version":"21"},"event":{"count":1,"data":{"duration_ms":325,"created":1574437053221},"id":"ui.lagging"}}
{"recorder_version":"21","session":"3c56dd44c089","build":"192.6262.58","bucket":"189","time":1574437053332,"group":{"id":"toolwindow","version":"21"},"event":{"count":1,"data":{"os":"Mac","created":1574437053332,"plugin_type":"PLATFORM"},"id":"Project"}}
{"recorder_version":"21","session":"3c56dd44c089","build":"192.6262.58","bucket":"189","time":1574437054080,"group":{"id":"performance","version":"21"},"event":{"count":1,"data":{"duration_ms":184,"created":1574437054080},"id":"ui.lagging"}}
{"recorder_version":"21","session":"3c56dd44c089","build":"192.6262.58","bucket":"189","time":1574437055601,"group":{"id":"project.fs","version":"1"},"event":{"state":true,"data":{"os":"Mac","cs-project":false,"created":1574437055602,"project":"a0f12fb42952fc36a102045bdbb22ad1f15aa9443e9c675024683f4da70c8bc4","cs-implicit":true,"cs-system":false},"id":"case-sensitivity"}}
{"recorder_version":"21","session":"3c56dd44c089","build":"192.6262.58","bucket":"189","time":1574437055601,"group":{"id":"project.fs","version":"1"},"event":{"state":true,"data":{"created":1574437055602},"id":"invoked"}}
{"recorder_version":"21","session":"3c56dd44c089","build":"192.6262.58","bucket":"189","time":1574437055602,"group":{"id":"project.fs","version":"1"},"event":{"state":true,"data":{"pct-non-watched":0,"created":1574437055602,"project":"a0f12fb42952fc36a102045bdbb22ad1f15aa9443e9c675024683f4da70c8bc4"},"id":"roots-watched"}}
{"recorder_version":"21","session":"3c56dd44c089","build":"192.6262.58","bucket":"189","time":1574437055602,"group":{"id":"project.fs","version":"1"},"event":{"state":true,"data":{"created":1574437055602},"id":"invoked"}}
{"recorder_version":"21","session":"3c56dd44c089","build":"192.6262.58","bucket":"189","time":1574437055624,"group":{"id":"ui.dialogs","version":"21"},"event":{"count":1,"data":{"code":1,"created":1574437055624,"plugin_type":"PLATFORM","type":"close"},"id":"com.intellij.openapi.progress.util.ProgressDialog$MyDialogWrapper"}}
{"recorder_version":"21","session":"3c56dd44c089","build":"192.6262.58","bucket":"189","time":1574437055843,"group":{"id":"lifecycle","version":"21"},"event":{"count":1,"data":{"duration_ms":5781,"created":1574437055843,"project":"a0f12fb42952fc36a102045bdbb22ad1f15aa9443e9c675024683f4da70c8bc4"},"id":"project.opening.finished"}}
{"recorder_version":"21","session":"3c56dd44c089","build":"192.6262.58","bucket":"189","time":1574437056216,"group":{"id":"performance","version":"21"},"event":{"count":1,"data":{"duration_ms":319,"created":1574437056217},"id":"ui.lagging"}}
{"recorder_version":"21","session":"3c56dd44c089","build":"192.6262.58","bucket":"189","time":1574437057702,"group":{"id":"kotlin.jps.target","version":"1"},"event":{"count":1,"data":{"plugin_version":"1.3.41-release-IJ2019.2-1","created":1574437057702},"id":"jvm"}}
{"recorder_version":"21","session":"3c56dd44c089","build":"192.6262.58","bucket":"189","time":1574437059044,"group":{"id":"lifecycle","version":"21"},"event":{"count":1,"data":{"created":1574437059044,"project":"a0f12fb42952fc36a102045bdbb22ad1f15aa9443e9c675024683f4da70c8bc4"},"id":"project.closed"}}
{"recorder_version":"21","session":"3c56dd44c089","build":"192.6262.58","bucket":"189","time":1574437060630,"group":{"id":"lifecycle","version":"21"},"event":{"count":1,"data":{"restart":false,"created":1574437060631},"id":"ide.close"}}
