{"recorder_version":"21","session":"fdd5e407e179","build":"192.6262.58","bucket":"189","time":1574435935597,"group":{"id":"settings","version":"4"},"event":{"state":true,"data":{"component":"NotRoamableUiSettings","created":1574435935763},"id":"invoked"}}
{"recorder_version":"21","session":"fdd5e407e179","build":"192.6262.58","bucket":"189","time":1574435935599,"group":{"id":"settings","version":"4"},"event":{"state":true,"data":{"component":"UISettings","created":1574435935765},"id":"invoked"}}
{"recorder_version":"21","session":"fdd5e407e179","build":"192.6262.58","bucket":"189","time":1574435935599,"group":{"id":"system.java","version":"1"},"event":{"state":true,"data":{"created":1574435935773,"version":"1.11"},"id":"JetBrains"}}
{"recorder_version":"21","session":"fdd5e407e179","build":"192.6262.58","bucket":"189","time":1574435935599,"group":{"id":"system.java","version":"1"},"event":{"state":true,"data":{"created":1574435935774},"id":"invoked"}}
{"recorder_version":"21","session":"fdd5e407e179","build":"192.6262.58","bucket":"189","time":1574435935621,"group":{"id":"system.os","version":"3"},"event":{"state":true,"data":{"created":1574435935775,"version":"10.14"},"id":"Mac"}}
{"recorder_version":"21","session":"fdd5e407e179","build":"192.6262.58","bucket":"189","time":1574435935621,"group":{"id":"system.os","version":"3"},"event":{"state":true,"data":{"created":1574435935776,"name":"Mac","version":"10.14"},"id":"os.name"}}
{"recorder_version":"21","session":"fdd5e407e179","build":"192.6262.58","bucket":"189","time":1574435935621,"group":{"id":"system.os","version":"3"},"event":{"state":true,"data":{"created":1574435935777,"value":"+09_00"},"id":"os.timezone"}}
{"recorder_version":"21","session":"fdd5e407e179","build":"192.6262.58","bucket":"189","time":1574435935621,"group":{"id":"system.os","version":"3"},"event":{"state":true,"data":{"created":1574435935778},"id":"invoked"}}
{"recorder_version":"21","session":"fdd5e407e179","build":"192.6262.58","bucket":"189","time":1574435935763,"group":{"id":"event.log","version":"21"},"event":{"count":1,"data":{"created":1574435935778,"version":"916.0"},"id":"whitelist.loaded"}}
{"recorder_version":"21","session":"fdd5e407e179","build":"192.6262.58","bucket":"189","time":1574435938018,"group":{"id":"settings","version":"4"},"event":{"state":true,"data":{"component":"UpdatesConfigurable","created":1574435938019,"name":"checkNeeded","type":"bool","value":false},"id":"not.default"}}
{"recorder_version":"21","session":"fdd5e407e179","build":"192.6262.58","bucket":"189","time":1574435938018,"group":{"id":"settings","version":"4"},"event":{"state":true,"data":{"component":"UpdatesConfigurable","created":1574435938020},"id":"invoked"}}
{"recorder_version":"21","session":"fdd5e407e179","build":"192.6262.58","bucket":"189","time":1574435938138,"group":{"id":"settings","version":"4"},"event":{"state":true,"data":{"component":"GeneralSettings","created":1574435938139,"name":"confirmExit","type":"bool","value":false},"id":"not.default"}}
{"recorder_version":"21","session":"fdd5e407e179","build":"192.6262.58","bucket":"189","time":1574435938140,"group":{"id":"settings","version":"4"},"event":{"state":true,"data":{"component":"GeneralSettings","created":1574435938141,"name":"showTipsOnStartup","type":"bool","value":false},"id":"not.default"}}
{"recorder_version":"21","session":"fdd5e407e179","build":"192.6262.58","bucket":"189","time":1574435938144,"group":{"id":"settings","version":"4"},"event":{"state":true,"data":{"component":"GeneralSettings","created":1574435938145},"id":"invoked"}}
{"recorder_version":"21","session":"fdd5e407e179","build":"192.6262.58","bucket":"189","time":1574435938149,"group":{"id":"lifecycle","version":"21"},"event":{"count":1,"data":{"internal":true,"eap":false,"created":1574435938149},"id":"ide.start"}}
{"recorder_version":"21","session":"fdd5e407e179","build":"192.6262.58","bucket":"189","time":1574435938462,"group":{"id":"lifecycle","version":"21"},"event":{"count":1,"data":{"created":1574435938462},"id":"frame.activated"}}
{"recorder_version":"21","session":"fdd5e407e179","build":"192.6262.58","bucket":"189","time":1574435938663,"group":{"id":"performance","version":"21"},"event":{"count":1,"data":{"duration_ms":0,"created":1574435938663},"id":"ui.latency"}}
{"recorder_version":"21","session":"fdd5e407e179","build":"192.6262.58","bucket":"189","time":1574435938965,"group":{"id":"ui.dialogs","version":"21"},"event":{"count":1,"data":{"created":1574435938966,"plugin_type":"PLATFORM","type":"show"},"id":"com.intellij.openapi.progress.util.ProgressDialog$MyDialogWrapper"}}
{"recorder_version":"21","session":"fdd5e407e179","build":"192.6262.58","bucket":"189","time":1574435940142,"group":{"id":"lifecycle","version":"21"},"event":{"count":1,"data":{"created":1574435940142,"project":"a0f12fb42952fc36a102045bdbb22ad1f15aa9443e9c675024683f4da70c8bc4"},"id":"project.opened"}}
{"recorder_version":"21","session":"fdd5e407e179","build":"192.6262.58","bucket":"189","time":1574435940852,"group":{"id":"performance","version":"21"},"event":{"count":1,"data":{"duration_ms":186,"created":1574435940852},"id":"ui.lagging"}}
{"recorder_version":"21","session":"fdd5e407e179","build":"192.6262.58","bucket":"189","time":1574435941879,"group":{"id":"settings","version":"4"},"event":{"state":true,"data":{"component":"XmlEditorOptions","created":1574435941879},"id":"invoked"}}
{"recorder_version":"21","session":"fdd5e407e179","build":"192.6262.58","bucket":"189","time":1574435941941,"group":{"id":"performance","version":"21"},"event":{"count":1,"data":{"duration_ms":275,"created":1574435941941},"id":"ui.lagging"}}
{"recorder_version":"21","session":"fdd5e407e179","build":"192.6262.58","bucket":"189","time":1574435942033,"group":{"id":"toolwindow","version":"21"},"event":{"count":1,"data":{"os":"Mac","created":1574435942033,"plugin_type":"PLATFORM"},"id":"Project"}}
{"recorder_version":"21","session":"fdd5e407e179","build":"192.6262.58","bucket":"189","time":1574435942843,"group":{"id":"performance","version":"21"},"event":{"count":1,"data":{"duration_ms":175,"created":1574435942843},"id":"ui.lagging"}}
{"recorder_version":"21","session":"fdd5e407e179","build":"192.6262.58","bucket":"189","time":1574435944522,"group":{"id":"kotlin.jps.target","version":"1"},"event":{"count":1,"data":{"plugin_version":"1.3.41-release-IJ2019.2-1","created":1574435944523},"id":"jvm"}}
{"recorder_version":"21","session":"fdd5e407e179","build":"192.6262.58","bucket":"189","time":1574435944562,"group":{"id":"project.fs","version":"1"},"event":{"state":true,"data":{"os":"Mac","cs-project":false,"created":1574435944562,"project":"a0f12fb42952fc36a102045bdbb22ad1f15aa9443e9c675024683f4da70c8bc4","cs-implicit":true,"cs-system":false},"id":"case-sensitivity"}}
{"recorder_version":"21","session":"fdd5e407e179","build":"192.6262.58","bucket":"189","time":1574435944562,"group":{"id":"project.fs","version":"1"},"event":{"state":true,"data":{"created":1574435944562},"id":"invoked"}}
{"recorder_version":"21","session":"fdd5e407e179","build":"192.6262.58","bucket":"189","time":1574435944562,"group":{"id":"project.fs","version":"1"},"event":{"state":true,"data":{"pct-non-watched":0,"created":1574435944563,"project":"a0f12fb42952fc36a102045bdbb22ad1f15aa9443e9c675024683f4da70c8bc4"},"id":"roots-watched"}}
{"recorder_version":"21","session":"fdd5e407e179","build":"192.6262.58","bucket":"189","time":1574435944562,"group":{"id":"project.fs","version":"1"},"event":{"state":true,"data":{"created":1574435944563},"id":"invoked"}}
{"recorder_version":"21","session":"fdd5e407e179","build":"192.6262.58","bucket":"189","time":1574435944685,"group":{"id":"ui.dialogs","version":"21"},"event":{"count":1,"data":{"code":1,"created":1574435944686,"plugin_type":"PLATFORM","type":"close"},"id":"com.intellij.openapi.progress.util.ProgressDialog$MyDialogWrapper"}}
{"recorder_version":"21","session":"fdd5e407e179","build":"192.6262.58","bucket":"189","time":1574435944847,"group":{"id":"lifecycle","version":"21"},"event":{"count":1,"data":{"duration_ms":6116,"created":1574435944848,"project":"a0f12fb42952fc36a102045bdbb22ad1f15aa9443e9c675024683f4da70c8bc4"},"id":"project.opening.finished"}}
{"recorder_version":"21","session":"fdd5e407e179","build":"192.6262.58","bucket":"189","time":1574435946082,"group":{"id":"file.types.usage","version":"21"},"event":{"count":1,"data":{"plugin":"com.intellij.java","created":1574435946082,"plugin_type":"JB_BUNDLED","project":"a0f12fb42952fc36a102045bdbb22ad1f15aa9443e9c675024683f4da70c8bc4","type":"edit"},"id":"JAVA"}}
{"recorder_version":"21","session":"fdd5e407e179","build":"192.6262.58","bucket":"189","time":1574435947134,"group":{"id":"actions","version":"21"},"event":{"count":35,"data":{"context_menu":false,"last":1574435959116,"created":1574435947134,"plugin_type":"PLATFORM","project":"a0f12fb42952fc36a102045bdbb22ad1f15aa9443e9c675024683f4da70c8bc4","place":"keyboard_shortcut","class":"com.intellij.openapi.editor.actions.BackspaceAction","input_event":"Backspace"},"id":"EditorBackSpace"}}
{"recorder_version":"21","session":"fdd5e407e179","build":"192.6262.58","bucket":"189","time":1574435961553,"group":{"id":"lifecycle","version":"21"},"event":{"count":1,"data":{"created":1574435961553,"project":"a0f12fb42952fc36a102045bdbb22ad1f15aa9443e9c675024683f4da70c8bc4"},"id":"frame.deactivated"}}
{"recorder_version":"21","session":"fdd5e407e179","build":"192.6262.58","bucket":"189","time":1574435972006,"group":{"id":"lifecycle","version":"21"},"event":{"count":1,"data":{"created":1574435972006,"project":"a0f12fb42952fc36a102045bdbb22ad1f15aa9443e9c675024683f4da70c8bc4"},"id":"frame.activated"}}
{"recorder_version":"21","session":"fdd5e407e179","build":"192.6262.58","bucket":"189","time":1574435972232,"group":{"id":"lifecycle","version":"21"},"event":{"count":1,"data":{"restart":false,"created":1574435972232},"id":"ide.close"}}
{"recorder_version":"21","session":"fdd5e407e179","build":"192.6262.58","bucket":"189","time":1574435972322,"group":{"id":"lifecycle","version":"21"},"event":{"count":1,"data":{"created":1574435972322,"project":"a0f12fb42952fc36a102045bdbb22ad1f15aa9443e9c675024683f4da70c8bc4"},"id":"project.closed"}}
