{"recorder_version":"21","session":"0ebd4230d8e3","build":"192.6262.58","bucket":"189","time":1574888437024,"group":{"id":"settings","version":"4"},"event":{"state":true,"data":{"component":"NotRoamableUiSettings","created":1574888437171},"id":"invoked"}}
{"recorder_version":"21","session":"0ebd4230d8e3","build":"192.6262.58","bucket":"189","time":1574888437026,"group":{"id":"settings","version":"4"},"event":{"state":true,"data":{"component":"UISettings","created":1574888437173},"id":"invoked"}}
{"recorder_version":"21","session":"0ebd4230d8e3","build":"192.6262.58","bucket":"189","time":1574888437026,"group":{"id":"system.java","version":"1"},"event":{"state":true,"data":{"created":1574888437183,"version":"1.11"},"id":"JetBrains"}}
{"recorder_version":"21","session":"0ebd4230d8e3","build":"192.6262.58","bucket":"189","time":1574888437026,"group":{"id":"system.java","version":"1"},"event":{"state":true,"data":{"created":1574888437183},"id":"invoked"}}
{"recorder_version":"21","session":"0ebd4230d8e3","build":"192.6262.58","bucket":"189","time":1574888437049,"group":{"id":"system.os","version":"3"},"event":{"state":true,"data":{"created":1574888437184,"version":"10.14"},"id":"Mac"}}
{"recorder_version":"21","session":"0ebd4230d8e3","build":"192.6262.58","bucket":"189","time":1574888437050,"group":{"id":"system.os","version":"3"},"event":{"state":true,"data":{"created":1574888437185,"name":"Mac","version":"10.14"},"id":"os.name"}}
{"recorder_version":"21","session":"0ebd4230d8e3","build":"192.6262.58","bucket":"189","time":1574888437050,"group":{"id":"system.os","version":"3"},"event":{"state":true,"data":{"created":1574888437186,"value":"+09_00"},"id":"os.timezone"}}
{"recorder_version":"21","session":"0ebd4230d8e3","build":"192.6262.58","bucket":"189","time":1574888437050,"group":{"id":"system.os","version":"3"},"event":{"state":true,"data":{"created":1574888437187},"id":"invoked"}}
{"recorder_version":"21","session":"0ebd4230d8e3","build":"192.6262.58","bucket":"189","time":1574888437171,"group":{"id":"event.log","version":"21"},"event":{"count":1,"data":{"created":1574888437187,"version":"934.0"},"id":"whitelist.loaded"}}
{"recorder_version":"21","session":"0ebd4230d8e3","build":"192.6262.58","bucket":"189","time":1574888439411,"group":{"id":"settings","version":"4"},"event":{"state":true,"data":{"component":"UpdatesConfigurable","created":1574888439412,"name":"checkNeeded","type":"bool","value":false},"id":"not.default"}}
{"recorder_version":"21","session":"0ebd4230d8e3","build":"192.6262.58","bucket":"189","time":1574888439411,"group":{"id":"settings","version":"4"},"event":{"state":true,"data":{"component":"UpdatesConfigurable","created":1574888439413},"id":"invoked"}}
{"recorder_version":"21","session":"0ebd4230d8e3","build":"192.6262.58","bucket":"189","time":1574888439529,"group":{"id":"settings","version":"4"},"event":{"state":true,"data":{"component":"GeneralSettings","created":1574888439529,"name":"confirmExit","type":"bool","value":false},"id":"not.default"}}
{"recorder_version":"21","session":"0ebd4230d8e3","build":"192.6262.58","bucket":"189","time":1574888439529,"group":{"id":"settings","version":"4"},"event":{"state":true,"data":{"component":"GeneralSettings","created":1574888439532},"id":"invoked"}}
{"recorder_version":"21","session":"0ebd4230d8e3","build":"192.6262.58","bucket":"189","time":1574888439539,"group":{"id":"lifecycle","version":"21"},"event":{"count":1,"data":{"internal":true,"eap":false,"created":1574888439540},"id":"ide.start"}}
{"recorder_version":"21","session":"0ebd4230d8e3","build":"192.6262.58","bucket":"189","time":1574888439806,"group":{"id":"lifecycle","version":"21"},"event":{"count":1,"data":{"created":1574888439806},"id":"frame.activated"}}
{"recorder_version":"21","session":"0ebd4230d8e3","build":"192.6262.58","bucket":"189","time":1574888439932,"group":{"id":"performance","version":"21"},"event":{"count":1,"data":{"duration_ms":2,"created":1574888439932},"id":"ui.latency"}}
{"recorder_version":"21","session":"0ebd4230d8e3","build":"192.6262.58","bucket":"189","time":1574888440277,"group":{"id":"ui.dialogs","version":"21"},"event":{"count":1,"data":{"created":1574888440279,"plugin_type":"PLATFORM","type":"show"},"id":"com.intellij.openapi.progress.util.ProgressDialog$MyDialogWrapper"}}
{"recorder_version":"21","session":"0ebd4230d8e3","build":"192.6262.58","bucket":"189","time":1574888441282,"group":{"id":"lifecycle","version":"21"},"event":{"count":1,"data":{"created":1574888441282,"project":"4452600da3b350ab41d92ae108c2baae6ff0ac3ddb31bd67020ee046ec77ac09"},"id":"project.opened"}}
{"recorder_version":"21","session":"0ebd4230d8e3","build":"192.6262.58","bucket":"189","time":1574888442785,"group":{"id":"settings","version":"4"},"event":{"state":true,"data":{"component":"XmlEditorOptions","created":1574888442785},"id":"invoked"}}
{"recorder_version":"21","session":"0ebd4230d8e3","build":"192.6262.58","bucket":"189","time":1574888443109,"group":{"id":"performance","version":"21"},"event":{"count":1,"data":{"duration_ms":176,"created":1574888443109},"id":"ui.lagging"}}
{"recorder_version":"21","session":"0ebd4230d8e3","build":"192.6262.58","bucket":"189","time":1574888443742,"group":{"id":"toolwindow","version":"21"},"event":{"count":1,"data":{"os":"Mac","created":1574888443742,"plugin_type":"PLATFORM"},"id":"Project"}}
{"recorder_version":"21","session":"0ebd4230d8e3","build":"192.6262.58","bucket":"189","time":1574888444489,"group":{"id":"performance","version":"21"},"event":{"count":1,"data":{"duration_ms":553,"created":1574888444489},"id":"ui.lagging"}}
{"recorder_version":"21","session":"0ebd4230d8e3","build":"192.6262.58","bucket":"189","time":1574888444853,"group":{"id":"ui.tips","version":"2"},"event":{"count":1,"data":{"created":1574888444853,"type":"automatically"},"id":"dialog.shown"}}
{"recorder_version":"21","session":"0ebd4230d8e3","build":"192.6262.58","bucket":"189","time":1574888444950,"group":{"id":"ui.dialogs","version":"21"},"event":{"count":1,"data":{"created":1574888444950,"plugin_type":"PLATFORM","type":"show"},"id":"com.intellij.ide.util.TipDialog"}}
{"recorder_version":"21","session":"0ebd4230d8e3","build":"192.6262.58","bucket":"189","time":1574888445175,"group":{"id":"performance","version":"21"},"event":{"count":1,"data":{"duration_ms":238,"created":1574888445175},"id":"ui.lagging"}}
{"recorder_version":"21","session":"0ebd4230d8e3","build":"192.6262.58","bucket":"189","time":1574888445913,"group":{"id":"project.fs","version":"1"},"event":{"state":true,"data":{"os":"Mac","cs-project":false,"created":1574888445913,"project":"4452600da3b350ab41d92ae108c2baae6ff0ac3ddb31bd67020ee046ec77ac09","cs-implicit":true,"cs-system":false},"id":"case-sensitivity"}}
{"recorder_version":"21","session":"0ebd4230d8e3","build":"192.6262.58","bucket":"189","time":1574888445913,"group":{"id":"project.fs","version":"1"},"event":{"state":true,"data":{"created":1574888445913},"id":"invoked"}}
{"recorder_version":"21","session":"0ebd4230d8e3","build":"192.6262.58","bucket":"189","time":1574888445913,"group":{"id":"project.fs","version":"1"},"event":{"state":true,"data":{"pct-non-watched":0,"created":1574888445914,"project":"4452600da3b350ab41d92ae108c2baae6ff0ac3ddb31bd67020ee046ec77ac09"},"id":"roots-watched"}}
{"recorder_version":"21","session":"0ebd4230d8e3","build":"192.6262.58","bucket":"189","time":1574888445913,"group":{"id":"project.fs","version":"1"},"event":{"state":true,"data":{"created":1574888445914},"id":"invoked"}}
{"recorder_version":"21","session":"0ebd4230d8e3","build":"192.6262.58","bucket":"189","time":1574888445989,"group":{"id":"ui.dialogs","version":"21"},"event":{"count":1,"data":{"code":1,"created":1574888445989,"plugin_type":"PLATFORM","type":"close"},"id":"com.intellij.openapi.progress.util.ProgressDialog$MyDialogWrapper"}}
{"recorder_version":"21","session":"0ebd4230d8e3","build":"192.6262.58","bucket":"189","time":1574888446285,"group":{"id":"lifecycle","version":"21"},"event":{"count":1,"data":{"duration_ms":6263,"created":1574888446285,"project":"4452600da3b350ab41d92ae108c2baae6ff0ac3ddb31bd67020ee046ec77ac09"},"id":"project.opening.finished"}}
{"recorder_version":"21","session":"0ebd4230d8e3","build":"192.6262.58","bucket":"189","time":1574888446854,"group":{"id":"ui.dialogs","version":"21"},"event":{"count":1,"data":{"code":1,"created":1574888446854,"plugin_type":"PLATFORM","type":"close"},"id":"com.intellij.ide.util.TipDialog"}}
{"recorder_version":"21","session":"0ebd4230d8e3","build":"192.6262.58","bucket":"189","time":1574888447283,"group":{"id":"kotlin.jps.target","version":"1"},"event":{"count":2,"data":{"plugin_version":"validation.undefined_rule","last":1574888447283,"created":1574888447283},"id":"validation.undefined_rule"}}
{"recorder_version":"21","session":"0ebd4230d8e3","build":"192.6262.58","bucket":"189","time":1574888448051,"group":{"id":"performance","version":"21"},"event":{"count":1,"data":{"duration_ms":106,"created":1574888448051},"id":"ui.lagging"}}
{"recorder_version":"21","session":"0ebd4230d8e3","build":"192.6262.58","bucket":"189","time":1574888448174,"group":{"id":"vcs.change.reminder","version":"1"},"event":{"count":1,"data":{"created":1574888448174,"project":"4452600da3b350ab41d92ae108c2baae6ff0ac3ddb31bd67020ee046ec77ac09","execution_time":264},"id":"prediction.calculated"}}
{"recorder_version":"21","session":"0ebd4230d8e3","build":"192.6262.58","bucket":"189","time":1574888455311,"group":{"id":"toolwindow","version":"21"},"event":{"count":1,"data":{"os":"Mac","created":1574888455311,"plugin_type":"PLATFORM"},"id":"Project"}}
{"recorder_version":"21","session":"0ebd4230d8e3","build":"192.6262.58","bucket":"189","time":1574888456370,"group":{"id":"file.types.usage","version":"21"},"event":{"count":1,"data":{"plugin":"com.intellij.java","created":1574888456370,"plugin_type":"JB_BUNDLED","project":"4452600da3b350ab41d92ae108c2baae6ff0ac3ddb31bd67020ee046ec77ac09","type":"open"},"id":"JAVA"}}
{"recorder_version":"21","session":"0ebd4230d8e3","build":"192.6262.58","bucket":"189","time":1574888457394,"group":{"id":"file.types.usage","version":"21"},"event":{"count":1,"data":{"plugin":"com.intellij.java","created":1574888457394,"plugin_type":"JB_BUNDLED","project":"4452600da3b350ab41d92ae108c2baae6ff0ac3ddb31bd67020ee046ec77ac09","type":"edit"},"id":"JAVA"}}
{"recorder_version":"21","session":"0ebd4230d8e3","build":"192.6262.58","bucket":"189","time":1574888462036,"group":{"id":"actions","version":"21"},"event":{"count":2,"data":{"context_menu":false,"last":1574888462187,"current_file":"JAVA","created":1574888462037,"plugin_type":"PLATFORM","project":"4452600da3b350ab41d92ae108c2baae6ff0ac3ddb31bd67020ee046ec77ac09","place":"keyboard_shortcut","class":"com.intellij.openapi.editor.actions.BackspaceAction","input_event":"Backspace"},"id":"EditorBackSpace"}}
{"recorder_version":"21","session":"0ebd4230d8e3","build":"192.6262.58","bucket":"189","time":1574888475194,"group":{"id":"file.types.usage","version":"21"},"event":{"count":1,"data":{"plugin":"com.intellij.java","created":1574888475194,"plugin_type":"JB_BUNDLED","project":"4452600da3b350ab41d92ae108c2baae6ff0ac3ddb31bd67020ee046ec77ac09","type":"open"},"id":"JAVA"}}
{"recorder_version":"21","session":"0ebd4230d8e3","build":"192.6262.58","bucket":"189","time":1574888479751,"group":{"id":"ui.dialogs","version":"21"},"event":{"count":1,"data":{"created":1574888479752,"plugin_type":"PLATFORM","type":"show"},"id":"com.intellij.openapi.progress.util.ProgressDialog$MyDialogWrapper"}}
{"recorder_version":"21","session":"0ebd4230d8e3","build":"192.6262.58","bucket":"189","time":1574888479855,"group":{"id":"lifecycle","version":"21"},"event":{"count":1,"data":{"created":1574888479855,"project":"4452600da3b350ab41d92ae108c2baae6ff0ac3ddb31bd67020ee046ec77ac09"},"id":"project.closed"}}
{"recorder_version":"21","session":"0ebd4230d8e3","build":"192.6262.58","bucket":"189","time":1574888479920,"group":{"id":"ui.dialogs","version":"21"},"event":{"count":1,"data":{"code":1,"created":1574888479921,"plugin_type":"PLATFORM","type":"close"},"id":"com.intellij.openapi.progress.util.ProgressDialog$MyDialogWrapper"}}
{"recorder_version":"21","session":"0ebd4230d8e3","build":"192.6262.58","bucket":"189","time":1574888480250,"group":{"id":"performance","version":"21"},"event":{"count":1,"data":{"duration_ms":231,"created":1574888480251},"id":"ui.lagging"}}
{"recorder_version":"21","session":"0ebd4230d8e3","build":"192.6262.58","bucket":"189","time":1574888540226,"group":{"id":"performance","version":"21"},"event":{"count":1,"data":{"duration_ms":0,"created":1574888540226},"id":"ui.latency"}}
{"recorder_version":"21","session":"0ebd4230d8e3","build":"192.6262.58","bucket":"189","time":1574888640558,"group":{"id":"performance","version":"21"},"event":{"count":1,"data":{"duration_ms":0,"created":1574888640559},"id":"ui.latency"}}
{"recorder_version":"21","session":"0ebd4230d8e3","build":"192.6262.58","bucket":"189","time":1574888646391,"group":{"id":"lifecycle","version":"21"},"event":{"count":1,"data":{"restart":false,"created":1574888646391},"id":"ide.close"}}
