{"recorder_version":"21","session":"890dc708eb78","build":"192.6262.58","bucket":"189","time":1574781910597,"group":{"id":"settings","version":"4"},"event":{"state":true,"data":{"component":"NotRoamableUiSettings","created":1574781910770},"id":"invoked"}}
{"recorder_version":"21","session":"890dc708eb78","build":"192.6262.58","bucket":"189","time":1574781910599,"group":{"id":"system.java","version":"1"},"event":{"state":true,"data":{"created":1574781910772,"version":"1.11"},"id":"JetBrains"}}
{"recorder_version":"21","session":"890dc708eb78","build":"192.6262.58","bucket":"189","time":1574781910599,"group":{"id":"system.java","version":"1"},"event":{"state":true,"data":{"created":1574781910782},"id":"invoked"}}
{"recorder_version":"21","session":"890dc708eb78","build":"192.6262.58","bucket":"189","time":1574781910599,"group":{"id":"settings","version":"4"},"event":{"state":true,"data":{"component":"UISettings","created":1574781910783},"id":"invoked"}}
{"recorder_version":"21","session":"890dc708eb78","build":"192.6262.58","bucket":"189","time":1574781910622,"group":{"id":"system.os","version":"3"},"event":{"state":true,"data":{"created":1574781910784,"version":"10.14"},"id":"Mac"}}
{"recorder_version":"21","session":"890dc708eb78","build":"192.6262.58","bucket":"189","time":1574781910622,"group":{"id":"system.os","version":"3"},"event":{"state":true,"data":{"created":1574781910784,"name":"Mac","version":"10.14"},"id":"os.name"}}
{"recorder_version":"21","session":"890dc708eb78","build":"192.6262.58","bucket":"189","time":1574781910622,"group":{"id":"system.os","version":"3"},"event":{"state":true,"data":{"created":1574781910785,"value":"+09_00"},"id":"os.timezone"}}
{"recorder_version":"21","session":"890dc708eb78","build":"192.6262.58","bucket":"189","time":1574781910622,"group":{"id":"system.os","version":"3"},"event":{"state":true,"data":{"created":1574781910786},"id":"invoked"}}
{"recorder_version":"21","session":"890dc708eb78","build":"192.6262.58","bucket":"189","time":1574781910769,"group":{"id":"event.log","version":"21"},"event":{"count":1,"data":{"created":1574781910787,"version":"925.0"},"id":"whitelist.loaded"}}
{"recorder_version":"21","session":"890dc708eb78","build":"192.6262.58","bucket":"189","time":1574781912917,"group":{"id":"settings","version":"4"},"event":{"state":true,"data":{"component":"UpdatesConfigurable","created":1574781912917,"name":"checkNeeded","type":"bool","value":false},"id":"not.default"}}
{"recorder_version":"21","session":"890dc708eb78","build":"192.6262.58","bucket":"189","time":1574781912917,"group":{"id":"settings","version":"4"},"event":{"state":true,"data":{"component":"UpdatesConfigurable","created":1574781912919},"id":"invoked"}}
{"recorder_version":"21","session":"890dc708eb78","build":"192.6262.58","bucket":"189","time":1574781913489,"group":{"id":"lifecycle","version":"21"},"event":{"count":1,"data":{"internal":true,"eap":false,"created":1574781913489},"id":"ide.start"}}
{"recorder_version":"21","session":"890dc708eb78","build":"192.6262.58","bucket":"189","time":1574781913501,"group":{"id":"settings","version":"4"},"event":{"state":true,"data":{"component":"GeneralSettings","created":1574781913502,"name":"confirmExit","type":"bool","value":false},"id":"not.default"}}
{"recorder_version":"21","session":"890dc708eb78","build":"192.6262.58","bucket":"189","time":1574781913502,"group":{"id":"settings","version":"4"},"event":{"state":true,"data":{"component":"GeneralSettings","created":1574781913503,"name":"showTipsOnStartup","type":"bool","value":false},"id":"not.default"}}
{"recorder_version":"21","session":"890dc708eb78","build":"192.6262.58","bucket":"189","time":1574781913502,"group":{"id":"settings","version":"4"},"event":{"state":true,"data":{"component":"GeneralSettings","created":1574781913504},"id":"invoked"}}
{"recorder_version":"21","session":"890dc708eb78","build":"192.6262.58","bucket":"189","time":1574781913642,"group":{"id":"performance","version":"21"},"event":{"count":1,"data":{"duration_ms":0,"created":1574781913643},"id":"ui.latency"}}
{"recorder_version":"21","session":"890dc708eb78","build":"192.6262.58","bucket":"189","time":1574781914139,"group":{"id":"settings","version":"4"},"event":{"state":true,"data":{"component":"XmlEditorOptions","created":1574781914139},"id":"invoked"}}
{"recorder_version":"21","session":"890dc708eb78","build":"192.6262.58","bucket":"189","time":1574781915264,"group":{"id":"ui.dialogs","version":"21"},"event":{"count":1,"data":{"created":1574781915265,"plugin_type":"PLATFORM","type":"show"},"id":"com.intellij.openapi.progress.util.ProgressDialog$MyDialogWrapper"}}
{"recorder_version":"21","session":"890dc708eb78","build":"192.6262.58","bucket":"189","time":1574781916126,"group":{"id":"lifecycle","version":"21"},"event":{"count":1,"data":{"created":1574781916127,"project":"92ddc83aceaa9edad1485397ccc1680a8fd16623aa2c155379eac4aafdb2a559"},"id":"project.opened"}}
{"recorder_version":"21","session":"890dc708eb78","build":"192.6262.58","bucket":"189","time":1574781917837,"group":{"id":"performance","version":"21"},"event":{"count":1,"data":{"duration_ms":190,"created":1574781917838},"id":"ui.lagging"}}
{"recorder_version":"21","session":"890dc708eb78","build":"192.6262.58","bucket":"189","time":1574781918059,"group":{"id":"toolwindow","version":"21"},"event":{"count":1,"data":{"os":"Mac","created":1574781918059,"plugin_type":"PLATFORM"},"id":"Project"}}
{"recorder_version":"21","session":"890dc708eb78","build":"192.6262.58","bucket":"189","time":1574781919861,"group":{"id":"project.fs","version":"1"},"event":{"state":true,"data":{"os":"Mac","cs-project":false,"created":1574781919861,"project":"92ddc83aceaa9edad1485397ccc1680a8fd16623aa2c155379eac4aafdb2a559","cs-implicit":true,"cs-system":false},"id":"case-sensitivity"}}
{"recorder_version":"21","session":"890dc708eb78","build":"192.6262.58","bucket":"189","time":1574781919861,"group":{"id":"project.fs","version":"1"},"event":{"state":true,"data":{"created":1574781919862},"id":"invoked"}}
{"recorder_version":"21","session":"890dc708eb78","build":"192.6262.58","bucket":"189","time":1574781919862,"group":{"id":"project.fs","version":"1"},"event":{"state":true,"data":{"pct-non-watched":0,"created":1574781919862,"project":"92ddc83aceaa9edad1485397ccc1680a8fd16623aa2c155379eac4aafdb2a559"},"id":"roots-watched"}}
{"recorder_version":"21","session":"890dc708eb78","build":"192.6262.58","bucket":"189","time":1574781919862,"group":{"id":"project.fs","version":"1"},"event":{"state":true,"data":{"created":1574781919863},"id":"invoked"}}
{"recorder_version":"21","session":"890dc708eb78","build":"192.6262.58","bucket":"189","time":1574781919895,"group":{"id":"ui.dialogs","version":"21"},"event":{"count":1,"data":{"code":1,"created":1574781919895,"plugin_type":"PLATFORM","type":"close"},"id":"com.intellij.openapi.progress.util.ProgressDialog$MyDialogWrapper"}}
{"recorder_version":"21","session":"890dc708eb78","build":"192.6262.58","bucket":"189","time":1574781920010,"group":{"id":"lifecycle","version":"21"},"event":{"count":1,"data":{"duration_ms":5031,"created":1574781920010,"project":"92ddc83aceaa9edad1485397ccc1680a8fd16623aa2c155379eac4aafdb2a559"},"id":"project.opening.finished"}}
{"recorder_version":"21","session":"890dc708eb78","build":"192.6262.58","bucket":"189","time":1574781920425,"group":{"id":"kotlin.jps.target","version":"1"},"event":{"count":1,"data":{"plugin_version":"1.3.41-release-IJ2019.2-1","created":1574781920434},"id":"jvm"}}
{"recorder_version":"21","session":"890dc708eb78","build":"192.6262.58","bucket":"189","time":1574781922355,"group":{"id":"file.types.usage","version":"21"},"event":{"count":1,"data":{"created":1574781922355,"plugin_type":"PLATFORM","project":"92ddc83aceaa9edad1485397ccc1680a8fd16623aa2c155379eac4aafdb2a559","type":"edit"},"id":"IDEA_MODULE"}}
{"recorder_version":"21","session":"890dc708eb78","build":"192.6262.58","bucket":"189","time":1574781924574,"group":{"id":"actions","version":"21"},"event":{"count":20,"data":{"context_menu":false,"last":1574781968742,"current_file":"TEXT","created":1574781924574,"plugin_type":"PLATFORM","project":"92ddc83aceaa9edad1485397ccc1680a8fd16623aa2c155379eac4aafdb2a559","place":"keyboard_shortcut","class":"com.intellij.openapi.editor.actions.EnterAction","input_event":"Enter"},"id":"EditorEnter"}}
{"recorder_version":"21","session":"890dc708eb78","build":"192.6262.58","bucket":"189","time":1574781999584,"group":{"id":"lifecycle","version":"21"},"event":{"count":1,"data":{"created":1574781999584,"project":"92ddc83aceaa9edad1485397ccc1680a8fd16623aa2c155379eac4aafdb2a559"},"id":"frame.deactivated"}}
{"recorder_version":"21","session":"890dc708eb78","build":"192.6262.58","bucket":"189","time":1574782013962,"group":{"id":"performance","version":"21"},"event":{"count":1,"data":{"duration_ms":0,"created":1574782013962},"id":"ui.latency"}}
{"recorder_version":"21","session":"890dc708eb78","build":"192.6262.58","bucket":"189","time":1574782114267,"group":{"id":"performance","version":"21"},"event":{"count":1,"data":{"duration_ms":1,"created":1574782114267},"id":"ui.latency"}}
{"recorder_version":"21","session":"890dc708eb78","build":"192.6262.58","bucket":"189","time":1574782171867,"group":{"id":"lifecycle","version":"21"},"event":{"count":1,"data":{"created":1574782171867,"project":"92ddc83aceaa9edad1485397ccc1680a8fd16623aa2c155379eac4aafdb2a559"},"id":"project.closed"}}
{"recorder_version":"21","session":"890dc708eb78","build":"192.6262.58","bucket":"189","time":1574782174143,"group":{"id":"lifecycle","version":"21"},"event":{"count":1,"data":{"restart":false,"created":1574782174143},"id":"ide.close"}}
