{"recorder_version":"21","session":"909532e4243e","build":"192.6262.58","bucket":"189","time":1574778449578,"group":{"id":"settings","version":"4"},"event":{"state":true,"data":{"component":"NotRoamableUiSettings","created":1574778449733},"id":"invoked"}}
{"recorder_version":"21","session":"909532e4243e","build":"192.6262.58","bucket":"189","time":1574778449580,"group":{"id":"settings","version":"4"},"event":{"state":true,"data":{"component":"UISettings","created":1574778449735},"id":"invoked"}}
{"recorder_version":"21","session":"909532e4243e","build":"192.6262.58","bucket":"189","time":1574778449581,"group":{"id":"system.java","version":"1"},"event":{"state":true,"data":{"created":1574778449743,"version":"1.11"},"id":"JetBrains"}}
{"recorder_version":"21","session":"909532e4243e","build":"192.6262.58","bucket":"189","time":1574778449581,"group":{"id":"system.java","version":"1"},"event":{"state":true,"data":{"created":1574778449743},"id":"invoked"}}
{"recorder_version":"21","session":"909532e4243e","build":"192.6262.58","bucket":"189","time":1574778449600,"group":{"id":"system.os","version":"3"},"event":{"state":true,"data":{"created":1574778449744,"version":"10.14"},"id":"Mac"}}
{"recorder_version":"21","session":"909532e4243e","build":"192.6262.58","bucket":"189","time":1574778449600,"group":{"id":"system.os","version":"3"},"event":{"state":true,"data":{"created":1574778449745,"name":"Mac","version":"10.14"},"id":"os.name"}}
{"recorder_version":"21","session":"909532e4243e","build":"192.6262.58","bucket":"189","time":1574778449600,"group":{"id":"system.os","version":"3"},"event":{"state":true,"data":{"created":1574778449746,"value":"+09_00"},"id":"os.timezone"}}
{"recorder_version":"21","session":"909532e4243e","build":"192.6262.58","bucket":"189","time":1574778449600,"group":{"id":"system.os","version":"3"},"event":{"state":true,"data":{"created":1574778449747},"id":"invoked"}}
{"recorder_version":"21","session":"909532e4243e","build":"192.6262.58","bucket":"189","time":1574778449732,"group":{"id":"event.log","version":"21"},"event":{"count":1,"data":{"created":1574778449747,"version":"925.0"},"id":"whitelist.loaded"}}
{"recorder_version":"21","session":"909532e4243e","build":"192.6262.58","bucket":"189","time":1574778451947,"group":{"id":"settings","version":"4"},"event":{"state":true,"data":{"component":"UpdatesConfigurable","created":1574778451947,"name":"checkNeeded","type":"bool","value":false},"id":"not.default"}}
{"recorder_version":"21","session":"909532e4243e","build":"192.6262.58","bucket":"189","time":1574778451947,"group":{"id":"settings","version":"4"},"event":{"state":true,"data":{"component":"UpdatesConfigurable","created":1574778451949},"id":"invoked"}}
{"recorder_version":"21","session":"909532e4243e","build":"192.6262.58","bucket":"189","time":1574778452085,"group":{"id":"settings","version":"4"},"event":{"state":true,"data":{"component":"GeneralSettings","created":1574778452086,"name":"confirmExit","type":"bool","value":false},"id":"not.default"}}
{"recorder_version":"21","session":"909532e4243e","build":"192.6262.58","bucket":"189","time":1574778452086,"group":{"id":"settings","version":"4"},"event":{"state":true,"data":{"component":"GeneralSettings","created":1574778452086,"name":"showTipsOnStartup","type":"bool","value":false},"id":"not.default"}}
{"recorder_version":"21","session":"909532e4243e","build":"192.6262.58","bucket":"189","time":1574778452086,"group":{"id":"settings","version":"4"},"event":{"state":true,"data":{"component":"GeneralSettings","created":1574778452088},"id":"invoked"}}
{"recorder_version":"21","session":"909532e4243e","build":"192.6262.58","bucket":"189","time":1574778452093,"group":{"id":"lifecycle","version":"21"},"event":{"count":1,"data":{"internal":true,"eap":false,"created":1574778452093},"id":"ide.start"}}
{"recorder_version":"21","session":"909532e4243e","build":"192.6262.58","bucket":"189","time":1574778452456,"group":{"id":"lifecycle","version":"21"},"event":{"count":1,"data":{"created":1574778452456},"id":"frame.activated"}}
{"recorder_version":"21","session":"909532e4243e","build":"192.6262.58","bucket":"189","time":1574778452617,"group":{"id":"performance","version":"21"},"event":{"count":1,"data":{"duration_ms":17,"created":1574778452617},"id":"ui.latency"}}
{"recorder_version":"21","session":"909532e4243e","build":"192.6262.58","bucket":"189","time":1574778452966,"group":{"id":"ui.dialogs","version":"21"},"event":{"count":1,"data":{"created":1574778452966,"plugin_type":"PLATFORM","type":"show"},"id":"com.intellij.openapi.progress.util.ProgressDialog$MyDialogWrapper"}}
{"recorder_version":"21","session":"909532e4243e","build":"192.6262.58","bucket":"189","time":1574778454076,"group":{"id":"lifecycle","version":"21"},"event":{"count":1,"data":{"created":1574778454076,"project":"92ddc83aceaa9edad1485397ccc1680a8fd16623aa2c155379eac4aafdb2a559"},"id":"project.opened"}}
{"recorder_version":"21","session":"909532e4243e","build":"192.6262.58","bucket":"189","time":1574778454785,"group":{"id":"performance","version":"21"},"event":{"count":1,"data":{"duration_ms":177,"created":1574778454785},"id":"ui.lagging"}}
{"recorder_version":"21","session":"909532e4243e","build":"192.6262.58","bucket":"189","time":1574778455798,"group":{"id":"settings","version":"4"},"event":{"state":true,"data":{"component":"XmlEditorOptions","created":1574778455798},"id":"invoked"}}
{"recorder_version":"21","session":"909532e4243e","build":"192.6262.58","bucket":"189","time":1574778455833,"group":{"id":"performance","version":"21"},"event":{"count":1,"data":{"duration_ms":225,"created":1574778455834},"id":"ui.lagging"}}
{"recorder_version":"21","session":"909532e4243e","build":"192.6262.58","bucket":"189","time":1574778456094,"group":{"id":"toolwindow","version":"21"},"event":{"count":1,"data":{"os":"Mac","created":1574778456095,"plugin_type":"PLATFORM"},"id":"Project"}}
{"recorder_version":"21","session":"909532e4243e","build":"192.6262.58","bucket":"189","time":1574778458248,"group":{"id":"kotlin.jps.target","version":"1"},"event":{"count":1,"data":{"plugin_version":"1.3.41-release-IJ2019.2-1","created":1574778458249},"id":"jvm"}}
{"recorder_version":"21","session":"909532e4243e","build":"192.6262.58","bucket":"189","time":1574778458638,"group":{"id":"project.fs","version":"1"},"event":{"state":true,"data":{"os":"Mac","cs-project":false,"created":1574778458638,"project":"92ddc83aceaa9edad1485397ccc1680a8fd16623aa2c155379eac4aafdb2a559","cs-implicit":true,"cs-system":false},"id":"case-sensitivity"}}
{"recorder_version":"21","session":"909532e4243e","build":"192.6262.58","bucket":"189","time":1574778458638,"group":{"id":"project.fs","version":"1"},"event":{"state":true,"data":{"created":1574778458638},"id":"invoked"}}
{"recorder_version":"21","session":"909532e4243e","build":"192.6262.58","bucket":"189","time":1574778458639,"group":{"id":"project.fs","version":"1"},"event":{"state":true,"data":{"pct-non-watched":0,"created":1574778458639,"project":"92ddc83aceaa9edad1485397ccc1680a8fd16623aa2c155379eac4aafdb2a559"},"id":"roots-watched"}}
{"recorder_version":"21","session":"909532e4243e","build":"192.6262.58","bucket":"189","time":1574778458639,"group":{"id":"project.fs","version":"1"},"event":{"state":true,"data":{"created":1574778458639},"id":"invoked"}}
{"recorder_version":"21","session":"909532e4243e","build":"192.6262.58","bucket":"189","time":1574778458781,"group":{"id":"ui.dialogs","version":"21"},"event":{"count":1,"data":{"code":1,"created":1574778458781,"plugin_type":"PLATFORM","type":"close"},"id":"com.intellij.openapi.progress.util.ProgressDialog$MyDialogWrapper"}}
{"recorder_version":"21","session":"909532e4243e","build":"192.6262.58","bucket":"189","time":1574778458909,"group":{"id":"lifecycle","version":"21"},"event":{"count":1,"data":{"duration_ms":6208,"created":1574778458909,"project":"92ddc83aceaa9edad1485397ccc1680a8fd16623aa2c155379eac4aafdb2a559"},"id":"project.opening.finished"}}
{"recorder_version":"21","session":"909532e4243e","build":"192.6262.58","bucket":"189","time":1574778459760,"group":{"id":"performance","version":"21"},"event":{"count":1,"data":{"duration_ms":150,"created":1574778459760},"id":"ui.lagging"}}
{"recorder_version":"21","session":"909532e4243e","build":"192.6262.58","bucket":"189","time":1574778461063,"group":{"id":"file.types.usage","version":"21"},"event":{"count":1,"data":{"created":1574778461063,"plugin_type":"PLATFORM","project":"92ddc83aceaa9edad1485397ccc1680a8fd16623aa2c155379eac4aafdb2a559","type":"edit"},"id":"IDEA_MODULE"}}
{"recorder_version":"21","session":"909532e4243e","build":"192.6262.58","bucket":"189","time":1574778464920,"group":{"id":"performance","version":"21"},"event":{"count":1,"data":{"duration_ms":296,"created":1574778464920},"id":"ui.lagging"}}
{"recorder_version":"21","session":"909532e4243e","build":"192.6262.58","bucket":"189","time":1574778481975,"group":{"id":"performance","version":"21"},"event":{"count":1,"data":{"duration_ms":301,"created":1574778481975},"id":"ui.lagging"}}
{"recorder_version":"21","session":"909532e4243e","build":"192.6262.58","bucket":"189","time":1574778482006,"group":{"id":"actions","version":"21"},"event":{"count":3,"data":{"context_menu":false,"last":1574778482537,"current_file":"TEXT","created":1574778482006,"plugin_type":"PLATFORM","project":"92ddc83aceaa9edad1485397ccc1680a8fd16623aa2c155379eac4aafdb2a559","place":"keyboard_shortcut","class":"com.intellij.openapi.editor.actions.MoveCaretUpAction","input_event":"Up"},"id":"EditorUp"}}
{"recorder_version":"21","session":"909532e4243e","build":"192.6262.58","bucket":"189","time":1574778482995,"group":{"id":"actions","version":"21"},"event":{"count":1,"data":{"context_menu":false,"current_file":"TEXT","created":1574778482995,"plugin_type":"PLATFORM","project":"92ddc83aceaa9edad1485397ccc1680a8fd16623aa2c155379eac4aafdb2a559","place":"keyboard_shortcut","class":"com.intellij.openapi.editor.actions.MoveCaretDownAction","input_event":"Down"},"id":"EditorDown"}}
{"recorder_version":"21","session":"909532e4243e","build":"192.6262.58","bucket":"189","time":1574778483254,"group":{"id":"actions","version":"21"},"event":{"count":7,"data":{"context_menu":false,"last":1574778484517,"current_file":"TEXT","created":1574778483254,"plugin_type":"PLATFORM","project":"92ddc83aceaa9edad1485397ccc1680a8fd16623aa2c155379eac4aafdb2a559","place":"keyboard_shortcut","class":"com.intellij.openapi.editor.actions.MoveCaretRightAction","input_event":"Right"},"id":"EditorRight"}}
{"recorder_version":"21","session":"909532e4243e","build":"192.6262.58","bucket":"189","time":1574778484830,"group":{"id":"actions","version":"21"},"event":{"count":7,"data":{"context_menu":false,"last":1574778486400,"current_file":"TEXT","created":1574778484830,"plugin_type":"PLATFORM","project":"92ddc83aceaa9edad1485397ccc1680a8fd16623aa2c155379eac4aafdb2a559","place":"keyboard_shortcut","class":"com.intellij.openapi.editor.actions.MoveCaretDownAction","input_event":"Down"},"id":"EditorDown"}}
{"recorder_version":"21","session":"909532e4243e","build":"192.6262.58","bucket":"189","time":1574778486848,"group":{"id":"actions","version":"21"},"event":{"count":2,"data":{"context_menu":false,"last":1574778487064,"current_file":"TEXT","created":1574778486849,"plugin_type":"PLATFORM","project":"92ddc83aceaa9edad1485397ccc1680a8fd16623aa2c155379eac4aafdb2a559","place":"keyboard_shortcut","class":"com.intellij.openapi.editor.actions.MoveCaretRightAction","input_event":"Right"},"id":"EditorRight"}}
{"recorder_version":"21","session":"909532e4243e","build":"192.6262.58","bucket":"189","time":1574778487328,"group":{"id":"actions","version":"21"},"event":{"count":6,"data":{"context_menu":false,"last":1574778488165,"current_file":"TEXT","created":1574778487328,"plugin_type":"PLATFORM","project":"92ddc83aceaa9edad1485397ccc1680a8fd16623aa2c155379eac4aafdb2a559","place":"keyboard_shortcut","class":"com.intellij.openapi.editor.actions.MoveCaretUpAction","input_event":"Up"},"id":"EditorUp"}}
{"recorder_version":"21","session":"909532e4243e","build":"192.6262.58","bucket":"189","time":1574778503355,"group":{"id":"lifecycle","version":"21"},"event":{"count":1,"data":{"created":1574778503355,"project":"92ddc83aceaa9edad1485397ccc1680a8fd16623aa2c155379eac4aafdb2a559"},"id":"frame.deactivated"}}
{"recorder_version":"21","session":"909532e4243e","build":"192.6262.58","bucket":"189","time":1574778552863,"group":{"id":"performance","version":"21"},"event":{"count":1,"data":{"duration_ms":0,"created":1574778552863},"id":"ui.latency"}}
{"recorder_version":"21","session":"909532e4243e","build":"192.6262.58","bucket":"189","time":1574778599789,"group":{"id":"lifecycle","version":"21"},"event":{"count":1,"data":{"created":1574778599789,"project":"92ddc83aceaa9edad1485397ccc1680a8fd16623aa2c155379eac4aafdb2a559"},"id":"project.closed"}}
{"recorder_version":"21","session":"909532e4243e","build":"192.6262.58","bucket":"189","time":1574778601408,"group":{"id":"lifecycle","version":"21"},"event":{"count":1,"data":{"restart":false,"created":1574778601408},"id":"ide.close"}}
