{"recorder_version":"21","session":"c613ee968a09","build":"192.6262.58","bucket":"189","time":1574811209064,"group":{"id":"settings","version":"4"},"event":{"state":true,"data":{"component":"NotRoamableUiSettings","created":1574811209215},"id":"invoked"}}
{"recorder_version":"21","session":"c613ee968a09","build":"192.6262.58","bucket":"189","time":1574811209066,"group":{"id":"settings","version":"4"},"event":{"state":true,"data":{"component":"UISettings","created":1574811209216},"id":"invoked"}}
{"recorder_version":"21","session":"c613ee968a09","build":"192.6262.58","bucket":"189","time":1574811209066,"group":{"id":"system.java","version":"1"},"event":{"state":true,"data":{"created":1574811209227,"version":"1.11"},"id":"JetBrains"}}
{"recorder_version":"21","session":"c613ee968a09","build":"192.6262.58","bucket":"189","time":1574811209066,"group":{"id":"system.java","version":"1"},"event":{"state":true,"data":{"created":1574811209227},"id":"invoked"}}
{"recorder_version":"21","session":"c613ee968a09","build":"192.6262.58","bucket":"189","time":1574811209086,"group":{"id":"system.os","version":"3"},"event":{"state":true,"data":{"created":1574811209228,"version":"10.14"},"id":"Mac"}}
{"recorder_version":"21","session":"c613ee968a09","build":"192.6262.58","bucket":"189","time":1574811209086,"group":{"id":"system.os","version":"3"},"event":{"state":true,"data":{"created":1574811209228,"name":"Mac","version":"10.14"},"id":"os.name"}}
{"recorder_version":"21","session":"c613ee968a09","build":"192.6262.58","bucket":"189","time":1574811209086,"group":{"id":"system.os","version":"3"},"event":{"state":true,"data":{"created":1574811209229,"value":"+09_00"},"id":"os.timezone"}}
{"recorder_version":"21","session":"c613ee968a09","build":"192.6262.58","bucket":"189","time":1574811209086,"group":{"id":"system.os","version":"3"},"event":{"state":true,"data":{"created":1574811209230},"id":"invoked"}}
{"recorder_version":"21","session":"c613ee968a09","build":"192.6262.58","bucket":"189","time":1574811209215,"group":{"id":"event.log","version":"21"},"event":{"count":1,"data":{"created":1574811209231,"version":"930.0"},"id":"whitelist.loaded"}}
{"recorder_version":"21","session":"c613ee968a09","build":"192.6262.58","bucket":"189","time":1574811211601,"group":{"id":"settings","version":"4"},"event":{"state":true,"data":{"component":"UpdatesConfigurable","created":1574811211601,"name":"checkNeeded","type":"bool","value":false},"id":"not.default"}}
{"recorder_version":"21","session":"c613ee968a09","build":"192.6262.58","bucket":"189","time":1574811211601,"group":{"id":"settings","version":"4"},"event":{"state":true,"data":{"component":"UpdatesConfigurable","created":1574811211603},"id":"invoked"}}
{"recorder_version":"21","session":"c613ee968a09","build":"192.6262.58","bucket":"189","time":1574811211719,"group":{"id":"settings","version":"4"},"event":{"state":true,"data":{"component":"GeneralSettings","created":1574811211719,"name":"confirmExit","type":"bool","value":false},"id":"not.default"}}
{"recorder_version":"21","session":"c613ee968a09","build":"192.6262.58","bucket":"189","time":1574811211719,"group":{"id":"settings","version":"4"},"event":{"state":true,"data":{"component":"GeneralSettings","created":1574811211721,"name":"showTipsOnStartup","type":"bool","value":false},"id":"not.default"}}
{"recorder_version":"21","session":"c613ee968a09","build":"192.6262.58","bucket":"189","time":1574811211719,"group":{"id":"settings","version":"4"},"event":{"state":true,"data":{"component":"GeneralSettings","created":1574811211723},"id":"invoked"}}
{"recorder_version":"21","session":"c613ee968a09","build":"192.6262.58","bucket":"189","time":1574811211724,"group":{"id":"lifecycle","version":"21"},"event":{"count":1,"data":{"internal":true,"eap":false,"created":1574811211724},"id":"ide.start"}}
{"recorder_version":"21","session":"c613ee968a09","build":"192.6262.58","bucket":"189","time":1574811211997,"group":{"id":"lifecycle","version":"21"},"event":{"count":1,"data":{"created":1574811211997},"id":"frame.activated"}}
{"recorder_version":"21","session":"c613ee968a09","build":"192.6262.58","bucket":"189","time":1574811212121,"group":{"id":"performance","version":"21"},"event":{"count":1,"data":{"duration_ms":4,"created":1574811212122},"id":"ui.latency"}}
{"recorder_version":"21","session":"c613ee968a09","build":"192.6262.58","bucket":"189","time":1574811212459,"group":{"id":"ui.dialogs","version":"21"},"event":{"count":1,"data":{"created":1574811212459,"plugin_type":"PLATFORM","type":"show"},"id":"com.intellij.openapi.progress.util.ProgressDialog$MyDialogWrapper"}}
{"recorder_version":"21","session":"c613ee968a09","build":"192.6262.58","bucket":"189","time":1574811213488,"group":{"id":"lifecycle","version":"21"},"event":{"count":1,"data":{"created":1574811213488,"project":"92ddc83aceaa9edad1485397ccc1680a8fd16623aa2c155379eac4aafdb2a559"},"id":"project.opened"}}
{"recorder_version":"21","session":"c613ee968a09","build":"192.6262.58","bucket":"189","time":1574811215112,"group":{"id":"settings","version":"4"},"event":{"state":true,"data":{"component":"XmlEditorOptions","created":1574811215112},"id":"invoked"}}
{"recorder_version":"21","session":"c613ee968a09","build":"192.6262.58","bucket":"189","time":1574811215393,"group":{"id":"toolwindow","version":"21"},"event":{"count":1,"data":{"os":"Mac","created":1574811215393,"plugin_type":"PLATFORM"},"id":"Project"}}
{"recorder_version":"21","session":"c613ee968a09","build":"192.6262.58","bucket":"189","time":1574811217153,"group":{"id":"kotlin.jps.target","version":"1"},"event":{"count":1,"data":{"plugin_version":"validation.undefined_rule","created":1574811217153},"id":"validation.undefined_rule"}}
{"recorder_version":"21","session":"c613ee968a09","build":"192.6262.58","bucket":"189","time":1574811217547,"group":{"id":"project.fs","version":"1"},"event":{"state":true,"data":{"os":"Mac","cs-project":false,"created":1574811217547,"project":"92ddc83aceaa9edad1485397ccc1680a8fd16623aa2c155379eac4aafdb2a559","cs-implicit":true,"cs-system":false},"id":"case-sensitivity"}}
{"recorder_version":"21","session":"c613ee968a09","build":"192.6262.58","bucket":"189","time":1574811217547,"group":{"id":"project.fs","version":"1"},"event":{"state":true,"data":{"created":1574811217547},"id":"invoked"}}
{"recorder_version":"21","session":"c613ee968a09","build":"192.6262.58","bucket":"189","time":1574811217548,"group":{"id":"project.fs","version":"1"},"event":{"state":true,"data":{"pct-non-watched":0,"created":1574811217548,"project":"92ddc83aceaa9edad1485397ccc1680a8fd16623aa2c155379eac4aafdb2a559"},"id":"roots-watched"}}
{"recorder_version":"21","session":"c613ee968a09","build":"192.6262.58","bucket":"189","time":1574811217548,"group":{"id":"project.fs","version":"1"},"event":{"state":true,"data":{"created":1574811217548},"id":"invoked"}}
{"recorder_version":"21","session":"c613ee968a09","build":"192.6262.58","bucket":"189","time":1574811217624,"group":{"id":"ui.dialogs","version":"21"},"event":{"count":1,"data":{"code":1,"created":1574811217624,"plugin_type":"PLATFORM","type":"close"},"id":"com.intellij.openapi.progress.util.ProgressDialog$MyDialogWrapper"}}
{"recorder_version":"21","session":"c613ee968a09","build":"192.6262.58","bucket":"189","time":1574811217797,"group":{"id":"lifecycle","version":"21"},"event":{"count":1,"data":{"duration_ms":5619,"created":1574811217798,"project":"92ddc83aceaa9edad1485397ccc1680a8fd16623aa2c155379eac4aafdb2a559"},"id":"project.opening.finished"}}
{"recorder_version":"21","session":"c613ee968a09","build":"192.6262.58","bucket":"189","time":1574811218234,"group":{"id":"performance","version":"21"},"event":{"count":1,"data":{"duration_ms":103,"created":1574811218234},"id":"ui.lagging"}}
{"recorder_version":"21","session":"c613ee968a09","build":"192.6262.58","bucket":"189","time":1574811219165,"group":{"id":"file.types.usage","version":"21"},"event":{"count":1,"data":{"created":1574811219165,"plugin_type":"PLATFORM","project":"92ddc83aceaa9edad1485397ccc1680a8fd16623aa2c155379eac4aafdb2a559","type":"edit"},"id":"IDEA_MODULE"}}
{"recorder_version":"21","session":"c613ee968a09","build":"192.6262.58","bucket":"189","time":1574811225599,"group":{"id":"actions","version":"21"},"event":{"count":2,"data":{"context_menu":false,"last":1574811230280,"current_file":"TEXT","created":1574811225599,"plugin_type":"PLATFORM","project":"92ddc83aceaa9edad1485397ccc1680a8fd16623aa2c155379eac4aafdb2a559","place":"keyboard_shortcut","class":"com.intellij.openapi.editor.actions.EnterAction","input_event":"Enter"},"id":"EditorEnter"}}
{"recorder_version":"21","session":"c613ee968a09","build":"192.6262.58","bucket":"189","time":1574811232336,"group":{"id":"lifecycle","version":"21"},"event":{"count":1,"data":{"created":1574811232336,"project":"92ddc83aceaa9edad1485397ccc1680a8fd16623aa2c155379eac4aafdb2a559"},"id":"frame.deactivated"}}
{"recorder_version":"21","session":"c613ee968a09","build":"192.6262.58","bucket":"189","time":1574811240096,"group":{"id":"lifecycle","version":"21"},"event":{"count":1,"data":{"created":1574811240096,"project":"92ddc83aceaa9edad1485397ccc1680a8fd16623aa2c155379eac4aafdb2a559"},"id":"frame.activated"}}
{"recorder_version":"21","session":"c613ee968a09","build":"192.6262.58","bucket":"189","time":1574811242048,"group":{"id":"actions","version":"21"},"event":{"count":3,"data":{"context_menu":false,"last":1574811243153,"current_file":"TEXT","created":1574811242048,"plugin_type":"PLATFORM","project":"92ddc83aceaa9edad1485397ccc1680a8fd16623aa2c155379eac4aafdb2a559","place":"keyboard_shortcut","class":"com.intellij.openapi.editor.actions.EnterAction","input_event":"Enter"},"id":"EditorEnter"}}
{"recorder_version":"21","session":"c613ee968a09","build":"192.6262.58","bucket":"189","time":1574811244983,"group":{"id":"lifecycle","version":"21"},"event":{"count":1,"data":{"created":1574811244983,"project":"92ddc83aceaa9edad1485397ccc1680a8fd16623aa2c155379eac4aafdb2a559"},"id":"frame.deactivated"}}
{"recorder_version":"21","session":"c613ee968a09","build":"192.6262.58","bucket":"189","time":1574811300450,"group":{"id":"lifecycle","version":"21"},"event":{"count":1,"data":{"created":1574811300450,"project":"92ddc83aceaa9edad1485397ccc1680a8fd16623aa2c155379eac4aafdb2a559"},"id":"frame.activated"}}
{"recorder_version":"21","session":"c613ee968a09","build":"192.6262.58","bucket":"189","time":1574811300780,"group":{"id":"lifecycle","version":"21"},"event":{"count":1,"data":{"restart":false,"created":1574811300780},"id":"ide.close"}}
{"recorder_version":"21","session":"c613ee968a09","build":"192.6262.58","bucket":"189","time":1574811300938,"group":{"id":"lifecycle","version":"21"},"event":{"count":1,"data":{"created":1574811300938,"project":"92ddc83aceaa9edad1485397ccc1680a8fd16623aa2c155379eac4aafdb2a559"},"id":"project.closed"}}
