{"recorder_version":"21","session":"f9367b2f8702","build":"192.6262.58","bucket":"189","time":1574430511148,"group":{"id":"settings","version":"4"},"event":{"state":true,"data":{"component":"NotRoamableUiSettings","created":1574430511300},"id":"invoked"}}
{"recorder_version":"21","session":"f9367b2f8702","build":"192.6262.58","bucket":"189","time":1574430511150,"group":{"id":"settings","version":"4"},"event":{"state":true,"data":{"component":"UISettings","created":1574430511302},"id":"invoked"}}
{"recorder_version":"21","session":"f9367b2f8702","build":"192.6262.58","bucket":"189","time":1574430511151,"group":{"id":"system.java","version":"1"},"event":{"state":true,"data":{"created":1574430511313,"version":"1.11"},"id":"JetBrains"}}
{"recorder_version":"21","session":"f9367b2f8702","build":"192.6262.58","bucket":"189","time":1574430511151,"group":{"id":"system.java","version":"1"},"event":{"state":true,"data":{"created":1574430511314},"id":"invoked"}}
{"recorder_version":"21","session":"f9367b2f8702","build":"192.6262.58","bucket":"189","time":1574430511172,"group":{"id":"system.os","version":"3"},"event":{"state":true,"data":{"created":1574430511315,"version":"10.14"},"id":"Mac"}}
{"recorder_version":"21","session":"f9367b2f8702","build":"192.6262.58","bucket":"189","time":1574430511172,"group":{"id":"system.os","version":"3"},"event":{"state":true,"data":{"created":1574430511315,"name":"Mac","version":"10.14"},"id":"os.name"}}
{"recorder_version":"21","session":"f9367b2f8702","build":"192.6262.58","bucket":"189","time":1574430511172,"group":{"id":"system.os","version":"3"},"event":{"state":true,"data":{"created":1574430511317,"value":"+09_00"},"id":"os.timezone"}}
{"recorder_version":"21","session":"f9367b2f8702","build":"192.6262.58","bucket":"189","time":1574430511172,"group":{"id":"system.os","version":"3"},"event":{"state":true,"data":{"created":1574430511318},"id":"invoked"}}
{"recorder_version":"21","session":"f9367b2f8702","build":"192.6262.58","bucket":"189","time":1574430511300,"group":{"id":"event.log","version":"21"},"event":{"count":1,"data":{"created":1574430511319,"version":"916.0"},"id":"whitelist.loaded"}}
{"recorder_version":"21","session":"f9367b2f8702","build":"192.6262.58","bucket":"189","time":1574430513405,"group":{"id":"settings","version":"4"},"event":{"state":true,"data":{"component":"UpdatesConfigurable","created":1574430513406,"name":"checkNeeded","type":"bool","value":false},"id":"not.default"}}
{"recorder_version":"21","session":"f9367b2f8702","build":"192.6262.58","bucket":"189","time":1574430513405,"group":{"id":"settings","version":"4"},"event":{"state":true,"data":{"component":"UpdatesConfigurable","created":1574430513407},"id":"invoked"}}
{"recorder_version":"21","session":"f9367b2f8702","build":"192.6262.58","bucket":"189","time":1574430513551,"group":{"id":"settings","version":"4"},"event":{"state":true,"data":{"component":"GeneralSettings","created":1574430513552,"name":"confirmExit","type":"bool","value":false},"id":"not.default"}}
{"recorder_version":"21","session":"f9367b2f8702","build":"192.6262.58","bucket":"189","time":1574430513551,"group":{"id":"settings","version":"4"},"event":{"state":true,"data":{"component":"GeneralSettings","created":1574430513554,"name":"showTipsOnStartup","type":"bool","value":false},"id":"not.default"}}
{"recorder_version":"21","session":"f9367b2f8702","build":"192.6262.58","bucket":"189","time":1574430513551,"group":{"id":"settings","version":"4"},"event":{"state":true,"data":{"component":"GeneralSettings","created":1574430513555},"id":"invoked"}}
{"recorder_version":"21","session":"f9367b2f8702","build":"192.6262.58","bucket":"189","time":1574430513560,"group":{"id":"lifecycle","version":"21"},"event":{"count":1,"data":{"internal":true,"eap":false,"created":1574430513561},"id":"ide.start"}}
{"recorder_version":"21","session":"f9367b2f8702","build":"192.6262.58","bucket":"189","time":1574430513874,"group":{"id":"lifecycle","version":"21"},"event":{"count":1,"data":{"created":1574430513874},"id":"frame.activated"}}
{"recorder_version":"21","session":"f9367b2f8702","build":"192.6262.58","bucket":"189","time":1574430514090,"group":{"id":"performance","version":"21"},"event":{"count":1,"data":{"duration_ms":1,"created":1574430514090},"id":"ui.latency"}}
{"recorder_version":"21","session":"f9367b2f8702","build":"192.6262.58","bucket":"189","time":1574430514350,"group":{"id":"ui.dialogs","version":"21"},"event":{"count":1,"data":{"created":1574430514351,"plugin_type":"PLATFORM","type":"show"},"id":"com.intellij.openapi.progress.util.ProgressDialog$MyDialogWrapper"}}
{"recorder_version":"21","session":"f9367b2f8702","build":"192.6262.58","bucket":"189","time":1574430515607,"group":{"id":"lifecycle","version":"21"},"event":{"count":1,"data":{"created":1574430515607,"project":"a0f12fb42952fc36a102045bdbb22ad1f15aa9443e9c675024683f4da70c8bc4"},"id":"project.opened"}}
{"recorder_version":"21","session":"f9367b2f8702","build":"192.6262.58","bucket":"189","time":1574430516307,"group":{"id":"performance","version":"21"},"event":{"count":1,"data":{"duration_ms":214,"created":1574430516307},"id":"ui.lagging"}}
{"recorder_version":"21","session":"f9367b2f8702","build":"192.6262.58","bucket":"189","time":1574430517562,"group":{"id":"settings","version":"4"},"event":{"state":true,"data":{"component":"XmlEditorOptions","created":1574430517562},"id":"invoked"}}
{"recorder_version":"21","session":"f9367b2f8702","build":"192.6262.58","bucket":"189","time":1574430517654,"group":{"id":"performance","version":"21"},"event":{"count":1,"data":{"duration_ms":556,"created":1574430517654},"id":"ui.lagging"}}
{"recorder_version":"21","session":"f9367b2f8702","build":"192.6262.58","bucket":"189","time":1574430517795,"group":{"id":"toolwindow","version":"21"},"event":{"count":1,"data":{"os":"Mac","created":1574430517795,"plugin_type":"PLATFORM"},"id":"Project"}}
{"recorder_version":"21","session":"f9367b2f8702","build":"192.6262.58","bucket":"189","time":1574430518260,"group":{"id":"performance","version":"21"},"event":{"count":1,"data":{"duration_ms":160,"created":1574430518260},"id":"ui.lagging"}}
{"recorder_version":"21","session":"f9367b2f8702","build":"192.6262.58","bucket":"189","time":1574430520283,"group":{"id":"performance","version":"21"},"event":{"count":1,"data":{"duration_ms":180,"created":1574430520283},"id":"ui.lagging"}}
{"recorder_version":"21","session":"f9367b2f8702","build":"192.6262.58","bucket":"189","time":1574430520426,"group":{"id":"project.fs","version":"1"},"event":{"state":true,"data":{"os":"Mac","cs-project":false,"created":1574430520426,"project":"a0f12fb42952fc36a102045bdbb22ad1f15aa9443e9c675024683f4da70c8bc4","cs-implicit":true,"cs-system":false},"id":"case-sensitivity"}}
{"recorder_version":"21","session":"f9367b2f8702","build":"192.6262.58","bucket":"189","time":1574430520426,"group":{"id":"project.fs","version":"1"},"event":{"state":true,"data":{"created":1574430520427},"id":"invoked"}}
{"recorder_version":"21","session":"f9367b2f8702","build":"192.6262.58","bucket":"189","time":1574430520428,"group":{"id":"project.fs","version":"1"},"event":{"state":true,"data":{"pct-non-watched":0,"created":1574430520428,"project":"a0f12fb42952fc36a102045bdbb22ad1f15aa9443e9c675024683f4da70c8bc4"},"id":"roots-watched"}}
{"recorder_version":"21","session":"f9367b2f8702","build":"192.6262.58","bucket":"189","time":1574430520428,"group":{"id":"project.fs","version":"1"},"event":{"state":true,"data":{"created":1574430520428},"id":"invoked"}}
{"recorder_version":"21","session":"f9367b2f8702","build":"192.6262.58","bucket":"189","time":1574430520453,"group":{"id":"ui.dialogs","version":"21"},"event":{"count":1,"data":{"code":1,"created":1574430520453,"plugin_type":"PLATFORM","type":"close"},"id":"com.intellij.openapi.progress.util.ProgressDialog$MyDialogWrapper"}}
{"recorder_version":"21","session":"f9367b2f8702","build":"192.6262.58","bucket":"189","time":1574430520666,"group":{"id":"lifecycle","version":"21"},"event":{"count":1,"data":{"duration_ms":6543,"created":1574430520666,"project":"a0f12fb42952fc36a102045bdbb22ad1f15aa9443e9c675024683f4da70c8bc4"},"id":"project.opening.finished"}}
{"recorder_version":"21","session":"f9367b2f8702","build":"192.6262.58","bucket":"189","time":1574430521209,"group":{"id":"productivity","version":"21"},"event":{"count":1,"data":{"created":1574430521209,"plugin_type":"PLATFORM"},"id":"ui.tree.speedsearch"}}
{"recorder_version":"21","session":"f9367b2f8702","build":"192.6262.58","bucket":"189","time":1574430521227,"group":{"id":"performance","version":"21"},"event":{"count":1,"data":{"duration_ms":122,"created":1574430521227},"id":"ui.lagging"}}
{"recorder_version":"21","session":"f9367b2f8702","build":"192.6262.58","bucket":"189","time":1574430521659,"group":{"id":"kotlin.jps.target","version":"1"},"event":{"count":1,"data":{"plugin_version":"1.3.41-release-IJ2019.2-1","created":1574430521660},"id":"jvm"}}
{"recorder_version":"21","session":"f9367b2f8702","build":"192.6262.58","bucket":"189","time":1574430522591,"group":{"id":"file.types.usage","version":"21"},"event":{"count":1,"data":{"plugin":"com.intellij.java","created":1574430522591,"plugin_type":"JB_BUNDLED","project":"a0f12fb42952fc36a102045bdbb22ad1f15aa9443e9c675024683f4da70c8bc4","type":"edit"},"id":"JAVA"}}
{"recorder_version":"21","session":"f9367b2f8702","build":"192.6262.58","bucket":"189","time":1574430536361,"group":{"id":"lifecycle","version":"21"},"event":{"count":1,"data":{"created":1574430536361,"project":"a0f12fb42952fc36a102045bdbb22ad1f15aa9443e9c675024683f4da70c8bc4"},"id":"frame.deactivated"}}
{"recorder_version":"21","session":"f9367b2f8702","build":"192.6262.58","bucket":"189","time":1574430614380,"group":{"id":"performance","version":"21"},"event":{"count":1,"data":{"duration_ms":1,"created":1574430614380},"id":"ui.latency"}}
{"recorder_version":"21","session":"f9367b2f8702","build":"192.6262.58","bucket":"189","time":1574430715067,"group":{"id":"performance","version":"21"},"event":{"count":1,"data":{"duration_ms":0,"created":1574430715068},"id":"ui.latency"}}
{"recorder_version":"21","session":"f9367b2f8702","build":"192.6262.58","bucket":"189","time":1574430950005,"group":{"id":"performance","version":"21"},"event":{"count":1,"data":{"duration_ms":0,"created":1574430950006},"id":"ui.latency"}}
{"recorder_version":"21","session":"f9367b2f8702","build":"192.6262.58","bucket":"189","time":1574431050616,"group":{"id":"performance","version":"21"},"event":{"count":1,"data":{"duration_ms":0,"created":1574431050616},"id":"ui.latency"}}
{"recorder_version":"21","session":"f9367b2f8702","build":"192.6262.58","bucket":"189","time":1574431054189,"group":{"id":"build.tools.actions","version":"1"},"event":{"count":1,"data":{"created":1574431054190},"id":"registered"}}
{"recorder_version":"21","session":"f9367b2f8702","build":"192.6262.58","bucket":"189","time":1574431054190,"group":{"id":"file.types.usage","version":"21"},"event":{"count":1,"data":{"created":1574431054190},"id":"registered"}}
{"recorder_version":"21","session":"f9367b2f8702","build":"192.6262.58","bucket":"189","time":1574431054190,"group":{"id":"ide.script.engine","version":"1"},"event":{"count":1,"data":{"created":1574431054190},"id":"registered"}}
{"recorder_version":"21","session":"f9367b2f8702","build":"192.6262.58","bucket":"189","time":1574431054190,"group":{"id":"actions.runAnything","version":"1"},"event":{"count":1,"data":{"created":1574431054190},"id":"registered"}}
{"recorder_version":"21","session":"f9367b2f8702","build":"192.6262.58","bucket":"189","time":1574431054190,"group":{"id":"toolwindow","version":"21"},"event":{"count":1,"data":{"created":1574431054190},"id":"registered"}}
{"recorder_version":"21","session":"f9367b2f8702","build":"192.6262.58","bucket":"189","time":1574431054190,"group":{"id":"kotlin.ide.newFileTempl","version":"1"},"event":{"count":1,"data":{"created":1574431054191},"id":"registered"}}
{"recorder_version":"21","session":"f9367b2f8702","build":"192.6262.58","bucket":"189","time":1574431054190,"group":{"id":"live.templates","version":"21"},"event":{"count":1,"data":{"created":1574431054191},"id":"registered"}}
{"recorder_version":"21","session":"f9367b2f8702","build":"192.6262.58","bucket":"189","time":1574431054190,"group":{"id":"ide.self.update","version":"2"},"event":{"count":1,"data":{"created":1574431054191},"id":"registered"}}
{"recorder_version":"21","session":"f9367b2f8702","build":"192.6262.58","bucket":"189","time":1574431054190,"group":{"id":"ui.settings","version":"21"},"event":{"count":1,"data":{"created":1574431054191},"id":"registered"}}
{"recorder_version":"21","session":"f9367b2f8702","build":"192.6262.58","bucket":"189","time":1574431054190,"group":{"id":"lifecycle","version":"21"},"event":{"count":1,"data":{"created":1574431054191},"id":"registered"}}
{"recorder_version":"21","session":"f9367b2f8702","build":"192.6262.58","bucket":"189","time":1574431054190,"group":{"id":"vcs.diff.trigger","version":"1"},"event":{"count":1,"data":{"created":1574431054191},"id":"registered"}}
{"recorder_version":"21","session":"f9367b2f8702","build":"192.6262.58","bucket":"189","time":1574431054190,"group":{"id":"vcs.log.trigger","version":"2"},"event":{"count":1,"data":{"created":1574431054191},"id":"registered"}}
{"recorder_version":"21","session":"f9367b2f8702","build":"192.6262.58","bucket":"189","time":1574431054190,"group":{"id":"productivity","version":"21"},"event":{"count":1,"data":{"created":1574431054192},"id":"registered"}}
{"recorder_version":"21","session":"f9367b2f8702","build":"192.6262.58","bucket":"189","time":1574431054190,"group":{"id":"debugger.breakpoints.usage","version":"2"},"event":{"count":1,"data":{"created":1574431054192},"id":"registered"}}
{"recorder_version":"21","session":"f9367b2f8702","build":"192.6262.58","bucket":"189","time":1574431054190,"group":{"id":"kotlin.gradle.library","version":"1"},"event":{"count":1,"data":{"created":1574431054192},"id":"registered"}}
{"recorder_version":"21","session":"f9367b2f8702","build":"192.6262.58","bucket":"189","time":1574431054190,"group":{"id":"find","version":"1"},"event":{"count":1,"data":{"created":1574431054193},"id":"registered"}}
{"recorder_version":"21","session":"f9367b2f8702","build":"192.6262.58","bucket":"189","time":1574431054190,"group":{"id":"kotlin.gradle.target","version":"1"},"event":{"count":1,"data":{"created":1574431054193},"id":"registered"}}
{"recorder_version":"21","session":"f9367b2f8702","build":"192.6262.58","bucket":"189","time":1574431054190,"group":{"id":"gutter.icon.click","version":"1"},"event":{"count":1,"data":{"created":1574431054193},"id":"registered"}}
{"recorder_version":"21","session":"f9367b2f8702","build":"192.6262.58","bucket":"189","time":1574431054190,"group":{"id":"shell.script","version":"1"},"event":{"count":1,"data":{"created":1574431054194},"id":"registered"}}
{"recorder_version":"21","session":"f9367b2f8702","build":"192.6262.58","bucket":"189","time":1574431054190,"group":{"id":"kotlin.ide.debugger.eval","version":"1"},"event":{"count":1,"data":{"created":1574431054194},"id":"registered"}}
{"recorder_version":"21","session":"f9367b2f8702","build":"192.6262.58","bucket":"189","time":1574431054190,"group":{"id":"build.maven.actions","version":"1"},"event":{"count":1,"data":{"created":1574431054194},"id":"registered"}}
{"recorder_version":"21","session":"f9367b2f8702","build":"192.6262.58","bucket":"189","time":1574431054190,"group":{"id":"ui.event","version":"1"},"event":{"count":1,"data":{"created":1574431054194},"id":"registered"}}
{"recorder_version":"21","session":"f9367b2f8702","build":"192.6262.58","bucket":"189","time":1574431054190,"group":{"id":"new.project.wizard","version":"1"},"event":{"count":1,"data":{"created":1574431054195},"id":"registered"}}
{"recorder_version":"21","session":"f9367b2f8702","build":"192.6262.58","bucket":"189","time":1574431054190,"group":{"id":"kotlin.ide.npwizards","version":"1"},"event":{"count":1,"data":{"created":1574431054195},"id":"registered"}}
{"recorder_version":"21","session":"f9367b2f8702","build":"192.6262.58","bucket":"189","time":1574431054190,"group":{"id":"intentions","version":"21"},"event":{"count":1,"data":{"created":1574431054195},"id":"registered"}}
{"recorder_version":"21","session":"f9367b2f8702","build":"192.6262.58","bucket":"189","time":1574431054190,"group":{"id":"ui.dialogs","version":"21"},"event":{"count":1,"data":{"created":1574431054195},"id":"registered"}}
{"recorder_version":"21","session":"f9367b2f8702","build":"192.6262.58","bucket":"189","time":1574431054190,"group":{"id":"vcs.back.forward.trigger","version":"1"},"event":{"count":1,"data":{"created":1574431054195},"id":"registered"}}
{"recorder_version":"21","session":"f9367b2f8702","build":"192.6262.58","bucket":"189","time":1574431054190,"group":{"id":"vcs.change.reminder","version":"1"},"event":{"count":1,"data":{"created":1574431054196},"id":"registered"}}
{"recorder_version":"21","session":"f9367b2f8702","build":"192.6262.58","bucket":"189","time":1574431054190,"group":{"id":"toolbar","version":"21"},"event":{"count":1,"data":{"created":1574431054196},"id":"registered"}}
{"recorder_version":"21","session":"f9367b2f8702","build":"192.6262.58","bucket":"189","time":1574431054190,"group":{"id":"build.gradle.actions","version":"1"},"event":{"count":1,"data":{"created":1574431054196},"id":"registered"}}
{"recorder_version":"21","session":"f9367b2f8702","build":"192.6262.58","bucket":"189","time":1574431054190,"group":{"id":"kotlin.maven.target","version":"1"},"event":{"count":1,"data":{"created":1574431054196},"id":"registered"}}
{"recorder_version":"21","session":"f9367b2f8702","build":"192.6262.58","bucket":"189","time":1574431054190,"group":{"id":"performance","version":"21"},"event":{"count":1,"data":{"created":1574431054197},"id":"registered"}}
{"recorder_version":"21","session":"f9367b2f8702","build":"192.6262.58","bucket":"189","time":1574431054190,"group":{"id":"searchEverywhere","version":"1"},"event":{"count":1,"data":{"created":1574431054197},"id":"registered"}}
{"recorder_version":"21","session":"f9367b2f8702","build":"192.6262.58","bucket":"189","time":1574431054190,"group":{"id":"kotlin.ide.action.refactoring","version":"1"},"event":{"count":1,"data":{"created":1574431054197},"id":"registered"}}
{"recorder_version":"21","session":"f9367b2f8702","build":"192.6262.58","bucket":"189","time":1574431054190,"group":{"id":"ui.tips","version":"2"},"event":{"count":1,"data":{"created":1574431054197},"id":"registered"}}
{"recorder_version":"21","session":"f9367b2f8702","build":"192.6262.58","bucket":"189","time":1574431054190,"group":{"id":"surround.with","version":"1"},"event":{"count":1,"data":{"created":1574431054197},"id":"registered"}}
{"recorder_version":"21","session":"f9367b2f8702","build":"192.6262.58","bucket":"189","time":1574431054190,"group":{"id":"import.old.config","version":"1"},"event":{"count":1,"data":{"created":1574431054197},"id":"registered"}}
{"recorder_version":"21","session":"f9367b2f8702","build":"192.6262.58","bucket":"189","time":1574431054190,"group":{"id":"json.schema","version":"1"},"event":{"count":1,"data":{"created":1574431054198},"id":"registered"}}
{"recorder_version":"21","session":"f9367b2f8702","build":"192.6262.58","bucket":"189","time":1574431054190,"group":{"id":"kotlin.jps.target","version":"1"},"event":{"count":1,"data":{"created":1574431054198},"id":"registered"}}
{"recorder_version":"21","session":"f9367b2f8702","build":"192.6262.58","bucket":"189","time":1574431054190,"group":{"id":"terminalShell","version":"1"},"event":{"count":1,"data":{"created":1574431054198},"id":"registered"}}
{"recorder_version":"21","session":"f9367b2f8702","build":"192.6262.58","bucket":"189","time":1574431054190,"group":{"id":"completion.postfix","version":"21"},"event":{"count":1,"data":{"created":1574431054198},"id":"registered"}}
{"recorder_version":"21","session":"f9367b2f8702","build":"192.6262.58","bucket":"189","time":1574431054190,"group":{"id":"build.ant.actions","version":"1"},"event":{"count":1,"data":{"created":1574431054198},"id":"registered"}}
{"recorder_version":"21","session":"f9367b2f8702","build":"192.6262.58","bucket":"189","time":1574431054190,"group":{"id":"actions","version":"21"},"event":{"count":1,"data":{"created":1574431054198},"id":"registered"}}
{"recorder_version":"21","session":"f9367b2f8702","build":"192.6262.58","bucket":"189","time":1574431054190,"group":{"id":"event.log","version":"21"},"event":{"count":1,"data":{"created":1574431054199},"id":"registered"}}
{"recorder_version":"21","session":"f9367b2f8702","build":"192.6262.58","bucket":"189","time":1574431054190,"group":{"id":"run.configuration.exec","version":"21"},"event":{"count":1,"data":{"created":1574431054199},"id":"registered"}}
{"recorder_version":"21","session":"f9367b2f8702","build":"192.6262.58","bucket":"189","time":1574431054190,"group":{"id":"build.maven.packagesearch","version":"2"},"event":{"count":1,"data":{"created":1574431054199},"id":"registered"}}
{"recorder_version":"21","session":"f9367b2f8702","build":"192.6262.58","bucket":"189","time":1574431150887,"group":{"id":"performance","version":"21"},"event":{"count":1,"data":{"duration_ms":1,"created":1574431150887},"id":"ui.latency"}}
{"recorder_version":"21","session":"f9367b2f8702","build":"192.6262.58","bucket":"189","time":1574431164535,"group":{"id":"lifecycle","version":"21"},"event":{"count":1,"data":{"created":1574431164535,"project":"a0f12fb42952fc36a102045bdbb22ad1f15aa9443e9c675024683f4da70c8bc4"},"id":"frame.activated"}}
{"recorder_version":"21","session":"f9367b2f8702","build":"192.6262.58","bucket":"189","time":1574431166190,"group":{"id":"file.types.usage","version":"21"},"event":{"count":1,"data":{"plugin":"com.intellij.java","created":1574431166190,"plugin_type":"JB_BUNDLED","project":"a0f12fb42952fc36a102045bdbb22ad1f15aa9443e9c675024683f4da70c8bc4","type":"edit"},"id":"JAVA"}}
{"recorder_version":"21","session":"f9367b2f8702","build":"192.6262.58","bucket":"189","time":1574431174338,"group":{"id":"lifecycle","version":"21"},"event":{"count":1,"data":{"created":1574431174338,"project":"a0f12fb42952fc36a102045bdbb22ad1f15aa9443e9c675024683f4da70c8bc4"},"id":"frame.deactivated"}}
{"recorder_version":"21","session":"f9367b2f8702","build":"192.6262.58","bucket":"189","time":1574431185237,"group":{"id":"performance","version":"21"},"event":{"count":1,"data":{"duration_ms":270,"created":1574431185237},"id":"ui.lagging"}}
{"recorder_version":"21","session":"f9367b2f8702","build":"192.6262.58","bucket":"189","time":1574431190313,"group":{"id":"lifecycle","version":"21"},"event":{"count":1,"data":{"created":1574431190313,"project":"a0f12fb42952fc36a102045bdbb22ad1f15aa9443e9c675024683f4da70c8bc4"},"id":"frame.activated"}}
{"recorder_version":"21","session":"f9367b2f8702","build":"192.6262.58","bucket":"189","time":1574431190954,"group":{"id":"lifecycle","version":"21"},"event":{"count":1,"data":{"restart":false,"created":1574431190954},"id":"ide.close"}}
{"recorder_version":"21","session":"f9367b2f8702","build":"192.6262.58","bucket":"189","time":1574431191000,"group":{"id":"lifecycle","version":"21"},"event":{"count":1,"data":{"created":1574431191000,"project":"a0f12fb42952fc36a102045bdbb22ad1f15aa9443e9c675024683f4da70c8bc4"},"id":"project.closed"}}
