{"recorder_version":"21","session":"a31a2fe3562a","build":"192.6262.58","bucket":"189","time":1574432999958,"group":{"id":"settings","version":"4"},"event":{"state":true,"data":{"component":"NotRoamableUiSettings","created":1574433000106},"id":"invoked"}}
{"recorder_version":"21","session":"a31a2fe3562a","build":"192.6262.58","bucket":"189","time":1574432999960,"group":{"id":"system.java","version":"1"},"event":{"state":true,"data":{"created":1574433000108,"version":"1.11"},"id":"JetBrains"}}
{"recorder_version":"21","session":"a31a2fe3562a","build":"192.6262.58","bucket":"189","time":1574432999960,"group":{"id":"settings","version":"4"},"event":{"state":true,"data":{"component":"UISettings","created":1574433000117},"id":"invoked"}}
{"recorder_version":"21","session":"a31a2fe3562a","build":"192.6262.58","bucket":"189","time":1574432999961,"group":{"id":"system.java","version":"1"},"event":{"state":true,"data":{"created":1574433000119},"id":"invoked"}}
{"recorder_version":"21","session":"a31a2fe3562a","build":"192.6262.58","bucket":"189","time":1574432999987,"group":{"id":"system.os","version":"3"},"event":{"state":true,"data":{"created":1574433000120,"version":"10.14"},"id":"Mac"}}
{"recorder_version":"21","session":"a31a2fe3562a","build":"192.6262.58","bucket":"189","time":1574432999987,"group":{"id":"system.os","version":"3"},"event":{"state":true,"data":{"created":1574433000121,"name":"Mac","version":"10.14"},"id":"os.name"}}
{"recorder_version":"21","session":"a31a2fe3562a","build":"192.6262.58","bucket":"189","time":1574432999987,"group":{"id":"system.os","version":"3"},"event":{"state":true,"data":{"created":1574433000123,"value":"+09_00"},"id":"os.timezone"}}
{"recorder_version":"21","session":"a31a2fe3562a","build":"192.6262.58","bucket":"189","time":1574432999987,"group":{"id":"system.os","version":"3"},"event":{"state":true,"data":{"created":1574433000124},"id":"invoked"}}
{"recorder_version":"21","session":"a31a2fe3562a","build":"192.6262.58","bucket":"189","time":1574433000106,"group":{"id":"event.log","version":"21"},"event":{"count":1,"data":{"created":1574433000125,"version":"916.0"},"id":"whitelist.loaded"}}
{"recorder_version":"21","session":"a31a2fe3562a","build":"192.6262.58","bucket":"189","time":1574433002378,"group":{"id":"settings","version":"4"},"event":{"state":true,"data":{"component":"UpdatesConfigurable","created":1574433002379,"name":"checkNeeded","type":"bool","value":false},"id":"not.default"}}
{"recorder_version":"21","session":"a31a2fe3562a","build":"192.6262.58","bucket":"189","time":1574433002378,"group":{"id":"settings","version":"4"},"event":{"state":true,"data":{"component":"UpdatesConfigurable","created":1574433002380},"id":"invoked"}}
{"recorder_version":"21","session":"a31a2fe3562a","build":"192.6262.58","bucket":"189","time":1574433002951,"group":{"id":"lifecycle","version":"21"},"event":{"count":1,"data":{"internal":true,"eap":false,"created":1574433002951},"id":"ide.start"}}
{"recorder_version":"21","session":"a31a2fe3562a","build":"192.6262.58","bucket":"189","time":1574433002956,"group":{"id":"settings","version":"4"},"event":{"state":true,"data":{"component":"GeneralSettings","created":1574433002956,"name":"confirmExit","type":"bool","value":false},"id":"not.default"}}
{"recorder_version":"21","session":"a31a2fe3562a","build":"192.6262.58","bucket":"189","time":1574433002956,"group":{"id":"settings","version":"4"},"event":{"state":true,"data":{"component":"GeneralSettings","created":1574433002957,"name":"showTipsOnStartup","type":"bool","value":false},"id":"not.default"}}
{"recorder_version":"21","session":"a31a2fe3562a","build":"192.6262.58","bucket":"189","time":1574433002956,"group":{"id":"settings","version":"4"},"event":{"state":true,"data":{"component":"GeneralSettings","created":1574433002959},"id":"invoked"}}
{"recorder_version":"21","session":"a31a2fe3562a","build":"192.6262.58","bucket":"189","time":1574433003114,"group":{"id":"performance","version":"21"},"event":{"count":1,"data":{"duration_ms":45,"created":1574433003114},"id":"ui.latency"}}
{"recorder_version":"21","session":"a31a2fe3562a","build":"192.6262.58","bucket":"189","time":1574433003623,"group":{"id":"settings","version":"4"},"event":{"state":true,"data":{"component":"XmlEditorOptions","created":1574433003623},"id":"invoked"}}
{"recorder_version":"21","session":"a31a2fe3562a","build":"192.6262.58","bucket":"189","time":1574433004747,"group":{"id":"ui.dialogs","version":"21"},"event":{"count":1,"data":{"created":1574433004748,"plugin_type":"PLATFORM","type":"show"},"id":"com.intellij.openapi.progress.util.ProgressDialog$MyDialogWrapper"}}
{"recorder_version":"21","session":"a31a2fe3562a","build":"192.6262.58","bucket":"189","time":1574433005676,"group":{"id":"lifecycle","version":"21"},"event":{"count":1,"data":{"created":1574433005676,"project":"a0f12fb42952fc36a102045bdbb22ad1f15aa9443e9c675024683f4da70c8bc4"},"id":"project.opened"}}
{"recorder_version":"21","session":"a31a2fe3562a","build":"192.6262.58","bucket":"189","time":1574433006273,"group":{"id":"performance","version":"21"},"event":{"count":1,"data":{"duration_ms":199,"created":1574433006273},"id":"ui.lagging"}}
{"recorder_version":"21","session":"a31a2fe3562a","build":"192.6262.58","bucket":"189","time":1574433007461,"group":{"id":"performance","version":"21"},"event":{"count":1,"data":{"duration_ms":387,"created":1574433007461},"id":"ui.lagging"}}
{"recorder_version":"21","session":"a31a2fe3562a","build":"192.6262.58","bucket":"189","time":1574433007559,"group":{"id":"toolwindow","version":"21"},"event":{"count":1,"data":{"os":"Mac","created":1574433007560,"plugin_type":"PLATFORM"},"id":"Project"}}
{"recorder_version":"21","session":"a31a2fe3562a","build":"192.6262.58","bucket":"189","time":1574433008186,"group":{"id":"performance","version":"21"},"event":{"count":1,"data":{"duration_ms":109,"created":1574433008187},"id":"ui.lagging"}}
{"recorder_version":"21","session":"a31a2fe3562a","build":"192.6262.58","bucket":"189","time":1574433009165,"group":{"id":"kotlin.jps.target","version":"1"},"event":{"count":1,"data":{"plugin_version":"1.3.41-release-IJ2019.2-1","created":1574433009166},"id":"jvm"}}
{"recorder_version":"21","session":"a31a2fe3562a","build":"192.6262.58","bucket":"189","time":1574433009297,"group":{"id":"project.fs","version":"1"},"event":{"state":true,"data":{"os":"Mac","cs-project":false,"created":1574433009297,"project":"a0f12fb42952fc36a102045bdbb22ad1f15aa9443e9c675024683f4da70c8bc4","cs-implicit":true,"cs-system":false},"id":"case-sensitivity"}}
{"recorder_version":"21","session":"a31a2fe3562a","build":"192.6262.58","bucket":"189","time":1574433009297,"group":{"id":"project.fs","version":"1"},"event":{"state":true,"data":{"created":1574433009297},"id":"invoked"}}
{"recorder_version":"21","session":"a31a2fe3562a","build":"192.6262.58","bucket":"189","time":1574433009298,"group":{"id":"project.fs","version":"1"},"event":{"state":true,"data":{"pct-non-watched":0,"created":1574433009298,"project":"a0f12fb42952fc36a102045bdbb22ad1f15aa9443e9c675024683f4da70c8bc4"},"id":"roots-watched"}}
{"recorder_version":"21","session":"a31a2fe3562a","build":"192.6262.58","bucket":"189","time":1574433009298,"group":{"id":"project.fs","version":"1"},"event":{"state":true,"data":{"created":1574433009298},"id":"invoked"}}
{"recorder_version":"21","session":"a31a2fe3562a","build":"192.6262.58","bucket":"189","time":1574433009422,"group":{"id":"ui.dialogs","version":"21"},"event":{"count":1,"data":{"code":1,"created":1574433009422,"plugin_type":"PLATFORM","type":"close"},"id":"com.intellij.openapi.progress.util.ProgressDialog$MyDialogWrapper"}}
{"recorder_version":"21","session":"a31a2fe3562a","build":"192.6262.58","bucket":"189","time":1574433009519,"group":{"id":"lifecycle","version":"21"},"event":{"count":1,"data":{"duration_ms":5033,"created":1574433009520,"project":"a0f12fb42952fc36a102045bdbb22ad1f15aa9443e9c675024683f4da70c8bc4"},"id":"project.opening.finished"}}
{"recorder_version":"21","session":"a31a2fe3562a","build":"192.6262.58","bucket":"189","time":1574433010790,"group":{"id":"file.types.usage","version":"21"},"event":{"count":1,"data":{"plugin":"com.intellij.java","created":1574433010790,"plugin_type":"JB_BUNDLED","project":"a0f12fb42952fc36a102045bdbb22ad1f15aa9443e9c675024683f4da70c8bc4","type":"edit"},"id":"JAVA"}}
{"recorder_version":"21","session":"a31a2fe3562a","build":"192.6262.58","bucket":"189","time":1574433030820,"group":{"id":"actions","version":"21"},"event":{"count":3,"data":{"context_menu":false,"last":1574433031145,"created":1574433030820,"plugin_type":"PLATFORM","project":"a0f12fb42952fc36a102045bdbb22ad1f15aa9443e9c675024683f4da70c8bc4","place":"keyboard_shortcut","class":"com.intellij.openapi.editor.actions.BackspaceAction","input_event":"Backspace"},"id":"EditorBackSpace"}}
{"recorder_version":"21","session":"a31a2fe3562a","build":"192.6262.58","bucket":"189","time":1574433035384,"group":{"id":"lifecycle","version":"21"},"event":{"count":1,"data":{"created":1574433035384,"project":"a0f12fb42952fc36a102045bdbb22ad1f15aa9443e9c675024683f4da70c8bc4"},"id":"frame.deactivated"}}
{"recorder_version":"21","session":"a31a2fe3562a","build":"192.6262.58","bucket":"189","time":1574433037938,"group":{"id":"lifecycle","version":"21"},"event":{"count":1,"data":{"created":1574433037938,"project":"a0f12fb42952fc36a102045bdbb22ad1f15aa9443e9c675024683f4da70c8bc4"},"id":"frame.activated"}}
{"recorder_version":"21","session":"a31a2fe3562a","build":"192.6262.58","bucket":"189","time":1574433038821,"group":{"id":"lifecycle","version":"21"},"event":{"count":1,"data":{"created":1574433038821,"project":"a0f12fb42952fc36a102045bdbb22ad1f15aa9443e9c675024683f4da70c8bc4"},"id":"frame.deactivated"}}
{"recorder_version":"21","session":"a31a2fe3562a","build":"192.6262.58","bucket":"189","time":1574433054998,"group":{"id":"lifecycle","version":"21"},"event":{"count":1,"data":{"created":1574433054998,"project":"a0f12fb42952fc36a102045bdbb22ad1f15aa9443e9c675024683f4da70c8bc4"},"id":"frame.activated"}}
{"recorder_version":"21","session":"a31a2fe3562a","build":"192.6262.58","bucket":"189","time":1574433055631,"group":{"id":"lifecycle","version":"21"},"event":{"count":1,"data":{"restart":false,"created":1574433055632},"id":"ide.close"}}
{"recorder_version":"21","session":"a31a2fe3562a","build":"192.6262.58","bucket":"189","time":1574433055719,"group":{"id":"lifecycle","version":"21"},"event":{"count":1,"data":{"created":1574433055720,"project":"a0f12fb42952fc36a102045bdbb22ad1f15aa9443e9c675024683f4da70c8bc4"},"id":"project.closed"}}
