{"recorder_version":"21","session":"9c84b1a9dd09","build":"192.6262.58","bucket":"189","time":1574816561696,"group":{"id":"settings","version":"4"},"event":{"state":true,"data":{"component":"NotRoamableUiSettings","created":1574816561879},"id":"invoked"}}
{"recorder_version":"21","session":"9c84b1a9dd09","build":"192.6262.58","bucket":"189","time":1574816561698,"group":{"id":"system.java","version":"1"},"event":{"state":true,"data":{"created":1574816561882,"version":"1.11"},"id":"JetBrains"}}
{"recorder_version":"21","session":"9c84b1a9dd09","build":"192.6262.58","bucket":"189","time":1574816561698,"group":{"id":"system.java","version":"1"},"event":{"state":true,"data":{"created":1574816561896},"id":"invoked"}}
{"recorder_version":"21","session":"9c84b1a9dd09","build":"192.6262.58","bucket":"189","time":1574816561699,"group":{"id":"settings","version":"4"},"event":{"state":true,"data":{"component":"UISettings","created":1574816561897},"id":"invoked"}}
{"recorder_version":"21","session":"9c84b1a9dd09","build":"192.6262.58","bucket":"189","time":1574816561721,"group":{"id":"system.os","version":"3"},"event":{"state":true,"data":{"created":1574816561898,"version":"10.14"},"id":"Mac"}}
{"recorder_version":"21","session":"9c84b1a9dd09","build":"192.6262.58","bucket":"189","time":1574816561721,"group":{"id":"system.os","version":"3"},"event":{"state":true,"data":{"created":1574816561899,"name":"Mac","version":"10.14"},"id":"os.name"}}
{"recorder_version":"21","session":"9c84b1a9dd09","build":"192.6262.58","bucket":"189","time":1574816561721,"group":{"id":"system.os","version":"3"},"event":{"state":true,"data":{"created":1574816561900,"value":"+09_00"},"id":"os.timezone"}}
{"recorder_version":"21","session":"9c84b1a9dd09","build":"192.6262.58","bucket":"189","time":1574816561721,"group":{"id":"system.os","version":"3"},"event":{"state":true,"data":{"created":1574816561901},"id":"invoked"}}
{"recorder_version":"21","session":"9c84b1a9dd09","build":"192.6262.58","bucket":"189","time":1574816561879,"group":{"id":"event.log","version":"21"},"event":{"count":1,"data":{"created":1574816561902,"version":"930.0"},"id":"whitelist.loaded"}}
{"recorder_version":"21","session":"9c84b1a9dd09","build":"192.6262.58","bucket":"189","time":1574816564216,"group":{"id":"settings","version":"4"},"event":{"state":true,"data":{"component":"UpdatesConfigurable","created":1574816564216,"name":"checkNeeded","type":"bool","value":false},"id":"not.default"}}
{"recorder_version":"21","session":"9c84b1a9dd09","build":"192.6262.58","bucket":"189","time":1574816564216,"group":{"id":"settings","version":"4"},"event":{"state":true,"data":{"component":"UpdatesConfigurable","created":1574816564217},"id":"invoked"}}
{"recorder_version":"21","session":"9c84b1a9dd09","build":"192.6262.58","bucket":"189","time":1574816564329,"group":{"id":"settings","version":"4"},"event":{"state":true,"data":{"component":"GeneralSettings","created":1574816564329,"name":"confirmExit","type":"bool","value":false},"id":"not.default"}}
{"recorder_version":"21","session":"9c84b1a9dd09","build":"192.6262.58","bucket":"189","time":1574816564329,"group":{"id":"settings","version":"4"},"event":{"state":true,"data":{"component":"GeneralSettings","created":1574816564331,"name":"showTipsOnStartup","type":"bool","value":false},"id":"not.default"}}
{"recorder_version":"21","session":"9c84b1a9dd09","build":"192.6262.58","bucket":"189","time":1574816564329,"group":{"id":"settings","version":"4"},"event":{"state":true,"data":{"component":"GeneralSettings","created":1574816564333},"id":"invoked"}}
{"recorder_version":"21","session":"9c84b1a9dd09","build":"192.6262.58","bucket":"189","time":1574816564336,"group":{"id":"lifecycle","version":"21"},"event":{"count":1,"data":{"internal":true,"eap":false,"created":1574816564336},"id":"ide.start"}}
{"recorder_version":"21","session":"9c84b1a9dd09","build":"192.6262.58","bucket":"189","time":1574816564593,"group":{"id":"lifecycle","version":"21"},"event":{"count":1,"data":{"created":1574816564593},"id":"frame.activated"}}
{"recorder_version":"21","session":"9c84b1a9dd09","build":"192.6262.58","bucket":"189","time":1574816564909,"group":{"id":"performance","version":"21"},"event":{"count":1,"data":{"duration_ms":0,"created":1574816564910},"id":"ui.latency"}}
{"recorder_version":"21","session":"9c84b1a9dd09","build":"192.6262.58","bucket":"189","time":1574816565045,"group":{"id":"ui.dialogs","version":"21"},"event":{"count":1,"data":{"created":1574816565046,"plugin_type":"PLATFORM","type":"show"},"id":"com.intellij.openapi.progress.util.ProgressDialog$MyDialogWrapper"}}
{"recorder_version":"21","session":"9c84b1a9dd09","build":"192.6262.58","bucket":"189","time":1574816565998,"group":{"id":"lifecycle","version":"21"},"event":{"count":1,"data":{"created":1574816565999,"project":"92ddc83aceaa9edad1485397ccc1680a8fd16623aa2c155379eac4aafdb2a559"},"id":"project.opened"}}
{"recorder_version":"21","session":"9c84b1a9dd09","build":"192.6262.58","bucket":"189","time":1574816567623,"group":{"id":"settings","version":"4"},"event":{"state":true,"data":{"component":"XmlEditorOptions","created":1574816567623},"id":"invoked"}}
{"recorder_version":"21","session":"9c84b1a9dd09","build":"192.6262.58","bucket":"189","time":1574816567886,"group":{"id":"toolwindow","version":"21"},"event":{"count":1,"data":{"os":"Mac","created":1574816567886,"plugin_type":"PLATFORM"},"id":"Project"}}
{"recorder_version":"21","session":"9c84b1a9dd09","build":"192.6262.58","bucket":"189","time":1574816568223,"group":{"id":"performance","version":"21"},"event":{"count":1,"data":{"duration_ms":309,"created":1574816568223},"id":"ui.lagging"}}
{"recorder_version":"21","session":"9c84b1a9dd09","build":"192.6262.58","bucket":"189","time":1574816569914,"group":{"id":"project.fs","version":"1"},"event":{"state":true,"data":{"os":"Mac","cs-project":false,"created":1574816569915,"project":"92ddc83aceaa9edad1485397ccc1680a8fd16623aa2c155379eac4aafdb2a559","cs-implicit":true,"cs-system":false},"id":"case-sensitivity"}}
{"recorder_version":"21","session":"9c84b1a9dd09","build":"192.6262.58","bucket":"189","time":1574816569914,"group":{"id":"project.fs","version":"1"},"event":{"state":true,"data":{"created":1574816569915},"id":"invoked"}}
{"recorder_version":"21","session":"9c84b1a9dd09","build":"192.6262.58","bucket":"189","time":1574816569916,"group":{"id":"project.fs","version":"1"},"event":{"state":true,"data":{"pct-non-watched":0,"created":1574816569916,"project":"92ddc83aceaa9edad1485397ccc1680a8fd16623aa2c155379eac4aafdb2a559"},"id":"roots-watched"}}
{"recorder_version":"21","session":"9c84b1a9dd09","build":"192.6262.58","bucket":"189","time":1574816569916,"group":{"id":"project.fs","version":"1"},"event":{"state":true,"data":{"created":1574816569917},"id":"invoked"}}
{"recorder_version":"21","session":"9c84b1a9dd09","build":"192.6262.58","bucket":"189","time":1574816569979,"group":{"id":"ui.dialogs","version":"21"},"event":{"count":1,"data":{"code":1,"created":1574816569979,"plugin_type":"PLATFORM","type":"close"},"id":"com.intellij.openapi.progress.util.ProgressDialog$MyDialogWrapper"}}
{"recorder_version":"21","session":"9c84b1a9dd09","build":"192.6262.58","bucket":"189","time":1574816570136,"group":{"id":"lifecycle","version":"21"},"event":{"count":1,"data":{"duration_ms":5339,"created":1574816570136,"project":"92ddc83aceaa9edad1485397ccc1680a8fd16623aa2c155379eac4aafdb2a559"},"id":"project.opening.finished"}}
{"recorder_version":"21","session":"9c84b1a9dd09","build":"192.6262.58","bucket":"189","time":1574816571949,"group":{"id":"file.types.usage","version":"21"},"event":{"count":1,"data":{"created":1574816571949,"plugin_type":"PLATFORM","project":"92ddc83aceaa9edad1485397ccc1680a8fd16623aa2c155379eac4aafdb2a559","type":"edit"},"id":"IDEA_MODULE"}}
{"recorder_version":"21","session":"9c84b1a9dd09","build":"192.6262.58","bucket":"189","time":1574816572234,"group":{"id":"kotlin.jps.target","version":"1"},"event":{"count":1,"data":{"plugin_version":"validation.undefined_rule","created":1574816572234},"id":"validation.undefined_rule"}}
{"recorder_version":"21","session":"9c84b1a9dd09","build":"192.6262.58","bucket":"189","time":1574816577169,"group":{"id":"actions","version":"21"},"event":{"count":2,"data":{"context_menu":false,"last":1574816583160,"current_file":"TEXT","created":1574816577169,"plugin_type":"PLATFORM","project":"92ddc83aceaa9edad1485397ccc1680a8fd16623aa2c155379eac4aafdb2a559","place":"keyboard_shortcut","class":"com.intellij.openapi.editor.actions.BackspaceAction","input_event":"Backspace"},"id":"EditorBackSpace"}}
{"recorder_version":"21","session":"9c84b1a9dd09","build":"192.6262.58","bucket":"189","time":1574816593389,"group":{"id":"actions","version":"21"},"event":{"count":2,"data":{"context_menu":false,"last":1574816597133,"current_file":"TEXT","created":1574816593389,"plugin_type":"PLATFORM","project":"92ddc83aceaa9edad1485397ccc1680a8fd16623aa2c155379eac4aafdb2a559","place":"keyboard_shortcut","class":"com.intellij.openapi.editor.actions.BackspaceAction","input_event":"Backspace"},"id":"EditorBackSpace"}}
{"recorder_version":"21","session":"9c84b1a9dd09","build":"192.6262.58","bucket":"189","time":1574816623290,"group":{"id":"actions","version":"21"},"event":{"count":2,"data":{"context_menu":false,"last":1574816626227,"current_file":"TEXT","created":1574816623291,"plugin_type":"PLATFORM","project":"92ddc83aceaa9edad1485397ccc1680a8fd16623aa2c155379eac4aafdb2a559","place":"keyboard_shortcut","class":"com.intellij.openapi.editor.actions.BackspaceAction","input_event":"Backspace"},"id":"EditorBackSpace"}}
{"recorder_version":"21","session":"9c84b1a9dd09","build":"192.6262.58","bucket":"189","time":1574816626571,"group":{"id":"actions","version":"21"},"event":{"count":3,"data":{"context_menu":false,"last":1574816627339,"current_file":"TEXT","created":1574816626571,"plugin_type":"PLATFORM","project":"92ddc83aceaa9edad1485397ccc1680a8fd16623aa2c155379eac4aafdb2a559","place":"keyboard_shortcut","class":"com.intellij.openapi.editor.actions.EnterAction","input_event":"Enter"},"id":"EditorEnter"}}
{"recorder_version":"21","session":"9c84b1a9dd09","build":"192.6262.58","bucket":"189","time":1574816638645,"group":{"id":"file.types.usage","version":"21"},"event":{"count":1,"data":{"created":1574816638645,"plugin_type":"PLATFORM","project":"92ddc83aceaa9edad1485397ccc1680a8fd16623aa2c155379eac4aafdb2a559","type":"edit"},"id":"IDEA_MODULE"}}
{"recorder_version":"21","session":"9c84b1a9dd09","build":"192.6262.58","bucket":"189","time":1574816648858,"group":{"id":"actions","version":"21"},"event":{"count":2,"data":{"context_menu":false,"last":1574816650881,"current_file":"TEXT","created":1574816648858,"plugin_type":"PLATFORM","project":"92ddc83aceaa9edad1485397ccc1680a8fd16623aa2c155379eac4aafdb2a559","place":"keyboard_shortcut","class":"com.intellij.openapi.editor.actions.EscapeAction","input_event":"Escape"},"id":"EditorEscape"}}
{"recorder_version":"21","session":"9c84b1a9dd09","build":"192.6262.58","bucket":"189","time":1574816665131,"group":{"id":"performance","version":"21"},"event":{"count":1,"data":{"duration_ms":1,"created":1574816665132},"id":"ui.latency"}}
{"recorder_version":"21","session":"9c84b1a9dd09","build":"192.6262.58","bucket":"189","time":1574816667031,"group":{"id":"lifecycle","version":"21"},"event":{"count":1,"data":{"created":1574816667031,"project":"92ddc83aceaa9edad1485397ccc1680a8fd16623aa2c155379eac4aafdb2a559"},"id":"frame.deactivated"}}
{"recorder_version":"21","session":"9c84b1a9dd09","build":"192.6262.58","bucket":"189","time":1574816667414,"group":{"id":"performance","version":"21"},"event":{"count":1,"data":{"duration_ms":280,"created":1574816667414},"id":"ui.lagging"}}
{"recorder_version":"21","session":"9c84b1a9dd09","build":"192.6262.58","bucket":"189","time":1574816669206,"group":{"id":"lifecycle","version":"21"},"event":{"count":1,"data":{"created":1574816669207,"project":"92ddc83aceaa9edad1485397ccc1680a8fd16623aa2c155379eac4aafdb2a559"},"id":"frame.activated"}}
{"recorder_version":"21","session":"9c84b1a9dd09","build":"192.6262.58","bucket":"189","time":1574816669456,"group":{"id":"lifecycle","version":"21"},"event":{"count":1,"data":{"restart":false,"created":1574816669456},"id":"ide.close"}}
{"recorder_version":"21","session":"9c84b1a9dd09","build":"192.6262.58","bucket":"189","time":1574816669612,"group":{"id":"lifecycle","version":"21"},"event":{"count":1,"data":{"created":1574816669612,"project":"92ddc83aceaa9edad1485397ccc1680a8fd16623aa2c155379eac4aafdb2a559"},"id":"project.closed"}}
