{"recorder_version":"21","session":"176ed1ff749a","build":"192.6262.58","bucket":"189","time":1574810718578,"group":{"id":"settings","version":"4"},"event":{"state":true,"data":{"component":"NotRoamableUiSettings","created":1574810718743},"id":"invoked"}}
{"recorder_version":"21","session":"176ed1ff749a","build":"192.6262.58","bucket":"189","time":1574810718580,"group":{"id":"system.java","version":"1"},"event":{"state":true,"data":{"created":1574810718746,"version":"1.11"},"id":"JetBrains"}}
{"recorder_version":"21","session":"176ed1ff749a","build":"192.6262.58","bucket":"189","time":1574810718580,"group":{"id":"system.java","version":"1"},"event":{"state":true,"data":{"created":1574810718755},"id":"invoked"}}
{"recorder_version":"21","session":"176ed1ff749a","build":"192.6262.58","bucket":"189","time":1574810718581,"group":{"id":"settings","version":"4"},"event":{"state":true,"data":{"component":"UISettings","created":1574810718756},"id":"invoked"}}
{"recorder_version":"21","session":"176ed1ff749a","build":"192.6262.58","bucket":"189","time":1574810718601,"group":{"id":"system.os","version":"3"},"event":{"state":true,"data":{"created":1574810718757,"version":"10.14"},"id":"Mac"}}
{"recorder_version":"21","session":"176ed1ff749a","build":"192.6262.58","bucket":"189","time":1574810718601,"group":{"id":"system.os","version":"3"},"event":{"state":true,"data":{"created":1574810718758,"name":"Mac","version":"10.14"},"id":"os.name"}}
{"recorder_version":"21","session":"176ed1ff749a","build":"192.6262.58","bucket":"189","time":1574810718601,"group":{"id":"system.os","version":"3"},"event":{"state":true,"data":{"created":1574810718759,"value":"+09_00"},"id":"os.timezone"}}
{"recorder_version":"21","session":"176ed1ff749a","build":"192.6262.58","bucket":"189","time":1574810718601,"group":{"id":"system.os","version":"3"},"event":{"state":true,"data":{"created":1574810718760},"id":"invoked"}}
{"recorder_version":"21","session":"176ed1ff749a","build":"192.6262.58","bucket":"189","time":1574810718743,"group":{"id":"event.log","version":"21"},"event":{"count":1,"data":{"created":1574810718760,"version":"930.0"},"id":"whitelist.loaded"}}
{"recorder_version":"21","session":"176ed1ff749a","build":"192.6262.58","bucket":"189","time":1574810720971,"group":{"id":"settings","version":"4"},"event":{"state":true,"data":{"component":"UpdatesConfigurable","created":1574810720972,"name":"checkNeeded","type":"bool","value":false},"id":"not.default"}}
{"recorder_version":"21","session":"176ed1ff749a","build":"192.6262.58","bucket":"189","time":1574810720971,"group":{"id":"settings","version":"4"},"event":{"state":true,"data":{"component":"UpdatesConfigurable","created":1574810720977},"id":"invoked"}}
{"recorder_version":"21","session":"176ed1ff749a","build":"192.6262.58","bucket":"189","time":1574810721099,"group":{"id":"settings","version":"4"},"event":{"state":true,"data":{"component":"GeneralSettings","created":1574810721100,"name":"confirmExit","type":"bool","value":false},"id":"not.default"}}
{"recorder_version":"21","session":"176ed1ff749a","build":"192.6262.58","bucket":"189","time":1574810721099,"group":{"id":"settings","version":"4"},"event":{"state":true,"data":{"component":"GeneralSettings","created":1574810721103,"name":"showTipsOnStartup","type":"bool","value":false},"id":"not.default"}}
{"recorder_version":"21","session":"176ed1ff749a","build":"192.6262.58","bucket":"189","time":1574810721100,"group":{"id":"settings","version":"4"},"event":{"state":true,"data":{"component":"GeneralSettings","created":1574810721105},"id":"invoked"}}
{"recorder_version":"21","session":"176ed1ff749a","build":"192.6262.58","bucket":"189","time":1574810721107,"group":{"id":"lifecycle","version":"21"},"event":{"count":1,"data":{"internal":true,"eap":false,"created":1574810721108},"id":"ide.start"}}
{"recorder_version":"21","session":"176ed1ff749a","build":"192.6262.58","bucket":"189","time":1574810721415,"group":{"id":"lifecycle","version":"21"},"event":{"count":1,"data":{"created":1574810721415},"id":"frame.activated"}}
{"recorder_version":"21","session":"176ed1ff749a","build":"192.6262.58","bucket":"189","time":1574810721627,"group":{"id":"performance","version":"21"},"event":{"count":1,"data":{"duration_ms":1,"created":1574810721628},"id":"ui.latency"}}
{"recorder_version":"21","session":"176ed1ff749a","build":"192.6262.58","bucket":"189","time":1574810721924,"group":{"id":"ui.dialogs","version":"21"},"event":{"count":1,"data":{"created":1574810721925,"plugin_type":"PLATFORM","type":"show"},"id":"com.intellij.openapi.progress.util.ProgressDialog$MyDialogWrapper"}}
{"recorder_version":"21","session":"176ed1ff749a","build":"192.6262.58","bucket":"189","time":1574810722965,"group":{"id":"lifecycle","version":"21"},"event":{"count":1,"data":{"created":1574810722965,"project":"92ddc83aceaa9edad1485397ccc1680a8fd16623aa2c155379eac4aafdb2a559"},"id":"project.opened"}}
{"recorder_version":"21","session":"176ed1ff749a","build":"192.6262.58","bucket":"189","time":1574810724731,"group":{"id":"settings","version":"4"},"event":{"state":true,"data":{"component":"XmlEditorOptions","created":1574810724731},"id":"invoked"}}
{"recorder_version":"21","session":"176ed1ff749a","build":"192.6262.58","bucket":"189","time":1574810724811,"group":{"id":"performance","version":"21"},"event":{"count":1,"data":{"duration_ms":183,"created":1574810724811},"id":"ui.lagging"}}
{"recorder_version":"21","session":"176ed1ff749a","build":"192.6262.58","bucket":"189","time":1574810725003,"group":{"id":"toolwindow","version":"21"},"event":{"count":1,"data":{"os":"Mac","created":1574810725004,"plugin_type":"PLATFORM"},"id":"Project"}}
{"recorder_version":"21","session":"176ed1ff749a","build":"192.6262.58","bucket":"189","time":1574810727147,"group":{"id":"project.fs","version":"1"},"event":{"state":true,"data":{"os":"Mac","cs-project":false,"created":1574810727147,"project":"92ddc83aceaa9edad1485397ccc1680a8fd16623aa2c155379eac4aafdb2a559","cs-implicit":true,"cs-system":false},"id":"case-sensitivity"}}
{"recorder_version":"21","session":"176ed1ff749a","build":"192.6262.58","bucket":"189","time":1574810727147,"group":{"id":"project.fs","version":"1"},"event":{"state":true,"data":{"created":1574810727148},"id":"invoked"}}
{"recorder_version":"21","session":"176ed1ff749a","build":"192.6262.58","bucket":"189","time":1574810727148,"group":{"id":"project.fs","version":"1"},"event":{"state":true,"data":{"pct-non-watched":0,"created":1574810727148,"project":"92ddc83aceaa9edad1485397ccc1680a8fd16623aa2c155379eac4aafdb2a559"},"id":"roots-watched"}}
{"recorder_version":"21","session":"176ed1ff749a","build":"192.6262.58","bucket":"189","time":1574810727148,"group":{"id":"project.fs","version":"1"},"event":{"state":true,"data":{"created":1574810727148},"id":"invoked"}}
{"recorder_version":"21","session":"176ed1ff749a","build":"192.6262.58","bucket":"189","time":1574810727188,"group":{"id":"ui.dialogs","version":"21"},"event":{"count":1,"data":{"code":1,"created":1574810727189,"plugin_type":"PLATFORM","type":"close"},"id":"com.intellij.openapi.progress.util.ProgressDialog$MyDialogWrapper"}}
{"recorder_version":"21","session":"176ed1ff749a","build":"192.6262.58","bucket":"189","time":1574810727446,"group":{"id":"lifecycle","version":"21"},"event":{"count":1,"data":{"duration_ms":5801,"created":1574810727446,"project":"92ddc83aceaa9edad1485397ccc1680a8fd16623aa2c155379eac4aafdb2a559"},"id":"project.opening.finished"}}
{"recorder_version":"21","session":"176ed1ff749a","build":"192.6262.58","bucket":"189","time":1574810727886,"group":{"id":"performance","version":"21"},"event":{"count":1,"data":{"duration_ms":250,"created":1574810727886},"id":"ui.lagging"}}
{"recorder_version":"21","session":"176ed1ff749a","build":"192.6262.58","bucket":"189","time":1574810728375,"group":{"id":"kotlin.jps.target","version":"1"},"event":{"count":1,"data":{"plugin_version":"validation.undefined_rule","created":1574810728375},"id":"validation.undefined_rule"}}
{"recorder_version":"21","session":"176ed1ff749a","build":"192.6262.58","bucket":"189","time":1574810728579,"group":{"id":"file.types.usage","version":"21"},"event":{"count":1,"data":{"created":1574810728579,"plugin_type":"PLATFORM","project":"92ddc83aceaa9edad1485397ccc1680a8fd16623aa2c155379eac4aafdb2a559","type":"edit"},"id":"IDEA_MODULE"}}
{"recorder_version":"21","session":"176ed1ff749a","build":"192.6262.58","bucket":"189","time":1574810730998,"group":{"id":"actions","version":"21"},"event":{"count":5,"data":{"context_menu":false,"last":1574810753847,"current_file":"TEXT","created":1574810730998,"plugin_type":"PLATFORM","project":"92ddc83aceaa9edad1485397ccc1680a8fd16623aa2c155379eac4aafdb2a559","place":"keyboard_shortcut","class":"com.intellij.openapi.editor.actions.EnterAction","input_event":"Enter"},"id":"EditorEnter"}}
{"recorder_version":"21","session":"176ed1ff749a","build":"192.6262.58","bucket":"189","time":1574810765071,"group":{"id":"actions","version":"21"},"event":{"count":2,"data":{"context_menu":false,"last":1574810765879,"current_file":"TEXT","created":1574810765071,"plugin_type":"PLATFORM","project":"92ddc83aceaa9edad1485397ccc1680a8fd16623aa2c155379eac4aafdb2a559","place":"keyboard_shortcut","class":"com.intellij.openapi.editor.actions.EnterAction","input_event":"Enter"},"id":"EditorEnter"}}
{"recorder_version":"21","session":"176ed1ff749a","build":"192.6262.58","bucket":"189","time":1574810768750,"group":{"id":"lifecycle","version":"21"},"event":{"count":1,"data":{"created":1574810768751,"project":"92ddc83aceaa9edad1485397ccc1680a8fd16623aa2c155379eac4aafdb2a559"},"id":"frame.deactivated"}}
{"recorder_version":"21","session":"176ed1ff749a","build":"192.6262.58","bucket":"189","time":1574810768893,"group":{"id":"performance","version":"21"},"event":{"count":1,"data":{"duration_ms":137,"created":1574810768893},"id":"ui.lagging"}}
{"recorder_version":"21","session":"176ed1ff749a","build":"192.6262.58","bucket":"189","time":1574810784437,"group":{"id":"lifecycle","version":"21"},"event":{"count":1,"data":{"created":1574810784438,"project":"92ddc83aceaa9edad1485397ccc1680a8fd16623aa2c155379eac4aafdb2a559"},"id":"frame.activated"}}
{"recorder_version":"21","session":"176ed1ff749a","build":"192.6262.58","bucket":"189","time":1574810785844,"group":{"id":"lifecycle","version":"21"},"event":{"count":1,"data":{"restart":false,"created":1574810785845},"id":"ide.close"}}
{"recorder_version":"21","session":"176ed1ff749a","build":"192.6262.58","bucket":"189","time":1574810785920,"group":{"id":"lifecycle","version":"21"},"event":{"count":1,"data":{"created":1574810785920,"project":"92ddc83aceaa9edad1485397ccc1680a8fd16623aa2c155379eac4aafdb2a559"},"id":"project.closed"}}
