{"recorder_version":"21","session":"e8a4cab1af54","build":"192.6262.58","bucket":"189","time":1574868474297,"group":{"id":"settings","version":"4"},"event":{"state":true,"data":{"component":"NotRoamableUiSettings","created":1574868474461},"id":"invoked"}}
{"recorder_version":"21","session":"e8a4cab1af54","build":"192.6262.58","bucket":"189","time":1574868474299,"group":{"id":"system.java","version":"1"},"event":{"state":true,"data":{"created":1574868474463,"version":"1.11"},"id":"JetBrains"}}
{"recorder_version":"21","session":"e8a4cab1af54","build":"192.6262.58","bucket":"189","time":1574868474299,"group":{"id":"system.java","version":"1"},"event":{"state":true,"data":{"created":1574868474471},"id":"invoked"}}
{"recorder_version":"21","session":"e8a4cab1af54","build":"192.6262.58","bucket":"189","time":1574868474299,"group":{"id":"settings","version":"4"},"event":{"state":true,"data":{"component":"UISettings","created":1574868474471},"id":"invoked"}}
{"recorder_version":"21","session":"e8a4cab1af54","build":"192.6262.58","bucket":"189","time":1574868474321,"group":{"id":"system.os","version":"3"},"event":{"state":true,"data":{"created":1574868474472,"version":"10.14"},"id":"Mac"}}
{"recorder_version":"21","session":"e8a4cab1af54","build":"192.6262.58","bucket":"189","time":1574868474321,"group":{"id":"system.os","version":"3"},"event":{"state":true,"data":{"created":1574868474472,"name":"Mac","version":"10.14"},"id":"os.name"}}
{"recorder_version":"21","session":"e8a4cab1af54","build":"192.6262.58","bucket":"189","time":1574868474321,"group":{"id":"system.os","version":"3"},"event":{"state":true,"data":{"created":1574868474473,"value":"+09_00"},"id":"os.timezone"}}
{"recorder_version":"21","session":"e8a4cab1af54","build":"192.6262.58","bucket":"189","time":1574868474321,"group":{"id":"system.os","version":"3"},"event":{"state":true,"data":{"created":1574868474474},"id":"invoked"}}
{"recorder_version":"21","session":"e8a4cab1af54","build":"192.6262.58","bucket":"189","time":1574868474460,"group":{"id":"event.log","version":"21"},"event":{"count":1,"data":{"created":1574868474474,"version":"934.0"},"id":"whitelist.loaded"}}
{"recorder_version":"21","session":"e8a4cab1af54","build":"192.6262.58","bucket":"189","time":1574868476795,"group":{"id":"settings","version":"4"},"event":{"state":true,"data":{"component":"UpdatesConfigurable","created":1574868476795,"name":"checkNeeded","type":"bool","value":false},"id":"not.default"}}
{"recorder_version":"21","session":"e8a4cab1af54","build":"192.6262.58","bucket":"189","time":1574868476795,"group":{"id":"settings","version":"4"},"event":{"state":true,"data":{"component":"UpdatesConfigurable","created":1574868476796},"id":"invoked"}}
{"recorder_version":"21","session":"e8a4cab1af54","build":"192.6262.58","bucket":"189","time":1574868476920,"group":{"id":"settings","version":"4"},"event":{"state":true,"data":{"component":"GeneralSettings","created":1574868476921},"id":"invoked"}}
{"recorder_version":"21","session":"e8a4cab1af54","build":"192.6262.58","bucket":"189","time":1574868476931,"group":{"id":"lifecycle","version":"21"},"event":{"count":1,"data":{"internal":true,"eap":false,"created":1574868476931},"id":"ide.start"}}
{"recorder_version":"21","session":"e8a4cab1af54","build":"192.6262.58","bucket":"189","time":1574868477229,"group":{"id":"lifecycle","version":"21"},"event":{"count":1,"data":{"created":1574868477229},"id":"frame.activated"}}
{"recorder_version":"21","session":"e8a4cab1af54","build":"192.6262.58","bucket":"189","time":1574868477356,"group":{"id":"performance","version":"21"},"event":{"count":1,"data":{"duration_ms":98,"created":1574868477357},"id":"ui.latency"}}
{"recorder_version":"21","session":"e8a4cab1af54","build":"192.6262.58","bucket":"189","time":1574868477704,"group":{"id":"ui.dialogs","version":"21"},"event":{"count":1,"data":{"created":1574868477706,"plugin_type":"PLATFORM","type":"show"},"id":"com.intellij.openapi.progress.util.ProgressDialog$MyDialogWrapper"}}
{"recorder_version":"21","session":"e8a4cab1af54","build":"192.6262.58","bucket":"189","time":1574868478961,"group":{"id":"lifecycle","version":"21"},"event":{"count":1,"data":{"created":1574868478961,"project":"e4f0f910608be7238c2f8896780738edb4a2ae426dbe035f2ad7abddd9f913d1"},"id":"project.opened"}}
{"recorder_version":"21","session":"e8a4cab1af54","build":"192.6262.58","bucket":"189","time":1574868479653,"group":{"id":"performance","version":"21"},"event":{"count":1,"data":{"duration_ms":393,"created":1574868479653},"id":"ui.lagging"}}
{"recorder_version":"21","session":"e8a4cab1af54","build":"192.6262.58","bucket":"189","time":1574868480079,"group":{"id":"toolwindow","version":"21"},"event":{"count":1,"data":{"os":"Mac","created":1574868480082,"plugin_type":"NOT_LISTED"},"id":"third.party"}}
{"recorder_version":"21","session":"e8a4cab1af54","build":"192.6262.58","bucket":"189","time":1574868481036,"group":{"id":"performance","version":"21"},"event":{"count":1,"data":{"duration_ms":777,"created":1574868481037},"id":"ui.lagging"}}
{"recorder_version":"21","session":"e8a4cab1af54","build":"192.6262.58","bucket":"189","time":1574868481159,"group":{"id":"ui.tips","version":"2"},"event":{"count":1,"data":{"created":1574868481159,"type":"automatically"},"id":"dialog.shown"}}
{"recorder_version":"21","session":"e8a4cab1af54","build":"192.6262.58","bucket":"189","time":1574868481412,"group":{"id":"ui.dialogs","version":"21"},"event":{"count":1,"data":{"created":1574868481412,"plugin_type":"PLATFORM","type":"show"},"id":"com.intellij.ide.util.TipDialog"}}
{"recorder_version":"21","session":"e8a4cab1af54","build":"192.6262.58","bucket":"189","time":1574868481661,"group":{"id":"performance","version":"21"},"event":{"count":1,"data":{"duration_ms":401,"created":1574868481661},"id":"ui.lagging"}}
{"recorder_version":"21","session":"e8a4cab1af54","build":"192.6262.58","bucket":"189","time":1574868482688,"group":{"id":"kotlin.jps.target","version":"1"},"event":{"count":1,"data":{"plugin_version":"validation.undefined_rule","created":1574868482688},"id":"validation.undefined_rule"}}
{"recorder_version":"21","session":"e8a4cab1af54","build":"192.6262.58","bucket":"189","time":1574868482689,"group":{"id":"kotlin.maven.target","version":"1"},"event":{"count":1,"data":{"plugin_version":"validation.undefined_rule","created":1574868482689},"id":"validation.undefined_rule"}}
{"recorder_version":"21","session":"e8a4cab1af54","build":"192.6262.58","bucket":"189","time":1574868482689,"group":{"id":"kotlin.jps.target","version":"1"},"event":{"count":1,"data":{"plugin_version":"validation.undefined_rule","created":1574868482689},"id":"validation.undefined_rule"}}
{"recorder_version":"21","session":"e8a4cab1af54","build":"192.6262.58","bucket":"189","time":1574868482961,"group":{"id":"project.fs","version":"1"},"event":{"state":true,"data":{"os":"Mac","cs-project":false,"created":1574868482962,"project":"e4f0f910608be7238c2f8896780738edb4a2ae426dbe035f2ad7abddd9f913d1","cs-implicit":true,"cs-system":false},"id":"case-sensitivity"}}
{"recorder_version":"21","session":"e8a4cab1af54","build":"192.6262.58","bucket":"189","time":1574868482962,"group":{"id":"project.fs","version":"1"},"event":{"state":true,"data":{"created":1574868482963},"id":"invoked"}}
{"recorder_version":"21","session":"e8a4cab1af54","build":"192.6262.58","bucket":"189","time":1574868482963,"group":{"id":"project.fs","version":"1"},"event":{"state":true,"data":{"pct-non-watched":0,"created":1574868482963,"project":"e4f0f910608be7238c2f8896780738edb4a2ae426dbe035f2ad7abddd9f913d1"},"id":"roots-watched"}}
{"recorder_version":"21","session":"e8a4cab1af54","build":"192.6262.58","bucket":"189","time":1574868482963,"group":{"id":"project.fs","version":"1"},"event":{"state":true,"data":{"created":1574868482964},"id":"invoked"}}
{"recorder_version":"21","session":"e8a4cab1af54","build":"192.6262.58","bucket":"189","time":1574868483088,"group":{"id":"ui.dialogs","version":"21"},"event":{"count":1,"data":{"code":1,"created":1574868483088,"plugin_type":"PLATFORM","type":"close"},"id":"com.intellij.ide.util.TipDialog"}}
{"recorder_version":"21","session":"e8a4cab1af54","build":"192.6262.58","bucket":"189","time":1574868483125,"group":{"id":"settings","version":"4"},"event":{"state":true,"data":{"component":"XmlEditorOptions","created":1574868483125},"id":"invoked"}}
{"recorder_version":"21","session":"e8a4cab1af54","build":"192.6262.58","bucket":"189","time":1574868483181,"group":{"id":"ui.dialogs","version":"21"},"event":{"count":1,"data":{"code":1,"created":1574868483181,"plugin_type":"PLATFORM","type":"close"},"id":"com.intellij.openapi.progress.util.ProgressDialog$MyDialogWrapper"}}
{"recorder_version":"21","session":"e8a4cab1af54","build":"192.6262.58","bucket":"189","time":1574868483369,"group":{"id":"performance","version":"21"},"event":{"count":1,"data":{"duration_ms":106,"created":1574868483369},"id":"ui.lagging"}}
{"recorder_version":"21","session":"e8a4cab1af54","build":"192.6262.58","bucket":"189","time":1574868483434,"group":{"id":"lifecycle","version":"21"},"event":{"count":1,"data":{"duration_ms":6005,"created":1574868483434,"project":"e4f0f910608be7238c2f8896780738edb4a2ae426dbe035f2ad7abddd9f913d1"},"id":"project.opening.finished"}}
{"recorder_version":"21","session":"e8a4cab1af54","build":"192.6262.58","bucket":"189","time":1574868484683,"group":{"id":"vcs.change.reminder","version":"1"},"event":{"count":1,"data":{"created":1574868484683,"project":"e4f0f910608be7238c2f8896780738edb4a2ae426dbe035f2ad7abddd9f913d1","execution_time":254},"id":"prediction.calculated"}}
{"recorder_version":"21","session":"e8a4cab1af54","build":"192.6262.58","bucket":"189","time":1574868485158,"group":{"id":"vcs.change.reminder","version":"1"},"event":{"count":1,"data":{"created":1574868485158,"project":"e4f0f910608be7238c2f8896780738edb4a2ae426dbe035f2ad7abddd9f913d1","execution_time":57},"id":"prediction.calculated"}}
{"recorder_version":"21","session":"e8a4cab1af54","build":"192.6262.58","bucket":"189","time":1574868486302,"group":{"id":"toolwindow","version":"21"},"event":{"count":1,"data":{"os":"Mac","created":1574868486302,"plugin_type":"NOT_LISTED"},"id":"third.party"}}
{"recorder_version":"21","session":"e8a4cab1af54","build":"192.6262.58","bucket":"189","time":1574868501289,"group":{"id":"lifecycle","version":"21"},"event":{"count":1,"data":{"created":1574868501290,"project":"e4f0f910608be7238c2f8896780738edb4a2ae426dbe035f2ad7abddd9f913d1"},"id":"frame.deactivated"}}
{"recorder_version":"21","session":"e8a4cab1af54","build":"192.6262.58","bucket":"189","time":1574868501437,"group":{"id":"performance","version":"21"},"event":{"count":1,"data":{"duration_ms":131,"created":1574868501437},"id":"ui.lagging"}}
{"recorder_version":"21","session":"e8a4cab1af54","build":"192.6262.58","bucket":"189","time":1574868577522,"group":{"id":"performance","version":"21"},"event":{"count":1,"data":{"duration_ms":0,"created":1574868577522},"id":"ui.latency"}}
{"recorder_version":"21","session":"e8a4cab1af54","build":"192.6262.58","bucket":"189","time":1574868668668,"group":{"id":"lifecycle","version":"21"},"event":{"count":1,"data":{"created":1574868668668,"project":"e4f0f910608be7238c2f8896780738edb4a2ae426dbe035f2ad7abddd9f913d1"},"id":"frame.activated"}}
{"recorder_version":"21","session":"e8a4cab1af54","build":"192.6262.58","bucket":"189","time":1574868670470,"group":{"id":"lifecycle","version":"21"},"event":{"count":1,"data":{"restart":false,"created":1574868670470},"id":"ide.close"}}
{"recorder_version":"21","session":"e8a4cab1af54","build":"192.6262.58","bucket":"189","time":1574868670558,"group":{"id":"lifecycle","version":"21"},"event":{"count":1,"data":{"created":1574868670558,"project":"e4f0f910608be7238c2f8896780738edb4a2ae426dbe035f2ad7abddd9f913d1"},"id":"project.closed"}}
