{"recorder_version":"21","session":"a3c5cf3ba229","build":"192.6262.58","bucket":"189","time":1574883460667,"group":{"id":"settings","version":"4"},"event":{"state":true,"data":{"component":"NotRoamableUiSettings","created":1574883460823},"id":"invoked"}}
{"recorder_version":"21","session":"a3c5cf3ba229","build":"192.6262.58","bucket":"189","time":1574883460680,"group":{"id":"system.java","version":"1"},"event":{"state":true,"data":{"created":1574883460825,"version":"1.11"},"id":"JetBrains"}}
{"recorder_version":"21","session":"a3c5cf3ba229","build":"192.6262.58","bucket":"189","time":1574883460680,"group":{"id":"system.java","version":"1"},"event":{"state":true,"data":{"created":1574883460837},"id":"invoked"}}
{"recorder_version":"21","session":"a3c5cf3ba229","build":"192.6262.58","bucket":"189","time":1574883460680,"group":{"id":"settings","version":"4"},"event":{"state":true,"data":{"component":"UISettings","created":1574883460838},"id":"invoked"}}
{"recorder_version":"21","session":"a3c5cf3ba229","build":"192.6262.58","bucket":"189","time":1574883460698,"group":{"id":"system.os","version":"3"},"event":{"state":true,"data":{"created":1574883460839,"version":"10.14"},"id":"Mac"}}
{"recorder_version":"21","session":"a3c5cf3ba229","build":"192.6262.58","bucket":"189","time":1574883460698,"group":{"id":"system.os","version":"3"},"event":{"state":true,"data":{"created":1574883460840,"name":"Mac","version":"10.14"},"id":"os.name"}}
{"recorder_version":"21","session":"a3c5cf3ba229","build":"192.6262.58","bucket":"189","time":1574883460698,"group":{"id":"system.os","version":"3"},"event":{"state":true,"data":{"created":1574883460841,"value":"+09_00"},"id":"os.timezone"}}
{"recorder_version":"21","session":"a3c5cf3ba229","build":"192.6262.58","bucket":"189","time":1574883460698,"group":{"id":"system.os","version":"3"},"event":{"state":true,"data":{"created":1574883460841},"id":"invoked"}}
{"recorder_version":"21","session":"a3c5cf3ba229","build":"192.6262.58","bucket":"189","time":1574883460823,"group":{"id":"event.log","version":"21"},"event":{"count":1,"data":{"created":1574883460842,"version":"934.0"},"id":"whitelist.loaded"}}
{"recorder_version":"21","session":"a3c5cf3ba229","build":"192.6262.58","bucket":"189","time":1574883463046,"group":{"id":"settings","version":"4"},"event":{"state":true,"data":{"component":"UpdatesConfigurable","created":1574883463047,"name":"checkNeeded","type":"bool","value":false},"id":"not.default"}}
{"recorder_version":"21","session":"a3c5cf3ba229","build":"192.6262.58","bucket":"189","time":1574883463047,"group":{"id":"settings","version":"4"},"event":{"state":true,"data":{"component":"UpdatesConfigurable","created":1574883463048},"id":"invoked"}}
{"recorder_version":"21","session":"a3c5cf3ba229","build":"192.6262.58","bucket":"189","time":1574883463159,"group":{"id":"settings","version":"4"},"event":{"state":true,"data":{"component":"GeneralSettings","created":1574883463159},"id":"invoked"}}
{"recorder_version":"21","session":"a3c5cf3ba229","build":"192.6262.58","bucket":"189","time":1574883463165,"group":{"id":"lifecycle","version":"21"},"event":{"count":1,"data":{"internal":true,"eap":false,"created":1574883463166},"id":"ide.start"}}
{"recorder_version":"21","session":"a3c5cf3ba229","build":"192.6262.58","bucket":"189","time":1574883463590,"group":{"id":"performance","version":"21"},"event":{"count":1,"data":{"duration_ms":1,"created":1574883463590},"id":"ui.latency"}}
{"recorder_version":"21","session":"a3c5cf3ba229","build":"192.6262.58","bucket":"189","time":1574883463936,"group":{"id":"ui.dialogs","version":"21"},"event":{"count":1,"data":{"created":1574883463937,"plugin_type":"PLATFORM","type":"show"},"id":"com.intellij.openapi.progress.util.ProgressDialog$MyDialogWrapper"}}
{"recorder_version":"21","session":"a3c5cf3ba229","build":"192.6262.58","bucket":"189","time":1574883465206,"group":{"id":"lifecycle","version":"21"},"event":{"count":1,"data":{"created":1574883465206,"project":"4452600da3b350ab41d92ae108c2baae6ff0ac3ddb31bd67020ee046ec77ac09"},"id":"project.opened"}}
{"recorder_version":"21","session":"a3c5cf3ba229","build":"192.6262.58","bucket":"189","time":1574883465939,"group":{"id":"performance","version":"21"},"event":{"count":1,"data":{"duration_ms":346,"created":1574883465939},"id":"ui.lagging"}}
{"recorder_version":"21","session":"a3c5cf3ba229","build":"192.6262.58","bucket":"189","time":1574883467066,"group":{"id":"settings","version":"4"},"event":{"state":true,"data":{"component":"XmlEditorOptions","created":1574883467066},"id":"invoked"}}
{"recorder_version":"21","session":"a3c5cf3ba229","build":"192.6262.58","bucket":"189","time":1574883467120,"group":{"id":"performance","version":"21"},"event":{"count":1,"data":{"duration_ms":525,"created":1574883467121},"id":"ui.lagging"}}
{"recorder_version":"21","session":"a3c5cf3ba229","build":"192.6262.58","bucket":"189","time":1574883468196,"group":{"id":"performance","version":"21"},"event":{"count":1,"data":{"duration_ms":600,"created":1574883468196},"id":"ui.lagging"}}
{"recorder_version":"21","session":"a3c5cf3ba229","build":"192.6262.58","bucket":"189","time":1574883468488,"group":{"id":"lifecycle","version":"21"},"event":{"count":1,"data":{"created":1574883468489,"project":"4452600da3b350ab41d92ae108c2baae6ff0ac3ddb31bd67020ee046ec77ac09"},"id":"frame.activated"}}
{"recorder_version":"21","session":"a3c5cf3ba229","build":"192.6262.58","bucket":"189","time":1574883468780,"group":{"id":"ui.tips","version":"2"},"event":{"count":1,"data":{"created":1574883468780,"type":"automatically"},"id":"dialog.shown"}}
{"recorder_version":"21","session":"a3c5cf3ba229","build":"192.6262.58","bucket":"189","time":1574883468925,"group":{"id":"ui.dialogs","version":"21"},"event":{"count":1,"data":{"created":1574883468925,"plugin_type":"PLATFORM","type":"show"},"id":"com.intellij.ide.util.TipDialog"}}
{"recorder_version":"21","session":"a3c5cf3ba229","build":"192.6262.58","bucket":"189","time":1574883469170,"group":{"id":"performance","version":"21"},"event":{"count":1,"data":{"duration_ms":573,"created":1574883469170},"id":"ui.lagging"}}
{"recorder_version":"21","session":"a3c5cf3ba229","build":"192.6262.58","bucket":"189","time":1574883470057,"group":{"id":"project.fs","version":"1"},"event":{"state":true,"data":{"os":"Mac","cs-project":false,"created":1574883470069,"project":"4452600da3b350ab41d92ae108c2baae6ff0ac3ddb31bd67020ee046ec77ac09","cs-implicit":true,"cs-system":false},"id":"case-sensitivity"}}
{"recorder_version":"21","session":"a3c5cf3ba229","build":"192.6262.58","bucket":"189","time":1574883470057,"group":{"id":"project.fs","version":"1"},"event":{"state":true,"data":{"created":1574883470070},"id":"invoked"}}
{"recorder_version":"21","session":"a3c5cf3ba229","build":"192.6262.58","bucket":"189","time":1574883470070,"group":{"id":"project.fs","version":"1"},"event":{"state":true,"data":{"pct-non-watched":0,"created":1574883470070,"project":"4452600da3b350ab41d92ae108c2baae6ff0ac3ddb31bd67020ee046ec77ac09"},"id":"roots-watched"}}
{"recorder_version":"21","session":"a3c5cf3ba229","build":"192.6262.58","bucket":"189","time":1574883470070,"group":{"id":"project.fs","version":"1"},"event":{"state":true,"data":{"created":1574883470071},"id":"invoked"}}
{"recorder_version":"21","session":"a3c5cf3ba229","build":"192.6262.58","bucket":"189","time":1574883470281,"group":{"id":"ui.dialogs","version":"21"},"event":{"count":1,"data":{"code":1,"created":1574883470282,"plugin_type":"PLATFORM","type":"close"},"id":"com.intellij.openapi.progress.util.ProgressDialog$MyDialogWrapper"}}
{"recorder_version":"21","session":"a3c5cf3ba229","build":"192.6262.58","bucket":"189","time":1574883470447,"group":{"id":"lifecycle","version":"21"},"event":{"count":1,"data":{"duration_ms":6781,"created":1574883470447,"project":"4452600da3b350ab41d92ae108c2baae6ff0ac3ddb31bd67020ee046ec77ac09"},"id":"project.opening.finished"}}
{"recorder_version":"21","session":"a3c5cf3ba229","build":"192.6262.58","bucket":"189","time":1574883471033,"group":{"id":"performance","version":"21"},"event":{"count":1,"data":{"duration_ms":429,"created":1574883471033},"id":"ui.lagging"}}
{"recorder_version":"21","session":"a3c5cf3ba229","build":"192.6262.58","bucket":"189","time":1574883471209,"group":{"id":"kotlin.jps.target","version":"1"},"event":{"count":2,"data":{"plugin_version":"validation.undefined_rule","last":1574883471209,"created":1574883471209},"id":"validation.undefined_rule"}}
{"recorder_version":"21","session":"a3c5cf3ba229","build":"192.6262.58","bucket":"189","time":1574883472056,"group":{"id":"vcs.change.reminder","version":"1"},"event":{"count":1,"data":{"created":1574883472056,"project":"4452600da3b350ab41d92ae108c2baae6ff0ac3ddb31bd67020ee046ec77ac09","execution_time":187},"id":"prediction.calculated"}}
{"recorder_version":"21","session":"a3c5cf3ba229","build":"192.6262.58","bucket":"189","time":1574883472186,"group":{"id":"ui.dialogs","version":"21"},"event":{"count":1,"data":{"code":1,"created":1574883472186,"plugin_type":"PLATFORM","type":"close"},"id":"com.intellij.ide.util.TipDialog"}}
{"recorder_version":"21","session":"a3c5cf3ba229","build":"192.6262.58","bucket":"189","time":1574883474636,"group":{"id":"actions","version":"21"},"event":{"count":1,"data":{"context_menu":false,"current_file":"JAVA","created":1574883474636,"plugin_type":"PLATFORM","project":"4452600da3b350ab41d92ae108c2baae6ff0ac3ddb31bd67020ee046ec77ac09","place":"keyboard_shortcut","class":"com.intellij.openapi.editor.actions.EscapeAction","input_event":"Escape"},"id":"EditorEscape"}}
{"recorder_version":"21","session":"a3c5cf3ba229","build":"192.6262.58","bucket":"189","time":1574883480032,"group":{"id":"file.types.usage","version":"21"},"event":{"count":1,"data":{"plugin":"com.intellij.java","created":1574883480032,"plugin_type":"JB_BUNDLED","project":"4452600da3b350ab41d92ae108c2baae6ff0ac3ddb31bd67020ee046ec77ac09","type":"edit"},"id":"JAVA"}}
{"recorder_version":"21","session":"a3c5cf3ba229","build":"192.6262.58","bucket":"189","time":1574883483628,"group":{"id":"toolwindow","version":"21"},"event":{"count":1,"data":{"os":"Mac","created":1574883483632,"plugin_type":"NOT_LISTED"},"id":"third.party"}}
{"recorder_version":"21","session":"a3c5cf3ba229","build":"192.6262.58","bucket":"189","time":1574883486821,"group":{"id":"file.types.usage","version":"21"},"event":{"count":1,"data":{"plugin":"com.intellij.java","created":1574883486821,"plugin_type":"JB_BUNDLED","project":"4452600da3b350ab41d92ae108c2baae6ff0ac3ddb31bd67020ee046ec77ac09","type":"open"},"id":"JAVA"}}
{"recorder_version":"21","session":"a3c5cf3ba229","build":"192.6262.58","bucket":"189","time":1574883489236,"group":{"id":"file.types.usage","version":"21"},"event":{"count":1,"data":{"plugin":"com.intellij.java","created":1574883489236,"plugin_type":"JB_BUNDLED","project":"4452600da3b350ab41d92ae108c2baae6ff0ac3ddb31bd67020ee046ec77ac09","type":"edit"},"id":"JAVA"}}
{"recorder_version":"21","session":"a3c5cf3ba229","build":"192.6262.58","bucket":"189","time":1574883492898,"group":{"id":"toolwindow","version":"21"},"event":{"count":2,"data":{"os":"Mac","last":1574883501120,"created":1574883492898,"plugin_type":"NOT_LISTED"},"id":"third.party"}}
{"recorder_version":"21","session":"a3c5cf3ba229","build":"192.6262.58","bucket":"189","time":1574883520461,"group":{"id":"lifecycle","version":"21"},"event":{"count":1,"data":{"created":1574883520461,"project":"4452600da3b350ab41d92ae108c2baae6ff0ac3ddb31bd67020ee046ec77ac09"},"id":"frame.deactivated"}}
{"recorder_version":"21","session":"a3c5cf3ba229","build":"192.6262.58","bucket":"189","time":1574883563854,"group":{"id":"performance","version":"21"},"event":{"count":1,"data":{"duration_ms":0,"created":1574883563854},"id":"ui.latency"}}
{"recorder_version":"21","session":"a3c5cf3ba229","build":"192.6262.58","bucket":"189","time":1574883606720,"group":{"id":"lifecycle","version":"21"},"event":{"count":1,"data":{"created":1574883606720,"project":"4452600da3b350ab41d92ae108c2baae6ff0ac3ddb31bd67020ee046ec77ac09"},"id":"frame.activated"}}
{"recorder_version":"21","session":"a3c5cf3ba229","build":"192.6262.58","bucket":"189","time":1574883608354,"group":{"id":"lifecycle","version":"21"},"event":{"count":1,"data":{"restart":false,"created":1574883608354},"id":"ide.close"}}
{"recorder_version":"21","session":"a3c5cf3ba229","build":"192.6262.58","bucket":"189","time":1574883608449,"group":{"id":"lifecycle","version":"21"},"event":{"count":1,"data":{"created":1574883608449,"project":"4452600da3b350ab41d92ae108c2baae6ff0ac3ddb31bd67020ee046ec77ac09"},"id":"project.closed"}}
