{"recorder_version":"21","session":"82579fae1b2c","build":"192.6262.58","bucket":"189","time":1574628229897,"group":{"id":"settings","version":"4"},"event":{"state":true,"data":{"component":"NotRoamableUiSettings","created":1574628230040},"id":"invoked"}}
{"recorder_version":"21","session":"82579fae1b2c","build":"192.6262.58","bucket":"189","time":1574628229899,"group":{"id":"system.java","version":"1"},"event":{"state":true,"data":{"created":1574628230043,"version":"1.11"},"id":"JetBrains"}}
{"recorder_version":"21","session":"82579fae1b2c","build":"192.6262.58","bucket":"189","time":1574628229899,"group":{"id":"system.java","version":"1"},"event":{"state":true,"data":{"created":1574628230050},"id":"invoked"}}
{"recorder_version":"21","session":"82579fae1b2c","build":"192.6262.58","bucket":"189","time":1574628229900,"group":{"id":"settings","version":"4"},"event":{"state":true,"data":{"component":"UISettings","created":1574628230051},"id":"invoked"}}
{"recorder_version":"21","session":"82579fae1b2c","build":"192.6262.58","bucket":"189","time":1574628229921,"group":{"id":"system.os","version":"3"},"event":{"state":true,"data":{"created":1574628230053,"version":"10.14"},"id":"Mac"}}
{"recorder_version":"21","session":"82579fae1b2c","build":"192.6262.58","bucket":"189","time":1574628229921,"group":{"id":"system.os","version":"3"},"event":{"state":true,"data":{"created":1574628230054,"name":"Mac","version":"10.14"},"id":"os.name"}}
{"recorder_version":"21","session":"82579fae1b2c","build":"192.6262.58","bucket":"189","time":1574628229921,"group":{"id":"system.os","version":"3"},"event":{"state":true,"data":{"created":1574628230055,"value":"+09_00"},"id":"os.timezone"}}
{"recorder_version":"21","session":"82579fae1b2c","build":"192.6262.58","bucket":"189","time":1574628229921,"group":{"id":"system.os","version":"3"},"event":{"state":true,"data":{"created":1574628230056},"id":"invoked"}}
{"recorder_version":"21","session":"82579fae1b2c","build":"192.6262.58","bucket":"189","time":1574628230040,"group":{"id":"event.log","version":"21"},"event":{"count":1,"data":{"created":1574628230057,"version":"919.0"},"id":"whitelist.loaded"}}
{"recorder_version":"21","session":"82579fae1b2c","build":"192.6262.58","bucket":"189","time":1574628232305,"group":{"id":"settings","version":"4"},"event":{"state":true,"data":{"component":"UpdatesConfigurable","created":1574628232306,"name":"checkNeeded","type":"bool","value":false},"id":"not.default"}}
{"recorder_version":"21","session":"82579fae1b2c","build":"192.6262.58","bucket":"189","time":1574628232306,"group":{"id":"settings","version":"4"},"event":{"state":true,"data":{"component":"UpdatesConfigurable","created":1574628232307},"id":"invoked"}}
{"recorder_version":"21","session":"82579fae1b2c","build":"192.6262.58","bucket":"189","time":1574628232460,"group":{"id":"settings","version":"4"},"event":{"state":true,"data":{"component":"GeneralSettings","created":1574628232462,"name":"confirmExit","type":"bool","value":false},"id":"not.default"}}
{"recorder_version":"21","session":"82579fae1b2c","build":"192.6262.58","bucket":"189","time":1574628232460,"group":{"id":"settings","version":"4"},"event":{"state":true,"data":{"component":"GeneralSettings","created":1574628232463,"name":"showTipsOnStartup","type":"bool","value":false},"id":"not.default"}}
{"recorder_version":"21","session":"82579fae1b2c","build":"192.6262.58","bucket":"189","time":1574628232460,"group":{"id":"settings","version":"4"},"event":{"state":true,"data":{"component":"GeneralSettings","created":1574628232466},"id":"invoked"}}
{"recorder_version":"21","session":"82579fae1b2c","build":"192.6262.58","bucket":"189","time":1574628232468,"group":{"id":"lifecycle","version":"21"},"event":{"count":1,"data":{"internal":true,"eap":false,"created":1574628232469},"id":"ide.start"}}
{"recorder_version":"21","session":"82579fae1b2c","build":"192.6262.58","bucket":"189","time":1574628232755,"group":{"id":"lifecycle","version":"21"},"event":{"count":1,"data":{"created":1574628232756},"id":"frame.activated"}}
{"recorder_version":"21","session":"82579fae1b2c","build":"192.6262.58","bucket":"189","time":1574628232988,"group":{"id":"performance","version":"21"},"event":{"count":1,"data":{"duration_ms":0,"created":1574628232989},"id":"ui.latency"}}
{"recorder_version":"21","session":"82579fae1b2c","build":"192.6262.58","bucket":"189","time":1574628233235,"group":{"id":"ui.dialogs","version":"21"},"event":{"count":1,"data":{"created":1574628233235,"plugin_type":"PLATFORM","type":"show"},"id":"com.intellij.openapi.progress.util.ProgressDialog$MyDialogWrapper"}}
{"recorder_version":"21","session":"82579fae1b2c","build":"192.6262.58","bucket":"189","time":1574628234257,"group":{"id":"lifecycle","version":"21"},"event":{"count":1,"data":{"created":1574628234257,"project":"92ddc83aceaa9edad1485397ccc1680a8fd16623aa2c155379eac4aafdb2a559"},"id":"project.opened"}}
{"recorder_version":"21","session":"82579fae1b2c","build":"192.6262.58","bucket":"189","time":1574628235945,"group":{"id":"settings","version":"4"},"event":{"state":true,"data":{"component":"XmlEditorOptions","created":1574628235946},"id":"invoked"}}
{"recorder_version":"21","session":"82579fae1b2c","build":"192.6262.58","bucket":"189","time":1574628236184,"group":{"id":"toolwindow","version":"21"},"event":{"count":1,"data":{"os":"Mac","created":1574628236184,"plugin_type":"PLATFORM"},"id":"Project"}}
{"recorder_version":"21","session":"82579fae1b2c","build":"192.6262.58","bucket":"189","time":1574628238468,"group":{"id":"project.fs","version":"1"},"event":{"state":true,"data":{"os":"Mac","cs-project":false,"created":1574628238468,"project":"92ddc83aceaa9edad1485397ccc1680a8fd16623aa2c155379eac4aafdb2a559","cs-implicit":true,"cs-system":false},"id":"case-sensitivity"}}
{"recorder_version":"21","session":"82579fae1b2c","build":"192.6262.58","bucket":"189","time":1574628238468,"group":{"id":"project.fs","version":"1"},"event":{"state":true,"data":{"created":1574628238481},"id":"invoked"}}
{"recorder_version":"21","session":"82579fae1b2c","build":"192.6262.58","bucket":"189","time":1574628238469,"group":{"id":"project.fs","version":"1"},"event":{"state":true,"data":{"pct-non-watched":0,"created":1574628238483,"project":"92ddc83aceaa9edad1485397ccc1680a8fd16623aa2c155379eac4aafdb2a559"},"id":"roots-watched"}}
{"recorder_version":"21","session":"82579fae1b2c","build":"192.6262.58","bucket":"189","time":1574628238469,"group":{"id":"project.fs","version":"1"},"event":{"state":true,"data":{"created":1574628238483},"id":"invoked"}}
{"recorder_version":"21","session":"82579fae1b2c","build":"192.6262.58","bucket":"189","time":1574628238523,"group":{"id":"ui.dialogs","version":"21"},"event":{"count":1,"data":{"code":1,"created":1574628238523,"plugin_type":"PLATFORM","type":"close"},"id":"com.intellij.openapi.progress.util.ProgressDialog$MyDialogWrapper"}}
{"recorder_version":"21","session":"82579fae1b2c","build":"192.6262.58","bucket":"189","time":1574628238733,"group":{"id":"lifecycle","version":"21"},"event":{"count":1,"data":{"duration_ms":5762,"created":1574628238733,"project":"92ddc83aceaa9edad1485397ccc1680a8fd16623aa2c155379eac4aafdb2a559"},"id":"project.opening.finished"}}
{"recorder_version":"21","session":"82579fae1b2c","build":"192.6262.58","bucket":"189","time":1574628239163,"group":{"id":"performance","version":"21"},"event":{"count":1,"data":{"duration_ms":163,"created":1574628239163},"id":"ui.lagging"}}
{"recorder_version":"21","session":"82579fae1b2c","build":"192.6262.58","bucket":"189","time":1574628240591,"group":{"id":"kotlin.jps.target","version":"1"},"event":{"count":1,"data":{"plugin_version":"1.3.41-release-IJ2019.2-1","created":1574628240592},"id":"jvm"}}
{"recorder_version":"21","session":"82579fae1b2c","build":"192.6262.58","bucket":"189","time":1574628242448,"group":{"id":"file.types.usage","version":"21"},"event":{"count":1,"data":{"created":1574628242448,"plugin_type":"PLATFORM","project":"92ddc83aceaa9edad1485397ccc1680a8fd16623aa2c155379eac4aafdb2a559","type":"edit"},"id":"IDEA_MODULE"}}
{"recorder_version":"21","session":"82579fae1b2c","build":"192.6262.58","bucket":"189","time":1574628244872,"group":{"id":"actions","version":"21"},"event":{"count":4,"data":{"context_menu":false,"last":1574628245411,"created":1574628244872,"plugin_type":"PLATFORM","project":"92ddc83aceaa9edad1485397ccc1680a8fd16623aa2c155379eac4aafdb2a559","place":"keyboard_shortcut","class":"com.intellij.openapi.editor.actions.BackspaceAction","input_event":"Backspace"},"id":"EditorBackSpace"}}
{"recorder_version":"21","session":"82579fae1b2c","build":"192.6262.58","bucket":"189","time":1574628278086,"group":{"id":"lifecycle","version":"21"},"event":{"count":1,"data":{"created":1574628278086,"project":"92ddc83aceaa9edad1485397ccc1680a8fd16623aa2c155379eac4aafdb2a559"},"id":"frame.deactivated"}}
{"recorder_version":"21","session":"82579fae1b2c","build":"192.6262.58","bucket":"189","time":1574628278243,"group":{"id":"performance","version":"21"},"event":{"count":1,"data":{"duration_ms":123,"created":1574628278244},"id":"ui.lagging"}}
{"recorder_version":"21","session":"82579fae1b2c","build":"192.6262.58","bucket":"189","time":1574628333256,"group":{"id":"performance","version":"21"},"event":{"count":1,"data":{"duration_ms":0,"created":1574628333256},"id":"ui.latency"}}
{"recorder_version":"21","session":"82579fae1b2c","build":"192.6262.58","bucket":"189","time":1574628433579,"group":{"id":"performance","version":"21"},"event":{"count":1,"data":{"duration_ms":1,"created":1574628433579},"id":"ui.latency"}}
{"recorder_version":"21","session":"82579fae1b2c","build":"192.6262.58","bucket":"189","time":1574628532457,"group":{"id":"build.tools.actions","version":"1"},"event":{"count":1,"data":{"created":1574628532458},"id":"registered"}}
{"recorder_version":"21","session":"82579fae1b2c","build":"192.6262.58","bucket":"189","time":1574628532457,"group":{"id":"file.types.usage","version":"21"},"event":{"count":1,"data":{"created":1574628532458},"id":"registered"}}
{"recorder_version":"21","session":"82579fae1b2c","build":"192.6262.58","bucket":"189","time":1574628532457,"group":{"id":"ide.script.engine","version":"1"},"event":{"count":1,"data":{"created":1574628532458},"id":"registered"}}
{"recorder_version":"21","session":"82579fae1b2c","build":"192.6262.58","bucket":"189","time":1574628532457,"group":{"id":"actions.runAnything","version":"1"},"event":{"count":1,"data":{"created":1574628532458},"id":"registered"}}
{"recorder_version":"21","session":"82579fae1b2c","build":"192.6262.58","bucket":"189","time":1574628532457,"group":{"id":"toolwindow","version":"21"},"event":{"count":1,"data":{"created":1574628532459},"id":"registered"}}
{"recorder_version":"21","session":"82579fae1b2c","build":"192.6262.58","bucket":"189","time":1574628532457,"group":{"id":"kotlin.ide.newFileTempl","version":"1"},"event":{"count":1,"data":{"created":1574628532459},"id":"registered"}}
{"recorder_version":"21","session":"82579fae1b2c","build":"192.6262.58","bucket":"189","time":1574628532457,"group":{"id":"live.templates","version":"21"},"event":{"count":1,"data":{"created":1574628532459},"id":"registered"}}
{"recorder_version":"21","session":"82579fae1b2c","build":"192.6262.58","bucket":"189","time":1574628532457,"group":{"id":"ide.self.update","version":"2"},"event":{"count":1,"data":{"created":1574628532459},"id":"registered"}}
{"recorder_version":"21","session":"82579fae1b2c","build":"192.6262.58","bucket":"189","time":1574628532457,"group":{"id":"ui.settings","version":"21"},"event":{"count":1,"data":{"created":1574628532460},"id":"registered"}}
{"recorder_version":"21","session":"82579fae1b2c","build":"192.6262.58","bucket":"189","time":1574628532457,"group":{"id":"lifecycle","version":"21"},"event":{"count":1,"data":{"created":1574628532460},"id":"registered"}}
{"recorder_version":"21","session":"82579fae1b2c","build":"192.6262.58","bucket":"189","time":1574628532457,"group":{"id":"vcs.diff.trigger","version":"1"},"event":{"count":1,"data":{"created":1574628532460},"id":"registered"}}
{"recorder_version":"21","session":"82579fae1b2c","build":"192.6262.58","bucket":"189","time":1574628532457,"group":{"id":"vcs.log.trigger","version":"2"},"event":{"count":1,"data":{"created":1574628532460},"id":"registered"}}
{"recorder_version":"21","session":"82579fae1b2c","build":"192.6262.58","bucket":"189","time":1574628532457,"group":{"id":"productivity","version":"21"},"event":{"count":1,"data":{"created":1574628532460},"id":"registered"}}
{"recorder_version":"21","session":"82579fae1b2c","build":"192.6262.58","bucket":"189","time":1574628532457,"group":{"id":"debugger.breakpoints.usage","version":"2"},"event":{"count":1,"data":{"created":1574628532461},"id":"registered"}}
{"recorder_version":"21","session":"82579fae1b2c","build":"192.6262.58","bucket":"189","time":1574628532457,"group":{"id":"kotlin.gradle.library","version":"1"},"event":{"count":1,"data":{"created":1574628532461},"id":"registered"}}
{"recorder_version":"21","session":"82579fae1b2c","build":"192.6262.58","bucket":"189","time":1574628532457,"group":{"id":"find","version":"1"},"event":{"count":1,"data":{"created":1574628532461},"id":"registered"}}
{"recorder_version":"21","session":"82579fae1b2c","build":"192.6262.58","bucket":"189","time":1574628532457,"group":{"id":"kotlin.gradle.target","version":"1"},"event":{"count":1,"data":{"created":1574628532461},"id":"registered"}}
{"recorder_version":"21","session":"82579fae1b2c","build":"192.6262.58","bucket":"189","time":1574628532457,"group":{"id":"gutter.icon.click","version":"1"},"event":{"count":1,"data":{"created":1574628532461},"id":"registered"}}
{"recorder_version":"21","session":"82579fae1b2c","build":"192.6262.58","bucket":"189","time":1574628532457,"group":{"id":"shell.script","version":"1"},"event":{"count":1,"data":{"created":1574628532462},"id":"registered"}}
{"recorder_version":"21","session":"82579fae1b2c","build":"192.6262.58","bucket":"189","time":1574628532457,"group":{"id":"kotlin.ide.debugger.eval","version":"1"},"event":{"count":1,"data":{"created":1574628532462},"id":"registered"}}
{"recorder_version":"21","session":"82579fae1b2c","build":"192.6262.58","bucket":"189","time":1574628532458,"group":{"id":"build.maven.actions","version":"1"},"event":{"count":1,"data":{"created":1574628532462},"id":"registered"}}
{"recorder_version":"21","session":"82579fae1b2c","build":"192.6262.58","bucket":"189","time":1574628532458,"group":{"id":"ui.event","version":"1"},"event":{"count":1,"data":{"created":1574628532462},"id":"registered"}}
{"recorder_version":"21","session":"82579fae1b2c","build":"192.6262.58","bucket":"189","time":1574628532458,"group":{"id":"new.project.wizard","version":"1"},"event":{"count":1,"data":{"created":1574628532462},"id":"registered"}}
{"recorder_version":"21","session":"82579fae1b2c","build":"192.6262.58","bucket":"189","time":1574628532458,"group":{"id":"kotlin.ide.npwizards","version":"1"},"event":{"count":1,"data":{"created":1574628532462},"id":"registered"}}
{"recorder_version":"21","session":"82579fae1b2c","build":"192.6262.58","bucket":"189","time":1574628532458,"group":{"id":"intentions","version":"21"},"event":{"count":1,"data":{"created":1574628532463},"id":"registered"}}
{"recorder_version":"21","session":"82579fae1b2c","build":"192.6262.58","bucket":"189","time":1574628532458,"group":{"id":"ui.dialogs","version":"21"},"event":{"count":1,"data":{"created":1574628532463},"id":"registered"}}
{"recorder_version":"21","session":"82579fae1b2c","build":"192.6262.58","bucket":"189","time":1574628532458,"group":{"id":"vcs.back.forward.trigger","version":"1"},"event":{"count":1,"data":{"created":1574628532463},"id":"registered"}}
{"recorder_version":"21","session":"82579fae1b2c","build":"192.6262.58","bucket":"189","time":1574628532458,"group":{"id":"vcs.change.reminder","version":"1"},"event":{"count":1,"data":{"created":1574628532463},"id":"registered"}}
{"recorder_version":"21","session":"82579fae1b2c","build":"192.6262.58","bucket":"189","time":1574628532458,"group":{"id":"toolbar","version":"21"},"event":{"count":1,"data":{"created":1574628532463},"id":"registered"}}
{"recorder_version":"21","session":"82579fae1b2c","build":"192.6262.58","bucket":"189","time":1574628532458,"group":{"id":"build.gradle.actions","version":"1"},"event":{"count":1,"data":{"created":1574628532463},"id":"registered"}}
{"recorder_version":"21","session":"82579fae1b2c","build":"192.6262.58","bucket":"189","time":1574628532458,"group":{"id":"kotlin.maven.target","version":"1"},"event":{"count":1,"data":{"created":1574628532464},"id":"registered"}}
{"recorder_version":"21","session":"82579fae1b2c","build":"192.6262.58","bucket":"189","time":1574628532458,"group":{"id":"performance","version":"21"},"event":{"count":1,"data":{"created":1574628532464},"id":"registered"}}
{"recorder_version":"21","session":"82579fae1b2c","build":"192.6262.58","bucket":"189","time":1574628532458,"group":{"id":"searchEverywhere","version":"1"},"event":{"count":1,"data":{"created":1574628532464},"id":"registered"}}
{"recorder_version":"21","session":"82579fae1b2c","build":"192.6262.58","bucket":"189","time":1574628532458,"group":{"id":"kotlin.ide.action.refactoring","version":"1"},"event":{"count":1,"data":{"created":1574628532464},"id":"registered"}}
{"recorder_version":"21","session":"82579fae1b2c","build":"192.6262.58","bucket":"189","time":1574628532458,"group":{"id":"ui.tips","version":"2"},"event":{"count":1,"data":{"created":1574628532464},"id":"registered"}}
{"recorder_version":"21","session":"82579fae1b2c","build":"192.6262.58","bucket":"189","time":1574628532458,"group":{"id":"surround.with","version":"1"},"event":{"count":1,"data":{"created":1574628532465},"id":"registered"}}
{"recorder_version":"21","session":"82579fae1b2c","build":"192.6262.58","bucket":"189","time":1574628532458,"group":{"id":"import.old.config","version":"1"},"event":{"count":1,"data":{"created":1574628532465},"id":"registered"}}
{"recorder_version":"21","session":"82579fae1b2c","build":"192.6262.58","bucket":"189","time":1574628532458,"group":{"id":"json.schema","version":"1"},"event":{"count":1,"data":{"created":1574628532465},"id":"registered"}}
{"recorder_version":"21","session":"82579fae1b2c","build":"192.6262.58","bucket":"189","time":1574628532458,"group":{"id":"kotlin.jps.target","version":"1"},"event":{"count":1,"data":{"created":1574628532465},"id":"registered"}}
{"recorder_version":"21","session":"82579fae1b2c","build":"192.6262.58","bucket":"189","time":1574628532458,"group":{"id":"terminalShell","version":"1"},"event":{"count":1,"data":{"created":1574628532465},"id":"registered"}}
{"recorder_version":"21","session":"82579fae1b2c","build":"192.6262.58","bucket":"189","time":1574628532458,"group":{"id":"completion.postfix","version":"21"},"event":{"count":1,"data":{"created":1574628532465},"id":"registered"}}
{"recorder_version":"21","session":"82579fae1b2c","build":"192.6262.58","bucket":"189","time":1574628532458,"group":{"id":"build.ant.actions","version":"1"},"event":{"count":1,"data":{"created":1574628532465},"id":"registered"}}
{"recorder_version":"21","session":"82579fae1b2c","build":"192.6262.58","bucket":"189","time":1574628532458,"group":{"id":"actions","version":"21"},"event":{"count":1,"data":{"created":1574628532466},"id":"registered"}}
{"recorder_version":"21","session":"82579fae1b2c","build":"192.6262.58","bucket":"189","time":1574628532458,"group":{"id":"event.log","version":"21"},"event":{"count":1,"data":{"created":1574628532466},"id":"registered"}}
{"recorder_version":"21","session":"82579fae1b2c","build":"192.6262.58","bucket":"189","time":1574628532458,"group":{"id":"run.configuration.exec","version":"21"},"event":{"count":1,"data":{"created":1574628532466},"id":"registered"}}
{"recorder_version":"21","session":"82579fae1b2c","build":"192.6262.58","bucket":"189","time":1574628532458,"group":{"id":"build.maven.packagesearch","version":"2"},"event":{"count":1,"data":{"created":1574628532466},"id":"registered"}}
{"recorder_version":"21","session":"82579fae1b2c","build":"192.6262.58","bucket":"189","time":1574628533910,"group":{"id":"performance","version":"21"},"event":{"count":1,"data":{"duration_ms":1,"created":1574628533910},"id":"ui.latency"}}
{"recorder_version":"21","session":"82579fae1b2c","build":"192.6262.58","bucket":"189","time":1574628634245,"group":{"id":"performance","version":"21"},"event":{"count":1,"data":{"duration_ms":1,"created":1574628634245},"id":"ui.latency"}}
{"recorder_version":"21","session":"82579fae1b2c","build":"192.6262.58","bucket":"189","time":1574628734531,"group":{"id":"performance","version":"21"},"event":{"count":1,"data":{"duration_ms":0,"created":1574628734531},"id":"ui.latency"}}
{"recorder_version":"21","session":"82579fae1b2c","build":"192.6262.58","bucket":"189","time":1574628834811,"group":{"id":"performance","version":"21"},"event":{"count":1,"data":{"duration_ms":0,"created":1574628834811},"id":"ui.latency"}}
{"recorder_version":"21","session":"82579fae1b2c","build":"192.6262.58","bucket":"189","time":1574628935100,"group":{"id":"performance","version":"21"},"event":{"count":1,"data":{"duration_ms":0,"created":1574628935102},"id":"ui.latency"}}
{"recorder_version":"21","session":"82579fae1b2c","build":"192.6262.58","bucket":"189","time":1574628960307,"group":{"id":"lifecycle","version":"21"},"event":{"count":1,"data":{"created":1574628960307,"project":"92ddc83aceaa9edad1485397ccc1680a8fd16623aa2c155379eac4aafdb2a559"},"id":"frame.activated"}}
{"recorder_version":"21","session":"82579fae1b2c","build":"192.6262.58","bucket":"189","time":1574628961019,"group":{"id":"lifecycle","version":"21"},"event":{"count":1,"data":{"restart":false,"created":1574628961019},"id":"ide.close"}}
{"recorder_version":"21","session":"82579fae1b2c","build":"192.6262.58","bucket":"189","time":1574628961100,"group":{"id":"lifecycle","version":"21"},"event":{"count":1,"data":{"created":1574628961100,"project":"92ddc83aceaa9edad1485397ccc1680a8fd16623aa2c155379eac4aafdb2a559"},"id":"project.closed"}}
