{"recorder_version":"21","session":"90c884c51f94","build":"192.6262.58","bucket":"189","time":1575130643034,"group":{"id":"settings","version":"4"},"event":{"state":true,"data":{"component":"NotRoamableUiSettings","created":1575130643198},"id":"invoked"}}
{"recorder_version":"21","session":"90c884c51f94","build":"192.6262.58","bucket":"189","time":1575130643036,"group":{"id":"system.java","version":"1"},"event":{"state":true,"data":{"created":1575130643199,"version":"1.11"},"id":"JetBrains"}}
{"recorder_version":"21","session":"90c884c51f94","build":"192.6262.58","bucket":"189","time":1575130643036,"group":{"id":"system.java","version":"1"},"event":{"state":true,"data":{"created":1575130643208},"id":"invoked"}}
{"recorder_version":"21","session":"90c884c51f94","build":"192.6262.58","bucket":"189","time":1575130643037,"group":{"id":"settings","version":"4"},"event":{"state":true,"data":{"component":"UISettings","created":1575130643208},"id":"invoked"}}
{"recorder_version":"21","session":"90c884c51f94","build":"192.6262.58","bucket":"189","time":1575130643059,"group":{"id":"system.os","version":"3"},"event":{"state":true,"data":{"created":1575130643209,"version":"10.14"},"id":"Mac"}}
{"recorder_version":"21","session":"90c884c51f94","build":"192.6262.58","bucket":"189","time":1575130643059,"group":{"id":"system.os","version":"3"},"event":{"state":true,"data":{"created":1575130643210,"name":"Mac","version":"10.14"},"id":"os.name"}}
{"recorder_version":"21","session":"90c884c51f94","build":"192.6262.58","bucket":"189","time":1575130643059,"group":{"id":"system.os","version":"3"},"event":{"state":true,"data":{"created":1575130643211,"value":"+09_00"},"id":"os.timezone"}}
{"recorder_version":"21","session":"90c884c51f94","build":"192.6262.58","bucket":"189","time":1575130643059,"group":{"id":"system.os","version":"3"},"event":{"state":true,"data":{"created":1575130643212},"id":"invoked"}}
{"recorder_version":"21","session":"90c884c51f94","build":"192.6262.58","bucket":"189","time":1575130643197,"group":{"id":"event.log","version":"21"},"event":{"count":1,"data":{"created":1575130643212,"version":"942.0"},"id":"whitelist.loaded"}}
{"recorder_version":"21","session":"90c884c51f94","build":"192.6262.58","bucket":"189","time":1575130645851,"group":{"id":"settings","version":"4"},"event":{"state":true,"data":{"component":"UpdatesConfigurable","created":1575130645851,"name":"checkNeeded","type":"bool","value":false},"id":"not.default"}}
{"recorder_version":"21","session":"90c884c51f94","build":"192.6262.58","bucket":"189","time":1575130645851,"group":{"id":"settings","version":"4"},"event":{"state":true,"data":{"component":"UpdatesConfigurable","created":1575130645852},"id":"invoked"}}
{"recorder_version":"21","session":"90c884c51f94","build":"192.6262.58","bucket":"189","time":1575130645968,"group":{"id":"settings","version":"4"},"event":{"state":true,"data":{"component":"GeneralSettings","created":1575130645969,"name":"confirmExit","type":"bool","value":false},"id":"not.default"}}
{"recorder_version":"21","session":"90c884c51f94","build":"192.6262.58","bucket":"189","time":1575130645968,"group":{"id":"settings","version":"4"},"event":{"state":true,"data":{"component":"GeneralSettings","created":1575130645971,"name":"showTipsOnStartup","type":"bool","value":false},"id":"not.default"}}
{"recorder_version":"21","session":"90c884c51f94","build":"192.6262.58","bucket":"189","time":1575130645968,"group":{"id":"settings","version":"4"},"event":{"state":true,"data":{"component":"GeneralSettings","created":1575130645975},"id":"invoked"}}
{"recorder_version":"21","session":"90c884c51f94","build":"192.6262.58","bucket":"189","time":1575130645978,"group":{"id":"lifecycle","version":"21"},"event":{"count":1,"data":{"internal":true,"eap":false,"created":1575130645978},"id":"ide.start"}}
{"recorder_version":"21","session":"90c884c51f94","build":"192.6262.58","bucket":"189","time":1575130646436,"group":{"id":"performance","version":"21"},"event":{"count":1,"data":{"duration_ms":92,"created":1575130646436},"id":"ui.latency"}}
{"recorder_version":"21","session":"90c884c51f94","build":"192.6262.58","bucket":"189","time":1575130646784,"group":{"id":"ui.dialogs","version":"21"},"event":{"count":1,"data":{"created":1575130646786,"plugin_type":"PLATFORM","type":"show"},"id":"com.intellij.openapi.progress.util.ProgressDialog$MyDialogWrapper"}}
{"recorder_version":"21","session":"90c884c51f94","build":"192.6262.58","bucket":"189","time":1575130647862,"group":{"id":"lifecycle","version":"21"},"event":{"count":1,"data":{"created":1575130647863,"project":"4452600da3b350ab41d92ae108c2baae6ff0ac3ddb31bd67020ee046ec77ac09"},"id":"project.opened"}}
{"recorder_version":"21","session":"90c884c51f94","build":"192.6262.58","bucket":"189","time":1575130648548,"group":{"id":"performance","version":"21"},"event":{"count":1,"data":{"duration_ms":197,"created":1575130648549},"id":"ui.lagging"}}
{"recorder_version":"21","session":"90c884c51f94","build":"192.6262.58","bucket":"189","time":1575130649886,"group":{"id":"settings","version":"4"},"event":{"state":true,"data":{"component":"XmlEditorOptions","created":1575130649887},"id":"invoked"}}
{"recorder_version":"21","session":"90c884c51f94","build":"192.6262.58","bucket":"189","time":1575130649972,"group":{"id":"performance","version":"21"},"event":{"count":1,"data":{"duration_ms":621,"created":1575130649973},"id":"ui.lagging"}}
{"recorder_version":"21","session":"90c884c51f94","build":"192.6262.58","bucket":"189","time":1575130650091,"group":{"id":"toolwindow","version":"21"},"event":{"count":1,"data":{"os":"Mac","created":1575130650091,"plugin_type":"PLATFORM"},"id":"Project"}}
{"recorder_version":"21","session":"90c884c51f94","build":"192.6262.58","bucket":"189","time":1575130651281,"group":{"id":"performance","version":"21"},"event":{"count":1,"data":{"duration_ms":925,"created":1575130651281},"id":"ui.lagging"}}
{"recorder_version":"21","session":"90c884c51f94","build":"192.6262.58","bucket":"189","time":1575130651740,"group":{"id":"lifecycle","version":"21"},"event":{"count":1,"data":{"created":1575130651741,"project":"4452600da3b350ab41d92ae108c2baae6ff0ac3ddb31bd67020ee046ec77ac09"},"id":"frame.activated"}}
{"recorder_version":"21","session":"90c884c51f94","build":"192.6262.58","bucket":"189","time":1575130651964,"group":{"id":"performance","version":"21"},"event":{"count":1,"data":{"duration_ms":607,"created":1575130651964},"id":"ui.lagging"}}
{"recorder_version":"21","session":"90c884c51f94","build":"192.6262.58","bucket":"189","time":1575130653326,"group":{"id":"project.fs","version":"1"},"event":{"state":true,"data":{"os":"Mac","cs-project":false,"created":1575130653326,"project":"4452600da3b350ab41d92ae108c2baae6ff0ac3ddb31bd67020ee046ec77ac09","cs-implicit":true,"cs-system":false},"id":"case-sensitivity"}}
{"recorder_version":"21","session":"90c884c51f94","build":"192.6262.58","bucket":"189","time":1575130653326,"group":{"id":"project.fs","version":"1"},"event":{"state":true,"data":{"created":1575130653327},"id":"invoked"}}
{"recorder_version":"21","session":"90c884c51f94","build":"192.6262.58","bucket":"189","time":1575130653330,"group":{"id":"project.fs","version":"1"},"event":{"state":true,"data":{"pct-non-watched":0,"created":1575130653330,"project":"4452600da3b350ab41d92ae108c2baae6ff0ac3ddb31bd67020ee046ec77ac09"},"id":"roots-watched"}}
{"recorder_version":"21","session":"90c884c51f94","build":"192.6262.58","bucket":"189","time":1575130653330,"group":{"id":"project.fs","version":"1"},"event":{"state":true,"data":{"created":1575130653331},"id":"invoked"}}
{"recorder_version":"21","session":"90c884c51f94","build":"192.6262.58","bucket":"189","time":1575130653481,"group":{"id":"performance","version":"21"},"event":{"count":1,"data":{"duration_ms":123,"created":1575130653481},"id":"ui.lagging"}}
{"recorder_version":"21","session":"90c884c51f94","build":"192.6262.58","bucket":"189","time":1575130653541,"group":{"id":"ui.dialogs","version":"21"},"event":{"count":1,"data":{"code":1,"created":1575130653541,"plugin_type":"PLATFORM","type":"close"},"id":"com.intellij.openapi.progress.util.ProgressDialog$MyDialogWrapper"}}
{"recorder_version":"21","session":"90c884c51f94","build":"192.6262.58","bucket":"189","time":1575130653717,"group":{"id":"lifecycle","version":"21"},"event":{"count":1,"data":{"duration_ms":7213,"created":1575130653717,"project":"4452600da3b350ab41d92ae108c2baae6ff0ac3ddb31bd67020ee046ec77ac09"},"id":"project.opening.finished"}}
{"recorder_version":"21","session":"90c884c51f94","build":"192.6262.58","bucket":"189","time":1575130656232,"group":{"id":"kotlin.jps.target","version":"1"},"event":{"count":2,"data":{"plugin_version":"validation.undefined_rule","last":1575130656242,"created":1575130656232},"id":"validation.undefined_rule"}}
{"recorder_version":"21","session":"90c884c51f94","build":"192.6262.58","bucket":"189","time":1575130656500,"group":{"id":"performance","version":"21"},"event":{"count":1,"data":{"duration_ms":139,"created":1575130656500},"id":"ui.lagging"}}
{"recorder_version":"21","session":"90c884c51f94","build":"192.6262.58","bucket":"189","time":1575130656828,"group":{"id":"vcs.change.reminder","version":"1"},"event":{"count":1,"data":{"created":1575130656828,"project":"4452600da3b350ab41d92ae108c2baae6ff0ac3ddb31bd67020ee046ec77ac09","execution_time":218},"id":"prediction.calculated"}}
{"recorder_version":"21","session":"90c884c51f94","build":"192.6262.58","bucket":"189","time":1575130675288,"group":{"id":"file.types.usage","version":"21"},"event":{"count":1,"data":{"plugin":"com.intellij.java","created":1575130675288,"plugin_type":"JB_BUNDLED","project":"4452600da3b350ab41d92ae108c2baae6ff0ac3ddb31bd67020ee046ec77ac09","type":"edit"},"id":"JAVA"}}
{"recorder_version":"21","session":"90c884c51f94","build":"192.6262.58","bucket":"189","time":1575130685030,"group":{"id":"lifecycle","version":"21"},"event":{"count":1,"data":{"created":1575130685030,"project":"4452600da3b350ab41d92ae108c2baae6ff0ac3ddb31bd67020ee046ec77ac09"},"id":"frame.deactivated"}}
{"recorder_version":"21","session":"90c884c51f94","build":"192.6262.58","bucket":"189","time":1575130734253,"group":{"id":"lifecycle","version":"21"},"event":{"count":1,"data":{"created":1575130734254,"project":"4452600da3b350ab41d92ae108c2baae6ff0ac3ddb31bd67020ee046ec77ac09"},"id":"frame.activated"}}
{"recorder_version":"21","session":"90c884c51f94","build":"192.6262.58","bucket":"189","time":1575130735419,"group":{"id":"file.types.usage","version":"21"},"event":{"count":1,"data":{"plugin":"com.intellij.java","created":1575130735419,"plugin_type":"JB_BUNDLED","project":"4452600da3b350ab41d92ae108c2baae6ff0ac3ddb31bd67020ee046ec77ac09","type":"edit"},"id":"JAVA"}}
{"recorder_version":"21","session":"90c884c51f94","build":"192.6262.58","bucket":"189","time":1575130739455,"group":{"id":"lifecycle","version":"21"},"event":{"count":1,"data":{"created":1575130739455,"project":"4452600da3b350ab41d92ae108c2baae6ff0ac3ddb31bd67020ee046ec77ac09"},"id":"frame.deactivated"}}
{"recorder_version":"21","session":"90c884c51f94","build":"192.6262.58","bucket":"189","time":1575130746617,"group":{"id":"performance","version":"21"},"event":{"count":1,"data":{"duration_ms":0,"created":1575130746618},"id":"ui.latency"}}
{"recorder_version":"21","session":"90c884c51f94","build":"192.6262.58","bucket":"189","time":1575130797626,"group":{"id":"lifecycle","version":"21"},"event":{"count":1,"data":{"created":1575130797627,"project":"4452600da3b350ab41d92ae108c2baae6ff0ac3ddb31bd67020ee046ec77ac09"},"id":"frame.activated"}}
{"recorder_version":"21","session":"90c884c51f94","build":"192.6262.58","bucket":"189","time":1575130798948,"group":{"id":"lifecycle","version":"21"},"event":{"count":1,"data":{"restart":false,"created":1575130798948},"id":"ide.close"}}
{"recorder_version":"21","session":"90c884c51f94","build":"192.6262.58","bucket":"189","time":1575130799036,"group":{"id":"lifecycle","version":"21"},"event":{"count":1,"data":{"created":1575130799036,"project":"4452600da3b350ab41d92ae108c2baae6ff0ac3ddb31bd67020ee046ec77ac09"},"id":"project.closed"}}
