{"recorder_version":"21","session":"0612f479e119","build":"192.6262.58","bucket":"189","time":1574432222466,"group":{"id":"settings","version":"4"},"event":{"state":true,"data":{"component":"NotRoamableUiSettings","created":1574432222629},"id":"invoked"}}
{"recorder_version":"21","session":"0612f479e119","build":"192.6262.58","bucket":"189","time":1574432222468,"group":{"id":"system.java","version":"1"},"event":{"state":true,"data":{"created":1574432222631,"version":"1.11"},"id":"JetBrains"}}
{"recorder_version":"21","session":"0612f479e119","build":"192.6262.58","bucket":"189","time":1574432222468,"group":{"id":"system.java","version":"1"},"event":{"state":true,"data":{"created":1574432222639},"id":"invoked"}}
{"recorder_version":"21","session":"0612f479e119","build":"192.6262.58","bucket":"189","time":1574432222468,"group":{"id":"settings","version":"4"},"event":{"state":true,"data":{"component":"UISettings","created":1574432222640},"id":"invoked"}}
{"recorder_version":"21","session":"0612f479e119","build":"192.6262.58","bucket":"189","time":1574432222489,"group":{"id":"system.os","version":"3"},"event":{"state":true,"data":{"created":1574432222641,"version":"10.14"},"id":"Mac"}}
{"recorder_version":"21","session":"0612f479e119","build":"192.6262.58","bucket":"189","time":1574432222489,"group":{"id":"system.os","version":"3"},"event":{"state":true,"data":{"created":1574432222642,"name":"Mac","version":"10.14"},"id":"os.name"}}
{"recorder_version":"21","session":"0612f479e119","build":"192.6262.58","bucket":"189","time":1574432222489,"group":{"id":"system.os","version":"3"},"event":{"state":true,"data":{"created":1574432222643,"value":"+09_00"},"id":"os.timezone"}}
{"recorder_version":"21","session":"0612f479e119","build":"192.6262.58","bucket":"189","time":1574432222489,"group":{"id":"system.os","version":"3"},"event":{"state":true,"data":{"created":1574432222644},"id":"invoked"}}
{"recorder_version":"21","session":"0612f479e119","build":"192.6262.58","bucket":"189","time":1574432222629,"group":{"id":"event.log","version":"21"},"event":{"count":1,"data":{"created":1574432222644,"version":"916.0"},"id":"whitelist.loaded"}}
{"recorder_version":"21","session":"0612f479e119","build":"192.6262.58","bucket":"189","time":1574432224839,"group":{"id":"settings","version":"4"},"event":{"state":true,"data":{"component":"UpdatesConfigurable","created":1574432224840,"name":"checkNeeded","type":"bool","value":false},"id":"not.default"}}
{"recorder_version":"21","session":"0612f479e119","build":"192.6262.58","bucket":"189","time":1574432224840,"group":{"id":"settings","version":"4"},"event":{"state":true,"data":{"component":"UpdatesConfigurable","created":1574432224841},"id":"invoked"}}
{"recorder_version":"21","session":"0612f479e119","build":"192.6262.58","bucket":"189","time":1574432225003,"group":{"id":"settings","version":"4"},"event":{"state":true,"data":{"component":"GeneralSettings","created":1574432225003,"name":"confirmExit","type":"bool","value":false},"id":"not.default"}}
{"recorder_version":"21","session":"0612f479e119","build":"192.6262.58","bucket":"189","time":1574432225003,"group":{"id":"settings","version":"4"},"event":{"state":true,"data":{"component":"GeneralSettings","created":1574432225004,"name":"showTipsOnStartup","type":"bool","value":false},"id":"not.default"}}
{"recorder_version":"21","session":"0612f479e119","build":"192.6262.58","bucket":"189","time":1574432225003,"group":{"id":"settings","version":"4"},"event":{"state":true,"data":{"component":"GeneralSettings","created":1574432225004},"id":"invoked"}}
{"recorder_version":"21","session":"0612f479e119","build":"192.6262.58","bucket":"189","time":1574432225011,"group":{"id":"lifecycle","version":"21"},"event":{"count":1,"data":{"internal":true,"eap":false,"created":1574432225012},"id":"ide.start"}}
{"recorder_version":"21","session":"0612f479e119","build":"192.6262.58","bucket":"189","time":1574432225522,"group":{"id":"performance","version":"21"},"event":{"count":1,"data":{"duration_ms":0,"created":1574432225522},"id":"ui.latency"}}
{"recorder_version":"21","session":"0612f479e119","build":"192.6262.58","bucket":"189","time":1574432225877,"group":{"id":"ui.dialogs","version":"21"},"event":{"count":1,"data":{"created":1574432225877,"plugin_type":"PLATFORM","type":"show"},"id":"com.intellij.openapi.progress.util.ProgressDialog$MyDialogWrapper"}}
{"recorder_version":"21","session":"0612f479e119","build":"192.6262.58","bucket":"189","time":1574432227031,"group":{"id":"lifecycle","version":"21"},"event":{"count":1,"data":{"created":1574432227031,"project":"a0f12fb42952fc36a102045bdbb22ad1f15aa9443e9c675024683f4da70c8bc4"},"id":"project.opened"}}
{"recorder_version":"21","session":"0612f479e119","build":"192.6262.58","bucket":"189","time":1574432227718,"group":{"id":"performance","version":"21"},"event":{"count":1,"data":{"duration_ms":193,"created":1574432227718},"id":"ui.lagging"}}
{"recorder_version":"21","session":"0612f479e119","build":"192.6262.58","bucket":"189","time":1574432228721,"group":{"id":"settings","version":"4"},"event":{"state":true,"data":{"component":"XmlEditorOptions","created":1574432228721},"id":"invoked"}}
{"recorder_version":"21","session":"0612f479e119","build":"192.6262.58","bucket":"189","time":1574432228771,"group":{"id":"performance","version":"21"},"event":{"count":1,"data":{"duration_ms":244,"created":1574432228771},"id":"ui.lagging"}}
{"recorder_version":"21","session":"0612f479e119","build":"192.6262.58","bucket":"189","time":1574432228868,"group":{"id":"toolwindow","version":"21"},"event":{"count":1,"data":{"os":"Mac","created":1574432228868,"plugin_type":"PLATFORM"},"id":"Project"}}
{"recorder_version":"21","session":"0612f479e119","build":"192.6262.58","bucket":"189","time":1574432229439,"group":{"id":"lifecycle","version":"21"},"event":{"count":1,"data":{"created":1574432229439,"project":"a0f12fb42952fc36a102045bdbb22ad1f15aa9443e9c675024683f4da70c8bc4"},"id":"frame.activated"}}
{"recorder_version":"21","session":"0612f479e119","build":"192.6262.58","bucket":"189","time":1574432229774,"group":{"id":"performance","version":"21"},"event":{"count":1,"data":{"duration_ms":248,"created":1574432229774},"id":"ui.lagging"}}
{"recorder_version":"21","session":"0612f479e119","build":"192.6262.58","bucket":"189","time":1574432231284,"group":{"id":"kotlin.jps.target","version":"1"},"event":{"count":1,"data":{"plugin_version":"1.3.41-release-IJ2019.2-1","created":1574432231284},"id":"jvm"}}
{"recorder_version":"21","session":"0612f479e119","build":"192.6262.58","bucket":"189","time":1574432231309,"group":{"id":"project.fs","version":"1"},"event":{"state":true,"data":{"os":"Mac","cs-project":false,"created":1574432231309,"project":"a0f12fb42952fc36a102045bdbb22ad1f15aa9443e9c675024683f4da70c8bc4","cs-implicit":true,"cs-system":false},"id":"case-sensitivity"}}
{"recorder_version":"21","session":"0612f479e119","build":"192.6262.58","bucket":"189","time":1574432231309,"group":{"id":"project.fs","version":"1"},"event":{"state":true,"data":{"created":1574432231309},"id":"invoked"}}
{"recorder_version":"21","session":"0612f479e119","build":"192.6262.58","bucket":"189","time":1574432231310,"group":{"id":"project.fs","version":"1"},"event":{"state":true,"data":{"pct-non-watched":0,"created":1574432231310,"project":"a0f12fb42952fc36a102045bdbb22ad1f15aa9443e9c675024683f4da70c8bc4"},"id":"roots-watched"}}
{"recorder_version":"21","session":"0612f479e119","build":"192.6262.58","bucket":"189","time":1574432231310,"group":{"id":"project.fs","version":"1"},"event":{"state":true,"data":{"created":1574432231310},"id":"invoked"}}
{"recorder_version":"21","session":"0612f479e119","build":"192.6262.58","bucket":"189","time":1574432231422,"group":{"id":"ui.dialogs","version":"21"},"event":{"count":1,"data":{"code":1,"created":1574432231422,"plugin_type":"PLATFORM","type":"close"},"id":"com.intellij.openapi.progress.util.ProgressDialog$MyDialogWrapper"}}
{"recorder_version":"21","session":"0612f479e119","build":"192.6262.58","bucket":"189","time":1574432231664,"group":{"id":"lifecycle","version":"21"},"event":{"count":1,"data":{"duration_ms":6074,"created":1574432231664,"project":"a0f12fb42952fc36a102045bdbb22ad1f15aa9443e9c675024683f4da70c8bc4"},"id":"project.opening.finished"}}
{"recorder_version":"21","session":"0612f479e119","build":"192.6262.58","bucket":"189","time":1574432234172,"group":{"id":"file.types.usage","version":"21"},"event":{"count":1,"data":{"plugin":"com.intellij.java","created":1574432234172,"plugin_type":"JB_BUNDLED","project":"a0f12fb42952fc36a102045bdbb22ad1f15aa9443e9c675024683f4da70c8bc4","type":"edit"},"id":"JAVA"}}
{"recorder_version":"21","session":"0612f479e119","build":"192.6262.58","bucket":"189","time":1574432242267,"group":{"id":"lifecycle","version":"21"},"event":{"count":1,"data":{"created":1574432242267,"project":"a0f12fb42952fc36a102045bdbb22ad1f15aa9443e9c675024683f4da70c8bc4"},"id":"frame.deactivated"}}
{"recorder_version":"21","session":"0612f479e119","build":"192.6262.58","bucket":"189","time":1574432247056,"group":{"id":"lifecycle","version":"21"},"event":{"count":1,"data":{"created":1574432247057,"project":"a0f12fb42952fc36a102045bdbb22ad1f15aa9443e9c675024683f4da70c8bc4"},"id":"frame.activated"}}
{"recorder_version":"21","session":"0612f479e119","build":"192.6262.58","bucket":"189","time":1574432248193,"group":{"id":"lifecycle","version":"21"},"event":{"count":1,"data":{"created":1574432248194,"project":"a0f12fb42952fc36a102045bdbb22ad1f15aa9443e9c675024683f4da70c8bc4"},"id":"frame.deactivated"}}
{"recorder_version":"21","session":"0612f479e119","build":"192.6262.58","bucket":"189","time":1574432273483,"group":{"id":"lifecycle","version":"21"},"event":{"count":1,"data":{"created":1574432273483,"project":"a0f12fb42952fc36a102045bdbb22ad1f15aa9443e9c675024683f4da70c8bc4"},"id":"frame.activated"}}
{"recorder_version":"21","session":"0612f479e119","build":"192.6262.58","bucket":"189","time":1574432274065,"group":{"id":"lifecycle","version":"21"},"event":{"count":1,"data":{"restart":false,"created":1574432274065},"id":"ide.close"}}
{"recorder_version":"21","session":"0612f479e119","build":"192.6262.58","bucket":"189","time":1574432274155,"group":{"id":"lifecycle","version":"21"},"event":{"count":1,"data":{"created":1574432274155,"project":"a0f12fb42952fc36a102045bdbb22ad1f15aa9443e9c675024683f4da70c8bc4"},"id":"project.closed"}}
