{"recorder_version":"21","session":"b81adc5ba662","build":"192.6262.58","bucket":"189","time":1575351443689,"group":{"id":"settings","version":"4"},"event":{"state":true,"data":{"component":"NotRoamableUiSettings","created":1575351443881},"id":"invoked"}}
{"recorder_version":"21","session":"b81adc5ba662","build":"192.6262.58","bucket":"189","time":1575351443692,"group":{"id":"system.java","version":"1"},"event":{"state":true,"data":{"created":1575351443884,"version":"1.11"},"id":"JetBrains"}}
{"recorder_version":"21","session":"b81adc5ba662","build":"192.6262.58","bucket":"189","time":1575351443692,"group":{"id":"system.java","version":"1"},"event":{"state":true,"data":{"created":1575351443893},"id":"invoked"}}
{"recorder_version":"21","session":"b81adc5ba662","build":"192.6262.58","bucket":"189","time":1575351443692,"group":{"id":"settings","version":"4"},"event":{"state":true,"data":{"component":"UISettings","created":1575351443894},"id":"invoked"}}
{"recorder_version":"21","session":"b81adc5ba662","build":"192.6262.58","bucket":"189","time":1575351443714,"group":{"id":"system.os","version":"3"},"event":{"state":true,"data":{"created":1575351443895,"version":"10.14"},"id":"Mac"}}
{"recorder_version":"21","session":"b81adc5ba662","build":"192.6262.58","bucket":"189","time":1575351443714,"group":{"id":"system.os","version":"3"},"event":{"state":true,"data":{"created":1575351443895,"name":"Mac","version":"10.14"},"id":"os.name"}}
{"recorder_version":"21","session":"b81adc5ba662","build":"192.6262.58","bucket":"189","time":1575351443714,"group":{"id":"system.os","version":"3"},"event":{"state":true,"data":{"created":1575351443896,"value":"+09_00"},"id":"os.timezone"}}
{"recorder_version":"21","session":"b81adc5ba662","build":"192.6262.58","bucket":"189","time":1575351443714,"group":{"id":"system.os","version":"3"},"event":{"state":true,"data":{"created":1575351443897},"id":"invoked"}}
{"recorder_version":"21","session":"b81adc5ba662","build":"192.6262.58","bucket":"189","time":1575351443881,"group":{"id":"event.log","version":"21"},"event":{"count":1,"data":{"created":1575351443898,"version":"943.0"},"id":"whitelist.loaded"}}
{"recorder_version":"21","session":"b81adc5ba662","build":"192.6262.58","bucket":"189","time":1575351446276,"group":{"id":"settings","version":"4"},"event":{"state":true,"data":{"component":"UpdatesConfigurable","created":1575351446276,"name":"checkNeeded","type":"bool","value":false},"id":"not.default"}}
{"recorder_version":"21","session":"b81adc5ba662","build":"192.6262.58","bucket":"189","time":1575351446276,"group":{"id":"settings","version":"4"},"event":{"state":true,"data":{"component":"UpdatesConfigurable","created":1575351446277},"id":"invoked"}}
{"recorder_version":"21","session":"b81adc5ba662","build":"192.6262.58","bucket":"189","time":1575351446448,"group":{"id":"settings","version":"4"},"event":{"state":true,"data":{"component":"GeneralSettings","created":1575351446449,"name":"confirmExit","type":"bool","value":false},"id":"not.default"}}
{"recorder_version":"21","session":"b81adc5ba662","build":"192.6262.58","bucket":"189","time":1575351446448,"group":{"id":"settings","version":"4"},"event":{"state":true,"data":{"component":"GeneralSettings","created":1575351446451,"name":"showTipsOnStartup","type":"bool","value":false},"id":"not.default"}}
{"recorder_version":"21","session":"b81adc5ba662","build":"192.6262.58","bucket":"189","time":1575351446449,"group":{"id":"settings","version":"4"},"event":{"state":true,"data":{"component":"GeneralSettings","created":1575351446453},"id":"invoked"}}
{"recorder_version":"21","session":"b81adc5ba662","build":"192.6262.58","bucket":"189","time":1575351446454,"group":{"id":"lifecycle","version":"21"},"event":{"count":1,"data":{"internal":true,"eap":false,"created":1575351446454},"id":"ide.start"}}
{"recorder_version":"21","session":"b81adc5ba662","build":"192.6262.58","bucket":"189","time":1575351446850,"group":{"id":"performance","version":"21"},"event":{"count":1,"data":{"duration_ms":125,"created":1575351446850},"id":"ui.latency"}}
{"recorder_version":"21","session":"b81adc5ba662","build":"192.6262.58","bucket":"189","time":1575351446850,"group":{"id":"performance","version":"21"},"event":{"count":1,"data":{"duration_ms":125,"created":1575351446852},"id":"ui.lagging"}}
{"recorder_version":"21","session":"b81adc5ba662","build":"192.6262.58","bucket":"189","time":1575351447210,"group":{"id":"ui.dialogs","version":"21"},"event":{"count":1,"data":{"created":1575351447212,"plugin_type":"PLATFORM","type":"show"},"id":"com.intellij.openapi.progress.util.ProgressDialog$MyDialogWrapper"}}
{"recorder_version":"21","session":"b81adc5ba662","build":"192.6262.58","bucket":"189","time":1575351448432,"group":{"id":"lifecycle","version":"21"},"event":{"count":1,"data":{"created":1575351448432,"project":"4452600da3b350ab41d92ae108c2baae6ff0ac3ddb31bd67020ee046ec77ac09"},"id":"project.opened"}}
{"recorder_version":"21","session":"b81adc5ba662","build":"192.6262.58","bucket":"189","time":1575351449153,"group":{"id":"performance","version":"21"},"event":{"count":1,"data":{"duration_ms":424,"created":1575351449155},"id":"ui.lagging"}}
{"recorder_version":"21","session":"b81adc5ba662","build":"192.6262.58","bucket":"189","time":1575351450266,"group":{"id":"settings","version":"4"},"event":{"state":true,"data":{"component":"XmlEditorOptions","created":1575351450266},"id":"invoked"}}
{"recorder_version":"21","session":"b81adc5ba662","build":"192.6262.58","bucket":"189","time":1575351450317,"group":{"id":"performance","version":"21"},"event":{"count":1,"data":{"duration_ms":584,"created":1575351450318},"id":"ui.lagging"}}
{"recorder_version":"21","session":"b81adc5ba662","build":"192.6262.58","bucket":"189","time":1575351451165,"group":{"id":"toolwindow","version":"21"},"event":{"count":1,"data":{"os":"Mac","created":1575351451166,"plugin_type":"PLATFORM"},"id":"Project"}}
{"recorder_version":"21","session":"b81adc5ba662","build":"192.6262.58","bucket":"189","time":1575351452008,"group":{"id":"performance","version":"21"},"event":{"count":1,"data":{"duration_ms":267,"created":1575351452009},"id":"ui.lagging"}}
{"recorder_version":"21","session":"b81adc5ba662","build":"192.6262.58","bucket":"189","time":1575351453648,"group":{"id":"project.fs","version":"1"},"event":{"state":true,"data":{"os":"Mac","cs-project":false,"created":1575351453648,"project":"4452600da3b350ab41d92ae108c2baae6ff0ac3ddb31bd67020ee046ec77ac09","cs-implicit":true,"cs-system":false},"id":"case-sensitivity"}}
{"recorder_version":"21","session":"b81adc5ba662","build":"192.6262.58","bucket":"189","time":1575351453648,"group":{"id":"project.fs","version":"1"},"event":{"state":true,"data":{"created":1575351453649},"id":"invoked"}}
{"recorder_version":"21","session":"b81adc5ba662","build":"192.6262.58","bucket":"189","time":1575351453649,"group":{"id":"project.fs","version":"1"},"event":{"state":true,"data":{"pct-non-watched":0,"created":1575351453649,"project":"4452600da3b350ab41d92ae108c2baae6ff0ac3ddb31bd67020ee046ec77ac09"},"id":"roots-watched"}}
{"recorder_version":"21","session":"b81adc5ba662","build":"192.6262.58","bucket":"189","time":1575351453649,"group":{"id":"project.fs","version":"1"},"event":{"state":true,"data":{"created":1575351453649},"id":"invoked"}}
{"recorder_version":"21","session":"b81adc5ba662","build":"192.6262.58","bucket":"189","time":1575351453673,"group":{"id":"ui.dialogs","version":"21"},"event":{"count":1,"data":{"code":1,"created":1575351453674,"plugin_type":"PLATFORM","type":"close"},"id":"com.intellij.openapi.progress.util.ProgressDialog$MyDialogWrapper"}}
{"recorder_version":"21","session":"b81adc5ba662","build":"192.6262.58","bucket":"189","time":1575351453868,"group":{"id":"performance","version":"21"},"event":{"count":1,"data":{"duration_ms":123,"created":1575351453868},"id":"ui.lagging"}}
{"recorder_version":"21","session":"b81adc5ba662","build":"192.6262.58","bucket":"189","time":1575351453932,"group":{"id":"lifecycle","version":"21"},"event":{"count":1,"data":{"duration_ms":6974,"created":1575351453932,"project":"4452600da3b350ab41d92ae108c2baae6ff0ac3ddb31bd67020ee046ec77ac09"},"id":"project.opening.finished"}}
{"recorder_version":"21","session":"b81adc5ba662","build":"192.6262.58","bucket":"189","time":1575351454857,"group":{"id":"kotlin.jps.target","version":"1"},"event":{"count":2,"data":{"plugin_version":"validation.undefined_rule","last":1575351454857,"created":1575351454857},"id":"validation.undefined_rule"}}
{"recorder_version":"21","session":"b81adc5ba662","build":"192.6262.58","bucket":"189","time":1575351455834,"group":{"id":"vcs.change.reminder","version":"1"},"event":{"count":1,"data":{"created":1575351455834,"project":"4452600da3b350ab41d92ae108c2baae6ff0ac3ddb31bd67020ee046ec77ac09","execution_time":247},"id":"prediction.calculated"}}
{"recorder_version":"21","session":"b81adc5ba662","build":"192.6262.58","bucket":"189","time":1575351526181,"group":{"id":"lifecycle","version":"21"},"event":{"count":1,"data":{"created":1575351526181,"project":"4452600da3b350ab41d92ae108c2baae6ff0ac3ddb31bd67020ee046ec77ac09"},"id":"frame.activated"}}
{"recorder_version":"21","session":"b81adc5ba662","build":"192.6262.58","bucket":"189","time":1575351527348,"group":{"id":"file.types.usage","version":"21"},"event":{"count":3,"data":{"plugin":"com.intellij.java","last":1575351530588,"created":1575351527348,"plugin_type":"JB_BUNDLED","project":"4452600da3b350ab41d92ae108c2baae6ff0ac3ddb31bd67020ee046ec77ac09","type":"edit"},"id":"JAVA"}}
{"recorder_version":"21","session":"b81adc5ba662","build":"192.6262.58","bucket":"189","time":1575351530663,"group":{"id":"lifecycle","version":"21"},"event":{"count":1,"data":{"created":1575351530663,"plugin_type":"NOT_LISTED","error":"java.lang.ArrayIndexOutOfBoundsException"},"id":"ide.error"}}
{"recorder_version":"21","session":"b81adc5ba662","build":"192.6262.58","bucket":"189","time":1575351534531,"group":{"id":"lifecycle","version":"21"},"event":{"count":1,"data":{"created":1575351534532,"project":"4452600da3b350ab41d92ae108c2baae6ff0ac3ddb31bd67020ee046ec77ac09"},"id":"frame.deactivated"}}
{"recorder_version":"21","session":"b81adc5ba662","build":"192.6262.58","bucket":"189","time":1575351546959,"group":{"id":"performance","version":"21"},"event":{"count":1,"data":{"duration_ms":0,"created":1575351546959},"id":"ui.latency"}}
{"recorder_version":"21","session":"b81adc5ba662","build":"192.6262.58","bucket":"189","time":1575351647218,"group":{"id":"performance","version":"21"},"event":{"count":1,"data":{"duration_ms":0,"created":1575351647218},"id":"ui.latency"}}
{"recorder_version":"21","session":"b81adc5ba662","build":"192.6262.58","bucket":"189","time":1575351710266,"group":{"id":"lifecycle","version":"21"},"event":{"count":1,"data":{"created":1575351710266,"project":"4452600da3b350ab41d92ae108c2baae6ff0ac3ddb31bd67020ee046ec77ac09"},"id":"frame.activated"}}
{"recorder_version":"21","session":"b81adc5ba662","build":"192.6262.58","bucket":"189","time":1575351712186,"group":{"id":"file.types.usage","version":"21"},"event":{"count":1,"data":{"plugin":"com.intellij.java","created":1575351712186,"plugin_type":"JB_BUNDLED","project":"4452600da3b350ab41d92ae108c2baae6ff0ac3ddb31bd67020ee046ec77ac09","type":"edit"},"id":"JAVA"}}
{"recorder_version":"21","session":"b81adc5ba662","build":"192.6262.58","bucket":"189","time":1575351716983,"group":{"id":"lifecycle","version":"21"},"event":{"count":1,"data":{"created":1575351716983,"project":"4452600da3b350ab41d92ae108c2baae6ff0ac3ddb31bd67020ee046ec77ac09"},"id":"frame.deactivated"}}
{"recorder_version":"21","session":"b81adc5ba662","build":"192.6262.58","bucket":"189","time":1575351746443,"group":{"id":"build.tools.actions","version":"1"},"event":{"count":1,"data":{"created":1575351746443},"id":"registered"}}
{"recorder_version":"21","session":"b81adc5ba662","build":"192.6262.58","bucket":"189","time":1575351746443,"group":{"id":"file.types.usage","version":"21"},"event":{"count":1,"data":{"created":1575351746444},"id":"registered"}}
{"recorder_version":"21","session":"b81adc5ba662","build":"192.6262.58","bucket":"189","time":1575351746443,"group":{"id":"ide.script.engine","version":"1"},"event":{"count":1,"data":{"created":1575351746444},"id":"registered"}}
{"recorder_version":"21","session":"b81adc5ba662","build":"192.6262.58","bucket":"189","time":1575351746443,"group":{"id":"actions.runAnything","version":"1"},"event":{"count":1,"data":{"created":1575351746444},"id":"registered"}}
{"recorder_version":"21","session":"b81adc5ba662","build":"192.6262.58","bucket":"189","time":1575351746443,"group":{"id":"toolwindow","version":"21"},"event":{"count":1,"data":{"created":1575351746444},"id":"registered"}}
{"recorder_version":"21","session":"b81adc5ba662","build":"192.6262.58","bucket":"189","time":1575351746443,"group":{"id":"kotlin.ide.newFileTempl","version":"1"},"event":{"count":1,"data":{"created":1575351746445},"id":"registered"}}
{"recorder_version":"21","session":"b81adc5ba662","build":"192.6262.58","bucket":"189","time":1575351746443,"group":{"id":"live.templates","version":"21"},"event":{"count":1,"data":{"created":1575351746445},"id":"registered"}}
{"recorder_version":"21","session":"b81adc5ba662","build":"192.6262.58","bucket":"189","time":1575351746443,"group":{"id":"ide.self.update","version":"2"},"event":{"count":1,"data":{"created":1575351746445},"id":"registered"}}
{"recorder_version":"21","session":"b81adc5ba662","build":"192.6262.58","bucket":"189","time":1575351746443,"group":{"id":"ui.settings","version":"21"},"event":{"count":1,"data":{"created":1575351746445},"id":"registered"}}
{"recorder_version":"21","session":"b81adc5ba662","build":"192.6262.58","bucket":"189","time":1575351746443,"group":{"id":"lifecycle","version":"21"},"event":{"count":1,"data":{"created":1575351746445},"id":"registered"}}
{"recorder_version":"21","session":"b81adc5ba662","build":"192.6262.58","bucket":"189","time":1575351746443,"group":{"id":"vcs.diff.trigger","version":"1"},"event":{"count":1,"data":{"created":1575351746446},"id":"registered"}}
{"recorder_version":"21","session":"b81adc5ba662","build":"192.6262.58","bucket":"189","time":1575351746443,"group":{"id":"vcs.log.trigger","version":"2"},"event":{"count":1,"data":{"created":1575351746446},"id":"registered"}}
{"recorder_version":"21","session":"b81adc5ba662","build":"192.6262.58","bucket":"189","time":1575351746443,"group":{"id":"productivity","version":"21"},"event":{"count":1,"data":{"created":1575351746446},"id":"registered"}}
{"recorder_version":"21","session":"b81adc5ba662","build":"192.6262.58","bucket":"189","time":1575351746443,"group":{"id":"debugger.breakpoints.usage","version":"2"},"event":{"count":1,"data":{"created":1575351746446},"id":"registered"}}
{"recorder_version":"21","session":"b81adc5ba662","build":"192.6262.58","bucket":"189","time":1575351746443,"group":{"id":"kotlin.gradle.library","version":"1"},"event":{"count":1,"data":{"created":1575351746446},"id":"registered"}}
{"recorder_version":"21","session":"b81adc5ba662","build":"192.6262.58","bucket":"189","time":1575351746443,"group":{"id":"find","version":"1"},"event":{"count":1,"data":{"created":1575351746446},"id":"registered"}}
{"recorder_version":"21","session":"b81adc5ba662","build":"192.6262.58","bucket":"189","time":1575351746443,"group":{"id":"kotlin.gradle.target","version":"1"},"event":{"count":1,"data":{"created":1575351746447},"id":"registered"}}
{"recorder_version":"21","session":"b81adc5ba662","build":"192.6262.58","bucket":"189","time":1575351746443,"group":{"id":"gutter.icon.click","version":"1"},"event":{"count":1,"data":{"created":1575351746447},"id":"registered"}}
{"recorder_version":"21","session":"b81adc5ba662","build":"192.6262.58","bucket":"189","time":1575351746443,"group":{"id":"shell.script","version":"1"},"event":{"count":1,"data":{"created":1575351746447},"id":"registered"}}
{"recorder_version":"21","session":"b81adc5ba662","build":"192.6262.58","bucket":"189","time":1575351746443,"group":{"id":"kotlin.ide.debugger.eval","version":"1"},"event":{"count":1,"data":{"created":1575351746447},"id":"registered"}}
{"recorder_version":"21","session":"b81adc5ba662","build":"192.6262.58","bucket":"189","time":1575351746443,"group":{"id":"build.maven.actions","version":"1"},"event":{"count":1,"data":{"created":1575351746447},"id":"registered"}}
{"recorder_version":"21","session":"b81adc5ba662","build":"192.6262.58","bucket":"189","time":1575351746443,"group":{"id":"ui.event","version":"1"},"event":{"count":1,"data":{"created":1575351746447},"id":"registered"}}
{"recorder_version":"21","session":"b81adc5ba662","build":"192.6262.58","bucket":"189","time":1575351746443,"group":{"id":"new.project.wizard","version":"1"},"event":{"count":1,"data":{"created":1575351746448},"id":"registered"}}
{"recorder_version":"21","session":"b81adc5ba662","build":"192.6262.58","bucket":"189","time":1575351746443,"group":{"id":"kotlin.ide.npwizards","version":"1"},"event":{"count":1,"data":{"created":1575351746448},"id":"registered"}}
{"recorder_version":"21","session":"b81adc5ba662","build":"192.6262.58","bucket":"189","time":1575351746443,"group":{"id":"intentions","version":"21"},"event":{"count":1,"data":{"created":1575351746448},"id":"registered"}}
{"recorder_version":"21","session":"b81adc5ba662","build":"192.6262.58","bucket":"189","time":1575351746443,"group":{"id":"ui.dialogs","version":"21"},"event":{"count":1,"data":{"created":1575351746448},"id":"registered"}}
{"recorder_version":"21","session":"b81adc5ba662","build":"192.6262.58","bucket":"189","time":1575351746443,"group":{"id":"vcs.back.forward.trigger","version":"1"},"event":{"count":1,"data":{"created":1575351746448},"id":"registered"}}
{"recorder_version":"21","session":"b81adc5ba662","build":"192.6262.58","bucket":"189","time":1575351746443,"group":{"id":"vcs.change.reminder","version":"1"},"event":{"count":1,"data":{"created":1575351746448},"id":"registered"}}
{"recorder_version":"21","session":"b81adc5ba662","build":"192.6262.58","bucket":"189","time":1575351746443,"group":{"id":"toolbar","version":"21"},"event":{"count":1,"data":{"created":1575351746448},"id":"registered"}}
{"recorder_version":"21","session":"b81adc5ba662","build":"192.6262.58","bucket":"189","time":1575351746443,"group":{"id":"build.gradle.actions","version":"1"},"event":{"count":1,"data":{"created":1575351746448},"id":"registered"}}
{"recorder_version":"21","session":"b81adc5ba662","build":"192.6262.58","bucket":"189","time":1575351746443,"group":{"id":"kotlin.maven.target","version":"1"},"event":{"count":1,"data":{"created":1575351746449},"id":"registered"}}
{"recorder_version":"21","session":"b81adc5ba662","build":"192.6262.58","bucket":"189","time":1575351746443,"group":{"id":"performance","version":"21"},"event":{"count":1,"data":{"created":1575351746449},"id":"registered"}}
{"recorder_version":"21","session":"b81adc5ba662","build":"192.6262.58","bucket":"189","time":1575351746443,"group":{"id":"searchEverywhere","version":"1"},"event":{"count":1,"data":{"created":1575351746449},"id":"registered"}}
{"recorder_version":"21","session":"b81adc5ba662","build":"192.6262.58","bucket":"189","time":1575351746443,"group":{"id":"kotlin.ide.action.refactoring","version":"1"},"event":{"count":1,"data":{"created":1575351746449},"id":"registered"}}
{"recorder_version":"21","session":"b81adc5ba662","build":"192.6262.58","bucket":"189","time":1575351746443,"group":{"id":"ui.tips","version":"2"},"event":{"count":1,"data":{"created":1575351746449},"id":"registered"}}
{"recorder_version":"21","session":"b81adc5ba662","build":"192.6262.58","bucket":"189","time":1575351746443,"group":{"id":"surround.with","version":"1"},"event":{"count":1,"data":{"created":1575351746449},"id":"registered"}}
{"recorder_version":"21","session":"b81adc5ba662","build":"192.6262.58","bucket":"189","time":1575351746443,"group":{"id":"import.old.config","version":"1"},"event":{"count":1,"data":{"created":1575351746449},"id":"registered"}}
{"recorder_version":"21","session":"b81adc5ba662","build":"192.6262.58","bucket":"189","time":1575351746443,"group":{"id":"json.schema","version":"1"},"event":{"count":1,"data":{"created":1575351746449},"id":"registered"}}
{"recorder_version":"21","session":"b81adc5ba662","build":"192.6262.58","bucket":"189","time":1575351746443,"group":{"id":"kotlin.jps.target","version":"1"},"event":{"count":1,"data":{"created":1575351746450},"id":"registered"}}
{"recorder_version":"21","session":"b81adc5ba662","build":"192.6262.58","bucket":"189","time":1575351746443,"group":{"id":"terminalShell","version":"1"},"event":{"count":1,"data":{"created":1575351746450},"id":"registered"}}
{"recorder_version":"21","session":"b81adc5ba662","build":"192.6262.58","bucket":"189","time":1575351746443,"group":{"id":"completion.postfix","version":"21"},"event":{"count":1,"data":{"created":1575351746450},"id":"registered"}}
{"recorder_version":"21","session":"b81adc5ba662","build":"192.6262.58","bucket":"189","time":1575351746443,"group":{"id":"build.ant.actions","version":"1"},"event":{"count":1,"data":{"created":1575351746450},"id":"registered"}}
{"recorder_version":"21","session":"b81adc5ba662","build":"192.6262.58","bucket":"189","time":1575351746443,"group":{"id":"actions","version":"21"},"event":{"count":1,"data":{"created":1575351746450},"id":"registered"}}
{"recorder_version":"21","session":"b81adc5ba662","build":"192.6262.58","bucket":"189","time":1575351746443,"group":{"id":"event.log","version":"21"},"event":{"count":1,"data":{"created":1575351746451},"id":"registered"}}
{"recorder_version":"21","session":"b81adc5ba662","build":"192.6262.58","bucket":"189","time":1575351746443,"group":{"id":"run.configuration.exec","version":"21"},"event":{"count":1,"data":{"created":1575351746451},"id":"registered"}}
{"recorder_version":"21","session":"b81adc5ba662","build":"192.6262.58","bucket":"189","time":1575351746443,"group":{"id":"build.maven.packagesearch","version":"2"},"event":{"count":1,"data":{"created":1575351746451},"id":"registered"}}
{"recorder_version":"21","session":"b81adc5ba662","build":"192.6262.58","bucket":"189","time":1575351747474,"group":{"id":"performance","version":"21"},"event":{"count":1,"data":{"duration_ms":0,"created":1575351747474},"id":"ui.latency"}}
{"recorder_version":"21","session":"b81adc5ba662","build":"192.6262.58","bucket":"189","time":1575351757167,"group":{"id":"lifecycle","version":"21"},"event":{"count":1,"data":{"created":1575351757167,"project":"4452600da3b350ab41d92ae108c2baae6ff0ac3ddb31bd67020ee046ec77ac09"},"id":"frame.activated"}}
{"recorder_version":"21","session":"b81adc5ba662","build":"192.6262.58","bucket":"189","time":1575351757768,"group":{"id":"lifecycle","version":"21"},"event":{"count":1,"data":{"created":1575351757768,"project":"4452600da3b350ab41d92ae108c2baae6ff0ac3ddb31bd67020ee046ec77ac09"},"id":"frame.deactivated"}}
{"recorder_version":"21","session":"b81adc5ba662","build":"192.6262.58","bucket":"189","time":1575351847765,"group":{"id":"performance","version":"21"},"event":{"count":1,"data":{"duration_ms":0,"created":1575351847765},"id":"ui.latency"}}
{"recorder_version":"21","session":"b81adc5ba662","build":"192.6262.58","bucket":"189","time":1575351883154,"group":{"id":"lifecycle","version":"21"},"event":{"count":1,"data":{"created":1575351883154,"project":"4452600da3b350ab41d92ae108c2baae6ff0ac3ddb31bd67020ee046ec77ac09"},"id":"frame.activated"}}
{"recorder_version":"21","session":"b81adc5ba662","build":"192.6262.58","bucket":"189","time":1575351884774,"group":{"id":"lifecycle","version":"21"},"event":{"count":1,"data":{"restart":false,"created":1575351884774},"id":"ide.close"}}
{"recorder_version":"21","session":"b81adc5ba662","build":"192.6262.58","bucket":"189","time":1575351884837,"group":{"id":"lifecycle","version":"21"},"event":{"count":1,"data":{"created":1575351884837,"project":"4452600da3b350ab41d92ae108c2baae6ff0ac3ddb31bd67020ee046ec77ac09"},"id":"project.closed"}}
