{"recorder_version":"21","session":"4497853ced7f","build":"192.6262.58","bucket":"189","time":1574629363904,"group":{"id":"settings","version":"4"},"event":{"state":true,"data":{"component":"NotRoamableUiSettings","created":1574629364096},"id":"invoked"}}
{"recorder_version":"21","session":"4497853ced7f","build":"192.6262.58","bucket":"189","time":1574629363908,"group":{"id":"settings","version":"4"},"event":{"state":true,"data":{"component":"UISettings","created":1574629364099},"id":"invoked"}}
{"recorder_version":"21","session":"4497853ced7f","build":"192.6262.58","bucket":"189","time":1574629363909,"group":{"id":"system.java","version":"1"},"event":{"state":true,"data":{"created":1574629364110,"version":"1.11"},"id":"JetBrains"}}
{"recorder_version":"21","session":"4497853ced7f","build":"192.6262.58","bucket":"189","time":1574629363909,"group":{"id":"system.java","version":"1"},"event":{"state":true,"data":{"created":1574629364111},"id":"invoked"}}
{"recorder_version":"21","session":"4497853ced7f","build":"192.6262.58","bucket":"189","time":1574629363932,"group":{"id":"system.os","version":"3"},"event":{"state":true,"data":{"created":1574629364112,"version":"10.14"},"id":"Mac"}}
{"recorder_version":"21","session":"4497853ced7f","build":"192.6262.58","bucket":"189","time":1574629363932,"group":{"id":"system.os","version":"3"},"event":{"state":true,"data":{"created":1574629364113,"name":"Mac","version":"10.14"},"id":"os.name"}}
{"recorder_version":"21","session":"4497853ced7f","build":"192.6262.58","bucket":"189","time":1574629363932,"group":{"id":"system.os","version":"3"},"event":{"state":true,"data":{"created":1574629364114,"value":"+09_00"},"id":"os.timezone"}}
{"recorder_version":"21","session":"4497853ced7f","build":"192.6262.58","bucket":"189","time":1574629363932,"group":{"id":"system.os","version":"3"},"event":{"state":true,"data":{"created":1574629364115},"id":"invoked"}}
{"recorder_version":"21","session":"4497853ced7f","build":"192.6262.58","bucket":"189","time":1574629364096,"group":{"id":"event.log","version":"21"},"event":{"count":1,"data":{"created":1574629364115,"version":"919.0"},"id":"whitelist.loaded"}}
{"recorder_version":"21","session":"4497853ced7f","build":"192.6262.58","bucket":"189","time":1574629366513,"group":{"id":"settings","version":"4"},"event":{"state":true,"data":{"component":"UpdatesConfigurable","created":1574629366514,"name":"checkNeeded","type":"bool","value":false},"id":"not.default"}}
{"recorder_version":"21","session":"4497853ced7f","build":"192.6262.58","bucket":"189","time":1574629366513,"group":{"id":"settings","version":"4"},"event":{"state":true,"data":{"component":"UpdatesConfigurable","created":1574629366516},"id":"invoked"}}
{"recorder_version":"21","session":"4497853ced7f","build":"192.6262.58","bucket":"189","time":1574629366735,"group":{"id":"settings","version":"4"},"event":{"state":true,"data":{"component":"GeneralSettings","created":1574629366735,"name":"confirmExit","type":"bool","value":false},"id":"not.default"}}
{"recorder_version":"21","session":"4497853ced7f","build":"192.6262.58","bucket":"189","time":1574629366735,"group":{"id":"settings","version":"4"},"event":{"state":true,"data":{"component":"GeneralSettings","created":1574629366744,"name":"showTipsOnStartup","type":"bool","value":false},"id":"not.default"}}
{"recorder_version":"21","session":"4497853ced7f","build":"192.6262.58","bucket":"189","time":1574629366735,"group":{"id":"settings","version":"4"},"event":{"state":true,"data":{"component":"GeneralSettings","created":1574629366747},"id":"invoked"}}
{"recorder_version":"21","session":"4497853ced7f","build":"192.6262.58","bucket":"189","time":1574629366752,"group":{"id":"lifecycle","version":"21"},"event":{"count":1,"data":{"internal":true,"eap":false,"created":1574629366753},"id":"ide.start"}}
{"recorder_version":"21","session":"4497853ced7f","build":"192.6262.58","bucket":"189","time":1574629367144,"group":{"id":"lifecycle","version":"21"},"event":{"count":1,"data":{"created":1574629367144},"id":"frame.activated"}}
{"recorder_version":"21","session":"4497853ced7f","build":"192.6262.58","bucket":"189","time":1574629367303,"group":{"id":"performance","version":"21"},"event":{"count":1,"data":{"duration_ms":167,"created":1574629367303},"id":"ui.latency"}}
{"recorder_version":"21","session":"4497853ced7f","build":"192.6262.58","bucket":"189","time":1574629367303,"group":{"id":"performance","version":"21"},"event":{"count":1,"data":{"duration_ms":167,"created":1574629367304},"id":"ui.lagging"}}
{"recorder_version":"21","session":"4497853ced7f","build":"192.6262.58","bucket":"189","time":1574629367654,"group":{"id":"ui.dialogs","version":"21"},"event":{"count":1,"data":{"created":1574629367655,"plugin_type":"PLATFORM","type":"show"},"id":"com.intellij.openapi.progress.util.ProgressDialog$MyDialogWrapper"}}
{"recorder_version":"21","session":"4497853ced7f","build":"192.6262.58","bucket":"189","time":1574629368792,"group":{"id":"lifecycle","version":"21"},"event":{"count":1,"data":{"created":1574629368792,"project":"92ddc83aceaa9edad1485397ccc1680a8fd16623aa2c155379eac4aafdb2a559"},"id":"project.opened"}}
{"recorder_version":"21","session":"4497853ced7f","build":"192.6262.58","bucket":"189","time":1574629369439,"group":{"id":"performance","version":"21"},"event":{"count":1,"data":{"duration_ms":293,"created":1574629369439},"id":"ui.lagging"}}
{"recorder_version":"21","session":"4497853ced7f","build":"192.6262.58","bucket":"189","time":1574629370359,"group":{"id":"settings","version":"4"},"event":{"state":true,"data":{"component":"XmlEditorOptions","created":1574629370359},"id":"invoked"}}
{"recorder_version":"21","session":"4497853ced7f","build":"192.6262.58","bucket":"189","time":1574629370400,"group":{"id":"performance","version":"21"},"event":{"count":1,"data":{"duration_ms":253,"created":1574629370400},"id":"ui.lagging"}}
{"recorder_version":"21","session":"4497853ced7f","build":"192.6262.58","bucket":"189","time":1574629370597,"group":{"id":"toolwindow","version":"21"},"event":{"count":1,"data":{"os":"Mac","created":1574629370598,"plugin_type":"PLATFORM"},"id":"Project"}}
{"recorder_version":"21","session":"4497853ced7f","build":"192.6262.58","bucket":"189","time":1574629372424,"group":{"id":"kotlin.jps.target","version":"1"},"event":{"count":1,"data":{"plugin_version":"1.3.41-release-IJ2019.2-1","created":1574629372424},"id":"jvm"}}
{"recorder_version":"21","session":"4497853ced7f","build":"192.6262.58","bucket":"189","time":1574629372787,"group":{"id":"project.fs","version":"1"},"event":{"state":true,"data":{"os":"Mac","cs-project":false,"created":1574629372788,"project":"92ddc83aceaa9edad1485397ccc1680a8fd16623aa2c155379eac4aafdb2a559","cs-implicit":true,"cs-system":false},"id":"case-sensitivity"}}
{"recorder_version":"21","session":"4497853ced7f","build":"192.6262.58","bucket":"189","time":1574629372787,"group":{"id":"project.fs","version":"1"},"event":{"state":true,"data":{"created":1574629372788},"id":"invoked"}}
{"recorder_version":"21","session":"4497853ced7f","build":"192.6262.58","bucket":"189","time":1574629372788,"group":{"id":"project.fs","version":"1"},"event":{"state":true,"data":{"pct-non-watched":0,"created":1574629372788,"project":"92ddc83aceaa9edad1485397ccc1680a8fd16623aa2c155379eac4aafdb2a559"},"id":"roots-watched"}}
{"recorder_version":"21","session":"4497853ced7f","build":"192.6262.58","bucket":"189","time":1574629372788,"group":{"id":"project.fs","version":"1"},"event":{"state":true,"data":{"created":1574629372788},"id":"invoked"}}
{"recorder_version":"21","session":"4497853ced7f","build":"192.6262.58","bucket":"189","time":1574629372864,"group":{"id":"ui.dialogs","version":"21"},"event":{"count":1,"data":{"code":1,"created":1574629372865,"plugin_type":"PLATFORM","type":"close"},"id":"com.intellij.openapi.progress.util.ProgressDialog$MyDialogWrapper"}}
{"recorder_version":"21","session":"4497853ced7f","build":"192.6262.58","bucket":"189","time":1574629372960,"group":{"id":"lifecycle","version":"21"},"event":{"count":1,"data":{"duration_ms":5569,"created":1574629372960,"project":"92ddc83aceaa9edad1485397ccc1680a8fd16623aa2c155379eac4aafdb2a559"},"id":"project.opening.finished"}}
{"recorder_version":"21","session":"4497853ced7f","build":"192.6262.58","bucket":"189","time":1574629373361,"group":{"id":"performance","version":"21"},"event":{"count":1,"data":{"duration_ms":211,"created":1574629373362},"id":"ui.lagging"}}
{"recorder_version":"21","session":"4497853ced7f","build":"192.6262.58","bucket":"189","time":1574629381026,"group":{"id":"file.types.usage","version":"21"},"event":{"count":1,"data":{"created":1574629381026,"plugin_type":"PLATFORM","project":"92ddc83aceaa9edad1485397ccc1680a8fd16623aa2c155379eac4aafdb2a559","type":"edit"},"id":"IDEA_MODULE"}}
{"recorder_version":"21","session":"4497853ced7f","build":"192.6262.58","bucket":"189","time":1574629416010,"group":{"id":"lifecycle","version":"21"},"event":{"count":1,"data":{"created":1574629416010,"project":"92ddc83aceaa9edad1485397ccc1680a8fd16623aa2c155379eac4aafdb2a559"},"id":"frame.deactivated"}}
{"recorder_version":"21","session":"4497853ced7f","build":"192.6262.58","bucket":"189","time":1574629467409,"group":{"id":"performance","version":"21"},"event":{"count":1,"data":{"duration_ms":0,"created":1574629467410},"id":"ui.latency"}}
{"recorder_version":"21","session":"4497853ced7f","build":"192.6262.58","bucket":"189","time":1574629496025,"group":{"id":"lifecycle","version":"21"},"event":{"count":1,"data":{"created":1574629496025,"project":"92ddc83aceaa9edad1485397ccc1680a8fd16623aa2c155379eac4aafdb2a559"},"id":"project.closed"}}
{"recorder_version":"21","session":"4497853ced7f","build":"192.6262.58","bucket":"189","time":1574629497530,"group":{"id":"lifecycle","version":"21"},"event":{"count":1,"data":{"restart":false,"created":1574629497530},"id":"ide.close"}}
