{"recorder_version":"21","session":"8c3831391250","build":"192.6262.58","bucket":"189","time":1574886282744,"group":{"id":"settings","version":"4"},"event":{"state":true,"data":{"component":"NotRoamableUiSettings","created":1574886282880},"id":"invoked"}}
{"recorder_version":"21","session":"8c3831391250","build":"192.6262.58","bucket":"189","time":1574886282746,"group":{"id":"system.java","version":"1"},"event":{"state":true,"data":{"created":1574886282882,"version":"1.11"},"id":"JetBrains"}}
{"recorder_version":"21","session":"8c3831391250","build":"192.6262.58","bucket":"189","time":1574886282746,"group":{"id":"settings","version":"4"},"event":{"state":true,"data":{"component":"UISettings","created":1574886282887},"id":"invoked"}}
{"recorder_version":"21","session":"8c3831391250","build":"192.6262.58","bucket":"189","time":1574886282746,"group":{"id":"system.java","version":"1"},"event":{"state":true,"data":{"created":1574886282888},"id":"invoked"}}
{"recorder_version":"21","session":"8c3831391250","build":"192.6262.58","bucket":"189","time":1574886282768,"group":{"id":"system.os","version":"3"},"event":{"state":true,"data":{"created":1574886282888,"version":"10.14"},"id":"Mac"}}
{"recorder_version":"21","session":"8c3831391250","build":"192.6262.58","bucket":"189","time":1574886282768,"group":{"id":"system.os","version":"3"},"event":{"state":true,"data":{"created":1574886282889,"name":"Mac","version":"10.14"},"id":"os.name"}}
{"recorder_version":"21","session":"8c3831391250","build":"192.6262.58","bucket":"189","time":1574886282768,"group":{"id":"system.os","version":"3"},"event":{"state":true,"data":{"created":1574886282891,"value":"+09_00"},"id":"os.timezone"}}
{"recorder_version":"21","session":"8c3831391250","build":"192.6262.58","bucket":"189","time":1574886282768,"group":{"id":"system.os","version":"3"},"event":{"state":true,"data":{"created":1574886282891},"id":"invoked"}}
{"recorder_version":"21","session":"8c3831391250","build":"192.6262.58","bucket":"189","time":1574886282880,"group":{"id":"event.log","version":"21"},"event":{"count":1,"data":{"created":1574886282892,"version":"746.0"},"id":"whitelist.loaded"}}
{"recorder_version":"21","session":"8c3831391250","build":"192.6262.58","bucket":"189","time":1574886285289,"group":{"id":"settings","version":"4"},"event":{"state":true,"data":{"component":"UpdatesConfigurable","created":1574886285290,"name":"checkNeeded","type":"bool","value":false},"id":"not.default"}}
{"recorder_version":"21","session":"8c3831391250","build":"192.6262.58","bucket":"189","time":1574886285291,"group":{"id":"settings","version":"4"},"event":{"state":true,"data":{"component":"UpdatesConfigurable","created":1574886285291},"id":"invoked"}}
{"recorder_version":"21","session":"8c3831391250","build":"192.6262.58","bucket":"189","time":1574886285808,"group":{"id":"lifecycle","version":"21"},"event":{"count":1,"data":{"internal":true,"eap":false,"created":1574886285808},"id":"ide.start"}}
{"recorder_version":"21","session":"8c3831391250","build":"192.6262.58","bucket":"189","time":1574886285808,"group":{"id":"settings","version":"4"},"event":{"state":true,"data":{"component":"GeneralSettings","created":1574886285809},"id":"invoked"}}
{"recorder_version":"21","session":"8c3831391250","build":"192.6262.58","bucket":"189","time":1574886285889,"group":{"id":"performance","version":"21"},"event":{"count":1,"data":{"duration_ms":61,"created":1574886285889},"id":"ui.latency"}}
{"recorder_version":"21","session":"8c3831391250","build":"192.6262.58","bucket":"189","time":1574886286429,"group":{"id":"settings","version":"4"},"event":{"state":true,"data":{"component":"XmlEditorOptions","created":1574886286429},"id":"invoked"}}
{"recorder_version":"21","session":"8c3831391250","build":"192.6262.58","bucket":"189","time":1574886286954,"group":{"id":"performance","version":"21"},"event":{"count":1,"data":{"duration_ms":123,"created":1574886286954},"id":"ui.lagging"}}
{"recorder_version":"21","session":"8c3831391250","build":"192.6262.58","bucket":"189","time":1574886287530,"group":{"id":"ui.dialogs","version":"21"},"event":{"count":1,"data":{"created":1574886287531,"plugin_type":"PLATFORM","type":"show"},"id":"com.intellij.openapi.progress.util.ProgressDialog$MyDialogWrapper"}}
{"recorder_version":"21","session":"8c3831391250","build":"192.6262.58","bucket":"189","time":1574886288512,"group":{"id":"lifecycle","version":"21"},"event":{"count":1,"data":{"created":1574886288512,"project":"4452600da3b350ab41d92ae108c2baae6ff0ac3ddb31bd67020ee046ec77ac09"},"id":"project.opened"}}
{"recorder_version":"21","session":"8c3831391250","build":"192.6262.58","bucket":"189","time":1574886289118,"group":{"id":"performance","version":"21"},"event":{"count":1,"data":{"duration_ms":287,"created":1574886289118},"id":"ui.lagging"}}
{"recorder_version":"21","session":"8c3831391250","build":"192.6262.58","bucket":"189","time":1574886290364,"group":{"id":"performance","version":"21"},"event":{"count":1,"data":{"duration_ms":531,"created":1574886290365},"id":"ui.lagging"}}
{"recorder_version":"21","session":"8c3831391250","build":"192.6262.58","bucket":"189","time":1574886290985,"group":{"id":"toolwindow","version":"21"},"event":{"count":1,"data":{"os":"Mac","created":1574886290985,"plugin_type":"PLATFORM"},"id":"Project"}}
{"recorder_version":"21","session":"8c3831391250","build":"192.6262.58","bucket":"189","time":1574886291983,"group":{"id":"performance","version":"21"},"event":{"count":1,"data":{"duration_ms":149,"created":1574886291983},"id":"ui.lagging"}}
{"recorder_version":"21","session":"8c3831391250","build":"192.6262.58","bucket":"189","time":1574886291983,"group":{"id":"ui.tips","version":"2"},"event":{"count":1,"data":{"created":1574886291983,"type":"automatically"},"id":"dialog.shown"}}
{"recorder_version":"21","session":"8c3831391250","build":"192.6262.58","bucket":"189","time":1574886292074,"group":{"id":"ui.dialogs","version":"21"},"event":{"count":1,"data":{"created":1574886292074,"plugin_type":"PLATFORM","type":"show"},"id":"com.intellij.ide.util.TipDialog"}}
{"recorder_version":"21","session":"8c3831391250","build":"192.6262.58","bucket":"189","time":1574886292834,"group":{"id":"kotlin.jps.target","version":"1"},"event":{"count":2,"data":{"plugin_version":"1.3.41-release-IJ2019.2-1","last":1574886292834,"created":1574886292834},"id":"jvm"}}
{"recorder_version":"21","session":"8c3831391250","build":"192.6262.58","bucket":"189","time":1574886292868,"group":{"id":"project.fs","version":"1"},"event":{"state":true,"data":{"os":"Mac","cs-project":false,"created":1574886292868,"project":"4452600da3b350ab41d92ae108c2baae6ff0ac3ddb31bd67020ee046ec77ac09","cs-implicit":true,"cs-system":false},"id":"case-sensitivity"}}
{"recorder_version":"21","session":"8c3831391250","build":"192.6262.58","bucket":"189","time":1574886292868,"group":{"id":"project.fs","version":"1"},"event":{"state":true,"data":{"created":1574886292868},"id":"invoked"}}
{"recorder_version":"21","session":"8c3831391250","build":"192.6262.58","bucket":"189","time":1574886292869,"group":{"id":"project.fs","version":"1"},"event":{"state":true,"data":{"pct-non-watched":0,"created":1574886292869,"project":"4452600da3b350ab41d92ae108c2baae6ff0ac3ddb31bd67020ee046ec77ac09"},"id":"roots-watched"}}
{"recorder_version":"21","session":"8c3831391250","build":"192.6262.58","bucket":"189","time":1574886292869,"group":{"id":"project.fs","version":"1"},"event":{"state":true,"data":{"created":1574886292869},"id":"invoked"}}
{"recorder_version":"21","session":"8c3831391250","build":"192.6262.58","bucket":"189","time":1574886292945,"group":{"id":"ui.dialogs","version":"21"},"event":{"count":1,"data":{"code":1,"created":1574886292945,"plugin_type":"PLATFORM","type":"close"},"id":"com.intellij.openapi.progress.util.ProgressDialog$MyDialogWrapper"}}
{"recorder_version":"21","session":"8c3831391250","build":"192.6262.58","bucket":"189","time":1574886293079,"group":{"id":"lifecycle","version":"21"},"event":{"count":1,"data":{"duration_ms":5811,"created":1574886293079,"project":"4452600da3b350ab41d92ae108c2baae6ff0ac3ddb31bd67020ee046ec77ac09"},"id":"project.opening.finished"}}
{"recorder_version":"21","session":"8c3831391250","build":"192.6262.58","bucket":"189","time":1574886294288,"group":{"id":"vcs.change.reminder","version":"1"},"event":{"count":1,"data":{"created":1574886294289,"project":"4452600da3b350ab41d92ae108c2baae6ff0ac3ddb31bd67020ee046ec77ac09","execution_time":225},"id":"prediction.calculated"}}
{"recorder_version":"21","session":"8c3831391250","build":"192.6262.58","bucket":"189","time":1574886294572,"group":{"id":"ui.dialogs","version":"21"},"event":{"count":1,"data":{"code":1,"created":1574886294572,"plugin_type":"PLATFORM","type":"close"},"id":"com.intellij.ide.util.TipDialog"}}
{"recorder_version":"21","session":"8c3831391250","build":"192.6262.58","bucket":"189","time":1574886294600,"group":{"id":"lifecycle","version":"21"},"event":{"count":1,"data":{"created":1574886294600,"project":"4452600da3b350ab41d92ae108c2baae6ff0ac3ddb31bd67020ee046ec77ac09"},"id":"frame.deactivated"}}
{"recorder_version":"21","session":"8c3831391250","build":"192.6262.58","bucket":"189","time":1574886294806,"group":{"id":"lifecycle","version":"21"},"event":{"count":1,"data":{"created":1574886294806,"project":"4452600da3b350ab41d92ae108c2baae6ff0ac3ddb31bd67020ee046ec77ac09"},"id":"frame.activated"}}
{"recorder_version":"21","session":"8c3831391250","build":"192.6262.58","bucket":"189","time":1574886296349,"group":{"id":"file.types.usage","version":"21"},"event":{"count":1,"data":{"plugin":"com.intellij.java","created":1574886296349,"plugin_type":"JB_BUNDLED","project":"4452600da3b350ab41d92ae108c2baae6ff0ac3ddb31bd67020ee046ec77ac09","type":"edit"},"id":"JAVA"}}
{"recorder_version":"21","session":"8c3831391250","build":"192.6262.58","bucket":"189","time":1574886325998,"group":{"id":"toolwindow","version":"21"},"event":{"count":1,"data":{"os":"Mac","created":1574886326001,"plugin_type":"NOT_LISTED"},"id":"third.party"}}
{"recorder_version":"21","session":"8c3831391250","build":"192.6262.58","bucket":"189","time":1574886332389,"group":{"id":"actions","version":"21"},"event":{"count":1,"data":{"context_menu":false,"current_file":"JAVA","created":1574886332389,"plugin_type":"PLATFORM","project":"4452600da3b350ab41d92ae108c2baae6ff0ac3ddb31bd67020ee046ec77ac09","place":"keyboard_shortcut","class":"com.intellij.openapi.editor.actions.EscapeAction","input_event":"Escape"},"id":"EditorEscape"}}
{"recorder_version":"21","session":"8c3831391250","build":"192.6262.58","bucket":"189","time":1574886350122,"group":{"id":"lifecycle","version":"21"},"event":{"count":1,"data":{"created":1574886350122,"project":"4452600da3b350ab41d92ae108c2baae6ff0ac3ddb31bd67020ee046ec77ac09"},"id":"frame.deactivated"}}
{"recorder_version":"21","session":"8c3831391250","build":"192.6262.58","bucket":"189","time":1574886362591,"group":{"id":"lifecycle","version":"21"},"event":{"count":1,"data":{"created":1574886362591,"project":"4452600da3b350ab41d92ae108c2baae6ff0ac3ddb31bd67020ee046ec77ac09"},"id":"frame.activated"}}
{"recorder_version":"21","session":"8c3831391250","build":"192.6262.58","bucket":"189","time":1574886363177,"group":{"id":"file.types.usage","version":"21"},"event":{"count":1,"data":{"plugin":"com.intellij.java","created":1574886363177,"plugin_type":"JB_BUNDLED","project":"4452600da3b350ab41d92ae108c2baae6ff0ac3ddb31bd67020ee046ec77ac09","type":"edit"},"id":"JAVA"}}
{"recorder_version":"21","session":"8c3831391250","build":"192.6262.58","bucket":"189","time":1574886386092,"group":{"id":"performance","version":"21"},"event":{"count":1,"data":{"duration_ms":0,"created":1574886386092},"id":"ui.latency"}}
{"recorder_version":"21","session":"8c3831391250","build":"192.6262.58","bucket":"189","time":1574886389653,"group":{"id":"lifecycle","version":"21"},"event":{"count":1,"data":{"created":1574886389653,"project":"4452600da3b350ab41d92ae108c2baae6ff0ac3ddb31bd67020ee046ec77ac09"},"id":"frame.deactivated"}}
{"recorder_version":"21","session":"8c3831391250","build":"192.6262.58","bucket":"189","time":1574886398549,"group":{"id":"lifecycle","version":"21"},"event":{"count":1,"data":{"created":1574886398549,"project":"4452600da3b350ab41d92ae108c2baae6ff0ac3ddb31bd67020ee046ec77ac09"},"id":"frame.activated"}}
{"recorder_version":"21","session":"8c3831391250","build":"192.6262.58","bucket":"189","time":1574886399041,"group":{"id":"actions","version":"21"},"event":{"count":1,"data":{"context_menu":false,"current_file":"JAVA","created":1574886399041,"plugin_type":"PLATFORM","project":"4452600da3b350ab41d92ae108c2baae6ff0ac3ddb31bd67020ee046ec77ac09","place":"keyboard_shortcut","class":"com.intellij.openapi.editor.actions.EscapeAction","input_event":"Escape"},"id":"EditorEscape"}}
{"recorder_version":"21","session":"8c3831391250","build":"192.6262.58","bucket":"189","time":1574886410665,"group":{"id":"lifecycle","version":"21"},"event":{"count":1,"data":{"created":1574886410665,"project":"4452600da3b350ab41d92ae108c2baae6ff0ac3ddb31bd67020ee046ec77ac09"},"id":"frame.deactivated"}}
{"recorder_version":"21","session":"8c3831391250","build":"192.6262.58","bucket":"189","time":1574886457759,"group":{"id":"lifecycle","version":"21"},"event":{"count":1,"data":{"created":1574886457760,"project":"4452600da3b350ab41d92ae108c2baae6ff0ac3ddb31bd67020ee046ec77ac09"},"id":"frame.activated"}}
{"recorder_version":"21","session":"8c3831391250","build":"192.6262.58","bucket":"189","time":1574886458343,"group":{"id":"actions","version":"21"},"event":{"count":1,"data":{"context_menu":false,"current_file":"JAVA","created":1574886458344,"plugin_type":"PLATFORM","project":"4452600da3b350ab41d92ae108c2baae6ff0ac3ddb31bd67020ee046ec77ac09","place":"keyboard_shortcut","class":"com.intellij.openapi.editor.actions.EscapeAction","input_event":"Escape"},"id":"EditorEscape"}}
{"recorder_version":"21","session":"8c3831391250","build":"192.6262.58","bucket":"189","time":1574886458648,"group":{"id":"file.types.usage","version":"21"},"event":{"count":1,"data":{"plugin":"com.intellij.java","created":1574886458648,"plugin_type":"JB_BUNDLED","project":"4452600da3b350ab41d92ae108c2baae6ff0ac3ddb31bd67020ee046ec77ac09","type":"edit"},"id":"JAVA"}}
{"recorder_version":"21","session":"8c3831391250","build":"192.6262.58","bucket":"189","time":1574886465706,"group":{"id":"event.log","version":"21"},"event":{"count":1,"data":{"created":1574886465706,"version":"934.0"},"id":"whitelist.updated"}}
{"recorder_version":"21","session":"8c3831391250","build":"192.6262.58","bucket":"189","time":1574886473117,"group":{"id":"actions","version":"21"},"event":{"count":1,"data":{"context_menu":false,"current_file":"JAVA","created":1574886473117,"plugin_type":"PLATFORM","project":"4452600da3b350ab41d92ae108c2baae6ff0ac3ddb31bd67020ee046ec77ac09","place":"keyboard_shortcut","class":"com.intellij.openapi.editor.actions.EscapeAction","input_event":"Escape"},"id":"EditorEscape"}}
{"recorder_version":"21","session":"8c3831391250","build":"192.6262.58","bucket":"189","time":1574886475927,"group":{"id":"actions","version":"21"},"event":{"count":2,"data":{"context_menu":false,"last":1574886476078,"created":1574886475928,"plugin_type":"PLATFORM","project":"4452600da3b350ab41d92ae108c2baae6ff0ac3ddb31bd67020ee046ec77ac09","place":"keyboard_shortcut","class":"com.intellij.openapi.editor.actions.BackspaceAction","input_event":"Backspace"},"id":"EditorBackSpace"}}
{"recorder_version":"21","session":"8c3831391250","build":"192.6262.58","bucket":"189","time":1574886482124,"group":{"id":"actions","version":"21"},"event":{"count":1,"data":{"context_menu":false,"current_file":"JAVA","created":1574886482124,"plugin_type":"PLATFORM","project":"4452600da3b350ab41d92ae108c2baae6ff0ac3ddb31bd67020ee046ec77ac09","place":"keyboard_shortcut","class":"com.intellij.openapi.editor.actions.TabAction","input_event":"Tab"},"id":"EditorTab"}}
{"recorder_version":"21","session":"8c3831391250","build":"192.6262.58","bucket":"189","time":1574886482557,"group":{"id":"vcs.change.reminder","version":"1"},"event":{"count":1,"data":{"created":1574886482557,"project":"4452600da3b350ab41d92ae108c2baae6ff0ac3ddb31bd67020ee046ec77ac09","execution_time":49},"id":"prediction.calculated"}}
{"recorder_version":"21","session":"8c3831391250","build":"192.6262.58","bucket":"189","time":1574886482607,"group":{"id":"vcs.change.reminder","version":"1"},"event":{"count":1,"data":{"created":1574886482607,"project":"4452600da3b350ab41d92ae108c2baae6ff0ac3ddb31bd67020ee046ec77ac09","execution_time":50},"id":"prediction.calculated"}}
{"recorder_version":"21","session":"8c3831391250","build":"192.6262.58","bucket":"189","time":1574886486412,"group":{"id":"performance","version":"21"},"event":{"count":1,"data":{"duration_ms":0,"created":1574886486412},"id":"ui.latency"}}
{"recorder_version":"21","session":"8c3831391250","build":"192.6262.58","bucket":"189","time":1574886512495,"group":{"id":"lifecycle","version":"21"},"event":{"count":1,"data":{"created":1574886512495,"project":"4452600da3b350ab41d92ae108c2baae6ff0ac3ddb31bd67020ee046ec77ac09"},"id":"frame.deactivated"}}
{"recorder_version":"21","session":"8c3831391250","build":"192.6262.58","bucket":"189","time":1574886513215,"group":{"id":"vcs.change.reminder","version":"1"},"event":{"count":1,"data":{"created":1574886513215,"project":"4452600da3b350ab41d92ae108c2baae6ff0ac3ddb31bd67020ee046ec77ac09","execution_time":39},"id":"prediction.calculated"}}
{"recorder_version":"21","session":"8c3831391250","build":"192.6262.58","bucket":"189","time":1574886513242,"group":{"id":"vcs.change.reminder","version":"1"},"event":{"count":1,"data":{"created":1574886513242,"project":"4452600da3b350ab41d92ae108c2baae6ff0ac3ddb31bd67020ee046ec77ac09","execution_time":26},"id":"prediction.calculated"}}
{"recorder_version":"21","session":"8c3831391250","build":"192.6262.58","bucket":"189","time":1574886524050,"group":{"id":"lifecycle","version":"21"},"event":{"count":1,"data":{"created":1574886524050,"project":"4452600da3b350ab41d92ae108c2baae6ff0ac3ddb31bd67020ee046ec77ac09"},"id":"frame.activated"}}
{"recorder_version":"21","session":"8c3831391250","build":"192.6262.58","bucket":"189","time":1574886525206,"group":{"id":"actions","version":"21"},"event":{"count":1,"data":{"context_menu":false,"current_file":"JAVA","created":1574886525206,"plugin_type":"PLATFORM","project":"4452600da3b350ab41d92ae108c2baae6ff0ac3ddb31bd67020ee046ec77ac09","place":"keyboard_shortcut","class":"com.intellij.openapi.editor.actions.EscapeAction","input_event":"Escape"},"id":"EditorEscape"}}
{"recorder_version":"21","session":"8c3831391250","build":"192.6262.58","bucket":"189","time":1574886525595,"group":{"id":"file.types.usage","version":"21"},"event":{"count":1,"data":{"plugin":"com.intellij.java","created":1574886525595,"plugin_type":"JB_BUNDLED","project":"4452600da3b350ab41d92ae108c2baae6ff0ac3ddb31bd67020ee046ec77ac09","type":"edit"},"id":"JAVA"}}
{"recorder_version":"21","session":"8c3831391250","build":"192.6262.58","bucket":"189","time":1574886585795,"group":{"id":"build.tools.actions","version":"1"},"event":{"count":1,"data":{"created":1574886585796},"id":"registered"}}
{"recorder_version":"21","session":"8c3831391250","build":"192.6262.58","bucket":"189","time":1574886585795,"group":{"id":"file.types.usage","version":"21"},"event":{"count":1,"data":{"created":1574886585796},"id":"registered"}}
{"recorder_version":"21","session":"8c3831391250","build":"192.6262.58","bucket":"189","time":1574886585795,"group":{"id":"ide.script.engine","version":"1"},"event":{"count":1,"data":{"created":1574886585796},"id":"registered"}}
{"recorder_version":"21","session":"8c3831391250","build":"192.6262.58","bucket":"189","time":1574886585795,"group":{"id":"actions.runAnything","version":"1"},"event":{"count":1,"data":{"created":1574886585796},"id":"registered"}}
{"recorder_version":"21","session":"8c3831391250","build":"192.6262.58","bucket":"189","time":1574886585795,"group":{"id":"toolwindow","version":"21"},"event":{"count":1,"data":{"created":1574886585797},"id":"registered"}}
{"recorder_version":"21","session":"8c3831391250","build":"192.6262.58","bucket":"189","time":1574886585795,"group":{"id":"kotlin.ide.newFileTempl","version":"1"},"event":{"count":1,"data":{"created":1574886585797},"id":"registered"}}
{"recorder_version":"21","session":"8c3831391250","build":"192.6262.58","bucket":"189","time":1574886585795,"group":{"id":"live.templates","version":"21"},"event":{"count":1,"data":{"created":1574886585797},"id":"registered"}}
{"recorder_version":"21","session":"8c3831391250","build":"192.6262.58","bucket":"189","time":1574886585795,"group":{"id":"ide.self.update","version":"2"},"event":{"count":1,"data":{"created":1574886585797},"id":"registered"}}
{"recorder_version":"21","session":"8c3831391250","build":"192.6262.58","bucket":"189","time":1574886585795,"group":{"id":"ui.settings","version":"21"},"event":{"count":1,"data":{"created":1574886585798},"id":"registered"}}
{"recorder_version":"21","session":"8c3831391250","build":"192.6262.58","bucket":"189","time":1574886585795,"group":{"id":"lifecycle","version":"21"},"event":{"count":1,"data":{"created":1574886585798},"id":"registered"}}
{"recorder_version":"21","session":"8c3831391250","build":"192.6262.58","bucket":"189","time":1574886585795,"group":{"id":"vcs.diff.trigger","version":"1"},"event":{"count":1,"data":{"created":1574886585798},"id":"registered"}}
{"recorder_version":"21","session":"8c3831391250","build":"192.6262.58","bucket":"189","time":1574886585795,"group":{"id":"vcs.log.trigger","version":"2"},"event":{"count":1,"data":{"created":1574886585798},"id":"registered"}}
{"recorder_version":"21","session":"8c3831391250","build":"192.6262.58","bucket":"189","time":1574886585795,"group":{"id":"productivity","version":"21"},"event":{"count":1,"data":{"created":1574886585798},"id":"registered"}}
{"recorder_version":"21","session":"8c3831391250","build":"192.6262.58","bucket":"189","time":1574886585795,"group":{"id":"debugger.breakpoints.usage","version":"2"},"event":{"count":1,"data":{"created":1574886585798},"id":"registered"}}
{"recorder_version":"21","session":"8c3831391250","build":"192.6262.58","bucket":"189","time":1574886585795,"group":{"id":"kotlin.gradle.library","version":"1"},"event":{"count":1,"data":{"created":1574886585799},"id":"registered"}}
{"recorder_version":"21","session":"8c3831391250","build":"192.6262.58","bucket":"189","time":1574886585795,"group":{"id":"find","version":"1"},"event":{"count":1,"data":{"created":1574886585799},"id":"registered"}}
{"recorder_version":"21","session":"8c3831391250","build":"192.6262.58","bucket":"189","time":1574886585795,"group":{"id":"kotlin.gradle.target","version":"1"},"event":{"count":1,"data":{"created":1574886585799},"id":"registered"}}
{"recorder_version":"21","session":"8c3831391250","build":"192.6262.58","bucket":"189","time":1574886585795,"group":{"id":"gutter.icon.click","version":"1"},"event":{"count":1,"data":{"created":1574886585799},"id":"registered"}}
{"recorder_version":"21","session":"8c3831391250","build":"192.6262.58","bucket":"189","time":1574886585795,"group":{"id":"shell.script","version":"1"},"event":{"count":1,"data":{"created":1574886585799},"id":"registered"}}
{"recorder_version":"21","session":"8c3831391250","build":"192.6262.58","bucket":"189","time":1574886585795,"group":{"id":"kotlin.ide.debugger.eval","version":"1"},"event":{"count":1,"data":{"created":1574886585799},"id":"registered"}}
{"recorder_version":"21","session":"8c3831391250","build":"192.6262.58","bucket":"189","time":1574886585795,"group":{"id":"build.maven.actions","version":"1"},"event":{"count":1,"data":{"created":1574886585800},"id":"registered"}}
{"recorder_version":"21","session":"8c3831391250","build":"192.6262.58","bucket":"189","time":1574886585795,"group":{"id":"ui.event","version":"1"},"event":{"count":1,"data":{"created":1574886585800},"id":"registered"}}
{"recorder_version":"21","session":"8c3831391250","build":"192.6262.58","bucket":"189","time":1574886585795,"group":{"id":"new.project.wizard","version":"1"},"event":{"count":1,"data":{"created":1574886585800},"id":"registered"}}
{"recorder_version":"21","session":"8c3831391250","build":"192.6262.58","bucket":"189","time":1574886585795,"group":{"id":"kotlin.ide.npwizards","version":"1"},"event":{"count":1,"data":{"created":1574886585800},"id":"registered"}}
{"recorder_version":"21","session":"8c3831391250","build":"192.6262.58","bucket":"189","time":1574886585795,"group":{"id":"intentions","version":"21"},"event":{"count":1,"data":{"created":1574886585800},"id":"registered"}}
{"recorder_version":"21","session":"8c3831391250","build":"192.6262.58","bucket":"189","time":1574886585795,"group":{"id":"ui.dialogs","version":"21"},"event":{"count":1,"data":{"created":1574886585800},"id":"registered"}}
{"recorder_version":"21","session":"8c3831391250","build":"192.6262.58","bucket":"189","time":1574886585796,"group":{"id":"vcs.back.forward.trigger","version":"1"},"event":{"count":1,"data":{"created":1574886585800},"id":"registered"}}
{"recorder_version":"21","session":"8c3831391250","build":"192.6262.58","bucket":"189","time":1574886585796,"group":{"id":"vcs.change.reminder","version":"1"},"event":{"count":1,"data":{"created":1574886585800},"id":"registered"}}
{"recorder_version":"21","session":"8c3831391250","build":"192.6262.58","bucket":"189","time":1574886585796,"group":{"id":"toolbar","version":"21"},"event":{"count":1,"data":{"created":1574886585800},"id":"registered"}}
{"recorder_version":"21","session":"8c3831391250","build":"192.6262.58","bucket":"189","time":1574886585796,"group":{"id":"build.gradle.actions","version":"1"},"event":{"count":1,"data":{"created":1574886585801},"id":"registered"}}
{"recorder_version":"21","session":"8c3831391250","build":"192.6262.58","bucket":"189","time":1574886585796,"group":{"id":"kotlin.maven.target","version":"1"},"event":{"count":1,"data":{"created":1574886585801},"id":"registered"}}
{"recorder_version":"21","session":"8c3831391250","build":"192.6262.58","bucket":"189","time":1574886585796,"group":{"id":"performance","version":"21"},"event":{"count":1,"data":{"created":1574886585801},"id":"registered"}}
{"recorder_version":"21","session":"8c3831391250","build":"192.6262.58","bucket":"189","time":1574886585796,"group":{"id":"searchEverywhere","version":"1"},"event":{"count":1,"data":{"created":1574886585801},"id":"registered"}}
{"recorder_version":"21","session":"8c3831391250","build":"192.6262.58","bucket":"189","time":1574886585796,"group":{"id":"kotlin.ide.action.refactoring","version":"1"},"event":{"count":1,"data":{"created":1574886585801},"id":"registered"}}
{"recorder_version":"21","session":"8c3831391250","build":"192.6262.58","bucket":"189","time":1574886585796,"group":{"id":"ui.tips","version":"2"},"event":{"count":1,"data":{"created":1574886585801},"id":"registered"}}
{"recorder_version":"21","session":"8c3831391250","build":"192.6262.58","bucket":"189","time":1574886585796,"group":{"id":"surround.with","version":"1"},"event":{"count":1,"data":{"created":1574886585801},"id":"registered"}}
{"recorder_version":"21","session":"8c3831391250","build":"192.6262.58","bucket":"189","time":1574886585796,"group":{"id":"import.old.config","version":"1"},"event":{"count":1,"data":{"created":1574886585801},"id":"registered"}}
{"recorder_version":"21","session":"8c3831391250","build":"192.6262.58","bucket":"189","time":1574886585796,"group":{"id":"json.schema","version":"1"},"event":{"count":1,"data":{"created":1574886585802},"id":"registered"}}
{"recorder_version":"21","session":"8c3831391250","build":"192.6262.58","bucket":"189","time":1574886585796,"group":{"id":"kotlin.jps.target","version":"1"},"event":{"count":1,"data":{"created":1574886585802},"id":"registered"}}
{"recorder_version":"21","session":"8c3831391250","build":"192.6262.58","bucket":"189","time":1574886585796,"group":{"id":"terminalShell","version":"1"},"event":{"count":1,"data":{"created":1574886585802},"id":"registered"}}
{"recorder_version":"21","session":"8c3831391250","build":"192.6262.58","bucket":"189","time":1574886585796,"group":{"id":"completion.postfix","version":"21"},"event":{"count":1,"data":{"created":1574886585802},"id":"registered"}}
{"recorder_version":"21","session":"8c3831391250","build":"192.6262.58","bucket":"189","time":1574886585796,"group":{"id":"build.ant.actions","version":"1"},"event":{"count":1,"data":{"created":1574886585802},"id":"registered"}}
{"recorder_version":"21","session":"8c3831391250","build":"192.6262.58","bucket":"189","time":1574886585796,"group":{"id":"actions","version":"21"},"event":{"count":1,"data":{"created":1574886585802},"id":"registered"}}
{"recorder_version":"21","session":"8c3831391250","build":"192.6262.58","bucket":"189","time":1574886585796,"group":{"id":"event.log","version":"21"},"event":{"count":1,"data":{"created":1574886585802},"id":"registered"}}
{"recorder_version":"21","session":"8c3831391250","build":"192.6262.58","bucket":"189","time":1574886585796,"group":{"id":"run.configuration.exec","version":"21"},"event":{"count":1,"data":{"created":1574886585803},"id":"registered"}}
{"recorder_version":"21","session":"8c3831391250","build":"192.6262.58","bucket":"189","time":1574886585796,"group":{"id":"build.maven.packagesearch","version":"2"},"event":{"count":1,"data":{"created":1574886585803},"id":"registered"}}
{"recorder_version":"21","session":"8c3831391250","build":"192.6262.58","bucket":"189","time":1574886586670,"group":{"id":"performance","version":"21"},"event":{"count":1,"data":{"duration_ms":0,"created":1574886586671},"id":"ui.latency"}}
{"recorder_version":"21","session":"8c3831391250","build":"192.6262.58","bucket":"189","time":1574886611079,"group":{"id":"file.types.usage","version":"21"},"event":{"count":1,"data":{"plugin":"com.intellij.java","created":1574886611079,"plugin_type":"JB_BUNDLED","project":"4452600da3b350ab41d92ae108c2baae6ff0ac3ddb31bd67020ee046ec77ac09","type":"edit"},"id":"JAVA"}}
{"recorder_version":"21","session":"8c3831391250","build":"192.6262.58","bucket":"189","time":1574886639146,"group":{"id":"lifecycle","version":"21"},"event":{"count":1,"data":{"created":1574886639146,"project":"4452600da3b350ab41d92ae108c2baae6ff0ac3ddb31bd67020ee046ec77ac09"},"id":"frame.deactivated"}}
{"recorder_version":"21","session":"8c3831391250","build":"192.6262.58","bucket":"189","time":1574886640254,"group":{"id":"vcs.change.reminder","version":"1"},"event":{"count":1,"data":{"created":1574886640254,"project":"4452600da3b350ab41d92ae108c2baae6ff0ac3ddb31bd67020ee046ec77ac09","execution_time":44},"id":"prediction.calculated"}}
{"recorder_version":"21","session":"8c3831391250","build":"192.6262.58","bucket":"189","time":1574886640297,"group":{"id":"vcs.change.reminder","version":"1"},"event":{"count":1,"data":{"created":1574886640298,"project":"4452600da3b350ab41d92ae108c2baae6ff0ac3ddb31bd67020ee046ec77ac09","execution_time":43},"id":"prediction.calculated"}}
{"recorder_version":"21","session":"8c3831391250","build":"192.6262.58","bucket":"189","time":1574886686970,"group":{"id":"performance","version":"21"},"event":{"count":1,"data":{"duration_ms":0,"created":1574886686970},"id":"ui.latency"}}
{"recorder_version":"21","session":"8c3831391250","build":"192.6262.58","bucket":"189","time":1574886776543,"group":{"id":"lifecycle","version":"21"},"event":{"count":1,"data":{"created":1574886776543,"project":"4452600da3b350ab41d92ae108c2baae6ff0ac3ddb31bd67020ee046ec77ac09"},"id":"project.closed"}}
{"recorder_version":"21","session":"8c3831391250","build":"192.6262.58","bucket":"189","time":1574886779780,"group":{"id":"lifecycle","version":"21"},"event":{"count":1,"data":{"restart":false,"created":1574886779780},"id":"ide.close"}}
