{"recorder_version":"21","session":"50976425f9cb","build":"192.6262.58","bucket":"189","time":1574788236735,"group":{"id":"settings","version":"4"},"event":{"state":true,"data":{"component":"NotRoamableUiSettings","created":1574788236913},"id":"invoked"}}
{"recorder_version":"21","session":"50976425f9cb","build":"192.6262.58","bucket":"189","time":1574788236737,"group":{"id":"settings","version":"4"},"event":{"state":true,"data":{"component":"UISettings","created":1574788236915},"id":"invoked"}}
{"recorder_version":"21","session":"50976425f9cb","build":"192.6262.58","bucket":"189","time":1574788236737,"group":{"id":"system.java","version":"1"},"event":{"state":true,"data":{"created":1574788236926,"version":"1.11"},"id":"JetBrains"}}
{"recorder_version":"21","session":"50976425f9cb","build":"192.6262.58","bucket":"189","time":1574788236737,"group":{"id":"system.java","version":"1"},"event":{"state":true,"data":{"created":1574788236927},"id":"invoked"}}
{"recorder_version":"21","session":"50976425f9cb","build":"192.6262.58","bucket":"189","time":1574788236759,"group":{"id":"system.os","version":"3"},"event":{"state":true,"data":{"created":1574788236927,"version":"10.14"},"id":"Mac"}}
{"recorder_version":"21","session":"50976425f9cb","build":"192.6262.58","bucket":"189","time":1574788236759,"group":{"id":"system.os","version":"3"},"event":{"state":true,"data":{"created":1574788236928,"name":"Mac","version":"10.14"},"id":"os.name"}}
{"recorder_version":"21","session":"50976425f9cb","build":"192.6262.58","bucket":"189","time":1574788236759,"group":{"id":"system.os","version":"3"},"event":{"state":true,"data":{"created":1574788236929,"value":"+09_00"},"id":"os.timezone"}}
{"recorder_version":"21","session":"50976425f9cb","build":"192.6262.58","bucket":"189","time":1574788236759,"group":{"id":"system.os","version":"3"},"event":{"state":true,"data":{"created":1574788236930},"id":"invoked"}}
{"recorder_version":"21","session":"50976425f9cb","build":"192.6262.58","bucket":"189","time":1574788236913,"group":{"id":"event.log","version":"21"},"event":{"count":1,"data":{"created":1574788236931,"version":"925.0"},"id":"whitelist.loaded"}}
{"recorder_version":"21","session":"50976425f9cb","build":"192.6262.58","bucket":"189","time":1574788239090,"group":{"id":"settings","version":"4"},"event":{"state":true,"data":{"component":"UpdatesConfigurable","created":1574788239091,"name":"checkNeeded","type":"bool","value":false},"id":"not.default"}}
{"recorder_version":"21","session":"50976425f9cb","build":"192.6262.58","bucket":"189","time":1574788239090,"group":{"id":"settings","version":"4"},"event":{"state":true,"data":{"component":"UpdatesConfigurable","created":1574788239092},"id":"invoked"}}
{"recorder_version":"21","session":"50976425f9cb","build":"192.6262.58","bucket":"189","time":1574788239202,"group":{"id":"settings","version":"4"},"event":{"state":true,"data":{"component":"GeneralSettings","created":1574788239203,"name":"confirmExit","type":"bool","value":false},"id":"not.default"}}
{"recorder_version":"21","session":"50976425f9cb","build":"192.6262.58","bucket":"189","time":1574788239203,"group":{"id":"settings","version":"4"},"event":{"state":true,"data":{"component":"GeneralSettings","created":1574788239204,"name":"showTipsOnStartup","type":"bool","value":false},"id":"not.default"}}
{"recorder_version":"21","session":"50976425f9cb","build":"192.6262.58","bucket":"189","time":1574788239203,"group":{"id":"settings","version":"4"},"event":{"state":true,"data":{"component":"GeneralSettings","created":1574788239206},"id":"invoked"}}
{"recorder_version":"21","session":"50976425f9cb","build":"192.6262.58","bucket":"189","time":1574788239210,"group":{"id":"lifecycle","version":"21"},"event":{"count":1,"data":{"internal":true,"eap":false,"created":1574788239211},"id":"ide.start"}}
{"recorder_version":"21","session":"50976425f9cb","build":"192.6262.58","bucket":"189","time":1574788239488,"group":{"id":"lifecycle","version":"21"},"event":{"count":1,"data":{"created":1574788239490},"id":"frame.activated"}}
{"recorder_version":"21","session":"50976425f9cb","build":"192.6262.58","bucket":"189","time":1574788239769,"group":{"id":"performance","version":"21"},"event":{"count":1,"data":{"duration_ms":1,"created":1574788239770},"id":"ui.latency"}}
{"recorder_version":"21","session":"50976425f9cb","build":"192.6262.58","bucket":"189","time":1574788239936,"group":{"id":"ui.dialogs","version":"21"},"event":{"count":1,"data":{"created":1574788239936,"plugin_type":"PLATFORM","type":"show"},"id":"com.intellij.openapi.progress.util.ProgressDialog$MyDialogWrapper"}}
{"recorder_version":"21","session":"50976425f9cb","build":"192.6262.58","bucket":"189","time":1574788240882,"group":{"id":"lifecycle","version":"21"},"event":{"count":1,"data":{"created":1574788240882,"project":"92ddc83aceaa9edad1485397ccc1680a8fd16623aa2c155379eac4aafdb2a559"},"id":"project.opened"}}
{"recorder_version":"21","session":"50976425f9cb","build":"192.6262.58","bucket":"189","time":1574788242435,"group":{"id":"settings","version":"4"},"event":{"state":true,"data":{"component":"XmlEditorOptions","created":1574788242435},"id":"invoked"}}
{"recorder_version":"21","session":"50976425f9cb","build":"192.6262.58","bucket":"189","time":1574788242695,"group":{"id":"toolwindow","version":"21"},"event":{"count":1,"data":{"os":"Mac","created":1574788242695,"plugin_type":"PLATFORM"},"id":"Project"}}
{"recorder_version":"21","session":"50976425f9cb","build":"192.6262.58","bucket":"189","time":1574788243074,"group":{"id":"performance","version":"21"},"event":{"count":1,"data":{"duration_ms":295,"created":1574788243074},"id":"ui.lagging"}}
{"recorder_version":"21","session":"50976425f9cb","build":"192.6262.58","bucket":"189","time":1574788244728,"group":{"id":"project.fs","version":"1"},"event":{"state":true,"data":{"os":"Mac","cs-project":false,"created":1574788244729,"project":"92ddc83aceaa9edad1485397ccc1680a8fd16623aa2c155379eac4aafdb2a559","cs-implicit":true,"cs-system":false},"id":"case-sensitivity"}}
{"recorder_version":"21","session":"50976425f9cb","build":"192.6262.58","bucket":"189","time":1574788244728,"group":{"id":"project.fs","version":"1"},"event":{"state":true,"data":{"created":1574788244729},"id":"invoked"}}
{"recorder_version":"21","session":"50976425f9cb","build":"192.6262.58","bucket":"189","time":1574788244730,"group":{"id":"project.fs","version":"1"},"event":{"state":true,"data":{"pct-non-watched":0,"created":1574788244731,"project":"92ddc83aceaa9edad1485397ccc1680a8fd16623aa2c155379eac4aafdb2a559"},"id":"roots-watched"}}
{"recorder_version":"21","session":"50976425f9cb","build":"192.6262.58","bucket":"189","time":1574788244730,"group":{"id":"project.fs","version":"1"},"event":{"state":true,"data":{"created":1574788244732},"id":"invoked"}}
{"recorder_version":"21","session":"50976425f9cb","build":"192.6262.58","bucket":"189","time":1574788244820,"group":{"id":"ui.dialogs","version":"21"},"event":{"count":1,"data":{"code":1,"created":1574788244820,"plugin_type":"PLATFORM","type":"close"},"id":"com.intellij.openapi.progress.util.ProgressDialog$MyDialogWrapper"}}
{"recorder_version":"21","session":"50976425f9cb","build":"192.6262.58","bucket":"189","time":1574788244961,"group":{"id":"lifecycle","version":"21"},"event":{"count":1,"data":{"duration_ms":5267,"created":1574788244961,"project":"92ddc83aceaa9edad1485397ccc1680a8fd16623aa2c155379eac4aafdb2a559"},"id":"project.opening.finished"}}
{"recorder_version":"21","session":"50976425f9cb","build":"192.6262.58","bucket":"189","time":1574788246032,"group":{"id":"kotlin.jps.target","version":"1"},"event":{"count":1,"data":{"plugin_version":"1.3.41-release-IJ2019.2-1","created":1574788246032},"id":"jvm"}}
{"recorder_version":"21","session":"50976425f9cb","build":"192.6262.58","bucket":"189","time":1574788247015,"group":{"id":"file.types.usage","version":"21"},"event":{"count":1,"data":{"created":1574788247015,"plugin_type":"PLATFORM","project":"92ddc83aceaa9edad1485397ccc1680a8fd16623aa2c155379eac4aafdb2a559","type":"edit"},"id":"IDEA_MODULE"}}
{"recorder_version":"21","session":"50976425f9cb","build":"192.6262.58","bucket":"189","time":1574788251363,"group":{"id":"actions","version":"21"},"event":{"count":18,"data":{"context_menu":false,"last":1574788259905,"current_file":"TEXT","created":1574788251363,"plugin_type":"PLATFORM","project":"92ddc83aceaa9edad1485397ccc1680a8fd16623aa2c155379eac4aafdb2a559","place":"keyboard_shortcut","class":"com.intellij.openapi.editor.actions.EnterAction","input_event":"Enter"},"id":"EditorEnter"}}
{"recorder_version":"21","session":"50976425f9cb","build":"192.6262.58","bucket":"189","time":1574788262760,"group":{"id":"lifecycle","version":"21"},"event":{"count":1,"data":{"created":1574788262760,"project":"92ddc83aceaa9edad1485397ccc1680a8fd16623aa2c155379eac4aafdb2a559"},"id":"frame.deactivated"}}
{"recorder_version":"21","session":"50976425f9cb","build":"192.6262.58","bucket":"189","time":1574788262978,"group":{"id":"performance","version":"21"},"event":{"count":1,"data":{"duration_ms":163,"created":1574788262978},"id":"ui.lagging"}}
{"recorder_version":"21","session":"50976425f9cb","build":"192.6262.58","bucket":"189","time":1574788340026,"group":{"id":"performance","version":"21"},"event":{"count":1,"data":{"duration_ms":0,"created":1574788340027},"id":"ui.latency"}}
{"recorder_version":"21","session":"50976425f9cb","build":"192.6262.58","bucket":"189","time":1574788429644,"group":{"id":"lifecycle","version":"21"},"event":{"count":1,"data":{"created":1574788429645,"project":"92ddc83aceaa9edad1485397ccc1680a8fd16623aa2c155379eac4aafdb2a559"},"id":"frame.activated"}}
{"recorder_version":"21","session":"50976425f9cb","build":"192.6262.58","bucket":"189","time":1574788430089,"group":{"id":"lifecycle","version":"21"},"event":{"count":1,"data":{"restart":false,"created":1574788430090},"id":"ide.close"}}
{"recorder_version":"21","session":"50976425f9cb","build":"192.6262.58","bucket":"189","time":1574788430168,"group":{"id":"lifecycle","version":"21"},"event":{"count":1,"data":{"created":1574788430168,"project":"92ddc83aceaa9edad1485397ccc1680a8fd16623aa2c155379eac4aafdb2a559"},"id":"project.closed"}}
