{"recorder_version":"21","session":"08db61ec10ea","build":"192.6262.58","bucket":"189","time":1574816263930,"group":{"id":"settings","version":"4"},"event":{"state":true,"data":{"component":"NotRoamableUiSettings","created":1574816264097},"id":"invoked"}}
{"recorder_version":"21","session":"08db61ec10ea","build":"192.6262.58","bucket":"189","time":1574816263933,"group":{"id":"system.java","version":"1"},"event":{"state":true,"data":{"created":1574816264099,"version":"1.11"},"id":"JetBrains"}}
{"recorder_version":"21","session":"08db61ec10ea","build":"192.6262.58","bucket":"189","time":1574816263933,"group":{"id":"system.java","version":"1"},"event":{"state":true,"data":{"created":1574816264111},"id":"invoked"}}
{"recorder_version":"21","session":"08db61ec10ea","build":"192.6262.58","bucket":"189","time":1574816263933,"group":{"id":"settings","version":"4"},"event":{"state":true,"data":{"component":"UISettings","created":1574816264112},"id":"invoked"}}
{"recorder_version":"21","session":"08db61ec10ea","build":"192.6262.58","bucket":"189","time":1574816263956,"group":{"id":"system.os","version":"3"},"event":{"state":true,"data":{"created":1574816264113,"version":"10.14"},"id":"Mac"}}
{"recorder_version":"21","session":"08db61ec10ea","build":"192.6262.58","bucket":"189","time":1574816263956,"group":{"id":"system.os","version":"3"},"event":{"state":true,"data":{"created":1574816264114,"name":"Mac","version":"10.14"},"id":"os.name"}}
{"recorder_version":"21","session":"08db61ec10ea","build":"192.6262.58","bucket":"189","time":1574816263956,"group":{"id":"system.os","version":"3"},"event":{"state":true,"data":{"created":1574816264115,"value":"+09_00"},"id":"os.timezone"}}
{"recorder_version":"21","session":"08db61ec10ea","build":"192.6262.58","bucket":"189","time":1574816263956,"group":{"id":"system.os","version":"3"},"event":{"state":true,"data":{"created":1574816264116},"id":"invoked"}}
{"recorder_version":"21","session":"08db61ec10ea","build":"192.6262.58","bucket":"189","time":1574816264097,"group":{"id":"event.log","version":"21"},"event":{"count":1,"data":{"created":1574816264116,"version":"930.0"},"id":"whitelist.loaded"}}
{"recorder_version":"21","session":"08db61ec10ea","build":"192.6262.58","bucket":"189","time":1574816266341,"group":{"id":"settings","version":"4"},"event":{"state":true,"data":{"component":"UpdatesConfigurable","created":1574816266342,"name":"checkNeeded","type":"bool","value":false},"id":"not.default"}}
{"recorder_version":"21","session":"08db61ec10ea","build":"192.6262.58","bucket":"189","time":1574816266342,"group":{"id":"settings","version":"4"},"event":{"state":true,"data":{"component":"UpdatesConfigurable","created":1574816266343},"id":"invoked"}}
{"recorder_version":"21","session":"08db61ec10ea","build":"192.6262.58","bucket":"189","time":1574816266458,"group":{"id":"settings","version":"4"},"event":{"state":true,"data":{"component":"GeneralSettings","created":1574816266459,"name":"confirmExit","type":"bool","value":false},"id":"not.default"}}
{"recorder_version":"21","session":"08db61ec10ea","build":"192.6262.58","bucket":"189","time":1574816266458,"group":{"id":"settings","version":"4"},"event":{"state":true,"data":{"component":"GeneralSettings","created":1574816266462,"name":"showTipsOnStartup","type":"bool","value":false},"id":"not.default"}}
{"recorder_version":"21","session":"08db61ec10ea","build":"192.6262.58","bucket":"189","time":1574816266458,"group":{"id":"settings","version":"4"},"event":{"state":true,"data":{"component":"GeneralSettings","created":1574816266464},"id":"invoked"}}
{"recorder_version":"21","session":"08db61ec10ea","build":"192.6262.58","bucket":"189","time":1574816266467,"group":{"id":"lifecycle","version":"21"},"event":{"count":1,"data":{"internal":true,"eap":false,"created":1574816266467},"id":"ide.start"}}
{"recorder_version":"21","session":"08db61ec10ea","build":"192.6262.58","bucket":"189","time":1574816266732,"group":{"id":"lifecycle","version":"21"},"event":{"count":1,"data":{"created":1574816266732},"id":"frame.activated"}}
{"recorder_version":"21","session":"08db61ec10ea","build":"192.6262.58","bucket":"189","time":1574816267037,"group":{"id":"performance","version":"21"},"event":{"count":1,"data":{"duration_ms":1,"created":1574816267037},"id":"ui.latency"}}
{"recorder_version":"21","session":"08db61ec10ea","build":"192.6262.58","bucket":"189","time":1574816267192,"group":{"id":"ui.dialogs","version":"21"},"event":{"count":1,"data":{"created":1574816267193,"plugin_type":"PLATFORM","type":"show"},"id":"com.intellij.openapi.progress.util.ProgressDialog$MyDialogWrapper"}}
{"recorder_version":"21","session":"08db61ec10ea","build":"192.6262.58","bucket":"189","time":1574816268106,"group":{"id":"lifecycle","version":"21"},"event":{"count":1,"data":{"created":1574816268106,"project":"92ddc83aceaa9edad1485397ccc1680a8fd16623aa2c155379eac4aafdb2a559"},"id":"project.opened"}}
{"recorder_version":"21","session":"08db61ec10ea","build":"192.6262.58","bucket":"189","time":1574816269717,"group":{"id":"settings","version":"4"},"event":{"state":true,"data":{"component":"XmlEditorOptions","created":1574816269717},"id":"invoked"}}
{"recorder_version":"21","session":"08db61ec10ea","build":"192.6262.58","bucket":"189","time":1574816269830,"group":{"id":"performance","version":"21"},"event":{"count":1,"data":{"duration_ms":779,"created":1574816269830},"id":"ui.lagging"}}
{"recorder_version":"21","session":"08db61ec10ea","build":"192.6262.58","bucket":"189","time":1574816269959,"group":{"id":"toolwindow","version":"21"},"event":{"count":1,"data":{"os":"Mac","created":1574816269959,"plugin_type":"PLATFORM"},"id":"Project"}}
{"recorder_version":"21","session":"08db61ec10ea","build":"192.6262.58","bucket":"189","time":1574816270260,"group":{"id":"performance","version":"21"},"event":{"count":1,"data":{"duration_ms":210,"created":1574816270260},"id":"ui.lagging"}}
{"recorder_version":"21","session":"08db61ec10ea","build":"192.6262.58","bucket":"189","time":1574816272058,"group":{"id":"project.fs","version":"1"},"event":{"state":true,"data":{"os":"Mac","cs-project":false,"created":1574816272065,"project":"92ddc83aceaa9edad1485397ccc1680a8fd16623aa2c155379eac4aafdb2a559","cs-implicit":true,"cs-system":false},"id":"case-sensitivity"}}
{"recorder_version":"21","session":"08db61ec10ea","build":"192.6262.58","bucket":"189","time":1574816272059,"group":{"id":"project.fs","version":"1"},"event":{"state":true,"data":{"created":1574816272066},"id":"invoked"}}
{"recorder_version":"21","session":"08db61ec10ea","build":"192.6262.58","bucket":"189","time":1574816272067,"group":{"id":"project.fs","version":"1"},"event":{"state":true,"data":{"pct-non-watched":0,"created":1574816272067,"project":"92ddc83aceaa9edad1485397ccc1680a8fd16623aa2c155379eac4aafdb2a559"},"id":"roots-watched"}}
{"recorder_version":"21","session":"08db61ec10ea","build":"192.6262.58","bucket":"189","time":1574816272067,"group":{"id":"project.fs","version":"1"},"event":{"state":true,"data":{"created":1574816272067},"id":"invoked"}}
{"recorder_version":"21","session":"08db61ec10ea","build":"192.6262.58","bucket":"189","time":1574816272091,"group":{"id":"ui.dialogs","version":"21"},"event":{"count":1,"data":{"code":1,"created":1574816272091,"plugin_type":"PLATFORM","type":"close"},"id":"com.intellij.openapi.progress.util.ProgressDialog$MyDialogWrapper"}}
{"recorder_version":"21","session":"08db61ec10ea","build":"192.6262.58","bucket":"189","time":1574816272315,"group":{"id":"lifecycle","version":"21"},"event":{"count":1,"data":{"duration_ms":5373,"created":1574816272315,"project":"92ddc83aceaa9edad1485397ccc1680a8fd16623aa2c155379eac4aafdb2a559"},"id":"project.opening.finished"}}
{"recorder_version":"21","session":"08db61ec10ea","build":"192.6262.58","bucket":"189","time":1574816274188,"group":{"id":"file.types.usage","version":"21"},"event":{"count":1,"data":{"created":1574816274188,"plugin_type":"PLATFORM","project":"92ddc83aceaa9edad1485397ccc1680a8fd16623aa2c155379eac4aafdb2a559","type":"edit"},"id":"IDEA_MODULE"}}
{"recorder_version":"21","session":"08db61ec10ea","build":"192.6262.58","bucket":"189","time":1574816274362,"group":{"id":"kotlin.jps.target","version":"1"},"event":{"count":1,"data":{"plugin_version":"validation.undefined_rule","created":1574816274362},"id":"validation.undefined_rule"}}
{"recorder_version":"21","session":"08db61ec10ea","build":"192.6262.58","bucket":"189","time":1574816282003,"group":{"id":"actions","version":"21"},"event":{"count":3,"data":{"context_menu":false,"last":1574816287526,"current_file":"TEXT","created":1574816282003,"plugin_type":"PLATFORM","project":"92ddc83aceaa9edad1485397ccc1680a8fd16623aa2c155379eac4aafdb2a559","place":"keyboard_shortcut","class":"com.intellij.openapi.editor.actions.EscapeAction","input_event":"Escape"},"id":"EditorEscape"}}
{"recorder_version":"21","session":"08db61ec10ea","build":"192.6262.58","bucket":"189","time":1574816301713,"group":{"id":"lifecycle","version":"21"},"event":{"count":1,"data":{"created":1574816301713,"project":"92ddc83aceaa9edad1485397ccc1680a8fd16623aa2c155379eac4aafdb2a559"},"id":"frame.deactivated"}}
{"recorder_version":"21","session":"08db61ec10ea","build":"192.6262.58","bucket":"189","time":1574816318939,"group":{"id":"lifecycle","version":"21"},"event":{"count":1,"data":{"created":1574816318940,"project":"92ddc83aceaa9edad1485397ccc1680a8fd16623aa2c155379eac4aafdb2a559"},"id":"frame.activated"}}
{"recorder_version":"21","session":"08db61ec10ea","build":"192.6262.58","bucket":"189","time":1574816319299,"group":{"id":"lifecycle","version":"21"},"event":{"count":1,"data":{"restart":false,"created":1574816319299},"id":"ide.close"}}
{"recorder_version":"21","session":"08db61ec10ea","build":"192.6262.58","bucket":"189","time":1574816319383,"group":{"id":"lifecycle","version":"21"},"event":{"count":1,"data":{"created":1574816319384,"project":"92ddc83aceaa9edad1485397ccc1680a8fd16623aa2c155379eac4aafdb2a559"},"id":"project.closed"}}
