{"recorder_version":"21","session":"f78ce9c0b44d","build":"192.6262.58","bucket":"189","time":1575349398738,"group":{"id":"settings","version":"4"},"event":{"state":true,"data":{"component":"NotRoamableUiSettings","created":1575349398881},"id":"invoked"}}
{"recorder_version":"21","session":"f78ce9c0b44d","build":"192.6262.58","bucket":"189","time":1575349398740,"group":{"id":"settings","version":"4"},"event":{"state":true,"data":{"component":"UISettings","created":1575349398883},"id":"invoked"}}
{"recorder_version":"21","session":"f78ce9c0b44d","build":"192.6262.58","bucket":"189","time":1575349398741,"group":{"id":"system.java","version":"1"},"event":{"state":true,"data":{"created":1575349398889,"version":"1.11"},"id":"JetBrains"}}
{"recorder_version":"21","session":"f78ce9c0b44d","build":"192.6262.58","bucket":"189","time":1575349398741,"group":{"id":"system.java","version":"1"},"event":{"state":true,"data":{"created":1575349398889},"id":"invoked"}}
{"recorder_version":"21","session":"f78ce9c0b44d","build":"192.6262.58","bucket":"189","time":1575349398763,"group":{"id":"system.os","version":"3"},"event":{"state":true,"data":{"created":1575349398890,"version":"10.14"},"id":"Mac"}}
{"recorder_version":"21","session":"f78ce9c0b44d","build":"192.6262.58","bucket":"189","time":1575349398763,"group":{"id":"system.os","version":"3"},"event":{"state":true,"data":{"created":1575349398890,"name":"Mac","version":"10.14"},"id":"os.name"}}
{"recorder_version":"21","session":"f78ce9c0b44d","build":"192.6262.58","bucket":"189","time":1575349398763,"group":{"id":"system.os","version":"3"},"event":{"state":true,"data":{"created":1575349398891,"value":"+09_00"},"id":"os.timezone"}}
{"recorder_version":"21","session":"f78ce9c0b44d","build":"192.6262.58","bucket":"189","time":1575349398763,"group":{"id":"system.os","version":"3"},"event":{"state":true,"data":{"created":1575349398892},"id":"invoked"}}
{"recorder_version":"21","session":"f78ce9c0b44d","build":"192.6262.58","bucket":"189","time":1575349398881,"group":{"id":"event.log","version":"21"},"event":{"count":1,"data":{"created":1575349398893,"version":"942.0"},"id":"whitelist.loaded"}}
{"recorder_version":"21","session":"f78ce9c0b44d","build":"192.6262.58","bucket":"189","time":1575349401084,"group":{"id":"settings","version":"4"},"event":{"state":true,"data":{"component":"UpdatesConfigurable","created":1575349401085,"name":"checkNeeded","type":"bool","value":false},"id":"not.default"}}
{"recorder_version":"21","session":"f78ce9c0b44d","build":"192.6262.58","bucket":"189","time":1575349401085,"group":{"id":"settings","version":"4"},"event":{"state":true,"data":{"component":"UpdatesConfigurable","created":1575349401086},"id":"invoked"}}
{"recorder_version":"21","session":"f78ce9c0b44d","build":"192.6262.58","bucket":"189","time":1575349401256,"group":{"id":"settings","version":"4"},"event":{"state":true,"data":{"component":"GeneralSettings","created":1575349401256,"name":"confirmExit","type":"bool","value":false},"id":"not.default"}}
{"recorder_version":"21","session":"f78ce9c0b44d","build":"192.6262.58","bucket":"189","time":1575349401256,"group":{"id":"settings","version":"4"},"event":{"state":true,"data":{"component":"GeneralSettings","created":1575349401257,"name":"showTipsOnStartup","type":"bool","value":false},"id":"not.default"}}
{"recorder_version":"21","session":"f78ce9c0b44d","build":"192.6262.58","bucket":"189","time":1575349401256,"group":{"id":"settings","version":"4"},"event":{"state":true,"data":{"component":"GeneralSettings","created":1575349401260},"id":"invoked"}}
{"recorder_version":"21","session":"f78ce9c0b44d","build":"192.6262.58","bucket":"189","time":1575349401262,"group":{"id":"lifecycle","version":"21"},"event":{"count":1,"data":{"internal":true,"eap":false,"created":1575349401262},"id":"ide.start"}}
{"recorder_version":"21","session":"f78ce9c0b44d","build":"192.6262.58","bucket":"189","time":1575349401594,"group":{"id":"lifecycle","version":"21"},"event":{"count":1,"data":{"created":1575349401594},"id":"frame.activated"}}
{"recorder_version":"21","session":"f78ce9c0b44d","build":"192.6262.58","bucket":"189","time":1575349401701,"group":{"id":"performance","version":"21"},"event":{"count":1,"data":{"duration_ms":105,"created":1575349401701},"id":"ui.latency"}}
{"recorder_version":"21","session":"f78ce9c0b44d","build":"192.6262.58","bucket":"189","time":1575349401701,"group":{"id":"performance","version":"21"},"event":{"count":1,"data":{"duration_ms":105,"created":1575349401702},"id":"ui.lagging"}}
{"recorder_version":"21","session":"f78ce9c0b44d","build":"192.6262.58","bucket":"189","time":1575349402054,"group":{"id":"ui.dialogs","version":"21"},"event":{"count":1,"data":{"created":1575349402056,"plugin_type":"PLATFORM","type":"show"},"id":"com.intellij.openapi.progress.util.ProgressDialog$MyDialogWrapper"}}
{"recorder_version":"21","session":"f78ce9c0b44d","build":"192.6262.58","bucket":"189","time":1575349403155,"group":{"id":"lifecycle","version":"21"},"event":{"count":1,"data":{"created":1575349403155,"project":"4452600da3b350ab41d92ae108c2baae6ff0ac3ddb31bd67020ee046ec77ac09"},"id":"project.opened"}}
{"recorder_version":"21","session":"f78ce9c0b44d","build":"192.6262.58","bucket":"189","time":1575349403825,"group":{"id":"performance","version":"21"},"event":{"count":1,"data":{"duration_ms":224,"created":1575349403825},"id":"ui.lagging"}}
{"recorder_version":"21","session":"f78ce9c0b44d","build":"192.6262.58","bucket":"189","time":1575349404849,"group":{"id":"settings","version":"4"},"event":{"state":true,"data":{"component":"XmlEditorOptions","created":1575349404849},"id":"invoked"}}
{"recorder_version":"21","session":"f78ce9c0b44d","build":"192.6262.58","bucket":"189","time":1575349404896,"group":{"id":"performance","version":"21"},"event":{"count":1,"data":{"duration_ms":294,"created":1575349404898},"id":"ui.lagging"}}
{"recorder_version":"21","session":"f78ce9c0b44d","build":"192.6262.58","bucket":"189","time":1575349405488,"group":{"id":"toolwindow","version":"21"},"event":{"count":1,"data":{"os":"Mac","created":1575349405488,"plugin_type":"PLATFORM"},"id":"Project"}}
{"recorder_version":"21","session":"f78ce9c0b44d","build":"192.6262.58","bucket":"189","time":1575349406294,"group":{"id":"performance","version":"21"},"event":{"count":1,"data":{"duration_ms":688,"created":1575349406294},"id":"ui.lagging"}}
{"recorder_version":"21","session":"f78ce9c0b44d","build":"192.6262.58","bucket":"189","time":1575349407580,"group":{"id":"kotlin.jps.target","version":"1"},"event":{"count":2,"data":{"plugin_version":"validation.undefined_rule","last":1575349407580,"created":1575349407580},"id":"validation.undefined_rule"}}
{"recorder_version":"21","session":"f78ce9c0b44d","build":"192.6262.58","bucket":"189","time":1575349407652,"group":{"id":"project.fs","version":"1"},"event":{"state":true,"data":{"os":"Mac","cs-project":false,"created":1575349407652,"project":"4452600da3b350ab41d92ae108c2baae6ff0ac3ddb31bd67020ee046ec77ac09","cs-implicit":true,"cs-system":false},"id":"case-sensitivity"}}
{"recorder_version":"21","session":"f78ce9c0b44d","build":"192.6262.58","bucket":"189","time":1575349407652,"group":{"id":"project.fs","version":"1"},"event":{"state":true,"data":{"created":1575349407653},"id":"invoked"}}
{"recorder_version":"21","session":"f78ce9c0b44d","build":"192.6262.58","bucket":"189","time":1575349407653,"group":{"id":"project.fs","version":"1"},"event":{"state":true,"data":{"pct-non-watched":0,"created":1575349407653,"project":"4452600da3b350ab41d92ae108c2baae6ff0ac3ddb31bd67020ee046ec77ac09"},"id":"roots-watched"}}
{"recorder_version":"21","session":"f78ce9c0b44d","build":"192.6262.58","bucket":"189","time":1575349407653,"group":{"id":"project.fs","version":"1"},"event":{"state":true,"data":{"created":1575349407654},"id":"invoked"}}
{"recorder_version":"21","session":"f78ce9c0b44d","build":"192.6262.58","bucket":"189","time":1575349407800,"group":{"id":"ui.dialogs","version":"21"},"event":{"count":1,"data":{"code":1,"created":1575349407800,"plugin_type":"PLATFORM","type":"close"},"id":"com.intellij.openapi.progress.util.ProgressDialog$MyDialogWrapper"}}
{"recorder_version":"21","session":"f78ce9c0b44d","build":"192.6262.58","bucket":"189","time":1575349407877,"group":{"id":"lifecycle","version":"21"},"event":{"count":1,"data":{"duration_ms":6097,"created":1575349407877,"project":"4452600da3b350ab41d92ae108c2baae6ff0ac3ddb31bd67020ee046ec77ac09"},"id":"project.opening.finished"}}
{"recorder_version":"21","session":"f78ce9c0b44d","build":"192.6262.58","bucket":"189","time":1575349409603,"group":{"id":"vcs.change.reminder","version":"1"},"event":{"count":1,"data":{"created":1575349409604,"project":"4452600da3b350ab41d92ae108c2baae6ff0ac3ddb31bd67020ee046ec77ac09","execution_time":237},"id":"prediction.calculated"}}
{"recorder_version":"21","session":"f78ce9c0b44d","build":"192.6262.58","bucket":"189","time":1575349409679,"group":{"id":"vcs.change.reminder","version":"1"},"event":{"count":1,"data":{"created":1575349409679,"project":"4452600da3b350ab41d92ae108c2baae6ff0ac3ddb31bd67020ee046ec77ac09","execution_time":70},"id":"prediction.calculated"}}
{"recorder_version":"21","session":"f78ce9c0b44d","build":"192.6262.58","bucket":"189","time":1575349409721,"group":{"id":"performance","version":"21"},"event":{"count":1,"data":{"duration_ms":111,"created":1575349409721},"id":"ui.lagging"}}
{"recorder_version":"21","session":"f78ce9c0b44d","build":"192.6262.58","bucket":"189","time":1575349409725,"group":{"id":"vcs.change.reminder","version":"1"},"event":{"count":1,"data":{"created":1575349409725,"project":"4452600da3b350ab41d92ae108c2baae6ff0ac3ddb31bd67020ee046ec77ac09","execution_time":46},"id":"prediction.calculated"}}
{"recorder_version":"21","session":"f78ce9c0b44d","build":"192.6262.58","bucket":"189","time":1575349409761,"group":{"id":"vcs.change.reminder","version":"1"},"event":{"count":1,"data":{"created":1575349409761,"project":"4452600da3b350ab41d92ae108c2baae6ff0ac3ddb31bd67020ee046ec77ac09","execution_time":35},"id":"prediction.calculated"}}
{"recorder_version":"21","session":"f78ce9c0b44d","build":"192.6262.58","bucket":"189","time":1575349432837,"group":{"id":"file.types.usage","version":"21"},"event":{"count":1,"data":{"plugin":"com.intellij.java","created":1575349432837,"plugin_type":"JB_BUNDLED","project":"4452600da3b350ab41d92ae108c2baae6ff0ac3ddb31bd67020ee046ec77ac09","type":"edit"},"id":"JAVA"}}
{"recorder_version":"21","session":"f78ce9c0b44d","build":"192.6262.58","bucket":"189","time":1575349435104,"group":{"id":"lifecycle","version":"21"},"event":{"count":1,"data":{"created":1575349435104,"project":"4452600da3b350ab41d92ae108c2baae6ff0ac3ddb31bd67020ee046ec77ac09"},"id":"frame.deactivated"}}
{"recorder_version":"21","session":"f78ce9c0b44d","build":"192.6262.58","bucket":"189","time":1575349435830,"group":{"id":"performance","version":"21"},"event":{"count":1,"data":{"duration_ms":153,"created":1575349435830},"id":"ui.lagging"}}
{"recorder_version":"21","session":"f78ce9c0b44d","build":"192.6262.58","bucket":"189","time":1575349450244,"group":{"id":"lifecycle","version":"21"},"event":{"count":1,"data":{"created":1575349450244,"project":"4452600da3b350ab41d92ae108c2baae6ff0ac3ddb31bd67020ee046ec77ac09"},"id":"frame.activated"}}
{"recorder_version":"21","session":"f78ce9c0b44d","build":"192.6262.58","bucket":"189","time":1575349450586,"group":{"id":"lifecycle","version":"21"},"event":{"count":1,"data":{"restart":false,"created":1575349450586},"id":"ide.close"}}
{"recorder_version":"21","session":"f78ce9c0b44d","build":"192.6262.58","bucket":"189","time":1575349450684,"group":{"id":"lifecycle","version":"21"},"event":{"count":1,"data":{"created":1575349450685,"project":"4452600da3b350ab41d92ae108c2baae6ff0ac3ddb31bd67020ee046ec77ac09"},"id":"project.closed"}}
