{"recorder_version":"21","session":"bc0561bd8b7e","build":"192.6262.58","bucket":"189","time":1574629510622,"group":{"id":"settings","version":"4"},"event":{"state":true,"data":{"component":"NotRoamableUiSettings","created":1574629510767},"id":"invoked"}}
{"recorder_version":"21","session":"bc0561bd8b7e","build":"192.6262.58","bucket":"189","time":1574629510624,"group":{"id":"system.java","version":"1"},"event":{"state":true,"data":{"created":1574629510769,"version":"1.11"},"id":"JetBrains"}}
{"recorder_version":"21","session":"bc0561bd8b7e","build":"192.6262.58","bucket":"189","time":1574629510624,"group":{"id":"system.java","version":"1"},"event":{"state":true,"data":{"created":1574629510776},"id":"invoked"}}
{"recorder_version":"21","session":"bc0561bd8b7e","build":"192.6262.58","bucket":"189","time":1574629510624,"group":{"id":"settings","version":"4"},"event":{"state":true,"data":{"component":"UISettings","created":1574629510777},"id":"invoked"}}
{"recorder_version":"21","session":"bc0561bd8b7e","build":"192.6262.58","bucket":"189","time":1574629510647,"group":{"id":"system.os","version":"3"},"event":{"state":true,"data":{"created":1574629510778,"version":"10.14"},"id":"Mac"}}
{"recorder_version":"21","session":"bc0561bd8b7e","build":"192.6262.58","bucket":"189","time":1574629510647,"group":{"id":"system.os","version":"3"},"event":{"state":true,"data":{"created":1574629510778,"name":"Mac","version":"10.14"},"id":"os.name"}}
{"recorder_version":"21","session":"bc0561bd8b7e","build":"192.6262.58","bucket":"189","time":1574629510647,"group":{"id":"system.os","version":"3"},"event":{"state":true,"data":{"created":1574629510780,"value":"+09_00"},"id":"os.timezone"}}
{"recorder_version":"21","session":"bc0561bd8b7e","build":"192.6262.58","bucket":"189","time":1574629510647,"group":{"id":"system.os","version":"3"},"event":{"state":true,"data":{"created":1574629510781},"id":"invoked"}}
{"recorder_version":"21","session":"bc0561bd8b7e","build":"192.6262.58","bucket":"189","time":1574629510766,"group":{"id":"event.log","version":"21"},"event":{"count":1,"data":{"created":1574629510782,"version":"919.0"},"id":"whitelist.loaded"}}
{"recorder_version":"21","session":"bc0561bd8b7e","build":"192.6262.58","bucket":"189","time":1574629513130,"group":{"id":"settings","version":"4"},"event":{"state":true,"data":{"component":"UpdatesConfigurable","created":1574629513131,"name":"checkNeeded","type":"bool","value":false},"id":"not.default"}}
{"recorder_version":"21","session":"bc0561bd8b7e","build":"192.6262.58","bucket":"189","time":1574629513130,"group":{"id":"settings","version":"4"},"event":{"state":true,"data":{"component":"UpdatesConfigurable","created":1574629513132},"id":"invoked"}}
{"recorder_version":"21","session":"bc0561bd8b7e","build":"192.6262.58","bucket":"189","time":1574629513715,"group":{"id":"lifecycle","version":"21"},"event":{"count":1,"data":{"internal":true,"eap":false,"created":1574629513715},"id":"ide.start"}}
{"recorder_version":"21","session":"bc0561bd8b7e","build":"192.6262.58","bucket":"189","time":1574629513716,"group":{"id":"settings","version":"4"},"event":{"state":true,"data":{"component":"GeneralSettings","created":1574629513717,"name":"confirmExit","type":"bool","value":false},"id":"not.default"}}
{"recorder_version":"21","session":"bc0561bd8b7e","build":"192.6262.58","bucket":"189","time":1574629513717,"group":{"id":"settings","version":"4"},"event":{"state":true,"data":{"component":"GeneralSettings","created":1574629513718,"name":"showTipsOnStartup","type":"bool","value":false},"id":"not.default"}}
{"recorder_version":"21","session":"bc0561bd8b7e","build":"192.6262.58","bucket":"189","time":1574629513717,"group":{"id":"settings","version":"4"},"event":{"state":true,"data":{"component":"GeneralSettings","created":1574629513718},"id":"invoked"}}
{"recorder_version":"21","session":"bc0561bd8b7e","build":"192.6262.58","bucket":"189","time":1574629513846,"group":{"id":"performance","version":"21"},"event":{"count":1,"data":{"duration_ms":75,"created":1574629513847},"id":"ui.latency"}}
{"recorder_version":"21","session":"bc0561bd8b7e","build":"192.6262.58","bucket":"189","time":1574629514352,"group":{"id":"settings","version":"4"},"event":{"state":true,"data":{"component":"XmlEditorOptions","created":1574629514353},"id":"invoked"}}
{"recorder_version":"21","session":"bc0561bd8b7e","build":"192.6262.58","bucket":"189","time":1574629515535,"group":{"id":"ui.dialogs","version":"21"},"event":{"count":1,"data":{"created":1574629515536,"plugin_type":"PLATFORM","type":"show"},"id":"com.intellij.openapi.progress.util.ProgressDialog$MyDialogWrapper"}}
{"recorder_version":"21","session":"bc0561bd8b7e","build":"192.6262.58","bucket":"189","time":1574629516381,"group":{"id":"lifecycle","version":"21"},"event":{"count":1,"data":{"created":1574629516381,"project":"92ddc83aceaa9edad1485397ccc1680a8fd16623aa2c155379eac4aafdb2a559"},"id":"project.opened"}}
{"recorder_version":"21","session":"bc0561bd8b7e","build":"192.6262.58","bucket":"189","time":1574629516972,"group":{"id":"performance","version":"21"},"event":{"count":1,"data":{"duration_ms":196,"created":1574629516973},"id":"ui.lagging"}}
{"recorder_version":"21","session":"bc0561bd8b7e","build":"192.6262.58","bucket":"189","time":1574629518073,"group":{"id":"performance","version":"21"},"event":{"count":1,"data":{"duration_ms":295,"created":1574629518073},"id":"ui.lagging"}}
{"recorder_version":"21","session":"bc0561bd8b7e","build":"192.6262.58","bucket":"189","time":1574629518267,"group":{"id":"toolwindow","version":"21"},"event":{"count":1,"data":{"os":"Mac","created":1574629518267,"plugin_type":"PLATFORM"},"id":"Project"}}
{"recorder_version":"21","session":"bc0561bd8b7e","build":"192.6262.58","bucket":"189","time":1574629519644,"group":{"id":"project.fs","version":"1"},"event":{"state":true,"data":{"os":"Mac","cs-project":false,"created":1574629519644,"project":"92ddc83aceaa9edad1485397ccc1680a8fd16623aa2c155379eac4aafdb2a559","cs-implicit":true,"cs-system":false},"id":"case-sensitivity"}}
{"recorder_version":"21","session":"bc0561bd8b7e","build":"192.6262.58","bucket":"189","time":1574629519644,"group":{"id":"project.fs","version":"1"},"event":{"state":true,"data":{"created":1574629519644},"id":"invoked"}}
{"recorder_version":"21","session":"bc0561bd8b7e","build":"192.6262.58","bucket":"189","time":1574629519645,"group":{"id":"project.fs","version":"1"},"event":{"state":true,"data":{"pct-non-watched":0,"created":1574629519645,"project":"92ddc83aceaa9edad1485397ccc1680a8fd16623aa2c155379eac4aafdb2a559"},"id":"roots-watched"}}
{"recorder_version":"21","session":"bc0561bd8b7e","build":"192.6262.58","bucket":"189","time":1574629519645,"group":{"id":"project.fs","version":"1"},"event":{"state":true,"data":{"created":1574629519645},"id":"invoked"}}
{"recorder_version":"21","session":"bc0561bd8b7e","build":"192.6262.58","bucket":"189","time":1574629519727,"group":{"id":"ui.dialogs","version":"21"},"event":{"count":1,"data":{"code":1,"created":1574629519727,"plugin_type":"PLATFORM","type":"close"},"id":"com.intellij.openapi.progress.util.ProgressDialog$MyDialogWrapper"}}
{"recorder_version":"21","session":"bc0561bd8b7e","build":"192.6262.58","bucket":"189","time":1574629519838,"group":{"id":"lifecycle","version":"21"},"event":{"count":1,"data":{"duration_ms":4576,"created":1574629519838,"project":"92ddc83aceaa9edad1485397ccc1680a8fd16623aa2c155379eac4aafdb2a559"},"id":"project.opening.finished"}}
{"recorder_version":"21","session":"bc0561bd8b7e","build":"192.6262.58","bucket":"189","time":1574629520898,"group":{"id":"kotlin.jps.target","version":"1"},"event":{"count":1,"data":{"plugin_version":"1.3.41-release-IJ2019.2-1","created":1574629520898},"id":"jvm"}}
{"recorder_version":"21","session":"bc0561bd8b7e","build":"192.6262.58","bucket":"189","time":1574629521183,"group":{"id":"actions","version":"21"},"event":{"count":1,"data":{"context_menu":false,"current_file":"TEXT","created":1574629521183,"plugin_type":"PLATFORM","project":"92ddc83aceaa9edad1485397ccc1680a8fd16623aa2c155379eac4aafdb2a559","place":"keyboard_shortcut","class":"com.intellij.openapi.editor.actions.EscapeAction","input_event":"Escape"},"id":"EditorEscape"}}
{"recorder_version":"21","session":"bc0561bd8b7e","build":"192.6262.58","bucket":"189","time":1574629524198,"group":{"id":"file.types.usage","version":"21"},"event":{"count":1,"data":{"created":1574629524198,"plugin_type":"PLATFORM","project":"92ddc83aceaa9edad1485397ccc1680a8fd16623aa2c155379eac4aafdb2a559","type":"edit"},"id":"IDEA_MODULE"}}
{"recorder_version":"21","session":"bc0561bd8b7e","build":"192.6262.58","bucket":"189","time":1574629548476,"group":{"id":"actions","version":"21"},"event":{"count":2,"data":{"context_menu":false,"last":1574629553664,"current_file":"TEXT","created":1574629548477,"plugin_type":"PLATFORM","project":"92ddc83aceaa9edad1485397ccc1680a8fd16623aa2c155379eac4aafdb2a559","place":"keyboard_shortcut","class":"com.intellij.openapi.editor.actions.EscapeAction","input_event":"Escape"},"id":"EditorEscape"}}
{"recorder_version":"21","session":"bc0561bd8b7e","build":"192.6262.58","bucket":"189","time":1574629556097,"group":{"id":"actions","version":"21"},"event":{"count":1,"data":{"context_menu":false,"current_file":"TEXT","created":1574629556098,"plugin_type":"PLATFORM","project":"92ddc83aceaa9edad1485397ccc1680a8fd16623aa2c155379eac4aafdb2a559","place":"keyboard_shortcut","class":"com.intellij.openapi.editor.actions.BackspaceAction","input_event":"Backspace"},"id":"EditorBackSpace"}}
{"recorder_version":"21","session":"bc0561bd8b7e","build":"192.6262.58","bucket":"189","time":1574629592121,"group":{"id":"lifecycle","version":"21"},"event":{"count":1,"data":{"created":1574629592121,"project":"92ddc83aceaa9edad1485397ccc1680a8fd16623aa2c155379eac4aafdb2a559"},"id":"frame.deactivated"}}
{"recorder_version":"21","session":"bc0561bd8b7e","build":"192.6262.58","bucket":"189","time":1574629614082,"group":{"id":"performance","version":"21"},"event":{"count":1,"data":{"duration_ms":1,"created":1574629614085},"id":"ui.latency"}}
{"recorder_version":"21","session":"bc0561bd8b7e","build":"192.6262.58","bucket":"189","time":1574629636033,"group":{"id":"lifecycle","version":"21"},"event":{"count":1,"data":{"created":1574629636033,"project":"92ddc83aceaa9edad1485397ccc1680a8fd16623aa2c155379eac4aafdb2a559"},"id":"project.closed"}}
{"recorder_version":"21","session":"bc0561bd8b7e","build":"192.6262.58","bucket":"189","time":1574629637405,"group":{"id":"lifecycle","version":"21"},"event":{"count":1,"data":{"restart":false,"created":1574629637405},"id":"ide.close"}}
