{"recorder_version":"21","session":"5a95ab3616b9","build":"192.6262.58","bucket":"189","time":1575350733630,"group":{"id":"settings","version":"4"},"event":{"state":true,"data":{"component":"NotRoamableUiSettings","created":1575350733798},"id":"invoked"}}
{"recorder_version":"21","session":"5a95ab3616b9","build":"192.6262.58","bucket":"189","time":1575350733632,"group":{"id":"system.java","version":"1"},"event":{"state":true,"data":{"created":1575350733800,"version":"1.11"},"id":"JetBrains"}}
{"recorder_version":"21","session":"5a95ab3616b9","build":"192.6262.58","bucket":"189","time":1575350733632,"group":{"id":"system.java","version":"1"},"event":{"state":true,"data":{"created":1575350733809},"id":"invoked"}}
{"recorder_version":"21","session":"5a95ab3616b9","build":"192.6262.58","bucket":"189","time":1575350733632,"group":{"id":"settings","version":"4"},"event":{"state":true,"data":{"component":"UISettings","created":1575350733810},"id":"invoked"}}
{"recorder_version":"21","session":"5a95ab3616b9","build":"192.6262.58","bucket":"189","time":1575350733654,"group":{"id":"system.os","version":"3"},"event":{"state":true,"data":{"created":1575350733812,"version":"10.14"},"id":"Mac"}}
{"recorder_version":"21","session":"5a95ab3616b9","build":"192.6262.58","bucket":"189","time":1575350733654,"group":{"id":"system.os","version":"3"},"event":{"state":true,"data":{"created":1575350733813,"name":"Mac","version":"10.14"},"id":"os.name"}}
{"recorder_version":"21","session":"5a95ab3616b9","build":"192.6262.58","bucket":"189","time":1575350733654,"group":{"id":"system.os","version":"3"},"event":{"state":true,"data":{"created":1575350733814,"value":"+09_00"},"id":"os.timezone"}}
{"recorder_version":"21","session":"5a95ab3616b9","build":"192.6262.58","bucket":"189","time":1575350733654,"group":{"id":"system.os","version":"3"},"event":{"state":true,"data":{"created":1575350733814},"id":"invoked"}}
{"recorder_version":"21","session":"5a95ab3616b9","build":"192.6262.58","bucket":"189","time":1575350733798,"group":{"id":"event.log","version":"21"},"event":{"count":1,"data":{"created":1575350733815,"version":"943.0"},"id":"whitelist.loaded"}}
{"recorder_version":"21","session":"5a95ab3616b9","build":"192.6262.58","bucket":"189","time":1575350736012,"group":{"id":"settings","version":"4"},"event":{"state":true,"data":{"component":"UpdatesConfigurable","created":1575350736012,"name":"checkNeeded","type":"bool","value":false},"id":"not.default"}}
{"recorder_version":"21","session":"5a95ab3616b9","build":"192.6262.58","bucket":"189","time":1575350736012,"group":{"id":"settings","version":"4"},"event":{"state":true,"data":{"component":"UpdatesConfigurable","created":1575350736013},"id":"invoked"}}
{"recorder_version":"21","session":"5a95ab3616b9","build":"192.6262.58","bucket":"189","time":1575350736148,"group":{"id":"settings","version":"4"},"event":{"state":true,"data":{"component":"GeneralSettings","created":1575350736148,"name":"confirmExit","type":"bool","value":false},"id":"not.default"}}
{"recorder_version":"21","session":"5a95ab3616b9","build":"192.6262.58","bucket":"189","time":1575350736148,"group":{"id":"settings","version":"4"},"event":{"state":true,"data":{"component":"GeneralSettings","created":1575350736149,"name":"showTipsOnStartup","type":"bool","value":false},"id":"not.default"}}
{"recorder_version":"21","session":"5a95ab3616b9","build":"192.6262.58","bucket":"189","time":1575350736148,"group":{"id":"settings","version":"4"},"event":{"state":true,"data":{"component":"GeneralSettings","created":1575350736154},"id":"invoked"}}
{"recorder_version":"21","session":"5a95ab3616b9","build":"192.6262.58","bucket":"189","time":1575350736157,"group":{"id":"lifecycle","version":"21"},"event":{"count":1,"data":{"internal":true,"eap":false,"created":1575350736158},"id":"ide.start"}}
{"recorder_version":"21","session":"5a95ab3616b9","build":"192.6262.58","bucket":"189","time":1575350736452,"group":{"id":"lifecycle","version":"21"},"event":{"count":1,"data":{"created":1575350736452},"id":"frame.activated"}}
{"recorder_version":"21","session":"5a95ab3616b9","build":"192.6262.58","bucket":"189","time":1575350736577,"group":{"id":"performance","version":"21"},"event":{"count":1,"data":{"duration_ms":75,"created":1575350736578},"id":"ui.latency"}}
{"recorder_version":"21","session":"5a95ab3616b9","build":"192.6262.58","bucket":"189","time":1575350736926,"group":{"id":"ui.dialogs","version":"21"},"event":{"count":1,"data":{"created":1575350736927,"plugin_type":"PLATFORM","type":"show"},"id":"com.intellij.openapi.progress.util.ProgressDialog$MyDialogWrapper"}}
{"recorder_version":"21","session":"5a95ab3616b9","build":"192.6262.58","bucket":"189","time":1575350737942,"group":{"id":"lifecycle","version":"21"},"event":{"count":1,"data":{"created":1575350737942,"project":"4452600da3b350ab41d92ae108c2baae6ff0ac3ddb31bd67020ee046ec77ac09"},"id":"project.opened"}}
{"recorder_version":"21","session":"5a95ab3616b9","build":"192.6262.58","bucket":"189","time":1575350738618,"group":{"id":"performance","version":"21"},"event":{"count":1,"data":{"duration_ms":115,"created":1575350738618},"id":"ui.lagging"}}
{"recorder_version":"21","session":"5a95ab3616b9","build":"192.6262.58","bucket":"189","time":1575350739606,"group":{"id":"settings","version":"4"},"event":{"state":true,"data":{"component":"XmlEditorOptions","created":1575350739607},"id":"invoked"}}
{"recorder_version":"21","session":"5a95ab3616b9","build":"192.6262.58","bucket":"189","time":1575350739689,"group":{"id":"performance","version":"21"},"event":{"count":1,"data":{"duration_ms":185,"created":1575350739689},"id":"ui.lagging"}}
{"recorder_version":"21","session":"5a95ab3616b9","build":"192.6262.58","bucket":"189","time":1575350740350,"group":{"id":"toolwindow","version":"21"},"event":{"count":1,"data":{"os":"Mac","created":1575350740350,"plugin_type":"PLATFORM"},"id":"Project"}}
{"recorder_version":"21","session":"5a95ab3616b9","build":"192.6262.58","bucket":"189","time":1575350741186,"group":{"id":"performance","version":"21"},"event":{"count":1,"data":{"duration_ms":669,"created":1575350741186},"id":"ui.lagging"}}
{"recorder_version":"21","session":"5a95ab3616b9","build":"192.6262.58","bucket":"189","time":1575350742734,"group":{"id":"project.fs","version":"1"},"event":{"state":true,"data":{"os":"Mac","cs-project":false,"created":1575350742734,"project":"4452600da3b350ab41d92ae108c2baae6ff0ac3ddb31bd67020ee046ec77ac09","cs-implicit":true,"cs-system":false},"id":"case-sensitivity"}}
{"recorder_version":"21","session":"5a95ab3616b9","build":"192.6262.58","bucket":"189","time":1575350742734,"group":{"id":"project.fs","version":"1"},"event":{"state":true,"data":{"created":1575350742734},"id":"invoked"}}
{"recorder_version":"21","session":"5a95ab3616b9","build":"192.6262.58","bucket":"189","time":1575350742734,"group":{"id":"project.fs","version":"1"},"event":{"state":true,"data":{"pct-non-watched":0,"created":1575350742734,"project":"4452600da3b350ab41d92ae108c2baae6ff0ac3ddb31bd67020ee046ec77ac09"},"id":"roots-watched"}}
{"recorder_version":"21","session":"5a95ab3616b9","build":"192.6262.58","bucket":"189","time":1575350742734,"group":{"id":"project.fs","version":"1"},"event":{"state":true,"data":{"created":1575350742734},"id":"invoked"}}
{"recorder_version":"21","session":"5a95ab3616b9","build":"192.6262.58","bucket":"189","time":1575350742787,"group":{"id":"ui.dialogs","version":"21"},"event":{"count":1,"data":{"code":1,"created":1575350742787,"plugin_type":"PLATFORM","type":"close"},"id":"com.intellij.openapi.progress.util.ProgressDialog$MyDialogWrapper"}}
{"recorder_version":"21","session":"5a95ab3616b9","build":"192.6262.58","bucket":"189","time":1575350743049,"group":{"id":"kotlin.jps.target","version":"1"},"event":{"count":2,"data":{"plugin_version":"validation.undefined_rule","last":1575350743049,"created":1575350743049},"id":"validation.undefined_rule"}}
{"recorder_version":"21","session":"5a95ab3616b9","build":"192.6262.58","bucket":"189","time":1575350743338,"group":{"id":"lifecycle","version":"21"},"event":{"count":1,"data":{"duration_ms":6689,"created":1575350743339,"project":"4452600da3b350ab41d92ae108c2baae6ff0ac3ddb31bd67020ee046ec77ac09"},"id":"project.opening.finished"}}
{"recorder_version":"21","session":"5a95ab3616b9","build":"192.6262.58","bucket":"189","time":1575350743813,"group":{"id":"performance","version":"21"},"event":{"count":1,"data":{"duration_ms":296,"created":1575350743814},"id":"ui.lagging"}}
{"recorder_version":"21","session":"5a95ab3616b9","build":"192.6262.58","bucket":"189","time":1575350744694,"group":{"id":"vcs.change.reminder","version":"1"},"event":{"count":1,"data":{"created":1575350744694,"project":"4452600da3b350ab41d92ae108c2baae6ff0ac3ddb31bd67020ee046ec77ac09","execution_time":278},"id":"prediction.calculated"}}
{"recorder_version":"21","session":"5a95ab3616b9","build":"192.6262.58","bucket":"189","time":1575350744730,"group":{"id":"performance","version":"21"},"event":{"count":1,"data":{"duration_ms":213,"created":1575350744730},"id":"ui.lagging"}}
{"recorder_version":"21","session":"5a95ab3616b9","build":"192.6262.58","bucket":"189","time":1575350744761,"group":{"id":"vcs.change.reminder","version":"1"},"event":{"count":1,"data":{"created":1575350744761,"project":"4452600da3b350ab41d92ae108c2baae6ff0ac3ddb31bd67020ee046ec77ac09","execution_time":67},"id":"prediction.calculated"}}
{"recorder_version":"21","session":"5a95ab3616b9","build":"192.6262.58","bucket":"189","time":1575350744795,"group":{"id":"vcs.change.reminder","version":"1"},"event":{"count":1,"data":{"created":1575350744795,"project":"4452600da3b350ab41d92ae108c2baae6ff0ac3ddb31bd67020ee046ec77ac09","execution_time":33},"id":"prediction.calculated"}}
{"recorder_version":"21","session":"5a95ab3616b9","build":"192.6262.58","bucket":"189","time":1575350745185,"group":{"id":"file.types.usage","version":"21"},"event":{"count":1,"data":{"plugin":"com.intellij.java","created":1575350745185,"plugin_type":"JB_BUNDLED","project":"4452600da3b350ab41d92ae108c2baae6ff0ac3ddb31bd67020ee046ec77ac09","type":"edit"},"id":"JAVA"}}
{"recorder_version":"21","session":"5a95ab3616b9","build":"192.6262.58","bucket":"189","time":1575350751644,"group":{"id":"lifecycle","version":"21"},"event":{"count":1,"data":{"created":1575350751644,"project":"4452600da3b350ab41d92ae108c2baae6ff0ac3ddb31bd67020ee046ec77ac09"},"id":"frame.deactivated"}}
{"recorder_version":"21","session":"5a95ab3616b9","build":"192.6262.58","bucket":"189","time":1575350752665,"group":{"id":"lifecycle","version":"21"},"event":{"count":1,"data":{"created":1575350752665,"project":"4452600da3b350ab41d92ae108c2baae6ff0ac3ddb31bd67020ee046ec77ac09"},"id":"frame.activated"}}
{"recorder_version":"21","session":"5a95ab3616b9","build":"192.6262.58","bucket":"189","time":1575350754264,"group":{"id":"file.types.usage","version":"21"},"event":{"count":1,"data":{"plugin":"com.intellij.java","created":1575350754264,"plugin_type":"JB_BUNDLED","project":"4452600da3b350ab41d92ae108c2baae6ff0ac3ddb31bd67020ee046ec77ac09","type":"edit"},"id":"JAVA"}}
{"recorder_version":"21","session":"5a95ab3616b9","build":"192.6262.58","bucket":"189","time":1575350755958,"group":{"id":"lifecycle","version":"21"},"event":{"count":1,"data":{"created":1575350755958,"project":"4452600da3b350ab41d92ae108c2baae6ff0ac3ddb31bd67020ee046ec77ac09"},"id":"frame.deactivated"}}
{"recorder_version":"21","session":"5a95ab3616b9","build":"192.6262.58","bucket":"189","time":1575350757250,"group":{"id":"lifecycle","version":"21"},"event":{"count":1,"data":{"created":1575350757251,"project":"4452600da3b350ab41d92ae108c2baae6ff0ac3ddb31bd67020ee046ec77ac09"},"id":"frame.activated"}}
{"recorder_version":"21","session":"5a95ab3616b9","build":"192.6262.58","bucket":"189","time":1575350759089,"group":{"id":"file.types.usage","version":"21"},"event":{"count":1,"data":{"plugin":"com.intellij.java","created":1575350759090,"plugin_type":"JB_BUNDLED","project":"4452600da3b350ab41d92ae108c2baae6ff0ac3ddb31bd67020ee046ec77ac09","type":"edit"},"id":"JAVA"}}
{"recorder_version":"21","session":"5a95ab3616b9","build":"192.6262.58","bucket":"189","time":1575350760776,"group":{"id":"lifecycle","version":"21"},"event":{"count":1,"data":{"created":1575350760776,"project":"4452600da3b350ab41d92ae108c2baae6ff0ac3ddb31bd67020ee046ec77ac09"},"id":"frame.deactivated"}}
{"recorder_version":"21","session":"5a95ab3616b9","build":"192.6262.58","bucket":"189","time":1575350762266,"group":{"id":"lifecycle","version":"21"},"event":{"count":1,"data":{"created":1575350762266,"project":"4452600da3b350ab41d92ae108c2baae6ff0ac3ddb31bd67020ee046ec77ac09"},"id":"frame.activated"}}
{"recorder_version":"21","session":"5a95ab3616b9","build":"192.6262.58","bucket":"189","time":1575350765817,"group":{"id":"file.types.usage","version":"21"},"event":{"count":1,"data":{"plugin":"com.intellij.java","created":1575350765817,"plugin_type":"JB_BUNDLED","project":"4452600da3b350ab41d92ae108c2baae6ff0ac3ddb31bd67020ee046ec77ac09","type":"edit"},"id":"JAVA"}}
{"recorder_version":"21","session":"5a95ab3616b9","build":"192.6262.58","bucket":"189","time":1575350767728,"group":{"id":"lifecycle","version":"21"},"event":{"count":1,"data":{"created":1575350767728,"project":"4452600da3b350ab41d92ae108c2baae6ff0ac3ddb31bd67020ee046ec77ac09"},"id":"frame.deactivated"}}
{"recorder_version":"21","session":"5a95ab3616b9","build":"192.6262.58","bucket":"189","time":1575350768768,"group":{"id":"lifecycle","version":"21"},"event":{"count":1,"data":{"created":1575350768768,"project":"4452600da3b350ab41d92ae108c2baae6ff0ac3ddb31bd67020ee046ec77ac09"},"id":"frame.activated"}}
{"recorder_version":"21","session":"5a95ab3616b9","build":"192.6262.58","bucket":"189","time":1575350772017,"group":{"id":"file.types.usage","version":"21"},"event":{"count":1,"data":{"plugin":"com.intellij.java","created":1575350772017,"plugin_type":"JB_BUNDLED","project":"4452600da3b350ab41d92ae108c2baae6ff0ac3ddb31bd67020ee046ec77ac09","type":"open"},"id":"JAVA"}}
{"recorder_version":"21","session":"5a95ab3616b9","build":"192.6262.58","bucket":"189","time":1575350773569,"group":{"id":"file.types.usage","version":"21"},"event":{"count":1,"data":{"plugin":"com.intellij.java","created":1575350773569,"plugin_type":"JB_BUNDLED","project":"4452600da3b350ab41d92ae108c2baae6ff0ac3ddb31bd67020ee046ec77ac09","type":"edit"},"id":"JAVA"}}
{"recorder_version":"21","session":"5a95ab3616b9","build":"192.6262.58","bucket":"189","time":1575350775111,"group":{"id":"lifecycle","version":"21"},"event":{"count":1,"data":{"created":1575350775111,"project":"4452600da3b350ab41d92ae108c2baae6ff0ac3ddb31bd67020ee046ec77ac09"},"id":"frame.deactivated"}}
{"recorder_version":"21","session":"5a95ab3616b9","build":"192.6262.58","bucket":"189","time":1575350776934,"group":{"id":"lifecycle","version":"21"},"event":{"count":1,"data":{"created":1575350776934,"project":"4452600da3b350ab41d92ae108c2baae6ff0ac3ddb31bd67020ee046ec77ac09"},"id":"frame.activated"}}
{"recorder_version":"21","session":"5a95ab3616b9","build":"192.6262.58","bucket":"189","time":1575350778160,"group":{"id":"lifecycle","version":"21"},"event":{"count":1,"data":{"restart":false,"created":1575350778160},"id":"ide.close"}}
{"recorder_version":"21","session":"5a95ab3616b9","build":"192.6262.58","bucket":"189","time":1575350778231,"group":{"id":"lifecycle","version":"21"},"event":{"count":1,"data":{"created":1575350778231,"project":"4452600da3b350ab41d92ae108c2baae6ff0ac3ddb31bd67020ee046ec77ac09"},"id":"project.closed"}}
