{"recorder_version":"21","session":"8d69198d553d","build":"192.6262.58","bucket":"189","time":1574788436981,"group":{"id":"settings","version":"4"},"event":{"state":true,"data":{"component":"NotRoamableUiSettings","created":1574788437148},"id":"invoked"}}
{"recorder_version":"21","session":"8d69198d553d","build":"192.6262.58","bucket":"189","time":1574788436983,"group":{"id":"system.java","version":"1"},"event":{"state":true,"data":{"created":1574788437150,"version":"1.11"},"id":"JetBrains"}}
{"recorder_version":"21","session":"8d69198d553d","build":"192.6262.58","bucket":"189","time":1574788436984,"group":{"id":"system.java","version":"1"},"event":{"state":true,"data":{"created":1574788437158},"id":"invoked"}}
{"recorder_version":"21","session":"8d69198d553d","build":"192.6262.58","bucket":"189","time":1574788436984,"group":{"id":"settings","version":"4"},"event":{"state":true,"data":{"component":"UISettings","created":1574788437159},"id":"invoked"}}
{"recorder_version":"21","session":"8d69198d553d","build":"192.6262.58","bucket":"189","time":1574788437008,"group":{"id":"system.os","version":"3"},"event":{"state":true,"data":{"created":1574788437160,"version":"10.14"},"id":"Mac"}}
{"recorder_version":"21","session":"8d69198d553d","build":"192.6262.58","bucket":"189","time":1574788437008,"group":{"id":"system.os","version":"3"},"event":{"state":true,"data":{"created":1574788437161,"name":"Mac","version":"10.14"},"id":"os.name"}}
{"recorder_version":"21","session":"8d69198d553d","build":"192.6262.58","bucket":"189","time":1574788437008,"group":{"id":"system.os","version":"3"},"event":{"state":true,"data":{"created":1574788437162,"value":"+09_00"},"id":"os.timezone"}}
{"recorder_version":"21","session":"8d69198d553d","build":"192.6262.58","bucket":"189","time":1574788437008,"group":{"id":"system.os","version":"3"},"event":{"state":true,"data":{"created":1574788437163},"id":"invoked"}}
{"recorder_version":"21","session":"8d69198d553d","build":"192.6262.58","bucket":"189","time":1574788437147,"group":{"id":"event.log","version":"21"},"event":{"count":1,"data":{"created":1574788437163,"version":"925.0"},"id":"whitelist.loaded"}}
{"recorder_version":"21","session":"8d69198d553d","build":"192.6262.58","bucket":"189","time":1574788439494,"group":{"id":"settings","version":"4"},"event":{"state":true,"data":{"component":"UpdatesConfigurable","created":1574788439495,"name":"checkNeeded","type":"bool","value":false},"id":"not.default"}}
{"recorder_version":"21","session":"8d69198d553d","build":"192.6262.58","bucket":"189","time":1574788439494,"group":{"id":"settings","version":"4"},"event":{"state":true,"data":{"component":"UpdatesConfigurable","created":1574788439495},"id":"invoked"}}
{"recorder_version":"21","session":"8d69198d553d","build":"192.6262.58","bucket":"189","time":1574788439604,"group":{"id":"settings","version":"4"},"event":{"state":true,"data":{"component":"GeneralSettings","created":1574788439605,"name":"confirmExit","type":"bool","value":false},"id":"not.default"}}
{"recorder_version":"21","session":"8d69198d553d","build":"192.6262.58","bucket":"189","time":1574788439604,"group":{"id":"settings","version":"4"},"event":{"state":true,"data":{"component":"GeneralSettings","created":1574788439607,"name":"showTipsOnStartup","type":"bool","value":false},"id":"not.default"}}
{"recorder_version":"21","session":"8d69198d553d","build":"192.6262.58","bucket":"189","time":1574788439604,"group":{"id":"settings","version":"4"},"event":{"state":true,"data":{"component":"GeneralSettings","created":1574788439610},"id":"invoked"}}
{"recorder_version":"21","session":"8d69198d553d","build":"192.6262.58","bucket":"189","time":1574788439613,"group":{"id":"lifecycle","version":"21"},"event":{"count":1,"data":{"internal":true,"eap":false,"created":1574788439614},"id":"ide.start"}}
{"recorder_version":"21","session":"8d69198d553d","build":"192.6262.58","bucket":"189","time":1574788439860,"group":{"id":"lifecycle","version":"21"},"event":{"count":1,"data":{"created":1574788439860},"id":"frame.activated"}}
{"recorder_version":"21","session":"8d69198d553d","build":"192.6262.58","bucket":"189","time":1574788440159,"group":{"id":"performance","version":"21"},"event":{"count":1,"data":{"duration_ms":0,"created":1574788440160},"id":"ui.latency"}}
{"recorder_version":"21","session":"8d69198d553d","build":"192.6262.58","bucket":"189","time":1574788440315,"group":{"id":"ui.dialogs","version":"21"},"event":{"count":1,"data":{"created":1574788440315,"plugin_type":"PLATFORM","type":"show"},"id":"com.intellij.openapi.progress.util.ProgressDialog$MyDialogWrapper"}}
{"recorder_version":"21","session":"8d69198d553d","build":"192.6262.58","bucket":"189","time":1574788441234,"group":{"id":"lifecycle","version":"21"},"event":{"count":1,"data":{"created":1574788441234,"project":"92ddc83aceaa9edad1485397ccc1680a8fd16623aa2c155379eac4aafdb2a559"},"id":"project.opened"}}
{"recorder_version":"21","session":"8d69198d553d","build":"192.6262.58","bucket":"189","time":1574788442839,"group":{"id":"settings","version":"4"},"event":{"state":true,"data":{"component":"XmlEditorOptions","created":1574788442839},"id":"invoked"}}
{"recorder_version":"21","session":"8d69198d553d","build":"192.6262.58","bucket":"189","time":1574788443036,"group":{"id":"toolwindow","version":"21"},"event":{"count":1,"data":{"os":"Mac","created":1574788443036,"plugin_type":"PLATFORM"},"id":"Project"}}
{"recorder_version":"21","session":"8d69198d553d","build":"192.6262.58","bucket":"189","time":1574788443364,"group":{"id":"performance","version":"21"},"event":{"count":1,"data":{"duration_ms":199,"created":1574788443364},"id":"ui.lagging"}}
{"recorder_version":"21","session":"8d69198d553d","build":"192.6262.58","bucket":"189","time":1574788444994,"group":{"id":"kotlin.jps.target","version":"1"},"event":{"count":1,"data":{"plugin_version":"1.3.41-release-IJ2019.2-1","created":1574788444994},"id":"jvm"}}
{"recorder_version":"21","session":"8d69198d553d","build":"192.6262.58","bucket":"189","time":1574788445006,"group":{"id":"project.fs","version":"1"},"event":{"state":true,"data":{"os":"Mac","cs-project":false,"created":1574788445007,"project":"92ddc83aceaa9edad1485397ccc1680a8fd16623aa2c155379eac4aafdb2a559","cs-implicit":true,"cs-system":false},"id":"case-sensitivity"}}
{"recorder_version":"21","session":"8d69198d553d","build":"192.6262.58","bucket":"189","time":1574788445006,"group":{"id":"project.fs","version":"1"},"event":{"state":true,"data":{"created":1574788445007},"id":"invoked"}}
{"recorder_version":"21","session":"8d69198d553d","build":"192.6262.58","bucket":"189","time":1574788445007,"group":{"id":"project.fs","version":"1"},"event":{"state":true,"data":{"pct-non-watched":0,"created":1574788445008,"project":"92ddc83aceaa9edad1485397ccc1680a8fd16623aa2c155379eac4aafdb2a559"},"id":"roots-watched"}}
{"recorder_version":"21","session":"8d69198d553d","build":"192.6262.58","bucket":"189","time":1574788445007,"group":{"id":"project.fs","version":"1"},"event":{"state":true,"data":{"created":1574788445008},"id":"invoked"}}
{"recorder_version":"21","session":"8d69198d553d","build":"192.6262.58","bucket":"189","time":1574788445103,"group":{"id":"ui.dialogs","version":"21"},"event":{"count":1,"data":{"code":1,"created":1574788445103,"plugin_type":"PLATFORM","type":"close"},"id":"com.intellij.openapi.progress.util.ProgressDialog$MyDialogWrapper"}}
{"recorder_version":"21","session":"8d69198d553d","build":"192.6262.58","bucket":"189","time":1574788445243,"group":{"id":"lifecycle","version":"21"},"event":{"count":1,"data":{"duration_ms":5203,"created":1574788445243,"project":"92ddc83aceaa9edad1485397ccc1680a8fd16623aa2c155379eac4aafdb2a559"},"id":"project.opening.finished"}}
{"recorder_version":"21","session":"8d69198d553d","build":"192.6262.58","bucket":"189","time":1574788447444,"group":{"id":"file.types.usage","version":"21"},"event":{"count":1,"data":{"created":1574788447444,"plugin_type":"PLATFORM","project":"92ddc83aceaa9edad1485397ccc1680a8fd16623aa2c155379eac4aafdb2a559","type":"edit"},"id":"IDEA_MODULE"}}
{"recorder_version":"21","session":"8d69198d553d","build":"192.6262.58","bucket":"189","time":1574788450837,"group":{"id":"actions","version":"21"},"event":{"count":1,"data":{"context_menu":false,"current_file":"TEXT","created":1574788450837,"plugin_type":"PLATFORM","project":"92ddc83aceaa9edad1485397ccc1680a8fd16623aa2c155379eac4aafdb2a559","place":"keyboard_shortcut","class":"com.intellij.openapi.editor.actions.EnterAction","input_event":"Enter"},"id":"EditorEnter"}}
{"recorder_version":"21","session":"8d69198d553d","build":"192.6262.58","bucket":"189","time":1574788450936,"group":{"id":"lifecycle","version":"21"},"event":{"count":1,"data":{"created":1574788450936,"plugin_type":"NOT_LISTED","error":"java.lang.Throwable"},"id":"ide.error"}}
{"recorder_version":"21","session":"8d69198d553d","build":"192.6262.58","bucket":"189","time":1574788453688,"group":{"id":"actions","version":"21"},"event":{"count":1,"data":{"context_menu":false,"current_file":"TEXT","created":1574788453689,"plugin_type":"PLATFORM","project":"92ddc83aceaa9edad1485397ccc1680a8fd16623aa2c155379eac4aafdb2a559","place":"keyboard_shortcut","class":"com.intellij.openapi.editor.actions.EnterAction","input_event":"Enter"},"id":"EditorEnter"}}
{"recorder_version":"21","session":"8d69198d553d","build":"192.6262.58","bucket":"189","time":1574788453792,"group":{"id":"lifecycle","version":"21"},"event":{"count":1,"data":{"created":1574788453792,"plugin_type":"NOT_LISTED","error":"java.lang.Throwable"},"id":"ide.error"}}
{"recorder_version":"21","session":"8d69198d553d","build":"192.6262.58","bucket":"189","time":1574788455179,"group":{"id":"lifecycle","version":"21"},"event":{"count":1,"data":{"created":1574788455179,"project":"92ddc83aceaa9edad1485397ccc1680a8fd16623aa2c155379eac4aafdb2a559"},"id":"frame.deactivated"}}
{"recorder_version":"21","session":"8d69198d553d","build":"192.6262.58","bucket":"189","time":1574788455375,"group":{"id":"performance","version":"21"},"event":{"count":1,"data":{"duration_ms":185,"created":1574788455375},"id":"ui.lagging"}}
{"recorder_version":"21","session":"8d69198d553d","build":"192.6262.58","bucket":"189","time":1574788503402,"group":{"id":"lifecycle","version":"21"},"event":{"count":1,"data":{"created":1574788503402,"project":"92ddc83aceaa9edad1485397ccc1680a8fd16623aa2c155379eac4aafdb2a559"},"id":"frame.activated"}}
{"recorder_version":"21","session":"8d69198d553d","build":"192.6262.58","bucket":"189","time":1574788503769,"group":{"id":"lifecycle","version":"21"},"event":{"count":1,"data":{"restart":false,"created":1574788503769},"id":"ide.close"}}
{"recorder_version":"21","session":"8d69198d553d","build":"192.6262.58","bucket":"189","time":1574788503851,"group":{"id":"lifecycle","version":"21"},"event":{"count":1,"data":{"created":1574788503851,"project":"92ddc83aceaa9edad1485397ccc1680a8fd16623aa2c155379eac4aafdb2a559"},"id":"project.closed"}}
