{"recorder_version":"21","session":"31db0b5083de","build":"192.6262.58","bucket":"189","time":1574778730413,"group":{"id":"settings","version":"4"},"event":{"state":true,"data":{"component":"NotRoamableUiSettings","created":1574778730622},"id":"invoked"}}
{"recorder_version":"21","session":"31db0b5083de","build":"192.6262.58","bucket":"189","time":1574778730415,"group":{"id":"system.java","version":"1"},"event":{"state":true,"data":{"created":1574778730624,"version":"1.11"},"id":"JetBrains"}}
{"recorder_version":"21","session":"31db0b5083de","build":"192.6262.58","bucket":"189","time":1574778730415,"group":{"id":"system.java","version":"1"},"event":{"state":true,"data":{"created":1574778730633},"id":"invoked"}}
{"recorder_version":"21","session":"31db0b5083de","build":"192.6262.58","bucket":"189","time":1574778730416,"group":{"id":"settings","version":"4"},"event":{"state":true,"data":{"component":"UISettings","created":1574778730634},"id":"invoked"}}
{"recorder_version":"21","session":"31db0b5083de","build":"192.6262.58","bucket":"189","time":1574778730439,"group":{"id":"system.os","version":"3"},"event":{"state":true,"data":{"created":1574778730635,"version":"10.14"},"id":"Mac"}}
{"recorder_version":"21","session":"31db0b5083de","build":"192.6262.58","bucket":"189","time":1574778730439,"group":{"id":"system.os","version":"3"},"event":{"state":true,"data":{"created":1574778730635,"name":"Mac","version":"10.14"},"id":"os.name"}}
{"recorder_version":"21","session":"31db0b5083de","build":"192.6262.58","bucket":"189","time":1574778730439,"group":{"id":"system.os","version":"3"},"event":{"state":true,"data":{"created":1574778730637,"value":"+09_00"},"id":"os.timezone"}}
{"recorder_version":"21","session":"31db0b5083de","build":"192.6262.58","bucket":"189","time":1574778730439,"group":{"id":"system.os","version":"3"},"event":{"state":true,"data":{"created":1574778730638},"id":"invoked"}}
{"recorder_version":"21","session":"31db0b5083de","build":"192.6262.58","bucket":"189","time":1574778730622,"group":{"id":"event.log","version":"21"},"event":{"count":1,"data":{"created":1574778730639,"version":"925.0"},"id":"whitelist.loaded"}}
{"recorder_version":"21","session":"31db0b5083de","build":"192.6262.58","bucket":"189","time":1574778732891,"group":{"id":"settings","version":"4"},"event":{"state":true,"data":{"component":"UpdatesConfigurable","created":1574778732892,"name":"checkNeeded","type":"bool","value":false},"id":"not.default"}}
{"recorder_version":"21","session":"31db0b5083de","build":"192.6262.58","bucket":"189","time":1574778732891,"group":{"id":"settings","version":"4"},"event":{"state":true,"data":{"component":"UpdatesConfigurable","created":1574778732893},"id":"invoked"}}
{"recorder_version":"21","session":"31db0b5083de","build":"192.6262.58","bucket":"189","time":1574778733050,"group":{"id":"settings","version":"4"},"event":{"state":true,"data":{"component":"GeneralSettings","created":1574778733050,"name":"confirmExit","type":"bool","value":false},"id":"not.default"}}
{"recorder_version":"21","session":"31db0b5083de","build":"192.6262.58","bucket":"189","time":1574778733050,"group":{"id":"settings","version":"4"},"event":{"state":true,"data":{"component":"GeneralSettings","created":1574778733065,"name":"showTipsOnStartup","type":"bool","value":false},"id":"not.default"}}
{"recorder_version":"21","session":"31db0b5083de","build":"192.6262.58","bucket":"189","time":1574778733050,"group":{"id":"settings","version":"4"},"event":{"state":true,"data":{"component":"GeneralSettings","created":1574778733066},"id":"invoked"}}
{"recorder_version":"21","session":"31db0b5083de","build":"192.6262.58","bucket":"189","time":1574778733070,"group":{"id":"lifecycle","version":"21"},"event":{"count":1,"data":{"internal":true,"eap":false,"created":1574778733071},"id":"ide.start"}}
{"recorder_version":"21","session":"31db0b5083de","build":"192.6262.58","bucket":"189","time":1574778733394,"group":{"id":"lifecycle","version":"21"},"event":{"count":1,"data":{"created":1574778733394},"id":"frame.activated"}}
{"recorder_version":"21","session":"31db0b5083de","build":"192.6262.58","bucket":"189","time":1574778733537,"group":{"id":"performance","version":"21"},"event":{"count":1,"data":{"duration_ms":31,"created":1574778733537},"id":"ui.latency"}}
{"recorder_version":"21","session":"31db0b5083de","build":"192.6262.58","bucket":"189","time":1574778733885,"group":{"id":"ui.dialogs","version":"21"},"event":{"count":1,"data":{"created":1574778733886,"plugin_type":"PLATFORM","type":"show"},"id":"com.intellij.openapi.progress.util.ProgressDialog$MyDialogWrapper"}}
{"recorder_version":"21","session":"31db0b5083de","build":"192.6262.58","bucket":"189","time":1574778734947,"group":{"id":"lifecycle","version":"21"},"event":{"count":1,"data":{"created":1574778734947,"project":"92ddc83aceaa9edad1485397ccc1680a8fd16623aa2c155379eac4aafdb2a559"},"id":"project.opened"}}
{"recorder_version":"21","session":"31db0b5083de","build":"192.6262.58","bucket":"189","time":1574778735644,"group":{"id":"performance","version":"21"},"event":{"count":1,"data":{"duration_ms":133,"created":1574778735644},"id":"ui.lagging"}}
{"recorder_version":"21","session":"31db0b5083de","build":"192.6262.58","bucket":"189","time":1574778736636,"group":{"id":"settings","version":"4"},"event":{"state":true,"data":{"component":"XmlEditorOptions","created":1574778736636},"id":"invoked"}}
{"recorder_version":"21","session":"31db0b5083de","build":"192.6262.58","bucket":"189","time":1574778736744,"group":{"id":"performance","version":"21"},"event":{"count":1,"data":{"duration_ms":231,"created":1574778736744},"id":"ui.lagging"}}
{"recorder_version":"21","session":"31db0b5083de","build":"192.6262.58","bucket":"189","time":1574778736903,"group":{"id":"toolwindow","version":"21"},"event":{"count":1,"data":{"os":"Mac","created":1574778736903,"plugin_type":"PLATFORM"},"id":"Project"}}
{"recorder_version":"21","session":"31db0b5083de","build":"192.6262.58","bucket":"189","time":1574778738833,"group":{"id":"kotlin.jps.target","version":"1"},"event":{"count":1,"data":{"plugin_version":"1.3.41-release-IJ2019.2-1","created":1574778738833},"id":"jvm"}}
{"recorder_version":"21","session":"31db0b5083de","build":"192.6262.58","bucket":"189","time":1574778739230,"group":{"id":"project.fs","version":"1"},"event":{"state":true,"data":{"os":"Mac","cs-project":false,"created":1574778739230,"project":"92ddc83aceaa9edad1485397ccc1680a8fd16623aa2c155379eac4aafdb2a559","cs-implicit":true,"cs-system":false},"id":"case-sensitivity"}}
{"recorder_version":"21","session":"31db0b5083de","build":"192.6262.58","bucket":"189","time":1574778739230,"group":{"id":"project.fs","version":"1"},"event":{"state":true,"data":{"created":1574778739231},"id":"invoked"}}
{"recorder_version":"21","session":"31db0b5083de","build":"192.6262.58","bucket":"189","time":1574778739232,"group":{"id":"project.fs","version":"1"},"event":{"state":true,"data":{"pct-non-watched":0,"created":1574778739232,"project":"92ddc83aceaa9edad1485397ccc1680a8fd16623aa2c155379eac4aafdb2a559"},"id":"roots-watched"}}
{"recorder_version":"21","session":"31db0b5083de","build":"192.6262.58","bucket":"189","time":1574778739232,"group":{"id":"project.fs","version":"1"},"event":{"state":true,"data":{"created":1574778739232},"id":"invoked"}}
{"recorder_version":"21","session":"31db0b5083de","build":"192.6262.58","bucket":"189","time":1574778739374,"group":{"id":"ui.dialogs","version":"21"},"event":{"count":1,"data":{"code":1,"created":1574778739375,"plugin_type":"PLATFORM","type":"close"},"id":"com.intellij.openapi.progress.util.ProgressDialog$MyDialogWrapper"}}
{"recorder_version":"21","session":"31db0b5083de","build":"192.6262.58","bucket":"189","time":1574778739547,"group":{"id":"lifecycle","version":"21"},"event":{"count":1,"data":{"duration_ms":5933,"created":1574778739547,"project":"92ddc83aceaa9edad1485397ccc1680a8fd16623aa2c155379eac4aafdb2a559"},"id":"project.opening.finished"}}
{"recorder_version":"21","session":"31db0b5083de","build":"192.6262.58","bucket":"189","time":1574778739883,"group":{"id":"performance","version":"21"},"event":{"count":1,"data":{"duration_ms":370,"created":1574778739884},"id":"ui.lagging"}}
{"recorder_version":"21","session":"31db0b5083de","build":"192.6262.58","bucket":"189","time":1574778743612,"group":{"id":"file.types.usage","version":"21"},"event":{"count":1,"data":{"created":1574778743613,"plugin_type":"PLATFORM","project":"92ddc83aceaa9edad1485397ccc1680a8fd16623aa2c155379eac4aafdb2a559","type":"edit"},"id":"IDEA_MODULE"}}
{"recorder_version":"21","session":"31db0b5083de","build":"192.6262.58","bucket":"189","time":1574778768923,"group":{"id":"lifecycle","version":"21"},"event":{"count":1,"data":{"created":1574778768923,"project":"92ddc83aceaa9edad1485397ccc1680a8fd16623aa2c155379eac4aafdb2a559"},"id":"frame.deactivated"}}
{"recorder_version":"21","session":"31db0b5083de","build":"192.6262.58","bucket":"189","time":1574778833771,"group":{"id":"performance","version":"21"},"event":{"count":1,"data":{"duration_ms":0,"created":1574778833771},"id":"ui.latency"}}
{"recorder_version":"21","session":"31db0b5083de","build":"192.6262.58","bucket":"189","time":1574778934026,"group":{"id":"performance","version":"21"},"event":{"count":1,"data":{"duration_ms":0,"created":1574778934027},"id":"ui.latency"}}
{"recorder_version":"21","session":"31db0b5083de","build":"192.6262.58","bucket":"189","time":1574779033058,"group":{"id":"build.tools.actions","version":"1"},"event":{"count":1,"data":{"created":1574779033058},"id":"registered"}}
{"recorder_version":"21","session":"31db0b5083de","build":"192.6262.58","bucket":"189","time":1574779033058,"group":{"id":"file.types.usage","version":"21"},"event":{"count":1,"data":{"created":1574779033059},"id":"registered"}}
{"recorder_version":"21","session":"31db0b5083de","build":"192.6262.58","bucket":"189","time":1574779033058,"group":{"id":"ide.script.engine","version":"1"},"event":{"count":1,"data":{"created":1574779033059},"id":"registered"}}
{"recorder_version":"21","session":"31db0b5083de","build":"192.6262.58","bucket":"189","time":1574779033058,"group":{"id":"actions.runAnything","version":"1"},"event":{"count":1,"data":{"created":1574779033059},"id":"registered"}}
{"recorder_version":"21","session":"31db0b5083de","build":"192.6262.58","bucket":"189","time":1574779033058,"group":{"id":"toolwindow","version":"21"},"event":{"count":1,"data":{"created":1574779033059},"id":"registered"}}
{"recorder_version":"21","session":"31db0b5083de","build":"192.6262.58","bucket":"189","time":1574779033058,"group":{"id":"kotlin.ide.newFileTempl","version":"1"},"event":{"count":1,"data":{"created":1574779033059},"id":"registered"}}
{"recorder_version":"21","session":"31db0b5083de","build":"192.6262.58","bucket":"189","time":1574779033058,"group":{"id":"live.templates","version":"21"},"event":{"count":1,"data":{"created":1574779033059},"id":"registered"}}
{"recorder_version":"21","session":"31db0b5083de","build":"192.6262.58","bucket":"189","time":1574779033058,"group":{"id":"ide.self.update","version":"2"},"event":{"count":1,"data":{"created":1574779033060},"id":"registered"}}
{"recorder_version":"21","session":"31db0b5083de","build":"192.6262.58","bucket":"189","time":1574779033058,"group":{"id":"ui.settings","version":"21"},"event":{"count":1,"data":{"created":1574779033060},"id":"registered"}}
{"recorder_version":"21","session":"31db0b5083de","build":"192.6262.58","bucket":"189","time":1574779033058,"group":{"id":"lifecycle","version":"21"},"event":{"count":1,"data":{"created":1574779033060},"id":"registered"}}
{"recorder_version":"21","session":"31db0b5083de","build":"192.6262.58","bucket":"189","time":1574779033058,"group":{"id":"vcs.diff.trigger","version":"1"},"event":{"count":1,"data":{"created":1574779033060},"id":"registered"}}
{"recorder_version":"21","session":"31db0b5083de","build":"192.6262.58","bucket":"189","time":1574779033058,"group":{"id":"vcs.log.trigger","version":"2"},"event":{"count":1,"data":{"created":1574779033060},"id":"registered"}}
{"recorder_version":"21","session":"31db0b5083de","build":"192.6262.58","bucket":"189","time":1574779033058,"group":{"id":"productivity","version":"21"},"event":{"count":1,"data":{"created":1574779033060},"id":"registered"}}
{"recorder_version":"21","session":"31db0b5083de","build":"192.6262.58","bucket":"189","time":1574779033058,"group":{"id":"debugger.breakpoints.usage","version":"2"},"event":{"count":1,"data":{"created":1574779033061},"id":"registered"}}
{"recorder_version":"21","session":"31db0b5083de","build":"192.6262.58","bucket":"189","time":1574779033058,"group":{"id":"kotlin.gradle.library","version":"1"},"event":{"count":1,"data":{"created":1574779033061},"id":"registered"}}
{"recorder_version":"21","session":"31db0b5083de","build":"192.6262.58","bucket":"189","time":1574779033058,"group":{"id":"find","version":"1"},"event":{"count":1,"data":{"created":1574779033061},"id":"registered"}}
{"recorder_version":"21","session":"31db0b5083de","build":"192.6262.58","bucket":"189","time":1574779033058,"group":{"id":"kotlin.gradle.target","version":"1"},"event":{"count":1,"data":{"created":1574779033061},"id":"registered"}}
{"recorder_version":"21","session":"31db0b5083de","build":"192.6262.58","bucket":"189","time":1574779033058,"group":{"id":"gutter.icon.click","version":"1"},"event":{"count":1,"data":{"created":1574779033061},"id":"registered"}}
{"recorder_version":"21","session":"31db0b5083de","build":"192.6262.58","bucket":"189","time":1574779033058,"group":{"id":"shell.script","version":"1"},"event":{"count":1,"data":{"created":1574779033061},"id":"registered"}}
{"recorder_version":"21","session":"31db0b5083de","build":"192.6262.58","bucket":"189","time":1574779033058,"group":{"id":"kotlin.ide.debugger.eval","version":"1"},"event":{"count":1,"data":{"created":1574779033061},"id":"registered"}}
{"recorder_version":"21","session":"31db0b5083de","build":"192.6262.58","bucket":"189","time":1574779033058,"group":{"id":"build.maven.actions","version":"1"},"event":{"count":1,"data":{"created":1574779033061},"id":"registered"}}
{"recorder_version":"21","session":"31db0b5083de","build":"192.6262.58","bucket":"189","time":1574779033058,"group":{"id":"ui.event","version":"1"},"event":{"count":1,"data":{"created":1574779033061},"id":"registered"}}
{"recorder_version":"21","session":"31db0b5083de","build":"192.6262.58","bucket":"189","time":1574779033058,"group":{"id":"new.project.wizard","version":"1"},"event":{"count":1,"data":{"created":1574779033062},"id":"registered"}}
{"recorder_version":"21","session":"31db0b5083de","build":"192.6262.58","bucket":"189","time":1574779033058,"group":{"id":"kotlin.ide.npwizards","version":"1"},"event":{"count":1,"data":{"created":1574779033062},"id":"registered"}}
{"recorder_version":"21","session":"31db0b5083de","build":"192.6262.58","bucket":"189","time":1574779033058,"group":{"id":"intentions","version":"21"},"event":{"count":1,"data":{"created":1574779033062},"id":"registered"}}
{"recorder_version":"21","session":"31db0b5083de","build":"192.6262.58","bucket":"189","time":1574779033058,"group":{"id":"ui.dialogs","version":"21"},"event":{"count":1,"data":{"created":1574779033062},"id":"registered"}}
{"recorder_version":"21","session":"31db0b5083de","build":"192.6262.58","bucket":"189","time":1574779033058,"group":{"id":"vcs.back.forward.trigger","version":"1"},"event":{"count":1,"data":{"created":1574779033062},"id":"registered"}}
{"recorder_version":"21","session":"31db0b5083de","build":"192.6262.58","bucket":"189","time":1574779033058,"group":{"id":"vcs.change.reminder","version":"1"},"event":{"count":1,"data":{"created":1574779033062},"id":"registered"}}
{"recorder_version":"21","session":"31db0b5083de","build":"192.6262.58","bucket":"189","time":1574779033058,"group":{"id":"toolbar","version":"21"},"event":{"count":1,"data":{"created":1574779033062},"id":"registered"}}
{"recorder_version":"21","session":"31db0b5083de","build":"192.6262.58","bucket":"189","time":1574779033058,"group":{"id":"build.gradle.actions","version":"1"},"event":{"count":1,"data":{"created":1574779033062},"id":"registered"}}
{"recorder_version":"21","session":"31db0b5083de","build":"192.6262.58","bucket":"189","time":1574779033058,"group":{"id":"kotlin.maven.target","version":"1"},"event":{"count":1,"data":{"created":1574779033063},"id":"registered"}}
{"recorder_version":"21","session":"31db0b5083de","build":"192.6262.58","bucket":"189","time":1574779033058,"group":{"id":"performance","version":"21"},"event":{"count":1,"data":{"created":1574779033063},"id":"registered"}}
{"recorder_version":"21","session":"31db0b5083de","build":"192.6262.58","bucket":"189","time":1574779033058,"group":{"id":"searchEverywhere","version":"1"},"event":{"count":1,"data":{"created":1574779033063},"id":"registered"}}
{"recorder_version":"21","session":"31db0b5083de","build":"192.6262.58","bucket":"189","time":1574779033058,"group":{"id":"kotlin.ide.action.refactoring","version":"1"},"event":{"count":1,"data":{"created":1574779033063},"id":"registered"}}
{"recorder_version":"21","session":"31db0b5083de","build":"192.6262.58","bucket":"189","time":1574779033058,"group":{"id":"ui.tips","version":"2"},"event":{"count":1,"data":{"created":1574779033063},"id":"registered"}}
{"recorder_version":"21","session":"31db0b5083de","build":"192.6262.58","bucket":"189","time":1574779033058,"group":{"id":"surround.with","version":"1"},"event":{"count":1,"data":{"created":1574779033063},"id":"registered"}}
{"recorder_version":"21","session":"31db0b5083de","build":"192.6262.58","bucket":"189","time":1574779033058,"group":{"id":"import.old.config","version":"1"},"event":{"count":1,"data":{"created":1574779033063},"id":"registered"}}
{"recorder_version":"21","session":"31db0b5083de","build":"192.6262.58","bucket":"189","time":1574779033058,"group":{"id":"json.schema","version":"1"},"event":{"count":1,"data":{"created":1574779033063},"id":"registered"}}
{"recorder_version":"21","session":"31db0b5083de","build":"192.6262.58","bucket":"189","time":1574779033058,"group":{"id":"kotlin.jps.target","version":"1"},"event":{"count":1,"data":{"created":1574779033063},"id":"registered"}}
{"recorder_version":"21","session":"31db0b5083de","build":"192.6262.58","bucket":"189","time":1574779033058,"group":{"id":"terminalShell","version":"1"},"event":{"count":1,"data":{"created":1574779033064},"id":"registered"}}
{"recorder_version":"21","session":"31db0b5083de","build":"192.6262.58","bucket":"189","time":1574779033058,"group":{"id":"completion.postfix","version":"21"},"event":{"count":1,"data":{"created":1574779033064},"id":"registered"}}
{"recorder_version":"21","session":"31db0b5083de","build":"192.6262.58","bucket":"189","time":1574779033058,"group":{"id":"build.ant.actions","version":"1"},"event":{"count":1,"data":{"created":1574779033064},"id":"registered"}}
{"recorder_version":"21","session":"31db0b5083de","build":"192.6262.58","bucket":"189","time":1574779033058,"group":{"id":"actions","version":"21"},"event":{"count":1,"data":{"created":1574779033064},"id":"registered"}}
{"recorder_version":"21","session":"31db0b5083de","build":"192.6262.58","bucket":"189","time":1574779033058,"group":{"id":"event.log","version":"21"},"event":{"count":1,"data":{"created":1574779033064},"id":"registered"}}
{"recorder_version":"21","session":"31db0b5083de","build":"192.6262.58","bucket":"189","time":1574779033058,"group":{"id":"run.configuration.exec","version":"21"},"event":{"count":1,"data":{"created":1574779033064},"id":"registered"}}
{"recorder_version":"21","session":"31db0b5083de","build":"192.6262.58","bucket":"189","time":1574779033058,"group":{"id":"build.maven.packagesearch","version":"2"},"event":{"count":1,"data":{"created":1574779033064},"id":"registered"}}
{"recorder_version":"21","session":"31db0b5083de","build":"192.6262.58","bucket":"189","time":1574779034319,"group":{"id":"performance","version":"21"},"event":{"count":1,"data":{"duration_ms":0,"created":1574779034319},"id":"ui.latency"}}
{"recorder_version":"21","session":"31db0b5083de","build":"192.6262.58","bucket":"189","time":1574779134608,"group":{"id":"performance","version":"21"},"event":{"count":1,"data":{"duration_ms":0,"created":1574779134608},"id":"ui.latency"}}
{"recorder_version":"21","session":"31db0b5083de","build":"192.6262.58","bucket":"189","time":1574779234901,"group":{"id":"performance","version":"21"},"event":{"count":1,"data":{"duration_ms":1,"created":1574779234901},"id":"ui.latency"}}
{"recorder_version":"21","session":"31db0b5083de","build":"192.6262.58","bucket":"189","time":1574779335199,"group":{"id":"performance","version":"21"},"event":{"count":1,"data":{"duration_ms":0,"created":1574779335199},"id":"ui.latency"}}
{"recorder_version":"21","session":"31db0b5083de","build":"192.6262.58","bucket":"189","time":1574779435499,"group":{"id":"performance","version":"21"},"event":{"count":1,"data":{"duration_ms":0,"created":1574779435499},"id":"ui.latency"}}
{"recorder_version":"21","session":"31db0b5083de","build":"192.6262.58","bucket":"189","time":1574779535802,"group":{"id":"performance","version":"21"},"event":{"count":1,"data":{"duration_ms":0,"created":1574779535802},"id":"ui.latency"}}
{"recorder_version":"21","session":"31db0b5083de","build":"192.6262.58","bucket":"189","time":1574779632984,"group":{"id":"ui.screen.scale","version":"1"},"event":{"state":true,"data":{"os":"Mac","created":1574779632985},"id":"ScaledMode_2.0"}}
{"recorder_version":"21","session":"31db0b5083de","build":"192.6262.58","bucket":"189","time":1574779632984,"group":{"id":"ui.screen.scale","version":"1"},"event":{"state":true,"data":{"created":1574779632988},"id":"invoked"}}
{"recorder_version":"21","session":"31db0b5083de","build":"192.6262.58","bucket":"189","time":1574779632992,"group":{"id":"platform.registry.application","version":"1"},"event":{"state":true,"data":{"created":1574779632992,"plugin_type":"PLATFORM"},"id":"recent.and.edited.files.together"}}
{"recorder_version":"21","session":"31db0b5083de","build":"192.6262.58","bucket":"189","time":1574779632992,"group":{"id":"platform.registry.application","version":"1"},"event":{"state":true,"data":{"created":1574779632993,"plugin_type":"PLATFORM"},"id":"inline.browse.button"}}
{"recorder_version":"21","session":"31db0b5083de","build":"192.6262.58","bucket":"189","time":1574779632992,"group":{"id":"platform.registry.application","version":"1"},"event":{"state":true,"data":{"created":1574779632993,"plugin_type":"PLATFORM"},"id":"show.create.new.element.in.popup"}}
{"recorder_version":"21","session":"31db0b5083de","build":"192.6262.58","bucket":"189","time":1574779632992,"group":{"id":"platform.registry.application","version":"1"},"event":{"state":true,"data":{"created":1574779632993,"plugin_type":"PLATFORM"},"id":"property.value.inplace.editing"}}
{"recorder_version":"21","session":"31db0b5083de","build":"192.6262.58","bucket":"189","time":1574779632992,"group":{"id":"platform.registry.application","version":"1"},"event":{"state":true,"data":{"created":1574779632993},"id":"java.completion.argument.hints.internal"}}
{"recorder_version":"21","session":"31db0b5083de","build":"192.6262.58","bucket":"189","time":1574779632992,"group":{"id":"platform.registry.application","version":"1"},"event":{"state":true,"data":{"created":1574779632993,"plugin_type":"PLATFORM"},"id":"linux.native.menu"}}
{"recorder_version":"21","session":"31db0b5083de","build":"192.6262.58","bucket":"189","time":1574779632992,"group":{"id":"platform.registry.application","version":"1"},"event":{"state":true,"data":{"created":1574779632994,"plugin_type":"PLATFORM"},"id":"new.large.text.file.viewer"}}
{"recorder_version":"21","session":"31db0b5083de","build":"192.6262.58","bucket":"189","time":1574779632992,"group":{"id":"platform.registry.application","version":"1"},"event":{"state":true,"data":{"created":1574779632994},"id":"invoked"}}
{"recorder_version":"21","session":"31db0b5083de","build":"192.6262.58","bucket":"189","time":1574779632993,"group":{"id":"vcs.log.index.application","version":"2"},"event":{"state":true,"data":{"created":1574779632994},"id":"invoked"}}
{"recorder_version":"21","session":"31db0b5083de","build":"192.6262.58","bucket":"189","time":1574779632993,"group":{"id":"ui.accessibility.screen.reader","version":"1"},"event":{"state":true,"data":{"os":"Mac","created":1574779632994},"id":"screen.reader.DISABLED"}}
{"recorder_version":"21","session":"31db0b5083de","build":"192.6262.58","bucket":"189","time":1574779632993,"group":{"id":"ui.accessibility.screen.reader","version":"1"},"event":{"state":true,"data":{"created":1574779632994},"id":"invoked"}}
{"recorder_version":"21","session":"31db0b5083de","build":"192.6262.58","bucket":"189","time":1574779632998,"group":{"id":"debugger.settings.ide","version":"2"},"event":{"state":true,"data":{"created":1574779632998},"id":"invoked"}}
{"recorder_version":"21","session":"31db0b5083de","build":"192.6262.58","bucket":"189","time":1574779632998,"group":{"id":"os.linux.wm","version":"1"},"event":{"state":true,"data":{"created":1574779632999},"id":"invoked"}}
{"recorder_version":"21","session":"31db0b5083de","build":"192.6262.58","bucket":"189","time":1574779632999,"group":{"id":"ui.info.features","version":"2"},"event":{"state":true,"data":{"os":"Mac","created":1574779633000},"id":"Allow.merging.buttons.enabled"}}
{"recorder_version":"21","session":"31db0b5083de","build":"192.6262.58","bucket":"189","time":1574779632999,"group":{"id":"ui.info.features","version":"2"},"event":{"state":true,"data":{"os":"Mac","created":1574779633000},"id":"QuickDoc.AutoUpdate"}}
{"recorder_version":"21","session":"31db0b5083de","build":"192.6262.58","bucket":"189","time":1574779632999,"group":{"id":"ui.info.features","version":"2"},"event":{"state":true,"data":{"os":"Mac","created":1574779633000},"id":"Hide.Editor.Tabs.If.Needed"}}
{"recorder_version":"21","session":"31db0b5083de","build":"192.6262.58","bucket":"189","time":1574779632999,"group":{"id":"ui.info.features","version":"2"},"event":{"state":true,"data":{"grouped":"[30_50]","os":"Mac","created":1574779633001},"id":"recent.files"}}
{"recorder_version":"21","session":"31db0b5083de","build":"192.6262.58","bucket":"189","time":1574779632999,"group":{"id":"ui.info.features","version":"2"},"event":{"state":true,"data":{"os":"Mac","created":1574779633001},"id":"Line.Numbers"}}
{"recorder_version":"21","session":"31db0b5083de","build":"192.6262.58","bucket":"189","time":1574779632999,"group":{"id":"ui.info.features","version":"2"},"event":{"state":true,"data":{"os":"Mac","created":1574779633001},"id":"Tabs.Top"}}
{"recorder_version":"21","session":"31db0b5083de","build":"192.6262.58","bucket":"189","time":1574779632999,"group":{"id":"ui.info.features","version":"2"},"event":{"state":true,"data":{"os":"Mac","created":1574779633001},"id":"Retina"}}
{"recorder_version":"21","session":"31db0b5083de","build":"192.6262.58","bucket":"189","time":1574779632999,"group":{"id":"ui.info.features","version":"2"},"event":{"state":true,"data":{"os":"Mac","created":1574779633002},"id":"Nav.Bar.visible"}}
{"recorder_version":"21","session":"31db0b5083de","build":"192.6262.58","bucket":"189","time":1574779632999,"group":{"id":"ui.info.features","version":"2"},"event":{"state":true,"data":{"os":"Mac","created":1574779633002},"id":"Show.Editor.Tabs.In.Single.Row"}}
{"recorder_version":"21","session":"31db0b5083de","build":"192.6262.58","bucket":"189","time":1574779632999,"group":{"id":"ui.info.features","version":"2"},"event":{"state":true,"data":{"os":"Mac","created":1574779633002},"id":"Recent.Files[30_50]"}}
{"recorder_version":"21","session":"31db0b5083de","build":"192.6262.58","bucket":"189","time":1574779632999,"group":{"id":"ui.info.features","version":"2"},"event":{"state":true,"data":{"os":"Mac","created":1574779633003},"id":"Status.bar.visible"}}
{"recorder_version":"21","session":"31db0b5083de","build":"192.6262.58","bucket":"189","time":1574779632999,"group":{"id":"ui.info.features","version":"2"},"event":{"state":true,"data":{"os":"Mac","created":1574779633003},"id":"Tool.Window.buttons.hidden"}}
{"recorder_version":"21","session":"31db0b5083de","build":"192.6262.58","bucket":"189","time":1574779632999,"group":{"id":"ui.info.features","version":"2"},"event":{"state":true,"data":{"os":"Mac","created":1574779633003},"id":"Gutter.Icons"}}
{"recorder_version":"21","session":"31db0b5083de","build":"192.6262.58","bucket":"189","time":1574779632999,"group":{"id":"ui.info.features","version":"2"},"event":{"state":true,"data":{"os":"Mac","created":1574779633003},"id":"Toolbar.hidden"}}
{"recorder_version":"21","session":"31db0b5083de","build":"192.6262.58","bucket":"189","time":1574779633000,"group":{"id":"ui.info.features","version":"2"},"event":{"state":true,"data":{"os":"Mac","created":1574779633004},"id":"Toolbar.and.NavBar"}}
{"recorder_version":"21","session":"31db0b5083de","build":"192.6262.58","bucket":"189","time":1574779633000,"group":{"id":"ui.info.features","version":"2"},"event":{"state":true,"data":{"created":1574779633004},"id":"invoked"}}
{"recorder_version":"21","session":"31db0b5083de","build":"192.6262.58","bucket":"189","time":1574779633017,"group":{"id":"vcs.github","version":"1"},"event":{"state":true,"data":{"created":1574779633017},"id":"github.accounts.not.default.host.disabled"}}
{"recorder_version":"21","session":"31db0b5083de","build":"192.6262.58","bucket":"189","time":1574779633017,"group":{"id":"vcs.github","version":"1"},"event":{"state":true,"data":{"created":1574779633017},"id":"github.accounts.count.0"}}
{"recorder_version":"21","session":"31db0b5083de","build":"192.6262.58","bucket":"189","time":1574779633017,"group":{"id":"vcs.github","version":"1"},"event":{"state":true,"data":{"created":1574779633017},"id":"invoked"}}
{"recorder_version":"21","session":"31db0b5083de","build":"192.6262.58","bucket":"189","time":1574779633027,"group":{"id":"editor.settings.ide","version":"2"},"event":{"state":true,"data":{"created":1574779633027,"enabled":true},"id":"completionHints"}}
{"recorder_version":"21","session":"31db0b5083de","build":"192.6262.58","bucket":"189","time":1574779633027,"group":{"id":"editor.settings.ide","version":"2"},"event":{"state":true,"data":{"created":1574779633028},"id":"invoked"}}
{"recorder_version":"21","session":"31db0b5083de","build":"192.6262.58","bucket":"189","time":1574779633028,"group":{"id":"ui.fonts","version":"1"},"event":{"state":true,"data":{"os":"Mac","created":1574779633028,"value":1.2},"id":"editor.lineSpacing"}}
{"recorder_version":"21","session":"31db0b5083de","build":"192.6262.58","bucket":"189","time":1574779633028,"group":{"id":"ui.fonts","version":"1"},"event":{"state":true,"data":{"os":"Mac","created":1574779633028},"id":"IDE.editor.font.size[12]"}}
{"recorder_version":"21","session":"31db0b5083de","build":"192.6262.58","bucket":"189","time":1574779633028,"group":{"id":"ui.fonts","version":"1"},"event":{"state":true,"data":{"os":"Mac","created":1574779633028},"id":"UI.font.size[13]"}}
{"recorder_version":"21","session":"31db0b5083de","build":"192.6262.58","bucket":"189","time":1574779633028,"group":{"id":"ui.fonts","version":"1"},"event":{"state":true,"data":{"os":"Mac","created":1574779633029},"id":"IDE.editor.font.name[Menlo]"}}
{"recorder_version":"21","session":"31db0b5083de","build":"192.6262.58","bucket":"189","time":1574779633028,"group":{"id":"ui.fonts","version":"1"},"event":{"state":true,"data":{"os":"Mac","created":1574779633029},"id":"UI.font.name[.SF_NS_Text]"}}
{"recorder_version":"21","session":"31db0b5083de","build":"192.6262.58","bucket":"189","time":1574779633028,"group":{"id":"ui.fonts","version":"1"},"event":{"state":true,"data":{"os":"Mac","created":1574779633029},"id":"Presentation.mode.font.size[24]"}}
{"recorder_version":"21","session":"31db0b5083de","build":"192.6262.58","bucket":"189","time":1574779633028,"group":{"id":"ui.fonts","version":"1"},"event":{"state":true,"data":{"created":1574779633030},"id":"invoked"}}
{"recorder_version":"21","session":"31db0b5083de","build":"192.6262.58","bucket":"189","time":1574779633029,"group":{"id":"system.runtime","version":"2"},"event":{"state":true,"data":{"created":1574779633030,"name":"G1_Old_Generation"},"id":"garbage.collector"}}
{"recorder_version":"21","session":"31db0b5083de","build":"192.6262.58","bucket":"189","time":1574779633029,"group":{"id":"system.runtime","version":"2"},"event":{"state":true,"data":{"created":1574779633030,"name":"Xmx","value":512},"id":"jvm.option"}}
{"recorder_version":"21","session":"31db0b5083de","build":"192.6262.58","bucket":"189","time":1574779633029,"group":{"id":"system.runtime","version":"2"},"event":{"state":true,"data":{"vendor":"JetBrains","created":1574779633030,"bit":"64","version":"1.11"},"id":"jvm"}}
{"recorder_version":"21","session":"31db0b5083de","build":"192.6262.58","bucket":"189","time":1574779633029,"group":{"id":"system.runtime","version":"2"},"event":{"state":true,"data":{"created":1574779633030,"name":"G1_Young_Generation"},"id":"garbage.collector"}}
{"recorder_version":"21","session":"31db0b5083de","build":"192.6262.58","bucket":"189","time":1574779633029,"group":{"id":"system.runtime","version":"2"},"event":{"state":true,"data":{"created":1574779633031,"value":8},"id":"cores"}}
{"recorder_version":"21","session":"31db0b5083de","build":"192.6262.58","bucket":"189","time":1574779633029,"group":{"id":"system.runtime","version":"2"},"event":{"state":true,"data":{"created":1574779633031,"name":"Xms","value":256},"id":"jvm.option"}}
{"recorder_version":"21","session":"31db0b5083de","build":"192.6262.58","bucket":"189","time":1574779633029,"group":{"id":"system.runtime","version":"2"},"event":{"state":true,"data":{"created":1574779633031},"id":"invoked"}}
{"recorder_version":"21","session":"31db0b5083de","build":"192.6262.58","bucket":"189","time":1574779633029,"group":{"id":"ui.look.and.feel","version":"1"},"event":{"state":true,"data":{"os":"Mac","created":1574779633031},"id":"Light"}}
{"recorder_version":"21","session":"31db0b5083de","build":"192.6262.58","bucket":"189","time":1574779633029,"group":{"id":"ui.look.and.feel","version":"1"},"event":{"state":true,"data":{"created":1574779633031},"id":"invoked"}}
{"recorder_version":"21","session":"31db0b5083de","build":"192.6262.58","bucket":"189","time":1574779633029,"group":{"id":"ui.hidpi.mode","version":"1"},"event":{"state":true,"data":{"os":"Mac","created":1574779633031},"id":"per_monitor_dpi"}}
{"recorder_version":"21","session":"31db0b5083de","build":"192.6262.58","bucket":"189","time":1574779633029,"group":{"id":"ui.hidpi.mode","version":"1"},"event":{"state":true,"data":{"created":1574779633031},"id":"invoked"}}
{"recorder_version":"21","session":"31db0b5083de","build":"192.6262.58","bucket":"189","time":1574779633038,"group":{"id":"vcs.diff","version":"2"},"event":{"state":true,"data":{"created":1574779633038},"id":"invoked"}}
{"recorder_version":"21","session":"31db0b5083de","build":"192.6262.58","bucket":"189","time":1574779633038,"group":{"id":"ui.editor.color.schemes","version":"2"},"event":{"state":true,"data":{"os":"Mac","created":1574779633038,"value":false},"id":"Default"}}
{"recorder_version":"21","session":"31db0b5083de","build":"192.6262.58","bucket":"189","time":1574779633038,"group":{"id":"ui.editor.color.schemes","version":"2"},"event":{"state":true,"data":{"created":1574779633038},"id":"invoked"}}
{"recorder_version":"21","session":"31db0b5083de","build":"192.6262.58","bucket":"189","time":1574779633038,"group":{"id":"vcs.application.configuration","version":"1"},"event":{"state":true,"data":{"created":1574779633039},"id":"invoked"}}
{"recorder_version":"21","session":"31db0b5083de","build":"192.6262.58","bucket":"189","time":1574779633038,"group":{"id":"keymaps.name","version":"1"},"event":{"state":true,"data":{"os":"Mac","created":1574779633039},"id":"Mac_OS_X_10.5+"}}
{"recorder_version":"21","session":"31db0b5083de","build":"192.6262.58","bucket":"189","time":1574779633038,"group":{"id":"keymaps.name","version":"1"},"event":{"state":true,"data":{"created":1574779633039},"id":"invoked"}}
{"recorder_version":"21","session":"31db0b5083de","build":"192.6262.58","bucket":"189","time":1574779633039,"group":{"id":"plugins","version":"1"},"event":{"state":true,"data":{"created":1574779633039,"plugin_type":"NOT_LISTED"},"id":"enabled.not.bundled.plugin"}}
{"recorder_version":"21","session":"31db0b5083de","build":"192.6262.58","bucket":"189","time":1574779633039,"group":{"id":"plugins","version":"1"},"event":{"state":true,"data":{"created":1574779633039},"id":"invoked"}}
{"recorder_version":"21","session":"31db0b5083de","build":"192.6262.58","bucket":"189","time":1574779633039,"group":{"id":"user.advanced.info","version":"2"},"event":{"state":true,"data":{"created":1574779633039,"value":"release"},"id":"build"}}
{"recorder_version":"21","session":"31db0b5083de","build":"192.6262.58","bucket":"189","time":1574779633039,"group":{"id":"user.advanced.info","version":"2"},"event":{"state":true,"data":{"created":1574779633040},"id":"release"}}
{"recorder_version":"21","session":"31db0b5083de","build":"192.6262.58","bucket":"189","time":1574779633039,"group":{"id":"user.advanced.info","version":"2"},"event":{"state":true,"data":{"created":1574779633040},"id":"invoked"}}
{"recorder_version":"21","session":"31db0b5083de","build":"192.6262.58","bucket":"189","time":1574779636168,"group":{"id":"performance","version":"21"},"event":{"count":1,"data":{"duration_ms":0,"created":1574779636169},"id":"ui.latency"}}
{"recorder_version":"21","session":"31db0b5083de","build":"192.6262.58","bucket":"189","time":1574779736493,"group":{"id":"performance","version":"21"},"event":{"count":1,"data":{"duration_ms":0,"created":1574779736493},"id":"ui.latency"}}
{"recorder_version":"21","session":"31db0b5083de","build":"192.6262.58","bucket":"189","time":1574779822172,"group":{"id":"lifecycle","version":"21"},"event":{"count":1,"data":{"created":1574779822172,"project":"92ddc83aceaa9edad1485397ccc1680a8fd16623aa2c155379eac4aafdb2a559"},"id":"frame.activated"}}
{"recorder_version":"21","session":"31db0b5083de","build":"192.6262.58","bucket":"189","time":1574779827308,"group":{"id":"lifecycle","version":"21"},"event":{"count":1,"data":{"restart":false,"created":1574779827308},"id":"ide.close"}}
{"recorder_version":"21","session":"31db0b5083de","build":"192.6262.58","bucket":"189","time":1574779827448,"group":{"id":"lifecycle","version":"21"},"event":{"count":1,"data":{"created":1574779827448,"project":"92ddc83aceaa9edad1485397ccc1680a8fd16623aa2c155379eac4aafdb2a559"},"id":"project.closed"}}
