{"recorder_version":"21","session":"89f166954ca0","build":"192.6262.58","bucket":"189","time":1574799363827,"group":{"id":"settings","version":"4"},"event":{"state":true,"data":{"component":"NotRoamableUiSettings","created":1574799363960},"id":"invoked"}}
{"recorder_version":"21","session":"89f166954ca0","build":"192.6262.58","bucket":"189","time":1574799363829,"group":{"id":"settings","version":"4"},"event":{"state":true,"data":{"component":"UISettings","created":1574799363961},"id":"invoked"}}
{"recorder_version":"21","session":"89f166954ca0","build":"192.6262.58","bucket":"189","time":1574799363829,"group":{"id":"system.java","version":"1"},"event":{"state":true,"data":{"created":1574799363969,"version":"1.11"},"id":"JetBrains"}}
{"recorder_version":"21","session":"89f166954ca0","build":"192.6262.58","bucket":"189","time":1574799363829,"group":{"id":"system.java","version":"1"},"event":{"state":true,"data":{"created":1574799363970},"id":"invoked"}}
{"recorder_version":"21","session":"89f166954ca0","build":"192.6262.58","bucket":"189","time":1574799363848,"group":{"id":"system.os","version":"3"},"event":{"state":true,"data":{"created":1574799363971,"version":"10.14"},"id":"Mac"}}
{"recorder_version":"21","session":"89f166954ca0","build":"192.6262.58","bucket":"189","time":1574799363848,"group":{"id":"system.os","version":"3"},"event":{"state":true,"data":{"created":1574799363972,"name":"Mac","version":"10.14"},"id":"os.name"}}
{"recorder_version":"21","session":"89f166954ca0","build":"192.6262.58","bucket":"189","time":1574799363848,"group":{"id":"system.os","version":"3"},"event":{"state":true,"data":{"created":1574799363973,"value":"+09_00"},"id":"os.timezone"}}
{"recorder_version":"21","session":"89f166954ca0","build":"192.6262.58","bucket":"189","time":1574799363848,"group":{"id":"system.os","version":"3"},"event":{"state":true,"data":{"created":1574799363974},"id":"invoked"}}
{"recorder_version":"21","session":"89f166954ca0","build":"192.6262.58","bucket":"189","time":1574799363959,"group":{"id":"event.log","version":"21"},"event":{"count":1,"data":{"created":1574799363975,"version":"930.0"},"id":"whitelist.loaded"}}
{"recorder_version":"21","session":"89f166954ca0","build":"192.6262.58","bucket":"189","time":1574799366297,"group":{"id":"settings","version":"4"},"event":{"state":true,"data":{"component":"UpdatesConfigurable","created":1574799366298,"name":"checkNeeded","type":"bool","value":false},"id":"not.default"}}
{"recorder_version":"21","session":"89f166954ca0","build":"192.6262.58","bucket":"189","time":1574799366297,"group":{"id":"settings","version":"4"},"event":{"state":true,"data":{"component":"UpdatesConfigurable","created":1574799366299},"id":"invoked"}}
{"recorder_version":"21","session":"89f166954ca0","build":"192.6262.58","bucket":"189","time":1574799366402,"group":{"id":"settings","version":"4"},"event":{"state":true,"data":{"component":"GeneralSettings","created":1574799366403,"name":"confirmExit","type":"bool","value":false},"id":"not.default"}}
{"recorder_version":"21","session":"89f166954ca0","build":"192.6262.58","bucket":"189","time":1574799366402,"group":{"id":"settings","version":"4"},"event":{"state":true,"data":{"component":"GeneralSettings","created":1574799366403,"name":"showTipsOnStartup","type":"bool","value":false},"id":"not.default"}}
{"recorder_version":"21","session":"89f166954ca0","build":"192.6262.58","bucket":"189","time":1574799366402,"group":{"id":"settings","version":"4"},"event":{"state":true,"data":{"component":"GeneralSettings","created":1574799366404},"id":"invoked"}}
{"recorder_version":"21","session":"89f166954ca0","build":"192.6262.58","bucket":"189","time":1574799366410,"group":{"id":"lifecycle","version":"21"},"event":{"count":1,"data":{"internal":true,"eap":false,"created":1574799366410},"id":"ide.start"}}
{"recorder_version":"21","session":"89f166954ca0","build":"192.6262.58","bucket":"189","time":1574799366670,"group":{"id":"lifecycle","version":"21"},"event":{"count":1,"data":{"created":1574799366670},"id":"frame.activated"}}
{"recorder_version":"21","session":"89f166954ca0","build":"192.6262.58","bucket":"189","time":1574799366990,"group":{"id":"performance","version":"21"},"event":{"count":1,"data":{"duration_ms":1,"created":1574799366990},"id":"ui.latency"}}
{"recorder_version":"21","session":"89f166954ca0","build":"192.6262.58","bucket":"189","time":1574799367124,"group":{"id":"ui.dialogs","version":"21"},"event":{"count":1,"data":{"created":1574799367124,"plugin_type":"PLATFORM","type":"show"},"id":"com.intellij.openapi.progress.util.ProgressDialog$MyDialogWrapper"}}
{"recorder_version":"21","session":"89f166954ca0","build":"192.6262.58","bucket":"189","time":1574799368204,"group":{"id":"lifecycle","version":"21"},"event":{"count":1,"data":{"created":1574799368204,"project":"92ddc83aceaa9edad1485397ccc1680a8fd16623aa2c155379eac4aafdb2a559"},"id":"project.opened"}}
{"recorder_version":"21","session":"89f166954ca0","build":"192.6262.58","bucket":"189","time":1574799369741,"group":{"id":"settings","version":"4"},"event":{"state":true,"data":{"component":"XmlEditorOptions","created":1574799369741},"id":"invoked"}}
{"recorder_version":"21","session":"89f166954ca0","build":"192.6262.58","bucket":"189","time":1574799370072,"group":{"id":"toolwindow","version":"21"},"event":{"count":1,"data":{"os":"Mac","created":1574799370072,"plugin_type":"PLATFORM"},"id":"Project"}}
{"recorder_version":"21","session":"89f166954ca0","build":"192.6262.58","bucket":"189","time":1574799372224,"group":{"id":"project.fs","version":"1"},"event":{"state":true,"data":{"os":"Mac","cs-project":false,"created":1574799372224,"project":"92ddc83aceaa9edad1485397ccc1680a8fd16623aa2c155379eac4aafdb2a559","cs-implicit":true,"cs-system":false},"id":"case-sensitivity"}}
{"recorder_version":"21","session":"89f166954ca0","build":"192.6262.58","bucket":"189","time":1574799372225,"group":{"id":"project.fs","version":"1"},"event":{"state":true,"data":{"created":1574799372225},"id":"invoked"}}
{"recorder_version":"21","session":"89f166954ca0","build":"192.6262.58","bucket":"189","time":1574799372226,"group":{"id":"project.fs","version":"1"},"event":{"state":true,"data":{"pct-non-watched":0,"created":1574799372226,"project":"92ddc83aceaa9edad1485397ccc1680a8fd16623aa2c155379eac4aafdb2a559"},"id":"roots-watched"}}
{"recorder_version":"21","session":"89f166954ca0","build":"192.6262.58","bucket":"189","time":1574799372226,"group":{"id":"project.fs","version":"1"},"event":{"state":true,"data":{"created":1574799372227},"id":"invoked"}}
{"recorder_version":"21","session":"89f166954ca0","build":"192.6262.58","bucket":"189","time":1574799372257,"group":{"id":"ui.dialogs","version":"21"},"event":{"count":1,"data":{"code":1,"created":1574799372257,"plugin_type":"PLATFORM","type":"close"},"id":"com.intellij.openapi.progress.util.ProgressDialog$MyDialogWrapper"}}
{"recorder_version":"21","session":"89f166954ca0","build":"192.6262.58","bucket":"189","time":1574799372462,"group":{"id":"lifecycle","version":"21"},"event":{"count":1,"data":{"duration_ms":5591,"created":1574799372462,"project":"92ddc83aceaa9edad1485397ccc1680a8fd16623aa2c155379eac4aafdb2a559"},"id":"project.opening.finished"}}
{"recorder_version":"21","session":"89f166954ca0","build":"192.6262.58","bucket":"189","time":1574799374430,"group":{"id":"kotlin.jps.target","version":"1"},"event":{"count":1,"data":{"plugin_version":"validation.undefined_rule","created":1574799374430},"id":"validation.undefined_rule"}}
{"recorder_version":"21","session":"89f166954ca0","build":"192.6262.58","bucket":"189","time":1574799376088,"group":{"id":"file.types.usage","version":"21"},"event":{"count":1,"data":{"created":1574799376088,"plugin_type":"PLATFORM","project":"92ddc83aceaa9edad1485397ccc1680a8fd16623aa2c155379eac4aafdb2a559","type":"edit"},"id":"IDEA_MODULE"}}
{"recorder_version":"21","session":"89f166954ca0","build":"192.6262.58","bucket":"189","time":1574799379217,"group":{"id":"actions","version":"21"},"event":{"count":2,"data":{"context_menu":false,"last":1574799379405,"created":1574799379217,"plugin_type":"PLATFORM","project":"92ddc83aceaa9edad1485397ccc1680a8fd16623aa2c155379eac4aafdb2a559","place":"keyboard_shortcut","class":"com.intellij.openapi.editor.actions.BackspaceAction","input_event":"Backspace"},"id":"EditorBackSpace"}}
{"recorder_version":"21","session":"89f166954ca0","build":"192.6262.58","bucket":"189","time":1574799391258,"group":{"id":"lifecycle","version":"21"},"event":{"count":1,"data":{"created":1574799391259,"project":"92ddc83aceaa9edad1485397ccc1680a8fd16623aa2c155379eac4aafdb2a559"},"id":"frame.deactivated"}}
{"recorder_version":"21","session":"89f166954ca0","build":"192.6262.58","bucket":"189","time":1574799446331,"group":{"id":"lifecycle","version":"21"},"event":{"count":1,"data":{"created":1574799446331,"project":"92ddc83aceaa9edad1485397ccc1680a8fd16623aa2c155379eac4aafdb2a559"},"id":"project.closed"}}
{"recorder_version":"21","session":"89f166954ca0","build":"192.6262.58","bucket":"189","time":1574799448050,"group":{"id":"lifecycle","version":"21"},"event":{"count":1,"data":{"restart":false,"created":1574799448050},"id":"ide.close"}}
