{"recorder_version":"21","session":"851f2751dc18","build":"192.6262.58","bucket":"189","time":1574812838279,"group":{"id":"settings","version":"4"},"event":{"state":true,"data":{"component":"NotRoamableUiSettings","created":1574812838431},"id":"invoked"}}
{"recorder_version":"21","session":"851f2751dc18","build":"192.6262.58","bucket":"189","time":1574812838281,"group":{"id":"settings","version":"4"},"event":{"state":true,"data":{"component":"UISettings","created":1574812838433},"id":"invoked"}}
{"recorder_version":"21","session":"851f2751dc18","build":"192.6262.58","bucket":"189","time":1574812838281,"group":{"id":"system.java","version":"1"},"event":{"state":true,"data":{"created":1574812838440,"version":"1.11"},"id":"JetBrains"}}
{"recorder_version":"21","session":"851f2751dc18","build":"192.6262.58","bucket":"189","time":1574812838281,"group":{"id":"system.java","version":"1"},"event":{"state":true,"data":{"created":1574812838441},"id":"invoked"}}
{"recorder_version":"21","session":"851f2751dc18","build":"192.6262.58","bucket":"189","time":1574812838303,"group":{"id":"system.os","version":"3"},"event":{"state":true,"data":{"created":1574812838442,"version":"10.14"},"id":"Mac"}}
{"recorder_version":"21","session":"851f2751dc18","build":"192.6262.58","bucket":"189","time":1574812838303,"group":{"id":"system.os","version":"3"},"event":{"state":true,"data":{"created":1574812838443,"name":"Mac","version":"10.14"},"id":"os.name"}}
{"recorder_version":"21","session":"851f2751dc18","build":"192.6262.58","bucket":"189","time":1574812838303,"group":{"id":"system.os","version":"3"},"event":{"state":true,"data":{"created":1574812838443,"value":"+09_00"},"id":"os.timezone"}}
{"recorder_version":"21","session":"851f2751dc18","build":"192.6262.58","bucket":"189","time":1574812838303,"group":{"id":"system.os","version":"3"},"event":{"state":true,"data":{"created":1574812838444},"id":"invoked"}}
{"recorder_version":"21","session":"851f2751dc18","build":"192.6262.58","bucket":"189","time":1574812838431,"group":{"id":"event.log","version":"21"},"event":{"count":1,"data":{"created":1574812838445,"version":"930.0"},"id":"whitelist.loaded"}}
{"recorder_version":"21","session":"851f2751dc18","build":"192.6262.58","bucket":"189","time":1574812840773,"group":{"id":"settings","version":"4"},"event":{"state":true,"data":{"component":"UpdatesConfigurable","created":1574812840776,"name":"checkNeeded","type":"bool","value":false},"id":"not.default"}}
{"recorder_version":"21","session":"851f2751dc18","build":"192.6262.58","bucket":"189","time":1574812840774,"group":{"id":"settings","version":"4"},"event":{"state":true,"data":{"component":"UpdatesConfigurable","created":1574812840777},"id":"invoked"}}
{"recorder_version":"21","session":"851f2751dc18","build":"192.6262.58","bucket":"189","time":1574812840880,"group":{"id":"settings","version":"4"},"event":{"state":true,"data":{"component":"GeneralSettings","created":1574812840883,"name":"confirmExit","type":"bool","value":false},"id":"not.default"}}
{"recorder_version":"21","session":"851f2751dc18","build":"192.6262.58","bucket":"189","time":1574812840882,"group":{"id":"settings","version":"4"},"event":{"state":true,"data":{"component":"GeneralSettings","created":1574812840883,"name":"showTipsOnStartup","type":"bool","value":false},"id":"not.default"}}
{"recorder_version":"21","session":"851f2751dc18","build":"192.6262.58","bucket":"189","time":1574812840882,"group":{"id":"settings","version":"4"},"event":{"state":true,"data":{"component":"GeneralSettings","created":1574812840884},"id":"invoked"}}
{"recorder_version":"21","session":"851f2751dc18","build":"192.6262.58","bucket":"189","time":1574812840891,"group":{"id":"lifecycle","version":"21"},"event":{"count":1,"data":{"internal":true,"eap":false,"created":1574812840891},"id":"ide.start"}}
{"recorder_version":"21","session":"851f2751dc18","build":"192.6262.58","bucket":"189","time":1574812841193,"group":{"id":"lifecycle","version":"21"},"event":{"count":1,"data":{"created":1574812841193},"id":"frame.activated"}}
{"recorder_version":"21","session":"851f2751dc18","build":"192.6262.58","bucket":"189","time":1574812841315,"group":{"id":"performance","version":"21"},"event":{"count":1,"data":{"duration_ms":3,"created":1574812841316},"id":"ui.latency"}}
{"recorder_version":"21","session":"851f2751dc18","build":"192.6262.58","bucket":"189","time":1574812841658,"group":{"id":"ui.dialogs","version":"21"},"event":{"count":1,"data":{"created":1574812841658,"plugin_type":"PLATFORM","type":"show"},"id":"com.intellij.openapi.progress.util.ProgressDialog$MyDialogWrapper"}}
{"recorder_version":"21","session":"851f2751dc18","build":"192.6262.58","bucket":"189","time":1574812842773,"group":{"id":"lifecycle","version":"21"},"event":{"count":1,"data":{"created":1574812842773,"project":"92ddc83aceaa9edad1485397ccc1680a8fd16623aa2c155379eac4aafdb2a559"},"id":"project.opened"}}
{"recorder_version":"21","session":"851f2751dc18","build":"192.6262.58","bucket":"189","time":1574812843468,"group":{"id":"performance","version":"21"},"event":{"count":1,"data":{"duration_ms":152,"created":1574812843468},"id":"ui.lagging"}}
{"recorder_version":"21","session":"851f2751dc18","build":"192.6262.58","bucket":"189","time":1574812844403,"group":{"id":"settings","version":"4"},"event":{"state":true,"data":{"component":"XmlEditorOptions","created":1574812844403},"id":"invoked"}}
{"recorder_version":"21","session":"851f2751dc18","build":"192.6262.58","bucket":"189","time":1574812844466,"group":{"id":"performance","version":"21"},"event":{"count":1,"data":{"duration_ms":149,"created":1574812844466},"id":"ui.lagging"}}
{"recorder_version":"21","session":"851f2751dc18","build":"192.6262.58","bucket":"189","time":1574812844615,"group":{"id":"toolwindow","version":"21"},"event":{"count":1,"data":{"os":"Mac","created":1574812844615,"plugin_type":"PLATFORM"},"id":"Project"}}
{"recorder_version":"21","session":"851f2751dc18","build":"192.6262.58","bucket":"189","time":1574812846473,"group":{"id":"kotlin.jps.target","version":"1"},"event":{"count":1,"data":{"plugin_version":"validation.undefined_rule","created":1574812846474},"id":"validation.undefined_rule"}}
{"recorder_version":"21","session":"851f2751dc18","build":"192.6262.58","bucket":"189","time":1574812846761,"group":{"id":"project.fs","version":"1"},"event":{"state":true,"data":{"os":"Mac","cs-project":false,"created":1574812846761,"project":"92ddc83aceaa9edad1485397ccc1680a8fd16623aa2c155379eac4aafdb2a559","cs-implicit":true,"cs-system":false},"id":"case-sensitivity"}}
{"recorder_version":"21","session":"851f2751dc18","build":"192.6262.58","bucket":"189","time":1574812846761,"group":{"id":"project.fs","version":"1"},"event":{"state":true,"data":{"created":1574812846762},"id":"invoked"}}
{"recorder_version":"21","session":"851f2751dc18","build":"192.6262.58","bucket":"189","time":1574812846762,"group":{"id":"project.fs","version":"1"},"event":{"state":true,"data":{"pct-non-watched":0,"created":1574812846762,"project":"92ddc83aceaa9edad1485397ccc1680a8fd16623aa2c155379eac4aafdb2a559"},"id":"roots-watched"}}
{"recorder_version":"21","session":"851f2751dc18","build":"192.6262.58","bucket":"189","time":1574812846762,"group":{"id":"project.fs","version":"1"},"event":{"state":true,"data":{"created":1574812846762},"id":"invoked"}}
{"recorder_version":"21","session":"851f2751dc18","build":"192.6262.58","bucket":"189","time":1574812846852,"group":{"id":"ui.dialogs","version":"21"},"event":{"count":1,"data":{"code":1,"created":1574812846852,"plugin_type":"PLATFORM","type":"close"},"id":"com.intellij.openapi.progress.util.ProgressDialog$MyDialogWrapper"}}
{"recorder_version":"21","session":"851f2751dc18","build":"192.6262.58","bucket":"189","time":1574812847045,"group":{"id":"lifecycle","version":"21"},"event":{"count":1,"data":{"duration_ms":5664,"created":1574812847045,"project":"92ddc83aceaa9edad1485397ccc1680a8fd16623aa2c155379eac4aafdb2a559"},"id":"project.opening.finished"}}
{"recorder_version":"21","session":"851f2751dc18","build":"192.6262.58","bucket":"189","time":1574812848467,"group":{"id":"performance","version":"21"},"event":{"count":1,"data":{"duration_ms":134,"created":1574812848468},"id":"ui.lagging"}}
{"recorder_version":"21","session":"851f2751dc18","build":"192.6262.58","bucket":"189","time":1574812848500,"group":{"id":"ui.dialogs","version":"21"},"event":{"count":1,"data":{"created":1574812848500,"plugin_type":"PLATFORM","type":"show"},"id":"com.intellij.openapi.progress.util.ProgressDialog$MyDialogWrapper"}}
{"recorder_version":"21","session":"851f2751dc18","build":"192.6262.58","bucket":"189","time":1574812848594,"group":{"id":"lifecycle","version":"21"},"event":{"count":1,"data":{"created":1574812848594,"project":"92ddc83aceaa9edad1485397ccc1680a8fd16623aa2c155379eac4aafdb2a559"},"id":"project.closed"}}
{"recorder_version":"21","session":"851f2751dc18","build":"192.6262.58","bucket":"189","time":1574812848696,"group":{"id":"ui.dialogs","version":"21"},"event":{"count":1,"data":{"code":1,"created":1574812848696,"plugin_type":"PLATFORM","type":"close"},"id":"com.intellij.openapi.progress.util.ProgressDialog$MyDialogWrapper"}}
{"recorder_version":"21","session":"851f2751dc18","build":"192.6262.58","bucket":"189","time":1574812850395,"group":{"id":"lifecycle","version":"21"},"event":{"count":1,"data":{"restart":false,"created":1574812850395},"id":"ide.close"}}
