{"recorder_version":"21","session":"12abba052e67","build":"192.6262.58","bucket":"189","time":1574431738370,"group":{"id":"settings","version":"4"},"event":{"state":true,"data":{"component":"NotRoamableUiSettings","created":1574431738520},"id":"invoked"}}
{"recorder_version":"21","session":"12abba052e67","build":"192.6262.58","bucket":"189","time":1574431738374,"group":{"id":"system.java","version":"1"},"event":{"state":true,"data":{"created":1574431738522,"version":"1.11"},"id":"JetBrains"}}
{"recorder_version":"21","session":"12abba052e67","build":"192.6262.58","bucket":"189","time":1574431738374,"group":{"id":"system.java","version":"1"},"event":{"state":true,"data":{"created":1574431738530},"id":"invoked"}}
{"recorder_version":"21","session":"12abba052e67","build":"192.6262.58","bucket":"189","time":1574431738375,"group":{"id":"settings","version":"4"},"event":{"state":true,"data":{"component":"UISettings","created":1574431738530},"id":"invoked"}}
{"recorder_version":"21","session":"12abba052e67","build":"192.6262.58","bucket":"189","time":1574431738396,"group":{"id":"system.os","version":"3"},"event":{"state":true,"data":{"created":1574431738531,"version":"10.14"},"id":"Mac"}}
{"recorder_version":"21","session":"12abba052e67","build":"192.6262.58","bucket":"189","time":1574431738396,"group":{"id":"system.os","version":"3"},"event":{"state":true,"data":{"created":1574431738532,"name":"Mac","version":"10.14"},"id":"os.name"}}
{"recorder_version":"21","session":"12abba052e67","build":"192.6262.58","bucket":"189","time":1574431738396,"group":{"id":"system.os","version":"3"},"event":{"state":true,"data":{"created":1574431738533,"value":"+09_00"},"id":"os.timezone"}}
{"recorder_version":"21","session":"12abba052e67","build":"192.6262.58","bucket":"189","time":1574431738396,"group":{"id":"system.os","version":"3"},"event":{"state":true,"data":{"created":1574431738534},"id":"invoked"}}
{"recorder_version":"21","session":"12abba052e67","build":"192.6262.58","bucket":"189","time":1574431738520,"group":{"id":"event.log","version":"21"},"event":{"count":1,"data":{"created":1574431738534,"version":"916.0"},"id":"whitelist.loaded"}}
{"recorder_version":"21","session":"12abba052e67","build":"192.6262.58","bucket":"189","time":1574431740870,"group":{"id":"settings","version":"4"},"event":{"state":true,"data":{"component":"UpdatesConfigurable","created":1574431740870,"name":"checkNeeded","type":"bool","value":false},"id":"not.default"}}
{"recorder_version":"21","session":"12abba052e67","build":"192.6262.58","bucket":"189","time":1574431740870,"group":{"id":"settings","version":"4"},"event":{"state":true,"data":{"component":"UpdatesConfigurable","created":1574431740871},"id":"invoked"}}
{"recorder_version":"21","session":"12abba052e67","build":"192.6262.58","bucket":"189","time":1574431740980,"group":{"id":"settings","version":"4"},"event":{"state":true,"data":{"component":"GeneralSettings","created":1574431740981,"name":"confirmExit","type":"bool","value":false},"id":"not.default"}}
{"recorder_version":"21","session":"12abba052e67","build":"192.6262.58","bucket":"189","time":1574431740980,"group":{"id":"settings","version":"4"},"event":{"state":true,"data":{"component":"GeneralSettings","created":1574431740981,"name":"showTipsOnStartup","type":"bool","value":false},"id":"not.default"}}
{"recorder_version":"21","session":"12abba052e67","build":"192.6262.58","bucket":"189","time":1574431740980,"group":{"id":"settings","version":"4"},"event":{"state":true,"data":{"component":"GeneralSettings","created":1574431740982},"id":"invoked"}}
{"recorder_version":"21","session":"12abba052e67","build":"192.6262.58","bucket":"189","time":1574431740990,"group":{"id":"lifecycle","version":"21"},"event":{"count":1,"data":{"internal":true,"eap":false,"created":1574431740991},"id":"ide.start"}}
{"recorder_version":"21","session":"12abba052e67","build":"192.6262.58","bucket":"189","time":1574431741325,"group":{"id":"lifecycle","version":"21"},"event":{"count":1,"data":{"created":1574431741325},"id":"frame.activated"}}
{"recorder_version":"21","session":"12abba052e67","build":"192.6262.58","bucket":"189","time":1574431741531,"group":{"id":"performance","version":"21"},"event":{"count":1,"data":{"duration_ms":0,"created":1574431741531},"id":"ui.latency"}}
{"recorder_version":"21","session":"12abba052e67","build":"192.6262.58","bucket":"189","time":1574431741818,"group":{"id":"ui.dialogs","version":"21"},"event":{"count":1,"data":{"created":1574431741818,"plugin_type":"PLATFORM","type":"show"},"id":"com.intellij.openapi.progress.util.ProgressDialog$MyDialogWrapper"}}
{"recorder_version":"21","session":"12abba052e67","build":"192.6262.58","bucket":"189","time":1574431742910,"group":{"id":"lifecycle","version":"21"},"event":{"count":1,"data":{"created":1574431742910,"project":"a0f12fb42952fc36a102045bdbb22ad1f15aa9443e9c675024683f4da70c8bc4"},"id":"project.opened"}}
{"recorder_version":"21","session":"12abba052e67","build":"192.6262.58","bucket":"189","time":1574431744547,"group":{"id":"settings","version":"4"},"event":{"state":true,"data":{"component":"XmlEditorOptions","created":1574431744547},"id":"invoked"}}
{"recorder_version":"21","session":"12abba052e67","build":"192.6262.58","bucket":"189","time":1574431744693,"group":{"id":"toolwindow","version":"21"},"event":{"count":1,"data":{"os":"Mac","created":1574431744694,"plugin_type":"PLATFORM"},"id":"Project"}}
{"recorder_version":"21","session":"12abba052e67","build":"192.6262.58","bucket":"189","time":1574431745647,"group":{"id":"performance","version":"21"},"event":{"count":1,"data":{"duration_ms":109,"created":1574431745648},"id":"ui.lagging"}}
{"recorder_version":"21","session":"12abba052e67","build":"192.6262.58","bucket":"189","time":1574431747068,"group":{"id":"project.fs","version":"1"},"event":{"state":true,"data":{"os":"Mac","cs-project":false,"created":1574431747068,"project":"a0f12fb42952fc36a102045bdbb22ad1f15aa9443e9c675024683f4da70c8bc4","cs-implicit":true,"cs-system":false},"id":"case-sensitivity"}}
{"recorder_version":"21","session":"12abba052e67","build":"192.6262.58","bucket":"189","time":1574431747068,"group":{"id":"project.fs","version":"1"},"event":{"state":true,"data":{"created":1574431747068},"id":"invoked"}}
{"recorder_version":"21","session":"12abba052e67","build":"192.6262.58","bucket":"189","time":1574431747068,"group":{"id":"project.fs","version":"1"},"event":{"state":true,"data":{"pct-non-watched":0,"created":1574431747068,"project":"a0f12fb42952fc36a102045bdbb22ad1f15aa9443e9c675024683f4da70c8bc4"},"id":"roots-watched"}}
{"recorder_version":"21","session":"12abba052e67","build":"192.6262.58","bucket":"189","time":1574431747068,"group":{"id":"project.fs","version":"1"},"event":{"state":true,"data":{"created":1574431747069},"id":"invoked"}}
{"recorder_version":"21","session":"12abba052e67","build":"192.6262.58","bucket":"189","time":1574431747101,"group":{"id":"ui.dialogs","version":"21"},"event":{"count":1,"data":{"code":1,"created":1574431747102,"plugin_type":"PLATFORM","type":"close"},"id":"com.intellij.openapi.progress.util.ProgressDialog$MyDialogWrapper"}}
{"recorder_version":"21","session":"12abba052e67","build":"192.6262.58","bucket":"189","time":1574431747302,"group":{"id":"lifecycle","version":"21"},"event":{"count":1,"data":{"duration_ms":5753,"created":1574431747302,"project":"a0f12fb42952fc36a102045bdbb22ad1f15aa9443e9c675024683f4da70c8bc4"},"id":"project.opening.finished"}}
{"recorder_version":"21","session":"12abba052e67","build":"192.6262.58","bucket":"189","time":1574431747669,"group":{"id":"performance","version":"21"},"event":{"count":1,"data":{"duration_ms":126,"created":1574431747669},"id":"ui.lagging"}}
{"recorder_version":"21","session":"12abba052e67","build":"192.6262.58","bucket":"189","time":1574431749101,"group":{"id":"kotlin.jps.target","version":"1"},"event":{"count":1,"data":{"plugin_version":"1.3.41-release-IJ2019.2-1","created":1574431749101},"id":"jvm"}}
{"recorder_version":"21","session":"12abba052e67","build":"192.6262.58","bucket":"189","time":1574431749758,"group":{"id":"file.types.usage","version":"21"},"event":{"count":1,"data":{"plugin":"com.intellij.java","created":1574431749759,"plugin_type":"JB_BUNDLED","project":"a0f12fb42952fc36a102045bdbb22ad1f15aa9443e9c675024683f4da70c8bc4","type":"edit"},"id":"JAVA"}}
{"recorder_version":"21","session":"12abba052e67","build":"192.6262.58","bucket":"189","time":1574431759609,"group":{"id":"lifecycle","version":"21"},"event":{"count":1,"data":{"created":1574431759609,"project":"a0f12fb42952fc36a102045bdbb22ad1f15aa9443e9c675024683f4da70c8bc4"},"id":"frame.deactivated"}}
{"recorder_version":"21","session":"12abba052e67","build":"192.6262.58","bucket":"189","time":1574431841839,"group":{"id":"performance","version":"21"},"event":{"count":1,"data":{"duration_ms":1,"created":1574431841840},"id":"ui.latency"}}
{"recorder_version":"21","session":"12abba052e67","build":"192.6262.58","bucket":"189","time":1574431915405,"group":{"id":"lifecycle","version":"21"},"event":{"count":1,"data":{"created":1574431915405,"project":"a0f12fb42952fc36a102045bdbb22ad1f15aa9443e9c675024683f4da70c8bc4"},"id":"frame.activated"}}
{"recorder_version":"21","session":"12abba052e67","build":"192.6262.58","bucket":"189","time":1574431917724,"group":{"id":"actions","version":"21"},"event":{"count":1,"data":{"context_menu":true,"current_file":"JAVA","created":1574431917724,"plugin_type":"NOT_LISTED","project":"a0f12fb42952fc36a102045bdbb22ad1f15aa9443e9c675024683f4da70c8bc4","place":"MainMenu","class":"third.party","input_event":"NoMouseButton"},"id":"third.party"}}
{"recorder_version":"21","session":"12abba052e67","build":"192.6262.58","bucket":"189","time":1574431917750,"group":{"id":"ui.dialogs","version":"21"},"event":{"count":1,"data":{"created":1574431917750,"plugin_type":"PLATFORM","type":"show"},"id":"com.intellij.openapi.ui.Messages$InputDialog"}}
{"recorder_version":"21","session":"12abba052e67","build":"192.6262.58","bucket":"189","time":1574431919758,"group":{"id":"ui.dialogs","version":"21"},"event":{"count":1,"data":{"code":1,"created":1574431919758,"plugin_type":"PLATFORM","type":"close"},"id":"com.intellij.openapi.ui.Messages$InputDialog"}}
{"recorder_version":"21","session":"12abba052e67","build":"192.6262.58","bucket":"189","time":1574431919768,"group":{"id":"lifecycle","version":"21"},"event":{"count":1,"data":{"created":1574431919768,"project":"a0f12fb42952fc36a102045bdbb22ad1f15aa9443e9c675024683f4da70c8bc4"},"id":"frame.deactivated"}}
{"recorder_version":"21","session":"12abba052e67","build":"192.6262.58","bucket":"189","time":1574431919791,"group":{"id":"lifecycle","version":"21"},"event":{"count":1,"data":{"created":1574431919792,"project":"a0f12fb42952fc36a102045bdbb22ad1f15aa9443e9c675024683f4da70c8bc4"},"id":"frame.activated"}}
{"recorder_version":"21","session":"12abba052e67","build":"192.6262.58","bucket":"189","time":1574431920860,"group":{"id":"file.types.usage","version":"21"},"event":{"count":1,"data":{"plugin":"com.intellij.java","created":1574431920860,"plugin_type":"JB_BUNDLED","project":"a0f12fb42952fc36a102045bdbb22ad1f15aa9443e9c675024683f4da70c8bc4","type":"edit"},"id":"JAVA"}}
{"recorder_version":"21","session":"12abba052e67","build":"192.6262.58","bucket":"189","time":1574431934906,"group":{"id":"lifecycle","version":"21"},"event":{"count":1,"data":{"created":1574431934906,"project":"a0f12fb42952fc36a102045bdbb22ad1f15aa9443e9c675024683f4da70c8bc4"},"id":"frame.deactivated"}}
{"recorder_version":"21","session":"12abba052e67","build":"192.6262.58","bucket":"189","time":1574431939380,"group":{"id":"lifecycle","version":"21"},"event":{"count":1,"data":{"created":1574431939381,"project":"a0f12fb42952fc36a102045bdbb22ad1f15aa9443e9c675024683f4da70c8bc4"},"id":"frame.activated"}}
{"recorder_version":"21","session":"12abba052e67","build":"192.6262.58","bucket":"189","time":1574431940273,"group":{"id":"lifecycle","version":"21"},"event":{"count":1,"data":{"created":1574431940274,"project":"a0f12fb42952fc36a102045bdbb22ad1f15aa9443e9c675024683f4da70c8bc4"},"id":"frame.deactivated"}}
{"recorder_version":"21","session":"12abba052e67","build":"192.6262.58","bucket":"189","time":1574431941005,"group":{"id":"lifecycle","version":"21"},"event":{"count":1,"data":{"created":1574431941005,"project":"a0f12fb42952fc36a102045bdbb22ad1f15aa9443e9c675024683f4da70c8bc4"},"id":"frame.activated"}}
{"recorder_version":"21","session":"12abba052e67","build":"192.6262.58","bucket":"189","time":1574431942100,"group":{"id":"performance","version":"21"},"event":{"count":1,"data":{"duration_ms":1,"created":1574431942100},"id":"ui.latency"}}
{"recorder_version":"21","session":"12abba052e67","build":"192.6262.58","bucket":"189","time":1574431945624,"group":{"id":"lifecycle","version":"21"},"event":{"count":1,"data":{"created":1574431945624,"project":"a0f12fb42952fc36a102045bdbb22ad1f15aa9443e9c675024683f4da70c8bc4"},"id":"frame.deactivated"}}
{"recorder_version":"21","session":"12abba052e67","build":"192.6262.58","bucket":"189","time":1574431982441,"group":{"id":"lifecycle","version":"21"},"event":{"count":1,"data":{"created":1574431982442,"project":"a0f12fb42952fc36a102045bdbb22ad1f15aa9443e9c675024683f4da70c8bc4"},"id":"frame.activated"}}
{"recorder_version":"21","session":"12abba052e67","build":"192.6262.58","bucket":"189","time":1574431985646,"group":{"id":"lifecycle","version":"21"},"event":{"count":1,"data":{"created":1574431985646,"project":"a0f12fb42952fc36a102045bdbb22ad1f15aa9443e9c675024683f4da70c8bc4"},"id":"frame.deactivated"}}
{"recorder_version":"21","session":"12abba052e67","build":"192.6262.58","bucket":"189","time":1574431987158,"group":{"id":"lifecycle","version":"21"},"event":{"count":1,"data":{"created":1574431987159,"project":"a0f12fb42952fc36a102045bdbb22ad1f15aa9443e9c675024683f4da70c8bc4"},"id":"frame.activated"}}
{"recorder_version":"21","session":"12abba052e67","build":"192.6262.58","bucket":"189","time":1574431988811,"group":{"id":"lifecycle","version":"21"},"event":{"count":1,"data":{"created":1574431988812,"project":"a0f12fb42952fc36a102045bdbb22ad1f15aa9443e9c675024683f4da70c8bc4"},"id":"frame.deactivated"}}
{"recorder_version":"21","session":"12abba052e67","build":"192.6262.58","bucket":"189","time":1574432040981,"group":{"id":"build.tools.actions","version":"1"},"event":{"count":1,"data":{"created":1574432040981},"id":"registered"}}
{"recorder_version":"21","session":"12abba052e67","build":"192.6262.58","bucket":"189","time":1574432040981,"group":{"id":"file.types.usage","version":"21"},"event":{"count":1,"data":{"created":1574432040981},"id":"registered"}}
{"recorder_version":"21","session":"12abba052e67","build":"192.6262.58","bucket":"189","time":1574432040981,"group":{"id":"ide.script.engine","version":"1"},"event":{"count":1,"data":{"created":1574432040981},"id":"registered"}}
{"recorder_version":"21","session":"12abba052e67","build":"192.6262.58","bucket":"189","time":1574432040981,"group":{"id":"actions.runAnything","version":"1"},"event":{"count":1,"data":{"created":1574432040982},"id":"registered"}}
{"recorder_version":"21","session":"12abba052e67","build":"192.6262.58","bucket":"189","time":1574432040981,"group":{"id":"toolwindow","version":"21"},"event":{"count":1,"data":{"created":1574432040982},"id":"registered"}}
{"recorder_version":"21","session":"12abba052e67","build":"192.6262.58","bucket":"189","time":1574432040981,"group":{"id":"kotlin.ide.newFileTempl","version":"1"},"event":{"count":1,"data":{"created":1574432040982},"id":"registered"}}
{"recorder_version":"21","session":"12abba052e67","build":"192.6262.58","bucket":"189","time":1574432040981,"group":{"id":"live.templates","version":"21"},"event":{"count":1,"data":{"created":1574432040982},"id":"registered"}}
{"recorder_version":"21","session":"12abba052e67","build":"192.6262.58","bucket":"189","time":1574432040981,"group":{"id":"ide.self.update","version":"2"},"event":{"count":1,"data":{"created":1574432040982},"id":"registered"}}
{"recorder_version":"21","session":"12abba052e67","build":"192.6262.58","bucket":"189","time":1574432040981,"group":{"id":"ui.settings","version":"21"},"event":{"count":1,"data":{"created":1574432040982},"id":"registered"}}
{"recorder_version":"21","session":"12abba052e67","build":"192.6262.58","bucket":"189","time":1574432040981,"group":{"id":"lifecycle","version":"21"},"event":{"count":1,"data":{"created":1574432040983},"id":"registered"}}
{"recorder_version":"21","session":"12abba052e67","build":"192.6262.58","bucket":"189","time":1574432040981,"group":{"id":"vcs.diff.trigger","version":"1"},"event":{"count":1,"data":{"created":1574432040983},"id":"registered"}}
{"recorder_version":"21","session":"12abba052e67","build":"192.6262.58","bucket":"189","time":1574432040981,"group":{"id":"vcs.log.trigger","version":"2"},"event":{"count":1,"data":{"created":1574432040983},"id":"registered"}}
{"recorder_version":"21","session":"12abba052e67","build":"192.6262.58","bucket":"189","time":1574432040981,"group":{"id":"productivity","version":"21"},"event":{"count":1,"data":{"created":1574432040983},"id":"registered"}}
{"recorder_version":"21","session":"12abba052e67","build":"192.6262.58","bucket":"189","time":1574432040981,"group":{"id":"debugger.breakpoints.usage","version":"2"},"event":{"count":1,"data":{"created":1574432040983},"id":"registered"}}
{"recorder_version":"21","session":"12abba052e67","build":"192.6262.58","bucket":"189","time":1574432040981,"group":{"id":"kotlin.gradle.library","version":"1"},"event":{"count":1,"data":{"created":1574432040984},"id":"registered"}}
{"recorder_version":"21","session":"12abba052e67","build":"192.6262.58","bucket":"189","time":1574432040981,"group":{"id":"find","version":"1"},"event":{"count":1,"data":{"created":1574432040984},"id":"registered"}}
{"recorder_version":"21","session":"12abba052e67","build":"192.6262.58","bucket":"189","time":1574432040981,"group":{"id":"kotlin.gradle.target","version":"1"},"event":{"count":1,"data":{"created":1574432040984},"id":"registered"}}
{"recorder_version":"21","session":"12abba052e67","build":"192.6262.58","bucket":"189","time":1574432040981,"group":{"id":"gutter.icon.click","version":"1"},"event":{"count":1,"data":{"created":1574432040984},"id":"registered"}}
{"recorder_version":"21","session":"12abba052e67","build":"192.6262.58","bucket":"189","time":1574432040981,"group":{"id":"shell.script","version":"1"},"event":{"count":1,"data":{"created":1574432040984},"id":"registered"}}
{"recorder_version":"21","session":"12abba052e67","build":"192.6262.58","bucket":"189","time":1574432040981,"group":{"id":"kotlin.ide.debugger.eval","version":"1"},"event":{"count":1,"data":{"created":1574432040984},"id":"registered"}}
{"recorder_version":"21","session":"12abba052e67","build":"192.6262.58","bucket":"189","time":1574432040981,"group":{"id":"build.maven.actions","version":"1"},"event":{"count":1,"data":{"created":1574432040985},"id":"registered"}}
{"recorder_version":"21","session":"12abba052e67","build":"192.6262.58","bucket":"189","time":1574432040981,"group":{"id":"ui.event","version":"1"},"event":{"count":1,"data":{"created":1574432040985},"id":"registered"}}
{"recorder_version":"21","session":"12abba052e67","build":"192.6262.58","bucket":"189","time":1574432040981,"group":{"id":"new.project.wizard","version":"1"},"event":{"count":1,"data":{"created":1574432040985},"id":"registered"}}
{"recorder_version":"21","session":"12abba052e67","build":"192.6262.58","bucket":"189","time":1574432040981,"group":{"id":"kotlin.ide.npwizards","version":"1"},"event":{"count":1,"data":{"created":1574432040985},"id":"registered"}}
{"recorder_version":"21","session":"12abba052e67","build":"192.6262.58","bucket":"189","time":1574432040981,"group":{"id":"intentions","version":"21"},"event":{"count":1,"data":{"created":1574432040985},"id":"registered"}}
{"recorder_version":"21","session":"12abba052e67","build":"192.6262.58","bucket":"189","time":1574432040981,"group":{"id":"ui.dialogs","version":"21"},"event":{"count":1,"data":{"created":1574432040985},"id":"registered"}}
{"recorder_version":"21","session":"12abba052e67","build":"192.6262.58","bucket":"189","time":1574432040981,"group":{"id":"vcs.back.forward.trigger","version":"1"},"event":{"count":1,"data":{"created":1574432040985},"id":"registered"}}
{"recorder_version":"21","session":"12abba052e67","build":"192.6262.58","bucket":"189","time":1574432040981,"group":{"id":"vcs.change.reminder","version":"1"},"event":{"count":1,"data":{"created":1574432040985},"id":"registered"}}
{"recorder_version":"21","session":"12abba052e67","build":"192.6262.58","bucket":"189","time":1574432040981,"group":{"id":"toolbar","version":"21"},"event":{"count":1,"data":{"created":1574432040986},"id":"registered"}}
{"recorder_version":"21","session":"12abba052e67","build":"192.6262.58","bucket":"189","time":1574432040981,"group":{"id":"build.gradle.actions","version":"1"},"event":{"count":1,"data":{"created":1574432040986},"id":"registered"}}
{"recorder_version":"21","session":"12abba052e67","build":"192.6262.58","bucket":"189","time":1574432040981,"group":{"id":"kotlin.maven.target","version":"1"},"event":{"count":1,"data":{"created":1574432040986},"id":"registered"}}
{"recorder_version":"21","session":"12abba052e67","build":"192.6262.58","bucket":"189","time":1574432040981,"group":{"id":"performance","version":"21"},"event":{"count":1,"data":{"created":1574432040986},"id":"registered"}}
{"recorder_version":"21","session":"12abba052e67","build":"192.6262.58","bucket":"189","time":1574432040981,"group":{"id":"searchEverywhere","version":"1"},"event":{"count":1,"data":{"created":1574432040986},"id":"registered"}}
{"recorder_version":"21","session":"12abba052e67","build":"192.6262.58","bucket":"189","time":1574432040981,"group":{"id":"kotlin.ide.action.refactoring","version":"1"},"event":{"count":1,"data":{"created":1574432040986},"id":"registered"}}
{"recorder_version":"21","session":"12abba052e67","build":"192.6262.58","bucket":"189","time":1574432040981,"group":{"id":"ui.tips","version":"2"},"event":{"count":1,"data":{"created":1574432040987},"id":"registered"}}
{"recorder_version":"21","session":"12abba052e67","build":"192.6262.58","bucket":"189","time":1574432040981,"group":{"id":"surround.with","version":"1"},"event":{"count":1,"data":{"created":1574432040987},"id":"registered"}}
{"recorder_version":"21","session":"12abba052e67","build":"192.6262.58","bucket":"189","time":1574432040981,"group":{"id":"import.old.config","version":"1"},"event":{"count":1,"data":{"created":1574432040987},"id":"registered"}}
{"recorder_version":"21","session":"12abba052e67","build":"192.6262.58","bucket":"189","time":1574432040981,"group":{"id":"json.schema","version":"1"},"event":{"count":1,"data":{"created":1574432040987},"id":"registered"}}
{"recorder_version":"21","session":"12abba052e67","build":"192.6262.58","bucket":"189","time":1574432040981,"group":{"id":"kotlin.jps.target","version":"1"},"event":{"count":1,"data":{"created":1574432040987},"id":"registered"}}
{"recorder_version":"21","session":"12abba052e67","build":"192.6262.58","bucket":"189","time":1574432040981,"group":{"id":"terminalShell","version":"1"},"event":{"count":1,"data":{"created":1574432040987},"id":"registered"}}
{"recorder_version":"21","session":"12abba052e67","build":"192.6262.58","bucket":"189","time":1574432040981,"group":{"id":"completion.postfix","version":"21"},"event":{"count":1,"data":{"created":1574432040987},"id":"registered"}}
{"recorder_version":"21","session":"12abba052e67","build":"192.6262.58","bucket":"189","time":1574432040981,"group":{"id":"build.ant.actions","version":"1"},"event":{"count":1,"data":{"created":1574432040987},"id":"registered"}}
{"recorder_version":"21","session":"12abba052e67","build":"192.6262.58","bucket":"189","time":1574432040981,"group":{"id":"actions","version":"21"},"event":{"count":1,"data":{"created":1574432040988},"id":"registered"}}
{"recorder_version":"21","session":"12abba052e67","build":"192.6262.58","bucket":"189","time":1574432040981,"group":{"id":"event.log","version":"21"},"event":{"count":1,"data":{"created":1574432040988},"id":"registered"}}
{"recorder_version":"21","session":"12abba052e67","build":"192.6262.58","bucket":"189","time":1574432040981,"group":{"id":"run.configuration.exec","version":"21"},"event":{"count":1,"data":{"created":1574432040988},"id":"registered"}}
{"recorder_version":"21","session":"12abba052e67","build":"192.6262.58","bucket":"189","time":1574432040981,"group":{"id":"build.maven.packagesearch","version":"2"},"event":{"count":1,"data":{"created":1574432040988},"id":"registered"}}
{"recorder_version":"21","session":"12abba052e67","build":"192.6262.58","bucket":"189","time":1574432042358,"group":{"id":"performance","version":"21"},"event":{"count":1,"data":{"duration_ms":0,"created":1574432042358},"id":"ui.latency"}}
{"recorder_version":"21","session":"12abba052e67","build":"192.6262.58","bucket":"189","time":1574432084623,"group":{"id":"lifecycle","version":"21"},"event":{"count":1,"data":{"created":1574432084624,"project":"a0f12fb42952fc36a102045bdbb22ad1f15aa9443e9c675024683f4da70c8bc4"},"id":"frame.activated"}}
{"recorder_version":"21","session":"12abba052e67","build":"192.6262.58","bucket":"189","time":1574432085233,"group":{"id":"lifecycle","version":"21"},"event":{"count":1,"data":{"restart":false,"created":1574432085233},"id":"ide.close"}}
{"recorder_version":"21","session":"12abba052e67","build":"192.6262.58","bucket":"189","time":1574432085292,"group":{"id":"lifecycle","version":"21"},"event":{"count":1,"data":{"created":1574432085292,"project":"a0f12fb42952fc36a102045bdbb22ad1f15aa9443e9c675024683f4da70c8bc4"},"id":"project.closed"}}
