{"recorder_version":"21","session":"0bf2000d461c","build":"192.6262.58","bucket":"189","time":1575351928211,"group":{"id":"settings","version":"4"},"event":{"state":true,"data":{"component":"NotRoamableUiSettings","created":1575351928386},"id":"invoked"}}
{"recorder_version":"21","session":"0bf2000d461c","build":"192.6262.58","bucket":"189","time":1575351928214,"group":{"id":"system.java","version":"1"},"event":{"state":true,"data":{"created":1575351928388,"version":"1.11"},"id":"JetBrains"}}
{"recorder_version":"21","session":"0bf2000d461c","build":"192.6262.58","bucket":"189","time":1575351928214,"group":{"id":"system.java","version":"1"},"event":{"state":true,"data":{"created":1575351928397},"id":"invoked"}}
{"recorder_version":"21","session":"0bf2000d461c","build":"192.6262.58","bucket":"189","time":1575351928215,"group":{"id":"settings","version":"4"},"event":{"state":true,"data":{"component":"UISettings","created":1575351928398},"id":"invoked"}}
{"recorder_version":"21","session":"0bf2000d461c","build":"192.6262.58","bucket":"189","time":1575351928237,"group":{"id":"system.os","version":"3"},"event":{"state":true,"data":{"created":1575351928399,"version":"10.14"},"id":"Mac"}}
{"recorder_version":"21","session":"0bf2000d461c","build":"192.6262.58","bucket":"189","time":1575351928237,"group":{"id":"system.os","version":"3"},"event":{"state":true,"data":{"created":1575351928400,"name":"Mac","version":"10.14"},"id":"os.name"}}
{"recorder_version":"21","session":"0bf2000d461c","build":"192.6262.58","bucket":"189","time":1575351928237,"group":{"id":"system.os","version":"3"},"event":{"state":true,"data":{"created":1575351928401,"value":"+09_00"},"id":"os.timezone"}}
{"recorder_version":"21","session":"0bf2000d461c","build":"192.6262.58","bucket":"189","time":1575351928237,"group":{"id":"system.os","version":"3"},"event":{"state":true,"data":{"created":1575351928403},"id":"invoked"}}
{"recorder_version":"21","session":"0bf2000d461c","build":"192.6262.58","bucket":"189","time":1575351928386,"group":{"id":"event.log","version":"21"},"event":{"count":1,"data":{"created":1575351928404,"version":"943.0"},"id":"whitelist.loaded"}}
{"recorder_version":"21","session":"0bf2000d461c","build":"192.6262.58","bucket":"189","time":1575351930506,"group":{"id":"settings","version":"4"},"event":{"state":true,"data":{"component":"UpdatesConfigurable","created":1575351930507,"name":"checkNeeded","type":"bool","value":false},"id":"not.default"}}
{"recorder_version":"21","session":"0bf2000d461c","build":"192.6262.58","bucket":"189","time":1575351930506,"group":{"id":"settings","version":"4"},"event":{"state":true,"data":{"component":"UpdatesConfigurable","created":1575351930508},"id":"invoked"}}
{"recorder_version":"21","session":"0bf2000d461c","build":"192.6262.58","bucket":"189","time":1575351930627,"group":{"id":"settings","version":"4"},"event":{"state":true,"data":{"component":"GeneralSettings","created":1575351930630,"name":"confirmExit","type":"bool","value":false},"id":"not.default"}}
{"recorder_version":"21","session":"0bf2000d461c","build":"192.6262.58","bucket":"189","time":1575351930627,"group":{"id":"settings","version":"4"},"event":{"state":true,"data":{"component":"GeneralSettings","created":1575351930633,"name":"showTipsOnStartup","type":"bool","value":false},"id":"not.default"}}
{"recorder_version":"21","session":"0bf2000d461c","build":"192.6262.58","bucket":"189","time":1575351930627,"group":{"id":"settings","version":"4"},"event":{"state":true,"data":{"component":"GeneralSettings","created":1575351930634},"id":"invoked"}}
{"recorder_version":"21","session":"0bf2000d461c","build":"192.6262.58","bucket":"189","time":1575351930637,"group":{"id":"lifecycle","version":"21"},"event":{"count":1,"data":{"internal":true,"eap":false,"created":1575351930637},"id":"ide.start"}}
{"recorder_version":"21","session":"0bf2000d461c","build":"192.6262.58","bucket":"189","time":1575351930915,"group":{"id":"lifecycle","version":"21"},"event":{"count":1,"data":{"created":1575351930916},"id":"frame.activated"}}
{"recorder_version":"21","session":"0bf2000d461c","build":"192.6262.58","bucket":"189","time":1575351931064,"group":{"id":"performance","version":"21"},"event":{"count":1,"data":{"duration_ms":1,"created":1575351931064},"id":"ui.latency"}}
{"recorder_version":"21","session":"0bf2000d461c","build":"192.6262.58","bucket":"189","time":1575351931388,"group":{"id":"ui.dialogs","version":"21"},"event":{"count":1,"data":{"created":1575351931390,"plugin_type":"PLATFORM","type":"show"},"id":"com.intellij.openapi.progress.util.ProgressDialog$MyDialogWrapper"}}
{"recorder_version":"21","session":"0bf2000d461c","build":"192.6262.58","bucket":"189","time":1575351932500,"group":{"id":"lifecycle","version":"21"},"event":{"count":1,"data":{"created":1575351932501,"project":"4452600da3b350ab41d92ae108c2baae6ff0ac3ddb31bd67020ee046ec77ac09"},"id":"project.opened"}}
{"recorder_version":"21","session":"0bf2000d461c","build":"192.6262.58","bucket":"189","time":1575351934095,"group":{"id":"settings","version":"4"},"event":{"state":true,"data":{"component":"XmlEditorOptions","created":1575351934095},"id":"invoked"}}
{"recorder_version":"21","session":"0bf2000d461c","build":"192.6262.58","bucket":"189","time":1575351934782,"group":{"id":"toolwindow","version":"21"},"event":{"count":1,"data":{"os":"Mac","created":1575351934782,"plugin_type":"PLATFORM"},"id":"Project"}}
{"recorder_version":"21","session":"0bf2000d461c","build":"192.6262.58","bucket":"189","time":1575351935500,"group":{"id":"performance","version":"21"},"event":{"count":1,"data":{"duration_ms":433,"created":1575351935500},"id":"ui.lagging"}}
{"recorder_version":"21","session":"0bf2000d461c","build":"192.6262.58","bucket":"189","time":1575351936323,"group":{"id":"performance","version":"21"},"event":{"count":1,"data":{"duration_ms":251,"created":1575351936323},"id":"ui.lagging"}}
{"recorder_version":"21","session":"0bf2000d461c","build":"192.6262.58","bucket":"189","time":1575351937262,"group":{"id":"performance","version":"21"},"event":{"count":1,"data":{"duration_ms":190,"created":1575351937262},"id":"ui.lagging"}}
{"recorder_version":"21","session":"0bf2000d461c","build":"192.6262.58","bucket":"189","time":1575351937427,"group":{"id":"kotlin.jps.target","version":"1"},"event":{"count":2,"data":{"plugin_version":"validation.undefined_rule","last":1575351937428,"created":1575351937427},"id":"validation.undefined_rule"}}
{"recorder_version":"21","session":"0bf2000d461c","build":"192.6262.58","bucket":"189","time":1575351937448,"group":{"id":"project.fs","version":"1"},"event":{"state":true,"data":{"os":"Mac","cs-project":false,"created":1575351937448,"project":"4452600da3b350ab41d92ae108c2baae6ff0ac3ddb31bd67020ee046ec77ac09","cs-implicit":true,"cs-system":false},"id":"case-sensitivity"}}
{"recorder_version":"21","session":"0bf2000d461c","build":"192.6262.58","bucket":"189","time":1575351937448,"group":{"id":"project.fs","version":"1"},"event":{"state":true,"data":{"created":1575351937449},"id":"invoked"}}
{"recorder_version":"21","session":"0bf2000d461c","build":"192.6262.58","bucket":"189","time":1575351937449,"group":{"id":"project.fs","version":"1"},"event":{"state":true,"data":{"pct-non-watched":0,"created":1575351937449,"project":"4452600da3b350ab41d92ae108c2baae6ff0ac3ddb31bd67020ee046ec77ac09"},"id":"roots-watched"}}
{"recorder_version":"21","session":"0bf2000d461c","build":"192.6262.58","bucket":"189","time":1575351937449,"group":{"id":"project.fs","version":"1"},"event":{"state":true,"data":{"created":1575351937450},"id":"invoked"}}
{"recorder_version":"21","session":"0bf2000d461c","build":"192.6262.58","bucket":"189","time":1575351937677,"group":{"id":"ui.dialogs","version":"21"},"event":{"count":1,"data":{"code":1,"created":1575351937678,"plugin_type":"PLATFORM","type":"close"},"id":"com.intellij.openapi.progress.util.ProgressDialog$MyDialogWrapper"}}
{"recorder_version":"21","session":"0bf2000d461c","build":"192.6262.58","bucket":"189","time":1575351938111,"group":{"id":"lifecycle","version":"21"},"event":{"count":1,"data":{"duration_ms":7000,"created":1575351938112,"project":"4452600da3b350ab41d92ae108c2baae6ff0ac3ddb31bd67020ee046ec77ac09"},"id":"project.opening.finished"}}
{"recorder_version":"21","session":"0bf2000d461c","build":"192.6262.58","bucket":"189","time":1575351939220,"group":{"id":"file.types.usage","version":"21"},"event":{"count":1,"data":{"plugin":"com.intellij.java","created":1575351939220,"plugin_type":"JB_BUNDLED","project":"4452600da3b350ab41d92ae108c2baae6ff0ac3ddb31bd67020ee046ec77ac09","type":"edit"},"id":"JAVA"}}
{"recorder_version":"21","session":"0bf2000d461c","build":"192.6262.58","bucket":"189","time":1575351939869,"group":{"id":"vcs.change.reminder","version":"1"},"event":{"count":1,"data":{"created":1575351939869,"project":"4452600da3b350ab41d92ae108c2baae6ff0ac3ddb31bd67020ee046ec77ac09","execution_time":172},"id":"prediction.calculated"}}
{"recorder_version":"21","session":"0bf2000d461c","build":"192.6262.58","bucket":"189","time":1575351939934,"group":{"id":"vcs.change.reminder","version":"1"},"event":{"count":1,"data":{"created":1575351939934,"project":"4452600da3b350ab41d92ae108c2baae6ff0ac3ddb31bd67020ee046ec77ac09","execution_time":65},"id":"prediction.calculated"}}
{"recorder_version":"21","session":"0bf2000d461c","build":"192.6262.58","bucket":"189","time":1575351939991,"group":{"id":"vcs.change.reminder","version":"1"},"event":{"count":1,"data":{"created":1575351939991,"project":"4452600da3b350ab41d92ae108c2baae6ff0ac3ddb31bd67020ee046ec77ac09","execution_time":57},"id":"prediction.calculated"}}
{"recorder_version":"21","session":"0bf2000d461c","build":"192.6262.58","bucket":"189","time":1575351940425,"group":{"id":"vcs.change.reminder","version":"1"},"event":{"count":1,"data":{"created":1575351940425,"project":"4452600da3b350ab41d92ae108c2baae6ff0ac3ddb31bd67020ee046ec77ac09","execution_time":434},"id":"prediction.calculated"}}
{"recorder_version":"21","session":"0bf2000d461c","build":"192.6262.58","bucket":"189","time":1575351940439,"group":{"id":"performance","version":"21"},"event":{"count":1,"data":{"duration_ms":365,"created":1575351940439},"id":"ui.lagging"}}
{"recorder_version":"21","session":"0bf2000d461c","build":"192.6262.58","bucket":"189","time":1575351941201,"group":{"id":"performance","version":"21"},"event":{"count":1,"data":{"duration_ms":125,"created":1575351941201},"id":"ui.lagging"}}
{"recorder_version":"21","session":"0bf2000d461c","build":"192.6262.58","bucket":"189","time":1575351941565,"group":{"id":"file.types.usage","version":"21"},"event":{"count":5,"data":{"plugin":"com.intellij.java","last":1575351943201,"created":1575351941565,"plugin_type":"JB_BUNDLED","project":"4452600da3b350ab41d92ae108c2baae6ff0ac3ddb31bd67020ee046ec77ac09","type":"edit"},"id":"JAVA"}}
{"recorder_version":"21","session":"0bf2000d461c","build":"192.6262.58","bucket":"189","time":1575351951735,"group":{"id":"lifecycle","version":"21"},"event":{"count":1,"data":{"restart":false,"created":1575351951735},"id":"ide.close"}}
{"recorder_version":"21","session":"0bf2000d461c","build":"192.6262.58","bucket":"189","time":1575351952127,"group":{"id":"lifecycle","version":"21"},"event":{"count":1,"data":{"created":1575351952127,"project":"4452600da3b350ab41d92ae108c2baae6ff0ac3ddb31bd67020ee046ec77ac09"},"id":"project.closed"}}
