{"recorder_version":"21","session":"7ce1347f468a","build":"192.6262.58","bucket":"189","time":1574802299945,"group":{"id":"settings","version":"4"},"event":{"state":true,"data":{"component":"NotRoamableUiSettings","created":1574802300115},"id":"invoked"}}
{"recorder_version":"21","session":"7ce1347f468a","build":"192.6262.58","bucket":"189","time":1574802299947,"group":{"id":"settings","version":"4"},"event":{"state":true,"data":{"component":"UISettings","created":1574802300117},"id":"invoked"}}
{"recorder_version":"21","session":"7ce1347f468a","build":"192.6262.58","bucket":"189","time":1574802299947,"group":{"id":"system.java","version":"1"},"event":{"state":true,"data":{"created":1574802300126,"version":"1.11"},"id":"JetBrains"}}
{"recorder_version":"21","session":"7ce1347f468a","build":"192.6262.58","bucket":"189","time":1574802299947,"group":{"id":"system.java","version":"1"},"event":{"state":true,"data":{"created":1574802300127},"id":"invoked"}}
{"recorder_version":"21","session":"7ce1347f468a","build":"192.6262.58","bucket":"189","time":1574802299967,"group":{"id":"system.os","version":"3"},"event":{"state":true,"data":{"created":1574802300128,"version":"10.14"},"id":"Mac"}}
{"recorder_version":"21","session":"7ce1347f468a","build":"192.6262.58","bucket":"189","time":1574802299967,"group":{"id":"system.os","version":"3"},"event":{"state":true,"data":{"created":1574802300130,"name":"Mac","version":"10.14"},"id":"os.name"}}
{"recorder_version":"21","session":"7ce1347f468a","build":"192.6262.58","bucket":"189","time":1574802299967,"group":{"id":"system.os","version":"3"},"event":{"state":true,"data":{"created":1574802300131,"value":"+09_00"},"id":"os.timezone"}}
{"recorder_version":"21","session":"7ce1347f468a","build":"192.6262.58","bucket":"189","time":1574802299967,"group":{"id":"system.os","version":"3"},"event":{"state":true,"data":{"created":1574802300132},"id":"invoked"}}
{"recorder_version":"21","session":"7ce1347f468a","build":"192.6262.58","bucket":"189","time":1574802300115,"group":{"id":"event.log","version":"21"},"event":{"count":1,"data":{"created":1574802300133,"version":"930.0"},"id":"whitelist.loaded"}}
{"recorder_version":"21","session":"7ce1347f468a","build":"192.6262.58","bucket":"189","time":1574802302418,"group":{"id":"settings","version":"4"},"event":{"state":true,"data":{"component":"UpdatesConfigurable","created":1574802302419,"name":"checkNeeded","type":"bool","value":false},"id":"not.default"}}
{"recorder_version":"21","session":"7ce1347f468a","build":"192.6262.58","bucket":"189","time":1574802302418,"group":{"id":"settings","version":"4"},"event":{"state":true,"data":{"component":"UpdatesConfigurable","created":1574802302420},"id":"invoked"}}
{"recorder_version":"21","session":"7ce1347f468a","build":"192.6262.58","bucket":"189","time":1574802302564,"group":{"id":"settings","version":"4"},"event":{"state":true,"data":{"component":"GeneralSettings","created":1574802302566,"name":"confirmExit","type":"bool","value":false},"id":"not.default"}}
{"recorder_version":"21","session":"7ce1347f468a","build":"192.6262.58","bucket":"189","time":1574802302564,"group":{"id":"settings","version":"4"},"event":{"state":true,"data":{"component":"GeneralSettings","created":1574802302568,"name":"showTipsOnStartup","type":"bool","value":false},"id":"not.default"}}
{"recorder_version":"21","session":"7ce1347f468a","build":"192.6262.58","bucket":"189","time":1574802302564,"group":{"id":"settings","version":"4"},"event":{"state":true,"data":{"component":"GeneralSettings","created":1574802302569},"id":"invoked"}}
{"recorder_version":"21","session":"7ce1347f468a","build":"192.6262.58","bucket":"189","time":1574802302579,"group":{"id":"lifecycle","version":"21"},"event":{"count":1,"data":{"internal":true,"eap":false,"created":1574802302580},"id":"ide.start"}}
{"recorder_version":"21","session":"7ce1347f468a","build":"192.6262.58","bucket":"189","time":1574802302860,"group":{"id":"lifecycle","version":"21"},"event":{"count":1,"data":{"created":1574802302860},"id":"frame.activated"}}
{"recorder_version":"21","session":"7ce1347f468a","build":"192.6262.58","bucket":"189","time":1574802303134,"group":{"id":"performance","version":"21"},"event":{"count":1,"data":{"duration_ms":1,"created":1574802303134},"id":"ui.latency"}}
{"recorder_version":"21","session":"7ce1347f468a","build":"192.6262.58","bucket":"189","time":1574802303351,"group":{"id":"ui.dialogs","version":"21"},"event":{"count":1,"data":{"created":1574802303351,"plugin_type":"PLATFORM","type":"show"},"id":"com.intellij.openapi.progress.util.ProgressDialog$MyDialogWrapper"}}
{"recorder_version":"21","session":"7ce1347f468a","build":"192.6262.58","bucket":"189","time":1574802304425,"group":{"id":"lifecycle","version":"21"},"event":{"count":1,"data":{"created":1574802304425,"project":"92ddc83aceaa9edad1485397ccc1680a8fd16623aa2c155379eac4aafdb2a559"},"id":"project.opened"}}
{"recorder_version":"21","session":"7ce1347f468a","build":"192.6262.58","bucket":"189","time":1574802306130,"group":{"id":"settings","version":"4"},"event":{"state":true,"data":{"component":"XmlEditorOptions","created":1574802306131},"id":"invoked"}}
{"recorder_version":"21","session":"7ce1347f468a","build":"192.6262.58","bucket":"189","time":1574802306379,"group":{"id":"toolwindow","version":"21"},"event":{"count":1,"data":{"os":"Mac","created":1574802306379,"plugin_type":"PLATFORM"},"id":"Project"}}
{"recorder_version":"21","session":"7ce1347f468a","build":"192.6262.58","bucket":"189","time":1574802308607,"group":{"id":"project.fs","version":"1"},"event":{"state":true,"data":{"os":"Mac","cs-project":false,"created":1574802308607,"project":"92ddc83aceaa9edad1485397ccc1680a8fd16623aa2c155379eac4aafdb2a559","cs-implicit":true,"cs-system":false},"id":"case-sensitivity"}}
{"recorder_version":"21","session":"7ce1347f468a","build":"192.6262.58","bucket":"189","time":1574802308607,"group":{"id":"project.fs","version":"1"},"event":{"state":true,"data":{"created":1574802308608},"id":"invoked"}}
{"recorder_version":"21","session":"7ce1347f468a","build":"192.6262.58","bucket":"189","time":1574802308608,"group":{"id":"project.fs","version":"1"},"event":{"state":true,"data":{"pct-non-watched":0,"created":1574802308609,"project":"92ddc83aceaa9edad1485397ccc1680a8fd16623aa2c155379eac4aafdb2a559"},"id":"roots-watched"}}
{"recorder_version":"21","session":"7ce1347f468a","build":"192.6262.58","bucket":"189","time":1574802308608,"group":{"id":"project.fs","version":"1"},"event":{"state":true,"data":{"created":1574802308609},"id":"invoked"}}
{"recorder_version":"21","session":"7ce1347f468a","build":"192.6262.58","bucket":"189","time":1574802308700,"group":{"id":"ui.dialogs","version":"21"},"event":{"count":1,"data":{"code":1,"created":1574802308701,"plugin_type":"PLATFORM","type":"close"},"id":"com.intellij.openapi.progress.util.ProgressDialog$MyDialogWrapper"}}
{"recorder_version":"21","session":"7ce1347f468a","build":"192.6262.58","bucket":"189","time":1574802308885,"group":{"id":"lifecycle","version":"21"},"event":{"count":1,"data":{"duration_ms":5824,"created":1574802308885,"project":"92ddc83aceaa9edad1485397ccc1680a8fd16623aa2c155379eac4aafdb2a559"},"id":"project.opening.finished"}}
{"recorder_version":"21","session":"7ce1347f468a","build":"192.6262.58","bucket":"189","time":1574802310710,"group":{"id":"kotlin.jps.target","version":"1"},"event":{"count":1,"data":{"plugin_version":"validation.undefined_rule","created":1574802310710},"id":"validation.undefined_rule"}}
{"recorder_version":"21","session":"7ce1347f468a","build":"192.6262.58","bucket":"189","time":1574802312046,"group":{"id":"file.types.usage","version":"21"},"event":{"count":1,"data":{"created":1574802312046,"plugin_type":"PLATFORM","project":"92ddc83aceaa9edad1485397ccc1680a8fd16623aa2c155379eac4aafdb2a559","type":"edit"},"id":"IDEA_MODULE"}}
{"recorder_version":"21","session":"7ce1347f468a","build":"192.6262.58","bucket":"189","time":1574802354834,"group":{"id":"lifecycle","version":"21"},"event":{"count":1,"data":{"restart":false,"created":1574802354834},"id":"ide.close"}}
{"recorder_version":"21","session":"7ce1347f468a","build":"192.6262.58","bucket":"189","time":1574802355071,"group":{"id":"lifecycle","version":"21"},"event":{"count":1,"data":{"created":1574802355071,"project":"92ddc83aceaa9edad1485397ccc1680a8fd16623aa2c155379eac4aafdb2a559"},"id":"project.closed"}}
