{"recorder_version":"21","session":"e250befe17be","build":"192.6262.58","bucket":"189","time":1574780904165,"group":{"id":"settings","version":"4"},"event":{"state":true,"data":{"component":"NotRoamableUiSettings","created":1574780904346},"id":"invoked"}}
{"recorder_version":"21","session":"e250befe17be","build":"192.6262.58","bucket":"189","time":1574780904167,"group":{"id":"settings","version":"4"},"event":{"state":true,"data":{"component":"UISettings","created":1574780904347},"id":"invoked"}}
{"recorder_version":"21","session":"e250befe17be","build":"192.6262.58","bucket":"189","time":1574780904167,"group":{"id":"system.java","version":"1"},"event":{"state":true,"data":{"created":1574780904360,"version":"1.11"},"id":"JetBrains"}}
{"recorder_version":"21","session":"e250befe17be","build":"192.6262.58","bucket":"189","time":1574780904167,"group":{"id":"system.java","version":"1"},"event":{"state":true,"data":{"created":1574780904361},"id":"invoked"}}
{"recorder_version":"21","session":"e250befe17be","build":"192.6262.58","bucket":"189","time":1574780904190,"group":{"id":"system.os","version":"3"},"event":{"state":true,"data":{"created":1574780904362,"version":"10.14"},"id":"Mac"}}
{"recorder_version":"21","session":"e250befe17be","build":"192.6262.58","bucket":"189","time":1574780904190,"group":{"id":"system.os","version":"3"},"event":{"state":true,"data":{"created":1574780904362,"name":"Mac","version":"10.14"},"id":"os.name"}}
{"recorder_version":"21","session":"e250befe17be","build":"192.6262.58","bucket":"189","time":1574780904190,"group":{"id":"system.os","version":"3"},"event":{"state":true,"data":{"created":1574780904363,"value":"+09_00"},"id":"os.timezone"}}
{"recorder_version":"21","session":"e250befe17be","build":"192.6262.58","bucket":"189","time":1574780904190,"group":{"id":"system.os","version":"3"},"event":{"state":true,"data":{"created":1574780904364},"id":"invoked"}}
{"recorder_version":"21","session":"e250befe17be","build":"192.6262.58","bucket":"189","time":1574780904345,"group":{"id":"event.log","version":"21"},"event":{"count":1,"data":{"created":1574780904366,"version":"925.0"},"id":"whitelist.loaded"}}
{"recorder_version":"21","session":"e250befe17be","build":"192.6262.58","bucket":"189","time":1574780906558,"group":{"id":"settings","version":"4"},"event":{"state":true,"data":{"component":"UpdatesConfigurable","created":1574780906558,"name":"checkNeeded","type":"bool","value":false},"id":"not.default"}}
{"recorder_version":"21","session":"e250befe17be","build":"192.6262.58","bucket":"189","time":1574780906558,"group":{"id":"settings","version":"4"},"event":{"state":true,"data":{"component":"UpdatesConfigurable","created":1574780906559},"id":"invoked"}}
{"recorder_version":"21","session":"e250befe17be","build":"192.6262.58","bucket":"189","time":1574780906696,"group":{"id":"settings","version":"4"},"event":{"state":true,"data":{"component":"GeneralSettings","created":1574780906696,"name":"confirmExit","type":"bool","value":false},"id":"not.default"}}
{"recorder_version":"21","session":"e250befe17be","build":"192.6262.58","bucket":"189","time":1574780906696,"group":{"id":"settings","version":"4"},"event":{"state":true,"data":{"component":"GeneralSettings","created":1574780906697,"name":"showTipsOnStartup","type":"bool","value":false},"id":"not.default"}}
{"recorder_version":"21","session":"e250befe17be","build":"192.6262.58","bucket":"189","time":1574780906696,"group":{"id":"settings","version":"4"},"event":{"state":true,"data":{"component":"GeneralSettings","created":1574780906699},"id":"invoked"}}
{"recorder_version":"21","session":"e250befe17be","build":"192.6262.58","bucket":"189","time":1574780906700,"group":{"id":"lifecycle","version":"21"},"event":{"count":1,"data":{"internal":true,"eap":false,"created":1574780906701},"id":"ide.start"}}
{"recorder_version":"21","session":"e250befe17be","build":"192.6262.58","bucket":"189","time":1574780906973,"group":{"id":"lifecycle","version":"21"},"event":{"count":1,"data":{"created":1574780906976},"id":"frame.activated"}}
{"recorder_version":"21","session":"e250befe17be","build":"192.6262.58","bucket":"189","time":1574780907216,"group":{"id":"performance","version":"21"},"event":{"count":1,"data":{"duration_ms":0,"created":1574780907216},"id":"ui.latency"}}
{"recorder_version":"21","session":"e250befe17be","build":"192.6262.58","bucket":"189","time":1574780907430,"group":{"id":"ui.dialogs","version":"21"},"event":{"count":1,"data":{"created":1574780907430,"plugin_type":"PLATFORM","type":"show"},"id":"com.intellij.openapi.progress.util.ProgressDialog$MyDialogWrapper"}}
{"recorder_version":"21","session":"e250befe17be","build":"192.6262.58","bucket":"189","time":1574780908398,"group":{"id":"lifecycle","version":"21"},"event":{"count":1,"data":{"created":1574780908398,"project":"92ddc83aceaa9edad1485397ccc1680a8fd16623aa2c155379eac4aafdb2a559"},"id":"project.opened"}}
{"recorder_version":"21","session":"e250befe17be","build":"192.6262.58","bucket":"189","time":1574780910105,"group":{"id":"settings","version":"4"},"event":{"state":true,"data":{"component":"XmlEditorOptions","created":1574780910105},"id":"invoked"}}
{"recorder_version":"21","session":"e250befe17be","build":"192.6262.58","bucket":"189","time":1574780910270,"group":{"id":"toolwindow","version":"21"},"event":{"count":1,"data":{"os":"Mac","created":1574780910270,"plugin_type":"PLATFORM"},"id":"Project"}}
{"recorder_version":"21","session":"e250befe17be","build":"192.6262.58","bucket":"189","time":1574780912382,"group":{"id":"kotlin.jps.target","version":"1"},"event":{"count":1,"data":{"plugin_version":"1.3.41-release-IJ2019.2-1","created":1574780912383},"id":"jvm"}}
{"recorder_version":"21","session":"e250befe17be","build":"192.6262.58","bucket":"189","time":1574780912407,"group":{"id":"project.fs","version":"1"},"event":{"state":true,"data":{"os":"Mac","cs-project":false,"created":1574780912407,"project":"92ddc83aceaa9edad1485397ccc1680a8fd16623aa2c155379eac4aafdb2a559","cs-implicit":true,"cs-system":false},"id":"case-sensitivity"}}
{"recorder_version":"21","session":"e250befe17be","build":"192.6262.58","bucket":"189","time":1574780912407,"group":{"id":"project.fs","version":"1"},"event":{"state":true,"data":{"created":1574780912407},"id":"invoked"}}
{"recorder_version":"21","session":"e250befe17be","build":"192.6262.58","bucket":"189","time":1574780912408,"group":{"id":"project.fs","version":"1"},"event":{"state":true,"data":{"pct-non-watched":0,"created":1574780912408,"project":"92ddc83aceaa9edad1485397ccc1680a8fd16623aa2c155379eac4aafdb2a559"},"id":"roots-watched"}}
{"recorder_version":"21","session":"e250befe17be","build":"192.6262.58","bucket":"189","time":1574780912408,"group":{"id":"project.fs","version":"1"},"event":{"state":true,"data":{"created":1574780912408},"id":"invoked"}}
{"recorder_version":"21","session":"e250befe17be","build":"192.6262.58","bucket":"189","time":1574780912499,"group":{"id":"ui.dialogs","version":"21"},"event":{"count":1,"data":{"code":1,"created":1574780912499,"plugin_type":"PLATFORM","type":"close"},"id":"com.intellij.openapi.progress.util.ProgressDialog$MyDialogWrapper"}}
{"recorder_version":"21","session":"e250befe17be","build":"192.6262.58","bucket":"189","time":1574780912632,"group":{"id":"lifecycle","version":"21"},"event":{"count":1,"data":{"duration_ms":5446,"created":1574780912632,"project":"92ddc83aceaa9edad1485397ccc1680a8fd16623aa2c155379eac4aafdb2a559"},"id":"project.opening.finished"}}
{"recorder_version":"21","session":"e250befe17be","build":"192.6262.58","bucket":"189","time":1574780915518,"group":{"id":"file.types.usage","version":"21"},"event":{"count":1,"data":{"created":1574780915519,"plugin_type":"PLATFORM","project":"92ddc83aceaa9edad1485397ccc1680a8fd16623aa2c155379eac4aafdb2a559","type":"edit"},"id":"IDEA_MODULE"}}
{"recorder_version":"21","session":"e250befe17be","build":"192.6262.58","bucket":"189","time":1574780916393,"group":{"id":"actions","version":"21"},"event":{"count":2,"data":{"context_menu":false,"last":1574780916611,"current_file":"TEXT","created":1574780916394,"plugin_type":"PLATFORM","project":"92ddc83aceaa9edad1485397ccc1680a8fd16623aa2c155379eac4aafdb2a559","place":"keyboard_shortcut","class":"com.intellij.openapi.editor.actions.BackspaceAction","input_event":"Backspace"},"id":"EditorBackSpace"}}
{"recorder_version":"21","session":"e250befe17be","build":"192.6262.58","bucket":"189","time":1574780917536,"group":{"id":"actions","version":"21"},"event":{"count":19,"data":{"context_menu":false,"last":1574780925205,"current_file":"TEXT","created":1574780917536,"plugin_type":"PLATFORM","project":"92ddc83aceaa9edad1485397ccc1680a8fd16623aa2c155379eac4aafdb2a559","place":"keyboard_shortcut","class":"com.intellij.openapi.editor.actions.EnterAction","input_event":"Enter"},"id":"EditorEnter"}}
{"recorder_version":"21","session":"e250befe17be","build":"192.6262.58","bucket":"189","time":1574780927460,"group":{"id":"actions","version":"21"},"event":{"count":2,"data":{"context_menu":false,"last":1574780927724,"current_file":"TEXT","created":1574780927461,"plugin_type":"PLATFORM","project":"92ddc83aceaa9edad1485397ccc1680a8fd16623aa2c155379eac4aafdb2a559","place":"keyboard_shortcut","class":"com.intellij.openapi.editor.actions.BackspaceAction","input_event":"Backspace"},"id":"EditorBackSpace"}}
{"recorder_version":"21","session":"e250befe17be","build":"192.6262.58","bucket":"189","time":1574780935713,"group":{"id":"lifecycle","version":"21"},"event":{"count":1,"data":{"created":1574780935713,"project":"92ddc83aceaa9edad1485397ccc1680a8fd16623aa2c155379eac4aafdb2a559"},"id":"frame.deactivated"}}
{"recorder_version":"21","session":"e250befe17be","build":"192.6262.58","bucket":"189","time":1574780949891,"group":{"id":"lifecycle","version":"21"},"event":{"count":1,"data":{"created":1574780949891,"project":"92ddc83aceaa9edad1485397ccc1680a8fd16623aa2c155379eac4aafdb2a559"},"id":"frame.activated"}}
{"recorder_version":"21","session":"e250befe17be","build":"192.6262.58","bucket":"189","time":1574780951097,"group":{"id":"lifecycle","version":"21"},"event":{"count":1,"data":{"restart":false,"created":1574780951097},"id":"ide.close"}}
{"recorder_version":"21","session":"e250befe17be","build":"192.6262.58","bucket":"189","time":1574780951172,"group":{"id":"lifecycle","version":"21"},"event":{"count":1,"data":{"created":1574780951172,"project":"92ddc83aceaa9edad1485397ccc1680a8fd16623aa2c155379eac4aafdb2a559"},"id":"project.closed"}}
