{"recorder_version":"21","session":"7d35dc263da6","build":"192.6262.58","bucket":"189","time":1574816326164,"group":{"id":"settings","version":"4"},"event":{"state":true,"data":{"component":"NotRoamableUiSettings","created":1574816326346},"id":"invoked"}}
{"recorder_version":"21","session":"7d35dc263da6","build":"192.6262.58","bucket":"189","time":1574816326166,"group":{"id":"system.java","version":"1"},"event":{"state":true,"data":{"created":1574816326348,"version":"1.11"},"id":"JetBrains"}}
{"recorder_version":"21","session":"7d35dc263da6","build":"192.6262.58","bucket":"189","time":1574816326167,"group":{"id":"system.java","version":"1"},"event":{"state":true,"data":{"created":1574816326365},"id":"invoked"}}
{"recorder_version":"21","session":"7d35dc263da6","build":"192.6262.58","bucket":"189","time":1574816326167,"group":{"id":"settings","version":"4"},"event":{"state":true,"data":{"component":"UISettings","created":1574816326366},"id":"invoked"}}
{"recorder_version":"21","session":"7d35dc263da6","build":"192.6262.58","bucket":"189","time":1574816326189,"group":{"id":"system.os","version":"3"},"event":{"state":true,"data":{"created":1574816326366,"version":"10.14"},"id":"Mac"}}
{"recorder_version":"21","session":"7d35dc263da6","build":"192.6262.58","bucket":"189","time":1574816326189,"group":{"id":"system.os","version":"3"},"event":{"state":true,"data":{"created":1574816326367,"name":"Mac","version":"10.14"},"id":"os.name"}}
{"recorder_version":"21","session":"7d35dc263da6","build":"192.6262.58","bucket":"189","time":1574816326189,"group":{"id":"system.os","version":"3"},"event":{"state":true,"data":{"created":1574816326368,"value":"+09_00"},"id":"os.timezone"}}
{"recorder_version":"21","session":"7d35dc263da6","build":"192.6262.58","bucket":"189","time":1574816326189,"group":{"id":"system.os","version":"3"},"event":{"state":true,"data":{"created":1574816326368},"id":"invoked"}}
{"recorder_version":"21","session":"7d35dc263da6","build":"192.6262.58","bucket":"189","time":1574816326346,"group":{"id":"event.log","version":"21"},"event":{"count":1,"data":{"created":1574816326369,"version":"930.0"},"id":"whitelist.loaded"}}
{"recorder_version":"21","session":"7d35dc263da6","build":"192.6262.58","bucket":"189","time":1574816328593,"group":{"id":"settings","version":"4"},"event":{"state":true,"data":{"component":"UpdatesConfigurable","created":1574816328594,"name":"checkNeeded","type":"bool","value":false},"id":"not.default"}}
{"recorder_version":"21","session":"7d35dc263da6","build":"192.6262.58","bucket":"189","time":1574816328593,"group":{"id":"settings","version":"4"},"event":{"state":true,"data":{"component":"UpdatesConfigurable","created":1574816328594},"id":"invoked"}}
{"recorder_version":"21","session":"7d35dc263da6","build":"192.6262.58","bucket":"189","time":1574816328702,"group":{"id":"settings","version":"4"},"event":{"state":true,"data":{"component":"GeneralSettings","created":1574816328702,"name":"confirmExit","type":"bool","value":false},"id":"not.default"}}
{"recorder_version":"21","session":"7d35dc263da6","build":"192.6262.58","bucket":"189","time":1574816328702,"group":{"id":"settings","version":"4"},"event":{"state":true,"data":{"component":"GeneralSettings","created":1574816328703,"name":"showTipsOnStartup","type":"bool","value":false},"id":"not.default"}}
{"recorder_version":"21","session":"7d35dc263da6","build":"192.6262.58","bucket":"189","time":1574816328702,"group":{"id":"settings","version":"4"},"event":{"state":true,"data":{"component":"GeneralSettings","created":1574816328704},"id":"invoked"}}
{"recorder_version":"21","session":"7d35dc263da6","build":"192.6262.58","bucket":"189","time":1574816328709,"group":{"id":"lifecycle","version":"21"},"event":{"count":1,"data":{"internal":true,"eap":false,"created":1574816328710},"id":"ide.start"}}
{"recorder_version":"21","session":"7d35dc263da6","build":"192.6262.58","bucket":"189","time":1574816328966,"group":{"id":"lifecycle","version":"21"},"event":{"count":1,"data":{"created":1574816328966},"id":"frame.activated"}}
{"recorder_version":"21","session":"7d35dc263da6","build":"192.6262.58","bucket":"189","time":1574816329280,"group":{"id":"performance","version":"21"},"event":{"count":1,"data":{"duration_ms":1,"created":1574816329280},"id":"ui.latency"}}
{"recorder_version":"21","session":"7d35dc263da6","build":"192.6262.58","bucket":"189","time":1574816329426,"group":{"id":"ui.dialogs","version":"21"},"event":{"count":1,"data":{"created":1574816329426,"plugin_type":"PLATFORM","type":"show"},"id":"com.intellij.openapi.progress.util.ProgressDialog$MyDialogWrapper"}}
{"recorder_version":"21","session":"7d35dc263da6","build":"192.6262.58","bucket":"189","time":1574816330406,"group":{"id":"lifecycle","version":"21"},"event":{"count":1,"data":{"created":1574816330407,"project":"92ddc83aceaa9edad1485397ccc1680a8fd16623aa2c155379eac4aafdb2a559"},"id":"project.opened"}}
{"recorder_version":"21","session":"7d35dc263da6","build":"192.6262.58","bucket":"189","time":1574816331939,"group":{"id":"settings","version":"4"},"event":{"state":true,"data":{"component":"XmlEditorOptions","created":1574816331939},"id":"invoked"}}
{"recorder_version":"21","session":"7d35dc263da6","build":"192.6262.58","bucket":"189","time":1574816332233,"group":{"id":"toolwindow","version":"21"},"event":{"count":1,"data":{"os":"Mac","created":1574816332233,"plugin_type":"PLATFORM"},"id":"Project"}}
{"recorder_version":"21","session":"7d35dc263da6","build":"192.6262.58","bucket":"189","time":1574816332566,"group":{"id":"performance","version":"21"},"event":{"count":1,"data":{"duration_ms":277,"created":1574816332566},"id":"ui.lagging"}}
{"recorder_version":"21","session":"7d35dc263da6","build":"192.6262.58","bucket":"189","time":1574816334206,"group":{"id":"kotlin.jps.target","version":"1"},"event":{"count":1,"data":{"plugin_version":"validation.undefined_rule","created":1574816334206},"id":"validation.undefined_rule"}}
{"recorder_version":"21","session":"7d35dc263da6","build":"192.6262.58","bucket":"189","time":1574816334248,"group":{"id":"project.fs","version":"1"},"event":{"state":true,"data":{"os":"Mac","cs-project":false,"created":1574816334248,"project":"92ddc83aceaa9edad1485397ccc1680a8fd16623aa2c155379eac4aafdb2a559","cs-implicit":true,"cs-system":false},"id":"case-sensitivity"}}
{"recorder_version":"21","session":"7d35dc263da6","build":"192.6262.58","bucket":"189","time":1574816334248,"group":{"id":"project.fs","version":"1"},"event":{"state":true,"data":{"created":1574816334248},"id":"invoked"}}
{"recorder_version":"21","session":"7d35dc263da6","build":"192.6262.58","bucket":"189","time":1574816334248,"group":{"id":"project.fs","version":"1"},"event":{"state":true,"data":{"pct-non-watched":0,"created":1574816334248,"project":"92ddc83aceaa9edad1485397ccc1680a8fd16623aa2c155379eac4aafdb2a559"},"id":"roots-watched"}}
{"recorder_version":"21","session":"7d35dc263da6","build":"192.6262.58","bucket":"189","time":1574816334248,"group":{"id":"project.fs","version":"1"},"event":{"state":true,"data":{"created":1574816334249},"id":"invoked"}}
{"recorder_version":"21","session":"7d35dc263da6","build":"192.6262.58","bucket":"189","time":1574816334315,"group":{"id":"ui.dialogs","version":"21"},"event":{"count":1,"data":{"code":1,"created":1574816334315,"plugin_type":"PLATFORM","type":"close"},"id":"com.intellij.openapi.progress.util.ProgressDialog$MyDialogWrapper"}}
{"recorder_version":"21","session":"7d35dc263da6","build":"192.6262.58","bucket":"189","time":1574816334453,"group":{"id":"lifecycle","version":"21"},"event":{"count":1,"data":{"duration_ms":5278,"created":1574816334453,"project":"92ddc83aceaa9edad1485397ccc1680a8fd16623aa2c155379eac4aafdb2a559"},"id":"project.opening.finished"}}
{"recorder_version":"21","session":"7d35dc263da6","build":"192.6262.58","bucket":"189","time":1574816335847,"group":{"id":"productivity","version":"21"},"event":{"count":1,"data":{"created":1574816335847,"plugin_type":"PLATFORM"},"id":"editing.select.word"}}
{"recorder_version":"21","session":"7d35dc263da6","build":"192.6262.58","bucket":"189","time":1574816335978,"group":{"id":"actions","version":"21"},"event":{"count":1,"data":{"context_menu":false,"current_file":"TEXT","created":1574816335978,"plugin_type":"PLATFORM","project":"92ddc83aceaa9edad1485397ccc1680a8fd16623aa2c155379eac4aafdb2a559","place":"keyboard_shortcut","class":"com.intellij.openapi.editor.actions.EscapeAction","input_event":"Escape"},"id":"EditorEscape"}}
{"recorder_version":"21","session":"7d35dc263da6","build":"192.6262.58","bucket":"189","time":1574816337183,"group":{"id":"file.types.usage","version":"21"},"event":{"count":1,"data":{"created":1574816337183,"plugin_type":"PLATFORM","project":"92ddc83aceaa9edad1485397ccc1680a8fd16623aa2c155379eac4aafdb2a559","type":"edit"},"id":"IDEA_MODULE"}}
{"recorder_version":"21","session":"7d35dc263da6","build":"192.6262.58","bucket":"189","time":1574816345999,"group":{"id":"lifecycle","version":"21"},"event":{"count":1,"data":{"created":1574816346000,"project":"92ddc83aceaa9edad1485397ccc1680a8fd16623aa2c155379eac4aafdb2a559"},"id":"frame.deactivated"}}
{"recorder_version":"21","session":"7d35dc263da6","build":"192.6262.58","bucket":"189","time":1574816350746,"group":{"id":"lifecycle","version":"21"},"event":{"count":1,"data":{"created":1574816350746,"project":"92ddc83aceaa9edad1485397ccc1680a8fd16623aa2c155379eac4aafdb2a559"},"id":"frame.activated"}}
{"recorder_version":"21","session":"7d35dc263da6","build":"192.6262.58","bucket":"189","time":1574816351119,"group":{"id":"lifecycle","version":"21"},"event":{"count":1,"data":{"restart":false,"created":1574816351119},"id":"ide.close"}}
{"recorder_version":"21","session":"7d35dc263da6","build":"192.6262.58","bucket":"189","time":1574816351222,"group":{"id":"lifecycle","version":"21"},"event":{"count":1,"data":{"created":1574816351222,"project":"92ddc83aceaa9edad1485397ccc1680a8fd16623aa2c155379eac4aafdb2a559"},"id":"project.closed"}}
