{"recorder_version":"21","session":"44c31d87c469","build":"192.6262.58","bucket":"189","time":1574432898536,"group":{"id":"settings","version":"4"},"event":{"state":true,"data":{"component":"NotRoamableUiSettings","created":1574432898681},"id":"invoked"}}
{"recorder_version":"21","session":"44c31d87c469","build":"192.6262.58","bucket":"189","time":1574432898538,"group":{"id":"settings","version":"4"},"event":{"state":true,"data":{"component":"UISettings","created":1574432898682},"id":"invoked"}}
{"recorder_version":"21","session":"44c31d87c469","build":"192.6262.58","bucket":"189","time":1574432898538,"group":{"id":"system.java","version":"1"},"event":{"state":true,"data":{"created":1574432898699,"version":"1.11"},"id":"JetBrains"}}
{"recorder_version":"21","session":"44c31d87c469","build":"192.6262.58","bucket":"189","time":1574432898538,"group":{"id":"system.java","version":"1"},"event":{"state":true,"data":{"created":1574432898699},"id":"invoked"}}
{"recorder_version":"21","session":"44c31d87c469","build":"192.6262.58","bucket":"189","time":1574432898560,"group":{"id":"system.os","version":"3"},"event":{"state":true,"data":{"created":1574432898700,"version":"10.14"},"id":"Mac"}}
{"recorder_version":"21","session":"44c31d87c469","build":"192.6262.58","bucket":"189","time":1574432898560,"group":{"id":"system.os","version":"3"},"event":{"state":true,"data":{"created":1574432898701,"name":"Mac","version":"10.14"},"id":"os.name"}}
{"recorder_version":"21","session":"44c31d87c469","build":"192.6262.58","bucket":"189","time":1574432898560,"group":{"id":"system.os","version":"3"},"event":{"state":true,"data":{"created":1574432898702,"value":"+09_00"},"id":"os.timezone"}}
{"recorder_version":"21","session":"44c31d87c469","build":"192.6262.58","bucket":"189","time":1574432898560,"group":{"id":"system.os","version":"3"},"event":{"state":true,"data":{"created":1574432898703},"id":"invoked"}}
{"recorder_version":"21","session":"44c31d87c469","build":"192.6262.58","bucket":"189","time":1574432898681,"group":{"id":"event.log","version":"21"},"event":{"count":1,"data":{"created":1574432898704,"version":"916.0"},"id":"whitelist.loaded"}}
{"recorder_version":"21","session":"44c31d87c469","build":"192.6262.58","bucket":"189","time":1574432900903,"group":{"id":"settings","version":"4"},"event":{"state":true,"data":{"component":"UpdatesConfigurable","created":1574432900903,"name":"checkNeeded","type":"bool","value":false},"id":"not.default"}}
{"recorder_version":"21","session":"44c31d87c469","build":"192.6262.58","bucket":"189","time":1574432900903,"group":{"id":"settings","version":"4"},"event":{"state":true,"data":{"component":"UpdatesConfigurable","created":1574432900904},"id":"invoked"}}
{"recorder_version":"21","session":"44c31d87c469","build":"192.6262.58","bucket":"189","time":1574432901477,"group":{"id":"lifecycle","version":"21"},"event":{"count":1,"data":{"internal":true,"eap":false,"created":1574432901478},"id":"ide.start"}}
{"recorder_version":"21","session":"44c31d87c469","build":"192.6262.58","bucket":"189","time":1574432901482,"group":{"id":"settings","version":"4"},"event":{"state":true,"data":{"component":"GeneralSettings","created":1574432901482,"name":"confirmExit","type":"bool","value":false},"id":"not.default"}}
{"recorder_version":"21","session":"44c31d87c469","build":"192.6262.58","bucket":"189","time":1574432901482,"group":{"id":"settings","version":"4"},"event":{"state":true,"data":{"component":"GeneralSettings","created":1574432901483,"name":"showTipsOnStartup","type":"bool","value":false},"id":"not.default"}}
{"recorder_version":"21","session":"44c31d87c469","build":"192.6262.58","bucket":"189","time":1574432901482,"group":{"id":"settings","version":"4"},"event":{"state":true,"data":{"component":"GeneralSettings","created":1574432901486},"id":"invoked"}}
{"recorder_version":"21","session":"44c31d87c469","build":"192.6262.58","bucket":"189","time":1574432901617,"group":{"id":"performance","version":"21"},"event":{"count":1,"data":{"duration_ms":43,"created":1574432901617},"id":"ui.latency"}}
{"recorder_version":"21","session":"44c31d87c469","build":"192.6262.58","bucket":"189","time":1574432902167,"group":{"id":"settings","version":"4"},"event":{"state":true,"data":{"component":"XmlEditorOptions","created":1574432902167},"id":"invoked"}}
{"recorder_version":"21","session":"44c31d87c469","build":"192.6262.58","bucket":"189","time":1574432903325,"group":{"id":"ui.dialogs","version":"21"},"event":{"count":1,"data":{"created":1574432903325,"plugin_type":"PLATFORM","type":"show"},"id":"com.intellij.openapi.progress.util.ProgressDialog$MyDialogWrapper"}}
{"recorder_version":"21","session":"44c31d87c469","build":"192.6262.58","bucket":"189","time":1574432904194,"group":{"id":"lifecycle","version":"21"},"event":{"count":1,"data":{"created":1574432904194,"project":"a0f12fb42952fc36a102045bdbb22ad1f15aa9443e9c675024683f4da70c8bc4"},"id":"project.opened"}}
{"recorder_version":"21","session":"44c31d87c469","build":"192.6262.58","bucket":"189","time":1574432904775,"group":{"id":"performance","version":"21"},"event":{"count":1,"data":{"duration_ms":196,"created":1574432904775},"id":"ui.lagging"}}
{"recorder_version":"21","session":"44c31d87c469","build":"192.6262.58","bucket":"189","time":1574432905822,"group":{"id":"performance","version":"21"},"event":{"count":1,"data":{"duration_ms":244,"created":1574432905823},"id":"ui.lagging"}}
{"recorder_version":"21","session":"44c31d87c469","build":"192.6262.58","bucket":"189","time":1574432905913,"group":{"id":"toolwindow","version":"21"},"event":{"count":1,"data":{"os":"Mac","created":1574432905913,"plugin_type":"PLATFORM"},"id":"Project"}}
{"recorder_version":"21","session":"44c31d87c469","build":"192.6262.58","bucket":"189","time":1574432907691,"group":{"id":"project.fs","version":"1"},"event":{"state":true,"data":{"os":"Mac","cs-project":false,"created":1574432907692,"project":"a0f12fb42952fc36a102045bdbb22ad1f15aa9443e9c675024683f4da70c8bc4","cs-implicit":true,"cs-system":false},"id":"case-sensitivity"}}
{"recorder_version":"21","session":"44c31d87c469","build":"192.6262.58","bucket":"189","time":1574432907691,"group":{"id":"project.fs","version":"1"},"event":{"state":true,"data":{"created":1574432907692},"id":"invoked"}}
{"recorder_version":"21","session":"44c31d87c469","build":"192.6262.58","bucket":"189","time":1574432907694,"group":{"id":"project.fs","version":"1"},"event":{"state":true,"data":{"pct-non-watched":0,"created":1574432907694,"project":"a0f12fb42952fc36a102045bdbb22ad1f15aa9443e9c675024683f4da70c8bc4"},"id":"roots-watched"}}
{"recorder_version":"21","session":"44c31d87c469","build":"192.6262.58","bucket":"189","time":1574432907694,"group":{"id":"project.fs","version":"1"},"event":{"state":true,"data":{"created":1574432907695},"id":"invoked"}}
{"recorder_version":"21","session":"44c31d87c469","build":"192.6262.58","bucket":"189","time":1574432907787,"group":{"id":"ui.dialogs","version":"21"},"event":{"count":1,"data":{"code":1,"created":1574432907787,"plugin_type":"PLATFORM","type":"close"},"id":"com.intellij.openapi.progress.util.ProgressDialog$MyDialogWrapper"}}
{"recorder_version":"21","session":"44c31d87c469","build":"192.6262.58","bucket":"189","time":1574432907944,"group":{"id":"lifecycle","version":"21"},"event":{"count":1,"data":{"duration_ms":4905,"created":1574432907944,"project":"a0f12fb42952fc36a102045bdbb22ad1f15aa9443e9c675024683f4da70c8bc4"},"id":"project.opening.finished"}}
{"recorder_version":"21","session":"44c31d87c469","build":"192.6262.58","bucket":"189","time":1574432909179,"group":{"id":"file.types.usage","version":"21"},"event":{"count":1,"data":{"plugin":"com.intellij.java","created":1574432909180,"plugin_type":"JB_BUNDLED","project":"a0f12fb42952fc36a102045bdbb22ad1f15aa9443e9c675024683f4da70c8bc4","type":"edit"},"id":"JAVA"}}
{"recorder_version":"21","session":"44c31d87c469","build":"192.6262.58","bucket":"189","time":1574432909431,"group":{"id":"kotlin.jps.target","version":"1"},"event":{"count":1,"data":{"plugin_version":"1.3.41-release-IJ2019.2-1","created":1574432909431},"id":"jvm"}}
{"recorder_version":"21","session":"44c31d87c469","build":"192.6262.58","bucket":"189","time":1574432932237,"group":{"id":"ui.dialogs","version":"21"},"event":{"count":1,"data":{"created":1574432932238,"plugin_type":"PLATFORM","type":"show"},"id":"com.intellij.openapi.progress.util.ProgressDialog$MyDialogWrapper"}}
{"recorder_version":"21","session":"44c31d87c469","build":"192.6262.58","bucket":"189","time":1574432932352,"group":{"id":"lifecycle","version":"21"},"event":{"count":1,"data":{"created":1574432932352,"project":"a0f12fb42952fc36a102045bdbb22ad1f15aa9443e9c675024683f4da70c8bc4"},"id":"project.closed"}}
{"recorder_version":"21","session":"44c31d87c469","build":"192.6262.58","bucket":"189","time":1574432932431,"group":{"id":"ui.dialogs","version":"21"},"event":{"count":1,"data":{"code":1,"created":1574432932431,"plugin_type":"PLATFORM","type":"close"},"id":"com.intellij.openapi.progress.util.ProgressDialog$MyDialogWrapper"}}
{"recorder_version":"21","session":"44c31d87c469","build":"192.6262.58","bucket":"189","time":1574432934357,"group":{"id":"lifecycle","version":"21"},"event":{"count":1,"data":{"restart":false,"created":1574432934357},"id":"ide.close"}}
