{"recorder_version":"21","session":"e1065c4b8547","build":"192.6262.58","bucket":"189","time":1575129141059,"group":{"id":"settings","version":"4"},"event":{"state":true,"data":{"component":"NotRoamableUiSettings","created":1575129141194},"id":"invoked"}}
{"recorder_version":"21","session":"e1065c4b8547","build":"192.6262.58","bucket":"189","time":1575129141061,"group":{"id":"system.java","version":"1"},"event":{"state":true,"data":{"created":1575129141196,"version":"1.11"},"id":"JetBrains"}}
{"recorder_version":"21","session":"e1065c4b8547","build":"192.6262.58","bucket":"189","time":1575129141061,"group":{"id":"system.java","version":"1"},"event":{"state":true,"data":{"created":1575129141202},"id":"invoked"}}
{"recorder_version":"21","session":"e1065c4b8547","build":"192.6262.58","bucket":"189","time":1575129141062,"group":{"id":"settings","version":"4"},"event":{"state":true,"data":{"component":"UISettings","created":1575129141203},"id":"invoked"}}
{"recorder_version":"21","session":"e1065c4b8547","build":"192.6262.58","bucket":"189","time":1575129141084,"group":{"id":"system.os","version":"3"},"event":{"state":true,"data":{"created":1575129141204,"version":"10.14"},"id":"Mac"}}
{"recorder_version":"21","session":"e1065c4b8547","build":"192.6262.58","bucket":"189","time":1575129141084,"group":{"id":"system.os","version":"3"},"event":{"state":true,"data":{"created":1575129141204,"name":"Mac","version":"10.14"},"id":"os.name"}}
{"recorder_version":"21","session":"e1065c4b8547","build":"192.6262.58","bucket":"189","time":1575129141084,"group":{"id":"system.os","version":"3"},"event":{"state":true,"data":{"created":1575129141205,"value":"+09_00"},"id":"os.timezone"}}
{"recorder_version":"21","session":"e1065c4b8547","build":"192.6262.58","bucket":"189","time":1575129141084,"group":{"id":"system.os","version":"3"},"event":{"state":true,"data":{"created":1575129141205},"id":"invoked"}}
{"recorder_version":"21","session":"e1065c4b8547","build":"192.6262.58","bucket":"189","time":1575129141194,"group":{"id":"event.log","version":"21"},"event":{"count":1,"data":{"created":1575129141206,"version":"942.0"},"id":"whitelist.loaded"}}
{"recorder_version":"21","session":"e1065c4b8547","build":"192.6262.58","bucket":"189","time":1575129143329,"group":{"id":"settings","version":"4"},"event":{"state":true,"data":{"component":"UpdatesConfigurable","created":1575129143329,"name":"checkNeeded","type":"bool","value":false},"id":"not.default"}}
{"recorder_version":"21","session":"e1065c4b8547","build":"192.6262.58","bucket":"189","time":1575129143329,"group":{"id":"settings","version":"4"},"event":{"state":true,"data":{"component":"UpdatesConfigurable","created":1575129143330},"id":"invoked"}}
{"recorder_version":"21","session":"e1065c4b8547","build":"192.6262.58","bucket":"189","time":1575129143824,"group":{"id":"lifecycle","version":"21"},"event":{"count":1,"data":{"internal":true,"eap":false,"created":1575129143824},"id":"ide.start"}}
{"recorder_version":"21","session":"e1065c4b8547","build":"192.6262.58","bucket":"189","time":1575129143826,"group":{"id":"settings","version":"4"},"event":{"state":true,"data":{"component":"GeneralSettings","created":1575129143826,"name":"confirmExit","type":"bool","value":false},"id":"not.default"}}
{"recorder_version":"21","session":"e1065c4b8547","build":"192.6262.58","bucket":"189","time":1575129143826,"group":{"id":"settings","version":"4"},"event":{"state":true,"data":{"component":"GeneralSettings","created":1575129143827,"name":"showTipsOnStartup","type":"bool","value":false},"id":"not.default"}}
{"recorder_version":"21","session":"e1065c4b8547","build":"192.6262.58","bucket":"189","time":1575129143826,"group":{"id":"settings","version":"4"},"event":{"state":true,"data":{"component":"GeneralSettings","created":1575129143827},"id":"invoked"}}
{"recorder_version":"21","session":"e1065c4b8547","build":"192.6262.58","bucket":"189","time":1575129143941,"group":{"id":"performance","version":"21"},"event":{"count":1,"data":{"duration_ms":27,"created":1575129143941},"id":"ui.latency"}}
{"recorder_version":"21","session":"e1065c4b8547","build":"192.6262.58","bucket":"189","time":1575129144371,"group":{"id":"settings","version":"4"},"event":{"state":true,"data":{"component":"XmlEditorOptions","created":1575129144371},"id":"invoked"}}
{"recorder_version":"21","session":"e1065c4b8547","build":"192.6262.58","bucket":"189","time":1575129153929,"group":{"id":"ui.dialogs","version":"21"},"event":{"count":1,"data":{"created":1575129153931,"plugin_type":"PLATFORM","type":"show"},"id":"com.intellij.openapi.progress.util.ProgressDialog$MyDialogWrapper"}}
{"recorder_version":"21","session":"e1065c4b8547","build":"192.6262.58","bucket":"189","time":1575129154738,"group":{"id":"lifecycle","version":"21"},"event":{"count":1,"data":{"created":1575129154738,"project":"4452600da3b350ab41d92ae108c2baae6ff0ac3ddb31bd67020ee046ec77ac09"},"id":"project.opened"}}
{"recorder_version":"21","session":"e1065c4b8547","build":"192.6262.58","bucket":"189","time":1575129155231,"group":{"id":"performance","version":"21"},"event":{"count":1,"data":{"duration_ms":283,"created":1575129155231},"id":"ui.lagging"}}
{"recorder_version":"21","session":"e1065c4b8547","build":"192.6262.58","bucket":"189","time":1575129156155,"group":{"id":"performance","version":"21"},"event":{"count":1,"data":{"duration_ms":208,"created":1575129156155},"id":"ui.lagging"}}
{"recorder_version":"21","session":"e1065c4b8547","build":"192.6262.58","bucket":"189","time":1575129156461,"group":{"id":"toolwindow","version":"21"},"event":{"count":1,"data":{"os":"Mac","created":1575129156469,"plugin_type":"NOT_LISTED"},"id":"third.party"}}
{"recorder_version":"21","session":"e1065c4b8547","build":"192.6262.58","bucket":"189","time":1575129157198,"group":{"id":"performance","version":"21"},"event":{"count":1,"data":{"duration_ms":249,"created":1575129157198},"id":"ui.lagging"}}
{"recorder_version":"21","session":"e1065c4b8547","build":"192.6262.58","bucket":"189","time":1575129158350,"group":{"id":"project.fs","version":"1"},"event":{"state":true,"data":{"os":"Mac","cs-project":false,"created":1575129158350,"project":"4452600da3b350ab41d92ae108c2baae6ff0ac3ddb31bd67020ee046ec77ac09","cs-implicit":true,"cs-system":false},"id":"case-sensitivity"}}
{"recorder_version":"21","session":"e1065c4b8547","build":"192.6262.58","bucket":"189","time":1575129158350,"group":{"id":"project.fs","version":"1"},"event":{"state":true,"data":{"created":1575129158350},"id":"invoked"}}
{"recorder_version":"21","session":"e1065c4b8547","build":"192.6262.58","bucket":"189","time":1575129158351,"group":{"id":"project.fs","version":"1"},"event":{"state":true,"data":{"pct-non-watched":0,"created":1575129158351,"project":"4452600da3b350ab41d92ae108c2baae6ff0ac3ddb31bd67020ee046ec77ac09"},"id":"roots-watched"}}
{"recorder_version":"21","session":"e1065c4b8547","build":"192.6262.58","bucket":"189","time":1575129158351,"group":{"id":"project.fs","version":"1"},"event":{"state":true,"data":{"created":1575129158351},"id":"invoked"}}
{"recorder_version":"21","session":"e1065c4b8547","build":"192.6262.58","bucket":"189","time":1575129158464,"group":{"id":"ui.dialogs","version":"21"},"event":{"count":1,"data":{"code":1,"created":1575129158464,"plugin_type":"PLATFORM","type":"close"},"id":"com.intellij.openapi.progress.util.ProgressDialog$MyDialogWrapper"}}
{"recorder_version":"21","session":"e1065c4b8547","build":"192.6262.58","bucket":"189","time":1575129158748,"group":{"id":"lifecycle","version":"21"},"event":{"count":1,"data":{"duration_ms":5102,"created":1575129158748,"project":"4452600da3b350ab41d92ae108c2baae6ff0ac3ddb31bd67020ee046ec77ac09"},"id":"project.opening.finished"}}
{"recorder_version":"21","session":"e1065c4b8547","build":"192.6262.58","bucket":"189","time":1575129160552,"group":{"id":"file.types.usage","version":"21"},"event":{"count":1,"data":{"plugin":"com.intellij.java","created":1575129160552,"plugin_type":"JB_BUNDLED","project":"4452600da3b350ab41d92ae108c2baae6ff0ac3ddb31bd67020ee046ec77ac09","type":"edit"},"id":"JAVA"}}
{"recorder_version":"21","session":"e1065c4b8547","build":"192.6262.58","bucket":"189","time":1575129161528,"group":{"id":"kotlin.jps.target","version":"1"},"event":{"count":2,"data":{"plugin_version":"validation.undefined_rule","last":1575129161544,"created":1575129161528},"id":"validation.undefined_rule"}}
{"recorder_version":"21","session":"e1065c4b8547","build":"192.6262.58","bucket":"189","time":1575129162619,"group":{"id":"vcs.change.reminder","version":"1"},"event":{"count":1,"data":{"created":1575129162619,"project":"4452600da3b350ab41d92ae108c2baae6ff0ac3ddb31bd67020ee046ec77ac09","execution_time":407},"id":"prediction.calculated"}}
{"recorder_version":"21","session":"e1065c4b8547","build":"192.6262.58","bucket":"189","time":1575129163132,"group":{"id":"performance","version":"21"},"event":{"count":1,"data":{"duration_ms":178,"created":1575129163132},"id":"ui.lagging"}}
{"recorder_version":"21","session":"e1065c4b8547","build":"192.6262.58","bucket":"189","time":1575129163410,"group":{"id":"file.types.usage","version":"21"},"event":{"count":1,"data":{"plugin":"com.intellij.java","created":1575129163411,"plugin_type":"JB_BUNDLED","project":"4452600da3b350ab41d92ae108c2baae6ff0ac3ddb31bd67020ee046ec77ac09","type":"open"},"id":"JAVA"}}
{"recorder_version":"21","session":"e1065c4b8547","build":"192.6262.58","bucket":"189","time":1575129164154,"group":{"id":"performance","version":"21"},"event":{"count":1,"data":{"duration_ms":192,"created":1575129164155},"id":"ui.lagging"}}
{"recorder_version":"21","session":"e1065c4b8547","build":"192.6262.58","bucket":"189","time":1575129167209,"group":{"id":"performance","version":"21"},"event":{"count":1,"data":{"duration_ms":245,"created":1575129167209},"id":"ui.lagging"}}
{"recorder_version":"21","session":"e1065c4b8547","build":"192.6262.58","bucket":"189","time":1575129171905,"group":{"id":"file.types.usage","version":"21"},"event":{"count":1,"data":{"plugin":"com.intellij.java","created":1575129171905,"plugin_type":"JB_BUNDLED","project":"4452600da3b350ab41d92ae108c2baae6ff0ac3ddb31bd67020ee046ec77ac09","type":"edit"},"id":"JAVA"}}
{"recorder_version":"21","session":"e1065c4b8547","build":"192.6262.58","bucket":"189","time":1575129177100,"group":{"id":"performance","version":"21"},"event":{"count":1,"data":{"duration_ms":121,"created":1575129177103},"id":"ui.lagging"}}
{"recorder_version":"21","session":"e1065c4b8547","build":"192.6262.58","bucket":"189","time":1575129181778,"group":{"id":"vcs.change.reminder","version":"1"},"event":{"count":1,"data":{"created":1575129181778,"project":"4452600da3b350ab41d92ae108c2baae6ff0ac3ddb31bd67020ee046ec77ac09","execution_time":53},"id":"prediction.calculated"}}
{"recorder_version":"21","session":"e1065c4b8547","build":"192.6262.58","bucket":"189","time":1575129184734,"group":{"id":"lifecycle","version":"21"},"event":{"count":1,"data":{"created":1575129184734,"plugin_type":"NOT_LISTED","error":"java.lang.IllegalArgumentException"},"id":"ide.error"}}
{"recorder_version":"21","session":"e1065c4b8547","build":"192.6262.58","bucket":"189","time":1575129199812,"group":{"id":"lifecycle","version":"21"},"event":{"count":1,"data":{"created":1575129199812,"project":"4452600da3b350ab41d92ae108c2baae6ff0ac3ddb31bd67020ee046ec77ac09"},"id":"frame.deactivated"}}
{"recorder_version":"21","session":"e1065c4b8547","build":"192.6262.58","bucket":"189","time":1575129200763,"group":{"id":"vcs.change.reminder","version":"1"},"event":{"count":1,"data":{"created":1575129200763,"project":"4452600da3b350ab41d92ae108c2baae6ff0ac3ddb31bd67020ee046ec77ac09","execution_time":70},"id":"prediction.calculated"}}
{"recorder_version":"21","session":"e1065c4b8547","build":"192.6262.58","bucket":"189","time":1575129200796,"group":{"id":"vcs.change.reminder","version":"1"},"event":{"count":1,"data":{"created":1575129200796,"project":"4452600da3b350ab41d92ae108c2baae6ff0ac3ddb31bd67020ee046ec77ac09","execution_time":32},"id":"prediction.calculated"}}
{"recorder_version":"21","session":"e1065c4b8547","build":"192.6262.58","bucket":"189","time":1575129244153,"group":{"id":"performance","version":"21"},"event":{"count":1,"data":{"duration_ms":0,"created":1575129244153},"id":"ui.latency"}}
{"recorder_version":"21","session":"e1065c4b8547","build":"192.6262.58","bucket":"189","time":1575129311361,"group":{"id":"lifecycle","version":"21"},"event":{"count":1,"data":{"created":1575129311362,"project":"4452600da3b350ab41d92ae108c2baae6ff0ac3ddb31bd67020ee046ec77ac09"},"id":"frame.activated"}}
{"recorder_version":"21","session":"e1065c4b8547","build":"192.6262.58","bucket":"189","time":1575129311600,"group":{"id":"lifecycle","version":"21"},"event":{"count":1,"data":{"restart":false,"created":1575129311600},"id":"ide.close"}}
{"recorder_version":"21","session":"e1065c4b8547","build":"192.6262.58","bucket":"189","time":1575129311695,"group":{"id":"lifecycle","version":"21"},"event":{"count":1,"data":{"created":1575129311695,"project":"4452600da3b350ab41d92ae108c2baae6ff0ac3ddb31bd67020ee046ec77ac09"},"id":"project.closed"}}
