{"recorder_version":"21","session":"777140ece5e4","build":"192.6262.58","bucket":"189","time":1574780721716,"group":{"id":"settings","version":"4"},"event":{"state":true,"data":{"component":"NotRoamableUiSettings","created":1574780721850},"id":"invoked"}}
{"recorder_version":"21","session":"777140ece5e4","build":"192.6262.58","bucket":"189","time":1574780721726,"group":{"id":"settings","version":"4"},"event":{"state":true,"data":{"component":"UISettings","created":1574780721852},"id":"invoked"}}
{"recorder_version":"21","session":"777140ece5e4","build":"192.6262.58","bucket":"189","time":1574780721726,"group":{"id":"system.java","version":"1"},"event":{"state":true,"data":{"created":1574780721859,"version":"1.11"},"id":"JetBrains"}}
{"recorder_version":"21","session":"777140ece5e4","build":"192.6262.58","bucket":"189","time":1574780721726,"group":{"id":"system.java","version":"1"},"event":{"state":true,"data":{"created":1574780721860},"id":"invoked"}}
{"recorder_version":"21","session":"777140ece5e4","build":"192.6262.58","bucket":"189","time":1574780721749,"group":{"id":"system.os","version":"3"},"event":{"state":true,"data":{"created":1574780721860,"version":"10.14"},"id":"Mac"}}
{"recorder_version":"21","session":"777140ece5e4","build":"192.6262.58","bucket":"189","time":1574780721749,"group":{"id":"system.os","version":"3"},"event":{"state":true,"data":{"created":1574780721861,"name":"Mac","version":"10.14"},"id":"os.name"}}
{"recorder_version":"21","session":"777140ece5e4","build":"192.6262.58","bucket":"189","time":1574780721749,"group":{"id":"system.os","version":"3"},"event":{"state":true,"data":{"created":1574780721861,"value":"+09_00"},"id":"os.timezone"}}
{"recorder_version":"21","session":"777140ece5e4","build":"192.6262.58","bucket":"189","time":1574780721749,"group":{"id":"system.os","version":"3"},"event":{"state":true,"data":{"created":1574780721862},"id":"invoked"}}
{"recorder_version":"21","session":"777140ece5e4","build":"192.6262.58","bucket":"189","time":1574780721850,"group":{"id":"event.log","version":"21"},"event":{"count":1,"data":{"created":1574780721862,"version":"925.0"},"id":"whitelist.loaded"}}
{"recorder_version":"21","session":"777140ece5e4","build":"192.6262.58","bucket":"189","time":1574780724049,"group":{"id":"settings","version":"4"},"event":{"state":true,"data":{"component":"UpdatesConfigurable","created":1574780724050,"name":"checkNeeded","type":"bool","value":false},"id":"not.default"}}
{"recorder_version":"21","session":"777140ece5e4","build":"192.6262.58","bucket":"189","time":1574780724049,"group":{"id":"settings","version":"4"},"event":{"state":true,"data":{"component":"UpdatesConfigurable","created":1574780724051},"id":"invoked"}}
{"recorder_version":"21","session":"777140ece5e4","build":"192.6262.58","bucket":"189","time":1574780724173,"group":{"id":"settings","version":"4"},"event":{"state":true,"data":{"component":"GeneralSettings","created":1574780724173,"name":"confirmExit","type":"bool","value":false},"id":"not.default"}}
{"recorder_version":"21","session":"777140ece5e4","build":"192.6262.58","bucket":"189","time":1574780724173,"group":{"id":"settings","version":"4"},"event":{"state":true,"data":{"component":"GeneralSettings","created":1574780724174,"name":"showTipsOnStartup","type":"bool","value":false},"id":"not.default"}}
{"recorder_version":"21","session":"777140ece5e4","build":"192.6262.58","bucket":"189","time":1574780724173,"group":{"id":"settings","version":"4"},"event":{"state":true,"data":{"component":"GeneralSettings","created":1574780724176},"id":"invoked"}}
{"recorder_version":"21","session":"777140ece5e4","build":"192.6262.58","bucket":"189","time":1574780724177,"group":{"id":"lifecycle","version":"21"},"event":{"count":1,"data":{"internal":true,"eap":false,"created":1574780724178},"id":"ide.start"}}
{"recorder_version":"21","session":"777140ece5e4","build":"192.6262.58","bucket":"189","time":1574780724448,"group":{"id":"lifecycle","version":"21"},"event":{"count":1,"data":{"created":1574780724448},"id":"frame.activated"}}
{"recorder_version":"21","session":"777140ece5e4","build":"192.6262.58","bucket":"189","time":1574780724735,"group":{"id":"performance","version":"21"},"event":{"count":1,"data":{"duration_ms":0,"created":1574780724736},"id":"ui.latency"}}
{"recorder_version":"21","session":"777140ece5e4","build":"192.6262.58","bucket":"189","time":1574780724907,"group":{"id":"ui.dialogs","version":"21"},"event":{"count":1,"data":{"created":1574780724907,"plugin_type":"PLATFORM","type":"show"},"id":"com.intellij.openapi.progress.util.ProgressDialog$MyDialogWrapper"}}
{"recorder_version":"21","session":"777140ece5e4","build":"192.6262.58","bucket":"189","time":1574780725787,"group":{"id":"lifecycle","version":"21"},"event":{"count":1,"data":{"created":1574780725787,"project":"92ddc83aceaa9edad1485397ccc1680a8fd16623aa2c155379eac4aafdb2a559"},"id":"project.opened"}}
{"recorder_version":"21","session":"777140ece5e4","build":"192.6262.58","bucket":"189","time":1574780727253,"group":{"id":"settings","version":"4"},"event":{"state":true,"data":{"component":"XmlEditorOptions","created":1574780727253},"id":"invoked"}}
{"recorder_version":"21","session":"777140ece5e4","build":"192.6262.58","bucket":"189","time":1574780727313,"group":{"id":"performance","version":"21"},"event":{"count":1,"data":{"duration_ms":570,"created":1574780727315},"id":"ui.lagging"}}
{"recorder_version":"21","session":"777140ece5e4","build":"192.6262.58","bucket":"189","time":1574780727445,"group":{"id":"toolwindow","version":"21"},"event":{"count":1,"data":{"os":"Mac","created":1574780727445,"plugin_type":"PLATFORM"},"id":"Project"}}
{"recorder_version":"21","session":"777140ece5e4","build":"192.6262.58","bucket":"189","time":1574780727946,"group":{"id":"performance","version":"21"},"event":{"count":1,"data":{"duration_ms":204,"created":1574780727946},"id":"ui.lagging"}}
{"recorder_version":"21","session":"777140ece5e4","build":"192.6262.58","bucket":"189","time":1574780728890,"group":{"id":"performance","version":"21"},"event":{"count":1,"data":{"duration_ms":145,"created":1574780728890},"id":"ui.lagging"}}
{"recorder_version":"21","session":"777140ece5e4","build":"192.6262.58","bucket":"189","time":1574780729041,"group":{"id":"project.fs","version":"1"},"event":{"state":true,"data":{"os":"Mac","cs-project":false,"created":1574780729041,"project":"92ddc83aceaa9edad1485397ccc1680a8fd16623aa2c155379eac4aafdb2a559","cs-implicit":true,"cs-system":false},"id":"case-sensitivity"}}
{"recorder_version":"21","session":"777140ece5e4","build":"192.6262.58","bucket":"189","time":1574780729041,"group":{"id":"project.fs","version":"1"},"event":{"state":true,"data":{"created":1574780729042},"id":"invoked"}}
{"recorder_version":"21","session":"777140ece5e4","build":"192.6262.58","bucket":"189","time":1574780729042,"group":{"id":"project.fs","version":"1"},"event":{"state":true,"data":{"pct-non-watched":0,"created":1574780729042,"project":"92ddc83aceaa9edad1485397ccc1680a8fd16623aa2c155379eac4aafdb2a559"},"id":"roots-watched"}}
{"recorder_version":"21","session":"777140ece5e4","build":"192.6262.58","bucket":"189","time":1574780729042,"group":{"id":"project.fs","version":"1"},"event":{"state":true,"data":{"created":1574780729042},"id":"invoked"}}
{"recorder_version":"21","session":"777140ece5e4","build":"192.6262.58","bucket":"189","time":1574780729136,"group":{"id":"ui.dialogs","version":"21"},"event":{"count":1,"data":{"code":1,"created":1574780729137,"plugin_type":"PLATFORM","type":"close"},"id":"com.intellij.openapi.progress.util.ProgressDialog$MyDialogWrapper"}}
{"recorder_version":"21","session":"777140ece5e4","build":"192.6262.58","bucket":"189","time":1574780729286,"group":{"id":"lifecycle","version":"21"},"event":{"count":1,"data":{"duration_ms":4663,"created":1574780729286,"project":"92ddc83aceaa9edad1485397ccc1680a8fd16623aa2c155379eac4aafdb2a559"},"id":"project.opening.finished"}}
{"recorder_version":"21","session":"777140ece5e4","build":"192.6262.58","bucket":"189","time":1574780731667,"group":{"id":"kotlin.jps.target","version":"1"},"event":{"count":1,"data":{"plugin_version":"1.3.41-release-IJ2019.2-1","created":1574780731668},"id":"jvm"}}
{"recorder_version":"21","session":"777140ece5e4","build":"192.6262.58","bucket":"189","time":1574780731754,"group":{"id":"file.types.usage","version":"21"},"event":{"count":1,"data":{"created":1574780731754,"plugin_type":"PLATFORM","project":"92ddc83aceaa9edad1485397ccc1680a8fd16623aa2c155379eac4aafdb2a559","type":"edit"},"id":"IDEA_MODULE"}}
{"recorder_version":"21","session":"777140ece5e4","build":"192.6262.58","bucket":"189","time":1574780733369,"group":{"id":"actions","version":"21"},"event":{"count":1,"data":{"context_menu":false,"current_file":"TEXT","created":1574780733369,"plugin_type":"PLATFORM","project":"92ddc83aceaa9edad1485397ccc1680a8fd16623aa2c155379eac4aafdb2a559","place":"keyboard_shortcut","class":"com.intellij.openapi.editor.actions.BackspaceAction","input_event":"Backspace"},"id":"EditorBackSpace"}}
{"recorder_version":"21","session":"777140ece5e4","build":"192.6262.58","bucket":"189","time":1574780737893,"group":{"id":"actions","version":"21"},"event":{"count":15,"data":{"context_menu":false,"last":1574780744701,"current_file":"TEXT","created":1574780737893,"plugin_type":"PLATFORM","project":"92ddc83aceaa9edad1485397ccc1680a8fd16623aa2c155379eac4aafdb2a559","place":"keyboard_shortcut","class":"com.intellij.openapi.editor.actions.EnterAction","input_event":"Enter"},"id":"EditorEnter"}}
{"recorder_version":"21","session":"777140ece5e4","build":"192.6262.58","bucket":"189","time":1574780745502,"group":{"id":"actions","version":"21"},"event":{"count":6,"data":{"context_menu":false,"last":1574780747137,"current_file":"TEXT","created":1574780745502,"plugin_type":"PLATFORM","project":"92ddc83aceaa9edad1485397ccc1680a8fd16623aa2c155379eac4aafdb2a559","place":"keyboard_shortcut","class":"com.intellij.openapi.editor.actions.BackspaceAction","input_event":"Backspace"},"id":"EditorBackSpace"}}
{"recorder_version":"21","session":"777140ece5e4","build":"192.6262.58","bucket":"189","time":1574780750951,"group":{"id":"lifecycle","version":"21"},"event":{"count":1,"data":{"created":1574780750951,"project":"92ddc83aceaa9edad1485397ccc1680a8fd16623aa2c155379eac4aafdb2a559"},"id":"frame.deactivated"}}
{"recorder_version":"21","session":"777140ece5e4","build":"192.6262.58","bucket":"189","time":1574780824982,"group":{"id":"performance","version":"21"},"event":{"count":1,"data":{"duration_ms":0,"created":1574780824983},"id":"ui.latency"}}
{"recorder_version":"21","session":"777140ece5e4","build":"192.6262.58","bucket":"189","time":1574780894666,"group":{"id":"lifecycle","version":"21"},"event":{"count":1,"data":{"created":1574780894666,"project":"92ddc83aceaa9edad1485397ccc1680a8fd16623aa2c155379eac4aafdb2a559"},"id":"frame.activated"}}
{"recorder_version":"21","session":"777140ece5e4","build":"192.6262.58","bucket":"189","time":1574780895412,"group":{"id":"lifecycle","version":"21"},"event":{"count":1,"data":{"restart":false,"created":1574780895412},"id":"ide.close"}}
{"recorder_version":"21","session":"777140ece5e4","build":"192.6262.58","bucket":"189","time":1574780895500,"group":{"id":"lifecycle","version":"21"},"event":{"count":1,"data":{"created":1574780895500,"project":"92ddc83aceaa9edad1485397ccc1680a8fd16623aa2c155379eac4aafdb2a559"},"id":"project.closed"}}
