{"recorder_version":"21","session":"43a7118383b9","build":"192.6262.58","bucket":"189","time":1574811424309,"group":{"id":"settings","version":"4"},"event":{"state":true,"data":{"component":"NotRoamableUiSettings","created":1574811424477},"id":"invoked"}}
{"recorder_version":"21","session":"43a7118383b9","build":"192.6262.58","bucket":"189","time":1574811424311,"group":{"id":"settings","version":"4"},"event":{"state":true,"data":{"component":"UISettings","created":1574811424478},"id":"invoked"}}
{"recorder_version":"21","session":"43a7118383b9","build":"192.6262.58","bucket":"189","time":1574811424311,"group":{"id":"system.java","version":"1"},"event":{"state":true,"data":{"created":1574811424489,"version":"1.11"},"id":"JetBrains"}}
{"recorder_version":"21","session":"43a7118383b9","build":"192.6262.58","bucket":"189","time":1574811424311,"group":{"id":"system.java","version":"1"},"event":{"state":true,"data":{"created":1574811424490},"id":"invoked"}}
{"recorder_version":"21","session":"43a7118383b9","build":"192.6262.58","bucket":"189","time":1574811424332,"group":{"id":"system.os","version":"3"},"event":{"state":true,"data":{"created":1574811424491,"version":"10.14"},"id":"Mac"}}
{"recorder_version":"21","session":"43a7118383b9","build":"192.6262.58","bucket":"189","time":1574811424332,"group":{"id":"system.os","version":"3"},"event":{"state":true,"data":{"created":1574811424492,"name":"Mac","version":"10.14"},"id":"os.name"}}
{"recorder_version":"21","session":"43a7118383b9","build":"192.6262.58","bucket":"189","time":1574811424332,"group":{"id":"system.os","version":"3"},"event":{"state":true,"data":{"created":1574811424493,"value":"+09_00"},"id":"os.timezone"}}
{"recorder_version":"21","session":"43a7118383b9","build":"192.6262.58","bucket":"189","time":1574811424332,"group":{"id":"system.os","version":"3"},"event":{"state":true,"data":{"created":1574811424494},"id":"invoked"}}
{"recorder_version":"21","session":"43a7118383b9","build":"192.6262.58","bucket":"189","time":1574811424476,"group":{"id":"event.log","version":"21"},"event":{"count":1,"data":{"created":1574811424495,"version":"930.0"},"id":"whitelist.loaded"}}
{"recorder_version":"21","session":"43a7118383b9","build":"192.6262.58","bucket":"189","time":1574811426751,"group":{"id":"settings","version":"4"},"event":{"state":true,"data":{"component":"UpdatesConfigurable","created":1574811426752,"name":"checkNeeded","type":"bool","value":false},"id":"not.default"}}
{"recorder_version":"21","session":"43a7118383b9","build":"192.6262.58","bucket":"189","time":1574811426751,"group":{"id":"settings","version":"4"},"event":{"state":true,"data":{"component":"UpdatesConfigurable","created":1574811426753},"id":"invoked"}}
{"recorder_version":"21","session":"43a7118383b9","build":"192.6262.58","bucket":"189","time":1574811426863,"group":{"id":"settings","version":"4"},"event":{"state":true,"data":{"component":"GeneralSettings","created":1574811426864,"name":"confirmExit","type":"bool","value":false},"id":"not.default"}}
{"recorder_version":"21","session":"43a7118383b9","build":"192.6262.58","bucket":"189","time":1574811426863,"group":{"id":"settings","version":"4"},"event":{"state":true,"data":{"component":"GeneralSettings","created":1574811426865,"name":"showTipsOnStartup","type":"bool","value":false},"id":"not.default"}}
{"recorder_version":"21","session":"43a7118383b9","build":"192.6262.58","bucket":"189","time":1574811426863,"group":{"id":"settings","version":"4"},"event":{"state":true,"data":{"component":"GeneralSettings","created":1574811426868},"id":"invoked"}}
{"recorder_version":"21","session":"43a7118383b9","build":"192.6262.58","bucket":"189","time":1574811426875,"group":{"id":"lifecycle","version":"21"},"event":{"count":1,"data":{"internal":true,"eap":false,"created":1574811426875},"id":"ide.start"}}
{"recorder_version":"21","session":"43a7118383b9","build":"192.6262.58","bucket":"189","time":1574811427163,"group":{"id":"lifecycle","version":"21"},"event":{"count":1,"data":{"created":1574811427164},"id":"frame.activated"}}
{"recorder_version":"21","session":"43a7118383b9","build":"192.6262.58","bucket":"189","time":1574811427428,"group":{"id":"performance","version":"21"},"event":{"count":1,"data":{"duration_ms":0,"created":1574811427428},"id":"ui.latency"}}
{"recorder_version":"21","session":"43a7118383b9","build":"192.6262.58","bucket":"189","time":1574811427634,"group":{"id":"ui.dialogs","version":"21"},"event":{"count":1,"data":{"created":1574811427634,"plugin_type":"PLATFORM","type":"show"},"id":"com.intellij.openapi.progress.util.ProgressDialog$MyDialogWrapper"}}
{"recorder_version":"21","session":"43a7118383b9","build":"192.6262.58","bucket":"189","time":1574811428710,"group":{"id":"lifecycle","version":"21"},"event":{"count":1,"data":{"created":1574811428710,"project":"92ddc83aceaa9edad1485397ccc1680a8fd16623aa2c155379eac4aafdb2a559"},"id":"project.opened"}}
{"recorder_version":"21","session":"43a7118383b9","build":"192.6262.58","bucket":"189","time":1574811430349,"group":{"id":"settings","version":"4"},"event":{"state":true,"data":{"component":"XmlEditorOptions","created":1574811430349},"id":"invoked"}}
{"recorder_version":"21","session":"43a7118383b9","build":"192.6262.58","bucket":"189","time":1574811430591,"group":{"id":"toolwindow","version":"21"},"event":{"count":1,"data":{"os":"Mac","created":1574811430591,"plugin_type":"PLATFORM"},"id":"Project"}}
{"recorder_version":"21","session":"43a7118383b9","build":"192.6262.58","bucket":"189","time":1574811432521,"group":{"id":"kotlin.jps.target","version":"1"},"event":{"count":1,"data":{"plugin_version":"validation.undefined_rule","created":1574811432521},"id":"validation.undefined_rule"}}
{"recorder_version":"21","session":"43a7118383b9","build":"192.6262.58","bucket":"189","time":1574811432831,"group":{"id":"project.fs","version":"1"},"event":{"state":true,"data":{"os":"Mac","cs-project":false,"created":1574811432831,"project":"92ddc83aceaa9edad1485397ccc1680a8fd16623aa2c155379eac4aafdb2a559","cs-implicit":true,"cs-system":false},"id":"case-sensitivity"}}
{"recorder_version":"21","session":"43a7118383b9","build":"192.6262.58","bucket":"189","time":1574811432831,"group":{"id":"project.fs","version":"1"},"event":{"state":true,"data":{"created":1574811432832},"id":"invoked"}}
{"recorder_version":"21","session":"43a7118383b9","build":"192.6262.58","bucket":"189","time":1574811432833,"group":{"id":"project.fs","version":"1"},"event":{"state":true,"data":{"pct-non-watched":0,"created":1574811432833,"project":"92ddc83aceaa9edad1485397ccc1680a8fd16623aa2c155379eac4aafdb2a559"},"id":"roots-watched"}}
{"recorder_version":"21","session":"43a7118383b9","build":"192.6262.58","bucket":"189","time":1574811432833,"group":{"id":"project.fs","version":"1"},"event":{"state":true,"data":{"created":1574811432833},"id":"invoked"}}
{"recorder_version":"21","session":"43a7118383b9","build":"192.6262.58","bucket":"189","time":1574811432916,"group":{"id":"ui.dialogs","version":"21"},"event":{"count":1,"data":{"code":1,"created":1574811432916,"plugin_type":"PLATFORM","type":"close"},"id":"com.intellij.openapi.progress.util.ProgressDialog$MyDialogWrapper"}}
{"recorder_version":"21","session":"43a7118383b9","build":"192.6262.58","bucket":"189","time":1574811433028,"group":{"id":"lifecycle","version":"21"},"event":{"count":1,"data":{"duration_ms":5661,"created":1574811433029,"project":"92ddc83aceaa9edad1485397ccc1680a8fd16623aa2c155379eac4aafdb2a559"},"id":"project.opening.finished"}}
{"recorder_version":"21","session":"43a7118383b9","build":"192.6262.58","bucket":"189","time":1574811434740,"group":{"id":"file.types.usage","version":"21"},"event":{"count":1,"data":{"created":1574811434741,"plugin_type":"PLATFORM","project":"92ddc83aceaa9edad1485397ccc1680a8fd16623aa2c155379eac4aafdb2a559","type":"edit"},"id":"IDEA_MODULE"}}
{"recorder_version":"21","session":"43a7118383b9","build":"192.6262.58","bucket":"189","time":1574811437505,"group":{"id":"actions","version":"21"},"event":{"count":5,"data":{"context_menu":false,"last":1574811452393,"current_file":"TEXT","created":1574811437505,"plugin_type":"PLATFORM","project":"92ddc83aceaa9edad1485397ccc1680a8fd16623aa2c155379eac4aafdb2a559","place":"keyboard_shortcut","class":"com.intellij.openapi.editor.actions.EnterAction","input_event":"Enter"},"id":"EditorEnter"}}
{"recorder_version":"21","session":"43a7118383b9","build":"192.6262.58","bucket":"189","time":1574811466378,"group":{"id":"lifecycle","version":"21"},"event":{"count":1,"data":{"created":1574811466378,"project":"92ddc83aceaa9edad1485397ccc1680a8fd16623aa2c155379eac4aafdb2a559"},"id":"frame.deactivated"}}
{"recorder_version":"21","session":"43a7118383b9","build":"192.6262.58","bucket":"189","time":1574811478077,"group":{"id":"lifecycle","version":"21"},"event":{"count":1,"data":{"created":1574811478077,"project":"92ddc83aceaa9edad1485397ccc1680a8fd16623aa2c155379eac4aafdb2a559"},"id":"frame.activated"}}
{"recorder_version":"21","session":"43a7118383b9","build":"192.6262.58","bucket":"189","time":1574811479593,"group":{"id":"actions","version":"21"},"event":{"count":4,"data":{"context_menu":false,"last":1574811488839,"current_file":"TEXT","created":1574811479593,"plugin_type":"PLATFORM","project":"92ddc83aceaa9edad1485397ccc1680a8fd16623aa2c155379eac4aafdb2a559","place":"keyboard_shortcut","class":"com.intellij.openapi.editor.actions.EnterAction","input_event":"Enter"},"id":"EditorEnter"}}
{"recorder_version":"21","session":"43a7118383b9","build":"192.6262.58","bucket":"189","time":1574811489410,"group":{"id":"actions","version":"21"},"event":{"count":2,"data":{"context_menu":false,"last":1574811489711,"current_file":"TEXT","created":1574811489410,"plugin_type":"PLATFORM","project":"92ddc83aceaa9edad1485397ccc1680a8fd16623aa2c155379eac4aafdb2a559","place":"keyboard_shortcut","class":"com.intellij.openapi.editor.actions.BackspaceAction","input_event":"Backspace"},"id":"EditorBackSpace"}}
{"recorder_version":"21","session":"43a7118383b9","build":"192.6262.58","bucket":"189","time":1574811489991,"group":{"id":"actions","version":"21"},"event":{"count":3,"data":{"context_menu":false,"last":1574811491127,"current_file":"TEXT","created":1574811489991,"plugin_type":"PLATFORM","project":"92ddc83aceaa9edad1485397ccc1680a8fd16623aa2c155379eac4aafdb2a559","place":"keyboard_shortcut","class":"com.intellij.openapi.editor.actions.EnterAction","input_event":"Enter"},"id":"EditorEnter"}}
{"recorder_version":"21","session":"43a7118383b9","build":"192.6262.58","bucket":"189","time":1574811508854,"group":{"id":"lifecycle","version":"21"},"event":{"count":1,"data":{"created":1574811508854,"project":"92ddc83aceaa9edad1485397ccc1680a8fd16623aa2c155379eac4aafdb2a559"},"id":"frame.deactivated"}}
{"recorder_version":"21","session":"43a7118383b9","build":"192.6262.58","bucket":"189","time":1574811526259,"group":{"id":"lifecycle","version":"21"},"event":{"count":1,"data":{"created":1574811526259,"project":"92ddc83aceaa9edad1485397ccc1680a8fd16623aa2c155379eac4aafdb2a559"},"id":"frame.activated"}}
{"recorder_version":"21","session":"43a7118383b9","build":"192.6262.58","bucket":"189","time":1574811526565,"group":{"id":"lifecycle","version":"21"},"event":{"count":1,"data":{"restart":false,"created":1574811526565},"id":"ide.close"}}
{"recorder_version":"21","session":"43a7118383b9","build":"192.6262.58","bucket":"189","time":1574811526645,"group":{"id":"lifecycle","version":"21"},"event":{"count":1,"data":{"created":1574811526646,"project":"92ddc83aceaa9edad1485397ccc1680a8fd16623aa2c155379eac4aafdb2a559"},"id":"project.closed"}}
