{"recorder_version":"21","session":"82f8631324d9","build":"192.6262.58","bucket":"189","time":1574811858781,"group":{"id":"settings","version":"4"},"event":{"state":true,"data":{"component":"NotRoamableUiSettings","created":1574811858947},"id":"invoked"}}
{"recorder_version":"21","session":"82f8631324d9","build":"192.6262.58","bucket":"189","time":1574811858783,"group":{"id":"system.java","version":"1"},"event":{"state":true,"data":{"created":1574811858950,"version":"1.11"},"id":"JetBrains"}}
{"recorder_version":"21","session":"82f8631324d9","build":"192.6262.58","bucket":"189","time":1574811858783,"group":{"id":"system.java","version":"1"},"event":{"state":true,"data":{"created":1574811858967},"id":"invoked"}}
{"recorder_version":"21","session":"82f8631324d9","build":"192.6262.58","bucket":"189","time":1574811858783,"group":{"id":"settings","version":"4"},"event":{"state":true,"data":{"component":"UISettings","created":1574811858968},"id":"invoked"}}
{"recorder_version":"21","session":"82f8631324d9","build":"192.6262.58","bucket":"189","time":1574811858805,"group":{"id":"system.os","version":"3"},"event":{"state":true,"data":{"created":1574811858969,"version":"10.14"},"id":"Mac"}}
{"recorder_version":"21","session":"82f8631324d9","build":"192.6262.58","bucket":"189","time":1574811858805,"group":{"id":"system.os","version":"3"},"event":{"state":true,"data":{"created":1574811858970,"name":"Mac","version":"10.14"},"id":"os.name"}}
{"recorder_version":"21","session":"82f8631324d9","build":"192.6262.58","bucket":"189","time":1574811858805,"group":{"id":"system.os","version":"3"},"event":{"state":true,"data":{"created":1574811858971,"value":"+09_00"},"id":"os.timezone"}}
{"recorder_version":"21","session":"82f8631324d9","build":"192.6262.58","bucket":"189","time":1574811858805,"group":{"id":"system.os","version":"3"},"event":{"state":true,"data":{"created":1574811858971},"id":"invoked"}}
{"recorder_version":"21","session":"82f8631324d9","build":"192.6262.58","bucket":"189","time":1574811858946,"group":{"id":"event.log","version":"21"},"event":{"count":1,"data":{"created":1574811858972,"version":"930.0"},"id":"whitelist.loaded"}}
{"recorder_version":"21","session":"82f8631324d9","build":"192.6262.58","bucket":"189","time":1574811862360,"group":{"id":"settings","version":"4"},"event":{"state":true,"data":{"component":"UpdatesConfigurable","created":1574811862361,"name":"checkNeeded","type":"bool","value":false},"id":"not.default"}}
{"recorder_version":"21","session":"82f8631324d9","build":"192.6262.58","bucket":"189","time":1574811862361,"group":{"id":"settings","version":"4"},"event":{"state":true,"data":{"component":"UpdatesConfigurable","created":1574811862363},"id":"invoked"}}
{"recorder_version":"21","session":"82f8631324d9","build":"192.6262.58","bucket":"189","time":1574811862640,"group":{"id":"settings","version":"4"},"event":{"state":true,"data":{"component":"GeneralSettings","created":1574811862640,"name":"confirmExit","type":"bool","value":false},"id":"not.default"}}
{"recorder_version":"21","session":"82f8631324d9","build":"192.6262.58","bucket":"189","time":1574811862640,"group":{"id":"settings","version":"4"},"event":{"state":true,"data":{"component":"GeneralSettings","created":1574811862641,"name":"showTipsOnStartup","type":"bool","value":false},"id":"not.default"}}
{"recorder_version":"21","session":"82f8631324d9","build":"192.6262.58","bucket":"189","time":1574811862640,"group":{"id":"settings","version":"4"},"event":{"state":true,"data":{"component":"GeneralSettings","created":1574811862642},"id":"invoked"}}
{"recorder_version":"21","session":"82f8631324d9","build":"192.6262.58","bucket":"189","time":1574811862655,"group":{"id":"lifecycle","version":"21"},"event":{"count":1,"data":{"internal":true,"eap":false,"created":1574811862656},"id":"ide.start"}}
{"recorder_version":"21","session":"82f8631324d9","build":"192.6262.58","bucket":"189","time":1574811863068,"group":{"id":"lifecycle","version":"21"},"event":{"count":1,"data":{"created":1574811863068},"id":"frame.activated"}}
{"recorder_version":"21","session":"82f8631324d9","build":"192.6262.58","bucket":"189","time":1574811863157,"group":{"id":"performance","version":"21"},"event":{"count":1,"data":{"duration_ms":261,"created":1574811863158},"id":"ui.latency"}}
{"recorder_version":"21","session":"82f8631324d9","build":"192.6262.58","bucket":"189","time":1574811863157,"group":{"id":"performance","version":"21"},"event":{"count":1,"data":{"duration_ms":261,"created":1574811863158},"id":"ui.lagging"}}
{"recorder_version":"21","session":"82f8631324d9","build":"192.6262.58","bucket":"189","time":1574811863547,"group":{"id":"ui.dialogs","version":"21"},"event":{"count":1,"data":{"created":1574811863547,"plugin_type":"PLATFORM","type":"show"},"id":"com.intellij.openapi.progress.util.ProgressDialog$MyDialogWrapper"}}
{"recorder_version":"21","session":"82f8631324d9","build":"192.6262.58","bucket":"189","time":1574811864984,"group":{"id":"lifecycle","version":"21"},"event":{"count":1,"data":{"created":1574811864984,"project":"92ddc83aceaa9edad1485397ccc1680a8fd16623aa2c155379eac4aafdb2a559"},"id":"project.opened"}}
{"recorder_version":"21","session":"82f8631324d9","build":"192.6262.58","bucket":"189","time":1574811867015,"group":{"id":"settings","version":"4"},"event":{"state":true,"data":{"component":"XmlEditorOptions","created":1574811867015},"id":"invoked"}}
{"recorder_version":"21","session":"82f8631324d9","build":"192.6262.58","bucket":"189","time":1574811867049,"group":{"id":"performance","version":"21"},"event":{"count":1,"data":{"duration_ms":147,"created":1574811867049},"id":"ui.lagging"}}
{"recorder_version":"21","session":"82f8631324d9","build":"192.6262.58","bucket":"189","time":1574811867268,"group":{"id":"toolwindow","version":"21"},"event":{"count":1,"data":{"os":"Mac","created":1574811867268,"plugin_type":"PLATFORM"},"id":"Project"}}
{"recorder_version":"21","session":"82f8631324d9","build":"192.6262.58","bucket":"189","time":1574811868048,"group":{"id":"performance","version":"21"},"event":{"count":1,"data":{"duration_ms":145,"created":1574811868049},"id":"ui.lagging"}}
{"recorder_version":"21","session":"82f8631324d9","build":"192.6262.58","bucket":"189","time":1574811869678,"group":{"id":"project.fs","version":"1"},"event":{"state":true,"data":{"os":"Mac","cs-project":false,"created":1574811869678,"project":"92ddc83aceaa9edad1485397ccc1680a8fd16623aa2c155379eac4aafdb2a559","cs-implicit":true,"cs-system":false},"id":"case-sensitivity"}}
{"recorder_version":"21","session":"82f8631324d9","build":"192.6262.58","bucket":"189","time":1574811869678,"group":{"id":"project.fs","version":"1"},"event":{"state":true,"data":{"created":1574811869678},"id":"invoked"}}
{"recorder_version":"21","session":"82f8631324d9","build":"192.6262.58","bucket":"189","time":1574811869679,"group":{"id":"project.fs","version":"1"},"event":{"state":true,"data":{"pct-non-watched":0,"created":1574811869679,"project":"92ddc83aceaa9edad1485397ccc1680a8fd16623aa2c155379eac4aafdb2a559"},"id":"roots-watched"}}
{"recorder_version":"21","session":"82f8631324d9","build":"192.6262.58","bucket":"189","time":1574811869679,"group":{"id":"project.fs","version":"1"},"event":{"state":true,"data":{"created":1574811869679},"id":"invoked"}}
{"recorder_version":"21","session":"82f8631324d9","build":"192.6262.58","bucket":"189","time":1574811869840,"group":{"id":"ui.dialogs","version":"21"},"event":{"count":1,"data":{"code":1,"created":1574811869841,"plugin_type":"PLATFORM","type":"close"},"id":"com.intellij.openapi.progress.util.ProgressDialog$MyDialogWrapper"}}
{"recorder_version":"21","session":"82f8631324d9","build":"192.6262.58","bucket":"189","time":1574811869999,"group":{"id":"lifecycle","version":"21"},"event":{"count":1,"data":{"duration_ms":6708,"created":1574811869999,"project":"92ddc83aceaa9edad1485397ccc1680a8fd16623aa2c155379eac4aafdb2a559"},"id":"project.opening.finished"}}
{"recorder_version":"21","session":"82f8631324d9","build":"192.6262.58","bucket":"189","time":1574811871925,"group":{"id":"kotlin.jps.target","version":"1"},"event":{"count":1,"data":{"plugin_version":"validation.undefined_rule","created":1574811871925},"id":"validation.undefined_rule"}}
{"recorder_version":"21","session":"82f8631324d9","build":"192.6262.58","bucket":"189","time":1574811872114,"group":{"id":"file.types.usage","version":"21"},"event":{"count":1,"data":{"created":1574811872114,"plugin_type":"PLATFORM","project":"92ddc83aceaa9edad1485397ccc1680a8fd16623aa2c155379eac4aafdb2a559","type":"edit"},"id":"IDEA_MODULE"}}
{"recorder_version":"21","session":"82f8631324d9","build":"192.6262.58","bucket":"189","time":1574811873624,"group":{"id":"actions","version":"21"},"event":{"count":4,"data":{"context_menu":false,"last":1574811879115,"current_file":"TEXT","created":1574811873624,"plugin_type":"PLATFORM","project":"92ddc83aceaa9edad1485397ccc1680a8fd16623aa2c155379eac4aafdb2a559","place":"keyboard_shortcut","class":"com.intellij.openapi.editor.actions.EnterAction","input_event":"Enter"},"id":"EditorEnter"}}
{"recorder_version":"21","session":"82f8631324d9","build":"192.6262.58","bucket":"189","time":1574811903091,"group":{"id":"actions","version":"21"},"event":{"count":1,"data":{"context_menu":false,"current_file":"TEXT","created":1574811903091,"plugin_type":"PLATFORM","project":"92ddc83aceaa9edad1485397ccc1680a8fd16623aa2c155379eac4aafdb2a559","place":"keyboard_shortcut","class":"com.intellij.openapi.editor.actions.EnterAction","input_event":"Enter"},"id":"EditorEnter"}}
{"recorder_version":"21","session":"82f8631324d9","build":"192.6262.58","bucket":"189","time":1574811930508,"group":{"id":"lifecycle","version":"21"},"event":{"count":1,"data":{"created":1574811930508,"project":"92ddc83aceaa9edad1485397ccc1680a8fd16623aa2c155379eac4aafdb2a559"},"id":"frame.deactivated"}}
{"recorder_version":"21","session":"82f8631324d9","build":"192.6262.58","bucket":"189","time":1574811963216,"group":{"id":"performance","version":"21"},"event":{"count":1,"data":{"duration_ms":0,"created":1574811963216},"id":"ui.latency"}}
{"recorder_version":"21","session":"82f8631324d9","build":"192.6262.58","bucket":"189","time":1574811964927,"group":{"id":"lifecycle","version":"21"},"event":{"count":1,"data":{"created":1574811964927,"project":"92ddc83aceaa9edad1485397ccc1680a8fd16623aa2c155379eac4aafdb2a559"},"id":"frame.activated"}}
{"recorder_version":"21","session":"82f8631324d9","build":"192.6262.58","bucket":"189","time":1574811965241,"group":{"id":"lifecycle","version":"21"},"event":{"count":1,"data":{"restart":false,"created":1574811965242},"id":"ide.close"}}
{"recorder_version":"21","session":"82f8631324d9","build":"192.6262.58","bucket":"189","time":1574811965334,"group":{"id":"lifecycle","version":"21"},"event":{"count":1,"data":{"created":1574811965335,"project":"92ddc83aceaa9edad1485397ccc1680a8fd16623aa2c155379eac4aafdb2a559"},"id":"project.closed"}}
