{"recorder_version":"21","session":"01f73eb6eadf","build":"192.6262.58","bucket":"189","time":1574811751854,"group":{"id":"settings","version":"4"},"event":{"state":true,"data":{"component":"NotRoamableUiSettings","created":1574811752031},"id":"invoked"}}
{"recorder_version":"21","session":"01f73eb6eadf","build":"192.6262.58","bucket":"189","time":1574811751857,"group":{"id":"settings","version":"4"},"event":{"state":true,"data":{"component":"UISettings","created":1574811752033},"id":"invoked"}}
{"recorder_version":"21","session":"01f73eb6eadf","build":"192.6262.58","bucket":"189","time":1574811751857,"group":{"id":"system.java","version":"1"},"event":{"state":true,"data":{"created":1574811752041,"version":"1.11"},"id":"JetBrains"}}
{"recorder_version":"21","session":"01f73eb6eadf","build":"192.6262.58","bucket":"189","time":1574811751857,"group":{"id":"system.java","version":"1"},"event":{"state":true,"data":{"created":1574811752042},"id":"invoked"}}
{"recorder_version":"21","session":"01f73eb6eadf","build":"192.6262.58","bucket":"189","time":1574811751879,"group":{"id":"system.os","version":"3"},"event":{"state":true,"data":{"created":1574811752043,"version":"10.14"},"id":"Mac"}}
{"recorder_version":"21","session":"01f73eb6eadf","build":"192.6262.58","bucket":"189","time":1574811751879,"group":{"id":"system.os","version":"3"},"event":{"state":true,"data":{"created":1574811752044,"name":"Mac","version":"10.14"},"id":"os.name"}}
{"recorder_version":"21","session":"01f73eb6eadf","build":"192.6262.58","bucket":"189","time":1574811751879,"group":{"id":"system.os","version":"3"},"event":{"state":true,"data":{"created":1574811752045,"value":"+09_00"},"id":"os.timezone"}}
{"recorder_version":"21","session":"01f73eb6eadf","build":"192.6262.58","bucket":"189","time":1574811751879,"group":{"id":"system.os","version":"3"},"event":{"state":true,"data":{"created":1574811752045},"id":"invoked"}}
{"recorder_version":"21","session":"01f73eb6eadf","build":"192.6262.58","bucket":"189","time":1574811752030,"group":{"id":"event.log","version":"21"},"event":{"count":1,"data":{"created":1574811752046,"version":"930.0"},"id":"whitelist.loaded"}}
{"recorder_version":"21","session":"01f73eb6eadf","build":"192.6262.58","bucket":"189","time":1574811754331,"group":{"id":"settings","version":"4"},"event":{"state":true,"data":{"component":"UpdatesConfigurable","created":1574811754331,"name":"checkNeeded","type":"bool","value":false},"id":"not.default"}}
{"recorder_version":"21","session":"01f73eb6eadf","build":"192.6262.58","bucket":"189","time":1574811754331,"group":{"id":"settings","version":"4"},"event":{"state":true,"data":{"component":"UpdatesConfigurable","created":1574811754332},"id":"invoked"}}
{"recorder_version":"21","session":"01f73eb6eadf","build":"192.6262.58","bucket":"189","time":1574811754444,"group":{"id":"settings","version":"4"},"event":{"state":true,"data":{"component":"GeneralSettings","created":1574811754445,"name":"confirmExit","type":"bool","value":false},"id":"not.default"}}
{"recorder_version":"21","session":"01f73eb6eadf","build":"192.6262.58","bucket":"189","time":1574811754444,"group":{"id":"settings","version":"4"},"event":{"state":true,"data":{"component":"GeneralSettings","created":1574811754446,"name":"showTipsOnStartup","type":"bool","value":false},"id":"not.default"}}
{"recorder_version":"21","session":"01f73eb6eadf","build":"192.6262.58","bucket":"189","time":1574811754444,"group":{"id":"settings","version":"4"},"event":{"state":true,"data":{"component":"GeneralSettings","created":1574811754447},"id":"invoked"}}
{"recorder_version":"21","session":"01f73eb6eadf","build":"192.6262.58","bucket":"189","time":1574811754451,"group":{"id":"lifecycle","version":"21"},"event":{"count":1,"data":{"internal":true,"eap":false,"created":1574811754451},"id":"ide.start"}}
{"recorder_version":"21","session":"01f73eb6eadf","build":"192.6262.58","bucket":"189","time":1574811754758,"group":{"id":"lifecycle","version":"21"},"event":{"count":1,"data":{"created":1574811754758},"id":"frame.activated"}}
{"recorder_version":"21","session":"01f73eb6eadf","build":"192.6262.58","bucket":"189","time":1574811754990,"group":{"id":"performance","version":"21"},"event":{"count":1,"data":{"duration_ms":1,"created":1574811754992},"id":"ui.latency"}}
{"recorder_version":"21","session":"01f73eb6eadf","build":"192.6262.58","bucket":"189","time":1574811755232,"group":{"id":"ui.dialogs","version":"21"},"event":{"count":1,"data":{"created":1574811755232,"plugin_type":"PLATFORM","type":"show"},"id":"com.intellij.openapi.progress.util.ProgressDialog$MyDialogWrapper"}}
{"recorder_version":"21","session":"01f73eb6eadf","build":"192.6262.58","bucket":"189","time":1574811756235,"group":{"id":"lifecycle","version":"21"},"event":{"count":1,"data":{"created":1574811756235,"project":"92ddc83aceaa9edad1485397ccc1680a8fd16623aa2c155379eac4aafdb2a559"},"id":"project.opened"}}
{"recorder_version":"21","session":"01f73eb6eadf","build":"192.6262.58","bucket":"189","time":1574811757997,"group":{"id":"settings","version":"4"},"event":{"state":true,"data":{"component":"XmlEditorOptions","created":1574811757997},"id":"invoked"}}
{"recorder_version":"21","session":"01f73eb6eadf","build":"192.6262.58","bucket":"189","time":1574811758197,"group":{"id":"toolwindow","version":"21"},"event":{"count":1,"data":{"os":"Mac","created":1574811758197,"plugin_type":"PLATFORM"},"id":"Project"}}
{"recorder_version":"21","session":"01f73eb6eadf","build":"192.6262.58","bucket":"189","time":1574811759971,"group":{"id":"kotlin.jps.target","version":"1"},"event":{"count":1,"data":{"plugin_version":"validation.undefined_rule","created":1574811759971},"id":"validation.undefined_rule"}}
{"recorder_version":"21","session":"01f73eb6eadf","build":"192.6262.58","bucket":"189","time":1574811760237,"group":{"id":"performance","version":"21"},"event":{"count":1,"data":{"duration_ms":242,"created":1574811760237},"id":"ui.lagging"}}
{"recorder_version":"21","session":"01f73eb6eadf","build":"192.6262.58","bucket":"189","time":1574811760437,"group":{"id":"project.fs","version":"1"},"event":{"state":true,"data":{"os":"Mac","cs-project":false,"created":1574811760438,"project":"92ddc83aceaa9edad1485397ccc1680a8fd16623aa2c155379eac4aafdb2a559","cs-implicit":true,"cs-system":false},"id":"case-sensitivity"}}
{"recorder_version":"21","session":"01f73eb6eadf","build":"192.6262.58","bucket":"189","time":1574811760437,"group":{"id":"project.fs","version":"1"},"event":{"state":true,"data":{"created":1574811760439},"id":"invoked"}}
{"recorder_version":"21","session":"01f73eb6eadf","build":"192.6262.58","bucket":"189","time":1574811760439,"group":{"id":"project.fs","version":"1"},"event":{"state":true,"data":{"pct-non-watched":0,"created":1574811760440,"project":"92ddc83aceaa9edad1485397ccc1680a8fd16623aa2c155379eac4aafdb2a559"},"id":"roots-watched"}}
{"recorder_version":"21","session":"01f73eb6eadf","build":"192.6262.58","bucket":"189","time":1574811760439,"group":{"id":"project.fs","version":"1"},"event":{"state":true,"data":{"created":1574811760441},"id":"invoked"}}
{"recorder_version":"21","session":"01f73eb6eadf","build":"192.6262.58","bucket":"189","time":1574811760562,"group":{"id":"ui.dialogs","version":"21"},"event":{"count":1,"data":{"code":1,"created":1574811760563,"plugin_type":"PLATFORM","type":"close"},"id":"com.intellij.openapi.progress.util.ProgressDialog$MyDialogWrapper"}}
{"recorder_version":"21","session":"01f73eb6eadf","build":"192.6262.58","bucket":"189","time":1574811760764,"group":{"id":"lifecycle","version":"21"},"event":{"count":1,"data":{"duration_ms":5784,"created":1574811760764,"project":"92ddc83aceaa9edad1485397ccc1680a8fd16623aa2c155379eac4aafdb2a559"},"id":"project.opening.finished"}}
{"recorder_version":"21","session":"01f73eb6eadf","build":"192.6262.58","bucket":"189","time":1574811761183,"group":{"id":"performance","version":"21"},"event":{"count":1,"data":{"duration_ms":188,"created":1574811761183},"id":"ui.lagging"}}
{"recorder_version":"21","session":"01f73eb6eadf","build":"192.6262.58","bucket":"189","time":1574811763195,"group":{"id":"file.types.usage","version":"21"},"event":{"count":1,"data":{"created":1574811763196,"plugin_type":"PLATFORM","project":"92ddc83aceaa9edad1485397ccc1680a8fd16623aa2c155379eac4aafdb2a559","type":"edit"},"id":"IDEA_MODULE"}}
{"recorder_version":"21","session":"01f73eb6eadf","build":"192.6262.58","bucket":"189","time":1574811771023,"group":{"id":"lifecycle","version":"21"},"event":{"count":1,"data":{"created":1574811771023,"project":"92ddc83aceaa9edad1485397ccc1680a8fd16623aa2c155379eac4aafdb2a559"},"id":"frame.deactivated"}}
{"recorder_version":"21","session":"01f73eb6eadf","build":"192.6262.58","bucket":"189","time":1574811851179,"group":{"id":"lifecycle","version":"21"},"event":{"count":1,"data":{"created":1574811851179,"project":"92ddc83aceaa9edad1485397ccc1680a8fd16623aa2c155379eac4aafdb2a559"},"id":"frame.activated"}}
{"recorder_version":"21","session":"01f73eb6eadf","build":"192.6262.58","bucket":"189","time":1574811851651,"group":{"id":"lifecycle","version":"21"},"event":{"count":1,"data":{"restart":false,"created":1574811851651},"id":"ide.close"}}
{"recorder_version":"21","session":"01f73eb6eadf","build":"192.6262.58","bucket":"189","time":1574811851737,"group":{"id":"lifecycle","version":"21"},"event":{"count":1,"data":{"created":1574811851737,"project":"92ddc83aceaa9edad1485397ccc1680a8fd16623aa2c155379eac4aafdb2a559"},"id":"project.closed"}}
