{"recorder_version":"21","session":"6a8a9327c39a","build":"192.6262.58","bucket":"189","time":1574781700504,"group":{"id":"settings","version":"4"},"event":{"state":true,"data":{"component":"NotRoamableUiSettings","created":1574781700687},"id":"invoked"}}
{"recorder_version":"21","session":"6a8a9327c39a","build":"192.6262.58","bucket":"189","time":1574781700506,"group":{"id":"settings","version":"4"},"event":{"state":true,"data":{"component":"UISettings","created":1574781700688},"id":"invoked"}}
{"recorder_version":"21","session":"6a8a9327c39a","build":"192.6262.58","bucket":"189","time":1574781700506,"group":{"id":"system.java","version":"1"},"event":{"state":true,"data":{"created":1574781700697,"version":"1.11"},"id":"JetBrains"}}
{"recorder_version":"21","session":"6a8a9327c39a","build":"192.6262.58","bucket":"189","time":1574781700506,"group":{"id":"system.java","version":"1"},"event":{"state":true,"data":{"created":1574781700698},"id":"invoked"}}
{"recorder_version":"21","session":"6a8a9327c39a","build":"192.6262.58","bucket":"189","time":1574781700527,"group":{"id":"system.os","version":"3"},"event":{"state":true,"data":{"created":1574781700698,"version":"10.14"},"id":"Mac"}}
{"recorder_version":"21","session":"6a8a9327c39a","build":"192.6262.58","bucket":"189","time":1574781700527,"group":{"id":"system.os","version":"3"},"event":{"state":true,"data":{"created":1574781700699,"name":"Mac","version":"10.14"},"id":"os.name"}}
{"recorder_version":"21","session":"6a8a9327c39a","build":"192.6262.58","bucket":"189","time":1574781700527,"group":{"id":"system.os","version":"3"},"event":{"state":true,"data":{"created":1574781700701,"value":"+09_00"},"id":"os.timezone"}}
{"recorder_version":"21","session":"6a8a9327c39a","build":"192.6262.58","bucket":"189","time":1574781700527,"group":{"id":"system.os","version":"3"},"event":{"state":true,"data":{"created":1574781700701},"id":"invoked"}}
{"recorder_version":"21","session":"6a8a9327c39a","build":"192.6262.58","bucket":"189","time":1574781700686,"group":{"id":"event.log","version":"21"},"event":{"count":1,"data":{"created":1574781700702,"version":"925.0"},"id":"whitelist.loaded"}}
{"recorder_version":"21","session":"6a8a9327c39a","build":"192.6262.58","bucket":"189","time":1574781702887,"group":{"id":"settings","version":"4"},"event":{"state":true,"data":{"component":"UpdatesConfigurable","created":1574781702888,"name":"checkNeeded","type":"bool","value":false},"id":"not.default"}}
{"recorder_version":"21","session":"6a8a9327c39a","build":"192.6262.58","bucket":"189","time":1574781702887,"group":{"id":"settings","version":"4"},"event":{"state":true,"data":{"component":"UpdatesConfigurable","created":1574781702889},"id":"invoked"}}
{"recorder_version":"21","session":"6a8a9327c39a","build":"192.6262.58","bucket":"189","time":1574781703009,"group":{"id":"settings","version":"4"},"event":{"state":true,"data":{"component":"GeneralSettings","created":1574781703009,"name":"confirmExit","type":"bool","value":false},"id":"not.default"}}
{"recorder_version":"21","session":"6a8a9327c39a","build":"192.6262.58","bucket":"189","time":1574781703009,"group":{"id":"settings","version":"4"},"event":{"state":true,"data":{"component":"GeneralSettings","created":1574781703010,"name":"showTipsOnStartup","type":"bool","value":false},"id":"not.default"}}
{"recorder_version":"21","session":"6a8a9327c39a","build":"192.6262.58","bucket":"189","time":1574781703009,"group":{"id":"settings","version":"4"},"event":{"state":true,"data":{"component":"GeneralSettings","created":1574781703011},"id":"invoked"}}
{"recorder_version":"21","session":"6a8a9327c39a","build":"192.6262.58","bucket":"189","time":1574781703017,"group":{"id":"lifecycle","version":"21"},"event":{"count":1,"data":{"internal":true,"eap":false,"created":1574781703017},"id":"ide.start"}}
{"recorder_version":"21","session":"6a8a9327c39a","build":"192.6262.58","bucket":"189","time":1574781703297,"group":{"id":"lifecycle","version":"21"},"event":{"count":1,"data":{"created":1574781703297},"id":"frame.activated"}}
{"recorder_version":"21","session":"6a8a9327c39a","build":"192.6262.58","bucket":"189","time":1574781703565,"group":{"id":"performance","version":"21"},"event":{"count":1,"data":{"duration_ms":2,"created":1574781703565},"id":"ui.latency"}}
{"recorder_version":"21","session":"6a8a9327c39a","build":"192.6262.58","bucket":"189","time":1574781703774,"group":{"id":"ui.dialogs","version":"21"},"event":{"count":1,"data":{"created":1574781703774,"plugin_type":"PLATFORM","type":"show"},"id":"com.intellij.openapi.progress.util.ProgressDialog$MyDialogWrapper"}}
{"recorder_version":"21","session":"6a8a9327c39a","build":"192.6262.58","bucket":"189","time":1574781704789,"group":{"id":"lifecycle","version":"21"},"event":{"count":1,"data":{"created":1574781704789,"project":"92ddc83aceaa9edad1485397ccc1680a8fd16623aa2c155379eac4aafdb2a559"},"id":"project.opened"}}
{"recorder_version":"21","session":"6a8a9327c39a","build":"192.6262.58","bucket":"189","time":1574781706577,"group":{"id":"settings","version":"4"},"event":{"state":true,"data":{"component":"XmlEditorOptions","created":1574781706577},"id":"invoked"}}
{"recorder_version":"21","session":"6a8a9327c39a","build":"192.6262.58","bucket":"189","time":1574781706796,"group":{"id":"toolwindow","version":"21"},"event":{"count":1,"data":{"os":"Mac","created":1574781706796,"plugin_type":"PLATFORM"},"id":"Project"}}
{"recorder_version":"21","session":"6a8a9327c39a","build":"192.6262.58","bucket":"189","time":1574781708720,"group":{"id":"kotlin.jps.target","version":"1"},"event":{"count":1,"data":{"plugin_version":"1.3.41-release-IJ2019.2-1","created":1574781708720},"id":"jvm"}}
{"recorder_version":"21","session":"6a8a9327c39a","build":"192.6262.58","bucket":"189","time":1574781709076,"group":{"id":"project.fs","version":"1"},"event":{"state":true,"data":{"os":"Mac","cs-project":false,"created":1574781709076,"project":"92ddc83aceaa9edad1485397ccc1680a8fd16623aa2c155379eac4aafdb2a559","cs-implicit":true,"cs-system":false},"id":"case-sensitivity"}}
{"recorder_version":"21","session":"6a8a9327c39a","build":"192.6262.58","bucket":"189","time":1574781709076,"group":{"id":"project.fs","version":"1"},"event":{"state":true,"data":{"created":1574781709076},"id":"invoked"}}
{"recorder_version":"21","session":"6a8a9327c39a","build":"192.6262.58","bucket":"189","time":1574781709077,"group":{"id":"project.fs","version":"1"},"event":{"state":true,"data":{"pct-non-watched":0,"created":1574781709077,"project":"92ddc83aceaa9edad1485397ccc1680a8fd16623aa2c155379eac4aafdb2a559"},"id":"roots-watched"}}
{"recorder_version":"21","session":"6a8a9327c39a","build":"192.6262.58","bucket":"189","time":1574781709077,"group":{"id":"project.fs","version":"1"},"event":{"state":true,"data":{"created":1574781709077},"id":"invoked"}}
{"recorder_version":"21","session":"6a8a9327c39a","build":"192.6262.58","bucket":"189","time":1574781709236,"group":{"id":"ui.dialogs","version":"21"},"event":{"count":1,"data":{"code":1,"created":1574781709236,"plugin_type":"PLATFORM","type":"close"},"id":"com.intellij.openapi.progress.util.ProgressDialog$MyDialogWrapper"}}
{"recorder_version":"21","session":"6a8a9327c39a","build":"192.6262.58","bucket":"189","time":1574781709431,"group":{"id":"lifecycle","version":"21"},"event":{"count":1,"data":{"duration_ms":5924,"created":1574781709431,"project":"92ddc83aceaa9edad1485397ccc1680a8fd16623aa2c155379eac4aafdb2a559"},"id":"project.opening.finished"}}
{"recorder_version":"21","session":"6a8a9327c39a","build":"192.6262.58","bucket":"189","time":1574781709804,"group":{"id":"performance","version":"21"},"event":{"count":1,"data":{"duration_ms":233,"created":1574781709804},"id":"ui.lagging"}}
{"recorder_version":"21","session":"6a8a9327c39a","build":"192.6262.58","bucket":"189","time":1574781710838,"group":{"id":"file.types.usage","version":"21"},"event":{"count":1,"data":{"created":1574781710838,"plugin_type":"PLATFORM","project":"92ddc83aceaa9edad1485397ccc1680a8fd16623aa2c155379eac4aafdb2a559","type":"edit"},"id":"IDEA_MODULE"}}
{"recorder_version":"21","session":"6a8a9327c39a","build":"192.6262.58","bucket":"189","time":1574781711812,"group":{"id":"actions","version":"21"},"event":{"count":3,"data":{"context_menu":false,"last":1574781712369,"current_file":"TEXT","created":1574781711812,"plugin_type":"PLATFORM","project":"92ddc83aceaa9edad1485397ccc1680a8fd16623aa2c155379eac4aafdb2a559","place":"keyboard_shortcut","class":"com.intellij.openapi.editor.actions.EnterAction","input_event":"Enter"},"id":"EditorEnter"}}
{"recorder_version":"21","session":"6a8a9327c39a","build":"192.6262.58","bucket":"189","time":1574781712987,"group":{"id":"actions","version":"21"},"event":{"count":5,"data":{"context_menu":false,"last":1574781713759,"current_file":"TEXT","created":1574781712987,"plugin_type":"PLATFORM","project":"92ddc83aceaa9edad1485397ccc1680a8fd16623aa2c155379eac4aafdb2a559","place":"keyboard_shortcut","class":"com.intellij.openapi.editor.actions.BackspaceAction","input_event":"Backspace"},"id":"EditorBackSpace"}}
{"recorder_version":"21","session":"6a8a9327c39a","build":"192.6262.58","bucket":"189","time":1574781714217,"group":{"id":"actions","version":"21"},"event":{"count":5,"data":{"context_menu":false,"last":1574781715112,"current_file":"TEXT","created":1574781714217,"plugin_type":"PLATFORM","project":"92ddc83aceaa9edad1485397ccc1680a8fd16623aa2c155379eac4aafdb2a559","place":"keyboard_shortcut","class":"com.intellij.openapi.editor.actions.EnterAction","input_event":"Enter"},"id":"EditorEnter"}}
{"recorder_version":"21","session":"6a8a9327c39a","build":"192.6262.58","bucket":"189","time":1574781715736,"group":{"id":"actions","version":"21"},"event":{"count":3,"data":{"context_menu":false,"last":1574781716159,"current_file":"TEXT","created":1574781715736,"plugin_type":"PLATFORM","project":"92ddc83aceaa9edad1485397ccc1680a8fd16623aa2c155379eac4aafdb2a559","place":"keyboard_shortcut","class":"com.intellij.openapi.editor.actions.BackspaceAction","input_event":"Backspace"},"id":"EditorBackSpace"}}
{"recorder_version":"21","session":"6a8a9327c39a","build":"192.6262.58","bucket":"189","time":1574781718790,"group":{"id":"lifecycle","version":"21"},"event":{"count":1,"data":{"created":1574781718791,"project":"92ddc83aceaa9edad1485397ccc1680a8fd16623aa2c155379eac4aafdb2a559"},"id":"frame.deactivated"}}
{"recorder_version":"21","session":"6a8a9327c39a","build":"192.6262.58","bucket":"189","time":1574781729110,"group":{"id":"lifecycle","version":"21"},"event":{"count":1,"data":{"created":1574781729110,"project":"92ddc83aceaa9edad1485397ccc1680a8fd16623aa2c155379eac4aafdb2a559"},"id":"frame.activated"}}
{"recorder_version":"21","session":"6a8a9327c39a","build":"192.6262.58","bucket":"189","time":1574781729375,"group":{"id":"lifecycle","version":"21"},"event":{"count":1,"data":{"restart":false,"created":1574781729376},"id":"ide.close"}}
{"recorder_version":"21","session":"6a8a9327c39a","build":"192.6262.58","bucket":"189","time":1574781729455,"group":{"id":"lifecycle","version":"21"},"event":{"count":1,"data":{"created":1574781729455,"project":"92ddc83aceaa9edad1485397ccc1680a8fd16623aa2c155379eac4aafdb2a559"},"id":"project.closed"}}
