{"recorder_version":"21","session":"4a4394083674","build":"192.6262.58","bucket":"189","time":1574786644242,"group":{"id":"settings","version":"4"},"event":{"state":true,"data":{"component":"NotRoamableUiSettings","created":1574786644414},"id":"invoked"}}
{"recorder_version":"21","session":"4a4394083674","build":"192.6262.58","bucket":"189","time":1574786644244,"group":{"id":"system.java","version":"1"},"event":{"state":true,"data":{"created":1574786644416,"version":"1.11"},"id":"JetBrains"}}
{"recorder_version":"21","session":"4a4394083674","build":"192.6262.58","bucket":"189","time":1574786644244,"group":{"id":"system.java","version":"1"},"event":{"state":true,"data":{"created":1574786644425},"id":"invoked"}}
{"recorder_version":"21","session":"4a4394083674","build":"192.6262.58","bucket":"189","time":1574786644244,"group":{"id":"settings","version":"4"},"event":{"state":true,"data":{"component":"UISettings","created":1574786644426},"id":"invoked"}}
{"recorder_version":"21","session":"4a4394083674","build":"192.6262.58","bucket":"189","time":1574786644272,"group":{"id":"system.os","version":"3"},"event":{"state":true,"data":{"created":1574786644427,"version":"10.14"},"id":"Mac"}}
{"recorder_version":"21","session":"4a4394083674","build":"192.6262.58","bucket":"189","time":1574786644272,"group":{"id":"system.os","version":"3"},"event":{"state":true,"data":{"created":1574786644428,"name":"Mac","version":"10.14"},"id":"os.name"}}
{"recorder_version":"21","session":"4a4394083674","build":"192.6262.58","bucket":"189","time":1574786644272,"group":{"id":"system.os","version":"3"},"event":{"state":true,"data":{"created":1574786644429,"value":"+09_00"},"id":"os.timezone"}}
{"recorder_version":"21","session":"4a4394083674","build":"192.6262.58","bucket":"189","time":1574786644272,"group":{"id":"system.os","version":"3"},"event":{"state":true,"data":{"created":1574786644431},"id":"invoked"}}
{"recorder_version":"21","session":"4a4394083674","build":"192.6262.58","bucket":"189","time":1574786644413,"group":{"id":"event.log","version":"21"},"event":{"count":1,"data":{"created":1574786644432,"version":"925.0"},"id":"whitelist.loaded"}}
{"recorder_version":"21","session":"4a4394083674","build":"192.6262.58","bucket":"189","time":1574786646589,"group":{"id":"settings","version":"4"},"event":{"state":true,"data":{"component":"UpdatesConfigurable","created":1574786646590,"name":"checkNeeded","type":"bool","value":false},"id":"not.default"}}
{"recorder_version":"21","session":"4a4394083674","build":"192.6262.58","bucket":"189","time":1574786646589,"group":{"id":"settings","version":"4"},"event":{"state":true,"data":{"component":"UpdatesConfigurable","created":1574786646591},"id":"invoked"}}
{"recorder_version":"21","session":"4a4394083674","build":"192.6262.58","bucket":"189","time":1574786646726,"group":{"id":"settings","version":"4"},"event":{"state":true,"data":{"component":"GeneralSettings","created":1574786646726,"name":"confirmExit","type":"bool","value":false},"id":"not.default"}}
{"recorder_version":"21","session":"4a4394083674","build":"192.6262.58","bucket":"189","time":1574786646726,"group":{"id":"settings","version":"4"},"event":{"state":true,"data":{"component":"GeneralSettings","created":1574786646727,"name":"showTipsOnStartup","type":"bool","value":false},"id":"not.default"}}
{"recorder_version":"21","session":"4a4394083674","build":"192.6262.58","bucket":"189","time":1574786646726,"group":{"id":"settings","version":"4"},"event":{"state":true,"data":{"component":"GeneralSettings","created":1574786646729},"id":"invoked"}}
{"recorder_version":"21","session":"4a4394083674","build":"192.6262.58","bucket":"189","time":1574786646730,"group":{"id":"lifecycle","version":"21"},"event":{"count":1,"data":{"internal":true,"eap":false,"created":1574786646730},"id":"ide.start"}}
{"recorder_version":"21","session":"4a4394083674","build":"192.6262.58","bucket":"189","time":1574786647022,"group":{"id":"lifecycle","version":"21"},"event":{"count":1,"data":{"created":1574786647024},"id":"frame.activated"}}
{"recorder_version":"21","session":"4a4394083674","build":"192.6262.58","bucket":"189","time":1574786647245,"group":{"id":"performance","version":"21"},"event":{"count":1,"data":{"duration_ms":0,"created":1574786647245},"id":"ui.latency"}}
{"recorder_version":"21","session":"4a4394083674","build":"192.6262.58","bucket":"189","time":1574786647481,"group":{"id":"ui.dialogs","version":"21"},"event":{"count":1,"data":{"created":1574786647481,"plugin_type":"PLATFORM","type":"show"},"id":"com.intellij.openapi.progress.util.ProgressDialog$MyDialogWrapper"}}
{"recorder_version":"21","session":"4a4394083674","build":"192.6262.58","bucket":"189","time":1574786648411,"group":{"id":"lifecycle","version":"21"},"event":{"count":1,"data":{"created":1574786648411,"project":"92ddc83aceaa9edad1485397ccc1680a8fd16623aa2c155379eac4aafdb2a559"},"id":"project.opened"}}
{"recorder_version":"21","session":"4a4394083674","build":"192.6262.58","bucket":"189","time":1574786649967,"group":{"id":"settings","version":"4"},"event":{"state":true,"data":{"component":"XmlEditorOptions","created":1574786649967},"id":"invoked"}}
{"recorder_version":"21","session":"4a4394083674","build":"192.6262.58","bucket":"189","time":1574786650236,"group":{"id":"toolwindow","version":"21"},"event":{"count":1,"data":{"os":"Mac","created":1574786650237,"plugin_type":"PLATFORM"},"id":"Project"}}
{"recorder_version":"21","session":"4a4394083674","build":"192.6262.58","bucket":"189","time":1574786650586,"group":{"id":"performance","version":"21"},"event":{"count":1,"data":{"duration_ms":335,"created":1574786650586},"id":"ui.lagging"}}
{"recorder_version":"21","session":"4a4394083674","build":"192.6262.58","bucket":"189","time":1574786652225,"group":{"id":"project.fs","version":"1"},"event":{"state":true,"data":{"os":"Mac","cs-project":false,"created":1574786652225,"project":"92ddc83aceaa9edad1485397ccc1680a8fd16623aa2c155379eac4aafdb2a559","cs-implicit":true,"cs-system":false},"id":"case-sensitivity"}}
{"recorder_version":"21","session":"4a4394083674","build":"192.6262.58","bucket":"189","time":1574786652225,"group":{"id":"project.fs","version":"1"},"event":{"state":true,"data":{"created":1574786652225},"id":"invoked"}}
{"recorder_version":"21","session":"4a4394083674","build":"192.6262.58","bucket":"189","time":1574786652226,"group":{"id":"project.fs","version":"1"},"event":{"state":true,"data":{"pct-non-watched":0,"created":1574786652226,"project":"92ddc83aceaa9edad1485397ccc1680a8fd16623aa2c155379eac4aafdb2a559"},"id":"roots-watched"}}
{"recorder_version":"21","session":"4a4394083674","build":"192.6262.58","bucket":"189","time":1574786652226,"group":{"id":"project.fs","version":"1"},"event":{"state":true,"data":{"created":1574786652226},"id":"invoked"}}
{"recorder_version":"21","session":"4a4394083674","build":"192.6262.58","bucket":"189","time":1574786652325,"group":{"id":"ui.dialogs","version":"21"},"event":{"count":1,"data":{"code":1,"created":1574786652325,"plugin_type":"PLATFORM","type":"close"},"id":"com.intellij.openapi.progress.util.ProgressDialog$MyDialogWrapper"}}
{"recorder_version":"21","session":"4a4394083674","build":"192.6262.58","bucket":"189","time":1574786652457,"group":{"id":"lifecycle","version":"21"},"event":{"count":1,"data":{"duration_ms":5225,"created":1574786652457,"project":"92ddc83aceaa9edad1485397ccc1680a8fd16623aa2c155379eac4aafdb2a559"},"id":"project.opening.finished"}}
{"recorder_version":"21","session":"4a4394083674","build":"192.6262.58","bucket":"189","time":1574786653220,"group":{"id":"kotlin.jps.target","version":"1"},"event":{"count":1,"data":{"plugin_version":"1.3.41-release-IJ2019.2-1","created":1574786653221},"id":"jvm"}}
{"recorder_version":"21","session":"4a4394083674","build":"192.6262.58","bucket":"189","time":1574786657091,"group":{"id":"file.types.usage","version":"21"},"event":{"count":1,"data":{"created":1574786657091,"plugin_type":"PLATFORM","project":"92ddc83aceaa9edad1485397ccc1680a8fd16623aa2c155379eac4aafdb2a559","type":"edit"},"id":"IDEA_MODULE"}}
{"recorder_version":"21","session":"4a4394083674","build":"192.6262.58","bucket":"189","time":1574786660135,"group":{"id":"actions","version":"21"},"event":{"count":3,"data":{"context_menu":false,"last":1574786664793,"current_file":"TEXT","created":1574786660135,"plugin_type":"PLATFORM","project":"92ddc83aceaa9edad1485397ccc1680a8fd16623aa2c155379eac4aafdb2a559","place":"keyboard_shortcut","class":"com.intellij.openapi.editor.actions.EnterAction","input_event":"Enter"},"id":"EditorEnter"}}
{"recorder_version":"21","session":"4a4394083674","build":"192.6262.58","bucket":"189","time":1574786665603,"group":{"id":"actions","version":"21"},"event":{"count":20,"data":{"context_menu":false,"last":1574786669925,"current_file":"TEXT","created":1574786665603,"plugin_type":"PLATFORM","project":"92ddc83aceaa9edad1485397ccc1680a8fd16623aa2c155379eac4aafdb2a559","place":"keyboard_shortcut","class":"com.intellij.openapi.editor.actions.BackspaceAction","input_event":"Backspace"},"id":"EditorBackSpace"}}
{"recorder_version":"21","session":"4a4394083674","build":"192.6262.58","bucket":"189","time":1574786671375,"group":{"id":"actions","version":"21"},"event":{"count":4,"data":{"context_menu":false,"last":1574786672087,"current_file":"TEXT","created":1574786671376,"plugin_type":"PLATFORM","project":"92ddc83aceaa9edad1485397ccc1680a8fd16623aa2c155379eac4aafdb2a559","place":"keyboard_shortcut","class":"com.intellij.openapi.editor.actions.EnterAction","input_event":"Enter"},"id":"EditorEnter"}}
{"recorder_version":"21","session":"4a4394083674","build":"192.6262.58","bucket":"189","time":1574786672688,"group":{"id":"actions","version":"21"},"event":{"count":6,"data":{"context_menu":false,"last":1574786673870,"current_file":"TEXT","created":1574786672688,"plugin_type":"PLATFORM","project":"92ddc83aceaa9edad1485397ccc1680a8fd16623aa2c155379eac4aafdb2a559","place":"keyboard_shortcut","class":"com.intellij.openapi.editor.actions.BackspaceAction","input_event":"Backspace"},"id":"EditorBackSpace"}}
{"recorder_version":"21","session":"4a4394083674","build":"192.6262.58","bucket":"189","time":1574786677568,"group":{"id":"lifecycle","version":"21"},"event":{"count":1,"data":{"created":1574786677568,"project":"92ddc83aceaa9edad1485397ccc1680a8fd16623aa2c155379eac4aafdb2a559"},"id":"frame.deactivated"}}
{"recorder_version":"21","session":"4a4394083674","build":"192.6262.58","bucket":"189","time":1574786747551,"group":{"id":"performance","version":"21"},"event":{"count":1,"data":{"duration_ms":1,"created":1574786747551},"id":"ui.latency"}}
{"recorder_version":"21","session":"4a4394083674","build":"192.6262.58","bucket":"189","time":1574786847868,"group":{"id":"performance","version":"21"},"event":{"count":1,"data":{"duration_ms":0,"created":1574786847868},"id":"ui.latency"}}
{"recorder_version":"21","session":"4a4394083674","build":"192.6262.58","bucket":"189","time":1574786884795,"group":{"id":"lifecycle","version":"21"},"event":{"count":1,"data":{"created":1574786884796,"project":"92ddc83aceaa9edad1485397ccc1680a8fd16623aa2c155379eac4aafdb2a559"},"id":"frame.activated"}}
{"recorder_version":"21","session":"4a4394083674","build":"192.6262.58","bucket":"189","time":1574786885147,"group":{"id":"lifecycle","version":"21"},"event":{"count":1,"data":{"restart":false,"created":1574786885147},"id":"ide.close"}}
{"recorder_version":"21","session":"4a4394083674","build":"192.6262.58","bucket":"189","time":1574786885258,"group":{"id":"lifecycle","version":"21"},"event":{"count":1,"data":{"created":1574786885258,"project":"92ddc83aceaa9edad1485397ccc1680a8fd16623aa2c155379eac4aafdb2a559"},"id":"project.closed"}}
