{"recorder_version":"21","session":"1f8f5e0ef104","build":"192.6262.58","bucket":"189","time":1575350362753,"group":{"id":"settings","version":"4"},"event":{"state":true,"data":{"component":"NotRoamableUiSettings","created":1575350362918},"id":"invoked"}}
{"recorder_version":"21","session":"1f8f5e0ef104","build":"192.6262.58","bucket":"189","time":1575350362756,"group":{"id":"system.java","version":"1"},"event":{"state":true,"data":{"created":1575350362921,"version":"1.11"},"id":"JetBrains"}}
{"recorder_version":"21","session":"1f8f5e0ef104","build":"192.6262.58","bucket":"189","time":1575350362756,"group":{"id":"system.java","version":"1"},"event":{"state":true,"data":{"created":1575350362932},"id":"invoked"}}
{"recorder_version":"21","session":"1f8f5e0ef104","build":"192.6262.58","bucket":"189","time":1575350362757,"group":{"id":"settings","version":"4"},"event":{"state":true,"data":{"component":"UISettings","created":1575350362933},"id":"invoked"}}
{"recorder_version":"21","session":"1f8f5e0ef104","build":"192.6262.58","bucket":"189","time":1575350362775,"group":{"id":"system.os","version":"3"},"event":{"state":true,"data":{"created":1575350362934,"version":"10.14"},"id":"Mac"}}
{"recorder_version":"21","session":"1f8f5e0ef104","build":"192.6262.58","bucket":"189","time":1575350362775,"group":{"id":"system.os","version":"3"},"event":{"state":true,"data":{"created":1575350362935,"name":"Mac","version":"10.14"},"id":"os.name"}}
{"recorder_version":"21","session":"1f8f5e0ef104","build":"192.6262.58","bucket":"189","time":1575350362775,"group":{"id":"system.os","version":"3"},"event":{"state":true,"data":{"created":1575350362936,"value":"+09_00"},"id":"os.timezone"}}
{"recorder_version":"21","session":"1f8f5e0ef104","build":"192.6262.58","bucket":"189","time":1575350362775,"group":{"id":"system.os","version":"3"},"event":{"state":true,"data":{"created":1575350362936},"id":"invoked"}}
{"recorder_version":"21","session":"1f8f5e0ef104","build":"192.6262.58","bucket":"189","time":1575350362918,"group":{"id":"event.log","version":"21"},"event":{"count":1,"data":{"created":1575350362937,"version":"943.0"},"id":"whitelist.loaded"}}
{"recorder_version":"21","session":"1f8f5e0ef104","build":"192.6262.58","bucket":"189","time":1575350365084,"group":{"id":"settings","version":"4"},"event":{"state":true,"data":{"component":"UpdatesConfigurable","created":1575350365084,"name":"checkNeeded","type":"bool","value":false},"id":"not.default"}}
{"recorder_version":"21","session":"1f8f5e0ef104","build":"192.6262.58","bucket":"189","time":1575350365084,"group":{"id":"settings","version":"4"},"event":{"state":true,"data":{"component":"UpdatesConfigurable","created":1575350365085},"id":"invoked"}}
{"recorder_version":"21","session":"1f8f5e0ef104","build":"192.6262.58","bucket":"189","time":1575350365196,"group":{"id":"settings","version":"4"},"event":{"state":true,"data":{"component":"GeneralSettings","created":1575350365197,"name":"confirmExit","type":"bool","value":false},"id":"not.default"}}
{"recorder_version":"21","session":"1f8f5e0ef104","build":"192.6262.58","bucket":"189","time":1575350365196,"group":{"id":"settings","version":"4"},"event":{"state":true,"data":{"component":"GeneralSettings","created":1575350365198,"name":"showTipsOnStartup","type":"bool","value":false},"id":"not.default"}}
{"recorder_version":"21","session":"1f8f5e0ef104","build":"192.6262.58","bucket":"189","time":1575350365196,"group":{"id":"settings","version":"4"},"event":{"state":true,"data":{"component":"GeneralSettings","created":1575350365199},"id":"invoked"}}
{"recorder_version":"21","session":"1f8f5e0ef104","build":"192.6262.58","bucket":"189","time":1575350365209,"group":{"id":"lifecycle","version":"21"},"event":{"count":1,"data":{"internal":true,"eap":false,"created":1575350365211},"id":"ide.start"}}
{"recorder_version":"21","session":"1f8f5e0ef104","build":"192.6262.58","bucket":"189","time":1575350365503,"group":{"id":"lifecycle","version":"21"},"event":{"count":1,"data":{"created":1575350365504},"id":"frame.activated"}}
{"recorder_version":"21","session":"1f8f5e0ef104","build":"192.6262.58","bucket":"189","time":1575350365622,"group":{"id":"performance","version":"21"},"event":{"count":1,"data":{"duration_ms":2,"created":1575350365622},"id":"ui.latency"}}
{"recorder_version":"21","session":"1f8f5e0ef104","build":"192.6262.58","bucket":"189","time":1575350365963,"group":{"id":"ui.dialogs","version":"21"},"event":{"count":1,"data":{"created":1575350365965,"plugin_type":"PLATFORM","type":"show"},"id":"com.intellij.openapi.progress.util.ProgressDialog$MyDialogWrapper"}}
{"recorder_version":"21","session":"1f8f5e0ef104","build":"192.6262.58","bucket":"189","time":1575350367021,"group":{"id":"lifecycle","version":"21"},"event":{"count":1,"data":{"created":1575350367021,"project":"4452600da3b350ab41d92ae108c2baae6ff0ac3ddb31bd67020ee046ec77ac09"},"id":"project.opened"}}
{"recorder_version":"21","session":"1f8f5e0ef104","build":"192.6262.58","bucket":"189","time":1575350368772,"group":{"id":"settings","version":"4"},"event":{"state":true,"data":{"component":"XmlEditorOptions","created":1575350368772},"id":"invoked"}}
{"recorder_version":"21","session":"1f8f5e0ef104","build":"192.6262.58","bucket":"189","time":1575350368850,"group":{"id":"performance","version":"21"},"event":{"count":1,"data":{"duration_ms":223,"created":1575350368850},"id":"ui.lagging"}}
{"recorder_version":"21","session":"1f8f5e0ef104","build":"192.6262.58","bucket":"189","time":1575350369434,"group":{"id":"toolwindow","version":"21"},"event":{"count":1,"data":{"os":"Mac","created":1575350369434,"plugin_type":"PLATFORM"},"id":"Project"}}
{"recorder_version":"21","session":"1f8f5e0ef104","build":"192.6262.58","bucket":"189","time":1575350370254,"group":{"id":"performance","version":"21"},"event":{"count":1,"data":{"duration_ms":625,"created":1575350370254},"id":"ui.lagging"}}
{"recorder_version":"21","session":"1f8f5e0ef104","build":"192.6262.58","bucket":"189","time":1575350371576,"group":{"id":"kotlin.jps.target","version":"1"},"event":{"count":2,"data":{"plugin_version":"validation.undefined_rule","last":1575350371577,"created":1575350371576},"id":"validation.undefined_rule"}}
{"recorder_version":"21","session":"1f8f5e0ef104","build":"192.6262.58","bucket":"189","time":1575350371662,"group":{"id":"project.fs","version":"1"},"event":{"state":true,"data":{"os":"Mac","cs-project":false,"created":1575350371662,"project":"4452600da3b350ab41d92ae108c2baae6ff0ac3ddb31bd67020ee046ec77ac09","cs-implicit":true,"cs-system":false},"id":"case-sensitivity"}}
{"recorder_version":"21","session":"1f8f5e0ef104","build":"192.6262.58","bucket":"189","time":1575350371662,"group":{"id":"project.fs","version":"1"},"event":{"state":true,"data":{"created":1575350371662},"id":"invoked"}}
{"recorder_version":"21","session":"1f8f5e0ef104","build":"192.6262.58","bucket":"189","time":1575350371663,"group":{"id":"project.fs","version":"1"},"event":{"state":true,"data":{"pct-non-watched":0,"created":1575350371663,"project":"4452600da3b350ab41d92ae108c2baae6ff0ac3ddb31bd67020ee046ec77ac09"},"id":"roots-watched"}}
{"recorder_version":"21","session":"1f8f5e0ef104","build":"192.6262.58","bucket":"189","time":1575350371663,"group":{"id":"project.fs","version":"1"},"event":{"state":true,"data":{"created":1575350371663},"id":"invoked"}}
{"recorder_version":"21","session":"1f8f5e0ef104","build":"192.6262.58","bucket":"189","time":1575350371751,"group":{"id":"ui.dialogs","version":"21"},"event":{"count":1,"data":{"code":1,"created":1575350371751,"plugin_type":"PLATFORM","type":"close"},"id":"com.intellij.openapi.progress.util.ProgressDialog$MyDialogWrapper"}}
{"recorder_version":"21","session":"1f8f5e0ef104","build":"192.6262.58","bucket":"189","time":1575350371883,"group":{"id":"lifecycle","version":"21"},"event":{"count":1,"data":{"duration_ms":6191,"created":1575350371883,"project":"4452600da3b350ab41d92ae108c2baae6ff0ac3ddb31bd67020ee046ec77ac09"},"id":"project.opening.finished"}}
{"recorder_version":"21","session":"1f8f5e0ef104","build":"192.6262.58","bucket":"189","time":1575350373342,"group":{"id":"vcs.change.reminder","version":"1"},"event":{"count":1,"data":{"created":1575350373342,"project":"4452600da3b350ab41d92ae108c2baae6ff0ac3ddb31bd67020ee046ec77ac09","execution_time":276},"id":"prediction.calculated"}}
{"recorder_version":"21","session":"1f8f5e0ef104","build":"192.6262.58","bucket":"189","time":1575350373398,"group":{"id":"vcs.change.reminder","version":"1"},"event":{"count":1,"data":{"created":1575350373398,"project":"4452600da3b350ab41d92ae108c2baae6ff0ac3ddb31bd67020ee046ec77ac09","execution_time":56},"id":"prediction.calculated"}}
{"recorder_version":"21","session":"1f8f5e0ef104","build":"192.6262.58","bucket":"189","time":1575350373553,"group":{"id":"vcs.change.reminder","version":"1"},"event":{"count":1,"data":{"created":1575350373553,"project":"4452600da3b350ab41d92ae108c2baae6ff0ac3ddb31bd67020ee046ec77ac09","execution_time":60},"id":"prediction.calculated"}}
{"recorder_version":"21","session":"1f8f5e0ef104","build":"192.6262.58","bucket":"189","time":1575350373611,"group":{"id":"vcs.change.reminder","version":"1"},"event":{"count":1,"data":{"created":1575350373611,"project":"4452600da3b350ab41d92ae108c2baae6ff0ac3ddb31bd67020ee046ec77ac09","execution_time":58},"id":"prediction.calculated"}}
{"recorder_version":"21","session":"1f8f5e0ef104","build":"192.6262.58","bucket":"189","time":1575350373755,"group":{"id":"performance","version":"21"},"event":{"count":1,"data":{"duration_ms":119,"created":1575350373756},"id":"ui.lagging"}}
{"recorder_version":"21","session":"1f8f5e0ef104","build":"192.6262.58","bucket":"189","time":1575350374210,"group":{"id":"file.types.usage","version":"21"},"event":{"count":1,"data":{"plugin":"com.intellij.java","created":1575350374210,"plugin_type":"JB_BUNDLED","project":"4452600da3b350ab41d92ae108c2baae6ff0ac3ddb31bd67020ee046ec77ac09","type":"edit"},"id":"JAVA"}}
{"recorder_version":"21","session":"1f8f5e0ef104","build":"192.6262.58","bucket":"189","time":1575350374778,"group":{"id":"performance","version":"21"},"event":{"count":1,"data":{"duration_ms":142,"created":1575350374778},"id":"ui.lagging"}}
{"recorder_version":"21","session":"1f8f5e0ef104","build":"192.6262.58","bucket":"189","time":1575350375028,"group":{"id":"actions","version":"21"},"event":{"count":1,"data":{"context_menu":false,"current_file":"JAVA","created":1575350375029,"plugin_type":"PLATFORM","project":"4452600da3b350ab41d92ae108c2baae6ff0ac3ddb31bd67020ee046ec77ac09","place":"keyboard_shortcut","class":"com.intellij.openapi.editor.actions.EscapeAction","input_event":"Escape"},"id":"EditorEscape"}}
{"recorder_version":"21","session":"1f8f5e0ef104","build":"192.6262.58","bucket":"189","time":1575350378428,"group":{"id":"lifecycle","version":"21"},"event":{"count":1,"data":{"created":1575350378428,"project":"4452600da3b350ab41d92ae108c2baae6ff0ac3ddb31bd67020ee046ec77ac09"},"id":"frame.deactivated"}}
{"recorder_version":"21","session":"1f8f5e0ef104","build":"192.6262.58","bucket":"189","time":1575350382150,"group":{"id":"lifecycle","version":"21"},"event":{"count":1,"data":{"created":1575350382150,"project":"4452600da3b350ab41d92ae108c2baae6ff0ac3ddb31bd67020ee046ec77ac09"},"id":"frame.activated"}}
{"recorder_version":"21","session":"1f8f5e0ef104","build":"192.6262.58","bucket":"189","time":1575350383677,"group":{"id":"lifecycle","version":"21"},"event":{"count":1,"data":{"created":1575350383677,"project":"4452600da3b350ab41d92ae108c2baae6ff0ac3ddb31bd67020ee046ec77ac09"},"id":"frame.deactivated"}}
{"recorder_version":"21","session":"1f8f5e0ef104","build":"192.6262.58","bucket":"189","time":1575350385663,"group":{"id":"lifecycle","version":"21"},"event":{"count":1,"data":{"created":1575350385663,"project":"4452600da3b350ab41d92ae108c2baae6ff0ac3ddb31bd67020ee046ec77ac09"},"id":"frame.activated"}}
{"recorder_version":"21","session":"1f8f5e0ef104","build":"192.6262.58","bucket":"189","time":1575350387829,"group":{"id":"actions","version":"21"},"event":{"count":1,"data":{"context_menu":false,"current_file":"JAVA","created":1575350387829,"plugin_type":"PLATFORM","project":"4452600da3b350ab41d92ae108c2baae6ff0ac3ddb31bd67020ee046ec77ac09","place":"keyboard_shortcut","class":"com.intellij.openapi.editor.actions.EscapeAction","input_event":"Escape"},"id":"EditorEscape"}}
{"recorder_version":"21","session":"1f8f5e0ef104","build":"192.6262.58","bucket":"189","time":1575350388118,"group":{"id":"file.types.usage","version":"21"},"event":{"count":1,"data":{"plugin":"com.intellij.java","created":1575350388118,"plugin_type":"JB_BUNDLED","project":"4452600da3b350ab41d92ae108c2baae6ff0ac3ddb31bd67020ee046ec77ac09","type":"edit"},"id":"JAVA"}}
{"recorder_version":"21","session":"1f8f5e0ef104","build":"192.6262.58","bucket":"189","time":1575350389539,"group":{"id":"lifecycle","version":"21"},"event":{"count":1,"data":{"created":1575350389540,"project":"4452600da3b350ab41d92ae108c2baae6ff0ac3ddb31bd67020ee046ec77ac09"},"id":"frame.deactivated"}}
{"recorder_version":"21","session":"1f8f5e0ef104","build":"192.6262.58","bucket":"189","time":1575350392332,"group":{"id":"lifecycle","version":"21"},"event":{"count":1,"data":{"created":1575350392332,"project":"4452600da3b350ab41d92ae108c2baae6ff0ac3ddb31bd67020ee046ec77ac09"},"id":"frame.activated"}}
{"recorder_version":"21","session":"1f8f5e0ef104","build":"192.6262.58","bucket":"189","time":1575350392809,"group":{"id":"lifecycle","version":"21"},"event":{"count":1,"data":{"restart":false,"created":1575350392809},"id":"ide.close"}}
{"recorder_version":"21","session":"1f8f5e0ef104","build":"192.6262.58","bucket":"189","time":1575350392885,"group":{"id":"lifecycle","version":"21"},"event":{"count":1,"data":{"created":1575350392885,"project":"4452600da3b350ab41d92ae108c2baae6ff0ac3ddb31bd67020ee046ec77ac09"},"id":"project.closed"}}
