{"recorder_version":"21","session":"1f6db8eea323","build":"192.6262.58","bucket":"189","time":1574797697597,"group":{"id":"settings","version":"4"},"event":{"state":true,"data":{"component":"NotRoamableUiSettings","created":1574797697779},"id":"invoked"}}
{"recorder_version":"21","session":"1f6db8eea323","build":"192.6262.58","bucket":"189","time":1574797697599,"group":{"id":"system.java","version":"1"},"event":{"state":true,"data":{"created":1574797697781,"version":"1.11"},"id":"JetBrains"}}
{"recorder_version":"21","session":"1f6db8eea323","build":"192.6262.58","bucket":"189","time":1574797697599,"group":{"id":"system.java","version":"1"},"event":{"state":true,"data":{"created":1574797697797},"id":"invoked"}}
{"recorder_version":"21","session":"1f6db8eea323","build":"192.6262.58","bucket":"189","time":1574797697600,"group":{"id":"settings","version":"4"},"event":{"state":true,"data":{"component":"UISettings","created":1574797697797},"id":"invoked"}}
{"recorder_version":"21","session":"1f6db8eea323","build":"192.6262.58","bucket":"189","time":1574797697624,"group":{"id":"system.os","version":"3"},"event":{"state":true,"data":{"created":1574797697798,"version":"10.14"},"id":"Mac"}}
{"recorder_version":"21","session":"1f6db8eea323","build":"192.6262.58","bucket":"189","time":1574797697624,"group":{"id":"system.os","version":"3"},"event":{"state":true,"data":{"created":1574797697800,"name":"Mac","version":"10.14"},"id":"os.name"}}
{"recorder_version":"21","session":"1f6db8eea323","build":"192.6262.58","bucket":"189","time":1574797697624,"group":{"id":"system.os","version":"3"},"event":{"state":true,"data":{"created":1574797697801,"value":"+09_00"},"id":"os.timezone"}}
{"recorder_version":"21","session":"1f6db8eea323","build":"192.6262.58","bucket":"189","time":1574797697624,"group":{"id":"system.os","version":"3"},"event":{"state":true,"data":{"created":1574797697801},"id":"invoked"}}
{"recorder_version":"21","session":"1f6db8eea323","build":"192.6262.58","bucket":"189","time":1574797697779,"group":{"id":"event.log","version":"21"},"event":{"count":1,"data":{"created":1574797697802,"version":"925.0"},"id":"whitelist.loaded"}}
{"recorder_version":"21","session":"1f6db8eea323","build":"192.6262.58","bucket":"189","time":1574797699991,"group":{"id":"settings","version":"4"},"event":{"state":true,"data":{"component":"UpdatesConfigurable","created":1574797699991,"name":"checkNeeded","type":"bool","value":false},"id":"not.default"}}
{"recorder_version":"21","session":"1f6db8eea323","build":"192.6262.58","bucket":"189","time":1574797699991,"group":{"id":"settings","version":"4"},"event":{"state":true,"data":{"component":"UpdatesConfigurable","created":1574797699992},"id":"invoked"}}
{"recorder_version":"21","session":"1f6db8eea323","build":"192.6262.58","bucket":"189","time":1574797700112,"group":{"id":"settings","version":"4"},"event":{"state":true,"data":{"component":"GeneralSettings","created":1574797700113,"name":"confirmExit","type":"bool","value":false},"id":"not.default"}}
{"recorder_version":"21","session":"1f6db8eea323","build":"192.6262.58","bucket":"189","time":1574797700113,"group":{"id":"settings","version":"4"},"event":{"state":true,"data":{"component":"GeneralSettings","created":1574797700115,"name":"showTipsOnStartup","type":"bool","value":false},"id":"not.default"}}
{"recorder_version":"21","session":"1f6db8eea323","build":"192.6262.58","bucket":"189","time":1574797700113,"group":{"id":"settings","version":"4"},"event":{"state":true,"data":{"component":"GeneralSettings","created":1574797700116},"id":"invoked"}}
{"recorder_version":"21","session":"1f6db8eea323","build":"192.6262.58","bucket":"189","time":1574797700122,"group":{"id":"lifecycle","version":"21"},"event":{"count":1,"data":{"internal":true,"eap":false,"created":1574797700122},"id":"ide.start"}}
{"recorder_version":"21","session":"1f6db8eea323","build":"192.6262.58","bucket":"189","time":1574797700418,"group":{"id":"lifecycle","version":"21"},"event":{"count":1,"data":{"created":1574797700418},"id":"frame.activated"}}
{"recorder_version":"21","session":"1f6db8eea323","build":"192.6262.58","bucket":"189","time":1574797700645,"group":{"id":"performance","version":"21"},"event":{"count":1,"data":{"duration_ms":0,"created":1574797700645},"id":"ui.latency"}}
{"recorder_version":"21","session":"1f6db8eea323","build":"192.6262.58","bucket":"189","time":1574797700892,"group":{"id":"ui.dialogs","version":"21"},"event":{"count":1,"data":{"created":1574797700893,"plugin_type":"PLATFORM","type":"show"},"id":"com.intellij.openapi.progress.util.ProgressDialog$MyDialogWrapper"}}
{"recorder_version":"21","session":"1f6db8eea323","build":"192.6262.58","bucket":"189","time":1574797702029,"group":{"id":"lifecycle","version":"21"},"event":{"count":1,"data":{"created":1574797702030,"project":"92ddc83aceaa9edad1485397ccc1680a8fd16623aa2c155379eac4aafdb2a559"},"id":"project.opened"}}
{"recorder_version":"21","session":"1f6db8eea323","build":"192.6262.58","bucket":"189","time":1574797702781,"group":{"id":"performance","version":"21"},"event":{"count":1,"data":{"duration_ms":132,"created":1574797702781},"id":"ui.lagging"}}
{"recorder_version":"21","session":"1f6db8eea323","build":"192.6262.58","bucket":"189","time":1574797703749,"group":{"id":"settings","version":"4"},"event":{"state":true,"data":{"component":"XmlEditorOptions","created":1574797703749},"id":"invoked"}}
{"recorder_version":"21","session":"1f6db8eea323","build":"192.6262.58","bucket":"189","time":1574797703820,"group":{"id":"performance","version":"21"},"event":{"count":1,"data":{"duration_ms":171,"created":1574797703820},"id":"ui.lagging"}}
{"recorder_version":"21","session":"1f6db8eea323","build":"192.6262.58","bucket":"189","time":1574797704015,"group":{"id":"toolwindow","version":"21"},"event":{"count":1,"data":{"os":"Mac","created":1574797704015,"plugin_type":"PLATFORM"},"id":"Project"}}
{"recorder_version":"21","session":"1f6db8eea323","build":"192.6262.58","bucket":"189","time":1574797704760,"group":{"id":"performance","version":"21"},"event":{"count":1,"data":{"duration_ms":109,"created":1574797704761},"id":"ui.lagging"}}
{"recorder_version":"21","session":"1f6db8eea323","build":"192.6262.58","bucket":"189","time":1574797706371,"group":{"id":"project.fs","version":"1"},"event":{"state":true,"data":{"os":"Mac","cs-project":false,"created":1574797706371,"project":"92ddc83aceaa9edad1485397ccc1680a8fd16623aa2c155379eac4aafdb2a559","cs-implicit":true,"cs-system":false},"id":"case-sensitivity"}}
{"recorder_version":"21","session":"1f6db8eea323","build":"192.6262.58","bucket":"189","time":1574797706371,"group":{"id":"project.fs","version":"1"},"event":{"state":true,"data":{"created":1574797706372},"id":"invoked"}}
{"recorder_version":"21","session":"1f6db8eea323","build":"192.6262.58","bucket":"189","time":1574797706372,"group":{"id":"project.fs","version":"1"},"event":{"state":true,"data":{"pct-non-watched":0,"created":1574797706373,"project":"92ddc83aceaa9edad1485397ccc1680a8fd16623aa2c155379eac4aafdb2a559"},"id":"roots-watched"}}
{"recorder_version":"21","session":"1f6db8eea323","build":"192.6262.58","bucket":"189","time":1574797706372,"group":{"id":"project.fs","version":"1"},"event":{"state":true,"data":{"created":1574797706373},"id":"invoked"}}
{"recorder_version":"21","session":"1f6db8eea323","build":"192.6262.58","bucket":"189","time":1574797706464,"group":{"id":"ui.dialogs","version":"21"},"event":{"count":1,"data":{"code":1,"created":1574797706465,"plugin_type":"PLATFORM","type":"close"},"id":"com.intellij.openapi.progress.util.ProgressDialog$MyDialogWrapper"}}
{"recorder_version":"21","session":"1f6db8eea323","build":"192.6262.58","bucket":"189","time":1574797706685,"group":{"id":"lifecycle","version":"21"},"event":{"count":1,"data":{"duration_ms":6038,"created":1574797706685,"project":"92ddc83aceaa9edad1485397ccc1680a8fd16623aa2c155379eac4aafdb2a559"},"id":"project.opening.finished"}}
{"recorder_version":"21","session":"1f6db8eea323","build":"192.6262.58","bucket":"189","time":1574797707521,"group":{"id":"kotlin.jps.target","version":"1"},"event":{"count":1,"data":{"plugin_version":"1.3.41-release-IJ2019.2-1","created":1574797707521},"id":"jvm"}}
{"recorder_version":"21","session":"1f6db8eea323","build":"192.6262.58","bucket":"189","time":1574797710314,"group":{"id":"file.types.usage","version":"21"},"event":{"count":1,"data":{"created":1574797710315,"plugin_type":"PLATFORM","project":"92ddc83aceaa9edad1485397ccc1680a8fd16623aa2c155379eac4aafdb2a559","type":"edit"},"id":"IDEA_MODULE"}}
{"recorder_version":"21","session":"1f6db8eea323","build":"192.6262.58","bucket":"189","time":1574797727382,"group":{"id":"actions","version":"21"},"event":{"count":86,"data":{"context_menu":false,"last":1574797769390,"current_file":"TEXT","created":1574797727382,"plugin_type":"PLATFORM","project":"92ddc83aceaa9edad1485397ccc1680a8fd16623aa2c155379eac4aafdb2a559","place":"keyboard_shortcut","class":"com.intellij.openapi.editor.actions.BackspaceAction","input_event":"Backspace"},"id":"EditorBackSpace"}}
{"recorder_version":"21","session":"1f6db8eea323","build":"192.6262.58","bucket":"189","time":1574797770855,"group":{"id":"file.types.usage","version":"21"},"event":{"count":1,"data":{"created":1574797770855,"plugin_type":"PLATFORM","project":"92ddc83aceaa9edad1485397ccc1680a8fd16623aa2c155379eac4aafdb2a559","type":"edit"},"id":"IDEA_MODULE"}}
{"recorder_version":"21","session":"1f6db8eea323","build":"192.6262.58","bucket":"189","time":1574797775517,"group":{"id":"actions","version":"21"},"event":{"count":21,"data":{"context_menu":false,"last":1574797800203,"current_file":"TEXT","created":1574797775518,"plugin_type":"PLATFORM","project":"92ddc83aceaa9edad1485397ccc1680a8fd16623aa2c155379eac4aafdb2a559","place":"keyboard_shortcut","class":"com.intellij.openapi.editor.actions.BackspaceAction","input_event":"Backspace"},"id":"EditorBackSpace"}}
{"recorder_version":"21","session":"1f6db8eea323","build":"192.6262.58","bucket":"189","time":1574797800867,"group":{"id":"performance","version":"21"},"event":{"count":1,"data":{"duration_ms":1,"created":1574797800867},"id":"ui.latency"}}
{"recorder_version":"21","session":"1f6db8eea323","build":"192.6262.58","bucket":"189","time":1574797804949,"group":{"id":"lifecycle","version":"21"},"event":{"count":1,"data":{"created":1574797804950,"plugin_type":"NOT_LISTED","error":"java.lang.NullPointerException"},"id":"ide.error"}}
{"recorder_version":"21","session":"1f6db8eea323","build":"192.6262.58","bucket":"189","time":1574797807096,"group":{"id":"actions","version":"21"},"event":{"count":1,"data":{"context_menu":false,"created":1574797807096,"plugin_type":"PLATFORM","project":"92ddc83aceaa9edad1485397ccc1680a8fd16623aa2c155379eac4aafdb2a559","place":"keyboard_shortcut","class":"com.intellij.openapi.editor.actions.BackspaceAction","input_event":"Backspace"},"id":"EditorBackSpace"}}
{"recorder_version":"21","session":"1f6db8eea323","build":"192.6262.58","bucket":"189","time":1574797810637,"group":{"id":"lifecycle","version":"21"},"event":{"count":1,"data":{"restart":false,"created":1574797810637},"id":"ide.close"}}
{"recorder_version":"21","session":"1f6db8eea323","build":"192.6262.58","bucket":"189","time":1574797810927,"group":{"id":"lifecycle","version":"21"},"event":{"count":1,"data":{"created":1574797810927,"project":"92ddc83aceaa9edad1485397ccc1680a8fd16623aa2c155379eac4aafdb2a559"},"id":"project.closed"}}
