{"recorder_version":"21","session":"fda6955666cf","build":"192.6262.58","bucket":"189","time":1574428543691,"group":{"id":"settings","version":"4"},"event":{"state":true,"data":{"component":"NotRoamableUiSettings","created":1574428543839},"id":"invoked"}}
{"recorder_version":"21","session":"fda6955666cf","build":"192.6262.58","bucket":"189","time":1574428543694,"group":{"id":"system.java","version":"1"},"event":{"state":true,"data":{"created":1574428543841,"version":"1.11"},"id":"JetBrains"}}
{"recorder_version":"21","session":"fda6955666cf","build":"192.6262.58","bucket":"189","time":1574428543694,"group":{"id":"system.java","version":"1"},"event":{"state":true,"data":{"created":1574428543849},"id":"invoked"}}
{"recorder_version":"21","session":"fda6955666cf","build":"192.6262.58","bucket":"189","time":1574428543694,"group":{"id":"settings","version":"4"},"event":{"state":true,"data":{"component":"UISettings","created":1574428543850},"id":"invoked"}}
{"recorder_version":"21","session":"fda6955666cf","build":"192.6262.58","bucket":"189","time":1574428543716,"group":{"id":"system.os","version":"3"},"event":{"state":true,"data":{"created":1574428543850,"version":"10.14"},"id":"Mac"}}
{"recorder_version":"21","session":"fda6955666cf","build":"192.6262.58","bucket":"189","time":1574428543716,"group":{"id":"system.os","version":"3"},"event":{"state":true,"data":{"created":1574428543851,"name":"Mac","version":"10.14"},"id":"os.name"}}
{"recorder_version":"21","session":"fda6955666cf","build":"192.6262.58","bucket":"189","time":1574428543716,"group":{"id":"system.os","version":"3"},"event":{"state":true,"data":{"created":1574428543852,"value":"+09_00"},"id":"os.timezone"}}
{"recorder_version":"21","session":"fda6955666cf","build":"192.6262.58","bucket":"189","time":1574428543716,"group":{"id":"system.os","version":"3"},"event":{"state":true,"data":{"created":1574428543852},"id":"invoked"}}
{"recorder_version":"21","session":"fda6955666cf","build":"192.6262.58","bucket":"189","time":1574428543839,"group":{"id":"event.log","version":"21"},"event":{"count":1,"data":{"created":1574428543853,"version":"916.0"},"id":"whitelist.loaded"}}
{"recorder_version":"21","session":"fda6955666cf","build":"192.6262.58","bucket":"189","time":1574428546202,"group":{"id":"settings","version":"4"},"event":{"state":true,"data":{"component":"UpdatesConfigurable","created":1574428546202,"name":"checkNeeded","type":"bool","value":false},"id":"not.default"}}
{"recorder_version":"21","session":"fda6955666cf","build":"192.6262.58","bucket":"189","time":1574428546202,"group":{"id":"settings","version":"4"},"event":{"state":true,"data":{"component":"UpdatesConfigurable","created":1574428546204},"id":"invoked"}}
{"recorder_version":"21","session":"fda6955666cf","build":"192.6262.58","bucket":"189","time":1574428546724,"group":{"id":"lifecycle","version":"21"},"event":{"count":1,"data":{"internal":true,"eap":false,"created":1574428546725},"id":"ide.start"}}
{"recorder_version":"21","session":"fda6955666cf","build":"192.6262.58","bucket":"189","time":1574428546727,"group":{"id":"settings","version":"4"},"event":{"state":true,"data":{"component":"GeneralSettings","created":1574428546727,"name":"confirmExit","type":"bool","value":false},"id":"not.default"}}
{"recorder_version":"21","session":"fda6955666cf","build":"192.6262.58","bucket":"189","time":1574428546727,"group":{"id":"settings","version":"4"},"event":{"state":true,"data":{"component":"GeneralSettings","created":1574428546728,"name":"showTipsOnStartup","type":"bool","value":false},"id":"not.default"}}
{"recorder_version":"21","session":"fda6955666cf","build":"192.6262.58","bucket":"189","time":1574428546727,"group":{"id":"settings","version":"4"},"event":{"state":true,"data":{"component":"GeneralSettings","created":1574428546729},"id":"invoked"}}
{"recorder_version":"21","session":"fda6955666cf","build":"192.6262.58","bucket":"189","time":1574428546821,"group":{"id":"performance","version":"21"},"event":{"count":1,"data":{"duration_ms":88,"created":1574428546821},"id":"ui.latency"}}
{"recorder_version":"21","session":"fda6955666cf","build":"192.6262.58","bucket":"189","time":1574428547374,"group":{"id":"settings","version":"4"},"event":{"state":true,"data":{"component":"XmlEditorOptions","created":1574428547374},"id":"invoked"}}
{"recorder_version":"21","session":"fda6955666cf","build":"192.6262.58","bucket":"189","time":1574428548465,"group":{"id":"ui.dialogs","version":"21"},"event":{"count":1,"data":{"created":1574428548466,"plugin_type":"PLATFORM","type":"show"},"id":"com.intellij.openapi.progress.util.ProgressDialog$MyDialogWrapper"}}
{"recorder_version":"21","session":"fda6955666cf","build":"192.6262.58","bucket":"189","time":1574428549369,"group":{"id":"lifecycle","version":"21"},"event":{"count":1,"data":{"created":1574428549369,"project":"a0f12fb42952fc36a102045bdbb22ad1f15aa9443e9c675024683f4da70c8bc4"},"id":"project.opened"}}
{"recorder_version":"21","session":"fda6955666cf","build":"192.6262.58","bucket":"189","time":1574428549945,"group":{"id":"performance","version":"21"},"event":{"count":1,"data":{"duration_ms":206,"created":1574428549945},"id":"ui.lagging"}}
{"recorder_version":"21","session":"fda6955666cf","build":"192.6262.58","bucket":"189","time":1574428551421,"group":{"id":"performance","version":"21"},"event":{"count":1,"data":{"duration_ms":676,"created":1574428551421},"id":"ui.lagging"}}
{"recorder_version":"21","session":"fda6955666cf","build":"192.6262.58","bucket":"189","time":1574428551534,"group":{"id":"toolwindow","version":"21"},"event":{"count":1,"data":{"os":"Mac","created":1574428551534,"plugin_type":"PLATFORM"},"id":"Project"}}
{"recorder_version":"21","session":"fda6955666cf","build":"192.6262.58","bucket":"189","time":1574428551869,"group":{"id":"performance","version":"21"},"event":{"count":1,"data":{"duration_ms":123,"created":1574428551869},"id":"ui.lagging"}}
{"recorder_version":"21","session":"fda6955666cf","build":"192.6262.58","bucket":"189","time":1574428553388,"group":{"id":"project.fs","version":"1"},"event":{"state":true,"data":{"os":"Mac","cs-project":false,"created":1574428553388,"project":"a0f12fb42952fc36a102045bdbb22ad1f15aa9443e9c675024683f4da70c8bc4","cs-implicit":true,"cs-system":false},"id":"case-sensitivity"}}
{"recorder_version":"21","session":"fda6955666cf","build":"192.6262.58","bucket":"189","time":1574428553388,"group":{"id":"project.fs","version":"1"},"event":{"state":true,"data":{"created":1574428553389},"id":"invoked"}}
{"recorder_version":"21","session":"fda6955666cf","build":"192.6262.58","bucket":"189","time":1574428553389,"group":{"id":"project.fs","version":"1"},"event":{"state":true,"data":{"pct-non-watched":0,"created":1574428553390,"project":"a0f12fb42952fc36a102045bdbb22ad1f15aa9443e9c675024683f4da70c8bc4"},"id":"roots-watched"}}
{"recorder_version":"21","session":"fda6955666cf","build":"192.6262.58","bucket":"189","time":1574428553389,"group":{"id":"project.fs","version":"1"},"event":{"state":true,"data":{"created":1574428553391},"id":"invoked"}}
{"recorder_version":"21","session":"fda6955666cf","build":"192.6262.58","bucket":"189","time":1574428553417,"group":{"id":"ui.dialogs","version":"21"},"event":{"count":1,"data":{"code":1,"created":1574428553418,"plugin_type":"PLATFORM","type":"close"},"id":"com.intellij.openapi.progress.util.ProgressDialog$MyDialogWrapper"}}
{"recorder_version":"21","session":"fda6955666cf","build":"192.6262.58","bucket":"189","time":1574428553546,"group":{"id":"lifecycle","version":"21"},"event":{"count":1,"data":{"duration_ms":5340,"created":1574428553546,"project":"a0f12fb42952fc36a102045bdbb22ad1f15aa9443e9c675024683f4da70c8bc4"},"id":"project.opening.finished"}}
{"recorder_version":"21","session":"fda6955666cf","build":"192.6262.58","bucket":"189","time":1574428554157,"group":{"id":"kotlin.jps.target","version":"1"},"event":{"count":1,"data":{"plugin_version":"1.3.41-release-IJ2019.2-1","created":1574428554158},"id":"jvm"}}
{"recorder_version":"21","session":"fda6955666cf","build":"192.6262.58","bucket":"189","time":1574428564435,"group":{"id":"actions","version":"21"},"event":{"count":1,"data":{"context_menu":true,"current_file":"JAVA","created":1574428564435,"plugin_type":"NOT_LISTED","project":"a0f12fb42952fc36a102045bdbb22ad1f15aa9443e9c675024683f4da70c8bc4","place":"MainMenu","class":"third.party","input_event":"NoMouseButton"},"id":"third.party"}}
{"recorder_version":"21","session":"fda6955666cf","build":"192.6262.58","bucket":"189","time":1574428564563,"group":{"id":"ui.dialogs","version":"21"},"event":{"count":1,"data":{"created":1574428564564,"plugin_type":"PLATFORM","type":"show"},"id":"com.intellij.openapi.ui.Messages$InputDialog"}}
{"recorder_version":"21","session":"fda6955666cf","build":"192.6262.58","bucket":"189","time":1574428566818,"group":{"id":"actions","version":"21"},"event":{"count":2,"data":{"context_menu":false,"last":1574428566954,"created":1574428566819,"plugin_type":"PLATFORM","project":"a0f12fb42952fc36a102045bdbb22ad1f15aa9443e9c675024683f4da70c8bc4","place":"keyboard_shortcut","class":"com.intellij.openapi.editor.actions.BackspaceAction","input_event":"Backspace"},"id":"EditorBackSpace"}}
{"recorder_version":"21","session":"fda6955666cf","build":"192.6262.58","bucket":"189","time":1574428569269,"group":{"id":"actions","version":"21"},"event":{"count":1,"data":{"created":1574428569269,"input_event":"Enter"},"id":"DialogOkAction"}}
{"recorder_version":"21","session":"fda6955666cf","build":"192.6262.58","bucket":"189","time":1574428569269,"group":{"id":"ui.dialogs","version":"21"},"event":{"count":1,"data":{"code":0,"created":1574428569270,"plugin_type":"PLATFORM","type":"close"},"id":"com.intellij.openapi.ui.Messages$InputDialog"}}
{"recorder_version":"21","session":"fda6955666cf","build":"192.6262.58","bucket":"189","time":1574428569278,"group":{"id":"lifecycle","version":"21"},"event":{"count":1,"data":{"created":1574428569278,"project":"a0f12fb42952fc36a102045bdbb22ad1f15aa9443e9c675024683f4da70c8bc4"},"id":"frame.deactivated"}}
{"recorder_version":"21","session":"fda6955666cf","build":"192.6262.58","bucket":"189","time":1574428569355,"group":{"id":"lifecycle","version":"21"},"event":{"count":1,"data":{"created":1574428569355,"project":"a0f12fb42952fc36a102045bdbb22ad1f15aa9443e9c675024683f4da70c8bc4"},"id":"frame.activated"}}
{"recorder_version":"21","session":"fda6955666cf","build":"192.6262.58","bucket":"189","time":1574428570040,"group":{"id":"performance","version":"21"},"event":{"count":1,"data":{"duration_ms":252,"created":1574428570040},"id":"ui.lagging"}}
{"recorder_version":"21","session":"fda6955666cf","build":"192.6262.58","bucket":"189","time":1574428572437,"group":{"id":"lifecycle","version":"21"},"event":{"count":1,"data":{"created":1574428572437,"project":"a0f12fb42952fc36a102045bdbb22ad1f15aa9443e9c675024683f4da70c8bc4"},"id":"project.closed"}}
{"recorder_version":"21","session":"fda6955666cf","build":"192.6262.58","bucket":"189","time":1574428647012,"group":{"id":"performance","version":"21"},"event":{"count":1,"data":{"duration_ms":0,"created":1574428647012},"id":"ui.latency"}}
{"recorder_version":"21","session":"fda6955666cf","build":"192.6262.58","bucket":"189","time":1574428747288,"group":{"id":"performance","version":"21"},"event":{"count":1,"data":{"duration_ms":0,"created":1574428747289},"id":"ui.latency"}}
{"recorder_version":"21","session":"fda6955666cf","build":"192.6262.58","bucket":"189","time":1574428846713,"group":{"id":"build.tools.actions","version":"1"},"event":{"count":1,"data":{"created":1574428846713},"id":"registered"}}
{"recorder_version":"21","session":"fda6955666cf","build":"192.6262.58","bucket":"189","time":1574428846713,"group":{"id":"file.types.usage","version":"21"},"event":{"count":1,"data":{"created":1574428846714},"id":"registered"}}
{"recorder_version":"21","session":"fda6955666cf","build":"192.6262.58","bucket":"189","time":1574428846713,"group":{"id":"ide.script.engine","version":"1"},"event":{"count":1,"data":{"created":1574428846714},"id":"registered"}}
{"recorder_version":"21","session":"fda6955666cf","build":"192.6262.58","bucket":"189","time":1574428846713,"group":{"id":"actions.runAnything","version":"1"},"event":{"count":1,"data":{"created":1574428846715},"id":"registered"}}
{"recorder_version":"21","session":"fda6955666cf","build":"192.6262.58","bucket":"189","time":1574428846713,"group":{"id":"toolwindow","version":"21"},"event":{"count":1,"data":{"created":1574428846715},"id":"registered"}}
{"recorder_version":"21","session":"fda6955666cf","build":"192.6262.58","bucket":"189","time":1574428846713,"group":{"id":"kotlin.ide.newFileTempl","version":"1"},"event":{"count":1,"data":{"created":1574428846715},"id":"registered"}}
{"recorder_version":"21","session":"fda6955666cf","build":"192.6262.58","bucket":"189","time":1574428846713,"group":{"id":"live.templates","version":"21"},"event":{"count":1,"data":{"created":1574428846715},"id":"registered"}}
{"recorder_version":"21","session":"fda6955666cf","build":"192.6262.58","bucket":"189","time":1574428846713,"group":{"id":"ide.self.update","version":"2"},"event":{"count":1,"data":{"created":1574428846716},"id":"registered"}}
{"recorder_version":"21","session":"fda6955666cf","build":"192.6262.58","bucket":"189","time":1574428846713,"group":{"id":"ui.settings","version":"21"},"event":{"count":1,"data":{"created":1574428846716},"id":"registered"}}
{"recorder_version":"21","session":"fda6955666cf","build":"192.6262.58","bucket":"189","time":1574428846713,"group":{"id":"lifecycle","version":"21"},"event":{"count":1,"data":{"created":1574428846716},"id":"registered"}}
{"recorder_version":"21","session":"fda6955666cf","build":"192.6262.58","bucket":"189","time":1574428846713,"group":{"id":"vcs.diff.trigger","version":"1"},"event":{"count":1,"data":{"created":1574428846716},"id":"registered"}}
{"recorder_version":"21","session":"fda6955666cf","build":"192.6262.58","bucket":"189","time":1574428846713,"group":{"id":"vcs.log.trigger","version":"2"},"event":{"count":1,"data":{"created":1574428846716},"id":"registered"}}
{"recorder_version":"21","session":"fda6955666cf","build":"192.6262.58","bucket":"189","time":1574428846713,"group":{"id":"productivity","version":"21"},"event":{"count":1,"data":{"created":1574428846716},"id":"registered"}}
{"recorder_version":"21","session":"fda6955666cf","build":"192.6262.58","bucket":"189","time":1574428846713,"group":{"id":"debugger.breakpoints.usage","version":"2"},"event":{"count":1,"data":{"created":1574428846716},"id":"registered"}}
{"recorder_version":"21","session":"fda6955666cf","build":"192.6262.58","bucket":"189","time":1574428846713,"group":{"id":"kotlin.gradle.library","version":"1"},"event":{"count":1,"data":{"created":1574428846717},"id":"registered"}}
{"recorder_version":"21","session":"fda6955666cf","build":"192.6262.58","bucket":"189","time":1574428846713,"group":{"id":"find","version":"1"},"event":{"count":1,"data":{"created":1574428846717},"id":"registered"}}
{"recorder_version":"21","session":"fda6955666cf","build":"192.6262.58","bucket":"189","time":1574428846713,"group":{"id":"kotlin.gradle.target","version":"1"},"event":{"count":1,"data":{"created":1574428846717},"id":"registered"}}
{"recorder_version":"21","session":"fda6955666cf","build":"192.6262.58","bucket":"189","time":1574428846713,"group":{"id":"gutter.icon.click","version":"1"},"event":{"count":1,"data":{"created":1574428846717},"id":"registered"}}
{"recorder_version":"21","session":"fda6955666cf","build":"192.6262.58","bucket":"189","time":1574428846713,"group":{"id":"shell.script","version":"1"},"event":{"count":1,"data":{"created":1574428846717},"id":"registered"}}
{"recorder_version":"21","session":"fda6955666cf","build":"192.6262.58","bucket":"189","time":1574428846713,"group":{"id":"kotlin.ide.debugger.eval","version":"1"},"event":{"count":1,"data":{"created":1574428846717},"id":"registered"}}
{"recorder_version":"21","session":"fda6955666cf","build":"192.6262.58","bucket":"189","time":1574428846713,"group":{"id":"build.maven.actions","version":"1"},"event":{"count":1,"data":{"created":1574428846717},"id":"registered"}}
{"recorder_version":"21","session":"fda6955666cf","build":"192.6262.58","bucket":"189","time":1574428846713,"group":{"id":"ui.event","version":"1"},"event":{"count":1,"data":{"created":1574428846718},"id":"registered"}}
{"recorder_version":"21","session":"fda6955666cf","build":"192.6262.58","bucket":"189","time":1574428846713,"group":{"id":"new.project.wizard","version":"1"},"event":{"count":1,"data":{"created":1574428846718},"id":"registered"}}
{"recorder_version":"21","session":"fda6955666cf","build":"192.6262.58","bucket":"189","time":1574428846713,"group":{"id":"kotlin.ide.npwizards","version":"1"},"event":{"count":1,"data":{"created":1574428846718},"id":"registered"}}
{"recorder_version":"21","session":"fda6955666cf","build":"192.6262.58","bucket":"189","time":1574428846713,"group":{"id":"intentions","version":"21"},"event":{"count":1,"data":{"created":1574428846718},"id":"registered"}}
{"recorder_version":"21","session":"fda6955666cf","build":"192.6262.58","bucket":"189","time":1574428846713,"group":{"id":"ui.dialogs","version":"21"},"event":{"count":1,"data":{"created":1574428846718},"id":"registered"}}
{"recorder_version":"21","session":"fda6955666cf","build":"192.6262.58","bucket":"189","time":1574428846713,"group":{"id":"vcs.back.forward.trigger","version":"1"},"event":{"count":1,"data":{"created":1574428846718},"id":"registered"}}
{"recorder_version":"21","session":"fda6955666cf","build":"192.6262.58","bucket":"189","time":1574428846713,"group":{"id":"vcs.change.reminder","version":"1"},"event":{"count":1,"data":{"created":1574428846719},"id":"registered"}}
{"recorder_version":"21","session":"fda6955666cf","build":"192.6262.58","bucket":"189","time":1574428846713,"group":{"id":"toolbar","version":"21"},"event":{"count":1,"data":{"created":1574428846719},"id":"registered"}}
{"recorder_version":"21","session":"fda6955666cf","build":"192.6262.58","bucket":"189","time":1574428846713,"group":{"id":"build.gradle.actions","version":"1"},"event":{"count":1,"data":{"created":1574428846719},"id":"registered"}}
{"recorder_version":"21","session":"fda6955666cf","build":"192.6262.58","bucket":"189","time":1574428846713,"group":{"id":"kotlin.maven.target","version":"1"},"event":{"count":1,"data":{"created":1574428846719},"id":"registered"}}
{"recorder_version":"21","session":"fda6955666cf","build":"192.6262.58","bucket":"189","time":1574428846713,"group":{"id":"performance","version":"21"},"event":{"count":1,"data":{"created":1574428846719},"id":"registered"}}
{"recorder_version":"21","session":"fda6955666cf","build":"192.6262.58","bucket":"189","time":1574428846713,"group":{"id":"searchEverywhere","version":"1"},"event":{"count":1,"data":{"created":1574428846719},"id":"registered"}}
{"recorder_version":"21","session":"fda6955666cf","build":"192.6262.58","bucket":"189","time":1574428846713,"group":{"id":"kotlin.ide.action.refactoring","version":"1"},"event":{"count":1,"data":{"created":1574428846720},"id":"registered"}}
{"recorder_version":"21","session":"fda6955666cf","build":"192.6262.58","bucket":"189","time":1574428846713,"group":{"id":"ui.tips","version":"2"},"event":{"count":1,"data":{"created":1574428846720},"id":"registered"}}
{"recorder_version":"21","session":"fda6955666cf","build":"192.6262.58","bucket":"189","time":1574428846713,"group":{"id":"surround.with","version":"1"},"event":{"count":1,"data":{"created":1574428846720},"id":"registered"}}
{"recorder_version":"21","session":"fda6955666cf","build":"192.6262.58","bucket":"189","time":1574428846713,"group":{"id":"import.old.config","version":"1"},"event":{"count":1,"data":{"created":1574428846720},"id":"registered"}}
{"recorder_version":"21","session":"fda6955666cf","build":"192.6262.58","bucket":"189","time":1574428846713,"group":{"id":"json.schema","version":"1"},"event":{"count":1,"data":{"created":1574428846720},"id":"registered"}}
{"recorder_version":"21","session":"fda6955666cf","build":"192.6262.58","bucket":"189","time":1574428846713,"group":{"id":"kotlin.jps.target","version":"1"},"event":{"count":1,"data":{"created":1574428846720},"id":"registered"}}
{"recorder_version":"21","session":"fda6955666cf","build":"192.6262.58","bucket":"189","time":1574428846713,"group":{"id":"terminalShell","version":"1"},"event":{"count":1,"data":{"created":1574428846721},"id":"registered"}}
{"recorder_version":"21","session":"fda6955666cf","build":"192.6262.58","bucket":"189","time":1574428846713,"group":{"id":"completion.postfix","version":"21"},"event":{"count":1,"data":{"created":1574428846721},"id":"registered"}}
{"recorder_version":"21","session":"fda6955666cf","build":"192.6262.58","bucket":"189","time":1574428846713,"group":{"id":"build.ant.actions","version":"1"},"event":{"count":1,"data":{"created":1574428846721},"id":"registered"}}
{"recorder_version":"21","session":"fda6955666cf","build":"192.6262.58","bucket":"189","time":1574428846713,"group":{"id":"actions","version":"21"},"event":{"count":1,"data":{"created":1574428846721},"id":"registered"}}
{"recorder_version":"21","session":"fda6955666cf","build":"192.6262.58","bucket":"189","time":1574428846713,"group":{"id":"event.log","version":"21"},"event":{"count":1,"data":{"created":1574428846721},"id":"registered"}}
{"recorder_version":"21","session":"fda6955666cf","build":"192.6262.58","bucket":"189","time":1574428846713,"group":{"id":"run.configuration.exec","version":"21"},"event":{"count":1,"data":{"created":1574428846721},"id":"registered"}}
{"recorder_version":"21","session":"fda6955666cf","build":"192.6262.58","bucket":"189","time":1574428846713,"group":{"id":"build.maven.packagesearch","version":"2"},"event":{"count":1,"data":{"created":1574428846722},"id":"registered"}}
{"recorder_version":"21","session":"fda6955666cf","build":"192.6262.58","bucket":"189","time":1574428847559,"group":{"id":"performance","version":"21"},"event":{"count":1,"data":{"duration_ms":1,"created":1574428847559},"id":"ui.latency"}}
{"recorder_version":"21","session":"fda6955666cf","build":"192.6262.58","bucket":"189","time":1574428947844,"group":{"id":"performance","version":"21"},"event":{"count":1,"data":{"duration_ms":1,"created":1574428947844},"id":"ui.latency"}}
{"recorder_version":"21","session":"fda6955666cf","build":"192.6262.58","bucket":"189","time":1574429048122,"group":{"id":"performance","version":"21"},"event":{"count":1,"data":{"duration_ms":0,"created":1574429048122},"id":"ui.latency"}}
{"recorder_version":"21","session":"fda6955666cf","build":"192.6262.58","bucket":"189","time":1574429056908,"group":{"id":"lifecycle","version":"21"},"event":{"count":1,"data":{"restart":false,"created":1574429056908},"id":"ide.close"}}
