{"recorder_version":"21","session":"b22ccb5221d0","build":"192.6262.58","bucket":"189","time":1574799227794,"group":{"id":"settings","version":"4"},"event":{"state":true,"data":{"component":"NotRoamableUiSettings","created":1574799227950},"id":"invoked"}}
{"recorder_version":"21","session":"b22ccb5221d0","build":"192.6262.58","bucket":"189","time":1574799227795,"group":{"id":"settings","version":"4"},"event":{"state":true,"data":{"component":"UISettings","created":1574799227952},"id":"invoked"}}
{"recorder_version":"21","session":"b22ccb5221d0","build":"192.6262.58","bucket":"189","time":1574799227796,"group":{"id":"system.java","version":"1"},"event":{"state":true,"data":{"created":1574799227960,"version":"1.11"},"id":"JetBrains"}}
{"recorder_version":"21","session":"b22ccb5221d0","build":"192.6262.58","bucket":"189","time":1574799227796,"group":{"id":"system.java","version":"1"},"event":{"state":true,"data":{"created":1574799227961},"id":"invoked"}}
{"recorder_version":"21","session":"b22ccb5221d0","build":"192.6262.58","bucket":"189","time":1574799227820,"group":{"id":"system.os","version":"3"},"event":{"state":true,"data":{"created":1574799227962,"version":"10.14"},"id":"Mac"}}
{"recorder_version":"21","session":"b22ccb5221d0","build":"192.6262.58","bucket":"189","time":1574799227820,"group":{"id":"system.os","version":"3"},"event":{"state":true,"data":{"created":1574799227962,"name":"Mac","version":"10.14"},"id":"os.name"}}
{"recorder_version":"21","session":"b22ccb5221d0","build":"192.6262.58","bucket":"189","time":1574799227820,"group":{"id":"system.os","version":"3"},"event":{"state":true,"data":{"created":1574799227963,"value":"+09_00"},"id":"os.timezone"}}
{"recorder_version":"21","session":"b22ccb5221d0","build":"192.6262.58","bucket":"189","time":1574799227820,"group":{"id":"system.os","version":"3"},"event":{"state":true,"data":{"created":1574799227963},"id":"invoked"}}
{"recorder_version":"21","session":"b22ccb5221d0","build":"192.6262.58","bucket":"189","time":1574799227950,"group":{"id":"event.log","version":"21"},"event":{"count":1,"data":{"created":1574799227964,"version":"930.0"},"id":"whitelist.loaded"}}
{"recorder_version":"21","session":"b22ccb5221d0","build":"192.6262.58","bucket":"189","time":1574799230253,"group":{"id":"settings","version":"4"},"event":{"state":true,"data":{"component":"UpdatesConfigurable","created":1574799230254,"name":"checkNeeded","type":"bool","value":false},"id":"not.default"}}
{"recorder_version":"21","session":"b22ccb5221d0","build":"192.6262.58","bucket":"189","time":1574799230253,"group":{"id":"settings","version":"4"},"event":{"state":true,"data":{"component":"UpdatesConfigurable","created":1574799230255},"id":"invoked"}}
{"recorder_version":"21","session":"b22ccb5221d0","build":"192.6262.58","bucket":"189","time":1574799230381,"group":{"id":"settings","version":"4"},"event":{"state":true,"data":{"component":"GeneralSettings","created":1574799230381,"name":"confirmExit","type":"bool","value":false},"id":"not.default"}}
{"recorder_version":"21","session":"b22ccb5221d0","build":"192.6262.58","bucket":"189","time":1574799230381,"group":{"id":"settings","version":"4"},"event":{"state":true,"data":{"component":"GeneralSettings","created":1574799230384,"name":"showTipsOnStartup","type":"bool","value":false},"id":"not.default"}}
{"recorder_version":"21","session":"b22ccb5221d0","build":"192.6262.58","bucket":"189","time":1574799230381,"group":{"id":"settings","version":"4"},"event":{"state":true,"data":{"component":"GeneralSettings","created":1574799230386},"id":"invoked"}}
{"recorder_version":"21","session":"b22ccb5221d0","build":"192.6262.58","bucket":"189","time":1574799230386,"group":{"id":"lifecycle","version":"21"},"event":{"count":1,"data":{"internal":true,"eap":false,"created":1574799230386},"id":"ide.start"}}
{"recorder_version":"21","session":"b22ccb5221d0","build":"192.6262.58","bucket":"189","time":1574799230651,"group":{"id":"lifecycle","version":"21"},"event":{"count":1,"data":{"created":1574799230651},"id":"frame.activated"}}
{"recorder_version":"21","session":"b22ccb5221d0","build":"192.6262.58","bucket":"189","time":1574799230912,"group":{"id":"performance","version":"21"},"event":{"count":1,"data":{"duration_ms":1,"created":1574799230912},"id":"ui.latency"}}
{"recorder_version":"21","session":"b22ccb5221d0","build":"192.6262.58","bucket":"189","time":1574799231109,"group":{"id":"ui.dialogs","version":"21"},"event":{"count":1,"data":{"created":1574799231109,"plugin_type":"PLATFORM","type":"show"},"id":"com.intellij.openapi.progress.util.ProgressDialog$MyDialogWrapper"}}
{"recorder_version":"21","session":"b22ccb5221d0","build":"192.6262.58","bucket":"189","time":1574799231989,"group":{"id":"lifecycle","version":"21"},"event":{"count":1,"data":{"created":1574799231989,"project":"92ddc83aceaa9edad1485397ccc1680a8fd16623aa2c155379eac4aafdb2a559"},"id":"project.opened"}}
{"recorder_version":"21","session":"b22ccb5221d0","build":"192.6262.58","bucket":"189","time":1574799233555,"group":{"id":"settings","version":"4"},"event":{"state":true,"data":{"component":"XmlEditorOptions","created":1574799233555},"id":"invoked"}}
{"recorder_version":"21","session":"b22ccb5221d0","build":"192.6262.58","bucket":"189","time":1574799233603,"group":{"id":"performance","version":"21"},"event":{"count":1,"data":{"duration_ms":690,"created":1574799233603},"id":"ui.lagging"}}
{"recorder_version":"21","session":"b22ccb5221d0","build":"192.6262.58","bucket":"189","time":1574799233786,"group":{"id":"toolwindow","version":"21"},"event":{"count":1,"data":{"os":"Mac","created":1574799233786,"plugin_type":"PLATFORM"},"id":"Project"}}
{"recorder_version":"21","session":"b22ccb5221d0","build":"192.6262.58","bucket":"189","time":1574799234149,"group":{"id":"performance","version":"21"},"event":{"count":1,"data":{"duration_ms":234,"created":1574799234149},"id":"ui.lagging"}}
{"recorder_version":"21","session":"b22ccb5221d0","build":"192.6262.58","bucket":"189","time":1574799235814,"group":{"id":"kotlin.jps.target","version":"1"},"event":{"count":1,"data":{"plugin_version":"validation.undefined_rule","created":1574799235815},"id":"validation.undefined_rule"}}
{"recorder_version":"21","session":"b22ccb5221d0","build":"192.6262.58","bucket":"189","time":1574799235837,"group":{"id":"project.fs","version":"1"},"event":{"state":true,"data":{"os":"Mac","cs-project":false,"created":1574799235837,"project":"92ddc83aceaa9edad1485397ccc1680a8fd16623aa2c155379eac4aafdb2a559","cs-implicit":true,"cs-system":false},"id":"case-sensitivity"}}
{"recorder_version":"21","session":"b22ccb5221d0","build":"192.6262.58","bucket":"189","time":1574799235837,"group":{"id":"project.fs","version":"1"},"event":{"state":true,"data":{"created":1574799235837},"id":"invoked"}}
{"recorder_version":"21","session":"b22ccb5221d0","build":"192.6262.58","bucket":"189","time":1574799235837,"group":{"id":"project.fs","version":"1"},"event":{"state":true,"data":{"pct-non-watched":0,"created":1574799235838,"project":"92ddc83aceaa9edad1485397ccc1680a8fd16623aa2c155379eac4aafdb2a559"},"id":"roots-watched"}}
{"recorder_version":"21","session":"b22ccb5221d0","build":"192.6262.58","bucket":"189","time":1574799235837,"group":{"id":"project.fs","version":"1"},"event":{"state":true,"data":{"created":1574799235838},"id":"invoked"}}
{"recorder_version":"21","session":"b22ccb5221d0","build":"192.6262.58","bucket":"189","time":1574799235927,"group":{"id":"ui.dialogs","version":"21"},"event":{"count":1,"data":{"code":1,"created":1574799235927,"plugin_type":"PLATFORM","type":"close"},"id":"com.intellij.openapi.progress.util.ProgressDialog$MyDialogWrapper"}}
{"recorder_version":"21","session":"b22ccb5221d0","build":"192.6262.58","bucket":"189","time":1574799236077,"group":{"id":"lifecycle","version":"21"},"event":{"count":1,"data":{"duration_ms":5215,"created":1574799236077,"project":"92ddc83aceaa9edad1485397ccc1680a8fd16623aa2c155379eac4aafdb2a559"},"id":"project.opening.finished"}}
{"recorder_version":"21","session":"b22ccb5221d0","build":"192.6262.58","bucket":"189","time":1574799239462,"group":{"id":"file.types.usage","version":"21"},"event":{"count":1,"data":{"created":1574799239462,"plugin_type":"PLATFORM","project":"92ddc83aceaa9edad1485397ccc1680a8fd16623aa2c155379eac4aafdb2a559","type":"edit"},"id":"IDEA_MODULE"}}
{"recorder_version":"21","session":"b22ccb5221d0","build":"192.6262.58","bucket":"189","time":1574799265158,"group":{"id":"lifecycle","version":"21"},"event":{"count":1,"data":{"created":1574799265158,"project":"92ddc83aceaa9edad1485397ccc1680a8fd16623aa2c155379eac4aafdb2a559"},"id":"frame.deactivated"}}
{"recorder_version":"21","session":"b22ccb5221d0","build":"192.6262.58","bucket":"189","time":1574799272534,"group":{"id":"lifecycle","version":"21"},"event":{"count":1,"data":{"created":1574799272535,"project":"92ddc83aceaa9edad1485397ccc1680a8fd16623aa2c155379eac4aafdb2a559"},"id":"frame.activated"}}
{"recorder_version":"21","session":"b22ccb5221d0","build":"192.6262.58","bucket":"189","time":1574799318671,"group":{"id":"lifecycle","version":"21"},"event":{"count":1,"data":{"created":1574799318671,"project":"92ddc83aceaa9edad1485397ccc1680a8fd16623aa2c155379eac4aafdb2a559"},"id":"frame.deactivated"}}
{"recorder_version":"21","session":"b22ccb5221d0","build":"192.6262.58","bucket":"189","time":1574799331218,"group":{"id":"performance","version":"21"},"event":{"count":1,"data":{"duration_ms":1,"created":1574799331218},"id":"ui.latency"}}
{"recorder_version":"21","session":"b22ccb5221d0","build":"192.6262.58","bucket":"189","time":1574799355984,"group":{"id":"lifecycle","version":"21"},"event":{"count":1,"data":{"created":1574799355984,"project":"92ddc83aceaa9edad1485397ccc1680a8fd16623aa2c155379eac4aafdb2a559"},"id":"frame.activated"}}
{"recorder_version":"21","session":"b22ccb5221d0","build":"192.6262.58","bucket":"189","time":1574799356524,"group":{"id":"lifecycle","version":"21"},"event":{"count":1,"data":{"restart":false,"created":1574799356525},"id":"ide.close"}}
{"recorder_version":"21","session":"b22ccb5221d0","build":"192.6262.58","bucket":"189","time":1574799356609,"group":{"id":"lifecycle","version":"21"},"event":{"count":1,"data":{"created":1574799356609,"project":"92ddc83aceaa9edad1485397ccc1680a8fd16623aa2c155379eac4aafdb2a559"},"id":"project.closed"}}
