{"recorder_version":"21","session":"1ddb14d575d8","build":"192.6262.58","bucket":"189","time":1575129816122,"group":{"id":"settings","version":"4"},"event":{"state":true,"data":{"component":"NotRoamableUiSettings","created":1575129816357},"id":"invoked"}}
{"recorder_version":"21","session":"1ddb14d575d8","build":"192.6262.58","bucket":"189","time":1575129816124,"group":{"id":"settings","version":"4"},"event":{"state":true,"data":{"component":"UISettings","created":1575129816359},"id":"invoked"}}
{"recorder_version":"21","session":"1ddb14d575d8","build":"192.6262.58","bucket":"189","time":1575129816125,"group":{"id":"system.java","version":"1"},"event":{"state":true,"data":{"created":1575129816369,"version":"1.11"},"id":"JetBrains"}}
{"recorder_version":"21","session":"1ddb14d575d8","build":"192.6262.58","bucket":"189","time":1575129816125,"group":{"id":"system.java","version":"1"},"event":{"state":true,"data":{"created":1575129816370},"id":"invoked"}}
{"recorder_version":"21","session":"1ddb14d575d8","build":"192.6262.58","bucket":"189","time":1575129816151,"group":{"id":"system.os","version":"3"},"event":{"state":true,"data":{"created":1575129816370,"version":"10.14"},"id":"Mac"}}
{"recorder_version":"21","session":"1ddb14d575d8","build":"192.6262.58","bucket":"189","time":1575129816151,"group":{"id":"system.os","version":"3"},"event":{"state":true,"data":{"created":1575129816371,"name":"Mac","version":"10.14"},"id":"os.name"}}
{"recorder_version":"21","session":"1ddb14d575d8","build":"192.6262.58","bucket":"189","time":1575129816151,"group":{"id":"system.os","version":"3"},"event":{"state":true,"data":{"created":1575129816373,"value":"+09_00"},"id":"os.timezone"}}
{"recorder_version":"21","session":"1ddb14d575d8","build":"192.6262.58","bucket":"189","time":1575129816151,"group":{"id":"system.os","version":"3"},"event":{"state":true,"data":{"created":1575129816374},"id":"invoked"}}
{"recorder_version":"21","session":"1ddb14d575d8","build":"192.6262.58","bucket":"189","time":1575129816357,"group":{"id":"event.log","version":"21"},"event":{"count":1,"data":{"created":1575129816375,"version":"942.0"},"id":"whitelist.loaded"}}
{"recorder_version":"21","session":"1ddb14d575d8","build":"192.6262.58","bucket":"189","time":1575129818670,"group":{"id":"settings","version":"4"},"event":{"state":true,"data":{"component":"UpdatesConfigurable","created":1575129818671,"name":"checkNeeded","type":"bool","value":false},"id":"not.default"}}
{"recorder_version":"21","session":"1ddb14d575d8","build":"192.6262.58","bucket":"189","time":1575129818670,"group":{"id":"settings","version":"4"},"event":{"state":true,"data":{"component":"UpdatesConfigurable","created":1575129818672},"id":"invoked"}}
{"recorder_version":"21","session":"1ddb14d575d8","build":"192.6262.58","bucket":"189","time":1575129818805,"group":{"id":"settings","version":"4"},"event":{"state":true,"data":{"component":"GeneralSettings","created":1575129818805,"name":"confirmExit","type":"bool","value":false},"id":"not.default"}}
{"recorder_version":"21","session":"1ddb14d575d8","build":"192.6262.58","bucket":"189","time":1575129818805,"group":{"id":"settings","version":"4"},"event":{"state":true,"data":{"component":"GeneralSettings","created":1575129818806,"name":"showTipsOnStartup","type":"bool","value":false},"id":"not.default"}}
{"recorder_version":"21","session":"1ddb14d575d8","build":"192.6262.58","bucket":"189","time":1575129818805,"group":{"id":"settings","version":"4"},"event":{"state":true,"data":{"component":"GeneralSettings","created":1575129818807},"id":"invoked"}}
{"recorder_version":"21","session":"1ddb14d575d8","build":"192.6262.58","bucket":"189","time":1575129818816,"group":{"id":"lifecycle","version":"21"},"event":{"count":1,"data":{"internal":true,"eap":false,"created":1575129818817},"id":"ide.start"}}
{"recorder_version":"21","session":"1ddb14d575d8","build":"192.6262.58","bucket":"189","time":1575129819117,"group":{"id":"lifecycle","version":"21"},"event":{"count":1,"data":{"created":1575129819120},"id":"frame.activated"}}
{"recorder_version":"21","session":"1ddb14d575d8","build":"192.6262.58","bucket":"189","time":1575129819246,"group":{"id":"performance","version":"21"},"event":{"count":1,"data":{"duration_ms":88,"created":1575129819246},"id":"ui.latency"}}
{"recorder_version":"21","session":"1ddb14d575d8","build":"192.6262.58","bucket":"189","time":1575129819616,"group":{"id":"ui.dialogs","version":"21"},"event":{"count":1,"data":{"created":1575129819618,"plugin_type":"PLATFORM","type":"show"},"id":"com.intellij.openapi.progress.util.ProgressDialog$MyDialogWrapper"}}
{"recorder_version":"21","session":"1ddb14d575d8","build":"192.6262.58","bucket":"189","time":1575129820664,"group":{"id":"lifecycle","version":"21"},"event":{"count":1,"data":{"created":1575129820664,"project":"4452600da3b350ab41d92ae108c2baae6ff0ac3ddb31bd67020ee046ec77ac09"},"id":"project.opened"}}
{"recorder_version":"21","session":"1ddb14d575d8","build":"192.6262.58","bucket":"189","time":1575129821363,"group":{"id":"performance","version":"21"},"event":{"count":1,"data":{"duration_ms":201,"created":1575129821363},"id":"ui.lagging"}}
{"recorder_version":"21","session":"1ddb14d575d8","build":"192.6262.58","bucket":"189","time":1575129822403,"group":{"id":"settings","version":"4"},"event":{"state":true,"data":{"component":"XmlEditorOptions","created":1575129822403},"id":"invoked"}}
{"recorder_version":"21","session":"1ddb14d575d8","build":"192.6262.58","bucket":"189","time":1575129822490,"group":{"id":"performance","version":"21"},"event":{"count":1,"data":{"duration_ms":328,"created":1575129822491},"id":"ui.lagging"}}
{"recorder_version":"21","session":"1ddb14d575d8","build":"192.6262.58","bucket":"189","time":1575129822859,"group":{"id":"toolwindow","version":"21"},"event":{"count":1,"data":{"os":"Mac","created":1575129822859,"plugin_type":"PLATFORM"},"id":"Project"}}
{"recorder_version":"21","session":"1ddb14d575d8","build":"192.6262.58","bucket":"189","time":1575129823722,"group":{"id":"performance","version":"21"},"event":{"count":1,"data":{"duration_ms":554,"created":1575129823722},"id":"ui.lagging"}}
{"recorder_version":"21","session":"1ddb14d575d8","build":"192.6262.58","bucket":"189","time":1575129825662,"group":{"id":"project.fs","version":"1"},"event":{"state":true,"data":{"os":"Mac","cs-project":false,"created":1575129825663,"project":"4452600da3b350ab41d92ae108c2baae6ff0ac3ddb31bd67020ee046ec77ac09","cs-implicit":true,"cs-system":false},"id":"case-sensitivity"}}
{"recorder_version":"21","session":"1ddb14d575d8","build":"192.6262.58","bucket":"189","time":1575129825662,"group":{"id":"project.fs","version":"1"},"event":{"state":true,"data":{"created":1575129825664},"id":"invoked"}}
{"recorder_version":"21","session":"1ddb14d575d8","build":"192.6262.58","bucket":"189","time":1575129825666,"group":{"id":"project.fs","version":"1"},"event":{"state":true,"data":{"pct-non-watched":0,"created":1575129825666,"project":"4452600da3b350ab41d92ae108c2baae6ff0ac3ddb31bd67020ee046ec77ac09"},"id":"roots-watched"}}
{"recorder_version":"21","session":"1ddb14d575d8","build":"192.6262.58","bucket":"189","time":1575129825666,"group":{"id":"project.fs","version":"1"},"event":{"state":true,"data":{"created":1575129825667},"id":"invoked"}}
{"recorder_version":"21","session":"1ddb14d575d8","build":"192.6262.58","bucket":"189","time":1575129825730,"group":{"id":"ui.dialogs","version":"21"},"event":{"count":1,"data":{"code":1,"created":1575129825730,"plugin_type":"PLATFORM","type":"close"},"id":"com.intellij.openapi.progress.util.ProgressDialog$MyDialogWrapper"}}
{"recorder_version":"21","session":"1ddb14d575d8","build":"192.6262.58","bucket":"189","time":1575129826085,"group":{"id":"lifecycle","version":"21"},"event":{"count":1,"data":{"duration_ms":6765,"created":1575129826086,"project":"4452600da3b350ab41d92ae108c2baae6ff0ac3ddb31bd67020ee046ec77ac09"},"id":"project.opening.finished"}}
{"recorder_version":"21","session":"1ddb14d575d8","build":"192.6262.58","bucket":"189","time":1575129828685,"group":{"id":"kotlin.jps.target","version":"1"},"event":{"count":2,"data":{"plugin_version":"validation.undefined_rule","last":1575129828694,"created":1575129828685},"id":"validation.undefined_rule"}}
{"recorder_version":"21","session":"1ddb14d575d8","build":"192.6262.58","bucket":"189","time":1575129829297,"group":{"id":"vcs.change.reminder","version":"1"},"event":{"count":1,"data":{"created":1575129829298,"project":"4452600da3b350ab41d92ae108c2baae6ff0ac3ddb31bd67020ee046ec77ac09","execution_time":226},"id":"prediction.calculated"}}
{"recorder_version":"21","session":"1ddb14d575d8","build":"192.6262.58","bucket":"189","time":1575129829354,"group":{"id":"performance","version":"21"},"event":{"count":1,"data":{"duration_ms":179,"created":1575129829354},"id":"ui.lagging"}}
{"recorder_version":"21","session":"1ddb14d575d8","build":"192.6262.58","bucket":"189","time":1575129829379,"group":{"id":"file.types.usage","version":"21"},"event":{"count":1,"data":{"plugin":"com.intellij.java","created":1575129829379,"plugin_type":"JB_BUNDLED","project":"4452600da3b350ab41d92ae108c2baae6ff0ac3ddb31bd67020ee046ec77ac09","type":"edit"},"id":"JAVA"}}
{"recorder_version":"21","session":"1ddb14d575d8","build":"192.6262.58","bucket":"189","time":1575129832401,"group":{"id":"actions","version":"21"},"event":{"count":5,"data":{"context_menu":false,"last":1575129833101,"current_file":"JAVA","created":1575129832402,"plugin_type":"PLATFORM","project":"4452600da3b350ab41d92ae108c2baae6ff0ac3ddb31bd67020ee046ec77ac09","place":"keyboard_shortcut","class":"com.intellij.openapi.editor.actions.BackspaceAction","input_event":"Backspace"},"id":"EditorBackSpace"}}
{"recorder_version":"21","session":"1ddb14d575d8","build":"192.6262.58","bucket":"189","time":1575129843692,"group":{"id":"lifecycle","version":"21"},"event":{"count":1,"data":{"created":1575129843692,"project":"4452600da3b350ab41d92ae108c2baae6ff0ac3ddb31bd67020ee046ec77ac09"},"id":"frame.deactivated"}}
{"recorder_version":"21","session":"1ddb14d575d8","build":"192.6262.58","bucket":"189","time":1575129856032,"group":{"id":"lifecycle","version":"21"},"event":{"count":1,"data":{"created":1575129856032,"project":"4452600da3b350ab41d92ae108c2baae6ff0ac3ddb31bd67020ee046ec77ac09"},"id":"frame.activated"}}
{"recorder_version":"21","session":"1ddb14d575d8","build":"192.6262.58","bucket":"189","time":1575129856371,"group":{"id":"lifecycle","version":"21"},"event":{"count":1,"data":{"restart":false,"created":1575129856371},"id":"ide.close"}}
{"recorder_version":"21","session":"1ddb14d575d8","build":"192.6262.58","bucket":"189","time":1575129856453,"group":{"id":"lifecycle","version":"21"},"event":{"count":1,"data":{"created":1575129856454,"project":"4452600da3b350ab41d92ae108c2baae6ff0ac3ddb31bd67020ee046ec77ac09"},"id":"project.closed"}}
