{"recorder_version":"21","session":"8351b42d8bd8","build":"192.6262.58","bucket":"189","time":1575127491964,"group":{"id":"settings","version":"4"},"event":{"state":true,"data":{"component":"NotRoamableUiSettings","created":1575127492175},"id":"invoked"}}
{"recorder_version":"21","session":"8351b42d8bd8","build":"192.6262.58","bucket":"189","time":1575127491967,"group":{"id":"system.java","version":"1"},"event":{"state":true,"data":{"created":1575127492178,"version":"1.11"},"id":"JetBrains"}}
{"recorder_version":"21","session":"8351b42d8bd8","build":"192.6262.58","bucket":"189","time":1575127491967,"group":{"id":"system.java","version":"1"},"event":{"state":true,"data":{"created":1575127492191},"id":"invoked"}}
{"recorder_version":"21","session":"8351b42d8bd8","build":"192.6262.58","bucket":"189","time":1575127491967,"group":{"id":"settings","version":"4"},"event":{"state":true,"data":{"component":"UISettings","created":1575127492192},"id":"invoked"}}
{"recorder_version":"21","session":"8351b42d8bd8","build":"192.6262.58","bucket":"189","time":1575127491990,"group":{"id":"system.os","version":"3"},"event":{"state":true,"data":{"created":1575127492193,"version":"10.14"},"id":"Mac"}}
{"recorder_version":"21","session":"8351b42d8bd8","build":"192.6262.58","bucket":"189","time":1575127491990,"group":{"id":"system.os","version":"3"},"event":{"state":true,"data":{"created":1575127492194,"name":"Mac","version":"10.14"},"id":"os.name"}}
{"recorder_version":"21","session":"8351b42d8bd8","build":"192.6262.58","bucket":"189","time":1575127491990,"group":{"id":"system.os","version":"3"},"event":{"state":true,"data":{"created":1575127492195,"value":"+09_00"},"id":"os.timezone"}}
{"recorder_version":"21","session":"8351b42d8bd8","build":"192.6262.58","bucket":"189","time":1575127491990,"group":{"id":"system.os","version":"3"},"event":{"state":true,"data":{"created":1575127492195},"id":"invoked"}}
{"recorder_version":"21","session":"8351b42d8bd8","build":"192.6262.58","bucket":"189","time":1575127492175,"group":{"id":"event.log","version":"21"},"event":{"count":1,"data":{"created":1575127492196,"version":"942.0"},"id":"whitelist.loaded"}}
{"recorder_version":"21","session":"8351b42d8bd8","build":"192.6262.58","bucket":"189","time":1575127494592,"group":{"id":"settings","version":"4"},"event":{"state":true,"data":{"component":"UpdatesConfigurable","created":1575127494592,"name":"checkNeeded","type":"bool","value":false},"id":"not.default"}}
{"recorder_version":"21","session":"8351b42d8bd8","build":"192.6262.58","bucket":"189","time":1575127494592,"group":{"id":"settings","version":"4"},"event":{"state":true,"data":{"component":"UpdatesConfigurable","created":1575127494594},"id":"invoked"}}
{"recorder_version":"21","session":"8351b42d8bd8","build":"192.6262.58","bucket":"189","time":1575127494744,"group":{"id":"settings","version":"4"},"event":{"state":true,"data":{"component":"GeneralSettings","created":1575127494745,"name":"confirmExit","type":"bool","value":false},"id":"not.default"}}
{"recorder_version":"21","session":"8351b42d8bd8","build":"192.6262.58","bucket":"189","time":1575127494744,"group":{"id":"settings","version":"4"},"event":{"state":true,"data":{"component":"GeneralSettings","created":1575127494746,"name":"showTipsOnStartup","type":"bool","value":false},"id":"not.default"}}
{"recorder_version":"21","session":"8351b42d8bd8","build":"192.6262.58","bucket":"189","time":1575127494744,"group":{"id":"settings","version":"4"},"event":{"state":true,"data":{"component":"GeneralSettings","created":1575127494750},"id":"invoked"}}
{"recorder_version":"21","session":"8351b42d8bd8","build":"192.6262.58","bucket":"189","time":1575127494755,"group":{"id":"lifecycle","version":"21"},"event":{"count":1,"data":{"internal":true,"eap":false,"created":1575127494755},"id":"ide.start"}}
{"recorder_version":"21","session":"8351b42d8bd8","build":"192.6262.58","bucket":"189","time":1575127495174,"group":{"id":"lifecycle","version":"21"},"event":{"count":1,"data":{"created":1575127495174},"id":"frame.activated"}}
{"recorder_version":"21","session":"8351b42d8bd8","build":"192.6262.58","bucket":"189","time":1575127495291,"group":{"id":"performance","version":"21"},"event":{"count":1,"data":{"duration_ms":226,"created":1575127495292},"id":"ui.latency"}}
{"recorder_version":"21","session":"8351b42d8bd8","build":"192.6262.58","bucket":"189","time":1575127495292,"group":{"id":"performance","version":"21"},"event":{"count":1,"data":{"duration_ms":226,"created":1575127495292},"id":"ui.lagging"}}
{"recorder_version":"21","session":"8351b42d8bd8","build":"192.6262.58","bucket":"189","time":1575127495708,"group":{"id":"ui.dialogs","version":"21"},"event":{"count":1,"data":{"created":1575127495711,"plugin_type":"PLATFORM","type":"show"},"id":"com.intellij.openapi.progress.util.ProgressDialog$MyDialogWrapper"}}
{"recorder_version":"21","session":"8351b42d8bd8","build":"192.6262.58","bucket":"189","time":1575127497181,"group":{"id":"lifecycle","version":"21"},"event":{"count":1,"data":{"created":1575127497182,"project":"4452600da3b350ab41d92ae108c2baae6ff0ac3ddb31bd67020ee046ec77ac09"},"id":"project.opened"}}
{"recorder_version":"21","session":"8351b42d8bd8","build":"192.6262.58","bucket":"189","time":1575127499148,"group":{"id":"settings","version":"4"},"event":{"state":true,"data":{"component":"XmlEditorOptions","created":1575127499148},"id":"invoked"}}
{"recorder_version":"21","session":"8351b42d8bd8","build":"192.6262.58","bucket":"189","time":1575127499221,"group":{"id":"performance","version":"21"},"event":{"count":1,"data":{"duration_ms":150,"created":1575127499222},"id":"ui.lagging"}}
{"recorder_version":"21","session":"8351b42d8bd8","build":"192.6262.58","bucket":"189","time":1575127499809,"group":{"id":"toolwindow","version":"21"},"event":{"count":1,"data":{"os":"Mac","created":1575127499809,"plugin_type":"PLATFORM"},"id":"Project"}}
{"recorder_version":"21","session":"8351b42d8bd8","build":"192.6262.58","bucket":"189","time":1575127500736,"group":{"id":"performance","version":"21"},"event":{"count":1,"data":{"duration_ms":661,"created":1575127500736},"id":"ui.lagging"}}
{"recorder_version":"21","session":"8351b42d8bd8","build":"192.6262.58","bucket":"189","time":1575127501314,"group":{"id":"performance","version":"21"},"event":{"count":1,"data":{"duration_ms":238,"created":1575127501314},"id":"ui.lagging"}}
{"recorder_version":"21","session":"8351b42d8bd8","build":"192.6262.58","bucket":"189","time":1575127503143,"group":{"id":"project.fs","version":"1"},"event":{"state":true,"data":{"os":"Mac","cs-project":false,"created":1575127503144,"project":"4452600da3b350ab41d92ae108c2baae6ff0ac3ddb31bd67020ee046ec77ac09","cs-implicit":true,"cs-system":false},"id":"case-sensitivity"}}
{"recorder_version":"21","session":"8351b42d8bd8","build":"192.6262.58","bucket":"189","time":1575127503143,"group":{"id":"project.fs","version":"1"},"event":{"state":true,"data":{"created":1575127503144},"id":"invoked"}}
{"recorder_version":"21","session":"8351b42d8bd8","build":"192.6262.58","bucket":"189","time":1575127503144,"group":{"id":"project.fs","version":"1"},"event":{"state":true,"data":{"pct-non-watched":0,"created":1575127503145,"project":"4452600da3b350ab41d92ae108c2baae6ff0ac3ddb31bd67020ee046ec77ac09"},"id":"roots-watched"}}
{"recorder_version":"21","session":"8351b42d8bd8","build":"192.6262.58","bucket":"189","time":1575127503144,"group":{"id":"project.fs","version":"1"},"event":{"state":true,"data":{"created":1575127503145},"id":"invoked"}}
{"recorder_version":"21","session":"8351b42d8bd8","build":"192.6262.58","bucket":"189","time":1575127503262,"group":{"id":"ui.dialogs","version":"21"},"event":{"count":1,"data":{"code":1,"created":1575127503264,"plugin_type":"PLATFORM","type":"close"},"id":"com.intellij.openapi.progress.util.ProgressDialog$MyDialogWrapper"}}
{"recorder_version":"21","session":"8351b42d8bd8","build":"192.6262.58","bucket":"189","time":1575127503506,"group":{"id":"lifecycle","version":"21"},"event":{"count":1,"data":{"duration_ms":8100,"created":1575127503506,"project":"4452600da3b350ab41d92ae108c2baae6ff0ac3ddb31bd67020ee046ec77ac09"},"id":"project.opening.finished"}}
{"recorder_version":"21","session":"8351b42d8bd8","build":"192.6262.58","bucket":"189","time":1575127504464,"group":{"id":"kotlin.jps.target","version":"1"},"event":{"count":2,"data":{"plugin_version":"validation.undefined_rule","last":1575127504464,"created":1575127504464},"id":"validation.undefined_rule"}}
{"recorder_version":"21","session":"8351b42d8bd8","build":"192.6262.58","bucket":"189","time":1575127505565,"group":{"id":"vcs.change.reminder","version":"1"},"event":{"count":1,"data":{"created":1575127505565,"project":"4452600da3b350ab41d92ae108c2baae6ff0ac3ddb31bd67020ee046ec77ac09","execution_time":299},"id":"prediction.calculated"}}
{"recorder_version":"21","session":"8351b42d8bd8","build":"192.6262.58","bucket":"189","time":1575127510330,"group":{"id":"file.types.usage","version":"21"},"event":{"count":1,"data":{"plugin":"com.intellij.java","created":1575127510330,"plugin_type":"JB_BUNDLED","project":"4452600da3b350ab41d92ae108c2baae6ff0ac3ddb31bd67020ee046ec77ac09","type":"edit"},"id":"JAVA"}}
{"recorder_version":"21","session":"8351b42d8bd8","build":"192.6262.58","bucket":"189","time":1575127519493,"group":{"id":"lifecycle","version":"21"},"event":{"count":1,"data":{"created":1575127519493,"project":"4452600da3b350ab41d92ae108c2baae6ff0ac3ddb31bd67020ee046ec77ac09"},"id":"frame.deactivated"}}
{"recorder_version":"21","session":"8351b42d8bd8","build":"192.6262.58","bucket":"189","time":1575127595381,"group":{"id":"performance","version":"21"},"event":{"count":1,"data":{"duration_ms":1,"created":1575127595382},"id":"ui.latency"}}
{"recorder_version":"21","session":"8351b42d8bd8","build":"192.6262.58","bucket":"189","time":1575127682848,"group":{"id":"lifecycle","version":"21"},"event":{"count":1,"data":{"created":1575127682853,"project":"4452600da3b350ab41d92ae108c2baae6ff0ac3ddb31bd67020ee046ec77ac09"},"id":"frame.activated"}}
{"recorder_version":"21","session":"8351b42d8bd8","build":"192.6262.58","bucket":"189","time":1575127683214,"group":{"id":"lifecycle","version":"21"},"event":{"count":1,"data":{"restart":false,"created":1575127683215},"id":"ide.close"}}
{"recorder_version":"21","session":"8351b42d8bd8","build":"192.6262.58","bucket":"189","time":1575127683325,"group":{"id":"lifecycle","version":"21"},"event":{"count":1,"data":{"created":1575127683325,"project":"4452600da3b350ab41d92ae108c2baae6ff0ac3ddb31bd67020ee046ec77ac09"},"id":"project.closed"}}
