{"recorder_version":"21","session":"665168626c9c","build":"192.6262.58","bucket":"189","time":1574781736088,"group":{"id":"settings","version":"4"},"event":{"state":true,"data":{"component":"NotRoamableUiSettings","created":1574781736234},"id":"invoked"}}
{"recorder_version":"21","session":"665168626c9c","build":"192.6262.58","bucket":"189","time":1574781736090,"group":{"id":"system.java","version":"1"},"event":{"state":true,"data":{"created":1574781736236,"version":"1.11"},"id":"JetBrains"}}
{"recorder_version":"21","session":"665168626c9c","build":"192.6262.58","bucket":"189","time":1574781736090,"group":{"id":"system.java","version":"1"},"event":{"state":true,"data":{"created":1574781736242},"id":"invoked"}}
{"recorder_version":"21","session":"665168626c9c","build":"192.6262.58","bucket":"189","time":1574781736091,"group":{"id":"settings","version":"4"},"event":{"state":true,"data":{"component":"UISettings","created":1574781736243},"id":"invoked"}}
{"recorder_version":"21","session":"665168626c9c","build":"192.6262.58","bucket":"189","time":1574781736111,"group":{"id":"system.os","version":"3"},"event":{"state":true,"data":{"created":1574781736244,"version":"10.14"},"id":"Mac"}}
{"recorder_version":"21","session":"665168626c9c","build":"192.6262.58","bucket":"189","time":1574781736111,"group":{"id":"system.os","version":"3"},"event":{"state":true,"data":{"created":1574781736245,"name":"Mac","version":"10.14"},"id":"os.name"}}
{"recorder_version":"21","session":"665168626c9c","build":"192.6262.58","bucket":"189","time":1574781736111,"group":{"id":"system.os","version":"3"},"event":{"state":true,"data":{"created":1574781736245,"value":"+09_00"},"id":"os.timezone"}}
{"recorder_version":"21","session":"665168626c9c","build":"192.6262.58","bucket":"189","time":1574781736111,"group":{"id":"system.os","version":"3"},"event":{"state":true,"data":{"created":1574781736246},"id":"invoked"}}
{"recorder_version":"21","session":"665168626c9c","build":"192.6262.58","bucket":"189","time":1574781736233,"group":{"id":"event.log","version":"21"},"event":{"count":1,"data":{"created":1574781736247,"version":"925.0"},"id":"whitelist.loaded"}}
{"recorder_version":"21","session":"665168626c9c","build":"192.6262.58","bucket":"189","time":1574781738555,"group":{"id":"settings","version":"4"},"event":{"state":true,"data":{"component":"UpdatesConfigurable","created":1574781738555,"name":"checkNeeded","type":"bool","value":false},"id":"not.default"}}
{"recorder_version":"21","session":"665168626c9c","build":"192.6262.58","bucket":"189","time":1574781738555,"group":{"id":"settings","version":"4"},"event":{"state":true,"data":{"component":"UpdatesConfigurable","created":1574781738556},"id":"invoked"}}
{"recorder_version":"21","session":"665168626c9c","build":"192.6262.58","bucket":"189","time":1574781738676,"group":{"id":"settings","version":"4"},"event":{"state":true,"data":{"component":"GeneralSettings","created":1574781738676,"name":"confirmExit","type":"bool","value":false},"id":"not.default"}}
{"recorder_version":"21","session":"665168626c9c","build":"192.6262.58","bucket":"189","time":1574781738676,"group":{"id":"settings","version":"4"},"event":{"state":true,"data":{"component":"GeneralSettings","created":1574781738677,"name":"showTipsOnStartup","type":"bool","value":false},"id":"not.default"}}
{"recorder_version":"21","session":"665168626c9c","build":"192.6262.58","bucket":"189","time":1574781738676,"group":{"id":"settings","version":"4"},"event":{"state":true,"data":{"component":"GeneralSettings","created":1574781738681},"id":"invoked"}}
{"recorder_version":"21","session":"665168626c9c","build":"192.6262.58","bucket":"189","time":1574781738684,"group":{"id":"lifecycle","version":"21"},"event":{"count":1,"data":{"internal":true,"eap":false,"created":1574781738684},"id":"ide.start"}}
{"recorder_version":"21","session":"665168626c9c","build":"192.6262.58","bucket":"189","time":1574781738956,"group":{"id":"lifecycle","version":"21"},"event":{"count":1,"data":{"created":1574781738956},"id":"frame.activated"}}
{"recorder_version":"21","session":"665168626c9c","build":"192.6262.58","bucket":"189","time":1574781739237,"group":{"id":"performance","version":"21"},"event":{"count":1,"data":{"duration_ms":0,"created":1574781739237},"id":"ui.latency"}}
{"recorder_version":"21","session":"665168626c9c","build":"192.6262.58","bucket":"189","time":1574781739432,"group":{"id":"ui.dialogs","version":"21"},"event":{"count":1,"data":{"created":1574781739433,"plugin_type":"PLATFORM","type":"show"},"id":"com.intellij.openapi.progress.util.ProgressDialog$MyDialogWrapper"}}
{"recorder_version":"21","session":"665168626c9c","build":"192.6262.58","bucket":"189","time":1574781740466,"group":{"id":"lifecycle","version":"21"},"event":{"count":1,"data":{"created":1574781740466,"project":"92ddc83aceaa9edad1485397ccc1680a8fd16623aa2c155379eac4aafdb2a559"},"id":"project.opened"}}
{"recorder_version":"21","session":"665168626c9c","build":"192.6262.58","bucket":"189","time":1574781742137,"group":{"id":"settings","version":"4"},"event":{"state":true,"data":{"component":"XmlEditorOptions","created":1574781742137},"id":"invoked"}}
{"recorder_version":"21","session":"665168626c9c","build":"192.6262.58","bucket":"189","time":1574781742334,"group":{"id":"toolwindow","version":"21"},"event":{"count":1,"data":{"os":"Mac","created":1574781742334,"plugin_type":"PLATFORM"},"id":"Project"}}
{"recorder_version":"21","session":"665168626c9c","build":"192.6262.58","bucket":"189","time":1574781744508,"group":{"id":"performance","version":"21"},"event":{"count":1,"data":{"duration_ms":269,"created":1574781744509},"id":"ui.lagging"}}
{"recorder_version":"21","session":"665168626c9c","build":"192.6262.58","bucket":"189","time":1574781744678,"group":{"id":"kotlin.jps.target","version":"1"},"event":{"count":1,"data":{"plugin_version":"1.3.41-release-IJ2019.2-1","created":1574781744678},"id":"jvm"}}
{"recorder_version":"21","session":"665168626c9c","build":"192.6262.58","bucket":"189","time":1574781744709,"group":{"id":"project.fs","version":"1"},"event":{"state":true,"data":{"os":"Mac","cs-project":false,"created":1574781744710,"project":"92ddc83aceaa9edad1485397ccc1680a8fd16623aa2c155379eac4aafdb2a559","cs-implicit":true,"cs-system":false},"id":"case-sensitivity"}}
{"recorder_version":"21","session":"665168626c9c","build":"192.6262.58","bucket":"189","time":1574781744709,"group":{"id":"project.fs","version":"1"},"event":{"state":true,"data":{"created":1574781744710},"id":"invoked"}}
{"recorder_version":"21","session":"665168626c9c","build":"192.6262.58","bucket":"189","time":1574781744710,"group":{"id":"project.fs","version":"1"},"event":{"state":true,"data":{"pct-non-watched":0,"created":1574781744710,"project":"92ddc83aceaa9edad1485397ccc1680a8fd16623aa2c155379eac4aafdb2a559"},"id":"roots-watched"}}
{"recorder_version":"21","session":"665168626c9c","build":"192.6262.58","bucket":"189","time":1574781744710,"group":{"id":"project.fs","version":"1"},"event":{"state":true,"data":{"created":1574781744711},"id":"invoked"}}
{"recorder_version":"21","session":"665168626c9c","build":"192.6262.58","bucket":"189","time":1574781744818,"group":{"id":"ui.dialogs","version":"21"},"event":{"count":1,"data":{"code":1,"created":1574781744818,"plugin_type":"PLATFORM","type":"close"},"id":"com.intellij.openapi.progress.util.ProgressDialog$MyDialogWrapper"}}
{"recorder_version":"21","session":"665168626c9c","build":"192.6262.58","bucket":"189","time":1574781744988,"group":{"id":"lifecycle","version":"21"},"event":{"count":1,"data":{"duration_ms":5814,"created":1574781744988,"project":"92ddc83aceaa9edad1485397ccc1680a8fd16623aa2c155379eac4aafdb2a559"},"id":"project.opening.finished"}}
{"recorder_version":"21","session":"665168626c9c","build":"192.6262.58","bucket":"189","time":1574781745410,"group":{"id":"performance","version":"21"},"event":{"count":1,"data":{"duration_ms":168,"created":1574781745411},"id":"ui.lagging"}}
{"recorder_version":"21","session":"665168626c9c","build":"192.6262.58","bucket":"189","time":1574781747565,"group":{"id":"actions","version":"21"},"event":{"count":1,"data":{"context_menu":false,"current_file":"TEXT","created":1574781747565,"plugin_type":"PLATFORM","project":"92ddc83aceaa9edad1485397ccc1680a8fd16623aa2c155379eac4aafdb2a559","place":"keyboard_shortcut","class":"com.intellij.openapi.editor.actions.EnterAction","input_event":"Enter"},"id":"EditorEnter"}}
{"recorder_version":"21","session":"665168626c9c","build":"192.6262.58","bucket":"189","time":1574781748602,"group":{"id":"file.types.usage","version":"21"},"event":{"count":1,"data":{"created":1574781748602,"plugin_type":"PLATFORM","project":"92ddc83aceaa9edad1485397ccc1680a8fd16623aa2c155379eac4aafdb2a559","type":"edit"},"id":"IDEA_MODULE"}}
{"recorder_version":"21","session":"665168626c9c","build":"192.6262.58","bucket":"189","time":1574781749328,"group":{"id":"actions","version":"21"},"event":{"count":5,"data":{"context_menu":false,"last":1574781750575,"current_file":"TEXT","created":1574781749328,"plugin_type":"PLATFORM","project":"92ddc83aceaa9edad1485397ccc1680a8fd16623aa2c155379eac4aafdb2a559","place":"keyboard_shortcut","class":"com.intellij.openapi.editor.actions.EnterAction","input_event":"Enter"},"id":"EditorEnter"}}
{"recorder_version":"21","session":"665168626c9c","build":"192.6262.58","bucket":"189","time":1574781751258,"group":{"id":"actions","version":"21"},"event":{"count":9,"data":{"context_menu":false,"last":1574781752807,"current_file":"TEXT","created":1574781751259,"plugin_type":"PLATFORM","project":"92ddc83aceaa9edad1485397ccc1680a8fd16623aa2c155379eac4aafdb2a559","place":"keyboard_shortcut","class":"com.intellij.openapi.editor.actions.BackspaceAction","input_event":"Backspace"},"id":"EditorBackSpace"}}
{"recorder_version":"21","session":"665168626c9c","build":"192.6262.58","bucket":"189","time":1574781754702,"group":{"id":"lifecycle","version":"21"},"event":{"count":1,"data":{"created":1574781754703,"project":"92ddc83aceaa9edad1485397ccc1680a8fd16623aa2c155379eac4aafdb2a559"},"id":"frame.deactivated"}}
{"recorder_version":"21","session":"665168626c9c","build":"192.6262.58","bucket":"189","time":1574781804346,"group":{"id":"lifecycle","version":"21"},"event":{"count":1,"data":{"created":1574781804346,"project":"92ddc83aceaa9edad1485397ccc1680a8fd16623aa2c155379eac4aafdb2a559"},"id":"frame.activated"}}
{"recorder_version":"21","session":"665168626c9c","build":"192.6262.58","bucket":"189","time":1574781804641,"group":{"id":"lifecycle","version":"21"},"event":{"count":1,"data":{"restart":false,"created":1574781804641},"id":"ide.close"}}
{"recorder_version":"21","session":"665168626c9c","build":"192.6262.58","bucket":"189","time":1574781804723,"group":{"id":"lifecycle","version":"21"},"event":{"count":1,"data":{"created":1574781804723,"project":"92ddc83aceaa9edad1485397ccc1680a8fd16623aa2c155379eac4aafdb2a559"},"id":"project.closed"}}
