{"recorder_version":"21","session":"9bea678701ab","build":"192.6262.58","bucket":"189","time":1574429786967,"group":{"id":"settings","version":"4"},"event":{"state":true,"data":{"component":"NotRoamableUiSettings","created":1574429787126},"id":"invoked"}}
{"recorder_version":"21","session":"9bea678701ab","build":"192.6262.58","bucket":"189","time":1574429786969,"group":{"id":"system.java","version":"1"},"event":{"state":true,"data":{"created":1574429787134,"version":"1.11"},"id":"JetBrains"}}
{"recorder_version":"21","session":"9bea678701ab","build":"192.6262.58","bucket":"189","time":1574429786969,"group":{"id":"system.java","version":"1"},"event":{"state":true,"data":{"created":1574429787142},"id":"invoked"}}
{"recorder_version":"21","session":"9bea678701ab","build":"192.6262.58","bucket":"189","time":1574429786969,"group":{"id":"settings","version":"4"},"event":{"state":true,"data":{"component":"UISettings","created":1574429787143},"id":"invoked"}}
{"recorder_version":"21","session":"9bea678701ab","build":"192.6262.58","bucket":"189","time":1574429786992,"group":{"id":"system.os","version":"3"},"event":{"state":true,"data":{"created":1574429787144,"version":"10.14"},"id":"Mac"}}
{"recorder_version":"21","session":"9bea678701ab","build":"192.6262.58","bucket":"189","time":1574429786992,"group":{"id":"system.os","version":"3"},"event":{"state":true,"data":{"created":1574429787144,"name":"Mac","version":"10.14"},"id":"os.name"}}
{"recorder_version":"21","session":"9bea678701ab","build":"192.6262.58","bucket":"189","time":1574429786992,"group":{"id":"system.os","version":"3"},"event":{"state":true,"data":{"created":1574429787145,"value":"+09_00"},"id":"os.timezone"}}
{"recorder_version":"21","session":"9bea678701ab","build":"192.6262.58","bucket":"189","time":1574429786992,"group":{"id":"system.os","version":"3"},"event":{"state":true,"data":{"created":1574429787146},"id":"invoked"}}
{"recorder_version":"21","session":"9bea678701ab","build":"192.6262.58","bucket":"189","time":1574429787126,"group":{"id":"event.log","version":"21"},"event":{"count":1,"data":{"created":1574429787147,"version":"916.0"},"id":"whitelist.loaded"}}
{"recorder_version":"21","session":"9bea678701ab","build":"192.6262.58","bucket":"189","time":1574429789423,"group":{"id":"settings","version":"4"},"event":{"state":true,"data":{"component":"UpdatesConfigurable","created":1574429789424,"name":"checkNeeded","type":"bool","value":false},"id":"not.default"}}
{"recorder_version":"21","session":"9bea678701ab","build":"192.6262.58","bucket":"189","time":1574429789423,"group":{"id":"settings","version":"4"},"event":{"state":true,"data":{"component":"UpdatesConfigurable","created":1574429789425},"id":"invoked"}}
{"recorder_version":"21","session":"9bea678701ab","build":"192.6262.58","bucket":"189","time":1574429789544,"group":{"id":"settings","version":"4"},"event":{"state":true,"data":{"component":"GeneralSettings","created":1574429789545,"name":"confirmExit","type":"bool","value":false},"id":"not.default"}}
{"recorder_version":"21","session":"9bea678701ab","build":"192.6262.58","bucket":"189","time":1574429789544,"group":{"id":"settings","version":"4"},"event":{"state":true,"data":{"component":"GeneralSettings","created":1574429789548,"name":"showTipsOnStartup","type":"bool","value":false},"id":"not.default"}}
{"recorder_version":"21","session":"9bea678701ab","build":"192.6262.58","bucket":"189","time":1574429789544,"group":{"id":"settings","version":"4"},"event":{"state":true,"data":{"component":"GeneralSettings","created":1574429789549},"id":"invoked"}}
{"recorder_version":"21","session":"9bea678701ab","build":"192.6262.58","bucket":"189","time":1574429789557,"group":{"id":"lifecycle","version":"21"},"event":{"count":1,"data":{"internal":true,"eap":false,"created":1574429789557},"id":"ide.start"}}
{"recorder_version":"21","session":"9bea678701ab","build":"192.6262.58","bucket":"189","time":1574429789856,"group":{"id":"lifecycle","version":"21"},"event":{"count":1,"data":{"created":1574429789856},"id":"frame.activated"}}
{"recorder_version":"21","session":"9bea678701ab","build":"192.6262.58","bucket":"189","time":1574429790076,"group":{"id":"performance","version":"21"},"event":{"count":1,"data":{"duration_ms":2,"created":1574429790077},"id":"ui.latency"}}
{"recorder_version":"21","session":"9bea678701ab","build":"192.6262.58","bucket":"189","time":1574429790368,"group":{"id":"ui.dialogs","version":"21"},"event":{"count":1,"data":{"created":1574429790368,"plugin_type":"PLATFORM","type":"show"},"id":"com.intellij.openapi.progress.util.ProgressDialog$MyDialogWrapper"}}
{"recorder_version":"21","session":"9bea678701ab","build":"192.6262.58","bucket":"189","time":1574429791557,"group":{"id":"lifecycle","version":"21"},"event":{"count":1,"data":{"created":1574429791558,"project":"a0f12fb42952fc36a102045bdbb22ad1f15aa9443e9c675024683f4da70c8bc4"},"id":"project.opened"}}
{"recorder_version":"21","session":"9bea678701ab","build":"192.6262.58","bucket":"189","time":1574429792291,"group":{"id":"performance","version":"21"},"event":{"count":1,"data":{"duration_ms":212,"created":1574429792291},"id":"ui.lagging"}}
{"recorder_version":"21","session":"9bea678701ab","build":"192.6262.58","bucket":"189","time":1574429793615,"group":{"id":"settings","version":"4"},"event":{"state":true,"data":{"component":"XmlEditorOptions","created":1574429793615},"id":"invoked"}}
{"recorder_version":"21","session":"9bea678701ab","build":"192.6262.58","bucket":"189","time":1574429793664,"group":{"id":"performance","version":"21"},"event":{"count":1,"data":{"duration_ms":580,"created":1574429793664},"id":"ui.lagging"}}
{"recorder_version":"21","session":"9bea678701ab","build":"192.6262.58","bucket":"189","time":1574429793764,"group":{"id":"toolwindow","version":"21"},"event":{"count":1,"data":{"os":"Mac","created":1574429793764,"plugin_type":"PLATFORM"},"id":"Project"}}
{"recorder_version":"21","session":"9bea678701ab","build":"192.6262.58","bucket":"189","time":1574429796132,"group":{"id":"project.fs","version":"1"},"event":{"state":true,"data":{"os":"Mac","cs-project":false,"created":1574429796132,"project":"a0f12fb42952fc36a102045bdbb22ad1f15aa9443e9c675024683f4da70c8bc4","cs-implicit":true,"cs-system":false},"id":"case-sensitivity"}}
{"recorder_version":"21","session":"9bea678701ab","build":"192.6262.58","bucket":"189","time":1574429796132,"group":{"id":"project.fs","version":"1"},"event":{"state":true,"data":{"created":1574429796132},"id":"invoked"}}
{"recorder_version":"21","session":"9bea678701ab","build":"192.6262.58","bucket":"189","time":1574429796133,"group":{"id":"project.fs","version":"1"},"event":{"state":true,"data":{"pct-non-watched":0,"created":1574429796133,"project":"a0f12fb42952fc36a102045bdbb22ad1f15aa9443e9c675024683f4da70c8bc4"},"id":"roots-watched"}}
{"recorder_version":"21","session":"9bea678701ab","build":"192.6262.58","bucket":"189","time":1574429796133,"group":{"id":"project.fs","version":"1"},"event":{"state":true,"data":{"created":1574429796133},"id":"invoked"}}
{"recorder_version":"21","session":"9bea678701ab","build":"192.6262.58","bucket":"189","time":1574429796159,"group":{"id":"ui.dialogs","version":"21"},"event":{"count":1,"data":{"code":1,"created":1574429796160,"plugin_type":"PLATFORM","type":"close"},"id":"com.intellij.openapi.progress.util.ProgressDialog$MyDialogWrapper"}}
{"recorder_version":"21","session":"9bea678701ab","build":"192.6262.58","bucket":"189","time":1574429796455,"group":{"id":"lifecycle","version":"21"},"event":{"count":1,"data":{"duration_ms":6317,"created":1574429796455,"project":"a0f12fb42952fc36a102045bdbb22ad1f15aa9443e9c675024683f4da70c8bc4"},"id":"project.opening.finished"}}
{"recorder_version":"21","session":"9bea678701ab","build":"192.6262.58","bucket":"189","time":1574429797887,"group":{"id":"file.types.usage","version":"21"},"event":{"count":1,"data":{"plugin":"com.intellij.java","created":1574429797887,"plugin_type":"JB_BUNDLED","project":"a0f12fb42952fc36a102045bdbb22ad1f15aa9443e9c675024683f4da70c8bc4","type":"edit"},"id":"JAVA"}}
{"recorder_version":"21","session":"9bea678701ab","build":"192.6262.58","bucket":"189","time":1574429798389,"group":{"id":"kotlin.jps.target","version":"1"},"event":{"count":1,"data":{"plugin_version":"1.3.41-release-IJ2019.2-1","created":1574429798389},"id":"jvm"}}
{"recorder_version":"21","session":"9bea678701ab","build":"192.6262.58","bucket":"189","time":1574429800775,"group":{"id":"lifecycle","version":"21"},"event":{"count":1,"data":{"created":1574429800776,"plugin_type":"NOT_LISTED","error":"java.lang.Throwable"},"id":"ide.error"}}
{"recorder_version":"21","session":"9bea678701ab","build":"192.6262.58","bucket":"189","time":1574429801678,"group":{"id":"lifecycle","version":"21"},"event":{"count":1,"data":{"created":1574429801678,"project":"a0f12fb42952fc36a102045bdbb22ad1f15aa9443e9c675024683f4da70c8bc4"},"id":"frame.deactivated"}}
{"recorder_version":"21","session":"9bea678701ab","build":"192.6262.58","bucket":"189","time":1574429801776,"group":{"id":"lifecycle","version":"21"},"event":{"count":1,"data":{"created":1574429801776,"project":"a0f12fb42952fc36a102045bdbb22ad1f15aa9443e9c675024683f4da70c8bc4"},"id":"frame.activated"}}
{"recorder_version":"21","session":"9bea678701ab","build":"192.6262.58","bucket":"189","time":1574429802756,"group":{"id":"lifecycle","version":"21"},"event":{"count":1,"data":{"created":1574429802756,"project":"a0f12fb42952fc36a102045bdbb22ad1f15aa9443e9c675024683f4da70c8bc4"},"id":"frame.deactivated"}}
{"recorder_version":"21","session":"9bea678701ab","build":"192.6262.58","bucket":"189","time":1574429890372,"group":{"id":"performance","version":"21"},"event":{"count":1,"data":{"duration_ms":0,"created":1574429890372},"id":"ui.latency"}}
{"recorder_version":"21","session":"9bea678701ab","build":"192.6262.58","bucket":"189","time":1574429990644,"group":{"id":"performance","version":"21"},"event":{"count":1,"data":{"duration_ms":1,"created":1574429990644},"id":"ui.latency"}}
{"recorder_version":"21","session":"9bea678701ab","build":"192.6262.58","bucket":"189","time":1574430089547,"group":{"id":"build.tools.actions","version":"1"},"event":{"count":1,"data":{"created":1574430089548},"id":"registered"}}
{"recorder_version":"21","session":"9bea678701ab","build":"192.6262.58","bucket":"189","time":1574430089548,"group":{"id":"file.types.usage","version":"21"},"event":{"count":1,"data":{"created":1574430089548},"id":"registered"}}
{"recorder_version":"21","session":"9bea678701ab","build":"192.6262.58","bucket":"189","time":1574430089548,"group":{"id":"ide.script.engine","version":"1"},"event":{"count":1,"data":{"created":1574430089548},"id":"registered"}}
{"recorder_version":"21","session":"9bea678701ab","build":"192.6262.58","bucket":"189","time":1574430089548,"group":{"id":"actions.runAnything","version":"1"},"event":{"count":1,"data":{"created":1574430089549},"id":"registered"}}
{"recorder_version":"21","session":"9bea678701ab","build":"192.6262.58","bucket":"189","time":1574430089548,"group":{"id":"toolwindow","version":"21"},"event":{"count":1,"data":{"created":1574430089549},"id":"registered"}}
{"recorder_version":"21","session":"9bea678701ab","build":"192.6262.58","bucket":"189","time":1574430089548,"group":{"id":"kotlin.ide.newFileTempl","version":"1"},"event":{"count":1,"data":{"created":1574430089549},"id":"registered"}}
{"recorder_version":"21","session":"9bea678701ab","build":"192.6262.58","bucket":"189","time":1574430089548,"group":{"id":"live.templates","version":"21"},"event":{"count":1,"data":{"created":1574430089549},"id":"registered"}}
{"recorder_version":"21","session":"9bea678701ab","build":"192.6262.58","bucket":"189","time":1574430089548,"group":{"id":"ide.self.update","version":"2"},"event":{"count":1,"data":{"created":1574430089550},"id":"registered"}}
{"recorder_version":"21","session":"9bea678701ab","build":"192.6262.58","bucket":"189","time":1574430089548,"group":{"id":"ui.settings","version":"21"},"event":{"count":1,"data":{"created":1574430089550},"id":"registered"}}
{"recorder_version":"21","session":"9bea678701ab","build":"192.6262.58","bucket":"189","time":1574430089548,"group":{"id":"lifecycle","version":"21"},"event":{"count":1,"data":{"created":1574430089550},"id":"registered"}}
{"recorder_version":"21","session":"9bea678701ab","build":"192.6262.58","bucket":"189","time":1574430089548,"group":{"id":"vcs.diff.trigger","version":"1"},"event":{"count":1,"data":{"created":1574430089550},"id":"registered"}}
{"recorder_version":"21","session":"9bea678701ab","build":"192.6262.58","bucket":"189","time":1574430089548,"group":{"id":"vcs.log.trigger","version":"2"},"event":{"count":1,"data":{"created":1574430089550},"id":"registered"}}
{"recorder_version":"21","session":"9bea678701ab","build":"192.6262.58","bucket":"189","time":1574430089548,"group":{"id":"productivity","version":"21"},"event":{"count":1,"data":{"created":1574430089551},"id":"registered"}}
{"recorder_version":"21","session":"9bea678701ab","build":"192.6262.58","bucket":"189","time":1574430089548,"group":{"id":"debugger.breakpoints.usage","version":"2"},"event":{"count":1,"data":{"created":1574430089551},"id":"registered"}}
{"recorder_version":"21","session":"9bea678701ab","build":"192.6262.58","bucket":"189","time":1574430089548,"group":{"id":"kotlin.gradle.library","version":"1"},"event":{"count":1,"data":{"created":1574430089551},"id":"registered"}}
{"recorder_version":"21","session":"9bea678701ab","build":"192.6262.58","bucket":"189","time":1574430089548,"group":{"id":"find","version":"1"},"event":{"count":1,"data":{"created":1574430089551},"id":"registered"}}
{"recorder_version":"21","session":"9bea678701ab","build":"192.6262.58","bucket":"189","time":1574430089548,"group":{"id":"kotlin.gradle.target","version":"1"},"event":{"count":1,"data":{"created":1574430089551},"id":"registered"}}
{"recorder_version":"21","session":"9bea678701ab","build":"192.6262.58","bucket":"189","time":1574430089548,"group":{"id":"gutter.icon.click","version":"1"},"event":{"count":1,"data":{"created":1574430089551},"id":"registered"}}
{"recorder_version":"21","session":"9bea678701ab","build":"192.6262.58","bucket":"189","time":1574430089548,"group":{"id":"shell.script","version":"1"},"event":{"count":1,"data":{"created":1574430089552},"id":"registered"}}
{"recorder_version":"21","session":"9bea678701ab","build":"192.6262.58","bucket":"189","time":1574430089548,"group":{"id":"kotlin.ide.debugger.eval","version":"1"},"event":{"count":1,"data":{"created":1574430089552},"id":"registered"}}
{"recorder_version":"21","session":"9bea678701ab","build":"192.6262.58","bucket":"189","time":1574430089548,"group":{"id":"build.maven.actions","version":"1"},"event":{"count":1,"data":{"created":1574430089552},"id":"registered"}}
{"recorder_version":"21","session":"9bea678701ab","build":"192.6262.58","bucket":"189","time":1574430089548,"group":{"id":"ui.event","version":"1"},"event":{"count":1,"data":{"created":1574430089552},"id":"registered"}}
{"recorder_version":"21","session":"9bea678701ab","build":"192.6262.58","bucket":"189","time":1574430089548,"group":{"id":"new.project.wizard","version":"1"},"event":{"count":1,"data":{"created":1574430089552},"id":"registered"}}
{"recorder_version":"21","session":"9bea678701ab","build":"192.6262.58","bucket":"189","time":1574430089548,"group":{"id":"kotlin.ide.npwizards","version":"1"},"event":{"count":1,"data":{"created":1574430089552},"id":"registered"}}
{"recorder_version":"21","session":"9bea678701ab","build":"192.6262.58","bucket":"189","time":1574430089548,"group":{"id":"intentions","version":"21"},"event":{"count":1,"data":{"created":1574430089553},"id":"registered"}}
{"recorder_version":"21","session":"9bea678701ab","build":"192.6262.58","bucket":"189","time":1574430089548,"group":{"id":"ui.dialogs","version":"21"},"event":{"count":1,"data":{"created":1574430089553},"id":"registered"}}
{"recorder_version":"21","session":"9bea678701ab","build":"192.6262.58","bucket":"189","time":1574430089548,"group":{"id":"vcs.back.forward.trigger","version":"1"},"event":{"count":1,"data":{"created":1574430089553},"id":"registered"}}
{"recorder_version":"21","session":"9bea678701ab","build":"192.6262.58","bucket":"189","time":1574430089548,"group":{"id":"vcs.change.reminder","version":"1"},"event":{"count":1,"data":{"created":1574430089553},"id":"registered"}}
{"recorder_version":"21","session":"9bea678701ab","build":"192.6262.58","bucket":"189","time":1574430089548,"group":{"id":"toolbar","version":"21"},"event":{"count":1,"data":{"created":1574430089553},"id":"registered"}}
{"recorder_version":"21","session":"9bea678701ab","build":"192.6262.58","bucket":"189","time":1574430089548,"group":{"id":"build.gradle.actions","version":"1"},"event":{"count":1,"data":{"created":1574430089553},"id":"registered"}}
{"recorder_version":"21","session":"9bea678701ab","build":"192.6262.58","bucket":"189","time":1574430089548,"group":{"id":"kotlin.maven.target","version":"1"},"event":{"count":1,"data":{"created":1574430089553},"id":"registered"}}
{"recorder_version":"21","session":"9bea678701ab","build":"192.6262.58","bucket":"189","time":1574430089548,"group":{"id":"performance","version":"21"},"event":{"count":1,"data":{"created":1574430089554},"id":"registered"}}
{"recorder_version":"21","session":"9bea678701ab","build":"192.6262.58","bucket":"189","time":1574430089548,"group":{"id":"searchEverywhere","version":"1"},"event":{"count":1,"data":{"created":1574430089554},"id":"registered"}}
{"recorder_version":"21","session":"9bea678701ab","build":"192.6262.58","bucket":"189","time":1574430089548,"group":{"id":"kotlin.ide.action.refactoring","version":"1"},"event":{"count":1,"data":{"created":1574430089554},"id":"registered"}}
{"recorder_version":"21","session":"9bea678701ab","build":"192.6262.58","bucket":"189","time":1574430089548,"group":{"id":"ui.tips","version":"2"},"event":{"count":1,"data":{"created":1574430089554},"id":"registered"}}
{"recorder_version":"21","session":"9bea678701ab","build":"192.6262.58","bucket":"189","time":1574430089548,"group":{"id":"surround.with","version":"1"},"event":{"count":1,"data":{"created":1574430089554},"id":"registered"}}
{"recorder_version":"21","session":"9bea678701ab","build":"192.6262.58","bucket":"189","time":1574430089548,"group":{"id":"import.old.config","version":"1"},"event":{"count":1,"data":{"created":1574430089554},"id":"registered"}}
{"recorder_version":"21","session":"9bea678701ab","build":"192.6262.58","bucket":"189","time":1574430089548,"group":{"id":"json.schema","version":"1"},"event":{"count":1,"data":{"created":1574430089555},"id":"registered"}}
{"recorder_version":"21","session":"9bea678701ab","build":"192.6262.58","bucket":"189","time":1574430089548,"group":{"id":"kotlin.jps.target","version":"1"},"event":{"count":1,"data":{"created":1574430089555},"id":"registered"}}
{"recorder_version":"21","session":"9bea678701ab","build":"192.6262.58","bucket":"189","time":1574430089548,"group":{"id":"terminalShell","version":"1"},"event":{"count":1,"data":{"created":1574430089555},"id":"registered"}}
{"recorder_version":"21","session":"9bea678701ab","build":"192.6262.58","bucket":"189","time":1574430089548,"group":{"id":"completion.postfix","version":"21"},"event":{"count":1,"data":{"created":1574430089555},"id":"registered"}}
{"recorder_version":"21","session":"9bea678701ab","build":"192.6262.58","bucket":"189","time":1574430089548,"group":{"id":"build.ant.actions","version":"1"},"event":{"count":1,"data":{"created":1574430089555},"id":"registered"}}
{"recorder_version":"21","session":"9bea678701ab","build":"192.6262.58","bucket":"189","time":1574430089548,"group":{"id":"actions","version":"21"},"event":{"count":1,"data":{"created":1574430089555},"id":"registered"}}
{"recorder_version":"21","session":"9bea678701ab","build":"192.6262.58","bucket":"189","time":1574430089548,"group":{"id":"event.log","version":"21"},"event":{"count":1,"data":{"created":1574430089555},"id":"registered"}}
{"recorder_version":"21","session":"9bea678701ab","build":"192.6262.58","bucket":"189","time":1574430089548,"group":{"id":"run.configuration.exec","version":"21"},"event":{"count":1,"data":{"created":1574430089556},"id":"registered"}}
{"recorder_version":"21","session":"9bea678701ab","build":"192.6262.58","bucket":"189","time":1574430089548,"group":{"id":"build.maven.packagesearch","version":"2"},"event":{"count":1,"data":{"created":1574430089556},"id":"registered"}}
{"recorder_version":"21","session":"9bea678701ab","build":"192.6262.58","bucket":"189","time":1574430090957,"group":{"id":"performance","version":"21"},"event":{"count":1,"data":{"duration_ms":1,"created":1574430090957},"id":"ui.latency"}}
{"recorder_version":"21","session":"9bea678701ab","build":"192.6262.58","bucket":"189","time":1574430191220,"group":{"id":"performance","version":"21"},"event":{"count":1,"data":{"duration_ms":0,"created":1574430191220},"id":"ui.latency"}}
{"recorder_version":"21","session":"9bea678701ab","build":"192.6262.58","bucket":"189","time":1574430291452,"group":{"id":"performance","version":"21"},"event":{"count":1,"data":{"duration_ms":0,"created":1574430291452},"id":"ui.latency"}}
{"recorder_version":"21","session":"9bea678701ab","build":"192.6262.58","bucket":"189","time":1574430391749,"group":{"id":"performance","version":"21"},"event":{"count":1,"data":{"duration_ms":1,"created":1574430391749},"id":"ui.latency"}}
{"recorder_version":"21","session":"9bea678701ab","build":"192.6262.58","bucket":"189","time":1574430492074,"group":{"id":"performance","version":"21"},"event":{"count":1,"data":{"duration_ms":0,"created":1574430492074},"id":"ui.latency"}}
{"recorder_version":"21","session":"9bea678701ab","build":"192.6262.58","bucket":"189","time":1574430501183,"group":{"id":"lifecycle","version":"21"},"event":{"count":1,"data":{"created":1574430501183,"project":"a0f12fb42952fc36a102045bdbb22ad1f15aa9443e9c675024683f4da70c8bc4"},"id":"frame.activated"}}
{"recorder_version":"21","session":"9bea678701ab","build":"192.6262.58","bucket":"189","time":1574430501953,"group":{"id":"lifecycle","version":"21"},"event":{"count":1,"data":{"restart":false,"created":1574430501953},"id":"ide.close"}}
{"recorder_version":"21","session":"9bea678701ab","build":"192.6262.58","bucket":"189","time":1574430502289,"group":{"id":"performance","version":"21"},"event":{"count":1,"data":{"duration_ms":183,"created":1574430502290},"id":"ui.lagging"}}
{"recorder_version":"21","session":"9bea678701ab","build":"192.6262.58","bucket":"189","time":1574430502365,"group":{"id":"ui.dialogs","version":"21"},"event":{"count":1,"data":{"created":1574430502365,"plugin_type":"PLATFORM","type":"show"},"id":"com.intellij.openapi.progress.util.ProgressDialog$MyDialogWrapper"}}
{"recorder_version":"21","session":"9bea678701ab","build":"192.6262.58","bucket":"189","time":1574430502488,"group":{"id":"lifecycle","version":"21"},"event":{"count":1,"data":{"created":1574430502489,"project":"a0f12fb42952fc36a102045bdbb22ad1f15aa9443e9c675024683f4da70c8bc4"},"id":"project.closed"}}
