{"recorder_version":"21","session":"5fd0e0a25fd1","build":"192.6262.58","bucket":"189","time":1574788040632,"group":{"id":"settings","version":"4"},"event":{"state":true,"data":{"component":"NotRoamableUiSettings","created":1574788040803},"id":"invoked"}}
{"recorder_version":"21","session":"5fd0e0a25fd1","build":"192.6262.58","bucket":"189","time":1574788040634,"group":{"id":"system.java","version":"1"},"event":{"state":true,"data":{"created":1574788040805,"version":"1.11"},"id":"JetBrains"}}
{"recorder_version":"21","session":"5fd0e0a25fd1","build":"192.6262.58","bucket":"189","time":1574788040634,"group":{"id":"system.java","version":"1"},"event":{"state":true,"data":{"created":1574788040813},"id":"invoked"}}
{"recorder_version":"21","session":"5fd0e0a25fd1","build":"192.6262.58","bucket":"189","time":1574788040634,"group":{"id":"settings","version":"4"},"event":{"state":true,"data":{"component":"UISettings","created":1574788040814},"id":"invoked"}}
{"recorder_version":"21","session":"5fd0e0a25fd1","build":"192.6262.58","bucket":"189","time":1574788040655,"group":{"id":"system.os","version":"3"},"event":{"state":true,"data":{"created":1574788040815,"version":"10.14"},"id":"Mac"}}
{"recorder_version":"21","session":"5fd0e0a25fd1","build":"192.6262.58","bucket":"189","time":1574788040655,"group":{"id":"system.os","version":"3"},"event":{"state":true,"data":{"created":1574788040816,"name":"Mac","version":"10.14"},"id":"os.name"}}
{"recorder_version":"21","session":"5fd0e0a25fd1","build":"192.6262.58","bucket":"189","time":1574788040655,"group":{"id":"system.os","version":"3"},"event":{"state":true,"data":{"created":1574788040817,"value":"+09_00"},"id":"os.timezone"}}
{"recorder_version":"21","session":"5fd0e0a25fd1","build":"192.6262.58","bucket":"189","time":1574788040655,"group":{"id":"system.os","version":"3"},"event":{"state":true,"data":{"created":1574788040818},"id":"invoked"}}
{"recorder_version":"21","session":"5fd0e0a25fd1","build":"192.6262.58","bucket":"189","time":1574788040802,"group":{"id":"event.log","version":"21"},"event":{"count":1,"data":{"created":1574788040818,"version":"925.0"},"id":"whitelist.loaded"}}
{"recorder_version":"21","session":"5fd0e0a25fd1","build":"192.6262.58","bucket":"189","time":1574788043005,"group":{"id":"settings","version":"4"},"event":{"state":true,"data":{"component":"UpdatesConfigurable","created":1574788043005,"name":"checkNeeded","type":"bool","value":false},"id":"not.default"}}
{"recorder_version":"21","session":"5fd0e0a25fd1","build":"192.6262.58","bucket":"189","time":1574788043005,"group":{"id":"settings","version":"4"},"event":{"state":true,"data":{"component":"UpdatesConfigurable","created":1574788043006},"id":"invoked"}}
{"recorder_version":"21","session":"5fd0e0a25fd1","build":"192.6262.58","bucket":"189","time":1574788043142,"group":{"id":"settings","version":"4"},"event":{"state":true,"data":{"component":"GeneralSettings","created":1574788043143,"name":"confirmExit","type":"bool","value":false},"id":"not.default"}}
{"recorder_version":"21","session":"5fd0e0a25fd1","build":"192.6262.58","bucket":"189","time":1574788043142,"group":{"id":"settings","version":"4"},"event":{"state":true,"data":{"component":"GeneralSettings","created":1574788043143,"name":"showTipsOnStartup","type":"bool","value":false},"id":"not.default"}}
{"recorder_version":"21","session":"5fd0e0a25fd1","build":"192.6262.58","bucket":"189","time":1574788043142,"group":{"id":"settings","version":"4"},"event":{"state":true,"data":{"component":"GeneralSettings","created":1574788043146},"id":"invoked"}}
{"recorder_version":"21","session":"5fd0e0a25fd1","build":"192.6262.58","bucket":"189","time":1574788043149,"group":{"id":"lifecycle","version":"21"},"event":{"count":1,"data":{"internal":true,"eap":false,"created":1574788043149},"id":"ide.start"}}
{"recorder_version":"21","session":"5fd0e0a25fd1","build":"192.6262.58","bucket":"189","time":1574788043435,"group":{"id":"lifecycle","version":"21"},"event":{"count":1,"data":{"created":1574788043439},"id":"frame.activated"}}
{"recorder_version":"21","session":"5fd0e0a25fd1","build":"192.6262.58","bucket":"189","time":1574788043684,"group":{"id":"performance","version":"21"},"event":{"count":1,"data":{"duration_ms":1,"created":1574788043684},"id":"ui.latency"}}
{"recorder_version":"21","session":"5fd0e0a25fd1","build":"192.6262.58","bucket":"189","time":1574788043914,"group":{"id":"ui.dialogs","version":"21"},"event":{"count":1,"data":{"created":1574788043914,"plugin_type":"PLATFORM","type":"show"},"id":"com.intellij.openapi.progress.util.ProgressDialog$MyDialogWrapper"}}
{"recorder_version":"21","session":"5fd0e0a25fd1","build":"192.6262.58","bucket":"189","time":1574788045034,"group":{"id":"lifecycle","version":"21"},"event":{"count":1,"data":{"created":1574788045034,"project":"92ddc83aceaa9edad1485397ccc1680a8fd16623aa2c155379eac4aafdb2a559"},"id":"project.opened"}}
{"recorder_version":"21","session":"5fd0e0a25fd1","build":"192.6262.58","bucket":"189","time":1574788046652,"group":{"id":"settings","version":"4"},"event":{"state":true,"data":{"component":"XmlEditorOptions","created":1574788046652},"id":"invoked"}}
{"recorder_version":"21","session":"5fd0e0a25fd1","build":"192.6262.58","bucket":"189","time":1574788046816,"group":{"id":"performance","version":"21"},"event":{"count":1,"data":{"duration_ms":127,"created":1574788046816},"id":"ui.lagging"}}
{"recorder_version":"21","session":"5fd0e0a25fd1","build":"192.6262.58","bucket":"189","time":1574788046910,"group":{"id":"toolwindow","version":"21"},"event":{"count":1,"data":{"os":"Mac","created":1574788046910,"plugin_type":"PLATFORM"},"id":"Project"}}
{"recorder_version":"21","session":"5fd0e0a25fd1","build":"192.6262.58","bucket":"189","time":1574788049086,"group":{"id":"project.fs","version":"1"},"event":{"state":true,"data":{"os":"Mac","cs-project":false,"created":1574788049086,"project":"92ddc83aceaa9edad1485397ccc1680a8fd16623aa2c155379eac4aafdb2a559","cs-implicit":true,"cs-system":false},"id":"case-sensitivity"}}
{"recorder_version":"21","session":"5fd0e0a25fd1","build":"192.6262.58","bucket":"189","time":1574788049086,"group":{"id":"project.fs","version":"1"},"event":{"state":true,"data":{"created":1574788049086},"id":"invoked"}}
{"recorder_version":"21","session":"5fd0e0a25fd1","build":"192.6262.58","bucket":"189","time":1574788049091,"group":{"id":"project.fs","version":"1"},"event":{"state":true,"data":{"pct-non-watched":0,"created":1574788049091,"project":"92ddc83aceaa9edad1485397ccc1680a8fd16623aa2c155379eac4aafdb2a559"},"id":"roots-watched"}}
{"recorder_version":"21","session":"5fd0e0a25fd1","build":"192.6262.58","bucket":"189","time":1574788049091,"group":{"id":"project.fs","version":"1"},"event":{"state":true,"data":{"created":1574788049092},"id":"invoked"}}
{"recorder_version":"21","session":"5fd0e0a25fd1","build":"192.6262.58","bucket":"189","time":1574788049120,"group":{"id":"ui.dialogs","version":"21"},"event":{"count":1,"data":{"code":1,"created":1574788049120,"plugin_type":"PLATFORM","type":"close"},"id":"com.intellij.openapi.progress.util.ProgressDialog$MyDialogWrapper"}}
{"recorder_version":"21","session":"5fd0e0a25fd1","build":"192.6262.58","bucket":"189","time":1574788049275,"group":{"id":"lifecycle","version":"21"},"event":{"count":1,"data":{"duration_ms":5613,"created":1574788049275,"project":"92ddc83aceaa9edad1485397ccc1680a8fd16623aa2c155379eac4aafdb2a559"},"id":"project.opening.finished"}}
{"recorder_version":"21","session":"5fd0e0a25fd1","build":"192.6262.58","bucket":"189","time":1574788051574,"group":{"id":"kotlin.jps.target","version":"1"},"event":{"count":1,"data":{"plugin_version":"1.3.41-release-IJ2019.2-1","created":1574788051574},"id":"jvm"}}
{"recorder_version":"21","session":"5fd0e0a25fd1","build":"192.6262.58","bucket":"189","time":1574788052700,"group":{"id":"file.types.usage","version":"21"},"event":{"count":1,"data":{"created":1574788052701,"plugin_type":"PLATFORM","project":"92ddc83aceaa9edad1485397ccc1680a8fd16623aa2c155379eac4aafdb2a559","type":"edit"},"id":"IDEA_MODULE"}}
{"recorder_version":"21","session":"5fd0e0a25fd1","build":"192.6262.58","bucket":"189","time":1574788052809,"group":{"id":"performance","version":"21"},"event":{"count":1,"data":{"duration_ms":114,"created":1574788052809},"id":"ui.lagging"}}
{"recorder_version":"21","session":"5fd0e0a25fd1","build":"192.6262.58","bucket":"189","time":1574788055231,"group":{"id":"actions","version":"21"},"event":{"count":25,"data":{"context_menu":false,"last":1574788079243,"current_file":"TEXT","created":1574788055231,"plugin_type":"PLATFORM","project":"92ddc83aceaa9edad1485397ccc1680a8fd16623aa2c155379eac4aafdb2a559","place":"keyboard_shortcut","class":"com.intellij.openapi.editor.actions.BackspaceAction","input_event":"Backspace"},"id":"EditorBackSpace"}}
{"recorder_version":"21","session":"5fd0e0a25fd1","build":"192.6262.58","bucket":"189","time":1574788081206,"group":{"id":"lifecycle","version":"21"},"event":{"count":1,"data":{"restart":false,"created":1574788081206},"id":"ide.close"}}
{"recorder_version":"21","session":"5fd0e0a25fd1","build":"192.6262.58","bucket":"189","time":1574788081517,"group":{"id":"lifecycle","version":"21"},"event":{"count":1,"data":{"created":1574788081517,"project":"92ddc83aceaa9edad1485397ccc1680a8fd16623aa2c155379eac4aafdb2a559"},"id":"project.closed"}}
