{"recorder_version":"21","session":"dca046e241d0","build":"192.6262.58","bucket":"189","time":1574811182779,"group":{"id":"settings","version":"4"},"event":{"state":true,"data":{"component":"NotRoamableUiSettings","created":1574811182939},"id":"invoked"}}
{"recorder_version":"21","session":"dca046e241d0","build":"192.6262.58","bucket":"189","time":1574811182781,"group":{"id":"system.java","version":"1"},"event":{"state":true,"data":{"created":1574811182941,"version":"1.11"},"id":"JetBrains"}}
{"recorder_version":"21","session":"dca046e241d0","build":"192.6262.58","bucket":"189","time":1574811182781,"group":{"id":"system.java","version":"1"},"event":{"state":true,"data":{"created":1574811182946},"id":"invoked"}}
{"recorder_version":"21","session":"dca046e241d0","build":"192.6262.58","bucket":"189","time":1574811182782,"group":{"id":"settings","version":"4"},"event":{"state":true,"data":{"component":"UISettings","created":1574811182947},"id":"invoked"}}
{"recorder_version":"21","session":"dca046e241d0","build":"192.6262.58","bucket":"189","time":1574811182803,"group":{"id":"system.os","version":"3"},"event":{"state":true,"data":{"created":1574811182947,"version":"10.14"},"id":"Mac"}}
{"recorder_version":"21","session":"dca046e241d0","build":"192.6262.58","bucket":"189","time":1574811182803,"group":{"id":"system.os","version":"3"},"event":{"state":true,"data":{"created":1574811182948,"name":"Mac","version":"10.14"},"id":"os.name"}}
{"recorder_version":"21","session":"dca046e241d0","build":"192.6262.58","bucket":"189","time":1574811182803,"group":{"id":"system.os","version":"3"},"event":{"state":true,"data":{"created":1574811182949,"value":"+09_00"},"id":"os.timezone"}}
{"recorder_version":"21","session":"dca046e241d0","build":"192.6262.58","bucket":"189","time":1574811182803,"group":{"id":"system.os","version":"3"},"event":{"state":true,"data":{"created":1574811182949},"id":"invoked"}}
{"recorder_version":"21","session":"dca046e241d0","build":"192.6262.58","bucket":"189","time":1574811182938,"group":{"id":"event.log","version":"21"},"event":{"count":1,"data":{"created":1574811182950,"version":"930.0"},"id":"whitelist.loaded"}}
{"recorder_version":"21","session":"dca046e241d0","build":"192.6262.58","bucket":"189","time":1574811185110,"group":{"id":"settings","version":"4"},"event":{"state":true,"data":{"component":"UpdatesConfigurable","created":1574811185110,"name":"checkNeeded","type":"bool","value":false},"id":"not.default"}}
{"recorder_version":"21","session":"dca046e241d0","build":"192.6262.58","bucket":"189","time":1574811185110,"group":{"id":"settings","version":"4"},"event":{"state":true,"data":{"component":"UpdatesConfigurable","created":1574811185111},"id":"invoked"}}
{"recorder_version":"21","session":"dca046e241d0","build":"192.6262.58","bucket":"189","time":1574811185261,"group":{"id":"settings","version":"4"},"event":{"state":true,"data":{"component":"GeneralSettings","created":1574811185261,"name":"confirmExit","type":"bool","value":false},"id":"not.default"}}
{"recorder_version":"21","session":"dca046e241d0","build":"192.6262.58","bucket":"189","time":1574811185261,"group":{"id":"settings","version":"4"},"event":{"state":true,"data":{"component":"GeneralSettings","created":1574811185262,"name":"showTipsOnStartup","type":"bool","value":false},"id":"not.default"}}
{"recorder_version":"21","session":"dca046e241d0","build":"192.6262.58","bucket":"189","time":1574811185261,"group":{"id":"settings","version":"4"},"event":{"state":true,"data":{"component":"GeneralSettings","created":1574811185263},"id":"invoked"}}
{"recorder_version":"21","session":"dca046e241d0","build":"192.6262.58","bucket":"189","time":1574811185268,"group":{"id":"lifecycle","version":"21"},"event":{"count":1,"data":{"internal":true,"eap":false,"created":1574811185268},"id":"ide.start"}}
{"recorder_version":"21","session":"dca046e241d0","build":"192.6262.58","bucket":"189","time":1574811185593,"group":{"id":"lifecycle","version":"21"},"event":{"count":1,"data":{"created":1574811185593},"id":"frame.activated"}}
{"recorder_version":"21","session":"dca046e241d0","build":"192.6262.58","bucket":"189","time":1574811185774,"group":{"id":"performance","version":"21"},"event":{"count":1,"data":{"duration_ms":0,"created":1574811185774},"id":"ui.latency"}}
{"recorder_version":"21","session":"dca046e241d0","build":"192.6262.58","bucket":"189","time":1574811186126,"group":{"id":"ui.dialogs","version":"21"},"event":{"count":1,"data":{"created":1574811186126,"plugin_type":"PLATFORM","type":"show"},"id":"com.intellij.openapi.progress.util.ProgressDialog$MyDialogWrapper"}}
{"recorder_version":"21","session":"dca046e241d0","build":"192.6262.58","bucket":"189","time":1574811187266,"group":{"id":"lifecycle","version":"21"},"event":{"count":1,"data":{"created":1574811187266,"project":"92ddc83aceaa9edad1485397ccc1680a8fd16623aa2c155379eac4aafdb2a559"},"id":"project.opened"}}
{"recorder_version":"21","session":"dca046e241d0","build":"192.6262.58","bucket":"189","time":1574811187944,"group":{"id":"performance","version":"21"},"event":{"count":1,"data":{"duration_ms":170,"created":1574811187945},"id":"ui.lagging"}}
{"recorder_version":"21","session":"dca046e241d0","build":"192.6262.58","bucket":"189","time":1574811188973,"group":{"id":"settings","version":"4"},"event":{"state":true,"data":{"component":"XmlEditorOptions","created":1574811188973},"id":"invoked"}}
{"recorder_version":"21","session":"dca046e241d0","build":"192.6262.58","bucket":"189","time":1574811189039,"group":{"id":"performance","version":"21"},"event":{"count":1,"data":{"duration_ms":265,"created":1574811189039},"id":"ui.lagging"}}
{"recorder_version":"21","session":"dca046e241d0","build":"192.6262.58","bucket":"189","time":1574811189209,"group":{"id":"toolwindow","version":"21"},"event":{"count":1,"data":{"os":"Mac","created":1574811189210,"plugin_type":"PLATFORM"},"id":"Project"}}
{"recorder_version":"21","session":"dca046e241d0","build":"192.6262.58","bucket":"189","time":1574811189887,"group":{"id":"performance","version":"21"},"event":{"count":1,"data":{"duration_ms":108,"created":1574811189888},"id":"ui.lagging"}}
{"recorder_version":"21","session":"dca046e241d0","build":"192.6262.58","bucket":"189","time":1574811191895,"group":{"id":"performance","version":"21"},"event":{"count":1,"data":{"duration_ms":114,"created":1574811191895},"id":"ui.lagging"}}
{"recorder_version":"21","session":"dca046e241d0","build":"192.6262.58","bucket":"189","time":1574811191929,"group":{"id":"project.fs","version":"1"},"event":{"state":true,"data":{"os":"Mac","cs-project":false,"created":1574811191930,"project":"92ddc83aceaa9edad1485397ccc1680a8fd16623aa2c155379eac4aafdb2a559","cs-implicit":true,"cs-system":false},"id":"case-sensitivity"}}
{"recorder_version":"21","session":"dca046e241d0","build":"192.6262.58","bucket":"189","time":1574811191930,"group":{"id":"project.fs","version":"1"},"event":{"state":true,"data":{"created":1574811191931},"id":"invoked"}}
{"recorder_version":"21","session":"dca046e241d0","build":"192.6262.58","bucket":"189","time":1574811191932,"group":{"id":"project.fs","version":"1"},"event":{"state":true,"data":{"pct-non-watched":0,"created":1574811191932,"project":"92ddc83aceaa9edad1485397ccc1680a8fd16623aa2c155379eac4aafdb2a559"},"id":"roots-watched"}}
{"recorder_version":"21","session":"dca046e241d0","build":"192.6262.58","bucket":"189","time":1574811191932,"group":{"id":"project.fs","version":"1"},"event":{"state":true,"data":{"created":1574811191933},"id":"invoked"}}
{"recorder_version":"21","session":"dca046e241d0","build":"192.6262.58","bucket":"189","time":1574811192091,"group":{"id":"ui.dialogs","version":"21"},"event":{"count":1,"data":{"code":1,"created":1574811192092,"plugin_type":"PLATFORM","type":"close"},"id":"com.intellij.openapi.progress.util.ProgressDialog$MyDialogWrapper"}}
{"recorder_version":"21","session":"dca046e241d0","build":"192.6262.58","bucket":"189","time":1574811192259,"group":{"id":"lifecycle","version":"21"},"event":{"count":1,"data":{"duration_ms":6415,"created":1574811192259,"project":"92ddc83aceaa9edad1485397ccc1680a8fd16623aa2c155379eac4aafdb2a559"},"id":"project.opening.finished"}}
{"recorder_version":"21","session":"dca046e241d0","build":"192.6262.58","bucket":"189","time":1574811192997,"group":{"id":"kotlin.jps.target","version":"1"},"event":{"count":1,"data":{"plugin_version":"validation.undefined_rule","created":1574811192997},"id":"validation.undefined_rule"}}
{"recorder_version":"21","session":"dca046e241d0","build":"192.6262.58","bucket":"189","time":1574811202515,"group":{"id":"lifecycle","version":"21"},"event":{"count":1,"data":{"restart":false,"created":1574811202515},"id":"ide.close"}}
{"recorder_version":"21","session":"dca046e241d0","build":"192.6262.58","bucket":"189","time":1574811202792,"group":{"id":"lifecycle","version":"21"},"event":{"count":1,"data":{"created":1574811202792,"project":"92ddc83aceaa9edad1485397ccc1680a8fd16623aa2c155379eac4aafdb2a559"},"id":"project.closed"}}
