{"recorder_version":"21","session":"25c78f4dd0fb","build":"192.6262.58","bucket":"189","time":1575348962855,"group":{"id":"settings","version":"4"},"event":{"state":true,"data":{"component":"NotRoamableUiSettings","created":1575348963042},"id":"invoked"}}
{"recorder_version":"21","session":"25c78f4dd0fb","build":"192.6262.58","bucket":"189","time":1575348962858,"group":{"id":"settings","version":"4"},"event":{"state":true,"data":{"component":"UISettings","created":1575348963045},"id":"invoked"}}
{"recorder_version":"21","session":"25c78f4dd0fb","build":"192.6262.58","bucket":"189","time":1575348962858,"group":{"id":"system.java","version":"1"},"event":{"state":true,"data":{"created":1575348963052,"version":"1.11"},"id":"JetBrains"}}
{"recorder_version":"21","session":"25c78f4dd0fb","build":"192.6262.58","bucket":"189","time":1575348962858,"group":{"id":"system.java","version":"1"},"event":{"state":true,"data":{"created":1575348963053},"id":"invoked"}}
{"recorder_version":"21","session":"25c78f4dd0fb","build":"192.6262.58","bucket":"189","time":1575348962884,"group":{"id":"system.os","version":"3"},"event":{"state":true,"data":{"created":1575348963053,"version":"10.14"},"id":"Mac"}}
{"recorder_version":"21","session":"25c78f4dd0fb","build":"192.6262.58","bucket":"189","time":1575348962884,"group":{"id":"system.os","version":"3"},"event":{"state":true,"data":{"created":1575348963054,"name":"Mac","version":"10.14"},"id":"os.name"}}
{"recorder_version":"21","session":"25c78f4dd0fb","build":"192.6262.58","bucket":"189","time":1575348962884,"group":{"id":"system.os","version":"3"},"event":{"state":true,"data":{"created":1575348963054,"value":"+09_00"},"id":"os.timezone"}}
{"recorder_version":"21","session":"25c78f4dd0fb","build":"192.6262.58","bucket":"189","time":1575348962884,"group":{"id":"system.os","version":"3"},"event":{"state":true,"data":{"created":1575348963055},"id":"invoked"}}
{"recorder_version":"21","session":"25c78f4dd0fb","build":"192.6262.58","bucket":"189","time":1575348963042,"group":{"id":"event.log","version":"21"},"event":{"count":1,"data":{"created":1575348963055,"version":"942.0"},"id":"whitelist.loaded"}}
{"recorder_version":"21","session":"25c78f4dd0fb","build":"192.6262.58","bucket":"189","time":1575348965270,"group":{"id":"settings","version":"4"},"event":{"state":true,"data":{"component":"UpdatesConfigurable","created":1575348965270,"name":"checkNeeded","type":"bool","value":false},"id":"not.default"}}
{"recorder_version":"21","session":"25c78f4dd0fb","build":"192.6262.58","bucket":"189","time":1575348965270,"group":{"id":"settings","version":"4"},"event":{"state":true,"data":{"component":"UpdatesConfigurable","created":1575348965272},"id":"invoked"}}
{"recorder_version":"21","session":"25c78f4dd0fb","build":"192.6262.58","bucket":"189","time":1575348965410,"group":{"id":"settings","version":"4"},"event":{"state":true,"data":{"component":"GeneralSettings","created":1575348965411,"name":"confirmExit","type":"bool","value":false},"id":"not.default"}}
{"recorder_version":"21","session":"25c78f4dd0fb","build":"192.6262.58","bucket":"189","time":1575348965410,"group":{"id":"settings","version":"4"},"event":{"state":true,"data":{"component":"GeneralSettings","created":1575348965412,"name":"showTipsOnStartup","type":"bool","value":false},"id":"not.default"}}
{"recorder_version":"21","session":"25c78f4dd0fb","build":"192.6262.58","bucket":"189","time":1575348965410,"group":{"id":"settings","version":"4"},"event":{"state":true,"data":{"component":"GeneralSettings","created":1575348965413},"id":"invoked"}}
{"recorder_version":"21","session":"25c78f4dd0fb","build":"192.6262.58","bucket":"189","time":1575348965417,"group":{"id":"lifecycle","version":"21"},"event":{"count":1,"data":{"internal":true,"eap":false,"created":1575348965418},"id":"ide.start"}}
{"recorder_version":"21","session":"25c78f4dd0fb","build":"192.6262.58","bucket":"189","time":1575348965742,"group":{"id":"lifecycle","version":"21"},"event":{"count":1,"data":{"created":1575348965742},"id":"frame.activated"}}
{"recorder_version":"21","session":"25c78f4dd0fb","build":"192.6262.58","bucket":"189","time":1575348965890,"group":{"id":"performance","version":"21"},"event":{"count":1,"data":{"duration_ms":122,"created":1575348965891},"id":"ui.latency"}}
{"recorder_version":"21","session":"25c78f4dd0fb","build":"192.6262.58","bucket":"189","time":1575348965891,"group":{"id":"performance","version":"21"},"event":{"count":1,"data":{"duration_ms":122,"created":1575348965891},"id":"ui.lagging"}}
{"recorder_version":"21","session":"25c78f4dd0fb","build":"192.6262.58","bucket":"189","time":1575348966241,"group":{"id":"ui.dialogs","version":"21"},"event":{"count":1,"data":{"created":1575348966243,"plugin_type":"PLATFORM","type":"show"},"id":"com.intellij.openapi.progress.util.ProgressDialog$MyDialogWrapper"}}
{"recorder_version":"21","session":"25c78f4dd0fb","build":"192.6262.58","bucket":"189","time":1575348967728,"group":{"id":"lifecycle","version":"21"},"event":{"count":1,"data":{"created":1575348967728,"project":"4452600da3b350ab41d92ae108c2baae6ff0ac3ddb31bd67020ee046ec77ac09"},"id":"project.opened"}}
{"recorder_version":"21","session":"25c78f4dd0fb","build":"192.6262.58","bucket":"189","time":1575348968523,"group":{"id":"performance","version":"21"},"event":{"count":1,"data":{"duration_ms":754,"created":1575348968524},"id":"ui.lagging"}}
{"recorder_version":"21","session":"25c78f4dd0fb","build":"192.6262.58","bucket":"189","time":1575348969621,"group":{"id":"settings","version":"4"},"event":{"state":true,"data":{"component":"XmlEditorOptions","created":1575348969622},"id":"invoked"}}
{"recorder_version":"21","session":"25c78f4dd0fb","build":"192.6262.58","bucket":"189","time":1575348969941,"group":{"id":"performance","version":"21"},"event":{"count":1,"data":{"duration_ms":171,"created":1575348969941},"id":"ui.lagging"}}
{"recorder_version":"21","session":"25c78f4dd0fb","build":"192.6262.58","bucket":"189","time":1575348970284,"group":{"id":"toolwindow","version":"21"},"event":{"count":1,"data":{"os":"Mac","created":1575348970284,"plugin_type":"PLATFORM"},"id":"Project"}}
{"recorder_version":"21","session":"25c78f4dd0fb","build":"192.6262.58","bucket":"189","time":1575348971123,"group":{"id":"performance","version":"21"},"event":{"count":1,"data":{"duration_ms":351,"created":1575348971123},"id":"ui.lagging"}}
{"recorder_version":"21","session":"25c78f4dd0fb","build":"192.6262.58","bucket":"189","time":1575348972418,"group":{"id":"kotlin.jps.target","version":"1"},"event":{"count":2,"data":{"plugin_version":"validation.undefined_rule","last":1575348972419,"created":1575348972418},"id":"validation.undefined_rule"}}
{"recorder_version":"21","session":"25c78f4dd0fb","build":"192.6262.58","bucket":"189","time":1575348972756,"group":{"id":"project.fs","version":"1"},"event":{"state":true,"data":{"os":"Mac","cs-project":false,"created":1575348972756,"project":"4452600da3b350ab41d92ae108c2baae6ff0ac3ddb31bd67020ee046ec77ac09","cs-implicit":true,"cs-system":false},"id":"case-sensitivity"}}
{"recorder_version":"21","session":"25c78f4dd0fb","build":"192.6262.58","bucket":"189","time":1575348972756,"group":{"id":"project.fs","version":"1"},"event":{"state":true,"data":{"created":1575348972756},"id":"invoked"}}
{"recorder_version":"21","session":"25c78f4dd0fb","build":"192.6262.58","bucket":"189","time":1575348972756,"group":{"id":"project.fs","version":"1"},"event":{"state":true,"data":{"pct-non-watched":0,"created":1575348972757,"project":"4452600da3b350ab41d92ae108c2baae6ff0ac3ddb31bd67020ee046ec77ac09"},"id":"roots-watched"}}
{"recorder_version":"21","session":"25c78f4dd0fb","build":"192.6262.58","bucket":"189","time":1575348972756,"group":{"id":"project.fs","version":"1"},"event":{"state":true,"data":{"created":1575348972757},"id":"invoked"}}
{"recorder_version":"21","session":"25c78f4dd0fb","build":"192.6262.58","bucket":"189","time":1575348972882,"group":{"id":"ui.dialogs","version":"21"},"event":{"count":1,"data":{"code":1,"created":1575348972883,"plugin_type":"PLATFORM","type":"close"},"id":"com.intellij.openapi.progress.util.ProgressDialog$MyDialogWrapper"}}
{"recorder_version":"21","session":"25c78f4dd0fb","build":"192.6262.58","bucket":"189","time":1575348973110,"group":{"id":"lifecycle","version":"21"},"event":{"count":1,"data":{"duration_ms":7114,"created":1575348973110,"project":"4452600da3b350ab41d92ae108c2baae6ff0ac3ddb31bd67020ee046ec77ac09"},"id":"project.opening.finished"}}
{"recorder_version":"21","session":"25c78f4dd0fb","build":"192.6262.58","bucket":"189","time":1575348974023,"group":{"id":"performance","version":"21"},"event":{"count":1,"data":{"duration_ms":251,"created":1575348974023},"id":"ui.lagging"}}
{"recorder_version":"21","session":"25c78f4dd0fb","build":"192.6262.58","bucket":"189","time":1575348974686,"group":{"id":"vcs.change.reminder","version":"1"},"event":{"count":1,"data":{"created":1575348974686,"project":"4452600da3b350ab41d92ae108c2baae6ff0ac3ddb31bd67020ee046ec77ac09","execution_time":297},"id":"prediction.calculated"}}
{"recorder_version":"21","session":"25c78f4dd0fb","build":"192.6262.58","bucket":"189","time":1575348974763,"group":{"id":"vcs.change.reminder","version":"1"},"event":{"count":1,"data":{"created":1575348974763,"project":"4452600da3b350ab41d92ae108c2baae6ff0ac3ddb31bd67020ee046ec77ac09","execution_time":77},"id":"prediction.calculated"}}
{"recorder_version":"21","session":"25c78f4dd0fb","build":"192.6262.58","bucket":"189","time":1575348979221,"group":{"id":"lifecycle","version":"21"},"event":{"count":1,"data":{"created":1575348979221,"project":"4452600da3b350ab41d92ae108c2baae6ff0ac3ddb31bd67020ee046ec77ac09"},"id":"frame.deactivated"}}
{"recorder_version":"21","session":"25c78f4dd0fb","build":"192.6262.58","bucket":"189","time":1575348992040,"group":{"id":"lifecycle","version":"21"},"event":{"count":1,"data":{"created":1575348992040,"project":"4452600da3b350ab41d92ae108c2baae6ff0ac3ddb31bd67020ee046ec77ac09"},"id":"frame.activated"}}
{"recorder_version":"21","session":"25c78f4dd0fb","build":"192.6262.58","bucket":"189","time":1575348992663,"group":{"id":"file.types.usage","version":"21"},"event":{"count":1,"data":{"plugin":"com.intellij.java","created":1575348992663,"plugin_type":"JB_BUNDLED","project":"4452600da3b350ab41d92ae108c2baae6ff0ac3ddb31bd67020ee046ec77ac09","type":"edit"},"id":"JAVA"}}
{"recorder_version":"21","session":"25c78f4dd0fb","build":"192.6262.58","bucket":"189","time":1575348994905,"group":{"id":"lifecycle","version":"21"},"event":{"count":1,"data":{"created":1575348994905,"project":"4452600da3b350ab41d92ae108c2baae6ff0ac3ddb31bd67020ee046ec77ac09"},"id":"frame.deactivated"}}
{"recorder_version":"21","session":"25c78f4dd0fb","build":"192.6262.58","bucket":"189","time":1575349000713,"group":{"id":"lifecycle","version":"21"},"event":{"count":1,"data":{"created":1575349000714,"project":"4452600da3b350ab41d92ae108c2baae6ff0ac3ddb31bd67020ee046ec77ac09"},"id":"frame.activated"}}
{"recorder_version":"21","session":"25c78f4dd0fb","build":"192.6262.58","bucket":"189","time":1575349005717,"group":{"id":"file.types.usage","version":"21"},"event":{"count":1,"data":{"plugin":"com.intellij.java","created":1575349005717,"plugin_type":"JB_BUNDLED","project":"4452600da3b350ab41d92ae108c2baae6ff0ac3ddb31bd67020ee046ec77ac09","type":"open"},"id":"JAVA"}}
{"recorder_version":"21","session":"25c78f4dd0fb","build":"192.6262.58","bucket":"189","time":1575349017290,"group":{"id":"lifecycle","version":"21"},"event":{"count":1,"data":{"created":1575349017290,"project":"4452600da3b350ab41d92ae108c2baae6ff0ac3ddb31bd67020ee046ec77ac09"},"id":"frame.deactivated"}}
{"recorder_version":"21","session":"25c78f4dd0fb","build":"192.6262.58","bucket":"189","time":1575349020199,"group":{"id":"lifecycle","version":"21"},"event":{"count":1,"data":{"created":1575349020199,"project":"4452600da3b350ab41d92ae108c2baae6ff0ac3ddb31bd67020ee046ec77ac09"},"id":"frame.activated"}}
{"recorder_version":"21","session":"25c78f4dd0fb","build":"192.6262.58","bucket":"189","time":1575349021192,"group":{"id":"lifecycle","version":"21"},"event":{"count":1,"data":{"created":1575349021192,"project":"4452600da3b350ab41d92ae108c2baae6ff0ac3ddb31bd67020ee046ec77ac09"},"id":"frame.deactivated"}}
{"recorder_version":"21","session":"25c78f4dd0fb","build":"192.6262.58","bucket":"189","time":1575349028086,"group":{"id":"lifecycle","version":"21"},"event":{"count":1,"data":{"created":1575349028086,"project":"4452600da3b350ab41d92ae108c2baae6ff0ac3ddb31bd67020ee046ec77ac09"},"id":"frame.activated"}}
{"recorder_version":"21","session":"25c78f4dd0fb","build":"192.6262.58","bucket":"189","time":1575349029111,"group":{"id":"lifecycle","version":"21"},"event":{"count":1,"data":{"created":1575349029111,"project":"4452600da3b350ab41d92ae108c2baae6ff0ac3ddb31bd67020ee046ec77ac09"},"id":"frame.deactivated"}}
{"recorder_version":"21","session":"25c78f4dd0fb","build":"192.6262.58","bucket":"189","time":1575349032435,"group":{"id":"lifecycle","version":"21"},"event":{"count":1,"data":{"created":1575349032435,"project":"4452600da3b350ab41d92ae108c2baae6ff0ac3ddb31bd67020ee046ec77ac09"},"id":"frame.activated"}}
{"recorder_version":"21","session":"25c78f4dd0fb","build":"192.6262.58","bucket":"189","time":1575349036862,"group":{"id":"lifecycle","version":"21"},"event":{"count":1,"data":{"created":1575349036862,"project":"4452600da3b350ab41d92ae108c2baae6ff0ac3ddb31bd67020ee046ec77ac09"},"id":"frame.deactivated"}}
{"recorder_version":"21","session":"25c78f4dd0fb","build":"192.6262.58","bucket":"189","time":1575349051593,"group":{"id":"lifecycle","version":"21"},"event":{"count":1,"data":{"created":1575349051594,"project":"4452600da3b350ab41d92ae108c2baae6ff0ac3ddb31bd67020ee046ec77ac09"},"id":"frame.activated"}}
{"recorder_version":"21","session":"25c78f4dd0fb","build":"192.6262.58","bucket":"189","time":1575349052846,"group":{"id":"lifecycle","version":"21"},"event":{"count":1,"data":{"created":1575349052846,"project":"4452600da3b350ab41d92ae108c2baae6ff0ac3ddb31bd67020ee046ec77ac09"},"id":"frame.deactivated"}}
{"recorder_version":"21","session":"25c78f4dd0fb","build":"192.6262.58","bucket":"189","time":1575349054609,"group":{"id":"lifecycle","version":"21"},"event":{"count":1,"data":{"created":1575349054609,"project":"4452600da3b350ab41d92ae108c2baae6ff0ac3ddb31bd67020ee046ec77ac09"},"id":"frame.activated"}}
{"recorder_version":"21","session":"25c78f4dd0fb","build":"192.6262.58","bucket":"189","time":1575349058504,"group":{"id":"actions","version":"21"},"event":{"count":1,"data":{"context_menu":false,"current_file":"JAVA","created":1575349058504,"plugin_type":"PLATFORM","project":"4452600da3b350ab41d92ae108c2baae6ff0ac3ddb31bd67020ee046ec77ac09","place":"keyboard_shortcut","class":"com.intellij.openapi.editor.actions.EscapeAction","input_event":"Escape"},"id":"EditorEscape"}}
{"recorder_version":"21","session":"25c78f4dd0fb","build":"192.6262.58","bucket":"189","time":1575349058885,"group":{"id":"file.types.usage","version":"21"},"event":{"count":1,"data":{"plugin":"com.intellij.java","created":1575349058885,"plugin_type":"JB_BUNDLED","project":"4452600da3b350ab41d92ae108c2baae6ff0ac3ddb31bd67020ee046ec77ac09","type":"edit"},"id":"JAVA"}}
{"recorder_version":"21","session":"25c78f4dd0fb","build":"192.6262.58","bucket":"189","time":1575349060922,"group":{"id":"lifecycle","version":"21"},"event":{"count":1,"data":{"created":1575349060922,"project":"4452600da3b350ab41d92ae108c2baae6ff0ac3ddb31bd67020ee046ec77ac09"},"id":"frame.deactivated"}}
{"recorder_version":"21","session":"25c78f4dd0fb","build":"192.6262.58","bucket":"189","time":1575349066036,"group":{"id":"performance","version":"21"},"event":{"count":1,"data":{"duration_ms":1,"created":1575349066037},"id":"ui.latency"}}
{"recorder_version":"21","session":"25c78f4dd0fb","build":"192.6262.58","bucket":"189","time":1575349082502,"group":{"id":"lifecycle","version":"21"},"event":{"count":1,"data":{"created":1575349082502,"project":"4452600da3b350ab41d92ae108c2baae6ff0ac3ddb31bd67020ee046ec77ac09"},"id":"frame.activated"}}
{"recorder_version":"21","session":"25c78f4dd0fb","build":"192.6262.58","bucket":"189","time":1575349085510,"group":{"id":"lifecycle","version":"21"},"event":{"count":1,"data":{"created":1575349085511,"project":"4452600da3b350ab41d92ae108c2baae6ff0ac3ddb31bd67020ee046ec77ac09"},"id":"frame.deactivated"}}
{"recorder_version":"21","session":"25c78f4dd0fb","build":"192.6262.58","bucket":"189","time":1575349091704,"group":{"id":"lifecycle","version":"21"},"event":{"count":1,"data":{"created":1575349091704,"project":"4452600da3b350ab41d92ae108c2baae6ff0ac3ddb31bd67020ee046ec77ac09"},"id":"frame.activated"}}
{"recorder_version":"21","session":"25c78f4dd0fb","build":"192.6262.58","bucket":"189","time":1575349092071,"group":{"id":"lifecycle","version":"21"},"event":{"count":1,"data":{"restart":false,"created":1575349092071},"id":"ide.close"}}
{"recorder_version":"21","session":"25c78f4dd0fb","build":"192.6262.58","bucket":"189","time":1575349092149,"group":{"id":"lifecycle","version":"21"},"event":{"count":1,"data":{"created":1575349092149,"project":"4452600da3b350ab41d92ae108c2baae6ff0ac3ddb31bd67020ee046ec77ac09"},"id":"project.closed"}}
