{"recorder_version":"21","session":"ff82d0f2fbba","build":"192.6262.58","bucket":"189","time":1574814756203,"group":{"id":"settings","version":"4"},"event":{"state":true,"data":{"component":"NotRoamableUiSettings","created":1574814756359},"id":"invoked"}}
{"recorder_version":"21","session":"ff82d0f2fbba","build":"192.6262.58","bucket":"189","time":1574814756205,"group":{"id":"system.java","version":"1"},"event":{"state":true,"data":{"created":1574814756360,"version":"1.11"},"id":"JetBrains"}}
{"recorder_version":"21","session":"ff82d0f2fbba","build":"192.6262.58","bucket":"189","time":1574814756205,"group":{"id":"system.java","version":"1"},"event":{"state":true,"data":{"created":1574814756368},"id":"invoked"}}
{"recorder_version":"21","session":"ff82d0f2fbba","build":"192.6262.58","bucket":"189","time":1574814756206,"group":{"id":"settings","version":"4"},"event":{"state":true,"data":{"component":"UISettings","created":1574814756369},"id":"invoked"}}
{"recorder_version":"21","session":"ff82d0f2fbba","build":"192.6262.58","bucket":"189","time":1574814756225,"group":{"id":"system.os","version":"3"},"event":{"state":true,"data":{"created":1574814756370,"version":"10.14"},"id":"Mac"}}
{"recorder_version":"21","session":"ff82d0f2fbba","build":"192.6262.58","bucket":"189","time":1574814756225,"group":{"id":"system.os","version":"3"},"event":{"state":true,"data":{"created":1574814756371,"name":"Mac","version":"10.14"},"id":"os.name"}}
{"recorder_version":"21","session":"ff82d0f2fbba","build":"192.6262.58","bucket":"189","time":1574814756225,"group":{"id":"system.os","version":"3"},"event":{"state":true,"data":{"created":1574814756372,"value":"+09_00"},"id":"os.timezone"}}
{"recorder_version":"21","session":"ff82d0f2fbba","build":"192.6262.58","bucket":"189","time":1574814756225,"group":{"id":"system.os","version":"3"},"event":{"state":true,"data":{"created":1574814756373},"id":"invoked"}}
{"recorder_version":"21","session":"ff82d0f2fbba","build":"192.6262.58","bucket":"189","time":1574814756358,"group":{"id":"event.log","version":"21"},"event":{"count":1,"data":{"created":1574814756386,"version":"930.0"},"id":"whitelist.loaded"}}
{"recorder_version":"21","session":"ff82d0f2fbba","build":"192.6262.58","bucket":"189","time":1574814758781,"group":{"id":"settings","version":"4"},"event":{"state":true,"data":{"component":"UpdatesConfigurable","created":1574814758782,"name":"checkNeeded","type":"bool","value":false},"id":"not.default"}}
{"recorder_version":"21","session":"ff82d0f2fbba","build":"192.6262.58","bucket":"189","time":1574814758781,"group":{"id":"settings","version":"4"},"event":{"state":true,"data":{"component":"UpdatesConfigurable","created":1574814758783},"id":"invoked"}}
{"recorder_version":"21","session":"ff82d0f2fbba","build":"192.6262.58","bucket":"189","time":1574814758918,"group":{"id":"settings","version":"4"},"event":{"state":true,"data":{"component":"GeneralSettings","created":1574814758919,"name":"confirmExit","type":"bool","value":false},"id":"not.default"}}
{"recorder_version":"21","session":"ff82d0f2fbba","build":"192.6262.58","bucket":"189","time":1574814758918,"group":{"id":"settings","version":"4"},"event":{"state":true,"data":{"component":"GeneralSettings","created":1574814758920,"name":"showTipsOnStartup","type":"bool","value":false},"id":"not.default"}}
{"recorder_version":"21","session":"ff82d0f2fbba","build":"192.6262.58","bucket":"189","time":1574814758919,"group":{"id":"settings","version":"4"},"event":{"state":true,"data":{"component":"GeneralSettings","created":1574814758921},"id":"invoked"}}
{"recorder_version":"21","session":"ff82d0f2fbba","build":"192.6262.58","bucket":"189","time":1574814758924,"group":{"id":"lifecycle","version":"21"},"event":{"count":1,"data":{"internal":true,"eap":false,"created":1574814758925},"id":"ide.start"}}
{"recorder_version":"21","session":"ff82d0f2fbba","build":"192.6262.58","bucket":"189","time":1574814759196,"group":{"id":"lifecycle","version":"21"},"event":{"count":1,"data":{"created":1574814759196},"id":"frame.activated"}}
{"recorder_version":"21","session":"ff82d0f2fbba","build":"192.6262.58","bucket":"189","time":1574814759310,"group":{"id":"performance","version":"21"},"event":{"count":1,"data":{"duration_ms":80,"created":1574814759310},"id":"ui.latency"}}
{"recorder_version":"21","session":"ff82d0f2fbba","build":"192.6262.58","bucket":"189","time":1574814759645,"group":{"id":"ui.dialogs","version":"21"},"event":{"count":1,"data":{"created":1574814759645,"plugin_type":"PLATFORM","type":"show"},"id":"com.intellij.openapi.progress.util.ProgressDialog$MyDialogWrapper"}}
{"recorder_version":"21","session":"ff82d0f2fbba","build":"192.6262.58","bucket":"189","time":1574814760564,"group":{"id":"lifecycle","version":"21"},"event":{"count":1,"data":{"created":1574814760564,"project":"92ddc83aceaa9edad1485397ccc1680a8fd16623aa2c155379eac4aafdb2a559"},"id":"project.opened"}}
{"recorder_version":"21","session":"ff82d0f2fbba","build":"192.6262.58","bucket":"189","time":1574814762166,"group":{"id":"settings","version":"4"},"event":{"state":true,"data":{"component":"XmlEditorOptions","created":1574814762166},"id":"invoked"}}
{"recorder_version":"21","session":"ff82d0f2fbba","build":"192.6262.58","bucket":"189","time":1574814762381,"group":{"id":"toolwindow","version":"21"},"event":{"count":1,"data":{"os":"Mac","created":1574814762381,"plugin_type":"PLATFORM"},"id":"Project"}}
{"recorder_version":"21","session":"ff82d0f2fbba","build":"192.6262.58","bucket":"189","time":1574814764426,"group":{"id":"performance","version":"21"},"event":{"count":1,"data":{"duration_ms":192,"created":1574814764427},"id":"ui.lagging"}}
{"recorder_version":"21","session":"ff82d0f2fbba","build":"192.6262.58","bucket":"189","time":1574814764528,"group":{"id":"kotlin.jps.target","version":"1"},"event":{"count":1,"data":{"plugin_version":"validation.undefined_rule","created":1574814764528},"id":"validation.undefined_rule"}}
{"recorder_version":"21","session":"ff82d0f2fbba","build":"192.6262.58","bucket":"189","time":1574814764572,"group":{"id":"project.fs","version":"1"},"event":{"state":true,"data":{"os":"Mac","cs-project":false,"created":1574814764572,"project":"92ddc83aceaa9edad1485397ccc1680a8fd16623aa2c155379eac4aafdb2a559","cs-implicit":true,"cs-system":false},"id":"case-sensitivity"}}
{"recorder_version":"21","session":"ff82d0f2fbba","build":"192.6262.58","bucket":"189","time":1574814764572,"group":{"id":"project.fs","version":"1"},"event":{"state":true,"data":{"created":1574814764573},"id":"invoked"}}
{"recorder_version":"21","session":"ff82d0f2fbba","build":"192.6262.58","bucket":"189","time":1574814764573,"group":{"id":"project.fs","version":"1"},"event":{"state":true,"data":{"pct-non-watched":0,"created":1574814764573,"project":"92ddc83aceaa9edad1485397ccc1680a8fd16623aa2c155379eac4aafdb2a559"},"id":"roots-watched"}}
{"recorder_version":"21","session":"ff82d0f2fbba","build":"192.6262.58","bucket":"189","time":1574814764573,"group":{"id":"project.fs","version":"1"},"event":{"state":true,"data":{"created":1574814764573},"id":"invoked"}}
{"recorder_version":"21","session":"ff82d0f2fbba","build":"192.6262.58","bucket":"189","time":1574814764683,"group":{"id":"ui.dialogs","version":"21"},"event":{"count":1,"data":{"code":1,"created":1574814764683,"plugin_type":"PLATFORM","type":"close"},"id":"com.intellij.openapi.progress.util.ProgressDialog$MyDialogWrapper"}}
{"recorder_version":"21","session":"ff82d0f2fbba","build":"192.6262.58","bucket":"189","time":1574814764778,"group":{"id":"lifecycle","version":"21"},"event":{"count":1,"data":{"duration_ms":5392,"created":1574814764778,"project":"92ddc83aceaa9edad1485397ccc1680a8fd16623aa2c155379eac4aafdb2a559"},"id":"project.opening.finished"}}
{"recorder_version":"21","session":"ff82d0f2fbba","build":"192.6262.58","bucket":"189","time":1574814767227,"group":{"id":"file.types.usage","version":"21"},"event":{"count":1,"data":{"created":1574814767227,"plugin_type":"PLATFORM","project":"92ddc83aceaa9edad1485397ccc1680a8fd16623aa2c155379eac4aafdb2a559","type":"edit"},"id":"IDEA_MODULE"}}
{"recorder_version":"21","session":"ff82d0f2fbba","build":"192.6262.58","bucket":"189","time":1574814768242,"group":{"id":"lifecycle","version":"21"},"event":{"count":1,"data":{"created":1574814768242,"plugin_type":"NOT_LISTED","error":"java.lang.NullPointerException"},"id":"ide.error"}}
{"recorder_version":"21","session":"ff82d0f2fbba","build":"192.6262.58","bucket":"189","time":1574814770026,"group":{"id":"actions","version":"21"},"event":{"count":2,"data":{"context_menu":false,"last":1574814770628,"current_file":"TEXT","created":1574814770027,"plugin_type":"PLATFORM","project":"92ddc83aceaa9edad1485397ccc1680a8fd16623aa2c155379eac4aafdb2a559","place":"keyboard_shortcut","class":"com.intellij.openapi.editor.actions.EnterAction","input_event":"Enter"},"id":"EditorEnter"}}
{"recorder_version":"21","session":"ff82d0f2fbba","build":"192.6262.58","bucket":"189","time":1574814782796,"group":{"id":"lifecycle","version":"21"},"event":{"count":1,"data":{"created":1574814782796,"project":"92ddc83aceaa9edad1485397ccc1680a8fd16623aa2c155379eac4aafdb2a559"},"id":"frame.deactivated"}}
{"recorder_version":"21","session":"ff82d0f2fbba","build":"192.6262.58","bucket":"189","time":1574814806071,"group":{"id":"lifecycle","version":"21"},"event":{"count":1,"data":{"created":1574814806071,"project":"92ddc83aceaa9edad1485397ccc1680a8fd16623aa2c155379eac4aafdb2a559"},"id":"frame.activated"}}
{"recorder_version":"21","session":"ff82d0f2fbba","build":"192.6262.58","bucket":"189","time":1574814806345,"group":{"id":"lifecycle","version":"21"},"event":{"count":1,"data":{"restart":false,"created":1574814806345},"id":"ide.close"}}
{"recorder_version":"21","session":"ff82d0f2fbba","build":"192.6262.58","bucket":"189","time":1574814806430,"group":{"id":"lifecycle","version":"21"},"event":{"count":1,"data":{"created":1574814806430,"project":"92ddc83aceaa9edad1485397ccc1680a8fd16623aa2c155379eac4aafdb2a559"},"id":"project.closed"}}
