{"recorder_version":"21","session":"4f91c5857876","build":"192.6262.58","bucket":"189","time":1574885455553,"group":{"id":"settings","version":"4"},"event":{"state":true,"data":{"component":"NotRoamableUiSettings","created":1574885455697},"id":"invoked"}}
{"recorder_version":"21","session":"4f91c5857876","build":"192.6262.58","bucket":"189","time":1574885455555,"group":{"id":"system.java","version":"1"},"event":{"state":true,"data":{"created":1574885455699,"version":"1.11"},"id":"JetBrains"}}
{"recorder_version":"21","session":"4f91c5857876","build":"192.6262.58","bucket":"189","time":1574885455555,"group":{"id":"system.java","version":"1"},"event":{"state":true,"data":{"created":1574885455708},"id":"invoked"}}
{"recorder_version":"21","session":"4f91c5857876","build":"192.6262.58","bucket":"189","time":1574885455556,"group":{"id":"settings","version":"4"},"event":{"state":true,"data":{"component":"UISettings","created":1574885455708},"id":"invoked"}}
{"recorder_version":"21","session":"4f91c5857876","build":"192.6262.58","bucket":"189","time":1574885455578,"group":{"id":"system.os","version":"3"},"event":{"state":true,"data":{"created":1574885455709,"version":"10.14"},"id":"Mac"}}
{"recorder_version":"21","session":"4f91c5857876","build":"192.6262.58","bucket":"189","time":1574885455578,"group":{"id":"system.os","version":"3"},"event":{"state":true,"data":{"created":1574885455710,"name":"Mac","version":"10.14"},"id":"os.name"}}
{"recorder_version":"21","session":"4f91c5857876","build":"192.6262.58","bucket":"189","time":1574885455578,"group":{"id":"system.os","version":"3"},"event":{"state":true,"data":{"created":1574885455711,"value":"+09_00"},"id":"os.timezone"}}
{"recorder_version":"21","session":"4f91c5857876","build":"192.6262.58","bucket":"189","time":1574885455578,"group":{"id":"system.os","version":"3"},"event":{"state":true,"data":{"created":1574885455712},"id":"invoked"}}
{"recorder_version":"21","session":"4f91c5857876","build":"192.6262.58","bucket":"189","time":1574885455697,"group":{"id":"event.log","version":"21"},"event":{"count":1,"data":{"created":1574885455713,"version":"746.0"},"id":"whitelist.loaded"}}
{"recorder_version":"21","session":"4f91c5857876","build":"192.6262.58","bucket":"189","time":1574885457860,"group":{"id":"settings","version":"4"},"event":{"state":true,"data":{"component":"UpdatesConfigurable","created":1574885457861,"name":"checkNeeded","type":"bool","value":false},"id":"not.default"}}
{"recorder_version":"21","session":"4f91c5857876","build":"192.6262.58","bucket":"189","time":1574885457860,"group":{"id":"settings","version":"4"},"event":{"state":true,"data":{"component":"UpdatesConfigurable","created":1574885457862},"id":"invoked"}}
{"recorder_version":"21","session":"4f91c5857876","build":"192.6262.58","bucket":"189","time":1574885458384,"group":{"id":"lifecycle","version":"21"},"event":{"count":1,"data":{"internal":true,"eap":false,"created":1574885458385},"id":"ide.start"}}
{"recorder_version":"21","session":"4f91c5857876","build":"192.6262.58","bucket":"189","time":1574885458385,"group":{"id":"settings","version":"4"},"event":{"state":true,"data":{"component":"GeneralSettings","created":1574885458385},"id":"invoked"}}
{"recorder_version":"21","session":"4f91c5857876","build":"192.6262.58","bucket":"189","time":1574885458484,"group":{"id":"performance","version":"21"},"event":{"count":1,"data":{"duration_ms":82,"created":1574885458485},"id":"ui.latency"}}
{"recorder_version":"21","session":"4f91c5857876","build":"192.6262.58","bucket":"189","time":1574885459001,"group":{"id":"settings","version":"4"},"event":{"state":true,"data":{"component":"XmlEditorOptions","created":1574885459001},"id":"invoked"}}
{"recorder_version":"21","session":"4f91c5857876","build":"192.6262.58","bucket":"189","time":1574885460115,"group":{"id":"ui.dialogs","version":"21"},"event":{"count":1,"data":{"created":1574885460117,"plugin_type":"PLATFORM","type":"show"},"id":"com.intellij.openapi.progress.util.ProgressDialog$MyDialogWrapper"}}
{"recorder_version":"21","session":"4f91c5857876","build":"192.6262.58","bucket":"189","time":1574885460974,"group":{"id":"lifecycle","version":"21"},"event":{"count":1,"data":{"created":1574885460974,"project":"4452600da3b350ab41d92ae108c2baae6ff0ac3ddb31bd67020ee046ec77ac09"},"id":"project.opened"}}
{"recorder_version":"21","session":"4f91c5857876","build":"192.6262.58","bucket":"189","time":1574885461539,"group":{"id":"performance","version":"21"},"event":{"count":1,"data":{"duration_ms":134,"created":1574885461539},"id":"ui.lagging"}}
{"recorder_version":"21","session":"4f91c5857876","build":"192.6262.58","bucket":"189","time":1574885462664,"group":{"id":"performance","version":"21"},"event":{"count":1,"data":{"duration_ms":258,"created":1574885462665},"id":"ui.lagging"}}
{"recorder_version":"21","session":"4f91c5857876","build":"192.6262.58","bucket":"189","time":1574885463279,"group":{"id":"toolwindow","version":"21"},"event":{"count":1,"data":{"os":"Mac","created":1574885463279,"plugin_type":"PLATFORM"},"id":"Project"}}
{"recorder_version":"21","session":"4f91c5857876","build":"192.6262.58","bucket":"189","time":1574885463859,"group":{"id":"performance","version":"21"},"event":{"count":1,"data":{"duration_ms":452,"created":1574885463859},"id":"ui.lagging"}}
{"recorder_version":"21","session":"4f91c5857876","build":"192.6262.58","bucket":"189","time":1574885464152,"group":{"id":"ui.tips","version":"2"},"event":{"count":1,"data":{"created":1574885464152,"type":"automatically"},"id":"dialog.shown"}}
{"recorder_version":"21","session":"4f91c5857876","build":"192.6262.58","bucket":"189","time":1574885464268,"group":{"id":"ui.dialogs","version":"21"},"event":{"count":1,"data":{"created":1574885464268,"plugin_type":"PLATFORM","type":"show"},"id":"com.intellij.ide.util.TipDialog"}}
{"recorder_version":"21","session":"4f91c5857876","build":"192.6262.58","bucket":"189","time":1574885465198,"group":{"id":"project.fs","version":"1"},"event":{"state":true,"data":{"os":"Mac","cs-project":false,"created":1574885465198,"project":"4452600da3b350ab41d92ae108c2baae6ff0ac3ddb31bd67020ee046ec77ac09","cs-implicit":true,"cs-system":false},"id":"case-sensitivity"}}
{"recorder_version":"21","session":"4f91c5857876","build":"192.6262.58","bucket":"189","time":1574885465198,"group":{"id":"project.fs","version":"1"},"event":{"state":true,"data":{"created":1574885465208},"id":"invoked"}}
{"recorder_version":"21","session":"4f91c5857876","build":"192.6262.58","bucket":"189","time":1574885465199,"group":{"id":"project.fs","version":"1"},"event":{"state":true,"data":{"pct-non-watched":0,"created":1574885465218,"project":"4452600da3b350ab41d92ae108c2baae6ff0ac3ddb31bd67020ee046ec77ac09"},"id":"roots-watched"}}
{"recorder_version":"21","session":"4f91c5857876","build":"192.6262.58","bucket":"189","time":1574885465199,"group":{"id":"project.fs","version":"1"},"event":{"state":true,"data":{"created":1574885465219},"id":"invoked"}}
{"recorder_version":"21","session":"4f91c5857876","build":"192.6262.58","bucket":"189","time":1574885465228,"group":{"id":"ui.dialogs","version":"21"},"event":{"count":1,"data":{"code":1,"created":1574885465229,"plugin_type":"PLATFORM","type":"close"},"id":"com.intellij.openapi.progress.util.ProgressDialog$MyDialogWrapper"}}
{"recorder_version":"21","session":"4f91c5857876","build":"192.6262.58","bucket":"189","time":1574885465400,"group":{"id":"lifecycle","version":"21"},"event":{"count":1,"data":{"duration_ms":5584,"created":1574885465400,"project":"4452600da3b350ab41d92ae108c2baae6ff0ac3ddb31bd67020ee046ec77ac09"},"id":"project.opening.finished"}}
{"recorder_version":"21","session":"4f91c5857876","build":"192.6262.58","bucket":"189","time":1574885465754,"group":{"id":"ui.dialogs","version":"21"},"event":{"count":1,"data":{"code":1,"created":1574885465755,"plugin_type":"PLATFORM","type":"close"},"id":"com.intellij.ide.util.TipDialog"}}
{"recorder_version":"21","session":"4f91c5857876","build":"192.6262.58","bucket":"189","time":1574885466322,"group":{"id":"kotlin.jps.target","version":"1"},"event":{"count":2,"data":{"plugin_version":"1.3.41-release-IJ2019.2-1","last":1574885466322,"created":1574885466322},"id":"jvm"}}
{"recorder_version":"21","session":"4f91c5857876","build":"192.6262.58","bucket":"189","time":1574885467055,"group":{"id":"vcs.change.reminder","version":"1"},"event":{"count":1,"data":{"created":1574885467055,"project":"4452600da3b350ab41d92ae108c2baae6ff0ac3ddb31bd67020ee046ec77ac09","execution_time":217},"id":"prediction.calculated"}}
{"recorder_version":"21","session":"4f91c5857876","build":"192.6262.58","bucket":"189","time":1574885471489,"group":{"id":"file.types.usage","version":"21"},"event":{"count":1,"data":{"plugin":"com.intellij.java","created":1574885471489,"plugin_type":"JB_BUNDLED","project":"4452600da3b350ab41d92ae108c2baae6ff0ac3ddb31bd67020ee046ec77ac09","type":"edit"},"id":"JAVA"}}
{"recorder_version":"21","session":"4f91c5857876","build":"192.6262.58","bucket":"189","time":1574885475162,"group":{"id":"actions","version":"21"},"event":{"count":1,"data":{"context_menu":false,"current_file":"JAVA","created":1574885475162,"plugin_type":"PLATFORM","project":"4452600da3b350ab41d92ae108c2baae6ff0ac3ddb31bd67020ee046ec77ac09","place":"keyboard_shortcut","class":"com.intellij.openapi.editor.actions.BackspaceAction","input_event":"Backspace"},"id":"EditorBackSpace"}}
{"recorder_version":"21","session":"4f91c5857876","build":"192.6262.58","bucket":"189","time":1574885511780,"group":{"id":"actions","version":"21"},"event":{"count":1,"data":{"context_menu":false,"current_file":"JAVA","created":1574885511781,"plugin_type":"PLATFORM","project":"4452600da3b350ab41d92ae108c2baae6ff0ac3ddb31bd67020ee046ec77ac09","place":"keyboard_shortcut","class":"com.intellij.openapi.editor.actions.EscapeAction","input_event":"Escape"},"id":"EditorEscape"}}
{"recorder_version":"21","session":"4f91c5857876","build":"192.6262.58","bucket":"189","time":1574885516169,"group":{"id":"file.types.usage","version":"21"},"event":{"count":1,"data":{"plugin":"com.intellij.java","created":1574885516169,"plugin_type":"JB_BUNDLED","project":"4452600da3b350ab41d92ae108c2baae6ff0ac3ddb31bd67020ee046ec77ac09","type":"open"},"id":"JAVA"}}
{"recorder_version":"21","session":"4f91c5857876","build":"192.6262.58","bucket":"189","time":1574885525962,"group":{"id":"actions","version":"21"},"event":{"count":1,"data":{"context_menu":false,"current_file":"JAVA","created":1574885525963,"plugin_type":"PLATFORM","project":"4452600da3b350ab41d92ae108c2baae6ff0ac3ddb31bd67020ee046ec77ac09","place":"keyboard_shortcut","class":"com.intellij.openapi.editor.actions.EscapeAction","input_event":"Escape"},"id":"EditorEscape"}}
{"recorder_version":"21","session":"4f91c5857876","build":"192.6262.58","bucket":"189","time":1574885526811,"group":{"id":"file.types.usage","version":"21"},"event":{"count":1,"data":{"plugin":"com.intellij.java","created":1574885526811,"plugin_type":"JB_BUNDLED","project":"4452600da3b350ab41d92ae108c2baae6ff0ac3ddb31bd67020ee046ec77ac09","type":"edit"},"id":"JAVA"}}
{"recorder_version":"21","session":"4f91c5857876","build":"192.6262.58","bucket":"189","time":1574885547127,"group":{"id":"lifecycle","version":"21"},"event":{"count":1,"data":{"created":1574885547127,"project":"4452600da3b350ab41d92ae108c2baae6ff0ac3ddb31bd67020ee046ec77ac09"},"id":"frame.deactivated"}}
{"recorder_version":"21","session":"4f91c5857876","build":"192.6262.58","bucket":"189","time":1574885547939,"group":{"id":"performance","version":"21"},"event":{"count":1,"data":{"duration_ms":286,"created":1574885547939},"id":"ui.lagging"}}
{"recorder_version":"21","session":"4f91c5857876","build":"192.6262.58","bucket":"189","time":1574885558694,"group":{"id":"performance","version":"21"},"event":{"count":1,"data":{"duration_ms":0,"created":1574885558694},"id":"ui.latency"}}
{"recorder_version":"21","session":"4f91c5857876","build":"192.6262.58","bucket":"189","time":1574885562825,"group":{"id":"lifecycle","version":"21"},"event":{"count":1,"data":{"created":1574885562825,"project":"4452600da3b350ab41d92ae108c2baae6ff0ac3ddb31bd67020ee046ec77ac09"},"id":"project.closed"}}
{"recorder_version":"21","session":"4f91c5857876","build":"192.6262.58","bucket":"189","time":1574885564485,"group":{"id":"lifecycle","version":"21"},"event":{"count":1,"data":{"restart":false,"created":1574885564485},"id":"ide.close"}}
