{"recorder_version":"21","session":"ca7767cfc1da","build":"192.6262.58","bucket":"189","time":1574801746707,"group":{"id":"settings","version":"4"},"event":{"state":true,"data":{"component":"NotRoamableUiSettings","created":1574801746859},"id":"invoked"}}
{"recorder_version":"21","session":"ca7767cfc1da","build":"192.6262.58","bucket":"189","time":1574801746718,"group":{"id":"settings","version":"4"},"event":{"state":true,"data":{"component":"UISettings","created":1574801746861},"id":"invoked"}}
{"recorder_version":"21","session":"ca7767cfc1da","build":"192.6262.58","bucket":"189","time":1574801746719,"group":{"id":"system.java","version":"1"},"event":{"state":true,"data":{"created":1574801746870,"version":"1.11"},"id":"JetBrains"}}
{"recorder_version":"21","session":"ca7767cfc1da","build":"192.6262.58","bucket":"189","time":1574801746719,"group":{"id":"system.java","version":"1"},"event":{"state":true,"data":{"created":1574801746870},"id":"invoked"}}
{"recorder_version":"21","session":"ca7767cfc1da","build":"192.6262.58","bucket":"189","time":1574801746741,"group":{"id":"system.os","version":"3"},"event":{"state":true,"data":{"created":1574801746872,"version":"10.14"},"id":"Mac"}}
{"recorder_version":"21","session":"ca7767cfc1da","build":"192.6262.58","bucket":"189","time":1574801746741,"group":{"id":"system.os","version":"3"},"event":{"state":true,"data":{"created":1574801746874,"name":"Mac","version":"10.14"},"id":"os.name"}}
{"recorder_version":"21","session":"ca7767cfc1da","build":"192.6262.58","bucket":"189","time":1574801746741,"group":{"id":"system.os","version":"3"},"event":{"state":true,"data":{"created":1574801746875,"value":"+09_00"},"id":"os.timezone"}}
{"recorder_version":"21","session":"ca7767cfc1da","build":"192.6262.58","bucket":"189","time":1574801746741,"group":{"id":"system.os","version":"3"},"event":{"state":true,"data":{"created":1574801746875},"id":"invoked"}}
{"recorder_version":"21","session":"ca7767cfc1da","build":"192.6262.58","bucket":"189","time":1574801746859,"group":{"id":"event.log","version":"21"},"event":{"count":1,"data":{"created":1574801746876,"version":"930.0"},"id":"whitelist.loaded"}}
{"recorder_version":"21","session":"ca7767cfc1da","build":"192.6262.58","bucket":"189","time":1574801749132,"group":{"id":"settings","version":"4"},"event":{"state":true,"data":{"component":"UpdatesConfigurable","created":1574801749133,"name":"checkNeeded","type":"bool","value":false},"id":"not.default"}}
{"recorder_version":"21","session":"ca7767cfc1da","build":"192.6262.58","bucket":"189","time":1574801749133,"group":{"id":"settings","version":"4"},"event":{"state":true,"data":{"component":"UpdatesConfigurable","created":1574801749134},"id":"invoked"}}
{"recorder_version":"21","session":"ca7767cfc1da","build":"192.6262.58","bucket":"189","time":1574801749249,"group":{"id":"settings","version":"4"},"event":{"state":true,"data":{"component":"GeneralSettings","created":1574801749250,"name":"confirmExit","type":"bool","value":false},"id":"not.default"}}
{"recorder_version":"21","session":"ca7767cfc1da","build":"192.6262.58","bucket":"189","time":1574801749249,"group":{"id":"settings","version":"4"},"event":{"state":true,"data":{"component":"GeneralSettings","created":1574801749254,"name":"showTipsOnStartup","type":"bool","value":false},"id":"not.default"}}
{"recorder_version":"21","session":"ca7767cfc1da","build":"192.6262.58","bucket":"189","time":1574801749249,"group":{"id":"settings","version":"4"},"event":{"state":true,"data":{"component":"GeneralSettings","created":1574801749255},"id":"invoked"}}
{"recorder_version":"21","session":"ca7767cfc1da","build":"192.6262.58","bucket":"189","time":1574801749258,"group":{"id":"lifecycle","version":"21"},"event":{"count":1,"data":{"internal":true,"eap":false,"created":1574801749258},"id":"ide.start"}}
{"recorder_version":"21","session":"ca7767cfc1da","build":"192.6262.58","bucket":"189","time":1574801749538,"group":{"id":"lifecycle","version":"21"},"event":{"count":1,"data":{"created":1574801749538},"id":"frame.activated"}}
{"recorder_version":"21","session":"ca7767cfc1da","build":"192.6262.58","bucket":"189","time":1574801749798,"group":{"id":"performance","version":"21"},"event":{"count":1,"data":{"duration_ms":0,"created":1574801749798},"id":"ui.latency"}}
{"recorder_version":"21","session":"ca7767cfc1da","build":"192.6262.58","bucket":"189","time":1574801750000,"group":{"id":"ui.dialogs","version":"21"},"event":{"count":1,"data":{"created":1574801750002,"plugin_type":"PLATFORM","type":"show"},"id":"com.intellij.openapi.progress.util.ProgressDialog$MyDialogWrapper"}}
{"recorder_version":"21","session":"ca7767cfc1da","build":"192.6262.58","bucket":"189","time":1574801751055,"group":{"id":"lifecycle","version":"21"},"event":{"count":1,"data":{"created":1574801751055,"project":"92ddc83aceaa9edad1485397ccc1680a8fd16623aa2c155379eac4aafdb2a559"},"id":"project.opened"}}
{"recorder_version":"21","session":"ca7767cfc1da","build":"192.6262.58","bucket":"189","time":1574801752709,"group":{"id":"settings","version":"4"},"event":{"state":true,"data":{"component":"XmlEditorOptions","created":1574801752709},"id":"invoked"}}
{"recorder_version":"21","session":"ca7767cfc1da","build":"192.6262.58","bucket":"189","time":1574801753009,"group":{"id":"toolwindow","version":"21"},"event":{"count":1,"data":{"os":"Mac","created":1574801753009,"plugin_type":"PLATFORM"},"id":"Project"}}
{"recorder_version":"21","session":"ca7767cfc1da","build":"192.6262.58","bucket":"189","time":1574801755042,"group":{"id":"performance","version":"21"},"event":{"count":1,"data":{"duration_ms":234,"created":1574801755043},"id":"ui.lagging"}}
{"recorder_version":"21","session":"ca7767cfc1da","build":"192.6262.58","bucket":"189","time":1574801755172,"group":{"id":"kotlin.jps.target","version":"1"},"event":{"count":1,"data":{"plugin_version":"validation.undefined_rule","created":1574801755172},"id":"validation.undefined_rule"}}
{"recorder_version":"21","session":"ca7767cfc1da","build":"192.6262.58","bucket":"189","time":1574801755192,"group":{"id":"project.fs","version":"1"},"event":{"state":true,"data":{"os":"Mac","cs-project":false,"created":1574801755193,"project":"92ddc83aceaa9edad1485397ccc1680a8fd16623aa2c155379eac4aafdb2a559","cs-implicit":true,"cs-system":false},"id":"case-sensitivity"}}
{"recorder_version":"21","session":"ca7767cfc1da","build":"192.6262.58","bucket":"189","time":1574801755193,"group":{"id":"project.fs","version":"1"},"event":{"state":true,"data":{"created":1574801755193},"id":"invoked"}}
{"recorder_version":"21","session":"ca7767cfc1da","build":"192.6262.58","bucket":"189","time":1574801755195,"group":{"id":"project.fs","version":"1"},"event":{"state":true,"data":{"pct-non-watched":0,"created":1574801755195,"project":"92ddc83aceaa9edad1485397ccc1680a8fd16623aa2c155379eac4aafdb2a559"},"id":"roots-watched"}}
{"recorder_version":"21","session":"ca7767cfc1da","build":"192.6262.58","bucket":"189","time":1574801755195,"group":{"id":"project.fs","version":"1"},"event":{"state":true,"data":{"created":1574801755195},"id":"invoked"}}
{"recorder_version":"21","session":"ca7767cfc1da","build":"192.6262.58","bucket":"189","time":1574801755289,"group":{"id":"ui.dialogs","version":"21"},"event":{"count":1,"data":{"code":1,"created":1574801755290,"plugin_type":"PLATFORM","type":"close"},"id":"com.intellij.openapi.progress.util.ProgressDialog$MyDialogWrapper"}}
{"recorder_version":"21","session":"ca7767cfc1da","build":"192.6262.58","bucket":"189","time":1574801755437,"group":{"id":"lifecycle","version":"21"},"event":{"count":1,"data":{"duration_ms":5693,"created":1574801755437,"project":"92ddc83aceaa9edad1485397ccc1680a8fd16623aa2c155379eac4aafdb2a559"},"id":"project.opening.finished"}}
{"recorder_version":"21","session":"ca7767cfc1da","build":"192.6262.58","bucket":"189","time":1574801758883,"group":{"id":"file.types.usage","version":"21"},"event":{"count":1,"data":{"created":1574801758883,"plugin_type":"PLATFORM","project":"92ddc83aceaa9edad1485397ccc1680a8fd16623aa2c155379eac4aafdb2a559","type":"edit"},"id":"IDEA_MODULE"}}
{"recorder_version":"21","session":"ca7767cfc1da","build":"192.6262.58","bucket":"189","time":1574801762579,"group":{"id":"actions","version":"21"},"event":{"count":2,"data":{"context_menu":false,"last":1574801762729,"current_file":"TEXT","created":1574801762579,"plugin_type":"PLATFORM","project":"92ddc83aceaa9edad1485397ccc1680a8fd16623aa2c155379eac4aafdb2a559","place":"keyboard_shortcut","class":"com.intellij.openapi.editor.actions.BackspaceAction","input_event":"Backspace"},"id":"EditorBackSpace"}}
{"recorder_version":"21","session":"ca7767cfc1da","build":"192.6262.58","bucket":"189","time":1574801767256,"group":{"id":"lifecycle","version":"21"},"event":{"count":1,"data":{"created":1574801767256,"project":"92ddc83aceaa9edad1485397ccc1680a8fd16623aa2c155379eac4aafdb2a559"},"id":"frame.deactivated"}}
{"recorder_version":"21","session":"ca7767cfc1da","build":"192.6262.58","bucket":"189","time":1574801769788,"group":{"id":"lifecycle","version":"21"},"event":{"count":1,"data":{"created":1574801769788,"project":"92ddc83aceaa9edad1485397ccc1680a8fd16623aa2c155379eac4aafdb2a559"},"id":"frame.activated"}}
{"recorder_version":"21","session":"ca7767cfc1da","build":"192.6262.58","bucket":"189","time":1574801787696,"group":{"id":"lifecycle","version":"21"},"event":{"count":1,"data":{"created":1574801787696,"project":"92ddc83aceaa9edad1485397ccc1680a8fd16623aa2c155379eac4aafdb2a559"},"id":"frame.deactivated"}}
{"recorder_version":"21","session":"ca7767cfc1da","build":"192.6262.58","bucket":"189","time":1574801850100,"group":{"id":"performance","version":"21"},"event":{"count":1,"data":{"duration_ms":0,"created":1574801850100},"id":"ui.latency"}}
{"recorder_version":"21","session":"ca7767cfc1da","build":"192.6262.58","bucket":"189","time":1574801950417,"group":{"id":"performance","version":"21"},"event":{"count":1,"data":{"duration_ms":0,"created":1574801950418},"id":"ui.latency"}}
{"recorder_version":"21","session":"ca7767cfc1da","build":"192.6262.58","bucket":"189","time":1574801991338,"group":{"id":"lifecycle","version":"21"},"event":{"count":1,"data":{"created":1574801991338,"project":"92ddc83aceaa9edad1485397ccc1680a8fd16623aa2c155379eac4aafdb2a559"},"id":"frame.activated"}}
{"recorder_version":"21","session":"ca7767cfc1da","build":"192.6262.58","bucket":"189","time":1574801993853,"group":{"id":"lifecycle","version":"21"},"event":{"count":1,"data":{"created":1574801993853,"project":"92ddc83aceaa9edad1485397ccc1680a8fd16623aa2c155379eac4aafdb2a559"},"id":"frame.deactivated"}}
{"recorder_version":"21","session":"ca7767cfc1da","build":"192.6262.58","bucket":"189","time":1574802049249,"group":{"id":"build.tools.actions","version":"1"},"event":{"count":1,"data":{"created":1574802049249},"id":"registered"}}
{"recorder_version":"21","session":"ca7767cfc1da","build":"192.6262.58","bucket":"189","time":1574802049249,"group":{"id":"file.types.usage","version":"21"},"event":{"count":1,"data":{"created":1574802049250},"id":"registered"}}
{"recorder_version":"21","session":"ca7767cfc1da","build":"192.6262.58","bucket":"189","time":1574802049249,"group":{"id":"ide.script.engine","version":"1"},"event":{"count":1,"data":{"created":1574802049250},"id":"registered"}}
{"recorder_version":"21","session":"ca7767cfc1da","build":"192.6262.58","bucket":"189","time":1574802049249,"group":{"id":"actions.runAnything","version":"1"},"event":{"count":1,"data":{"created":1574802049250},"id":"registered"}}
{"recorder_version":"21","session":"ca7767cfc1da","build":"192.6262.58","bucket":"189","time":1574802049249,"group":{"id":"toolwindow","version":"21"},"event":{"count":1,"data":{"created":1574802049250},"id":"registered"}}
{"recorder_version":"21","session":"ca7767cfc1da","build":"192.6262.58","bucket":"189","time":1574802049249,"group":{"id":"kotlin.ide.newFileTempl","version":"1"},"event":{"count":1,"data":{"created":1574802049250},"id":"registered"}}
{"recorder_version":"21","session":"ca7767cfc1da","build":"192.6262.58","bucket":"189","time":1574802049249,"group":{"id":"live.templates","version":"21"},"event":{"count":1,"data":{"created":1574802049251},"id":"registered"}}
{"recorder_version":"21","session":"ca7767cfc1da","build":"192.6262.58","bucket":"189","time":1574802049249,"group":{"id":"ide.self.update","version":"2"},"event":{"count":1,"data":{"created":1574802049251},"id":"registered"}}
{"recorder_version":"21","session":"ca7767cfc1da","build":"192.6262.58","bucket":"189","time":1574802049249,"group":{"id":"ui.settings","version":"21"},"event":{"count":1,"data":{"created":1574802049251},"id":"registered"}}
{"recorder_version":"21","session":"ca7767cfc1da","build":"192.6262.58","bucket":"189","time":1574802049249,"group":{"id":"lifecycle","version":"21"},"event":{"count":1,"data":{"created":1574802049251},"id":"registered"}}
{"recorder_version":"21","session":"ca7767cfc1da","build":"192.6262.58","bucket":"189","time":1574802049249,"group":{"id":"vcs.diff.trigger","version":"1"},"event":{"count":1,"data":{"created":1574802049252},"id":"registered"}}
{"recorder_version":"21","session":"ca7767cfc1da","build":"192.6262.58","bucket":"189","time":1574802049249,"group":{"id":"vcs.log.trigger","version":"2"},"event":{"count":1,"data":{"created":1574802049252},"id":"registered"}}
{"recorder_version":"21","session":"ca7767cfc1da","build":"192.6262.58","bucket":"189","time":1574802049249,"group":{"id":"productivity","version":"21"},"event":{"count":1,"data":{"created":1574802049252},"id":"registered"}}
{"recorder_version":"21","session":"ca7767cfc1da","build":"192.6262.58","bucket":"189","time":1574802049249,"group":{"id":"debugger.breakpoints.usage","version":"2"},"event":{"count":1,"data":{"created":1574802049252},"id":"registered"}}
{"recorder_version":"21","session":"ca7767cfc1da","build":"192.6262.58","bucket":"189","time":1574802049249,"group":{"id":"kotlin.gradle.library","version":"1"},"event":{"count":1,"data":{"created":1574802049252},"id":"registered"}}
{"recorder_version":"21","session":"ca7767cfc1da","build":"192.6262.58","bucket":"189","time":1574802049249,"group":{"id":"find","version":"1"},"event":{"count":1,"data":{"created":1574802049252},"id":"registered"}}
{"recorder_version":"21","session":"ca7767cfc1da","build":"192.6262.58","bucket":"189","time":1574802049249,"group":{"id":"kotlin.gradle.target","version":"1"},"event":{"count":1,"data":{"created":1574802049253},"id":"registered"}}
{"recorder_version":"21","session":"ca7767cfc1da","build":"192.6262.58","bucket":"189","time":1574802049249,"group":{"id":"gutter.icon.click","version":"1"},"event":{"count":1,"data":{"created":1574802049253},"id":"registered"}}
{"recorder_version":"21","session":"ca7767cfc1da","build":"192.6262.58","bucket":"189","time":1574802049249,"group":{"id":"shell.script","version":"1"},"event":{"count":1,"data":{"created":1574802049253},"id":"registered"}}
{"recorder_version":"21","session":"ca7767cfc1da","build":"192.6262.58","bucket":"189","time":1574802049249,"group":{"id":"kotlin.ide.debugger.eval","version":"1"},"event":{"count":1,"data":{"created":1574802049253},"id":"registered"}}
{"recorder_version":"21","session":"ca7767cfc1da","build":"192.6262.58","bucket":"189","time":1574802049249,"group":{"id":"build.maven.actions","version":"1"},"event":{"count":1,"data":{"created":1574802049253},"id":"registered"}}
{"recorder_version":"21","session":"ca7767cfc1da","build":"192.6262.58","bucket":"189","time":1574802049249,"group":{"id":"ui.event","version":"1"},"event":{"count":1,"data":{"created":1574802049253},"id":"registered"}}
{"recorder_version":"21","session":"ca7767cfc1da","build":"192.6262.58","bucket":"189","time":1574802049249,"group":{"id":"new.project.wizard","version":"1"},"event":{"count":1,"data":{"created":1574802049254},"id":"registered"}}
{"recorder_version":"21","session":"ca7767cfc1da","build":"192.6262.58","bucket":"189","time":1574802049249,"group":{"id":"kotlin.ide.npwizards","version":"1"},"event":{"count":1,"data":{"created":1574802049254},"id":"registered"}}
{"recorder_version":"21","session":"ca7767cfc1da","build":"192.6262.58","bucket":"189","time":1574802049249,"group":{"id":"intentions","version":"21"},"event":{"count":1,"data":{"created":1574802049254},"id":"registered"}}
{"recorder_version":"21","session":"ca7767cfc1da","build":"192.6262.58","bucket":"189","time":1574802049249,"group":{"id":"ui.dialogs","version":"21"},"event":{"count":1,"data":{"created":1574802049254},"id":"registered"}}
{"recorder_version":"21","session":"ca7767cfc1da","build":"192.6262.58","bucket":"189","time":1574802049249,"group":{"id":"vcs.back.forward.trigger","version":"1"},"event":{"count":1,"data":{"created":1574802049254},"id":"registered"}}
{"recorder_version":"21","session":"ca7767cfc1da","build":"192.6262.58","bucket":"189","time":1574802049249,"group":{"id":"vcs.change.reminder","version":"1"},"event":{"count":1,"data":{"created":1574802049254},"id":"registered"}}
{"recorder_version":"21","session":"ca7767cfc1da","build":"192.6262.58","bucket":"189","time":1574802049249,"group":{"id":"toolbar","version":"21"},"event":{"count":1,"data":{"created":1574802049254},"id":"registered"}}
{"recorder_version":"21","session":"ca7767cfc1da","build":"192.6262.58","bucket":"189","time":1574802049249,"group":{"id":"build.gradle.actions","version":"1"},"event":{"count":1,"data":{"created":1574802049255},"id":"registered"}}
{"recorder_version":"21","session":"ca7767cfc1da","build":"192.6262.58","bucket":"189","time":1574802049249,"group":{"id":"kotlin.maven.target","version":"1"},"event":{"count":1,"data":{"created":1574802049255},"id":"registered"}}
{"recorder_version":"21","session":"ca7767cfc1da","build":"192.6262.58","bucket":"189","time":1574802049249,"group":{"id":"performance","version":"21"},"event":{"count":1,"data":{"created":1574802049255},"id":"registered"}}
{"recorder_version":"21","session":"ca7767cfc1da","build":"192.6262.58","bucket":"189","time":1574802049249,"group":{"id":"searchEverywhere","version":"1"},"event":{"count":1,"data":{"created":1574802049255},"id":"registered"}}
{"recorder_version":"21","session":"ca7767cfc1da","build":"192.6262.58","bucket":"189","time":1574802049249,"group":{"id":"kotlin.ide.action.refactoring","version":"1"},"event":{"count":1,"data":{"created":1574802049255},"id":"registered"}}
{"recorder_version":"21","session":"ca7767cfc1da","build":"192.6262.58","bucket":"189","time":1574802049249,"group":{"id":"ui.tips","version":"2"},"event":{"count":1,"data":{"created":1574802049255},"id":"registered"}}
{"recorder_version":"21","session":"ca7767cfc1da","build":"192.6262.58","bucket":"189","time":1574802049249,"group":{"id":"surround.with","version":"1"},"event":{"count":1,"data":{"created":1574802049256},"id":"registered"}}
{"recorder_version":"21","session":"ca7767cfc1da","build":"192.6262.58","bucket":"189","time":1574802049249,"group":{"id":"import.old.config","version":"1"},"event":{"count":1,"data":{"created":1574802049256},"id":"registered"}}
{"recorder_version":"21","session":"ca7767cfc1da","build":"192.6262.58","bucket":"189","time":1574802049249,"group":{"id":"json.schema","version":"1"},"event":{"count":1,"data":{"created":1574802049256},"id":"registered"}}
{"recorder_version":"21","session":"ca7767cfc1da","build":"192.6262.58","bucket":"189","time":1574802049249,"group":{"id":"kotlin.jps.target","version":"1"},"event":{"count":1,"data":{"created":1574802049256},"id":"registered"}}
{"recorder_version":"21","session":"ca7767cfc1da","build":"192.6262.58","bucket":"189","time":1574802049249,"group":{"id":"terminalShell","version":"1"},"event":{"count":1,"data":{"created":1574802049256},"id":"registered"}}
{"recorder_version":"21","session":"ca7767cfc1da","build":"192.6262.58","bucket":"189","time":1574802049249,"group":{"id":"completion.postfix","version":"21"},"event":{"count":1,"data":{"created":1574802049256},"id":"registered"}}
{"recorder_version":"21","session":"ca7767cfc1da","build":"192.6262.58","bucket":"189","time":1574802049249,"group":{"id":"build.ant.actions","version":"1"},"event":{"count":1,"data":{"created":1574802049257},"id":"registered"}}
{"recorder_version":"21","session":"ca7767cfc1da","build":"192.6262.58","bucket":"189","time":1574802049249,"group":{"id":"actions","version":"21"},"event":{"count":1,"data":{"created":1574802049257},"id":"registered"}}
{"recorder_version":"21","session":"ca7767cfc1da","build":"192.6262.58","bucket":"189","time":1574802049249,"group":{"id":"event.log","version":"21"},"event":{"count":1,"data":{"created":1574802049257},"id":"registered"}}
{"recorder_version":"21","session":"ca7767cfc1da","build":"192.6262.58","bucket":"189","time":1574802049249,"group":{"id":"run.configuration.exec","version":"21"},"event":{"count":1,"data":{"created":1574802049257},"id":"registered"}}
{"recorder_version":"21","session":"ca7767cfc1da","build":"192.6262.58","bucket":"189","time":1574802049249,"group":{"id":"build.maven.packagesearch","version":"2"},"event":{"count":1,"data":{"created":1574802049257},"id":"registered"}}
{"recorder_version":"21","session":"ca7767cfc1da","build":"192.6262.58","bucket":"189","time":1574802050777,"group":{"id":"performance","version":"21"},"event":{"count":1,"data":{"duration_ms":0,"created":1574802050777},"id":"ui.latency"}}
{"recorder_version":"21","session":"ca7767cfc1da","build":"192.6262.58","bucket":"189","time":1574802127926,"group":{"id":"lifecycle","version":"21"},"event":{"count":1,"data":{"created":1574802127926,"project":"92ddc83aceaa9edad1485397ccc1680a8fd16623aa2c155379eac4aafdb2a559"},"id":"frame.activated"}}
{"recorder_version":"21","session":"ca7767cfc1da","build":"192.6262.58","bucket":"189","time":1574802128687,"group":{"id":"lifecycle","version":"21"},"event":{"count":1,"data":{"restart":false,"created":1574802128687},"id":"ide.close"}}
{"recorder_version":"21","session":"ca7767cfc1da","build":"192.6262.58","bucket":"189","time":1574802128747,"group":{"id":"lifecycle","version":"21"},"event":{"count":1,"data":{"created":1574802128747,"project":"92ddc83aceaa9edad1485397ccc1680a8fd16623aa2c155379eac4aafdb2a559"},"id":"project.closed"}}
