{"recorder_version":"21","session":"13c5ee526be0","build":"192.6262.58","bucket":"189","time":1574886924488,"group":{"id":"settings","version":"4"},"event":{"state":true,"data":{"component":"NotRoamableUiSettings","created":1574886924710},"id":"invoked"}}
{"recorder_version":"21","session":"13c5ee526be0","build":"192.6262.58","bucket":"189","time":1574886924491,"group":{"id":"system.java","version":"1"},"event":{"state":true,"data":{"created":1574886924713,"version":"1.11"},"id":"JetBrains"}}
{"recorder_version":"21","session":"13c5ee526be0","build":"192.6262.58","bucket":"189","time":1574886924491,"group":{"id":"system.java","version":"1"},"event":{"state":true,"data":{"created":1574886924720},"id":"invoked"}}
{"recorder_version":"21","session":"13c5ee526be0","build":"192.6262.58","bucket":"189","time":1574886924491,"group":{"id":"settings","version":"4"},"event":{"state":true,"data":{"component":"UISettings","created":1574886924721},"id":"invoked"}}
{"recorder_version":"21","session":"13c5ee526be0","build":"192.6262.58","bucket":"189","time":1574886924521,"group":{"id":"system.os","version":"3"},"event":{"state":true,"data":{"created":1574886924721,"version":"10.14"},"id":"Mac"}}
{"recorder_version":"21","session":"13c5ee526be0","build":"192.6262.58","bucket":"189","time":1574886924521,"group":{"id":"system.os","version":"3"},"event":{"state":true,"data":{"created":1574886924722,"name":"Mac","version":"10.14"},"id":"os.name"}}
{"recorder_version":"21","session":"13c5ee526be0","build":"192.6262.58","bucket":"189","time":1574886924521,"group":{"id":"system.os","version":"3"},"event":{"state":true,"data":{"created":1574886924723,"value":"+09_00"},"id":"os.timezone"}}
{"recorder_version":"21","session":"13c5ee526be0","build":"192.6262.58","bucket":"189","time":1574886924521,"group":{"id":"system.os","version":"3"},"event":{"state":true,"data":{"created":1574886924723},"id":"invoked"}}
{"recorder_version":"21","session":"13c5ee526be0","build":"192.6262.58","bucket":"189","time":1574886924710,"group":{"id":"event.log","version":"21"},"event":{"count":1,"data":{"created":1574886924724,"version":"934.0"},"id":"whitelist.loaded"}}
{"recorder_version":"21","session":"13c5ee526be0","build":"192.6262.58","bucket":"189","time":1574886927279,"group":{"id":"settings","version":"4"},"event":{"state":true,"data":{"component":"UpdatesConfigurable","created":1574886927280,"name":"checkNeeded","type":"bool","value":false},"id":"not.default"}}
{"recorder_version":"21","session":"13c5ee526be0","build":"192.6262.58","bucket":"189","time":1574886927279,"group":{"id":"settings","version":"4"},"event":{"state":true,"data":{"component":"UpdatesConfigurable","created":1574886927300},"id":"invoked"}}
{"recorder_version":"21","session":"13c5ee526be0","build":"192.6262.58","bucket":"189","time":1574886927399,"group":{"id":"settings","version":"4"},"event":{"state":true,"data":{"component":"GeneralSettings","created":1574886927399},"id":"invoked"}}
{"recorder_version":"21","session":"13c5ee526be0","build":"192.6262.58","bucket":"189","time":1574886927408,"group":{"id":"lifecycle","version":"21"},"event":{"count":1,"data":{"internal":true,"eap":false,"created":1574886927409},"id":"ide.start"}}
{"recorder_version":"21","session":"13c5ee526be0","build":"192.6262.58","bucket":"189","time":1574886927714,"group":{"id":"lifecycle","version":"21"},"event":{"count":1,"data":{"created":1574886927714},"id":"frame.activated"}}
{"recorder_version":"21","session":"13c5ee526be0","build":"192.6262.58","bucket":"189","time":1574886927808,"group":{"id":"performance","version":"21"},"event":{"count":1,"data":{"duration_ms":173,"created":1574886927808},"id":"ui.latency"}}
{"recorder_version":"21","session":"13c5ee526be0","build":"192.6262.58","bucket":"189","time":1574886927808,"group":{"id":"performance","version":"21"},"event":{"count":1,"data":{"duration_ms":173,"created":1574886927809},"id":"ui.lagging"}}
{"recorder_version":"21","session":"13c5ee526be0","build":"192.6262.58","bucket":"189","time":1574886928188,"group":{"id":"ui.dialogs","version":"21"},"event":{"count":1,"data":{"created":1574886928190,"plugin_type":"PLATFORM","type":"show"},"id":"com.intellij.openapi.progress.util.ProgressDialog$MyDialogWrapper"}}
{"recorder_version":"21","session":"13c5ee526be0","build":"192.6262.58","bucket":"189","time":1574886929278,"group":{"id":"lifecycle","version":"21"},"event":{"count":1,"data":{"created":1574886929278,"project":"4452600da3b350ab41d92ae108c2baae6ff0ac3ddb31bd67020ee046ec77ac09"},"id":"project.opened"}}
{"recorder_version":"21","session":"13c5ee526be0","build":"192.6262.58","bucket":"189","time":1574886930055,"group":{"id":"performance","version":"21"},"event":{"count":1,"data":{"duration_ms":415,"created":1574886930055},"id":"ui.lagging"}}
{"recorder_version":"21","session":"13c5ee526be0","build":"192.6262.58","bucket":"189","time":1574886931053,"group":{"id":"settings","version":"4"},"event":{"state":true,"data":{"component":"XmlEditorOptions","created":1574886931053},"id":"invoked"}}
{"recorder_version":"21","session":"13c5ee526be0","build":"192.6262.58","bucket":"189","time":1574886931095,"group":{"id":"performance","version":"21"},"event":{"count":1,"data":{"duration_ms":452,"created":1574886931096},"id":"ui.lagging"}}
{"recorder_version":"21","session":"13c5ee526be0","build":"192.6262.58","bucket":"189","time":1574886931919,"group":{"id":"toolwindow","version":"21"},"event":{"count":1,"data":{"os":"Mac","created":1574886931933,"plugin_type":"NOT_LISTED"},"id":"third.party"}}
{"recorder_version":"21","session":"13c5ee526be0","build":"192.6262.58","bucket":"189","time":1574886932945,"group":{"id":"performance","version":"21"},"event":{"count":1,"data":{"duration_ms":300,"created":1574886932945},"id":"ui.lagging"}}
{"recorder_version":"21","session":"13c5ee526be0","build":"192.6262.58","bucket":"189","time":1574886932946,"group":{"id":"ui.tips","version":"2"},"event":{"count":1,"data":{"created":1574886932946,"type":"automatically"},"id":"dialog.shown"}}
{"recorder_version":"21","session":"13c5ee526be0","build":"192.6262.58","bucket":"189","time":1574886933111,"group":{"id":"ui.dialogs","version":"21"},"event":{"count":1,"data":{"created":1574886933111,"plugin_type":"PLATFORM","type":"show"},"id":"com.intellij.ide.util.TipDialog"}}
{"recorder_version":"21","session":"13c5ee526be0","build":"192.6262.58","bucket":"189","time":1574886933907,"group":{"id":"performance","version":"21"},"event":{"count":1,"data":{"duration_ms":259,"created":1574886933907},"id":"ui.lagging"}}
{"recorder_version":"21","session":"13c5ee526be0","build":"192.6262.58","bucket":"189","time":1574886934464,"group":{"id":"project.fs","version":"1"},"event":{"state":true,"data":{"os":"Mac","cs-project":false,"created":1574886934465,"project":"4452600da3b350ab41d92ae108c2baae6ff0ac3ddb31bd67020ee046ec77ac09","cs-implicit":true,"cs-system":false},"id":"case-sensitivity"}}
{"recorder_version":"21","session":"13c5ee526be0","build":"192.6262.58","bucket":"189","time":1574886934464,"group":{"id":"project.fs","version":"1"},"event":{"state":true,"data":{"created":1574886934465},"id":"invoked"}}
{"recorder_version":"21","session":"13c5ee526be0","build":"192.6262.58","bucket":"189","time":1574886934466,"group":{"id":"project.fs","version":"1"},"event":{"state":true,"data":{"pct-non-watched":0,"created":1574886934466,"project":"4452600da3b350ab41d92ae108c2baae6ff0ac3ddb31bd67020ee046ec77ac09"},"id":"roots-watched"}}
{"recorder_version":"21","session":"13c5ee526be0","build":"192.6262.58","bucket":"189","time":1574886934466,"group":{"id":"project.fs","version":"1"},"event":{"state":true,"data":{"created":1574886934466},"id":"invoked"}}
{"recorder_version":"21","session":"13c5ee526be0","build":"192.6262.58","bucket":"189","time":1574886934578,"group":{"id":"ui.dialogs","version":"21"},"event":{"count":1,"data":{"code":1,"created":1574886934579,"plugin_type":"PLATFORM","type":"close"},"id":"com.intellij.openapi.progress.util.ProgressDialog$MyDialogWrapper"}}
{"recorder_version":"21","session":"13c5ee526be0","build":"192.6262.58","bucket":"189","time":1574886934866,"group":{"id":"lifecycle","version":"21"},"event":{"count":1,"data":{"duration_ms":6960,"created":1574886934866,"project":"4452600da3b350ab41d92ae108c2baae6ff0ac3ddb31bd67020ee046ec77ac09"},"id":"project.opening.finished"}}
{"recorder_version":"21","session":"13c5ee526be0","build":"192.6262.58","bucket":"189","time":1574886936180,"group":{"id":"ui.dialogs","version":"21"},"event":{"count":1,"data":{"code":1,"created":1574886936180,"plugin_type":"PLATFORM","type":"close"},"id":"com.intellij.ide.util.TipDialog"}}
{"recorder_version":"21","session":"13c5ee526be0","build":"192.6262.58","bucket":"189","time":1574886937351,"group":{"id":"kotlin.jps.target","version":"1"},"event":{"count":2,"data":{"plugin_version":"validation.undefined_rule","last":1574886937360,"created":1574886937351},"id":"validation.undefined_rule"}}
{"recorder_version":"21","session":"13c5ee526be0","build":"192.6262.58","bucket":"189","time":1574886937952,"group":{"id":"vcs.change.reminder","version":"1"},"event":{"count":1,"data":{"created":1574886937952,"project":"4452600da3b350ab41d92ae108c2baae6ff0ac3ddb31bd67020ee046ec77ac09","execution_time":229},"id":"prediction.calculated"}}
{"recorder_version":"21","session":"13c5ee526be0","build":"192.6262.58","bucket":"189","time":1574886938018,"group":{"id":"vcs.change.reminder","version":"1"},"event":{"count":1,"data":{"created":1574886938018,"project":"4452600da3b350ab41d92ae108c2baae6ff0ac3ddb31bd67020ee046ec77ac09","execution_time":55},"id":"prediction.calculated"}}
{"recorder_version":"21","session":"13c5ee526be0","build":"192.6262.58","bucket":"189","time":1574886938271,"group":{"id":"file.types.usage","version":"21"},"event":{"count":1,"data":{"plugin":"com.intellij.java","created":1574886938271,"plugin_type":"JB_BUNDLED","project":"4452600da3b350ab41d92ae108c2baae6ff0ac3ddb31bd67020ee046ec77ac09","type":"edit"},"id":"JAVA"}}
{"recorder_version":"21","session":"13c5ee526be0","build":"192.6262.58","bucket":"189","time":1574886960258,"group":{"id":"lifecycle","version":"21"},"event":{"count":1,"data":{"created":1574886960258,"project":"4452600da3b350ab41d92ae108c2baae6ff0ac3ddb31bd67020ee046ec77ac09"},"id":"frame.deactivated"}}
{"recorder_version":"21","session":"13c5ee526be0","build":"192.6262.58","bucket":"189","time":1574886961775,"group":{"id":"lifecycle","version":"21"},"event":{"count":1,"data":{"created":1574886961775,"project":"4452600da3b350ab41d92ae108c2baae6ff0ac3ddb31bd67020ee046ec77ac09"},"id":"project.closed"}}
{"recorder_version":"21","session":"13c5ee526be0","build":"192.6262.58","bucket":"189","time":1574887003691,"group":{"id":"lifecycle","version":"21"},"event":{"count":1,"data":{"restart":false,"created":1574887003691},"id":"ide.close"}}
