{"recorder_version":"21","session":"cbcdab214a3d","build":"192.6262.58","bucket":"189","time":1574798944485,"group":{"id":"settings","version":"4"},"event":{"state":true,"data":{"component":"NotRoamableUiSettings","created":1574798944652},"id":"invoked"}}
{"recorder_version":"21","session":"cbcdab214a3d","build":"192.6262.58","bucket":"189","time":1574798944486,"group":{"id":"system.java","version":"1"},"event":{"state":true,"data":{"created":1574798944656,"version":"1.11"},"id":"JetBrains"}}
{"recorder_version":"21","session":"cbcdab214a3d","build":"192.6262.58","bucket":"189","time":1574798944486,"group":{"id":"system.java","version":"1"},"event":{"state":true,"data":{"created":1574798944665},"id":"invoked"}}
{"recorder_version":"21","session":"cbcdab214a3d","build":"192.6262.58","bucket":"189","time":1574798944487,"group":{"id":"settings","version":"4"},"event":{"state":true,"data":{"component":"UISettings","created":1574798944666},"id":"invoked"}}
{"recorder_version":"21","session":"cbcdab214a3d","build":"192.6262.58","bucket":"189","time":1574798944510,"group":{"id":"system.os","version":"3"},"event":{"state":true,"data":{"created":1574798944666,"version":"10.14"},"id":"Mac"}}
{"recorder_version":"21","session":"cbcdab214a3d","build":"192.6262.58","bucket":"189","time":1574798944510,"group":{"id":"system.os","version":"3"},"event":{"state":true,"data":{"created":1574798944667,"name":"Mac","version":"10.14"},"id":"os.name"}}
{"recorder_version":"21","session":"cbcdab214a3d","build":"192.6262.58","bucket":"189","time":1574798944510,"group":{"id":"system.os","version":"3"},"event":{"state":true,"data":{"created":1574798944668,"value":"+09_00"},"id":"os.timezone"}}
{"recorder_version":"21","session":"cbcdab214a3d","build":"192.6262.58","bucket":"189","time":1574798944510,"group":{"id":"system.os","version":"3"},"event":{"state":true,"data":{"created":1574798944669},"id":"invoked"}}
{"recorder_version":"21","session":"cbcdab214a3d","build":"192.6262.58","bucket":"189","time":1574798944651,"group":{"id":"event.log","version":"21"},"event":{"count":1,"data":{"created":1574798944670,"version":"930.0"},"id":"whitelist.loaded"}}
{"recorder_version":"21","session":"cbcdab214a3d","build":"192.6262.58","bucket":"189","time":1574798946859,"group":{"id":"settings","version":"4"},"event":{"state":true,"data":{"component":"UpdatesConfigurable","created":1574798946860,"name":"checkNeeded","type":"bool","value":false},"id":"not.default"}}
{"recorder_version":"21","session":"cbcdab214a3d","build":"192.6262.58","bucket":"189","time":1574798946860,"group":{"id":"settings","version":"4"},"event":{"state":true,"data":{"component":"UpdatesConfigurable","created":1574798946861},"id":"invoked"}}
{"recorder_version":"21","session":"cbcdab214a3d","build":"192.6262.58","bucket":"189","time":1574798946992,"group":{"id":"settings","version":"4"},"event":{"state":true,"data":{"component":"GeneralSettings","created":1574798946992,"name":"confirmExit","type":"bool","value":false},"id":"not.default"}}
{"recorder_version":"21","session":"cbcdab214a3d","build":"192.6262.58","bucket":"189","time":1574798946992,"group":{"id":"settings","version":"4"},"event":{"state":true,"data":{"component":"GeneralSettings","created":1574798946993,"name":"showTipsOnStartup","type":"bool","value":false},"id":"not.default"}}
{"recorder_version":"21","session":"cbcdab214a3d","build":"192.6262.58","bucket":"189","time":1574798946992,"group":{"id":"settings","version":"4"},"event":{"state":true,"data":{"component":"GeneralSettings","created":1574798946995},"id":"invoked"}}
{"recorder_version":"21","session":"cbcdab214a3d","build":"192.6262.58","bucket":"189","time":1574798946996,"group":{"id":"lifecycle","version":"21"},"event":{"count":1,"data":{"internal":true,"eap":false,"created":1574798946996},"id":"ide.start"}}
{"recorder_version":"21","session":"cbcdab214a3d","build":"192.6262.58","bucket":"189","time":1574798947263,"group":{"id":"lifecycle","version":"21"},"event":{"count":1,"data":{"created":1574798947263},"id":"frame.activated"}}
{"recorder_version":"21","session":"cbcdab214a3d","build":"192.6262.58","bucket":"189","time":1574798947505,"group":{"id":"performance","version":"21"},"event":{"count":1,"data":{"duration_ms":1,"created":1574798947505},"id":"ui.latency"}}
{"recorder_version":"21","session":"cbcdab214a3d","build":"192.6262.58","bucket":"189","time":1574798947712,"group":{"id":"ui.dialogs","version":"21"},"event":{"count":1,"data":{"created":1574798947712,"plugin_type":"PLATFORM","type":"show"},"id":"com.intellij.openapi.progress.util.ProgressDialog$MyDialogWrapper"}}
{"recorder_version":"21","session":"cbcdab214a3d","build":"192.6262.58","bucket":"189","time":1574798948568,"group":{"id":"lifecycle","version":"21"},"event":{"count":1,"data":{"created":1574798948568,"project":"92ddc83aceaa9edad1485397ccc1680a8fd16623aa2c155379eac4aafdb2a559"},"id":"project.opened"}}
{"recorder_version":"21","session":"cbcdab214a3d","build":"192.6262.58","bucket":"189","time":1574798950106,"group":{"id":"settings","version":"4"},"event":{"state":true,"data":{"component":"XmlEditorOptions","created":1574798950106},"id":"invoked"}}
{"recorder_version":"21","session":"cbcdab214a3d","build":"192.6262.58","bucket":"189","time":1574798950133,"group":{"id":"performance","version":"21"},"event":{"count":1,"data":{"duration_ms":622,"created":1574798950134},"id":"ui.lagging"}}
{"recorder_version":"21","session":"cbcdab214a3d","build":"192.6262.58","bucket":"189","time":1574798950311,"group":{"id":"toolwindow","version":"21"},"event":{"count":1,"data":{"os":"Mac","created":1574798950311,"plugin_type":"PLATFORM"},"id":"Project"}}
{"recorder_version":"21","session":"cbcdab214a3d","build":"192.6262.58","bucket":"189","time":1574798950670,"group":{"id":"performance","version":"21"},"event":{"count":1,"data":{"duration_ms":159,"created":1574798950670},"id":"ui.lagging"}}
{"recorder_version":"21","session":"cbcdab214a3d","build":"192.6262.58","bucket":"189","time":1574798952552,"group":{"id":"project.fs","version":"1"},"event":{"state":true,"data":{"os":"Mac","cs-project":false,"created":1574798952553,"project":"92ddc83aceaa9edad1485397ccc1680a8fd16623aa2c155379eac4aafdb2a559","cs-implicit":true,"cs-system":false},"id":"case-sensitivity"}}
{"recorder_version":"21","session":"cbcdab214a3d","build":"192.6262.58","bucket":"189","time":1574798952552,"group":{"id":"project.fs","version":"1"},"event":{"state":true,"data":{"created":1574798952553},"id":"invoked"}}
{"recorder_version":"21","session":"cbcdab214a3d","build":"192.6262.58","bucket":"189","time":1574798952553,"group":{"id":"project.fs","version":"1"},"event":{"state":true,"data":{"pct-non-watched":0,"created":1574798952553,"project":"92ddc83aceaa9edad1485397ccc1680a8fd16623aa2c155379eac4aafdb2a559"},"id":"roots-watched"}}
{"recorder_version":"21","session":"cbcdab214a3d","build":"192.6262.58","bucket":"189","time":1574798952553,"group":{"id":"project.fs","version":"1"},"event":{"state":true,"data":{"created":1574798952553},"id":"invoked"}}
{"recorder_version":"21","session":"cbcdab214a3d","build":"192.6262.58","bucket":"189","time":1574798952660,"group":{"id":"ui.dialogs","version":"21"},"event":{"count":1,"data":{"code":1,"created":1574798952661,"plugin_type":"PLATFORM","type":"close"},"id":"com.intellij.openapi.progress.util.ProgressDialog$MyDialogWrapper"}}
{"recorder_version":"21","session":"cbcdab214a3d","build":"192.6262.58","bucket":"189","time":1574798952824,"group":{"id":"lifecycle","version":"21"},"event":{"count":1,"data":{"duration_ms":5350,"created":1574798952825,"project":"92ddc83aceaa9edad1485397ccc1680a8fd16623aa2c155379eac4aafdb2a559"},"id":"project.opening.finished"}}
{"recorder_version":"21","session":"cbcdab214a3d","build":"192.6262.58","bucket":"189","time":1574798954609,"group":{"id":"kotlin.jps.target","version":"1"},"event":{"count":1,"data":{"plugin_version":"validation.undefined_rule","created":1574798954609},"id":"validation.undefined_rule"}}
{"recorder_version":"21","session":"cbcdab214a3d","build":"192.6262.58","bucket":"189","time":1574798956448,"group":{"id":"file.types.usage","version":"21"},"event":{"count":1,"data":{"created":1574798956448,"plugin_type":"PLATFORM","project":"92ddc83aceaa9edad1485397ccc1680a8fd16623aa2c155379eac4aafdb2a559","type":"edit"},"id":"IDEA_MODULE"}}
{"recorder_version":"21","session":"cbcdab214a3d","build":"192.6262.58","bucket":"189","time":1574798980859,"group":{"id":"lifecycle","version":"21"},"event":{"count":1,"data":{"created":1574798980859,"project":"92ddc83aceaa9edad1485397ccc1680a8fd16623aa2c155379eac4aafdb2a559"},"id":"frame.deactivated"}}
{"recorder_version":"21","session":"cbcdab214a3d","build":"192.6262.58","bucket":"189","time":1574799013090,"group":{"id":"lifecycle","version":"21"},"event":{"count":1,"data":{"created":1574799013090,"project":"92ddc83aceaa9edad1485397ccc1680a8fd16623aa2c155379eac4aafdb2a559"},"id":"frame.activated"}}
{"recorder_version":"21","session":"cbcdab214a3d","build":"192.6262.58","bucket":"189","time":1574799013357,"group":{"id":"lifecycle","version":"21"},"event":{"count":1,"data":{"restart":false,"created":1574799013357},"id":"ide.close"}}
{"recorder_version":"21","session":"cbcdab214a3d","build":"192.6262.58","bucket":"189","time":1574799013450,"group":{"id":"lifecycle","version":"21"},"event":{"count":1,"data":{"created":1574799013450,"project":"92ddc83aceaa9edad1485397ccc1680a8fd16623aa2c155379eac4aafdb2a559"},"id":"project.closed"}}
