{"recorder_version":"21","session":"4c7ac67fd4a4","build":"192.6262.58","bucket":"189","time":1575351397409,"group":{"id":"settings","version":"4"},"event":{"state":true,"data":{"component":"NotRoamableUiSettings","created":1575351397631},"id":"invoked"}}
{"recorder_version":"21","session":"4c7ac67fd4a4","build":"192.6262.58","bucket":"189","time":1575351397411,"group":{"id":"system.java","version":"1"},"event":{"state":true,"data":{"created":1575351397633,"version":"1.11"},"id":"JetBrains"}}
{"recorder_version":"21","session":"4c7ac67fd4a4","build":"192.6262.58","bucket":"189","time":1575351397411,"group":{"id":"system.java","version":"1"},"event":{"state":true,"data":{"created":1575351397651},"id":"invoked"}}
{"recorder_version":"21","session":"4c7ac67fd4a4","build":"192.6262.58","bucket":"189","time":1575351397411,"group":{"id":"settings","version":"4"},"event":{"state":true,"data":{"component":"UISettings","created":1575351397651},"id":"invoked"}}
{"recorder_version":"21","session":"4c7ac67fd4a4","build":"192.6262.58","bucket":"189","time":1575351397433,"group":{"id":"system.os","version":"3"},"event":{"state":true,"data":{"created":1575351397652,"version":"10.14"},"id":"Mac"}}
{"recorder_version":"21","session":"4c7ac67fd4a4","build":"192.6262.58","bucket":"189","time":1575351397433,"group":{"id":"system.os","version":"3"},"event":{"state":true,"data":{"created":1575351397652,"name":"Mac","version":"10.14"},"id":"os.name"}}
{"recorder_version":"21","session":"4c7ac67fd4a4","build":"192.6262.58","bucket":"189","time":1575351397433,"group":{"id":"system.os","version":"3"},"event":{"state":true,"data":{"created":1575351397653,"value":"+09_00"},"id":"os.timezone"}}
{"recorder_version":"21","session":"4c7ac67fd4a4","build":"192.6262.58","bucket":"189","time":1575351397433,"group":{"id":"system.os","version":"3"},"event":{"state":true,"data":{"created":1575351397654},"id":"invoked"}}
{"recorder_version":"21","session":"4c7ac67fd4a4","build":"192.6262.58","bucket":"189","time":1575351397631,"group":{"id":"event.log","version":"21"},"event":{"count":1,"data":{"created":1575351397654,"version":"943.0"},"id":"whitelist.loaded"}}
{"recorder_version":"21","session":"4c7ac67fd4a4","build":"192.6262.58","bucket":"189","time":1575351399714,"group":{"id":"settings","version":"4"},"event":{"state":true,"data":{"component":"UpdatesConfigurable","created":1575351399714,"name":"checkNeeded","type":"bool","value":false},"id":"not.default"}}
{"recorder_version":"21","session":"4c7ac67fd4a4","build":"192.6262.58","bucket":"189","time":1575351399714,"group":{"id":"settings","version":"4"},"event":{"state":true,"data":{"component":"UpdatesConfigurable","created":1575351399715},"id":"invoked"}}
{"recorder_version":"21","session":"4c7ac67fd4a4","build":"192.6262.58","bucket":"189","time":1575351400239,"group":{"id":"lifecycle","version":"21"},"event":{"count":1,"data":{"internal":true,"eap":false,"created":1575351400239},"id":"ide.start"}}
{"recorder_version":"21","session":"4c7ac67fd4a4","build":"192.6262.58","bucket":"189","time":1575351400242,"group":{"id":"settings","version":"4"},"event":{"state":true,"data":{"component":"GeneralSettings","created":1575351400242,"name":"confirmExit","type":"bool","value":false},"id":"not.default"}}
{"recorder_version":"21","session":"4c7ac67fd4a4","build":"192.6262.58","bucket":"189","time":1575351400242,"group":{"id":"settings","version":"4"},"event":{"state":true,"data":{"component":"GeneralSettings","created":1575351400244,"name":"showTipsOnStartup","type":"bool","value":false},"id":"not.default"}}
{"recorder_version":"21","session":"4c7ac67fd4a4","build":"192.6262.58","bucket":"189","time":1575351400242,"group":{"id":"settings","version":"4"},"event":{"state":true,"data":{"component":"GeneralSettings","created":1575351400244},"id":"invoked"}}
{"recorder_version":"21","session":"4c7ac67fd4a4","build":"192.6262.58","bucket":"189","time":1575351400348,"group":{"id":"performance","version":"21"},"event":{"count":1,"data":{"duration_ms":74,"created":1575351400348},"id":"ui.latency"}}
{"recorder_version":"21","session":"4c7ac67fd4a4","build":"192.6262.58","bucket":"189","time":1575351400846,"group":{"id":"settings","version":"4"},"event":{"state":true,"data":{"component":"XmlEditorOptions","created":1575351400846},"id":"invoked"}}
{"recorder_version":"21","session":"4c7ac67fd4a4","build":"192.6262.58","bucket":"189","time":1575351401411,"group":{"id":"performance","version":"21"},"event":{"count":1,"data":{"duration_ms":135,"created":1575351401411},"id":"ui.lagging"}}
{"recorder_version":"21","session":"4c7ac67fd4a4","build":"192.6262.58","bucket":"189","time":1575351402281,"group":{"id":"ui.dialogs","version":"21"},"event":{"count":1,"data":{"created":1575351402282,"plugin_type":"PLATFORM","type":"show"},"id":"com.intellij.openapi.progress.util.ProgressDialog$MyDialogWrapper"}}
{"recorder_version":"21","session":"4c7ac67fd4a4","build":"192.6262.58","bucket":"189","time":1575351403211,"group":{"id":"lifecycle","version":"21"},"event":{"count":1,"data":{"created":1575351403212,"project":"4452600da3b350ab41d92ae108c2baae6ff0ac3ddb31bd67020ee046ec77ac09"},"id":"project.opened"}}
{"recorder_version":"21","session":"4c7ac67fd4a4","build":"192.6262.58","bucket":"189","time":1575351403828,"group":{"id":"performance","version":"21"},"event":{"count":1,"data":{"duration_ms":549,"created":1575351403828},"id":"ui.lagging"}}
{"recorder_version":"21","session":"4c7ac67fd4a4","build":"192.6262.58","bucket":"189","time":1575351404880,"group":{"id":"performance","version":"21"},"event":{"count":1,"data":{"duration_ms":596,"created":1575351404880},"id":"ui.lagging"}}
{"recorder_version":"21","session":"4c7ac67fd4a4","build":"192.6262.58","bucket":"189","time":1575351405512,"group":{"id":"toolwindow","version":"21"},"event":{"count":1,"data":{"os":"Mac","created":1575351405513,"plugin_type":"PLATFORM"},"id":"Project"}}
{"recorder_version":"21","session":"4c7ac67fd4a4","build":"192.6262.58","bucket":"189","time":1575351406581,"group":{"id":"performance","version":"21"},"event":{"count":1,"data":{"duration_ms":295,"created":1575351406581},"id":"ui.lagging"}}
{"recorder_version":"21","session":"4c7ac67fd4a4","build":"192.6262.58","bucket":"189","time":1575351407473,"group":{"id":"project.fs","version":"1"},"event":{"state":true,"data":{"os":"Mac","cs-project":false,"created":1575351407473,"project":"4452600da3b350ab41d92ae108c2baae6ff0ac3ddb31bd67020ee046ec77ac09","cs-implicit":true,"cs-system":false},"id":"case-sensitivity"}}
{"recorder_version":"21","session":"4c7ac67fd4a4","build":"192.6262.58","bucket":"189","time":1575351407473,"group":{"id":"project.fs","version":"1"},"event":{"state":true,"data":{"created":1575351407473},"id":"invoked"}}
{"recorder_version":"21","session":"4c7ac67fd4a4","build":"192.6262.58","bucket":"189","time":1575351407473,"group":{"id":"project.fs","version":"1"},"event":{"state":true,"data":{"pct-non-watched":0,"created":1575351407473,"project":"4452600da3b350ab41d92ae108c2baae6ff0ac3ddb31bd67020ee046ec77ac09"},"id":"roots-watched"}}
{"recorder_version":"21","session":"4c7ac67fd4a4","build":"192.6262.58","bucket":"189","time":1575351407473,"group":{"id":"project.fs","version":"1"},"event":{"state":true,"data":{"created":1575351407474},"id":"invoked"}}
{"recorder_version":"21","session":"4c7ac67fd4a4","build":"192.6262.58","bucket":"189","time":1575351407525,"group":{"id":"ui.dialogs","version":"21"},"event":{"count":1,"data":{"code":1,"created":1575351407526,"plugin_type":"PLATFORM","type":"close"},"id":"com.intellij.openapi.progress.util.ProgressDialog$MyDialogWrapper"}}
{"recorder_version":"21","session":"4c7ac67fd4a4","build":"192.6262.58","bucket":"189","time":1575351407675,"group":{"id":"lifecycle","version":"21"},"event":{"count":1,"data":{"duration_ms":5661,"created":1575351407675,"project":"4452600da3b350ab41d92ae108c2baae6ff0ac3ddb31bd67020ee046ec77ac09"},"id":"project.opening.finished"}}
{"recorder_version":"21","session":"4c7ac67fd4a4","build":"192.6262.58","bucket":"189","time":1575351408160,"group":{"id":"kotlin.jps.target","version":"1"},"event":{"count":2,"data":{"plugin_version":"validation.undefined_rule","last":1575351408160,"created":1575351408160},"id":"validation.undefined_rule"}}
{"recorder_version":"21","session":"4c7ac67fd4a4","build":"192.6262.58","bucket":"189","time":1575351409037,"group":{"id":"vcs.change.reminder","version":"1"},"event":{"count":1,"data":{"created":1575351409037,"project":"4452600da3b350ab41d92ae108c2baae6ff0ac3ddb31bd67020ee046ec77ac09","execution_time":279},"id":"prediction.calculated"}}
{"recorder_version":"21","session":"4c7ac67fd4a4","build":"192.6262.58","bucket":"189","time":1575351409101,"group":{"id":"vcs.change.reminder","version":"1"},"event":{"count":1,"data":{"created":1575351409101,"project":"4452600da3b350ab41d92ae108c2baae6ff0ac3ddb31bd67020ee046ec77ac09","execution_time":64},"id":"prediction.calculated"}}
{"recorder_version":"21","session":"4c7ac67fd4a4","build":"192.6262.58","bucket":"189","time":1575351409160,"group":{"id":"vcs.change.reminder","version":"1"},"event":{"count":1,"data":{"created":1575351409160,"project":"4452600da3b350ab41d92ae108c2baae6ff0ac3ddb31bd67020ee046ec77ac09","execution_time":59},"id":"prediction.calculated"}}
{"recorder_version":"21","session":"4c7ac67fd4a4","build":"192.6262.58","bucket":"189","time":1575351410799,"group":{"id":"file.types.usage","version":"21"},"event":{"count":3,"data":{"plugin":"com.intellij.java","last":1575351413672,"created":1575351410800,"plugin_type":"JB_BUNDLED","project":"4452600da3b350ab41d92ae108c2baae6ff0ac3ddb31bd67020ee046ec77ac09","type":"edit"},"id":"JAVA"}}
{"recorder_version":"21","session":"4c7ac67fd4a4","build":"192.6262.58","bucket":"189","time":1575351417291,"group":{"id":"lifecycle","version":"21"},"event":{"count":1,"data":{"created":1575351417291,"project":"4452600da3b350ab41d92ae108c2baae6ff0ac3ddb31bd67020ee046ec77ac09"},"id":"frame.deactivated"}}
{"recorder_version":"21","session":"4c7ac67fd4a4","build":"192.6262.58","bucket":"189","time":1575351434448,"group":{"id":"lifecycle","version":"21"},"event":{"count":1,"data":{"created":1575351434448,"project":"4452600da3b350ab41d92ae108c2baae6ff0ac3ddb31bd67020ee046ec77ac09"},"id":"frame.activated"}}
{"recorder_version":"21","session":"4c7ac67fd4a4","build":"192.6262.58","bucket":"189","time":1575351435075,"group":{"id":"lifecycle","version":"21"},"event":{"count":1,"data":{"created":1575351435075,"project":"4452600da3b350ab41d92ae108c2baae6ff0ac3ddb31bd67020ee046ec77ac09"},"id":"frame.deactivated"}}
{"recorder_version":"21","session":"4c7ac67fd4a4","build":"192.6262.58","bucket":"189","time":1575351436676,"group":{"id":"lifecycle","version":"21"},"event":{"count":1,"data":{"created":1575351436676,"project":"4452600da3b350ab41d92ae108c2baae6ff0ac3ddb31bd67020ee046ec77ac09"},"id":"frame.activated"}}
{"recorder_version":"21","session":"4c7ac67fd4a4","build":"192.6262.58","bucket":"189","time":1575351437053,"group":{"id":"lifecycle","version":"21"},"event":{"count":1,"data":{"restart":false,"created":1575351437053},"id":"ide.close"}}
{"recorder_version":"21","session":"4c7ac67fd4a4","build":"192.6262.58","bucket":"189","time":1575351437128,"group":{"id":"lifecycle","version":"21"},"event":{"count":1,"data":{"created":1575351437128,"project":"4452600da3b350ab41d92ae108c2baae6ff0ac3ddb31bd67020ee046ec77ac09"},"id":"project.closed"}}
