{"recorder_version":"21","session":"c8888c2350eb","build":"192.6262.58","bucket":"189","time":1574892891178,"group":{"id":"settings","version":"4"},"event":{"state":true,"data":{"component":"NotRoamableUiSettings","created":1574892891376},"id":"invoked"}}
{"recorder_version":"21","session":"c8888c2350eb","build":"192.6262.58","bucket":"189","time":1574892891180,"group":{"id":"system.java","version":"1"},"event":{"state":true,"data":{"created":1574892891379,"version":"1.11"},"id":"JetBrains"}}
{"recorder_version":"21","session":"c8888c2350eb","build":"192.6262.58","bucket":"189","time":1574892891180,"group":{"id":"system.java","version":"1"},"event":{"state":true,"data":{"created":1574892891387},"id":"invoked"}}
{"recorder_version":"21","session":"c8888c2350eb","build":"192.6262.58","bucket":"189","time":1574892891182,"group":{"id":"settings","version":"4"},"event":{"state":true,"data":{"component":"UISettings","created":1574892891387},"id":"invoked"}}
{"recorder_version":"21","session":"c8888c2350eb","build":"192.6262.58","bucket":"189","time":1574892891208,"group":{"id":"system.os","version":"3"},"event":{"state":true,"data":{"created":1574892891388,"version":"10.14"},"id":"Mac"}}
{"recorder_version":"21","session":"c8888c2350eb","build":"192.6262.58","bucket":"189","time":1574892891208,"group":{"id":"system.os","version":"3"},"event":{"state":true,"data":{"created":1574892891389,"name":"Mac","version":"10.14"},"id":"os.name"}}
{"recorder_version":"21","session":"c8888c2350eb","build":"192.6262.58","bucket":"189","time":1574892891208,"group":{"id":"system.os","version":"3"},"event":{"state":true,"data":{"created":1574892891390,"value":"+09_00"},"id":"os.timezone"}}
{"recorder_version":"21","session":"c8888c2350eb","build":"192.6262.58","bucket":"189","time":1574892891208,"group":{"id":"system.os","version":"3"},"event":{"state":true,"data":{"created":1574892891390},"id":"invoked"}}
{"recorder_version":"21","session":"c8888c2350eb","build":"192.6262.58","bucket":"189","time":1574892891376,"group":{"id":"event.log","version":"21"},"event":{"count":1,"data":{"created":1574892891391,"version":"934.0"},"id":"whitelist.loaded"}}
{"recorder_version":"21","session":"c8888c2350eb","build":"192.6262.58","bucket":"189","time":1574892893574,"group":{"id":"settings","version":"4"},"event":{"state":true,"data":{"component":"UpdatesConfigurable","created":1574892893574,"name":"checkNeeded","type":"bool","value":false},"id":"not.default"}}
{"recorder_version":"21","session":"c8888c2350eb","build":"192.6262.58","bucket":"189","time":1574892893574,"group":{"id":"settings","version":"4"},"event":{"state":true,"data":{"component":"UpdatesConfigurable","created":1574892893575},"id":"invoked"}}
{"recorder_version":"21","session":"c8888c2350eb","build":"192.6262.58","bucket":"189","time":1574892894263,"group":{"id":"lifecycle","version":"21"},"event":{"count":1,"data":{"internal":true,"eap":false,"created":1574892894263},"id":"ide.start"}}
{"recorder_version":"21","session":"c8888c2350eb","build":"192.6262.58","bucket":"189","time":1574892894268,"group":{"id":"settings","version":"4"},"event":{"state":true,"data":{"component":"GeneralSettings","created":1574892894268,"name":"confirmExit","type":"bool","value":false},"id":"not.default"}}
{"recorder_version":"21","session":"c8888c2350eb","build":"192.6262.58","bucket":"189","time":1574892894269,"group":{"id":"settings","version":"4"},"event":{"state":true,"data":{"component":"GeneralSettings","created":1574892894269},"id":"invoked"}}
{"recorder_version":"21","session":"c8888c2350eb","build":"192.6262.58","bucket":"189","time":1574892894301,"group":{"id":"performance","version":"21"},"event":{"count":1,"data":{"duration_ms":234,"created":1574892894301},"id":"ui.latency"}}
{"recorder_version":"21","session":"c8888c2350eb","build":"192.6262.58","bucket":"189","time":1574892894301,"group":{"id":"performance","version":"21"},"event":{"count":1,"data":{"duration_ms":234,"created":1574892894302},"id":"ui.lagging"}}
{"recorder_version":"21","session":"c8888c2350eb","build":"192.6262.58","bucket":"189","time":1574892894943,"group":{"id":"settings","version":"4"},"event":{"state":true,"data":{"component":"XmlEditorOptions","created":1574892894943},"id":"invoked"}}
{"recorder_version":"21","session":"c8888c2350eb","build":"192.6262.58","bucket":"189","time":1574892895476,"group":{"id":"performance","version":"21"},"event":{"count":1,"data":{"duration_ms":404,"created":1574892895476},"id":"ui.lagging"}}
{"recorder_version":"21","session":"c8888c2350eb","build":"192.6262.58","bucket":"189","time":1574892896907,"group":{"id":"ui.dialogs","version":"21"},"event":{"count":1,"data":{"created":1574892896908,"plugin_type":"PLATFORM","type":"show"},"id":"com.intellij.openapi.progress.util.ProgressDialog$MyDialogWrapper"}}
{"recorder_version":"21","session":"c8888c2350eb","build":"192.6262.58","bucket":"189","time":1574892898085,"group":{"id":"lifecycle","version":"21"},"event":{"count":1,"data":{"created":1574892898085,"project":"4452600da3b350ab41d92ae108c2baae6ff0ac3ddb31bd67020ee046ec77ac09"},"id":"project.opened"}}
{"recorder_version":"21","session":"c8888c2350eb","build":"192.6262.58","bucket":"189","time":1574892898644,"group":{"id":"performance","version":"21"},"event":{"count":1,"data":{"duration_ms":570,"created":1574892898644},"id":"ui.lagging"}}
{"recorder_version":"21","session":"c8888c2350eb","build":"192.6262.58","bucket":"189","time":1574892900265,"group":{"id":"toolwindow","version":"21"},"event":{"count":1,"data":{"os":"Mac","created":1574892900266,"plugin_type":"PLATFORM"},"id":"Project"}}
{"recorder_version":"21","session":"c8888c2350eb","build":"192.6262.58","bucket":"189","time":1574892901365,"group":{"id":"performance","version":"21"},"event":{"count":1,"data":{"duration_ms":289,"created":1574892901365},"id":"ui.lagging"}}
{"recorder_version":"21","session":"c8888c2350eb","build":"192.6262.58","bucket":"189","time":1574892901365,"group":{"id":"ui.tips","version":"2"},"event":{"count":1,"data":{"created":1574892901366,"type":"automatically"},"id":"dialog.shown"}}
{"recorder_version":"21","session":"c8888c2350eb","build":"192.6262.58","bucket":"189","time":1574892901458,"group":{"id":"ui.dialogs","version":"21"},"event":{"count":1,"data":{"created":1574892901458,"plugin_type":"PLATFORM","type":"show"},"id":"com.intellij.ide.util.TipDialog"}}
{"recorder_version":"21","session":"c8888c2350eb","build":"192.6262.58","bucket":"189","time":1574892902274,"group":{"id":"project.fs","version":"1"},"event":{"state":true,"data":{"os":"Mac","cs-project":false,"created":1574892902275,"project":"4452600da3b350ab41d92ae108c2baae6ff0ac3ddb31bd67020ee046ec77ac09","cs-implicit":true,"cs-system":false},"id":"case-sensitivity"}}
{"recorder_version":"21","session":"c8888c2350eb","build":"192.6262.58","bucket":"189","time":1574892902274,"group":{"id":"project.fs","version":"1"},"event":{"state":true,"data":{"created":1574892902275},"id":"invoked"}}
{"recorder_version":"21","session":"c8888c2350eb","build":"192.6262.58","bucket":"189","time":1574892902276,"group":{"id":"project.fs","version":"1"},"event":{"state":true,"data":{"pct-non-watched":0,"created":1574892902276,"project":"4452600da3b350ab41d92ae108c2baae6ff0ac3ddb31bd67020ee046ec77ac09"},"id":"roots-watched"}}
{"recorder_version":"21","session":"c8888c2350eb","build":"192.6262.58","bucket":"189","time":1574892902276,"group":{"id":"project.fs","version":"1"},"event":{"state":true,"data":{"created":1574892902277},"id":"invoked"}}
{"recorder_version":"21","session":"c8888c2350eb","build":"192.6262.58","bucket":"189","time":1574892902323,"group":{"id":"ui.dialogs","version":"21"},"event":{"count":1,"data":{"code":1,"created":1574892902324,"plugin_type":"PLATFORM","type":"close"},"id":"com.intellij.openapi.progress.util.ProgressDialog$MyDialogWrapper"}}
{"recorder_version":"21","session":"c8888c2350eb","build":"192.6262.58","bucket":"189","time":1574892902576,"group":{"id":"lifecycle","version":"21"},"event":{"count":1,"data":{"duration_ms":5962,"created":1574892902577,"project":"4452600da3b350ab41d92ae108c2baae6ff0ac3ddb31bd67020ee046ec77ac09"},"id":"project.opening.finished"}}
{"recorder_version":"21","session":"c8888c2350eb","build":"192.6262.58","bucket":"189","time":1574892902821,"group":{"id":"ui.dialogs","version":"21"},"event":{"count":1,"data":{"code":1,"created":1574892902822,"plugin_type":"PLATFORM","type":"close"},"id":"com.intellij.ide.util.TipDialog"}}
{"recorder_version":"21","session":"c8888c2350eb","build":"192.6262.58","bucket":"189","time":1574892903579,"group":{"id":"kotlin.jps.target","version":"1"},"event":{"count":2,"data":{"plugin_version":"validation.undefined_rule","last":1574892903580,"created":1574892903579},"id":"validation.undefined_rule"}}
{"recorder_version":"21","session":"c8888c2350eb","build":"192.6262.58","bucket":"189","time":1574892904539,"group":{"id":"vcs.change.reminder","version":"1"},"event":{"count":1,"data":{"created":1574892904539,"project":"4452600da3b350ab41d92ae108c2baae6ff0ac3ddb31bd67020ee046ec77ac09","execution_time":233},"id":"prediction.calculated"}}
{"recorder_version":"21","session":"c8888c2350eb","build":"192.6262.58","bucket":"189","time":1574892905010,"group":{"id":"file.types.usage","version":"21"},"event":{"count":1,"data":{"plugin":"com.intellij.java","created":1574892905010,"plugin_type":"JB_BUNDLED","project":"4452600da3b350ab41d92ae108c2baae6ff0ac3ddb31bd67020ee046ec77ac09","type":"edit"},"id":"JAVA"}}
{"recorder_version":"21","session":"c8888c2350eb","build":"192.6262.58","bucket":"189","time":1574892906203,"group":{"id":"actions","version":"21"},"event":{"count":5,"data":{"context_menu":false,"last":1574892908280,"current_file":"JAVA","created":1574892906203,"plugin_type":"PLATFORM","project":"4452600da3b350ab41d92ae108c2baae6ff0ac3ddb31bd67020ee046ec77ac09","place":"keyboard_shortcut","class":"com.intellij.openapi.editor.actions.EnterAction","input_event":"Enter"},"id":"EditorEnter"}}
{"recorder_version":"21","session":"c8888c2350eb","build":"192.6262.58","bucket":"189","time":1574892910185,"group":{"id":"actions","version":"21"},"event":{"count":5,"data":{"context_menu":false,"last":1574892911647,"current_file":"JAVA","created":1574892910186,"plugin_type":"PLATFORM","project":"4452600da3b350ab41d92ae108c2baae6ff0ac3ddb31bd67020ee046ec77ac09","place":"keyboard_shortcut","class":"com.intellij.openapi.editor.actions.BackspaceAction","input_event":"Backspace"},"id":"EditorBackSpace"}}
{"recorder_version":"21","session":"c8888c2350eb","build":"192.6262.58","bucket":"189","time":1574892912223,"group":{"id":"actions","version":"21"},"event":{"count":3,"data":{"context_menu":false,"last":1574892912767,"current_file":"JAVA","created":1574892912223,"plugin_type":"PLATFORM","project":"4452600da3b350ab41d92ae108c2baae6ff0ac3ddb31bd67020ee046ec77ac09","place":"keyboard_shortcut","class":"com.intellij.openapi.editor.actions.EnterAction","input_event":"Enter"},"id":"EditorEnter"}}
{"recorder_version":"21","session":"c8888c2350eb","build":"192.6262.58","bucket":"189","time":1574892913328,"group":{"id":"actions","version":"21"},"event":{"count":3,"data":{"context_menu":false,"last":1574892913968,"current_file":"JAVA","created":1574892913328,"plugin_type":"PLATFORM","project":"4452600da3b350ab41d92ae108c2baae6ff0ac3ddb31bd67020ee046ec77ac09","place":"keyboard_shortcut","class":"com.intellij.openapi.editor.actions.BackspaceAction","input_event":"Backspace"},"id":"EditorBackSpace"}}
{"recorder_version":"21","session":"c8888c2350eb","build":"192.6262.58","bucket":"189","time":1574892914533,"group":{"id":"actions","version":"21"},"event":{"count":3,"data":{"context_menu":false,"last":1574892915040,"current_file":"JAVA","created":1574892914534,"plugin_type":"PLATFORM","project":"4452600da3b350ab41d92ae108c2baae6ff0ac3ddb31bd67020ee046ec77ac09","place":"keyboard_shortcut","class":"com.intellij.openapi.editor.actions.EnterAction","input_event":"Enter"},"id":"EditorEnter"}}
{"recorder_version":"21","session":"c8888c2350eb","build":"192.6262.58","bucket":"189","time":1574892916635,"group":{"id":"lifecycle","version":"21"},"event":{"count":1,"data":{"created":1574892916635,"project":"4452600da3b350ab41d92ae108c2baae6ff0ac3ddb31bd67020ee046ec77ac09"},"id":"frame.deactivated"}}
{"recorder_version":"21","session":"c8888c2350eb","build":"192.6262.58","bucket":"189","time":1574892917478,"group":{"id":"vcs.change.reminder","version":"1"},"event":{"count":1,"data":{"created":1574892917478,"project":"4452600da3b350ab41d92ae108c2baae6ff0ac3ddb31bd67020ee046ec77ac09","execution_time":67},"id":"prediction.calculated"}}
{"recorder_version":"21","session":"c8888c2350eb","build":"192.6262.58","bucket":"189","time":1574892948894,"group":{"id":"lifecycle","version":"21"},"event":{"count":1,"data":{"created":1574892948894,"project":"4452600da3b350ab41d92ae108c2baae6ff0ac3ddb31bd67020ee046ec77ac09"},"id":"frame.activated"}}
{"recorder_version":"21","session":"c8888c2350eb","build":"192.6262.58","bucket":"189","time":1574892949259,"group":{"id":"lifecycle","version":"21"},"event":{"count":1,"data":{"restart":false,"created":1574892949259},"id":"ide.close"}}
{"recorder_version":"21","session":"c8888c2350eb","build":"192.6262.58","bucket":"189","time":1574892949402,"group":{"id":"lifecycle","version":"21"},"event":{"count":1,"data":{"created":1574892949402,"project":"4452600da3b350ab41d92ae108c2baae6ff0ac3ddb31bd67020ee046ec77ac09"},"id":"project.closed"}}
