{"recorder_version":"21","session":"67d2d1a2ae49","build":"192.6262.58","bucket":"189","time":1575350501469,"group":{"id":"settings","version":"4"},"event":{"state":true,"data":{"component":"NotRoamableUiSettings","created":1575350501627},"id":"invoked"}}
{"recorder_version":"21","session":"67d2d1a2ae49","build":"192.6262.58","bucket":"189","time":1575350501471,"group":{"id":"system.java","version":"1"},"event":{"state":true,"data":{"created":1575350501629,"version":"1.11"},"id":"JetBrains"}}
{"recorder_version":"21","session":"67d2d1a2ae49","build":"192.6262.58","bucket":"189","time":1575350501471,"group":{"id":"system.java","version":"1"},"event":{"state":true,"data":{"created":1575350501636},"id":"invoked"}}
{"recorder_version":"21","session":"67d2d1a2ae49","build":"192.6262.58","bucket":"189","time":1575350501472,"group":{"id":"settings","version":"4"},"event":{"state":true,"data":{"component":"UISettings","created":1575350501637},"id":"invoked"}}
{"recorder_version":"21","session":"67d2d1a2ae49","build":"192.6262.58","bucket":"189","time":1575350501494,"group":{"id":"system.os","version":"3"},"event":{"state":true,"data":{"created":1575350501637,"version":"10.14"},"id":"Mac"}}
{"recorder_version":"21","session":"67d2d1a2ae49","build":"192.6262.58","bucket":"189","time":1575350501494,"group":{"id":"system.os","version":"3"},"event":{"state":true,"data":{"created":1575350501638,"name":"Mac","version":"10.14"},"id":"os.name"}}
{"recorder_version":"21","session":"67d2d1a2ae49","build":"192.6262.58","bucket":"189","time":1575350501494,"group":{"id":"system.os","version":"3"},"event":{"state":true,"data":{"created":1575350501639,"value":"+09_00"},"id":"os.timezone"}}
{"recorder_version":"21","session":"67d2d1a2ae49","build":"192.6262.58","bucket":"189","time":1575350501494,"group":{"id":"system.os","version":"3"},"event":{"state":true,"data":{"created":1575350501640},"id":"invoked"}}
{"recorder_version":"21","session":"67d2d1a2ae49","build":"192.6262.58","bucket":"189","time":1575350501627,"group":{"id":"event.log","version":"21"},"event":{"count":1,"data":{"created":1575350501640,"version":"943.0"},"id":"whitelist.loaded"}}
{"recorder_version":"21","session":"67d2d1a2ae49","build":"192.6262.58","bucket":"189","time":1575350503739,"group":{"id":"settings","version":"4"},"event":{"state":true,"data":{"component":"UpdatesConfigurable","created":1575350503739,"name":"checkNeeded","type":"bool","value":false},"id":"not.default"}}
{"recorder_version":"21","session":"67d2d1a2ae49","build":"192.6262.58","bucket":"189","time":1575350503739,"group":{"id":"settings","version":"4"},"event":{"state":true,"data":{"component":"UpdatesConfigurable","created":1575350503741},"id":"invoked"}}
{"recorder_version":"21","session":"67d2d1a2ae49","build":"192.6262.58","bucket":"189","time":1575350503859,"group":{"id":"settings","version":"4"},"event":{"state":true,"data":{"component":"GeneralSettings","created":1575350503860,"name":"confirmExit","type":"bool","value":false},"id":"not.default"}}
{"recorder_version":"21","session":"67d2d1a2ae49","build":"192.6262.58","bucket":"189","time":1575350503859,"group":{"id":"settings","version":"4"},"event":{"state":true,"data":{"component":"GeneralSettings","created":1575350503862,"name":"showTipsOnStartup","type":"bool","value":false},"id":"not.default"}}
{"recorder_version":"21","session":"67d2d1a2ae49","build":"192.6262.58","bucket":"189","time":1575350503859,"group":{"id":"settings","version":"4"},"event":{"state":true,"data":{"component":"GeneralSettings","created":1575350503865},"id":"invoked"}}
{"recorder_version":"21","session":"67d2d1a2ae49","build":"192.6262.58","bucket":"189","time":1575350503868,"group":{"id":"lifecycle","version":"21"},"event":{"count":1,"data":{"internal":true,"eap":false,"created":1575350503869},"id":"ide.start"}}
{"recorder_version":"21","session":"67d2d1a2ae49","build":"192.6262.58","bucket":"189","time":1575350504218,"group":{"id":"lifecycle","version":"21"},"event":{"count":1,"data":{"created":1575350504219},"id":"frame.activated"}}
{"recorder_version":"21","session":"67d2d1a2ae49","build":"192.6262.58","bucket":"189","time":1575350504351,"group":{"id":"performance","version":"21"},"event":{"count":1,"data":{"duration_ms":40,"created":1575350504351},"id":"ui.latency"}}
{"recorder_version":"21","session":"67d2d1a2ae49","build":"192.6262.58","bucket":"189","time":1575350504701,"group":{"id":"ui.dialogs","version":"21"},"event":{"count":1,"data":{"created":1575350504703,"plugin_type":"PLATFORM","type":"show"},"id":"com.intellij.openapi.progress.util.ProgressDialog$MyDialogWrapper"}}
{"recorder_version":"21","session":"67d2d1a2ae49","build":"192.6262.58","bucket":"189","time":1575350505799,"group":{"id":"lifecycle","version":"21"},"event":{"count":1,"data":{"created":1575350505799,"project":"4452600da3b350ab41d92ae108c2baae6ff0ac3ddb31bd67020ee046ec77ac09"},"id":"project.opened"}}
{"recorder_version":"21","session":"67d2d1a2ae49","build":"192.6262.58","bucket":"189","time":1575350506451,"group":{"id":"performance","version":"21"},"event":{"count":1,"data":{"duration_ms":135,"created":1575350506451},"id":"ui.lagging"}}
{"recorder_version":"21","session":"67d2d1a2ae49","build":"192.6262.58","bucket":"189","time":1575350507459,"group":{"id":"settings","version":"4"},"event":{"state":true,"data":{"component":"XmlEditorOptions","created":1575350507459},"id":"invoked"}}
{"recorder_version":"21","session":"67d2d1a2ae49","build":"192.6262.58","bucket":"189","time":1575350507502,"group":{"id":"performance","version":"21"},"event":{"count":1,"data":{"duration_ms":185,"created":1575350507502},"id":"ui.lagging"}}
{"recorder_version":"21","session":"67d2d1a2ae49","build":"192.6262.58","bucket":"189","time":1575350508115,"group":{"id":"toolwindow","version":"21"},"event":{"count":1,"data":{"os":"Mac","created":1575350508115,"plugin_type":"PLATFORM"},"id":"Project"}}
{"recorder_version":"21","session":"67d2d1a2ae49","build":"192.6262.58","bucket":"189","time":1575350508978,"group":{"id":"performance","version":"21"},"event":{"count":1,"data":{"duration_ms":660,"created":1575350508978},"id":"ui.lagging"}}
{"recorder_version":"21","session":"67d2d1a2ae49","build":"192.6262.58","bucket":"189","time":1575350509481,"group":{"id":"performance","version":"21"},"event":{"count":1,"data":{"duration_ms":159,"created":1575350509482},"id":"ui.lagging"}}
{"recorder_version":"21","session":"67d2d1a2ae49","build":"192.6262.58","bucket":"189","time":1575350510301,"group":{"id":"project.fs","version":"1"},"event":{"state":true,"data":{"os":"Mac","cs-project":false,"created":1575350510301,"project":"4452600da3b350ab41d92ae108c2baae6ff0ac3ddb31bd67020ee046ec77ac09","cs-implicit":true,"cs-system":false},"id":"case-sensitivity"}}
{"recorder_version":"21","session":"67d2d1a2ae49","build":"192.6262.58","bucket":"189","time":1575350510301,"group":{"id":"project.fs","version":"1"},"event":{"state":true,"data":{"created":1575350510301},"id":"invoked"}}
{"recorder_version":"21","session":"67d2d1a2ae49","build":"192.6262.58","bucket":"189","time":1575350510301,"group":{"id":"project.fs","version":"1"},"event":{"state":true,"data":{"pct-non-watched":0,"created":1575350510302,"project":"4452600da3b350ab41d92ae108c2baae6ff0ac3ddb31bd67020ee046ec77ac09"},"id":"roots-watched"}}
{"recorder_version":"21","session":"67d2d1a2ae49","build":"192.6262.58","bucket":"189","time":1575350510301,"group":{"id":"project.fs","version":"1"},"event":{"state":true,"data":{"created":1575350510302},"id":"invoked"}}
{"recorder_version":"21","session":"67d2d1a2ae49","build":"192.6262.58","bucket":"189","time":1575350510362,"group":{"id":"ui.dialogs","version":"21"},"event":{"count":1,"data":{"code":1,"created":1575350510363,"plugin_type":"PLATFORM","type":"close"},"id":"com.intellij.openapi.progress.util.ProgressDialog$MyDialogWrapper"}}
{"recorder_version":"21","session":"67d2d1a2ae49","build":"192.6262.58","bucket":"189","time":1575350510647,"group":{"id":"lifecycle","version":"21"},"event":{"count":1,"data":{"duration_ms":6227,"created":1575350510647,"project":"4452600da3b350ab41d92ae108c2baae6ff0ac3ddb31bd67020ee046ec77ac09"},"id":"project.opening.finished"}}
{"recorder_version":"21","session":"67d2d1a2ae49","build":"192.6262.58","bucket":"189","time":1575350512926,"group":{"id":"kotlin.jps.target","version":"1"},"event":{"count":2,"data":{"plugin_version":"validation.undefined_rule","last":1575350512936,"created":1575350512926},"id":"validation.undefined_rule"}}
{"recorder_version":"21","session":"67d2d1a2ae49","build":"192.6262.58","bucket":"189","time":1575350513610,"group":{"id":"vcs.change.reminder","version":"1"},"event":{"count":1,"data":{"created":1575350513610,"project":"4452600da3b350ab41d92ae108c2baae6ff0ac3ddb31bd67020ee046ec77ac09","execution_time":191},"id":"prediction.calculated"}}
{"recorder_version":"21","session":"67d2d1a2ae49","build":"192.6262.58","bucket":"189","time":1575350514649,"group":{"id":"file.types.usage","version":"21"},"event":{"count":1,"data":{"plugin":"com.intellij.java","created":1575350514649,"plugin_type":"JB_BUNDLED","project":"4452600da3b350ab41d92ae108c2baae6ff0ac3ddb31bd67020ee046ec77ac09","type":"edit"},"id":"JAVA"}}
{"recorder_version":"21","session":"67d2d1a2ae49","build":"192.6262.58","bucket":"189","time":1575350518870,"group":{"id":"actions","version":"21"},"event":{"count":1,"data":{"context_menu":false,"current_file":"JAVA","created":1575350518870,"plugin_type":"PLATFORM","project":"4452600da3b350ab41d92ae108c2baae6ff0ac3ddb31bd67020ee046ec77ac09","place":"keyboard_shortcut","class":"com.intellij.openapi.editor.actions.EscapeAction","input_event":"Escape"},"id":"EditorEscape"}}
{"recorder_version":"21","session":"67d2d1a2ae49","build":"192.6262.58","bucket":"189","time":1575350519020,"group":{"id":"file.types.usage","version":"21"},"event":{"count":1,"data":{"plugin":"com.intellij.java","created":1575350519020,"plugin_type":"JB_BUNDLED","project":"4452600da3b350ab41d92ae108c2baae6ff0ac3ddb31bd67020ee046ec77ac09","type":"edit"},"id":"JAVA"}}
{"recorder_version":"21","session":"67d2d1a2ae49","build":"192.6262.58","bucket":"189","time":1575350520546,"group":{"id":"lifecycle","version":"21"},"event":{"count":1,"data":{"created":1575350520546,"project":"4452600da3b350ab41d92ae108c2baae6ff0ac3ddb31bd67020ee046ec77ac09"},"id":"frame.deactivated"}}
{"recorder_version":"21","session":"67d2d1a2ae49","build":"192.6262.58","bucket":"189","time":1575350529469,"group":{"id":"lifecycle","version":"21"},"event":{"count":1,"data":{"created":1575350529469,"project":"4452600da3b350ab41d92ae108c2baae6ff0ac3ddb31bd67020ee046ec77ac09"},"id":"frame.activated"}}
{"recorder_version":"21","session":"67d2d1a2ae49","build":"192.6262.58","bucket":"189","time":1575350530597,"group":{"id":"lifecycle","version":"21"},"event":{"count":1,"data":{"created":1575350530597,"project":"4452600da3b350ab41d92ae108c2baae6ff0ac3ddb31bd67020ee046ec77ac09"},"id":"frame.deactivated"}}
{"recorder_version":"21","session":"67d2d1a2ae49","build":"192.6262.58","bucket":"189","time":1575350559188,"group":{"id":"lifecycle","version":"21"},"event":{"count":1,"data":{"created":1575350559189,"project":"4452600da3b350ab41d92ae108c2baae6ff0ac3ddb31bd67020ee046ec77ac09"},"id":"frame.activated"}}
{"recorder_version":"21","session":"67d2d1a2ae49","build":"192.6262.58","bucket":"189","time":1575350560288,"group":{"id":"lifecycle","version":"21"},"event":{"count":1,"data":{"restart":false,"created":1575350560288},"id":"ide.close"}}
{"recorder_version":"21","session":"67d2d1a2ae49","build":"192.6262.58","bucket":"189","time":1575350560366,"group":{"id":"lifecycle","version":"21"},"event":{"count":1,"data":{"created":1575350560367,"project":"4452600da3b350ab41d92ae108c2baae6ff0ac3ddb31bd67020ee046ec77ac09"},"id":"project.closed"}}
