{"recorder_version":"21","session":"cadb9b0ffcfe","build":"192.6262.58","bucket":"189","time":1574429294518,"group":{"id":"settings","version":"4"},"event":{"state":true,"data":{"component":"NotRoamableUiSettings","created":1574429294680},"id":"invoked"}}
{"recorder_version":"21","session":"cadb9b0ffcfe","build":"192.6262.58","bucket":"189","time":1574429294520,"group":{"id":"system.java","version":"1"},"event":{"state":true,"data":{"created":1574429294689,"version":"1.11"},"id":"JetBrains"}}
{"recorder_version":"21","session":"cadb9b0ffcfe","build":"192.6262.58","bucket":"189","time":1574429294520,"group":{"id":"system.java","version":"1"},"event":{"state":true,"data":{"created":1574429294700},"id":"invoked"}}
{"recorder_version":"21","session":"cadb9b0ffcfe","build":"192.6262.58","bucket":"189","time":1574429294521,"group":{"id":"settings","version":"4"},"event":{"state":true,"data":{"component":"UISettings","created":1574429294701},"id":"invoked"}}
{"recorder_version":"21","session":"cadb9b0ffcfe","build":"192.6262.58","bucket":"189","time":1574429294539,"group":{"id":"system.os","version":"3"},"event":{"state":true,"data":{"created":1574429294702,"version":"10.14"},"id":"Mac"}}
{"recorder_version":"21","session":"cadb9b0ffcfe","build":"192.6262.58","bucket":"189","time":1574429294539,"group":{"id":"system.os","version":"3"},"event":{"state":true,"data":{"created":1574429294703,"name":"Mac","version":"10.14"},"id":"os.name"}}
{"recorder_version":"21","session":"cadb9b0ffcfe","build":"192.6262.58","bucket":"189","time":1574429294539,"group":{"id":"system.os","version":"3"},"event":{"state":true,"data":{"created":1574429294704,"value":"+09_00"},"id":"os.timezone"}}
{"recorder_version":"21","session":"cadb9b0ffcfe","build":"192.6262.58","bucket":"189","time":1574429294539,"group":{"id":"system.os","version":"3"},"event":{"state":true,"data":{"created":1574429294704},"id":"invoked"}}
{"recorder_version":"21","session":"cadb9b0ffcfe","build":"192.6262.58","bucket":"189","time":1574429294680,"group":{"id":"event.log","version":"21"},"event":{"count":1,"data":{"created":1574429294705,"version":"916.0"},"id":"whitelist.loaded"}}
{"recorder_version":"21","session":"cadb9b0ffcfe","build":"192.6262.58","bucket":"189","time":1574429296910,"group":{"id":"settings","version":"4"},"event":{"state":true,"data":{"component":"UpdatesConfigurable","created":1574429296910,"name":"checkNeeded","type":"bool","value":false},"id":"not.default"}}
{"recorder_version":"21","session":"cadb9b0ffcfe","build":"192.6262.58","bucket":"189","time":1574429296910,"group":{"id":"settings","version":"4"},"event":{"state":true,"data":{"component":"UpdatesConfigurable","created":1574429296911},"id":"invoked"}}
{"recorder_version":"21","session":"cadb9b0ffcfe","build":"192.6262.58","bucket":"189","time":1574429297037,"group":{"id":"settings","version":"4"},"event":{"state":true,"data":{"component":"GeneralSettings","created":1574429297037,"name":"confirmExit","type":"bool","value":false},"id":"not.default"}}
{"recorder_version":"21","session":"cadb9b0ffcfe","build":"192.6262.58","bucket":"189","time":1574429297037,"group":{"id":"settings","version":"4"},"event":{"state":true,"data":{"component":"GeneralSettings","created":1574429297038,"name":"showTipsOnStartup","type":"bool","value":false},"id":"not.default"}}
{"recorder_version":"21","session":"cadb9b0ffcfe","build":"192.6262.58","bucket":"189","time":1574429297037,"group":{"id":"settings","version":"4"},"event":{"state":true,"data":{"component":"GeneralSettings","created":1574429297039},"id":"invoked"}}
{"recorder_version":"21","session":"cadb9b0ffcfe","build":"192.6262.58","bucket":"189","time":1574429297046,"group":{"id":"lifecycle","version":"21"},"event":{"count":1,"data":{"internal":true,"eap":false,"created":1574429297046},"id":"ide.start"}}
{"recorder_version":"21","session":"cadb9b0ffcfe","build":"192.6262.58","bucket":"189","time":1574429297353,"group":{"id":"lifecycle","version":"21"},"event":{"count":1,"data":{"created":1574429297354},"id":"frame.activated"}}
{"recorder_version":"21","session":"cadb9b0ffcfe","build":"192.6262.58","bucket":"189","time":1574429297564,"group":{"id":"performance","version":"21"},"event":{"count":1,"data":{"duration_ms":1,"created":1574429297564},"id":"ui.latency"}}
{"recorder_version":"21","session":"cadb9b0ffcfe","build":"192.6262.58","bucket":"189","time":1574429297857,"group":{"id":"ui.dialogs","version":"21"},"event":{"count":1,"data":{"created":1574429297860,"plugin_type":"PLATFORM","type":"show"},"id":"com.intellij.openapi.progress.util.ProgressDialog$MyDialogWrapper"}}
{"recorder_version":"21","session":"cadb9b0ffcfe","build":"192.6262.58","bucket":"189","time":1574429299112,"group":{"id":"lifecycle","version":"21"},"event":{"count":1,"data":{"created":1574429299112,"project":"a0f12fb42952fc36a102045bdbb22ad1f15aa9443e9c675024683f4da70c8bc4"},"id":"project.opened"}}
{"recorder_version":"21","session":"cadb9b0ffcfe","build":"192.6262.58","bucket":"189","time":1574429299781,"group":{"id":"performance","version":"21"},"event":{"count":1,"data":{"duration_ms":213,"created":1574429299781},"id":"ui.lagging"}}
{"recorder_version":"21","session":"cadb9b0ffcfe","build":"192.6262.58","bucket":"189","time":1574429301127,"group":{"id":"settings","version":"4"},"event":{"state":true,"data":{"component":"XmlEditorOptions","created":1574429301127},"id":"invoked"}}
{"recorder_version":"21","session":"cadb9b0ffcfe","build":"192.6262.58","bucket":"189","time":1574429301214,"group":{"id":"performance","version":"21"},"event":{"count":1,"data":{"duration_ms":647,"created":1574429301215},"id":"ui.lagging"}}
{"recorder_version":"21","session":"cadb9b0ffcfe","build":"192.6262.58","bucket":"189","time":1574429301308,"group":{"id":"toolwindow","version":"21"},"event":{"count":1,"data":{"os":"Mac","created":1574429301308,"plugin_type":"PLATFORM"},"id":"Project"}}
{"recorder_version":"21","session":"cadb9b0ffcfe","build":"192.6262.58","bucket":"189","time":1574429301683,"group":{"id":"performance","version":"21"},"event":{"count":1,"data":{"duration_ms":116,"created":1574429301683},"id":"ui.lagging"}}
{"recorder_version":"21","session":"cadb9b0ffcfe","build":"192.6262.58","bucket":"189","time":1574429303696,"group":{"id":"performance","version":"21"},"event":{"count":1,"data":{"duration_ms":125,"created":1574429303696},"id":"ui.lagging"}}
{"recorder_version":"21","session":"cadb9b0ffcfe","build":"192.6262.58","bucket":"189","time":1574429303864,"group":{"id":"project.fs","version":"1"},"event":{"state":true,"data":{"os":"Mac","cs-project":false,"created":1574429303864,"project":"a0f12fb42952fc36a102045bdbb22ad1f15aa9443e9c675024683f4da70c8bc4","cs-implicit":true,"cs-system":false},"id":"case-sensitivity"}}
{"recorder_version":"21","session":"cadb9b0ffcfe","build":"192.6262.58","bucket":"189","time":1574429303864,"group":{"id":"project.fs","version":"1"},"event":{"state":true,"data":{"created":1574429303864},"id":"invoked"}}
{"recorder_version":"21","session":"cadb9b0ffcfe","build":"192.6262.58","bucket":"189","time":1574429303864,"group":{"id":"project.fs","version":"1"},"event":{"state":true,"data":{"pct-non-watched":0,"created":1574429303865,"project":"a0f12fb42952fc36a102045bdbb22ad1f15aa9443e9c675024683f4da70c8bc4"},"id":"roots-watched"}}
{"recorder_version":"21","session":"cadb9b0ffcfe","build":"192.6262.58","bucket":"189","time":1574429303864,"group":{"id":"project.fs","version":"1"},"event":{"state":true,"data":{"created":1574429303865},"id":"invoked"}}
{"recorder_version":"21","session":"cadb9b0ffcfe","build":"192.6262.58","bucket":"189","time":1574429303972,"group":{"id":"ui.dialogs","version":"21"},"event":{"count":1,"data":{"code":1,"created":1574429303973,"plugin_type":"PLATFORM","type":"close"},"id":"com.intellij.openapi.progress.util.ProgressDialog$MyDialogWrapper"}}
{"recorder_version":"21","session":"cadb9b0ffcfe","build":"192.6262.58","bucket":"189","time":1574429304152,"group":{"id":"lifecycle","version":"21"},"event":{"count":1,"data":{"duration_ms":6510,"created":1574429304153,"project":"a0f12fb42952fc36a102045bdbb22ad1f15aa9443e9c675024683f4da70c8bc4"},"id":"project.opening.finished"}}
{"recorder_version":"21","session":"cadb9b0ffcfe","build":"192.6262.58","bucket":"189","time":1574429304667,"group":{"id":"kotlin.jps.target","version":"1"},"event":{"count":1,"data":{"plugin_version":"1.3.41-release-IJ2019.2-1","created":1574429304667},"id":"jvm"}}
{"recorder_version":"21","session":"cadb9b0ffcfe","build":"192.6262.58","bucket":"189","time":1574429306653,"group":{"id":"file.types.usage","version":"21"},"event":{"count":1,"data":{"plugin":"com.intellij.java","created":1574429306653,"plugin_type":"JB_BUNDLED","project":"a0f12fb42952fc36a102045bdbb22ad1f15aa9443e9c675024683f4da70c8bc4","type":"edit"},"id":"JAVA"}}
{"recorder_version":"21","session":"cadb9b0ffcfe","build":"192.6262.58","bucket":"189","time":1574429306680,"group":{"id":"ui.dialogs","version":"21"},"event":{"count":1,"data":{"created":1574429306680,"plugin_type":"PLATFORM","type":"show"},"id":"com.intellij.openapi.ui.Messages$InputDialog"}}
{"recorder_version":"21","session":"cadb9b0ffcfe","build":"192.6262.58","bucket":"189","time":1574429306902,"group":{"id":"lifecycle","version":"21"},"event":{"count":1,"data":{"created":1574429306902,"plugin_type":"NOT_LISTED","error":"java.lang.Throwable"},"id":"ide.error"}}
{"recorder_version":"21","session":"cadb9b0ffcfe","build":"192.6262.58","bucket":"189","time":1574429309249,"group":{"id":"ui.dialogs","version":"21"},"event":{"count":1,"data":{"code":2,"created":1574429309249,"plugin_type":"PLATFORM","type":"close"},"id":"com.intellij.openapi.ui.Messages$InputDialog"}}
{"recorder_version":"21","session":"cadb9b0ffcfe","build":"192.6262.58","bucket":"189","time":1574429309753,"group":{"id":"ui.dialogs","version":"21"},"event":{"count":1,"data":{"created":1574429309753,"plugin_type":"PLATFORM","type":"show"},"id":"com.intellij.openapi.ui.Messages$InputDialog"}}
{"recorder_version":"21","session":"cadb9b0ffcfe","build":"192.6262.58","bucket":"189","time":1574429309841,"group":{"id":"lifecycle","version":"21"},"event":{"count":1,"data":{"created":1574429309841,"plugin_type":"NOT_LISTED","error":"java.lang.Throwable"},"id":"ide.error"}}
{"recorder_version":"21","session":"cadb9b0ffcfe","build":"192.6262.58","bucket":"189","time":1574429310748,"group":{"id":"ui.dialogs","version":"21"},"event":{"count":1,"data":{"code":2,"created":1574429310748,"plugin_type":"PLATFORM","type":"close"},"id":"com.intellij.openapi.ui.Messages$InputDialog"}}
{"recorder_version":"21","session":"cadb9b0ffcfe","build":"192.6262.58","bucket":"189","time":1574429310755,"group":{"id":"lifecycle","version":"21"},"event":{"count":1,"data":{"created":1574429310756,"project":"a0f12fb42952fc36a102045bdbb22ad1f15aa9443e9c675024683f4da70c8bc4"},"id":"frame.deactivated"}}
{"recorder_version":"21","session":"cadb9b0ffcfe","build":"192.6262.58","bucket":"189","time":1574429310825,"group":{"id":"lifecycle","version":"21"},"event":{"count":1,"data":{"created":1574429310826,"project":"a0f12fb42952fc36a102045bdbb22ad1f15aa9443e9c675024683f4da70c8bc4"},"id":"frame.activated"}}
{"recorder_version":"21","session":"cadb9b0ffcfe","build":"192.6262.58","bucket":"189","time":1574429311290,"group":{"id":"ui.dialogs","version":"21"},"event":{"count":1,"data":{"created":1574429311290,"plugin_type":"PLATFORM","type":"show"},"id":"com.intellij.openapi.ui.Messages$InputDialog"}}
{"recorder_version":"21","session":"cadb9b0ffcfe","build":"192.6262.58","bucket":"189","time":1574429311378,"group":{"id":"lifecycle","version":"21"},"event":{"count":1,"data":{"created":1574429311378,"plugin_type":"NOT_LISTED","error":"java.lang.Throwable"},"id":"ide.error"}}
{"recorder_version":"21","session":"cadb9b0ffcfe","build":"192.6262.58","bucket":"189","time":1574429312353,"group":{"id":"ui.dialogs","version":"21"},"event":{"count":1,"data":{"code":2,"created":1574429312353,"plugin_type":"PLATFORM","type":"close"},"id":"com.intellij.openapi.ui.Messages$InputDialog"}}
{"recorder_version":"21","session":"cadb9b0ffcfe","build":"192.6262.58","bucket":"189","time":1574429312361,"group":{"id":"lifecycle","version":"21"},"event":{"count":1,"data":{"created":1574429312361,"project":"a0f12fb42952fc36a102045bdbb22ad1f15aa9443e9c675024683f4da70c8bc4"},"id":"frame.deactivated"}}
{"recorder_version":"21","session":"cadb9b0ffcfe","build":"192.6262.58","bucket":"189","time":1574429312391,"group":{"id":"lifecycle","version":"21"},"event":{"count":1,"data":{"created":1574429312391,"project":"a0f12fb42952fc36a102045bdbb22ad1f15aa9443e9c675024683f4da70c8bc4"},"id":"frame.activated"}}
{"recorder_version":"21","session":"cadb9b0ffcfe","build":"192.6262.58","bucket":"189","time":1574429313185,"group":{"id":"ui.dialogs","version":"21"},"event":{"count":1,"data":{"created":1574429313185,"plugin_type":"PLATFORM","type":"show"},"id":"com.intellij.openapi.ui.Messages$InputDialog"}}
{"recorder_version":"21","session":"cadb9b0ffcfe","build":"192.6262.58","bucket":"189","time":1574429313257,"group":{"id":"lifecycle","version":"21"},"event":{"count":1,"data":{"created":1574429313257,"plugin_type":"NOT_LISTED","error":"java.lang.Throwable"},"id":"ide.error"}}
{"recorder_version":"21","session":"cadb9b0ffcfe","build":"192.6262.58","bucket":"189","time":1574429314364,"group":{"id":"ui.dialogs","version":"21"},"event":{"count":1,"data":{"code":2,"created":1574429314365,"plugin_type":"PLATFORM","type":"close"},"id":"com.intellij.openapi.ui.Messages$InputDialog"}}
{"recorder_version":"21","session":"cadb9b0ffcfe","build":"192.6262.58","bucket":"189","time":1574429314372,"group":{"id":"lifecycle","version":"21"},"event":{"count":1,"data":{"created":1574429314372,"project":"a0f12fb42952fc36a102045bdbb22ad1f15aa9443e9c675024683f4da70c8bc4"},"id":"frame.deactivated"}}
{"recorder_version":"21","session":"cadb9b0ffcfe","build":"192.6262.58","bucket":"189","time":1574429314406,"group":{"id":"lifecycle","version":"21"},"event":{"count":1,"data":{"created":1574429314406,"project":"a0f12fb42952fc36a102045bdbb22ad1f15aa9443e9c675024683f4da70c8bc4"},"id":"frame.activated"}}
{"recorder_version":"21","session":"cadb9b0ffcfe","build":"192.6262.58","bucket":"189","time":1574429318106,"group":{"id":"lifecycle","version":"21"},"event":{"count":1,"data":{"created":1574429318106,"project":"a0f12fb42952fc36a102045bdbb22ad1f15aa9443e9c675024683f4da70c8bc4"},"id":"project.closed"}}
{"recorder_version":"21","session":"cadb9b0ffcfe","build":"192.6262.58","bucket":"189","time":1574429374883,"group":{"id":"lifecycle","version":"21"},"event":{"count":1,"data":{"restart":false,"created":1574429374883},"id":"ide.close"}}
