{"recorder_version":"21","session":"8950b608d86c","build":"192.6262.58","bucket":"189","time":1574786892624,"group":{"id":"settings","version":"4"},"event":{"state":true,"data":{"component":"NotRoamableUiSettings","created":1574786892864},"id":"invoked"}}
{"recorder_version":"21","session":"8950b608d86c","build":"192.6262.58","bucket":"189","time":1574786892626,"group":{"id":"system.java","version":"1"},"event":{"state":true,"data":{"created":1574786892866,"version":"1.11"},"id":"JetBrains"}}
{"recorder_version":"21","session":"8950b608d86c","build":"192.6262.58","bucket":"189","time":1574786892626,"group":{"id":"system.java","version":"1"},"event":{"state":true,"data":{"created":1574786892874},"id":"invoked"}}
{"recorder_version":"21","session":"8950b608d86c","build":"192.6262.58","bucket":"189","time":1574786892628,"group":{"id":"settings","version":"4"},"event":{"state":true,"data":{"component":"UISettings","created":1574786892874},"id":"invoked"}}
{"recorder_version":"21","session":"8950b608d86c","build":"192.6262.58","bucket":"189","time":1574786892647,"group":{"id":"system.os","version":"3"},"event":{"state":true,"data":{"created":1574786892875,"version":"10.14"},"id":"Mac"}}
{"recorder_version":"21","session":"8950b608d86c","build":"192.6262.58","bucket":"189","time":1574786892647,"group":{"id":"system.os","version":"3"},"event":{"state":true,"data":{"created":1574786892876,"name":"Mac","version":"10.14"},"id":"os.name"}}
{"recorder_version":"21","session":"8950b608d86c","build":"192.6262.58","bucket":"189","time":1574786892647,"group":{"id":"system.os","version":"3"},"event":{"state":true,"data":{"created":1574786892877,"value":"+09_00"},"id":"os.timezone"}}
{"recorder_version":"21","session":"8950b608d86c","build":"192.6262.58","bucket":"189","time":1574786892647,"group":{"id":"system.os","version":"3"},"event":{"state":true,"data":{"created":1574786892877},"id":"invoked"}}
{"recorder_version":"21","session":"8950b608d86c","build":"192.6262.58","bucket":"189","time":1574786892863,"group":{"id":"event.log","version":"21"},"event":{"count":1,"data":{"created":1574786892878,"version":"925.0"},"id":"whitelist.loaded"}}
{"recorder_version":"21","session":"8950b608d86c","build":"192.6262.58","bucket":"189","time":1574786895039,"group":{"id":"settings","version":"4"},"event":{"state":true,"data":{"component":"UpdatesConfigurable","created":1574786895040,"name":"checkNeeded","type":"bool","value":false},"id":"not.default"}}
{"recorder_version":"21","session":"8950b608d86c","build":"192.6262.58","bucket":"189","time":1574786895039,"group":{"id":"settings","version":"4"},"event":{"state":true,"data":{"component":"UpdatesConfigurable","created":1574786895040},"id":"invoked"}}
{"recorder_version":"21","session":"8950b608d86c","build":"192.6262.58","bucket":"189","time":1574786895177,"group":{"id":"settings","version":"4"},"event":{"state":true,"data":{"component":"GeneralSettings","created":1574786895177,"name":"confirmExit","type":"bool","value":false},"id":"not.default"}}
{"recorder_version":"21","session":"8950b608d86c","build":"192.6262.58","bucket":"189","time":1574786895177,"group":{"id":"settings","version":"4"},"event":{"state":true,"data":{"component":"GeneralSettings","created":1574786895178,"name":"showTipsOnStartup","type":"bool","value":false},"id":"not.default"}}
{"recorder_version":"21","session":"8950b608d86c","build":"192.6262.58","bucket":"189","time":1574786895177,"group":{"id":"settings","version":"4"},"event":{"state":true,"data":{"component":"GeneralSettings","created":1574786895182},"id":"invoked"}}
{"recorder_version":"21","session":"8950b608d86c","build":"192.6262.58","bucket":"189","time":1574786895184,"group":{"id":"lifecycle","version":"21"},"event":{"count":1,"data":{"internal":true,"eap":false,"created":1574786895184},"id":"ide.start"}}
{"recorder_version":"21","session":"8950b608d86c","build":"192.6262.58","bucket":"189","time":1574786895446,"group":{"id":"lifecycle","version":"21"},"event":{"count":1,"data":{"created":1574786895446},"id":"frame.activated"}}
{"recorder_version":"21","session":"8950b608d86c","build":"192.6262.58","bucket":"189","time":1574786895710,"group":{"id":"performance","version":"21"},"event":{"count":1,"data":{"duration_ms":4,"created":1574786895710},"id":"ui.latency"}}
{"recorder_version":"21","session":"8950b608d86c","build":"192.6262.58","bucket":"189","time":1574786895932,"group":{"id":"ui.dialogs","version":"21"},"event":{"count":1,"data":{"created":1574786895932,"plugin_type":"PLATFORM","type":"show"},"id":"com.intellij.openapi.progress.util.ProgressDialog$MyDialogWrapper"}}
{"recorder_version":"21","session":"8950b608d86c","build":"192.6262.58","bucket":"189","time":1574786896886,"group":{"id":"lifecycle","version":"21"},"event":{"count":1,"data":{"created":1574786896886,"project":"92ddc83aceaa9edad1485397ccc1680a8fd16623aa2c155379eac4aafdb2a559"},"id":"project.opened"}}
{"recorder_version":"21","session":"8950b608d86c","build":"192.6262.58","bucket":"189","time":1574786898516,"group":{"id":"settings","version":"4"},"event":{"state":true,"data":{"component":"XmlEditorOptions","created":1574786898516},"id":"invoked"}}
{"recorder_version":"21","session":"8950b608d86c","build":"192.6262.58","bucket":"189","time":1574786898777,"group":{"id":"toolwindow","version":"21"},"event":{"count":1,"data":{"os":"Mac","created":1574786898777,"plugin_type":"PLATFORM"},"id":"Project"}}
{"recorder_version":"21","session":"8950b608d86c","build":"192.6262.58","bucket":"189","time":1574786899077,"group":{"id":"performance","version":"21"},"event":{"count":1,"data":{"duration_ms":364,"created":1574786899078},"id":"ui.lagging"}}
{"recorder_version":"21","session":"8950b608d86c","build":"192.6262.58","bucket":"189","time":1574786900917,"group":{"id":"project.fs","version":"1"},"event":{"state":true,"data":{"os":"Mac","cs-project":false,"created":1574786900917,"project":"92ddc83aceaa9edad1485397ccc1680a8fd16623aa2c155379eac4aafdb2a559","cs-implicit":true,"cs-system":false},"id":"case-sensitivity"}}
{"recorder_version":"21","session":"8950b608d86c","build":"192.6262.58","bucket":"189","time":1574786900917,"group":{"id":"project.fs","version":"1"},"event":{"state":true,"data":{"created":1574786900917},"id":"invoked"}}
{"recorder_version":"21","session":"8950b608d86c","build":"192.6262.58","bucket":"189","time":1574786900918,"group":{"id":"project.fs","version":"1"},"event":{"state":true,"data":{"pct-non-watched":0,"created":1574786900918,"project":"92ddc83aceaa9edad1485397ccc1680a8fd16623aa2c155379eac4aafdb2a559"},"id":"roots-watched"}}
{"recorder_version":"21","session":"8950b608d86c","build":"192.6262.58","bucket":"189","time":1574786900918,"group":{"id":"project.fs","version":"1"},"event":{"state":true,"data":{"created":1574786900918},"id":"invoked"}}
{"recorder_version":"21","session":"8950b608d86c","build":"192.6262.58","bucket":"189","time":1574786900989,"group":{"id":"ui.dialogs","version":"21"},"event":{"count":1,"data":{"code":1,"created":1574786900989,"plugin_type":"PLATFORM","type":"close"},"id":"com.intellij.openapi.progress.util.ProgressDialog$MyDialogWrapper"}}
{"recorder_version":"21","session":"8950b608d86c","build":"192.6262.58","bucket":"189","time":1574786901230,"group":{"id":"lifecycle","version":"21"},"event":{"count":1,"data":{"duration_ms":5564,"created":1574786901230,"project":"92ddc83aceaa9edad1485397ccc1680a8fd16623aa2c155379eac4aafdb2a559"},"id":"project.opening.finished"}}
{"recorder_version":"21","session":"8950b608d86c","build":"192.6262.58","bucket":"189","time":1574786902129,"group":{"id":"kotlin.jps.target","version":"1"},"event":{"count":1,"data":{"plugin_version":"1.3.41-release-IJ2019.2-1","created":1574786902129},"id":"jvm"}}
{"recorder_version":"21","session":"8950b608d86c","build":"192.6262.58","bucket":"189","time":1574786902836,"group":{"id":"file.types.usage","version":"21"},"event":{"count":1,"data":{"created":1574786902836,"plugin_type":"PLATFORM","project":"92ddc83aceaa9edad1485397ccc1680a8fd16623aa2c155379eac4aafdb2a559","type":"edit"},"id":"IDEA_MODULE"}}
{"recorder_version":"21","session":"8950b608d86c","build":"192.6262.58","bucket":"189","time":1574786911546,"group":{"id":"actions","version":"21"},"event":{"count":1,"data":{"context_menu":false,"current_file":"TEXT","created":1574786911546,"plugin_type":"PLATFORM","project":"92ddc83aceaa9edad1485397ccc1680a8fd16623aa2c155379eac4aafdb2a559","place":"keyboard_shortcut","class":"com.intellij.openapi.editor.actions.EnterAction","input_event":"Enter"},"id":"EditorEnter"}}
{"recorder_version":"21","session":"8950b608d86c","build":"192.6262.58","bucket":"189","time":1574786913192,"group":{"id":"lifecycle","version":"21"},"event":{"count":1,"data":{"created":1574786913192,"project":"92ddc83aceaa9edad1485397ccc1680a8fd16623aa2c155379eac4aafdb2a559"},"id":"frame.deactivated"}}
{"recorder_version":"21","session":"8950b608d86c","build":"192.6262.58","bucket":"189","time":1574786935046,"group":{"id":"lifecycle","version":"21"},"event":{"count":1,"data":{"created":1574786935046,"project":"92ddc83aceaa9edad1485397ccc1680a8fd16623aa2c155379eac4aafdb2a559"},"id":"frame.activated"}}
{"recorder_version":"21","session":"8950b608d86c","build":"192.6262.58","bucket":"189","time":1574786935320,"group":{"id":"lifecycle","version":"21"},"event":{"count":1,"data":{"restart":false,"created":1574786935320},"id":"ide.close"}}
{"recorder_version":"21","session":"8950b608d86c","build":"192.6262.58","bucket":"189","time":1574786935395,"group":{"id":"lifecycle","version":"21"},"event":{"count":1,"data":{"created":1574786935395,"project":"92ddc83aceaa9edad1485397ccc1680a8fd16623aa2c155379eac4aafdb2a559"},"id":"project.closed"}}
