{"recorder_version":"21","session":"3b38ca7e7207","build":"192.6262.58","bucket":"189","time":1574812253973,"group":{"id":"settings","version":"4"},"event":{"state":true,"data":{"component":"NotRoamableUiSettings","created":1574812254125},"id":"invoked"}}
{"recorder_version":"21","session":"3b38ca7e7207","build":"192.6262.58","bucket":"189","time":1574812253974,"group":{"id":"settings","version":"4"},"event":{"state":true,"data":{"component":"UISettings","created":1574812254126},"id":"invoked"}}
{"recorder_version":"21","session":"3b38ca7e7207","build":"192.6262.58","bucket":"189","time":1574812253974,"group":{"id":"system.java","version":"1"},"event":{"state":true,"data":{"created":1574812254136,"version":"1.11"},"id":"JetBrains"}}
{"recorder_version":"21","session":"3b38ca7e7207","build":"192.6262.58","bucket":"189","time":1574812253974,"group":{"id":"system.java","version":"1"},"event":{"state":true,"data":{"created":1574812254136},"id":"invoked"}}
{"recorder_version":"21","session":"3b38ca7e7207","build":"192.6262.58","bucket":"189","time":1574812253995,"group":{"id":"system.os","version":"3"},"event":{"state":true,"data":{"created":1574812254137,"version":"10.14"},"id":"Mac"}}
{"recorder_version":"21","session":"3b38ca7e7207","build":"192.6262.58","bucket":"189","time":1574812253995,"group":{"id":"system.os","version":"3"},"event":{"state":true,"data":{"created":1574812254138,"name":"Mac","version":"10.14"},"id":"os.name"}}
{"recorder_version":"21","session":"3b38ca7e7207","build":"192.6262.58","bucket":"189","time":1574812253995,"group":{"id":"system.os","version":"3"},"event":{"state":true,"data":{"created":1574812254139,"value":"+09_00"},"id":"os.timezone"}}
{"recorder_version":"21","session":"3b38ca7e7207","build":"192.6262.58","bucket":"189","time":1574812253995,"group":{"id":"system.os","version":"3"},"event":{"state":true,"data":{"created":1574812254140},"id":"invoked"}}
{"recorder_version":"21","session":"3b38ca7e7207","build":"192.6262.58","bucket":"189","time":1574812254124,"group":{"id":"event.log","version":"21"},"event":{"count":1,"data":{"created":1574812254141,"version":"930.0"},"id":"whitelist.loaded"}}
{"recorder_version":"21","session":"3b38ca7e7207","build":"192.6262.58","bucket":"189","time":1574812256371,"group":{"id":"settings","version":"4"},"event":{"state":true,"data":{"component":"UpdatesConfigurable","created":1574812256372,"name":"checkNeeded","type":"bool","value":false},"id":"not.default"}}
{"recorder_version":"21","session":"3b38ca7e7207","build":"192.6262.58","bucket":"189","time":1574812256371,"group":{"id":"settings","version":"4"},"event":{"state":true,"data":{"component":"UpdatesConfigurable","created":1574812256373},"id":"invoked"}}
{"recorder_version":"21","session":"3b38ca7e7207","build":"192.6262.58","bucket":"189","time":1574812256945,"group":{"id":"lifecycle","version":"21"},"event":{"count":1,"data":{"internal":true,"eap":false,"created":1574812256945},"id":"ide.start"}}
{"recorder_version":"21","session":"3b38ca7e7207","build":"192.6262.58","bucket":"189","time":1574812256984,"group":{"id":"settings","version":"4"},"event":{"state":true,"data":{"component":"GeneralSettings","created":1574812256984,"name":"confirmExit","type":"bool","value":false},"id":"not.default"}}
{"recorder_version":"21","session":"3b38ca7e7207","build":"192.6262.58","bucket":"189","time":1574812256984,"group":{"id":"settings","version":"4"},"event":{"state":true,"data":{"component":"GeneralSettings","created":1574812256985,"name":"showTipsOnStartup","type":"bool","value":false},"id":"not.default"}}
{"recorder_version":"21","session":"3b38ca7e7207","build":"192.6262.58","bucket":"189","time":1574812256984,"group":{"id":"settings","version":"4"},"event":{"state":true,"data":{"component":"GeneralSettings","created":1574812256986},"id":"invoked"}}
{"recorder_version":"21","session":"3b38ca7e7207","build":"192.6262.58","bucket":"189","time":1574812257082,"group":{"id":"performance","version":"21"},"event":{"count":1,"data":{"duration_ms":52,"created":1574812257082},"id":"ui.latency"}}
{"recorder_version":"21","session":"3b38ca7e7207","build":"192.6262.58","bucket":"189","time":1574812257570,"group":{"id":"settings","version":"4"},"event":{"state":true,"data":{"component":"XmlEditorOptions","created":1574812257570},"id":"invoked"}}
{"recorder_version":"21","session":"3b38ca7e7207","build":"192.6262.58","bucket":"189","time":1574812258895,"group":{"id":"ui.dialogs","version":"21"},"event":{"count":1,"data":{"created":1574812258896,"plugin_type":"PLATFORM","type":"show"},"id":"com.intellij.openapi.progress.util.ProgressDialog$MyDialogWrapper"}}
{"recorder_version":"21","session":"3b38ca7e7207","build":"192.6262.58","bucket":"189","time":1574812259708,"group":{"id":"lifecycle","version":"21"},"event":{"count":1,"data":{"created":1574812259708,"project":"92ddc83aceaa9edad1485397ccc1680a8fd16623aa2c155379eac4aafdb2a559"},"id":"project.opened"}}
{"recorder_version":"21","session":"3b38ca7e7207","build":"192.6262.58","bucket":"189","time":1574812260307,"group":{"id":"performance","version":"21"},"event":{"count":1,"data":{"duration_ms":276,"created":1574812260307},"id":"ui.lagging"}}
{"recorder_version":"21","session":"3b38ca7e7207","build":"192.6262.58","bucket":"189","time":1574812261360,"group":{"id":"performance","version":"21"},"event":{"count":1,"data":{"duration_ms":323,"created":1574812261360},"id":"ui.lagging"}}
{"recorder_version":"21","session":"3b38ca7e7207","build":"192.6262.58","bucket":"189","time":1574812261542,"group":{"id":"toolwindow","version":"21"},"event":{"count":1,"data":{"os":"Mac","created":1574812261542,"plugin_type":"PLATFORM"},"id":"Project"}}
{"recorder_version":"21","session":"3b38ca7e7207","build":"192.6262.58","bucket":"189","time":1574812262961,"group":{"id":"project.fs","version":"1"},"event":{"state":true,"data":{"os":"Mac","cs-project":false,"created":1574812262961,"project":"92ddc83aceaa9edad1485397ccc1680a8fd16623aa2c155379eac4aafdb2a559","cs-implicit":true,"cs-system":false},"id":"case-sensitivity"}}
{"recorder_version":"21","session":"3b38ca7e7207","build":"192.6262.58","bucket":"189","time":1574812262961,"group":{"id":"project.fs","version":"1"},"event":{"state":true,"data":{"created":1574812262962},"id":"invoked"}}
{"recorder_version":"21","session":"3b38ca7e7207","build":"192.6262.58","bucket":"189","time":1574812262962,"group":{"id":"project.fs","version":"1"},"event":{"state":true,"data":{"pct-non-watched":0,"created":1574812262962,"project":"92ddc83aceaa9edad1485397ccc1680a8fd16623aa2c155379eac4aafdb2a559"},"id":"roots-watched"}}
{"recorder_version":"21","session":"3b38ca7e7207","build":"192.6262.58","bucket":"189","time":1574812262962,"group":{"id":"project.fs","version":"1"},"event":{"state":true,"data":{"created":1574812262962},"id":"invoked"}}
{"recorder_version":"21","session":"3b38ca7e7207","build":"192.6262.58","bucket":"189","time":1574812263046,"group":{"id":"ui.dialogs","version":"21"},"event":{"count":1,"data":{"code":1,"created":1574812263046,"plugin_type":"PLATFORM","type":"close"},"id":"com.intellij.openapi.progress.util.ProgressDialog$MyDialogWrapper"}}
{"recorder_version":"21","session":"3b38ca7e7207","build":"192.6262.58","bucket":"189","time":1574812263180,"group":{"id":"lifecycle","version":"21"},"event":{"count":1,"data":{"duration_ms":4571,"created":1574812263180,"project":"92ddc83aceaa9edad1485397ccc1680a8fd16623aa2c155379eac4aafdb2a559"},"id":"project.opening.finished"}}
{"recorder_version":"21","session":"3b38ca7e7207","build":"192.6262.58","bucket":"189","time":1574812264566,"group":{"id":"kotlin.jps.target","version":"1"},"event":{"count":1,"data":{"plugin_version":"validation.undefined_rule","created":1574812264566},"id":"validation.undefined_rule"}}
{"recorder_version":"21","session":"3b38ca7e7207","build":"192.6262.58","bucket":"189","time":1574812264916,"group":{"id":"file.types.usage","version":"21"},"event":{"count":1,"data":{"created":1574812264916,"plugin_type":"PLATFORM","project":"92ddc83aceaa9edad1485397ccc1680a8fd16623aa2c155379eac4aafdb2a559","type":"edit"},"id":"IDEA_MODULE"}}
{"recorder_version":"21","session":"3b38ca7e7207","build":"192.6262.58","bucket":"189","time":1574812265267,"group":{"id":"performance","version":"21"},"event":{"count":1,"data":{"duration_ms":228,"created":1574812265267},"id":"ui.lagging"}}
{"recorder_version":"21","session":"3b38ca7e7207","build":"192.6262.58","bucket":"189","time":1574812276075,"group":{"id":"actions","version":"21"},"event":{"count":1,"data":{"context_menu":false,"current_file":"TEXT","created":1574812276075,"plugin_type":"PLATFORM","project":"92ddc83aceaa9edad1485397ccc1680a8fd16623aa2c155379eac4aafdb2a559","place":"keyboard_shortcut","class":"com.intellij.openapi.editor.actions.EscapeAction","input_event":"Escape"},"id":"EditorEscape"}}
{"recorder_version":"21","session":"3b38ca7e7207","build":"192.6262.58","bucket":"189","time":1574812282490,"group":{"id":"lifecycle","version":"21"},"event":{"count":1,"data":{"restart":false,"created":1574812282490},"id":"ide.close"}}
{"recorder_version":"21","session":"3b38ca7e7207","build":"192.6262.58","bucket":"189","time":1574812282756,"group":{"id":"lifecycle","version":"21"},"event":{"count":1,"data":{"created":1574812282756,"project":"92ddc83aceaa9edad1485397ccc1680a8fd16623aa2c155379eac4aafdb2a559"},"id":"project.closed"}}
