{"recorder_version":"21","session":"e1fae490a8f5","build":"192.6262.58","bucket":"189","time":1574884118389,"group":{"id":"settings","version":"4"},"event":{"state":true,"data":{"component":"NotRoamableUiSettings","created":1574884118554},"id":"invoked"}}
{"recorder_version":"21","session":"e1fae490a8f5","build":"192.6262.58","bucket":"189","time":1574884118391,"group":{"id":"system.java","version":"1"},"event":{"state":true,"data":{"created":1574884118556,"version":"1.11"},"id":"JetBrains"}}
{"recorder_version":"21","session":"e1fae490a8f5","build":"192.6262.58","bucket":"189","time":1574884118391,"group":{"id":"system.java","version":"1"},"event":{"state":true,"data":{"created":1574884118582},"id":"invoked"}}
{"recorder_version":"21","session":"e1fae490a8f5","build":"192.6262.58","bucket":"189","time":1574884118392,"group":{"id":"settings","version":"4"},"event":{"state":true,"data":{"component":"UISettings","created":1574884118583},"id":"invoked"}}
{"recorder_version":"21","session":"e1fae490a8f5","build":"192.6262.58","bucket":"189","time":1574884118415,"group":{"id":"system.os","version":"3"},"event":{"state":true,"data":{"created":1574884118583,"version":"10.14"},"id":"Mac"}}
{"recorder_version":"21","session":"e1fae490a8f5","build":"192.6262.58","bucket":"189","time":1574884118415,"group":{"id":"system.os","version":"3"},"event":{"state":true,"data":{"created":1574884118584,"name":"Mac","version":"10.14"},"id":"os.name"}}
{"recorder_version":"21","session":"e1fae490a8f5","build":"192.6262.58","bucket":"189","time":1574884118415,"group":{"id":"system.os","version":"3"},"event":{"state":true,"data":{"created":1574884118585,"value":"+09_00"},"id":"os.timezone"}}
{"recorder_version":"21","session":"e1fae490a8f5","build":"192.6262.58","bucket":"189","time":1574884118415,"group":{"id":"system.os","version":"3"},"event":{"state":true,"data":{"created":1574884118585},"id":"invoked"}}
{"recorder_version":"21","session":"e1fae490a8f5","build":"192.6262.58","bucket":"189","time":1574884118554,"group":{"id":"event.log","version":"21"},"event":{"count":1,"data":{"created":1574884118586,"version":"934.0"},"id":"whitelist.loaded"}}
{"recorder_version":"21","session":"e1fae490a8f5","build":"192.6262.58","bucket":"189","time":1574884120767,"group":{"id":"settings","version":"4"},"event":{"state":true,"data":{"component":"UpdatesConfigurable","created":1574884120768,"name":"checkNeeded","type":"bool","value":false},"id":"not.default"}}
{"recorder_version":"21","session":"e1fae490a8f5","build":"192.6262.58","bucket":"189","time":1574884120767,"group":{"id":"settings","version":"4"},"event":{"state":true,"data":{"component":"UpdatesConfigurable","created":1574884120769},"id":"invoked"}}
{"recorder_version":"21","session":"e1fae490a8f5","build":"192.6262.58","bucket":"189","time":1574884120883,"group":{"id":"settings","version":"4"},"event":{"state":true,"data":{"component":"GeneralSettings","created":1574884120883},"id":"invoked"}}
{"recorder_version":"21","session":"e1fae490a8f5","build":"192.6262.58","bucket":"189","time":1574884120891,"group":{"id":"lifecycle","version":"21"},"event":{"count":1,"data":{"internal":true,"eap":false,"created":1574884120891},"id":"ide.start"}}
{"recorder_version":"21","session":"e1fae490a8f5","build":"192.6262.58","bucket":"189","time":1574884121168,"group":{"id":"lifecycle","version":"21"},"event":{"count":1,"data":{"created":1574884121169},"id":"frame.activated"}}
{"recorder_version":"21","session":"e1fae490a8f5","build":"192.6262.58","bucket":"189","time":1574884121295,"group":{"id":"performance","version":"21"},"event":{"count":1,"data":{"duration_ms":14,"created":1574884121295},"id":"ui.latency"}}
{"recorder_version":"21","session":"e1fae490a8f5","build":"192.6262.58","bucket":"189","time":1574884121642,"group":{"id":"ui.dialogs","version":"21"},"event":{"count":1,"data":{"created":1574884121644,"plugin_type":"PLATFORM","type":"show"},"id":"com.intellij.openapi.progress.util.ProgressDialog$MyDialogWrapper"}}
{"recorder_version":"21","session":"e1fae490a8f5","build":"192.6262.58","bucket":"189","time":1574884122713,"group":{"id":"lifecycle","version":"21"},"event":{"count":1,"data":{"created":1574884122713,"project":"4452600da3b350ab41d92ae108c2baae6ff0ac3ddb31bd67020ee046ec77ac09"},"id":"project.opened"}}
{"recorder_version":"21","session":"e1fae490a8f5","build":"192.6262.58","bucket":"189","time":1574884124380,"group":{"id":"settings","version":"4"},"event":{"state":true,"data":{"component":"XmlEditorOptions","created":1574884124380},"id":"invoked"}}
{"recorder_version":"21","session":"e1fae490a8f5","build":"192.6262.58","bucket":"189","time":1574884124471,"group":{"id":"performance","version":"21"},"event":{"count":1,"data":{"duration_ms":190,"created":1574884124471},"id":"ui.lagging"}}
{"recorder_version":"21","session":"e1fae490a8f5","build":"192.6262.58","bucket":"189","time":1574884125093,"group":{"id":"toolwindow","version":"21"},"event":{"count":1,"data":{"os":"Mac","created":1574884125095,"plugin_type":"NOT_LISTED"},"id":"third.party"}}
{"recorder_version":"21","session":"e1fae490a8f5","build":"192.6262.58","bucket":"189","time":1574884125647,"group":{"id":"performance","version":"21"},"event":{"count":1,"data":{"duration_ms":364,"created":1574884125647},"id":"ui.lagging"}}
{"recorder_version":"21","session":"e1fae490a8f5","build":"192.6262.58","bucket":"189","time":1574884125973,"group":{"id":"ui.tips","version":"2"},"event":{"count":1,"data":{"created":1574884125973,"type":"automatically"},"id":"dialog.shown"}}
{"recorder_version":"21","session":"e1fae490a8f5","build":"192.6262.58","bucket":"189","time":1574884126031,"group":{"id":"ui.dialogs","version":"21"},"event":{"count":1,"data":{"created":1574884126031,"plugin_type":"PLATFORM","type":"show"},"id":"com.intellij.ide.util.TipDialog"}}
{"recorder_version":"21","session":"e1fae490a8f5","build":"192.6262.58","bucket":"189","time":1574884126437,"group":{"id":"performance","version":"21"},"event":{"count":1,"data":{"duration_ms":154,"created":1574884126438},"id":"ui.lagging"}}
{"recorder_version":"21","session":"e1fae490a8f5","build":"192.6262.58","bucket":"189","time":1574884127381,"group":{"id":"kotlin.jps.target","version":"1"},"event":{"count":2,"data":{"plugin_version":"validation.undefined_rule","last":1574884127381,"created":1574884127381},"id":"validation.undefined_rule"}}
{"recorder_version":"21","session":"e1fae490a8f5","build":"192.6262.58","bucket":"189","time":1574884127624,"group":{"id":"ui.dialogs","version":"21"},"event":{"count":1,"data":{"code":1,"created":1574884127624,"plugin_type":"PLATFORM","type":"close"},"id":"com.intellij.ide.util.TipDialog"}}
{"recorder_version":"21","session":"e1fae490a8f5","build":"192.6262.58","bucket":"189","time":1574884127755,"group":{"id":"project.fs","version":"1"},"event":{"state":true,"data":{"os":"Mac","cs-project":false,"created":1574884127755,"project":"4452600da3b350ab41d92ae108c2baae6ff0ac3ddb31bd67020ee046ec77ac09","cs-implicit":true,"cs-system":false},"id":"case-sensitivity"}}
{"recorder_version":"21","session":"e1fae490a8f5","build":"192.6262.58","bucket":"189","time":1574884127755,"group":{"id":"project.fs","version":"1"},"event":{"state":true,"data":{"created":1574884127756},"id":"invoked"}}
{"recorder_version":"21","session":"e1fae490a8f5","build":"192.6262.58","bucket":"189","time":1574884127757,"group":{"id":"project.fs","version":"1"},"event":{"state":true,"data":{"pct-non-watched":0,"created":1574884127758,"project":"4452600da3b350ab41d92ae108c2baae6ff0ac3ddb31bd67020ee046ec77ac09"},"id":"roots-watched"}}
{"recorder_version":"21","session":"e1fae490a8f5","build":"192.6262.58","bucket":"189","time":1574884127757,"group":{"id":"project.fs","version":"1"},"event":{"state":true,"data":{"created":1574884127758},"id":"invoked"}}
{"recorder_version":"21","session":"e1fae490a8f5","build":"192.6262.58","bucket":"189","time":1574884127945,"group":{"id":"ui.dialogs","version":"21"},"event":{"count":1,"data":{"code":1,"created":1574884127945,"plugin_type":"PLATFORM","type":"close"},"id":"com.intellij.openapi.progress.util.ProgressDialog$MyDialogWrapper"}}
{"recorder_version":"21","session":"e1fae490a8f5","build":"192.6262.58","bucket":"189","time":1574884128142,"group":{"id":"lifecycle","version":"21"},"event":{"count":1,"data":{"duration_ms":6770,"created":1574884128142,"project":"4452600da3b350ab41d92ae108c2baae6ff0ac3ddb31bd67020ee046ec77ac09"},"id":"project.opening.finished"}}
{"recorder_version":"21","session":"e1fae490a8f5","build":"192.6262.58","bucket":"189","time":1574884128742,"group":{"id":"performance","version":"21"},"event":{"count":1,"data":{"duration_ms":458,"created":1574884128742},"id":"ui.lagging"}}
{"recorder_version":"21","session":"e1fae490a8f5","build":"192.6262.58","bucket":"189","time":1574884129737,"group":{"id":"vcs.change.reminder","version":"1"},"event":{"count":1,"data":{"created":1574884129737,"project":"4452600da3b350ab41d92ae108c2baae6ff0ac3ddb31bd67020ee046ec77ac09","execution_time":191},"id":"prediction.calculated"}}
{"recorder_version":"21","session":"e1fae490a8f5","build":"192.6262.58","bucket":"189","time":1574884129771,"group":{"id":"vcs.change.reminder","version":"1"},"event":{"count":1,"data":{"created":1574884129771,"project":"4452600da3b350ab41d92ae108c2baae6ff0ac3ddb31bd67020ee046ec77ac09","execution_time":34},"id":"prediction.calculated"}}
{"recorder_version":"21","session":"e1fae490a8f5","build":"192.6262.58","bucket":"189","time":1574884129807,"group":{"id":"vcs.change.reminder","version":"1"},"event":{"count":1,"data":{"created":1574884129807,"project":"4452600da3b350ab41d92ae108c2baae6ff0ac3ddb31bd67020ee046ec77ac09","execution_time":35},"id":"prediction.calculated"}}
{"recorder_version":"21","session":"e1fae490a8f5","build":"192.6262.58","bucket":"189","time":1574884131118,"group":{"id":"file.types.usage","version":"21"},"event":{"count":1,"data":{"plugin":"com.intellij.java","created":1574884131118,"plugin_type":"JB_BUNDLED","project":"4452600da3b350ab41d92ae108c2baae6ff0ac3ddb31bd67020ee046ec77ac09","type":"edit"},"id":"JAVA"}}
{"recorder_version":"21","session":"e1fae490a8f5","build":"192.6262.58","bucket":"189","time":1574884142667,"group":{"id":"ui.dialogs","version":"21"},"event":{"count":1,"data":{"created":1574884142668,"plugin_type":"PLATFORM","type":"show"},"id":"com.intellij.openapi.progress.util.ProgressDialog$MyDialogWrapper"}}
{"recorder_version":"21","session":"e1fae490a8f5","build":"192.6262.58","bucket":"189","time":1574884142728,"group":{"id":"lifecycle","version":"21"},"event":{"count":1,"data":{"created":1574884142728,"project":"4452600da3b350ab41d92ae108c2baae6ff0ac3ddb31bd67020ee046ec77ac09"},"id":"project.closed"}}
{"recorder_version":"21","session":"e1fae490a8f5","build":"192.6262.58","bucket":"189","time":1574884142805,"group":{"id":"ui.dialogs","version":"21"},"event":{"count":1,"data":{"code":1,"created":1574884142805,"plugin_type":"PLATFORM","type":"close"},"id":"com.intellij.openapi.progress.util.ProgressDialog$MyDialogWrapper"}}
{"recorder_version":"21","session":"e1fae490a8f5","build":"192.6262.58","bucket":"189","time":1574884144975,"group":{"id":"lifecycle","version":"21"},"event":{"count":1,"data":{"restart":false,"created":1574884144975},"id":"ide.close"}}
