{"recorder_version":"21","session":"96e812ae8b33","build":"192.6262.58","bucket":"189","time":1574777789946,"group":{"id":"settings","version":"4"},"event":{"state":true,"data":{"component":"NotRoamableUiSettings","created":1574777790122},"id":"invoked"}}
{"recorder_version":"21","session":"96e812ae8b33","build":"192.6262.58","bucket":"189","time":1574777789947,"group":{"id":"system.java","version":"1"},"event":{"state":true,"data":{"created":1574777790124,"version":"1.11"},"id":"JetBrains"}}
{"recorder_version":"21","session":"96e812ae8b33","build":"192.6262.58","bucket":"189","time":1574777789947,"group":{"id":"system.java","version":"1"},"event":{"state":true,"data":{"created":1574777790131},"id":"invoked"}}
{"recorder_version":"21","session":"96e812ae8b33","build":"192.6262.58","bucket":"189","time":1574777789949,"group":{"id":"settings","version":"4"},"event":{"state":true,"data":{"component":"UISettings","created":1574777790131},"id":"invoked"}}
{"recorder_version":"21","session":"96e812ae8b33","build":"192.6262.58","bucket":"189","time":1574777789968,"group":{"id":"system.os","version":"3"},"event":{"state":true,"data":{"created":1574777790132,"version":"10.14"},"id":"Mac"}}
{"recorder_version":"21","session":"96e812ae8b33","build":"192.6262.58","bucket":"189","time":1574777789968,"group":{"id":"system.os","version":"3"},"event":{"state":true,"data":{"created":1574777790132,"name":"Mac","version":"10.14"},"id":"os.name"}}
{"recorder_version":"21","session":"96e812ae8b33","build":"192.6262.58","bucket":"189","time":1574777789968,"group":{"id":"system.os","version":"3"},"event":{"state":true,"data":{"created":1574777790133,"value":"+09_00"},"id":"os.timezone"}}
{"recorder_version":"21","session":"96e812ae8b33","build":"192.6262.58","bucket":"189","time":1574777789968,"group":{"id":"system.os","version":"3"},"event":{"state":true,"data":{"created":1574777790133},"id":"invoked"}}
{"recorder_version":"21","session":"96e812ae8b33","build":"192.6262.58","bucket":"189","time":1574777790122,"group":{"id":"event.log","version":"21"},"event":{"count":1,"data":{"created":1574777790134,"version":"919.0"},"id":"whitelist.loaded"}}
{"recorder_version":"21","session":"96e812ae8b33","build":"192.6262.58","bucket":"189","time":1574777792406,"group":{"id":"settings","version":"4"},"event":{"state":true,"data":{"component":"UpdatesConfigurable","created":1574777792407,"name":"checkNeeded","type":"bool","value":false},"id":"not.default"}}
{"recorder_version":"21","session":"96e812ae8b33","build":"192.6262.58","bucket":"189","time":1574777792407,"group":{"id":"settings","version":"4"},"event":{"state":true,"data":{"component":"UpdatesConfigurable","created":1574777792408},"id":"invoked"}}
{"recorder_version":"21","session":"96e812ae8b33","build":"192.6262.58","bucket":"189","time":1574777792593,"group":{"id":"settings","version":"4"},"event":{"state":true,"data":{"component":"GeneralSettings","created":1574777792593,"name":"confirmExit","type":"bool","value":false},"id":"not.default"}}
{"recorder_version":"21","session":"96e812ae8b33","build":"192.6262.58","bucket":"189","time":1574777792593,"group":{"id":"settings","version":"4"},"event":{"state":true,"data":{"component":"GeneralSettings","created":1574777792600,"name":"showTipsOnStartup","type":"bool","value":false},"id":"not.default"}}
{"recorder_version":"21","session":"96e812ae8b33","build":"192.6262.58","bucket":"189","time":1574777792593,"group":{"id":"settings","version":"4"},"event":{"state":true,"data":{"component":"GeneralSettings","created":1574777792602},"id":"invoked"}}
{"recorder_version":"21","session":"96e812ae8b33","build":"192.6262.58","bucket":"189","time":1574777792606,"group":{"id":"lifecycle","version":"21"},"event":{"count":1,"data":{"internal":true,"eap":false,"created":1574777792607},"id":"ide.start"}}
{"recorder_version":"21","session":"96e812ae8b33","build":"192.6262.58","bucket":"189","time":1574777792896,"group":{"id":"lifecycle","version":"21"},"event":{"count":1,"data":{"created":1574777792899},"id":"frame.activated"}}
{"recorder_version":"21","session":"96e812ae8b33","build":"192.6262.58","bucket":"189","time":1574777793034,"group":{"id":"performance","version":"21"},"event":{"count":1,"data":{"duration_ms":21,"created":1574777793035},"id":"ui.latency"}}
{"recorder_version":"21","session":"96e812ae8b33","build":"192.6262.58","bucket":"189","time":1574777793385,"group":{"id":"ui.dialogs","version":"21"},"event":{"count":1,"data":{"created":1574777793386,"plugin_type":"PLATFORM","type":"show"},"id":"com.intellij.openapi.progress.util.ProgressDialog$MyDialogWrapper"}}
{"recorder_version":"21","session":"96e812ae8b33","build":"192.6262.58","bucket":"189","time":1574777794387,"group":{"id":"lifecycle","version":"21"},"event":{"count":1,"data":{"created":1574777794387,"project":"92ddc83aceaa9edad1485397ccc1680a8fd16623aa2c155379eac4aafdb2a559"},"id":"project.opened"}}
{"recorder_version":"21","session":"96e812ae8b33","build":"192.6262.58","bucket":"189","time":1574777796036,"group":{"id":"settings","version":"4"},"event":{"state":true,"data":{"component":"XmlEditorOptions","created":1574777796036},"id":"invoked"}}
{"recorder_version":"21","session":"96e812ae8b33","build":"192.6262.58","bucket":"189","time":1574777796273,"group":{"id":"toolwindow","version":"21"},"event":{"count":1,"data":{"os":"Mac","created":1574777796273,"plugin_type":"PLATFORM"},"id":"Project"}}
{"recorder_version":"21","session":"96e812ae8b33","build":"192.6262.58","bucket":"189","time":1574777798422,"group":{"id":"kotlin.jps.target","version":"1"},"event":{"count":1,"data":{"plugin_version":"1.3.41-release-IJ2019.2-1","created":1574777798422},"id":"jvm"}}
{"recorder_version":"21","session":"96e812ae8b33","build":"192.6262.58","bucket":"189","time":1574777798452,"group":{"id":"project.fs","version":"1"},"event":{"state":true,"data":{"os":"Mac","cs-project":false,"created":1574777798452,"project":"92ddc83aceaa9edad1485397ccc1680a8fd16623aa2c155379eac4aafdb2a559","cs-implicit":true,"cs-system":false},"id":"case-sensitivity"}}
{"recorder_version":"21","session":"96e812ae8b33","build":"192.6262.58","bucket":"189","time":1574777798452,"group":{"id":"project.fs","version":"1"},"event":{"state":true,"data":{"created":1574777798453},"id":"invoked"}}
{"recorder_version":"21","session":"96e812ae8b33","build":"192.6262.58","bucket":"189","time":1574777798453,"group":{"id":"project.fs","version":"1"},"event":{"state":true,"data":{"pct-non-watched":0,"created":1574777798454,"project":"92ddc83aceaa9edad1485397ccc1680a8fd16623aa2c155379eac4aafdb2a559"},"id":"roots-watched"}}
{"recorder_version":"21","session":"96e812ae8b33","build":"192.6262.58","bucket":"189","time":1574777798453,"group":{"id":"project.fs","version":"1"},"event":{"state":true,"data":{"created":1574777798454},"id":"invoked"}}
{"recorder_version":"21","session":"96e812ae8b33","build":"192.6262.58","bucket":"189","time":1574777798558,"group":{"id":"ui.dialogs","version":"21"},"event":{"count":1,"data":{"code":1,"created":1574777798559,"plugin_type":"PLATFORM","type":"close"},"id":"com.intellij.openapi.progress.util.ProgressDialog$MyDialogWrapper"}}
{"recorder_version":"21","session":"96e812ae8b33","build":"192.6262.58","bucket":"189","time":1574777798694,"group":{"id":"lifecycle","version":"21"},"event":{"count":1,"data":{"duration_ms":5590,"created":1574777798694,"project":"92ddc83aceaa9edad1485397ccc1680a8fd16623aa2c155379eac4aafdb2a559"},"id":"project.opening.finished"}}
{"recorder_version":"21","session":"96e812ae8b33","build":"192.6262.58","bucket":"189","time":1574777801212,"group":{"id":"file.types.usage","version":"21"},"event":{"count":1,"data":{"created":1574777801213,"plugin_type":"PLATFORM","project":"92ddc83aceaa9edad1485397ccc1680a8fd16623aa2c155379eac4aafdb2a559","type":"edit"},"id":"IDEA_MODULE"}}
{"recorder_version":"21","session":"96e812ae8b33","build":"192.6262.58","bucket":"189","time":1574777803102,"group":{"id":"actions","version":"21"},"event":{"count":2,"data":{"context_menu":false,"last":1574777804865,"current_file":"TEXT","created":1574777803102,"plugin_type":"PLATFORM","project":"92ddc83aceaa9edad1485397ccc1680a8fd16623aa2c155379eac4aafdb2a559","place":"keyboard_shortcut","class":"com.intellij.openapi.editor.actions.BackspaceAction","input_event":"Backspace"},"id":"EditorBackSpace"}}
{"recorder_version":"21","session":"96e812ae8b33","build":"192.6262.58","bucket":"189","time":1574777830668,"group":{"id":"actions","version":"21"},"event":{"count":3,"data":{"context_menu":false,"last":1574777831663,"current_file":"TEXT","created":1574777830669,"plugin_type":"PLATFORM","project":"92ddc83aceaa9edad1485397ccc1680a8fd16623aa2c155379eac4aafdb2a559","place":"keyboard_shortcut","class":"com.intellij.openapi.editor.actions.EnterAction","input_event":"Enter"},"id":"EditorEnter"}}
{"recorder_version":"21","session":"96e812ae8b33","build":"192.6262.58","bucket":"189","time":1574777832302,"group":{"id":"actions","version":"21"},"event":{"count":5,"data":{"context_menu":false,"last":1574777843063,"current_file":"TEXT","created":1574777832302,"plugin_type":"PLATFORM","project":"92ddc83aceaa9edad1485397ccc1680a8fd16623aa2c155379eac4aafdb2a559","place":"keyboard_shortcut","class":"com.intellij.openapi.editor.actions.BackspaceAction","input_event":"Backspace"},"id":"EditorBackSpace"}}
{"recorder_version":"21","session":"96e812ae8b33","build":"192.6262.58","bucket":"189","time":1574777844104,"group":{"id":"actions","version":"21"},"event":{"count":2,"data":{"context_menu":false,"last":1574777844799,"current_file":"TEXT","created":1574777844104,"plugin_type":"PLATFORM","project":"92ddc83aceaa9edad1485397ccc1680a8fd16623aa2c155379eac4aafdb2a559","place":"keyboard_shortcut","class":"com.intellij.openapi.editor.actions.EnterAction","input_event":"Enter"},"id":"EditorEnter"}}
{"recorder_version":"21","session":"96e812ae8b33","build":"192.6262.58","bucket":"189","time":1574777846679,"group":{"id":"lifecycle","version":"21"},"event":{"count":1,"data":{"created":1574777846679,"project":"92ddc83aceaa9edad1485397ccc1680a8fd16623aa2c155379eac4aafdb2a559"},"id":"frame.deactivated"}}
{"recorder_version":"21","session":"96e812ae8b33","build":"192.6262.58","bucket":"189","time":1574777893290,"group":{"id":"performance","version":"21"},"event":{"count":1,"data":{"duration_ms":0,"created":1574777893291},"id":"ui.latency"}}
{"recorder_version":"21","session":"96e812ae8b33","build":"192.6262.58","bucket":"189","time":1574777972926,"group":{"id":"event.log","version":"21"},"event":{"count":1,"data":{"created":1574777972927,"version":"925.0"},"id":"whitelist.updated"}}
{"recorder_version":"21","session":"96e812ae8b33","build":"192.6262.58","bucket":"189","time":1574777993557,"group":{"id":"performance","version":"21"},"event":{"count":1,"data":{"duration_ms":1,"created":1574777993557},"id":"ui.latency"}}
{"recorder_version":"21","session":"96e812ae8b33","build":"192.6262.58","bucket":"189","time":1574778092596,"group":{"id":"build.tools.actions","version":"1"},"event":{"count":1,"data":{"created":1574778092596},"id":"registered"}}
{"recorder_version":"21","session":"96e812ae8b33","build":"192.6262.58","bucket":"189","time":1574778092596,"group":{"id":"file.types.usage","version":"21"},"event":{"count":1,"data":{"created":1574778092597},"id":"registered"}}
{"recorder_version":"21","session":"96e812ae8b33","build":"192.6262.58","bucket":"189","time":1574778092596,"group":{"id":"ide.script.engine","version":"1"},"event":{"count":1,"data":{"created":1574778092597},"id":"registered"}}
{"recorder_version":"21","session":"96e812ae8b33","build":"192.6262.58","bucket":"189","time":1574778092596,"group":{"id":"actions.runAnything","version":"1"},"event":{"count":1,"data":{"created":1574778092597},"id":"registered"}}
{"recorder_version":"21","session":"96e812ae8b33","build":"192.6262.58","bucket":"189","time":1574778092596,"group":{"id":"toolwindow","version":"21"},"event":{"count":1,"data":{"created":1574778092597},"id":"registered"}}
{"recorder_version":"21","session":"96e812ae8b33","build":"192.6262.58","bucket":"189","time":1574778092596,"group":{"id":"kotlin.ide.newFileTempl","version":"1"},"event":{"count":1,"data":{"created":1574778092597},"id":"registered"}}
{"recorder_version":"21","session":"96e812ae8b33","build":"192.6262.58","bucket":"189","time":1574778092596,"group":{"id":"live.templates","version":"21"},"event":{"count":1,"data":{"created":1574778092597},"id":"registered"}}
{"recorder_version":"21","session":"96e812ae8b33","build":"192.6262.58","bucket":"189","time":1574778092596,"group":{"id":"ide.self.update","version":"2"},"event":{"count":1,"data":{"created":1574778092598},"id":"registered"}}
{"recorder_version":"21","session":"96e812ae8b33","build":"192.6262.58","bucket":"189","time":1574778092596,"group":{"id":"ui.settings","version":"21"},"event":{"count":1,"data":{"created":1574778092598},"id":"registered"}}
{"recorder_version":"21","session":"96e812ae8b33","build":"192.6262.58","bucket":"189","time":1574778092596,"group":{"id":"lifecycle","version":"21"},"event":{"count":1,"data":{"created":1574778092598},"id":"registered"}}
{"recorder_version":"21","session":"96e812ae8b33","build":"192.6262.58","bucket":"189","time":1574778092596,"group":{"id":"vcs.diff.trigger","version":"1"},"event":{"count":1,"data":{"created":1574778092598},"id":"registered"}}
{"recorder_version":"21","session":"96e812ae8b33","build":"192.6262.58","bucket":"189","time":1574778092596,"group":{"id":"vcs.log.trigger","version":"2"},"event":{"count":1,"data":{"created":1574778092598},"id":"registered"}}
{"recorder_version":"21","session":"96e812ae8b33","build":"192.6262.58","bucket":"189","time":1574778092596,"group":{"id":"productivity","version":"21"},"event":{"count":1,"data":{"created":1574778092599},"id":"registered"}}
{"recorder_version":"21","session":"96e812ae8b33","build":"192.6262.58","bucket":"189","time":1574778092596,"group":{"id":"debugger.breakpoints.usage","version":"2"},"event":{"count":1,"data":{"created":1574778092599},"id":"registered"}}
{"recorder_version":"21","session":"96e812ae8b33","build":"192.6262.58","bucket":"189","time":1574778092596,"group":{"id":"kotlin.gradle.library","version":"1"},"event":{"count":1,"data":{"created":1574778092599},"id":"registered"}}
{"recorder_version":"21","session":"96e812ae8b33","build":"192.6262.58","bucket":"189","time":1574778092596,"group":{"id":"find","version":"1"},"event":{"count":1,"data":{"created":1574778092600},"id":"registered"}}
{"recorder_version":"21","session":"96e812ae8b33","build":"192.6262.58","bucket":"189","time":1574778092596,"group":{"id":"kotlin.gradle.target","version":"1"},"event":{"count":1,"data":{"created":1574778092600},"id":"registered"}}
{"recorder_version":"21","session":"96e812ae8b33","build":"192.6262.58","bucket":"189","time":1574778092596,"group":{"id":"gutter.icon.click","version":"1"},"event":{"count":1,"data":{"created":1574778092600},"id":"registered"}}
{"recorder_version":"21","session":"96e812ae8b33","build":"192.6262.58","bucket":"189","time":1574778092596,"group":{"id":"shell.script","version":"1"},"event":{"count":1,"data":{"created":1574778092600},"id":"registered"}}
{"recorder_version":"21","session":"96e812ae8b33","build":"192.6262.58","bucket":"189","time":1574778092596,"group":{"id":"kotlin.ide.debugger.eval","version":"1"},"event":{"count":1,"data":{"created":1574778092600},"id":"registered"}}
{"recorder_version":"21","session":"96e812ae8b33","build":"192.6262.58","bucket":"189","time":1574778092596,"group":{"id":"build.maven.actions","version":"1"},"event":{"count":1,"data":{"created":1574778092600},"id":"registered"}}
{"recorder_version":"21","session":"96e812ae8b33","build":"192.6262.58","bucket":"189","time":1574778092596,"group":{"id":"ui.event","version":"1"},"event":{"count":1,"data":{"created":1574778092601},"id":"registered"}}
{"recorder_version":"21","session":"96e812ae8b33","build":"192.6262.58","bucket":"189","time":1574778092596,"group":{"id":"new.project.wizard","version":"1"},"event":{"count":1,"data":{"created":1574778092601},"id":"registered"}}
{"recorder_version":"21","session":"96e812ae8b33","build":"192.6262.58","bucket":"189","time":1574778092596,"group":{"id":"kotlin.ide.npwizards","version":"1"},"event":{"count":1,"data":{"created":1574778092601},"id":"registered"}}
{"recorder_version":"21","session":"96e812ae8b33","build":"192.6262.58","bucket":"189","time":1574778092596,"group":{"id":"intentions","version":"21"},"event":{"count":1,"data":{"created":1574778092601},"id":"registered"}}
{"recorder_version":"21","session":"96e812ae8b33","build":"192.6262.58","bucket":"189","time":1574778092596,"group":{"id":"ui.dialogs","version":"21"},"event":{"count":1,"data":{"created":1574778092601},"id":"registered"}}
{"recorder_version":"21","session":"96e812ae8b33","build":"192.6262.58","bucket":"189","time":1574778092596,"group":{"id":"vcs.back.forward.trigger","version":"1"},"event":{"count":1,"data":{"created":1574778092601},"id":"registered"}}
{"recorder_version":"21","session":"96e812ae8b33","build":"192.6262.58","bucket":"189","time":1574778092596,"group":{"id":"vcs.change.reminder","version":"1"},"event":{"count":1,"data":{"created":1574778092601},"id":"registered"}}
{"recorder_version":"21","session":"96e812ae8b33","build":"192.6262.58","bucket":"189","time":1574778092596,"group":{"id":"toolbar","version":"21"},"event":{"count":1,"data":{"created":1574778092602},"id":"registered"}}
{"recorder_version":"21","session":"96e812ae8b33","build":"192.6262.58","bucket":"189","time":1574778092596,"group":{"id":"build.gradle.actions","version":"1"},"event":{"count":1,"data":{"created":1574778092602},"id":"registered"}}
{"recorder_version":"21","session":"96e812ae8b33","build":"192.6262.58","bucket":"189","time":1574778092596,"group":{"id":"kotlin.maven.target","version":"1"},"event":{"count":1,"data":{"created":1574778092602},"id":"registered"}}
{"recorder_version":"21","session":"96e812ae8b33","build":"192.6262.58","bucket":"189","time":1574778092596,"group":{"id":"performance","version":"21"},"event":{"count":1,"data":{"created":1574778092602},"id":"registered"}}
{"recorder_version":"21","session":"96e812ae8b33","build":"192.6262.58","bucket":"189","time":1574778092596,"group":{"id":"searchEverywhere","version":"1"},"event":{"count":1,"data":{"created":1574778092602},"id":"registered"}}
{"recorder_version":"21","session":"96e812ae8b33","build":"192.6262.58","bucket":"189","time":1574778092596,"group":{"id":"kotlin.ide.action.refactoring","version":"1"},"event":{"count":1,"data":{"created":1574778092602},"id":"registered"}}
{"recorder_version":"21","session":"96e812ae8b33","build":"192.6262.58","bucket":"189","time":1574778092596,"group":{"id":"ui.tips","version":"2"},"event":{"count":1,"data":{"created":1574778092602},"id":"registered"}}
{"recorder_version":"21","session":"96e812ae8b33","build":"192.6262.58","bucket":"189","time":1574778092596,"group":{"id":"surround.with","version":"1"},"event":{"count":1,"data":{"created":1574778092602},"id":"registered"}}
{"recorder_version":"21","session":"96e812ae8b33","build":"192.6262.58","bucket":"189","time":1574778092596,"group":{"id":"import.old.config","version":"1"},"event":{"count":1,"data":{"created":1574778092603},"id":"registered"}}
{"recorder_version":"21","session":"96e812ae8b33","build":"192.6262.58","bucket":"189","time":1574778092596,"group":{"id":"json.schema","version":"1"},"event":{"count":1,"data":{"created":1574778092603},"id":"registered"}}
{"recorder_version":"21","session":"96e812ae8b33","build":"192.6262.58","bucket":"189","time":1574778092596,"group":{"id":"kotlin.jps.target","version":"1"},"event":{"count":1,"data":{"created":1574778092603},"id":"registered"}}
{"recorder_version":"21","session":"96e812ae8b33","build":"192.6262.58","bucket":"189","time":1574778092596,"group":{"id":"terminalShell","version":"1"},"event":{"count":1,"data":{"created":1574778092603},"id":"registered"}}
{"recorder_version":"21","session":"96e812ae8b33","build":"192.6262.58","bucket":"189","time":1574778092596,"group":{"id":"completion.postfix","version":"21"},"event":{"count":1,"data":{"created":1574778092603},"id":"registered"}}
{"recorder_version":"21","session":"96e812ae8b33","build":"192.6262.58","bucket":"189","time":1574778092596,"group":{"id":"build.ant.actions","version":"1"},"event":{"count":1,"data":{"created":1574778092603},"id":"registered"}}
{"recorder_version":"21","session":"96e812ae8b33","build":"192.6262.58","bucket":"189","time":1574778092596,"group":{"id":"actions","version":"21"},"event":{"count":1,"data":{"created":1574778092603},"id":"registered"}}
{"recorder_version":"21","session":"96e812ae8b33","build":"192.6262.58","bucket":"189","time":1574778092596,"group":{"id":"event.log","version":"21"},"event":{"count":1,"data":{"created":1574778092603},"id":"registered"}}
{"recorder_version":"21","session":"96e812ae8b33","build":"192.6262.58","bucket":"189","time":1574778092596,"group":{"id":"run.configuration.exec","version":"21"},"event":{"count":1,"data":{"created":1574778092604},"id":"registered"}}
{"recorder_version":"21","session":"96e812ae8b33","build":"192.6262.58","bucket":"189","time":1574778092596,"group":{"id":"build.maven.packagesearch","version":"2"},"event":{"count":1,"data":{"created":1574778092604},"id":"registered"}}
{"recorder_version":"21","session":"96e812ae8b33","build":"192.6262.58","bucket":"189","time":1574778093852,"group":{"id":"performance","version":"21"},"event":{"count":1,"data":{"duration_ms":0,"created":1574778093852},"id":"ui.latency"}}
{"recorder_version":"21","session":"96e812ae8b33","build":"192.6262.58","bucket":"189","time":1574778194172,"group":{"id":"performance","version":"21"},"event":{"count":1,"data":{"duration_ms":1,"created":1574778194172},"id":"ui.latency"}}
{"recorder_version":"21","session":"96e812ae8b33","build":"192.6262.58","bucket":"189","time":1574778294484,"group":{"id":"performance","version":"21"},"event":{"count":1,"data":{"duration_ms":0,"created":1574778294484},"id":"ui.latency"}}
{"recorder_version":"21","session":"96e812ae8b33","build":"192.6262.58","bucket":"189","time":1574778394809,"group":{"id":"performance","version":"21"},"event":{"count":1,"data":{"duration_ms":1,"created":1574778394809},"id":"ui.latency"}}
{"recorder_version":"21","session":"96e812ae8b33","build":"192.6262.58","bucket":"189","time":1574778440945,"group":{"id":"lifecycle","version":"21"},"event":{"count":1,"data":{"created":1574778440945,"project":"92ddc83aceaa9edad1485397ccc1680a8fd16623aa2c155379eac4aafdb2a559"},"id":"frame.activated"}}
{"recorder_version":"21","session":"96e812ae8b33","build":"192.6262.58","bucket":"189","time":1574778441731,"group":{"id":"lifecycle","version":"21"},"event":{"count":1,"data":{"restart":false,"created":1574778441731},"id":"ide.close"}}
{"recorder_version":"21","session":"96e812ae8b33","build":"192.6262.58","bucket":"189","time":1574778441836,"group":{"id":"lifecycle","version":"21"},"event":{"count":1,"data":{"created":1574778441836,"project":"92ddc83aceaa9edad1485397ccc1680a8fd16623aa2c155379eac4aafdb2a559"},"id":"project.closed"}}
