{"recorder_version":"21","session":"e39b08a51503","build":"192.6262.58","bucket":"189","time":1574629900122,"group":{"id":"settings","version":"4"},"event":{"state":true,"data":{"component":"NotRoamableUiSettings","created":1574629900313},"id":"invoked"}}
{"recorder_version":"21","session":"e39b08a51503","build":"192.6262.58","bucket":"189","time":1574629900125,"group":{"id":"system.java","version":"1"},"event":{"state":true,"data":{"created":1574629900316,"version":"1.11"},"id":"JetBrains"}}
{"recorder_version":"21","session":"e39b08a51503","build":"192.6262.58","bucket":"189","time":1574629900126,"group":{"id":"system.java","version":"1"},"event":{"state":true,"data":{"created":1574629900328},"id":"invoked"}}
{"recorder_version":"21","session":"e39b08a51503","build":"192.6262.58","bucket":"189","time":1574629900126,"group":{"id":"settings","version":"4"},"event":{"state":true,"data":{"component":"UISettings","created":1574629900329},"id":"invoked"}}
{"recorder_version":"21","session":"e39b08a51503","build":"192.6262.58","bucket":"189","time":1574629900149,"group":{"id":"system.os","version":"3"},"event":{"state":true,"data":{"created":1574629900330,"version":"10.14"},"id":"Mac"}}
{"recorder_version":"21","session":"e39b08a51503","build":"192.6262.58","bucket":"189","time":1574629900150,"group":{"id":"system.os","version":"3"},"event":{"state":true,"data":{"created":1574629900331,"name":"Mac","version":"10.14"},"id":"os.name"}}
{"recorder_version":"21","session":"e39b08a51503","build":"192.6262.58","bucket":"189","time":1574629900150,"group":{"id":"system.os","version":"3"},"event":{"state":true,"data":{"created":1574629900332,"value":"+09_00"},"id":"os.timezone"}}
{"recorder_version":"21","session":"e39b08a51503","build":"192.6262.58","bucket":"189","time":1574629900150,"group":{"id":"system.os","version":"3"},"event":{"state":true,"data":{"created":1574629900333},"id":"invoked"}}
{"recorder_version":"21","session":"e39b08a51503","build":"192.6262.58","bucket":"189","time":1574629900313,"group":{"id":"event.log","version":"21"},"event":{"count":1,"data":{"created":1574629900334,"version":"919.0"},"id":"whitelist.loaded"}}
{"recorder_version":"21","session":"e39b08a51503","build":"192.6262.58","bucket":"189","time":1574629902781,"group":{"id":"settings","version":"4"},"event":{"state":true,"data":{"component":"UpdatesConfigurable","created":1574629902781,"name":"checkNeeded","type":"bool","value":false},"id":"not.default"}}
{"recorder_version":"21","session":"e39b08a51503","build":"192.6262.58","bucket":"189","time":1574629902781,"group":{"id":"settings","version":"4"},"event":{"state":true,"data":{"component":"UpdatesConfigurable","created":1574629902782},"id":"invoked"}}
{"recorder_version":"21","session":"e39b08a51503","build":"192.6262.58","bucket":"189","time":1574629902897,"group":{"id":"settings","version":"4"},"event":{"state":true,"data":{"component":"GeneralSettings","created":1574629902916,"name":"confirmExit","type":"bool","value":false},"id":"not.default"}}
{"recorder_version":"21","session":"e39b08a51503","build":"192.6262.58","bucket":"189","time":1574629902897,"group":{"id":"settings","version":"4"},"event":{"state":true,"data":{"component":"GeneralSettings","created":1574629902924,"name":"showTipsOnStartup","type":"bool","value":false},"id":"not.default"}}
{"recorder_version":"21","session":"e39b08a51503","build":"192.6262.58","bucket":"189","time":1574629902897,"group":{"id":"settings","version":"4"},"event":{"state":true,"data":{"component":"GeneralSettings","created":1574629902928},"id":"invoked"}}
{"recorder_version":"21","session":"e39b08a51503","build":"192.6262.58","bucket":"189","time":1574629902936,"group":{"id":"lifecycle","version":"21"},"event":{"count":1,"data":{"internal":true,"eap":false,"created":1574629902936},"id":"ide.start"}}
{"recorder_version":"21","session":"e39b08a51503","build":"192.6262.58","bucket":"189","time":1574629903227,"group":{"id":"lifecycle","version":"21"},"event":{"count":1,"data":{"created":1574629903227},"id":"frame.activated"}}
{"recorder_version":"21","session":"e39b08a51503","build":"192.6262.58","bucket":"189","time":1574629903471,"group":{"id":"performance","version":"21"},"event":{"count":1,"data":{"duration_ms":0,"created":1574629903471},"id":"ui.latency"}}
{"recorder_version":"21","session":"e39b08a51503","build":"192.6262.58","bucket":"189","time":1574629903701,"group":{"id":"ui.dialogs","version":"21"},"event":{"count":1,"data":{"created":1574629903701,"plugin_type":"PLATFORM","type":"show"},"id":"com.intellij.openapi.progress.util.ProgressDialog$MyDialogWrapper"}}
{"recorder_version":"21","session":"e39b08a51503","build":"192.6262.58","bucket":"189","time":1574629904754,"group":{"id":"lifecycle","version":"21"},"event":{"count":1,"data":{"created":1574629904754,"project":"92ddc83aceaa9edad1485397ccc1680a8fd16623aa2c155379eac4aafdb2a559"},"id":"project.opened"}}
{"recorder_version":"21","session":"e39b08a51503","build":"192.6262.58","bucket":"189","time":1574629906330,"group":{"id":"settings","version":"4"},"event":{"state":true,"data":{"component":"XmlEditorOptions","created":1574629906330},"id":"invoked"}}
{"recorder_version":"21","session":"e39b08a51503","build":"192.6262.58","bucket":"189","time":1574629906521,"group":{"id":"toolwindow","version":"21"},"event":{"count":1,"data":{"os":"Mac","created":1574629906521,"plugin_type":"PLATFORM"},"id":"Project"}}
{"recorder_version":"21","session":"e39b08a51503","build":"192.6262.58","bucket":"189","time":1574629908659,"group":{"id":"project.fs","version":"1"},"event":{"state":true,"data":{"os":"Mac","cs-project":false,"created":1574629908659,"project":"92ddc83aceaa9edad1485397ccc1680a8fd16623aa2c155379eac4aafdb2a559","cs-implicit":true,"cs-system":false},"id":"case-sensitivity"}}
{"recorder_version":"21","session":"e39b08a51503","build":"192.6262.58","bucket":"189","time":1574629908659,"group":{"id":"project.fs","version":"1"},"event":{"state":true,"data":{"created":1574629908659},"id":"invoked"}}
{"recorder_version":"21","session":"e39b08a51503","build":"192.6262.58","bucket":"189","time":1574629908660,"group":{"id":"project.fs","version":"1"},"event":{"state":true,"data":{"pct-non-watched":0,"created":1574629908660,"project":"92ddc83aceaa9edad1485397ccc1680a8fd16623aa2c155379eac4aafdb2a559"},"id":"roots-watched"}}
{"recorder_version":"21","session":"e39b08a51503","build":"192.6262.58","bucket":"189","time":1574629908660,"group":{"id":"project.fs","version":"1"},"event":{"state":true,"data":{"created":1574629908660},"id":"invoked"}}
{"recorder_version":"21","session":"e39b08a51503","build":"192.6262.58","bucket":"189","time":1574629908682,"group":{"id":"ui.dialogs","version":"21"},"event":{"count":1,"data":{"code":1,"created":1574629908684,"plugin_type":"PLATFORM","type":"close"},"id":"com.intellij.openapi.progress.util.ProgressDialog$MyDialogWrapper"}}
{"recorder_version":"21","session":"e39b08a51503","build":"192.6262.58","bucket":"189","time":1574629908858,"group":{"id":"lifecycle","version":"21"},"event":{"count":1,"data":{"duration_ms":5429,"created":1574629908859,"project":"92ddc83aceaa9edad1485397ccc1680a8fd16623aa2c155379eac4aafdb2a559"},"id":"project.opening.finished"}}
{"recorder_version":"21","session":"e39b08a51503","build":"192.6262.58","bucket":"189","time":1574629909336,"group":{"id":"productivity","version":"21"},"event":{"count":1,"data":{"created":1574629909336,"plugin_type":"PLATFORM"},"id":"ui.tree.speedsearch"}}
{"recorder_version":"21","session":"e39b08a51503","build":"192.6262.58","bucket":"189","time":1574629910601,"group":{"id":"kotlin.jps.target","version":"1"},"event":{"count":1,"data":{"plugin_version":"1.3.41-release-IJ2019.2-1","created":1574629910601},"id":"jvm"}}
{"recorder_version":"21","session":"e39b08a51503","build":"192.6262.58","bucket":"189","time":1574629911766,"group":{"id":"file.types.usage","version":"21"},"event":{"count":1,"data":{"created":1574629911766,"plugin_type":"PLATFORM","project":"92ddc83aceaa9edad1485397ccc1680a8fd16623aa2c155379eac4aafdb2a559","type":"edit"},"id":"IDEA_MODULE"}}
{"recorder_version":"21","session":"e39b08a51503","build":"192.6262.58","bucket":"189","time":1574629935646,"group":{"id":"lifecycle","version":"21"},"event":{"count":1,"data":{"created":1574629935646,"project":"92ddc83aceaa9edad1485397ccc1680a8fd16623aa2c155379eac4aafdb2a559"},"id":"frame.deactivated"}}
{"recorder_version":"21","session":"e39b08a51503","build":"192.6262.58","bucket":"189","time":1574630001317,"group":{"id":"lifecycle","version":"21"},"event":{"count":1,"data":{"created":1574630001318,"project":"92ddc83aceaa9edad1485397ccc1680a8fd16623aa2c155379eac4aafdb2a559"},"id":"project.closed"}}
{"recorder_version":"21","session":"e39b08a51503","build":"192.6262.58","bucket":"189","time":1574630002838,"group":{"id":"lifecycle","version":"21"},"event":{"count":1,"data":{"restart":false,"created":1574630002838},"id":"ide.close"}}
