{"recorder_version":"21","session":"170aceb1dfa4","build":"192.6262.58","bucket":"189","time":1574435892676,"group":{"id":"settings","version":"4"},"event":{"state":true,"data":{"component":"NotRoamableUiSettings","created":1574435892858},"id":"invoked"}}
{"recorder_version":"21","session":"170aceb1dfa4","build":"192.6262.58","bucket":"189","time":1574435892678,"group":{"id":"settings","version":"4"},"event":{"state":true,"data":{"component":"UISettings","created":1574435892860},"id":"invoked"}}
{"recorder_version":"21","session":"170aceb1dfa4","build":"192.6262.58","bucket":"189","time":1574435892678,"group":{"id":"system.java","version":"1"},"event":{"state":true,"data":{"created":1574435892869,"version":"1.11"},"id":"JetBrains"}}
{"recorder_version":"21","session":"170aceb1dfa4","build":"192.6262.58","bucket":"189","time":1574435892678,"group":{"id":"system.java","version":"1"},"event":{"state":true,"data":{"created":1574435892870},"id":"invoked"}}
{"recorder_version":"21","session":"170aceb1dfa4","build":"192.6262.58","bucket":"189","time":1574435892698,"group":{"id":"system.os","version":"3"},"event":{"state":true,"data":{"created":1574435892870,"version":"10.14"},"id":"Mac"}}
{"recorder_version":"21","session":"170aceb1dfa4","build":"192.6262.58","bucket":"189","time":1574435892698,"group":{"id":"system.os","version":"3"},"event":{"state":true,"data":{"created":1574435892871,"name":"Mac","version":"10.14"},"id":"os.name"}}
{"recorder_version":"21","session":"170aceb1dfa4","build":"192.6262.58","bucket":"189","time":1574435892698,"group":{"id":"system.os","version":"3"},"event":{"state":true,"data":{"created":1574435892872,"value":"+09_00"},"id":"os.timezone"}}
{"recorder_version":"21","session":"170aceb1dfa4","build":"192.6262.58","bucket":"189","time":1574435892698,"group":{"id":"system.os","version":"3"},"event":{"state":true,"data":{"created":1574435892873},"id":"invoked"}}
{"recorder_version":"21","session":"170aceb1dfa4","build":"192.6262.58","bucket":"189","time":1574435892858,"group":{"id":"event.log","version":"21"},"event":{"count":1,"data":{"created":1574435892874,"version":"916.0"},"id":"whitelist.loaded"}}
{"recorder_version":"21","session":"170aceb1dfa4","build":"192.6262.58","bucket":"189","time":1574435895146,"group":{"id":"settings","version":"4"},"event":{"state":true,"data":{"component":"UpdatesConfigurable","created":1574435895146,"name":"checkNeeded","type":"bool","value":false},"id":"not.default"}}
{"recorder_version":"21","session":"170aceb1dfa4","build":"192.6262.58","bucket":"189","time":1574435895146,"group":{"id":"settings","version":"4"},"event":{"state":true,"data":{"component":"UpdatesConfigurable","created":1574435895147},"id":"invoked"}}
{"recorder_version":"21","session":"170aceb1dfa4","build":"192.6262.58","bucket":"189","time":1574435895651,"group":{"id":"lifecycle","version":"21"},"event":{"count":1,"data":{"internal":true,"eap":false,"created":1574435895651},"id":"ide.start"}}
{"recorder_version":"21","session":"170aceb1dfa4","build":"192.6262.58","bucket":"189","time":1574435895659,"group":{"id":"settings","version":"4"},"event":{"state":true,"data":{"component":"GeneralSettings","created":1574435895659,"name":"confirmExit","type":"bool","value":false},"id":"not.default"}}
{"recorder_version":"21","session":"170aceb1dfa4","build":"192.6262.58","bucket":"189","time":1574435895659,"group":{"id":"settings","version":"4"},"event":{"state":true,"data":{"component":"GeneralSettings","created":1574435895661,"name":"showTipsOnStartup","type":"bool","value":false},"id":"not.default"}}
{"recorder_version":"21","session":"170aceb1dfa4","build":"192.6262.58","bucket":"189","time":1574435895659,"group":{"id":"settings","version":"4"},"event":{"state":true,"data":{"component":"GeneralSettings","created":1574435895662},"id":"invoked"}}
{"recorder_version":"21","session":"170aceb1dfa4","build":"192.6262.58","bucket":"189","time":1574435895850,"group":{"id":"performance","version":"21"},"event":{"count":1,"data":{"duration_ms":16,"created":1574435895850},"id":"ui.latency"}}
{"recorder_version":"21","session":"170aceb1dfa4","build":"192.6262.58","bucket":"189","time":1574435896330,"group":{"id":"settings","version":"4"},"event":{"state":true,"data":{"component":"XmlEditorOptions","created":1574435896330},"id":"invoked"}}
{"recorder_version":"21","session":"170aceb1dfa4","build":"192.6262.58","bucket":"189","time":1574435897525,"group":{"id":"ui.dialogs","version":"21"},"event":{"count":1,"data":{"created":1574435897526,"plugin_type":"PLATFORM","type":"show"},"id":"com.intellij.openapi.progress.util.ProgressDialog$MyDialogWrapper"}}
{"recorder_version":"21","session":"170aceb1dfa4","build":"192.6262.58","bucket":"189","time":1574435898294,"group":{"id":"lifecycle","version":"21"},"event":{"count":1,"data":{"created":1574435898295,"project":"a0f12fb42952fc36a102045bdbb22ad1f15aa9443e9c675024683f4da70c8bc4"},"id":"project.opened"}}
{"recorder_version":"21","session":"170aceb1dfa4","build":"192.6262.58","bucket":"189","time":1574435900016,"group":{"id":"toolwindow","version":"21"},"event":{"count":1,"data":{"os":"Mac","created":1574435900016,"plugin_type":"PLATFORM"},"id":"Project"}}
{"recorder_version":"21","session":"170aceb1dfa4","build":"192.6262.58","bucket":"189","time":1574435901857,"group":{"id":"project.fs","version":"1"},"event":{"state":true,"data":{"os":"Mac","cs-project":false,"created":1574435901857,"project":"a0f12fb42952fc36a102045bdbb22ad1f15aa9443e9c675024683f4da70c8bc4","cs-implicit":true,"cs-system":false},"id":"case-sensitivity"}}
{"recorder_version":"21","session":"170aceb1dfa4","build":"192.6262.58","bucket":"189","time":1574435901857,"group":{"id":"project.fs","version":"1"},"event":{"state":true,"data":{"created":1574435901858},"id":"invoked"}}
{"recorder_version":"21","session":"170aceb1dfa4","build":"192.6262.58","bucket":"189","time":1574435901860,"group":{"id":"project.fs","version":"1"},"event":{"state":true,"data":{"pct-non-watched":0,"created":1574435901860,"project":"a0f12fb42952fc36a102045bdbb22ad1f15aa9443e9c675024683f4da70c8bc4"},"id":"roots-watched"}}
{"recorder_version":"21","session":"170aceb1dfa4","build":"192.6262.58","bucket":"189","time":1574435901860,"group":{"id":"project.fs","version":"1"},"event":{"state":true,"data":{"created":1574435901861},"id":"invoked"}}
{"recorder_version":"21","session":"170aceb1dfa4","build":"192.6262.58","bucket":"189","time":1574435901895,"group":{"id":"ui.dialogs","version":"21"},"event":{"count":1,"data":{"code":1,"created":1574435901895,"plugin_type":"PLATFORM","type":"close"},"id":"com.intellij.openapi.progress.util.ProgressDialog$MyDialogWrapper"}}
{"recorder_version":"21","session":"170aceb1dfa4","build":"192.6262.58","bucket":"189","time":1574435902085,"group":{"id":"lifecycle","version":"21"},"event":{"count":1,"data":{"duration_ms":4841,"created":1574435902085,"project":"a0f12fb42952fc36a102045bdbb22ad1f15aa9443e9c675024683f4da70c8bc4"},"id":"project.opening.finished"}}
{"recorder_version":"21","session":"170aceb1dfa4","build":"192.6262.58","bucket":"189","time":1574435902620,"group":{"id":"kotlin.jps.target","version":"1"},"event":{"count":1,"data":{"plugin_version":"1.3.41-release-IJ2019.2-1","created":1574435902620},"id":"jvm"}}
{"recorder_version":"21","session":"170aceb1dfa4","build":"192.6262.58","bucket":"189","time":1574435903339,"group":{"id":"file.types.usage","version":"21"},"event":{"count":1,"data":{"plugin":"com.intellij.java","created":1574435903339,"plugin_type":"JB_BUNDLED","project":"a0f12fb42952fc36a102045bdbb22ad1f15aa9443e9c675024683f4da70c8bc4","type":"edit"},"id":"JAVA"}}
{"recorder_version":"21","session":"170aceb1dfa4","build":"192.6262.58","bucket":"189","time":1574435903863,"group":{"id":"actions","version":"21"},"event":{"count":8,"data":{"context_menu":false,"last":1574435905134,"created":1574435903863,"plugin_type":"PLATFORM","project":"a0f12fb42952fc36a102045bdbb22ad1f15aa9443e9c675024683f4da70c8bc4","place":"keyboard_shortcut","class":"com.intellij.openapi.editor.actions.BackspaceAction","input_event":"Backspace"},"id":"EditorBackSpace"}}
{"recorder_version":"21","session":"170aceb1dfa4","build":"192.6262.58","bucket":"189","time":1574435908427,"group":{"id":"lifecycle","version":"21"},"event":{"count":1,"data":{"created":1574435908428,"project":"a0f12fb42952fc36a102045bdbb22ad1f15aa9443e9c675024683f4da70c8bc4"},"id":"frame.deactivated"}}
{"recorder_version":"21","session":"170aceb1dfa4","build":"192.6262.58","bucket":"189","time":1574435909021,"group":{"id":"lifecycle","version":"21"},"event":{"count":1,"data":{"created":1574435909021,"project":"a0f12fb42952fc36a102045bdbb22ad1f15aa9443e9c675024683f4da70c8bc4"},"id":"frame.activated"}}
{"recorder_version":"21","session":"170aceb1dfa4","build":"192.6262.58","bucket":"189","time":1574435909360,"group":{"id":"lifecycle","version":"21"},"event":{"count":1,"data":{"restart":false,"created":1574435909360},"id":"ide.close"}}
{"recorder_version":"21","session":"170aceb1dfa4","build":"192.6262.58","bucket":"189","time":1574435909703,"group":{"id":"lifecycle","version":"21"},"event":{"count":1,"data":{"created":1574435909703,"project":"a0f12fb42952fc36a102045bdbb22ad1f15aa9443e9c675024683f4da70c8bc4"},"id":"project.closed"}}
