{"recorder_version":"21","session":"0cf44e614e1d","build":"192.6262.58","bucket":"189","time":1574504338441,"group":{"id":"settings","version":"4"},"event":{"state":true,"data":{"component":"NotRoamableUiSettings","created":1574504338608},"id":"invoked"}}
{"recorder_version":"21","session":"0cf44e614e1d","build":"192.6262.58","bucket":"189","time":1574504338443,"group":{"id":"settings","version":"4"},"event":{"state":true,"data":{"component":"UISettings","created":1574504338610},"id":"invoked"}}
{"recorder_version":"21","session":"0cf44e614e1d","build":"192.6262.58","bucket":"189","time":1574504338444,"group":{"id":"system.java","version":"1"},"event":{"state":true,"data":{"created":1574504338618,"version":"1.11"},"id":"JetBrains"}}
{"recorder_version":"21","session":"0cf44e614e1d","build":"192.6262.58","bucket":"189","time":1574504338444,"group":{"id":"system.java","version":"1"},"event":{"state":true,"data":{"created":1574504338619},"id":"invoked"}}
{"recorder_version":"21","session":"0cf44e614e1d","build":"192.6262.58","bucket":"189","time":1574504338467,"group":{"id":"system.os","version":"3"},"event":{"state":true,"data":{"created":1574504338620,"version":"10.14"},"id":"Mac"}}
{"recorder_version":"21","session":"0cf44e614e1d","build":"192.6262.58","bucket":"189","time":1574504338467,"group":{"id":"system.os","version":"3"},"event":{"state":true,"data":{"created":1574504338621,"name":"Mac","version":"10.14"},"id":"os.name"}}
{"recorder_version":"21","session":"0cf44e614e1d","build":"192.6262.58","bucket":"189","time":1574504338467,"group":{"id":"system.os","version":"3"},"event":{"state":true,"data":{"created":1574504338621,"value":"+09_00"},"id":"os.timezone"}}
{"recorder_version":"21","session":"0cf44e614e1d","build":"192.6262.58","bucket":"189","time":1574504338467,"group":{"id":"system.os","version":"3"},"event":{"state":true,"data":{"created":1574504338622},"id":"invoked"}}
{"recorder_version":"21","session":"0cf44e614e1d","build":"192.6262.58","bucket":"189","time":1574504338608,"group":{"id":"event.log","version":"21"},"event":{"count":1,"data":{"created":1574504338623,"version":"916.0"},"id":"whitelist.loaded"}}
{"recorder_version":"21","session":"0cf44e614e1d","build":"192.6262.58","bucket":"189","time":1574504341434,"group":{"id":"settings","version":"4"},"event":{"state":true,"data":{"component":"UpdatesConfigurable","created":1574504341435,"name":"checkNeeded","type":"bool","value":false},"id":"not.default"}}
{"recorder_version":"21","session":"0cf44e614e1d","build":"192.6262.58","bucket":"189","time":1574504341434,"group":{"id":"settings","version":"4"},"event":{"state":true,"data":{"component":"UpdatesConfigurable","created":1574504341436},"id":"invoked"}}
{"recorder_version":"21","session":"0cf44e614e1d","build":"192.6262.58","bucket":"189","time":1574504341571,"group":{"id":"settings","version":"4"},"event":{"state":true,"data":{"component":"GeneralSettings","created":1574504341572,"name":"confirmExit","type":"bool","value":false},"id":"not.default"}}
{"recorder_version":"21","session":"0cf44e614e1d","build":"192.6262.58","bucket":"189","time":1574504341571,"group":{"id":"settings","version":"4"},"event":{"state":true,"data":{"component":"GeneralSettings","created":1574504341573,"name":"showTipsOnStartup","type":"bool","value":false},"id":"not.default"}}
{"recorder_version":"21","session":"0cf44e614e1d","build":"192.6262.58","bucket":"189","time":1574504341572,"group":{"id":"settings","version":"4"},"event":{"state":true,"data":{"component":"GeneralSettings","created":1574504341574},"id":"invoked"}}
{"recorder_version":"21","session":"0cf44e614e1d","build":"192.6262.58","bucket":"189","time":1574504341580,"group":{"id":"lifecycle","version":"21"},"event":{"count":1,"data":{"internal":true,"eap":false,"created":1574504341581},"id":"ide.start"}}
{"recorder_version":"21","session":"0cf44e614e1d","build":"192.6262.58","bucket":"189","time":1574504341941,"group":{"id":"lifecycle","version":"21"},"event":{"count":1,"data":{"created":1574504341942},"id":"frame.activated"}}
{"recorder_version":"21","session":"0cf44e614e1d","build":"192.6262.58","bucket":"189","time":1574504342075,"group":{"id":"performance","version":"21"},"event":{"count":1,"data":{"duration_ms":23,"created":1574504342075},"id":"ui.latency"}}
{"recorder_version":"21","session":"0cf44e614e1d","build":"192.6262.58","bucket":"189","time":1574504342424,"group":{"id":"ui.dialogs","version":"21"},"event":{"count":1,"data":{"created":1574504342424,"plugin_type":"PLATFORM","type":"show"},"id":"com.intellij.openapi.progress.util.ProgressDialog$MyDialogWrapper"}}
{"recorder_version":"21","session":"0cf44e614e1d","build":"192.6262.58","bucket":"189","time":1574504343824,"group":{"id":"lifecycle","version":"21"},"event":{"count":1,"data":{"created":1574504343824,"project":"a0f12fb42952fc36a102045bdbb22ad1f15aa9443e9c675024683f4da70c8bc4"},"id":"project.opened"}}
{"recorder_version":"21","session":"0cf44e614e1d","build":"192.6262.58","bucket":"189","time":1574504344612,"group":{"id":"performance","version":"21"},"event":{"count":1,"data":{"duration_ms":558,"created":1574504344613},"id":"ui.lagging"}}
{"recorder_version":"21","session":"0cf44e614e1d","build":"192.6262.58","bucket":"189","time":1574504345654,"group":{"id":"settings","version":"4"},"event":{"state":true,"data":{"component":"XmlEditorOptions","created":1574504345654},"id":"invoked"}}
{"recorder_version":"21","session":"0cf44e614e1d","build":"192.6262.58","bucket":"189","time":1574504345733,"group":{"id":"performance","version":"21"},"event":{"count":1,"data":{"duration_ms":676,"created":1574504345734},"id":"ui.lagging"}}
{"recorder_version":"21","session":"0cf44e614e1d","build":"192.6262.58","bucket":"189","time":1574504345835,"group":{"id":"toolwindow","version":"21"},"event":{"count":1,"data":{"os":"Mac","created":1574504345835,"plugin_type":"PLATFORM"},"id":"Project"}}
{"recorder_version":"21","session":"0cf44e614e1d","build":"192.6262.58","bucket":"189","time":1574504346327,"group":{"id":"performance","version":"21"},"event":{"count":1,"data":{"duration_ms":267,"created":1574504346327},"id":"ui.lagging"}}
{"recorder_version":"21","session":"0cf44e614e1d","build":"192.6262.58","bucket":"189","time":1574504348077,"group":{"id":"project.fs","version":"1"},"event":{"state":true,"data":{"os":"Mac","cs-project":false,"created":1574504348078,"project":"a0f12fb42952fc36a102045bdbb22ad1f15aa9443e9c675024683f4da70c8bc4","cs-implicit":true,"cs-system":false},"id":"case-sensitivity"}}
{"recorder_version":"21","session":"0cf44e614e1d","build":"192.6262.58","bucket":"189","time":1574504348077,"group":{"id":"project.fs","version":"1"},"event":{"state":true,"data":{"created":1574504348078},"id":"invoked"}}
{"recorder_version":"21","session":"0cf44e614e1d","build":"192.6262.58","bucket":"189","time":1574504348078,"group":{"id":"project.fs","version":"1"},"event":{"state":true,"data":{"pct-non-watched":0,"created":1574504348078,"project":"a0f12fb42952fc36a102045bdbb22ad1f15aa9443e9c675024683f4da70c8bc4"},"id":"roots-watched"}}
{"recorder_version":"21","session":"0cf44e614e1d","build":"192.6262.58","bucket":"189","time":1574504348078,"group":{"id":"project.fs","version":"1"},"event":{"state":true,"data":{"created":1574504348079},"id":"invoked"}}
{"recorder_version":"21","session":"0cf44e614e1d","build":"192.6262.58","bucket":"189","time":1574504348190,"group":{"id":"ui.dialogs","version":"21"},"event":{"count":1,"data":{"code":1,"created":1574504348190,"plugin_type":"PLATFORM","type":"close"},"id":"com.intellij.openapi.progress.util.ProgressDialog$MyDialogWrapper"}}
{"recorder_version":"21","session":"0cf44e614e1d","build":"192.6262.58","bucket":"189","time":1574504348374,"group":{"id":"lifecycle","version":"21"},"event":{"count":1,"data":{"duration_ms":6210,"created":1574504348374,"project":"a0f12fb42952fc36a102045bdbb22ad1f15aa9443e9c675024683f4da70c8bc4"},"id":"project.opening.finished"}}
{"recorder_version":"21","session":"0cf44e614e1d","build":"192.6262.58","bucket":"189","time":1574504349255,"group":{"id":"kotlin.jps.target","version":"1"},"event":{"count":1,"data":{"plugin_version":"1.3.41-release-IJ2019.2-1","created":1574504349255},"id":"jvm"}}
{"recorder_version":"21","session":"0cf44e614e1d","build":"192.6262.58","bucket":"189","time":1574504349907,"group":{"id":"productivity","version":"21"},"event":{"count":1,"data":{"created":1574504349907,"plugin_type":"PLATFORM"},"id":"ui.tree.speedsearch"}}
{"recorder_version":"21","session":"0cf44e614e1d","build":"192.6262.58","bucket":"189","time":1574504351530,"group":{"id":"file.types.usage","version":"21"},"event":{"count":1,"data":{"plugin":"com.intellij.java","created":1574504351530,"plugin_type":"JB_BUNDLED","project":"a0f12fb42952fc36a102045bdbb22ad1f15aa9443e9c675024683f4da70c8bc4","type":"edit"},"id":"JAVA"}}
{"recorder_version":"21","session":"0cf44e614e1d","build":"192.6262.58","bucket":"189","time":1574504354162,"group":{"id":"actions","version":"21"},"event":{"count":4,"data":{"context_menu":false,"last":1574504354715,"created":1574504354163,"plugin_type":"PLATFORM","project":"a0f12fb42952fc36a102045bdbb22ad1f15aa9443e9c675024683f4da70c8bc4","place":"keyboard_shortcut","class":"com.intellij.openapi.editor.actions.BackspaceAction","input_event":"Backspace"},"id":"EditorBackSpace"}}
{"recorder_version":"21","session":"0cf44e614e1d","build":"192.6262.58","bucket":"189","time":1574504368167,"group":{"id":"ui.dialogs","version":"21"},"event":{"count":1,"data":{"created":1574504368167,"plugin_type":"PLATFORM","type":"show"},"id":"com.intellij.openapi.progress.util.ProgressDialog$MyDialogWrapper"}}
{"recorder_version":"21","session":"0cf44e614e1d","build":"192.6262.58","bucket":"189","time":1574504368291,"group":{"id":"lifecycle","version":"21"},"event":{"count":1,"data":{"created":1574504368291,"project":"a0f12fb42952fc36a102045bdbb22ad1f15aa9443e9c675024683f4da70c8bc4"},"id":"project.closed"}}
{"recorder_version":"21","session":"0cf44e614e1d","build":"192.6262.58","bucket":"189","time":1574504368377,"group":{"id":"ui.dialogs","version":"21"},"event":{"count":1,"data":{"code":1,"created":1574504368377,"plugin_type":"PLATFORM","type":"close"},"id":"com.intellij.openapi.progress.util.ProgressDialog$MyDialogWrapper"}}
{"recorder_version":"21","session":"0cf44e614e1d","build":"192.6262.58","bucket":"189","time":1574504442288,"group":{"id":"performance","version":"21"},"event":{"count":1,"data":{"duration_ms":0,"created":1574504442288},"id":"ui.latency"}}
{"recorder_version":"21","session":"0cf44e614e1d","build":"192.6262.58","bucket":"189","time":1574504514908,"group":{"id":"lifecycle","version":"21"},"event":{"count":1,"data":{"restart":false,"created":1574504514908},"id":"ide.close"}}
