{"recorder_version":"21","session":"782a4cebe949","build":"192.6262.58","bucket":"189","time":1574799097766,"group":{"id":"settings","version":"4"},"event":{"state":true,"data":{"component":"NotRoamableUiSettings","created":1574799097936},"id":"invoked"}}
{"recorder_version":"21","session":"782a4cebe949","build":"192.6262.58","bucket":"189","time":1574799097768,"group":{"id":"system.java","version":"1"},"event":{"state":true,"data":{"created":1574799097938,"version":"1.11"},"id":"JetBrains"}}
{"recorder_version":"21","session":"782a4cebe949","build":"192.6262.58","bucket":"189","time":1574799097768,"group":{"id":"system.java","version":"1"},"event":{"state":true,"data":{"created":1574799097947},"id":"invoked"}}
{"recorder_version":"21","session":"782a4cebe949","build":"192.6262.58","bucket":"189","time":1574799097768,"group":{"id":"settings","version":"4"},"event":{"state":true,"data":{"component":"UISettings","created":1574799097947},"id":"invoked"}}
{"recorder_version":"21","session":"782a4cebe949","build":"192.6262.58","bucket":"189","time":1574799097786,"group":{"id":"system.os","version":"3"},"event":{"state":true,"data":{"created":1574799097948,"version":"10.14"},"id":"Mac"}}
{"recorder_version":"21","session":"782a4cebe949","build":"192.6262.58","bucket":"189","time":1574799097786,"group":{"id":"system.os","version":"3"},"event":{"state":true,"data":{"created":1574799097951,"name":"Mac","version":"10.14"},"id":"os.name"}}
{"recorder_version":"21","session":"782a4cebe949","build":"192.6262.58","bucket":"189","time":1574799097786,"group":{"id":"system.os","version":"3"},"event":{"state":true,"data":{"created":1574799097952,"value":"+09_00"},"id":"os.timezone"}}
{"recorder_version":"21","session":"782a4cebe949","build":"192.6262.58","bucket":"189","time":1574799097786,"group":{"id":"system.os","version":"3"},"event":{"state":true,"data":{"created":1574799097953},"id":"invoked"}}
{"recorder_version":"21","session":"782a4cebe949","build":"192.6262.58","bucket":"189","time":1574799097936,"group":{"id":"event.log","version":"21"},"event":{"count":1,"data":{"created":1574799097954,"version":"930.0"},"id":"whitelist.loaded"}}
{"recorder_version":"21","session":"782a4cebe949","build":"192.6262.58","bucket":"189","time":1574799100158,"group":{"id":"settings","version":"4"},"event":{"state":true,"data":{"component":"UpdatesConfigurable","created":1574799100158,"name":"checkNeeded","type":"bool","value":false},"id":"not.default"}}
{"recorder_version":"21","session":"782a4cebe949","build":"192.6262.58","bucket":"189","time":1574799100158,"group":{"id":"settings","version":"4"},"event":{"state":true,"data":{"component":"UpdatesConfigurable","created":1574799100159},"id":"invoked"}}
{"recorder_version":"21","session":"782a4cebe949","build":"192.6262.58","bucket":"189","time":1574799100273,"group":{"id":"settings","version":"4"},"event":{"state":true,"data":{"component":"GeneralSettings","created":1574799100274,"name":"confirmExit","type":"bool","value":false},"id":"not.default"}}
{"recorder_version":"21","session":"782a4cebe949","build":"192.6262.58","bucket":"189","time":1574799100273,"group":{"id":"settings","version":"4"},"event":{"state":true,"data":{"component":"GeneralSettings","created":1574799100275,"name":"showTipsOnStartup","type":"bool","value":false},"id":"not.default"}}
{"recorder_version":"21","session":"782a4cebe949","build":"192.6262.58","bucket":"189","time":1574799100274,"group":{"id":"settings","version":"4"},"event":{"state":true,"data":{"component":"GeneralSettings","created":1574799100277},"id":"invoked"}}
{"recorder_version":"21","session":"782a4cebe949","build":"192.6262.58","bucket":"189","time":1574799100279,"group":{"id":"lifecycle","version":"21"},"event":{"count":1,"data":{"internal":true,"eap":false,"created":1574799100280},"id":"ide.start"}}
{"recorder_version":"21","session":"782a4cebe949","build":"192.6262.58","bucket":"189","time":1574799100568,"group":{"id":"lifecycle","version":"21"},"event":{"count":1,"data":{"created":1574799100568},"id":"frame.activated"}}
{"recorder_version":"21","session":"782a4cebe949","build":"192.6262.58","bucket":"189","time":1574799100807,"group":{"id":"performance","version":"21"},"event":{"count":1,"data":{"duration_ms":5,"created":1574799100807},"id":"ui.latency"}}
{"recorder_version":"21","session":"782a4cebe949","build":"192.6262.58","bucket":"189","time":1574799101024,"group":{"id":"ui.dialogs","version":"21"},"event":{"count":1,"data":{"created":1574799101024,"plugin_type":"PLATFORM","type":"show"},"id":"com.intellij.openapi.progress.util.ProgressDialog$MyDialogWrapper"}}
{"recorder_version":"21","session":"782a4cebe949","build":"192.6262.58","bucket":"189","time":1574799102051,"group":{"id":"lifecycle","version":"21"},"event":{"count":1,"data":{"created":1574799102051,"project":"92ddc83aceaa9edad1485397ccc1680a8fd16623aa2c155379eac4aafdb2a559"},"id":"project.opened"}}
{"recorder_version":"21","session":"782a4cebe949","build":"192.6262.58","bucket":"189","time":1574799103717,"group":{"id":"settings","version":"4"},"event":{"state":true,"data":{"component":"XmlEditorOptions","created":1574799103718},"id":"invoked"}}
{"recorder_version":"21","session":"782a4cebe949","build":"192.6262.58","bucket":"189","time":1574799103940,"group":{"id":"performance","version":"21"},"event":{"count":1,"data":{"duration_ms":130,"created":1574799103940},"id":"ui.lagging"}}
{"recorder_version":"21","session":"782a4cebe949","build":"192.6262.58","bucket":"189","time":1574799104010,"group":{"id":"toolwindow","version":"21"},"event":{"count":1,"data":{"os":"Mac","created":1574799104010,"plugin_type":"PLATFORM"},"id":"Project"}}
{"recorder_version":"21","session":"782a4cebe949","build":"192.6262.58","bucket":"189","time":1574799104959,"group":{"id":"performance","version":"21"},"event":{"count":1,"data":{"duration_ms":149,"created":1574799104959},"id":"ui.lagging"}}
{"recorder_version":"21","session":"782a4cebe949","build":"192.6262.58","bucket":"189","time":1574799105997,"group":{"id":"performance","version":"21"},"event":{"count":1,"data":{"duration_ms":187,"created":1574799105997},"id":"ui.lagging"}}
{"recorder_version":"21","session":"782a4cebe949","build":"192.6262.58","bucket":"189","time":1574799106082,"group":{"id":"kotlin.jps.target","version":"1"},"event":{"count":1,"data":{"plugin_version":"validation.undefined_rule","created":1574799106082},"id":"validation.undefined_rule"}}
{"recorder_version":"21","session":"782a4cebe949","build":"192.6262.58","bucket":"189","time":1574799106100,"group":{"id":"project.fs","version":"1"},"event":{"state":true,"data":{"os":"Mac","cs-project":false,"created":1574799106100,"project":"92ddc83aceaa9edad1485397ccc1680a8fd16623aa2c155379eac4aafdb2a559","cs-implicit":true,"cs-system":false},"id":"case-sensitivity"}}
{"recorder_version":"21","session":"782a4cebe949","build":"192.6262.58","bucket":"189","time":1574799106100,"group":{"id":"project.fs","version":"1"},"event":{"state":true,"data":{"created":1574799106100},"id":"invoked"}}
{"recorder_version":"21","session":"782a4cebe949","build":"192.6262.58","bucket":"189","time":1574799106101,"group":{"id":"project.fs","version":"1"},"event":{"state":true,"data":{"pct-non-watched":0,"created":1574799106101,"project":"92ddc83aceaa9edad1485397ccc1680a8fd16623aa2c155379eac4aafdb2a559"},"id":"roots-watched"}}
{"recorder_version":"21","session":"782a4cebe949","build":"192.6262.58","bucket":"189","time":1574799106101,"group":{"id":"project.fs","version":"1"},"event":{"state":true,"data":{"created":1574799106101},"id":"invoked"}}
{"recorder_version":"21","session":"782a4cebe949","build":"192.6262.58","bucket":"189","time":1574799106240,"group":{"id":"ui.dialogs","version":"21"},"event":{"count":1,"data":{"code":1,"created":1574799106241,"plugin_type":"PLATFORM","type":"close"},"id":"com.intellij.openapi.progress.util.ProgressDialog$MyDialogWrapper"}}
{"recorder_version":"21","session":"782a4cebe949","build":"192.6262.58","bucket":"189","time":1574799106339,"group":{"id":"lifecycle","version":"21"},"event":{"count":1,"data":{"duration_ms":5562,"created":1574799106339,"project":"92ddc83aceaa9edad1485397ccc1680a8fd16623aa2c155379eac4aafdb2a559"},"id":"project.opening.finished"}}
{"recorder_version":"21","session":"782a4cebe949","build":"192.6262.58","bucket":"189","time":1574799109096,"group":{"id":"file.types.usage","version":"21"},"event":{"count":1,"data":{"created":1574799109097,"plugin_type":"PLATFORM","project":"92ddc83aceaa9edad1485397ccc1680a8fd16623aa2c155379eac4aafdb2a559","type":"edit"},"id":"IDEA_MODULE"}}
{"recorder_version":"21","session":"782a4cebe949","build":"192.6262.58","bucket":"189","time":1574799109791,"group":{"id":"actions","version":"21"},"event":{"count":3,"data":{"context_menu":false,"last":1574799110088,"current_file":"TEXT","created":1574799109791,"plugin_type":"PLATFORM","project":"92ddc83aceaa9edad1485397ccc1680a8fd16623aa2c155379eac4aafdb2a559","place":"keyboard_shortcut","class":"com.intellij.openapi.editor.actions.BackspaceAction","input_event":"Backspace"},"id":"EditorBackSpace"}}
{"recorder_version":"21","session":"782a4cebe949","build":"192.6262.58","bucket":"189","time":1574799163801,"group":{"id":"lifecycle","version":"21"},"event":{"count":1,"data":{"created":1574799163801,"project":"92ddc83aceaa9edad1485397ccc1680a8fd16623aa2c155379eac4aafdb2a559"},"id":"frame.deactivated"}}
{"recorder_version":"21","session":"782a4cebe949","build":"192.6262.58","bucket":"189","time":1574799201056,"group":{"id":"performance","version":"21"},"event":{"count":1,"data":{"duration_ms":0,"created":1574799201056},"id":"ui.latency"}}
{"recorder_version":"21","session":"782a4cebe949","build":"192.6262.58","bucket":"189","time":1574799220217,"group":{"id":"lifecycle","version":"21"},"event":{"count":1,"data":{"created":1574799220217,"project":"92ddc83aceaa9edad1485397ccc1680a8fd16623aa2c155379eac4aafdb2a559"},"id":"frame.activated"}}
{"recorder_version":"21","session":"782a4cebe949","build":"192.6262.58","bucket":"189","time":1574799220508,"group":{"id":"lifecycle","version":"21"},"event":{"count":1,"data":{"restart":false,"created":1574799220509},"id":"ide.close"}}
{"recorder_version":"21","session":"782a4cebe949","build":"192.6262.58","bucket":"189","time":1574799220596,"group":{"id":"lifecycle","version":"21"},"event":{"count":1,"data":{"created":1574799220596,"project":"92ddc83aceaa9edad1485397ccc1680a8fd16623aa2c155379eac4aafdb2a559"},"id":"project.closed"}}
