{"recorder_version":"21","session":"973f116646db","build":"192.6262.58","bucket":"189","time":1574432092540,"group":{"id":"settings","version":"4"},"event":{"state":true,"data":{"component":"NotRoamableUiSettings","created":1574432092695},"id":"invoked"}}
{"recorder_version":"21","session":"973f116646db","build":"192.6262.58","bucket":"189","time":1574432092542,"group":{"id":"system.java","version":"1"},"event":{"state":true,"data":{"created":1574432092697,"version":"1.11"},"id":"JetBrains"}}
{"recorder_version":"21","session":"973f116646db","build":"192.6262.58","bucket":"189","time":1574432092542,"group":{"id":"system.java","version":"1"},"event":{"state":true,"data":{"created":1574432092705},"id":"invoked"}}
{"recorder_version":"21","session":"973f116646db","build":"192.6262.58","bucket":"189","time":1574432092543,"group":{"id":"settings","version":"4"},"event":{"state":true,"data":{"component":"UISettings","created":1574432092706},"id":"invoked"}}
{"recorder_version":"21","session":"973f116646db","build":"192.6262.58","bucket":"189","time":1574432092562,"group":{"id":"system.os","version":"3"},"event":{"state":true,"data":{"created":1574432092707,"version":"10.14"},"id":"Mac"}}
{"recorder_version":"21","session":"973f116646db","build":"192.6262.58","bucket":"189","time":1574432092562,"group":{"id":"system.os","version":"3"},"event":{"state":true,"data":{"created":1574432092708,"name":"Mac","version":"10.14"},"id":"os.name"}}
{"recorder_version":"21","session":"973f116646db","build":"192.6262.58","bucket":"189","time":1574432092562,"group":{"id":"system.os","version":"3"},"event":{"state":true,"data":{"created":1574432092709,"value":"+09_00"},"id":"os.timezone"}}
{"recorder_version":"21","session":"973f116646db","build":"192.6262.58","bucket":"189","time":1574432092562,"group":{"id":"system.os","version":"3"},"event":{"state":true,"data":{"created":1574432092710},"id":"invoked"}}
{"recorder_version":"21","session":"973f116646db","build":"192.6262.58","bucket":"189","time":1574432092695,"group":{"id":"event.log","version":"21"},"event":{"count":1,"data":{"created":1574432092711,"version":"916.0"},"id":"whitelist.loaded"}}
{"recorder_version":"21","session":"973f116646db","build":"192.6262.58","bucket":"189","time":1574432094869,"group":{"id":"settings","version":"4"},"event":{"state":true,"data":{"component":"UpdatesConfigurable","created":1574432094869,"name":"checkNeeded","type":"bool","value":false},"id":"not.default"}}
{"recorder_version":"21","session":"973f116646db","build":"192.6262.58","bucket":"189","time":1574432094869,"group":{"id":"settings","version":"4"},"event":{"state":true,"data":{"component":"UpdatesConfigurable","created":1574432094870},"id":"invoked"}}
{"recorder_version":"21","session":"973f116646db","build":"192.6262.58","bucket":"189","time":1574432095006,"group":{"id":"settings","version":"4"},"event":{"state":true,"data":{"component":"GeneralSettings","created":1574432095007,"name":"confirmExit","type":"bool","value":false},"id":"not.default"}}
{"recorder_version":"21","session":"973f116646db","build":"192.6262.58","bucket":"189","time":1574432095006,"group":{"id":"settings","version":"4"},"event":{"state":true,"data":{"component":"GeneralSettings","created":1574432095012,"name":"showTipsOnStartup","type":"bool","value":false},"id":"not.default"}}
{"recorder_version":"21","session":"973f116646db","build":"192.6262.58","bucket":"189","time":1574432095006,"group":{"id":"settings","version":"4"},"event":{"state":true,"data":{"component":"GeneralSettings","created":1574432095013},"id":"invoked"}}
{"recorder_version":"21","session":"973f116646db","build":"192.6262.58","bucket":"189","time":1574432095014,"group":{"id":"lifecycle","version":"21"},"event":{"count":1,"data":{"internal":true,"eap":false,"created":1574432095015},"id":"ide.start"}}
{"recorder_version":"21","session":"973f116646db","build":"192.6262.58","bucket":"189","time":1574432095347,"group":{"id":"lifecycle","version":"21"},"event":{"count":1,"data":{"created":1574432095348},"id":"frame.activated"}}
{"recorder_version":"21","session":"973f116646db","build":"192.6262.58","bucket":"189","time":1574432095537,"group":{"id":"performance","version":"21"},"event":{"count":1,"data":{"duration_ms":0,"created":1574432095537},"id":"ui.latency"}}
{"recorder_version":"21","session":"973f116646db","build":"192.6262.58","bucket":"189","time":1574432095837,"group":{"id":"ui.dialogs","version":"21"},"event":{"count":1,"data":{"created":1574432095837,"plugin_type":"PLATFORM","type":"show"},"id":"com.intellij.openapi.progress.util.ProgressDialog$MyDialogWrapper"}}
{"recorder_version":"21","session":"973f116646db","build":"192.6262.58","bucket":"189","time":1574432097005,"group":{"id":"lifecycle","version":"21"},"event":{"count":1,"data":{"created":1574432097006,"project":"a0f12fb42952fc36a102045bdbb22ad1f15aa9443e9c675024683f4da70c8bc4"},"id":"project.opened"}}
{"recorder_version":"21","session":"973f116646db","build":"192.6262.58","bucket":"189","time":1574432097656,"group":{"id":"performance","version":"21"},"event":{"count":1,"data":{"duration_ms":116,"created":1574432097657},"id":"ui.lagging"}}
{"recorder_version":"21","session":"973f116646db","build":"192.6262.58","bucket":"189","time":1574432098661,"group":{"id":"settings","version":"4"},"event":{"state":true,"data":{"component":"XmlEditorOptions","created":1574432098661},"id":"invoked"}}
{"recorder_version":"21","session":"973f116646db","build":"192.6262.58","bucket":"189","time":1574432098733,"group":{"id":"performance","version":"21"},"event":{"count":1,"data":{"duration_ms":191,"created":1574432098733},"id":"ui.lagging"}}
{"recorder_version":"21","session":"973f116646db","build":"192.6262.58","bucket":"189","time":1574432098825,"group":{"id":"toolwindow","version":"21"},"event":{"count":1,"data":{"os":"Mac","created":1574432098825,"plugin_type":"PLATFORM"},"id":"Project"}}
{"recorder_version":"21","session":"973f116646db","build":"192.6262.58","bucket":"189","time":1574432099780,"group":{"id":"performance","version":"21"},"event":{"count":1,"data":{"duration_ms":239,"created":1574432099781},"id":"ui.lagging"}}
{"recorder_version":"21","session":"973f116646db","build":"192.6262.58","bucket":"189","time":1574432100780,"group":{"id":"kotlin.jps.target","version":"1"},"event":{"count":1,"data":{"plugin_version":"1.3.41-release-IJ2019.2-1","created":1574432100781},"id":"jvm"}}
{"recorder_version":"21","session":"973f116646db","build":"192.6262.58","bucket":"189","time":1574432101235,"group":{"id":"project.fs","version":"1"},"event":{"state":true,"data":{"os":"Mac","cs-project":false,"created":1574432101236,"project":"a0f12fb42952fc36a102045bdbb22ad1f15aa9443e9c675024683f4da70c8bc4","cs-implicit":true,"cs-system":false},"id":"case-sensitivity"}}
{"recorder_version":"21","session":"973f116646db","build":"192.6262.58","bucket":"189","time":1574432101236,"group":{"id":"project.fs","version":"1"},"event":{"state":true,"data":{"created":1574432101236},"id":"invoked"}}
{"recorder_version":"21","session":"973f116646db","build":"192.6262.58","bucket":"189","time":1574432101236,"group":{"id":"project.fs","version":"1"},"event":{"state":true,"data":{"pct-non-watched":0,"created":1574432101236,"project":"a0f12fb42952fc36a102045bdbb22ad1f15aa9443e9c675024683f4da70c8bc4"},"id":"roots-watched"}}
{"recorder_version":"21","session":"973f116646db","build":"192.6262.58","bucket":"189","time":1574432101236,"group":{"id":"project.fs","version":"1"},"event":{"state":true,"data":{"created":1574432101237},"id":"invoked"}}
{"recorder_version":"21","session":"973f116646db","build":"192.6262.58","bucket":"189","time":1574432101342,"group":{"id":"ui.dialogs","version":"21"},"event":{"count":1,"data":{"code":1,"created":1574432101343,"plugin_type":"PLATFORM","type":"close"},"id":"com.intellij.openapi.progress.util.ProgressDialog$MyDialogWrapper"}}
{"recorder_version":"21","session":"973f116646db","build":"192.6262.58","bucket":"189","time":1574432101524,"group":{"id":"lifecycle","version":"21"},"event":{"count":1,"data":{"duration_ms":5940,"created":1574432101525,"project":"a0f12fb42952fc36a102045bdbb22ad1f15aa9443e9c675024683f4da70c8bc4"},"id":"project.opening.finished"}}
{"recorder_version":"21","session":"973f116646db","build":"192.6262.58","bucket":"189","time":1574432101888,"group":{"id":"performance","version":"21"},"event":{"count":1,"data":{"duration_ms":346,"created":1574432101888},"id":"ui.lagging"}}
{"recorder_version":"21","session":"973f116646db","build":"192.6262.58","bucket":"189","time":1574432102504,"group":{"id":"productivity","version":"21"},"event":{"count":1,"data":{"created":1574432102504,"plugin_type":"PLATFORM"},"id":"ui.tree.speedsearch"}}
{"recorder_version":"21","session":"973f116646db","build":"192.6262.58","bucket":"189","time":1574432103408,"group":{"id":"file.types.usage","version":"21"},"event":{"count":1,"data":{"plugin":"com.intellij.java","created":1574432103408,"plugin_type":"JB_BUNDLED","project":"a0f12fb42952fc36a102045bdbb22ad1f15aa9443e9c675024683f4da70c8bc4","type":"edit"},"id":"JAVA"}}
{"recorder_version":"21","session":"973f116646db","build":"192.6262.58","bucket":"189","time":1574432108412,"group":{"id":"lifecycle","version":"21"},"event":{"count":1,"data":{"created":1574432108413,"project":"a0f12fb42952fc36a102045bdbb22ad1f15aa9443e9c675024683f4da70c8bc4"},"id":"frame.deactivated"}}
{"recorder_version":"21","session":"973f116646db","build":"192.6262.58","bucket":"189","time":1574432195823,"group":{"id":"performance","version":"21"},"event":{"count":1,"data":{"duration_ms":0,"created":1574432195824},"id":"ui.latency"}}
{"recorder_version":"21","session":"973f116646db","build":"192.6262.58","bucket":"189","time":1574432203707,"group":{"id":"lifecycle","version":"21"},"event":{"count":1,"data":{"created":1574432203707,"project":"a0f12fb42952fc36a102045bdbb22ad1f15aa9443e9c675024683f4da70c8bc4"},"id":"frame.activated"}}
{"recorder_version":"21","session":"973f116646db","build":"192.6262.58","bucket":"189","time":1574432204584,"group":{"id":"lifecycle","version":"21"},"event":{"count":1,"data":{"restart":false,"created":1574432204584},"id":"ide.close"}}
{"recorder_version":"21","session":"973f116646db","build":"192.6262.58","bucket":"189","time":1574432204874,"group":{"id":"lifecycle","version":"21"},"event":{"count":1,"data":{"created":1574432204874,"project":"a0f12fb42952fc36a102045bdbb22ad1f15aa9443e9c675024683f4da70c8bc4"},"id":"project.closed"}}
