{"recorder_version":"21","session":"498f895fb5b0","build":"192.6262.58","bucket":"189","time":1575132328285,"group":{"id":"settings","version":"4"},"event":{"state":true,"data":{"component":"NotRoamableUiSettings","created":1575132328471},"id":"invoked"}}
{"recorder_version":"21","session":"498f895fb5b0","build":"192.6262.58","bucket":"189","time":1575132328288,"group":{"id":"settings","version":"4"},"event":{"state":true,"data":{"component":"UISettings","created":1575132328473},"id":"invoked"}}
{"recorder_version":"21","session":"498f895fb5b0","build":"192.6262.58","bucket":"189","time":1575132328289,"group":{"id":"system.java","version":"1"},"event":{"state":true,"data":{"created":1575132328483,"version":"1.11"},"id":"JetBrains"}}
{"recorder_version":"21","session":"498f895fb5b0","build":"192.6262.58","bucket":"189","time":1575132328289,"group":{"id":"system.java","version":"1"},"event":{"state":true,"data":{"created":1575132328485},"id":"invoked"}}
{"recorder_version":"21","session":"498f895fb5b0","build":"192.6262.58","bucket":"189","time":1575132328312,"group":{"id":"system.os","version":"3"},"event":{"state":true,"data":{"created":1575132328486,"version":"10.14"},"id":"Mac"}}
{"recorder_version":"21","session":"498f895fb5b0","build":"192.6262.58","bucket":"189","time":1575132328312,"group":{"id":"system.os","version":"3"},"event":{"state":true,"data":{"created":1575132328488,"name":"Mac","version":"10.14"},"id":"os.name"}}
{"recorder_version":"21","session":"498f895fb5b0","build":"192.6262.58","bucket":"189","time":1575132328312,"group":{"id":"system.os","version":"3"},"event":{"state":true,"data":{"created":1575132328489,"value":"+09_00"},"id":"os.timezone"}}
{"recorder_version":"21","session":"498f895fb5b0","build":"192.6262.58","bucket":"189","time":1575132328312,"group":{"id":"system.os","version":"3"},"event":{"state":true,"data":{"created":1575132328489},"id":"invoked"}}
{"recorder_version":"21","session":"498f895fb5b0","build":"192.6262.58","bucket":"189","time":1575132328471,"group":{"id":"event.log","version":"21"},"event":{"count":1,"data":{"created":1575132328490,"version":"942.0"},"id":"whitelist.loaded"}}
{"recorder_version":"21","session":"498f895fb5b0","build":"192.6262.58","bucket":"189","time":1575132330743,"group":{"id":"settings","version":"4"},"event":{"state":true,"data":{"component":"UpdatesConfigurable","created":1575132330744,"name":"checkNeeded","type":"bool","value":false},"id":"not.default"}}
{"recorder_version":"21","session":"498f895fb5b0","build":"192.6262.58","bucket":"189","time":1575132330743,"group":{"id":"settings","version":"4"},"event":{"state":true,"data":{"component":"UpdatesConfigurable","created":1575132330745},"id":"invoked"}}
{"recorder_version":"21","session":"498f895fb5b0","build":"192.6262.58","bucket":"189","time":1575132330885,"group":{"id":"settings","version":"4"},"event":{"state":true,"data":{"component":"GeneralSettings","created":1575132330885,"name":"confirmExit","type":"bool","value":false},"id":"not.default"}}
{"recorder_version":"21","session":"498f895fb5b0","build":"192.6262.58","bucket":"189","time":1575132330885,"group":{"id":"settings","version":"4"},"event":{"state":true,"data":{"component":"GeneralSettings","created":1575132330886,"name":"showTipsOnStartup","type":"bool","value":false},"id":"not.default"}}
{"recorder_version":"21","session":"498f895fb5b0","build":"192.6262.58","bucket":"189","time":1575132330885,"group":{"id":"settings","version":"4"},"event":{"state":true,"data":{"component":"GeneralSettings","created":1575132330887},"id":"invoked"}}
{"recorder_version":"21","session":"498f895fb5b0","build":"192.6262.58","bucket":"189","time":1575132330891,"group":{"id":"lifecycle","version":"21"},"event":{"count":1,"data":{"internal":true,"eap":false,"created":1575132330891},"id":"ide.start"}}
{"recorder_version":"21","session":"498f895fb5b0","build":"192.6262.58","bucket":"189","time":1575132331231,"group":{"id":"lifecycle","version":"21"},"event":{"count":1,"data":{"created":1575132331231},"id":"frame.activated"}}
{"recorder_version":"21","session":"498f895fb5b0","build":"192.6262.58","bucket":"189","time":1575132331370,"group":{"id":"performance","version":"21"},"event":{"count":1,"data":{"duration_ms":140,"created":1575132331372},"id":"ui.latency"}}
{"recorder_version":"21","session":"498f895fb5b0","build":"192.6262.58","bucket":"189","time":1575132331371,"group":{"id":"performance","version":"21"},"event":{"count":1,"data":{"duration_ms":140,"created":1575132331374},"id":"ui.lagging"}}
{"recorder_version":"21","session":"498f895fb5b0","build":"192.6262.58","bucket":"189","time":1575132331724,"group":{"id":"ui.dialogs","version":"21"},"event":{"count":1,"data":{"created":1575132331726,"plugin_type":"PLATFORM","type":"show"},"id":"com.intellij.openapi.progress.util.ProgressDialog$MyDialogWrapper"}}
{"recorder_version":"21","session":"498f895fb5b0","build":"192.6262.58","bucket":"189","time":1575132332962,"group":{"id":"lifecycle","version":"21"},"event":{"count":1,"data":{"created":1575132332962,"project":"4452600da3b350ab41d92ae108c2baae6ff0ac3ddb31bd67020ee046ec77ac09"},"id":"project.opened"}}
{"recorder_version":"21","session":"498f895fb5b0","build":"192.6262.58","bucket":"189","time":1575132333652,"group":{"id":"performance","version":"21"},"event":{"count":1,"data":{"duration_ms":422,"created":1575132333652},"id":"ui.lagging"}}
{"recorder_version":"21","session":"498f895fb5b0","build":"192.6262.58","bucket":"189","time":1575132334699,"group":{"id":"settings","version":"4"},"event":{"state":true,"data":{"component":"XmlEditorOptions","created":1575132334699},"id":"invoked"}}
{"recorder_version":"21","session":"498f895fb5b0","build":"192.6262.58","bucket":"189","time":1575132334849,"group":{"id":"performance","version":"21"},"event":{"count":1,"data":{"duration_ms":615,"created":1575132334849},"id":"ui.lagging"}}
{"recorder_version":"21","session":"498f895fb5b0","build":"192.6262.58","bucket":"189","time":1575132335809,"group":{"id":"toolwindow","version":"21"},"event":{"count":1,"data":{"os":"Mac","created":1575132335813,"plugin_type":"NOT_LISTED"},"id":"third.party"}}
{"recorder_version":"21","session":"498f895fb5b0","build":"192.6262.58","bucket":"189","time":1575132336428,"group":{"id":"performance","version":"21"},"event":{"count":1,"data":{"duration_ms":188,"created":1575132336429},"id":"ui.lagging"}}
{"recorder_version":"21","session":"498f895fb5b0","build":"192.6262.58","bucket":"189","time":1575132338365,"group":{"id":"performance","version":"21"},"event":{"count":1,"data":{"duration_ms":127,"created":1575132338366},"id":"ui.lagging"}}
{"recorder_version":"21","session":"498f895fb5b0","build":"192.6262.58","bucket":"189","time":1575132338628,"group":{"id":"project.fs","version":"1"},"event":{"state":true,"data":{"os":"Mac","cs-project":false,"created":1575132338628,"project":"4452600da3b350ab41d92ae108c2baae6ff0ac3ddb31bd67020ee046ec77ac09","cs-implicit":true,"cs-system":false},"id":"case-sensitivity"}}
{"recorder_version":"21","session":"498f895fb5b0","build":"192.6262.58","bucket":"189","time":1575132338628,"group":{"id":"project.fs","version":"1"},"event":{"state":true,"data":{"created":1575132338628},"id":"invoked"}}
{"recorder_version":"21","session":"498f895fb5b0","build":"192.6262.58","bucket":"189","time":1575132338628,"group":{"id":"project.fs","version":"1"},"event":{"state":true,"data":{"pct-non-watched":0,"created":1575132338628,"project":"4452600da3b350ab41d92ae108c2baae6ff0ac3ddb31bd67020ee046ec77ac09"},"id":"roots-watched"}}
{"recorder_version":"21","session":"498f895fb5b0","build":"192.6262.58","bucket":"189","time":1575132338628,"group":{"id":"project.fs","version":"1"},"event":{"state":true,"data":{"created":1575132338629},"id":"invoked"}}
{"recorder_version":"21","session":"498f895fb5b0","build":"192.6262.58","bucket":"189","time":1575132338655,"group":{"id":"ui.dialogs","version":"21"},"event":{"count":1,"data":{"code":1,"created":1575132338656,"plugin_type":"PLATFORM","type":"close"},"id":"com.intellij.openapi.progress.util.ProgressDialog$MyDialogWrapper"}}
{"recorder_version":"21","session":"498f895fb5b0","build":"192.6262.58","bucket":"189","time":1575132338969,"group":{"id":"kotlin.jps.target","version":"1"},"event":{"count":2,"data":{"plugin_version":"validation.undefined_rule","last":1575132338969,"created":1575132338969},"id":"validation.undefined_rule"}}
{"recorder_version":"21","session":"498f895fb5b0","build":"192.6262.58","bucket":"189","time":1575132339232,"group":{"id":"lifecycle","version":"21"},"event":{"count":1,"data":{"duration_ms":7785,"created":1575132339232,"project":"4452600da3b350ab41d92ae108c2baae6ff0ac3ddb31bd67020ee046ec77ac09"},"id":"project.opening.finished"}}
{"recorder_version":"21","session":"498f895fb5b0","build":"192.6262.58","bucket":"189","time":1575132339648,"group":{"id":"performance","version":"21"},"event":{"count":1,"data":{"duration_ms":408,"created":1575132339648},"id":"ui.lagging"}}
{"recorder_version":"21","session":"498f895fb5b0","build":"192.6262.58","bucket":"189","time":1575132340729,"group":{"id":"vcs.change.reminder","version":"1"},"event":{"count":1,"data":{"created":1575132340729,"project":"4452600da3b350ab41d92ae108c2baae6ff0ac3ddb31bd67020ee046ec77ac09","execution_time":187},"id":"prediction.calculated"}}
{"recorder_version":"21","session":"498f895fb5b0","build":"192.6262.58","bucket":"189","time":1575132340776,"group":{"id":"vcs.change.reminder","version":"1"},"event":{"count":1,"data":{"created":1575132340776,"project":"4452600da3b350ab41d92ae108c2baae6ff0ac3ddb31bd67020ee046ec77ac09","execution_time":45},"id":"prediction.calculated"}}
{"recorder_version":"21","session":"498f895fb5b0","build":"192.6262.58","bucket":"189","time":1575132348169,"group":{"id":"file.types.usage","version":"21"},"event":{"count":1,"data":{"plugin":"com.intellij.java","created":1575132348169,"plugin_type":"JB_BUNDLED","project":"4452600da3b350ab41d92ae108c2baae6ff0ac3ddb31bd67020ee046ec77ac09","type":"edit"},"id":"JAVA"}}
{"recorder_version":"21","session":"498f895fb5b0","build":"192.6262.58","bucket":"189","time":1575132355638,"group":{"id":"lifecycle","version":"21"},"event":{"count":1,"data":{"created":1575132355638,"project":"4452600da3b350ab41d92ae108c2baae6ff0ac3ddb31bd67020ee046ec77ac09"},"id":"frame.deactivated"}}
{"recorder_version":"21","session":"498f895fb5b0","build":"192.6262.58","bucket":"189","time":1575132358586,"group":{"id":"lifecycle","version":"21"},"event":{"count":1,"data":{"created":1575132358586,"project":"4452600da3b350ab41d92ae108c2baae6ff0ac3ddb31bd67020ee046ec77ac09"},"id":"frame.activated"}}
{"recorder_version":"21","session":"498f895fb5b0","build":"192.6262.58","bucket":"189","time":1575132359270,"group":{"id":"lifecycle","version":"21"},"event":{"count":1,"data":{"restart":false,"created":1575132359270},"id":"ide.close"}}
{"recorder_version":"21","session":"498f895fb5b0","build":"192.6262.58","bucket":"189","time":1575132359362,"group":{"id":"lifecycle","version":"21"},"event":{"count":1,"data":{"created":1575132359362,"project":"4452600da3b350ab41d92ae108c2baae6ff0ac3ddb31bd67020ee046ec77ac09"},"id":"project.closed"}}
