{"recorder_version":"21","session":"1f808af2fa27","build":"192.6262.58","bucket":"189","time":1574783733755,"group":{"id":"settings","version":"4"},"event":{"state":true,"data":{"component":"NotRoamableUiSettings","created":1574783733939},"id":"invoked"}}
{"recorder_version":"21","session":"1f808af2fa27","build":"192.6262.58","bucket":"189","time":1574783733758,"group":{"id":"settings","version":"4"},"event":{"state":true,"data":{"component":"UISettings","created":1574783733940},"id":"invoked"}}
{"recorder_version":"21","session":"1f808af2fa27","build":"192.6262.58","bucket":"189","time":1574783733758,"group":{"id":"system.java","version":"1"},"event":{"state":true,"data":{"created":1574783733954,"version":"1.11"},"id":"JetBrains"}}
{"recorder_version":"21","session":"1f808af2fa27","build":"192.6262.58","bucket":"189","time":1574783733758,"group":{"id":"system.java","version":"1"},"event":{"state":true,"data":{"created":1574783733954},"id":"invoked"}}
{"recorder_version":"21","session":"1f808af2fa27","build":"192.6262.58","bucket":"189","time":1574783733780,"group":{"id":"system.os","version":"3"},"event":{"state":true,"data":{"created":1574783733956,"version":"10.14"},"id":"Mac"}}
{"recorder_version":"21","session":"1f808af2fa27","build":"192.6262.58","bucket":"189","time":1574783733780,"group":{"id":"system.os","version":"3"},"event":{"state":true,"data":{"created":1574783733957,"name":"Mac","version":"10.14"},"id":"os.name"}}
{"recorder_version":"21","session":"1f808af2fa27","build":"192.6262.58","bucket":"189","time":1574783733780,"group":{"id":"system.os","version":"3"},"event":{"state":true,"data":{"created":1574783733959,"value":"+09_00"},"id":"os.timezone"}}
{"recorder_version":"21","session":"1f808af2fa27","build":"192.6262.58","bucket":"189","time":1574783733780,"group":{"id":"system.os","version":"3"},"event":{"state":true,"data":{"created":1574783733960},"id":"invoked"}}
{"recorder_version":"21","session":"1f808af2fa27","build":"192.6262.58","bucket":"189","time":1574783733938,"group":{"id":"event.log","version":"21"},"event":{"count":1,"data":{"created":1574783733961,"version":"925.0"},"id":"whitelist.loaded"}}
{"recorder_version":"21","session":"1f808af2fa27","build":"192.6262.58","bucket":"189","time":1574783736205,"group":{"id":"settings","version":"4"},"event":{"state":true,"data":{"component":"UpdatesConfigurable","created":1574783736205,"name":"checkNeeded","type":"bool","value":false},"id":"not.default"}}
{"recorder_version":"21","session":"1f808af2fa27","build":"192.6262.58","bucket":"189","time":1574783736205,"group":{"id":"settings","version":"4"},"event":{"state":true,"data":{"component":"UpdatesConfigurable","created":1574783736206},"id":"invoked"}}
{"recorder_version":"21","session":"1f808af2fa27","build":"192.6262.58","bucket":"189","time":1574783736320,"group":{"id":"settings","version":"4"},"event":{"state":true,"data":{"component":"GeneralSettings","created":1574783736322,"name":"confirmExit","type":"bool","value":false},"id":"not.default"}}
{"recorder_version":"21","session":"1f808af2fa27","build":"192.6262.58","bucket":"189","time":1574783736320,"group":{"id":"settings","version":"4"},"event":{"state":true,"data":{"component":"GeneralSettings","created":1574783736323,"name":"showTipsOnStartup","type":"bool","value":false},"id":"not.default"}}
{"recorder_version":"21","session":"1f808af2fa27","build":"192.6262.58","bucket":"189","time":1574783736320,"group":{"id":"settings","version":"4"},"event":{"state":true,"data":{"component":"GeneralSettings","created":1574783736324},"id":"invoked"}}
{"recorder_version":"21","session":"1f808af2fa27","build":"192.6262.58","bucket":"189","time":1574783736329,"group":{"id":"lifecycle","version":"21"},"event":{"count":1,"data":{"internal":true,"eap":false,"created":1574783736329},"id":"ide.start"}}
{"recorder_version":"21","session":"1f808af2fa27","build":"192.6262.58","bucket":"189","time":1574783736585,"group":{"id":"lifecycle","version":"21"},"event":{"count":1,"data":{"created":1574783736585},"id":"frame.activated"}}
{"recorder_version":"21","session":"1f808af2fa27","build":"192.6262.58","bucket":"189","time":1574783736866,"group":{"id":"performance","version":"21"},"event":{"count":1,"data":{"duration_ms":1,"created":1574783736866},"id":"ui.latency"}}
{"recorder_version":"21","session":"1f808af2fa27","build":"192.6262.58","bucket":"189","time":1574783737062,"group":{"id":"ui.dialogs","version":"21"},"event":{"count":1,"data":{"created":1574783737063,"plugin_type":"PLATFORM","type":"show"},"id":"com.intellij.openapi.progress.util.ProgressDialog$MyDialogWrapper"}}
{"recorder_version":"21","session":"1f808af2fa27","build":"192.6262.58","bucket":"189","time":1574783738189,"group":{"id":"lifecycle","version":"21"},"event":{"count":1,"data":{"created":1574783738189,"project":"92ddc83aceaa9edad1485397ccc1680a8fd16623aa2c155379eac4aafdb2a559"},"id":"project.opened"}}
{"recorder_version":"21","session":"1f808af2fa27","build":"192.6262.58","bucket":"189","time":1574783739774,"group":{"id":"settings","version":"4"},"event":{"state":true,"data":{"component":"XmlEditorOptions","created":1574783739774},"id":"invoked"}}
{"recorder_version":"21","session":"1f808af2fa27","build":"192.6262.58","bucket":"189","time":1574783740053,"group":{"id":"toolwindow","version":"21"},"event":{"count":1,"data":{"os":"Mac","created":1574783740053,"plugin_type":"PLATFORM"},"id":"Project"}}
{"recorder_version":"21","session":"1f808af2fa27","build":"192.6262.58","bucket":"189","time":1574783742292,"group":{"id":"project.fs","version":"1"},"event":{"state":true,"data":{"os":"Mac","cs-project":false,"created":1574783742293,"project":"92ddc83aceaa9edad1485397ccc1680a8fd16623aa2c155379eac4aafdb2a559","cs-implicit":true,"cs-system":false},"id":"case-sensitivity"}}
{"recorder_version":"21","session":"1f808af2fa27","build":"192.6262.58","bucket":"189","time":1574783742292,"group":{"id":"project.fs","version":"1"},"event":{"state":true,"data":{"created":1574783742294},"id":"invoked"}}
{"recorder_version":"21","session":"1f808af2fa27","build":"192.6262.58","bucket":"189","time":1574783742296,"group":{"id":"project.fs","version":"1"},"event":{"state":true,"data":{"pct-non-watched":0,"created":1574783742296,"project":"92ddc83aceaa9edad1485397ccc1680a8fd16623aa2c155379eac4aafdb2a559"},"id":"roots-watched"}}
{"recorder_version":"21","session":"1f808af2fa27","build":"192.6262.58","bucket":"189","time":1574783742296,"group":{"id":"project.fs","version":"1"},"event":{"state":true,"data":{"created":1574783742296},"id":"invoked"}}
{"recorder_version":"21","session":"1f808af2fa27","build":"192.6262.58","bucket":"189","time":1574783742399,"group":{"id":"ui.dialogs","version":"21"},"event":{"count":1,"data":{"code":1,"created":1574783742399,"plugin_type":"PLATFORM","type":"close"},"id":"com.intellij.openapi.progress.util.ProgressDialog$MyDialogWrapper"}}
{"recorder_version":"21","session":"1f808af2fa27","build":"192.6262.58","bucket":"189","time":1574783742901,"group":{"id":"lifecycle","version":"21"},"event":{"count":1,"data":{"duration_ms":6098,"created":1574783742901,"project":"92ddc83aceaa9edad1485397ccc1680a8fd16623aa2c155379eac4aafdb2a559"},"id":"project.opening.finished"}}
{"recorder_version":"21","session":"1f808af2fa27","build":"192.6262.58","bucket":"189","time":1574783744463,"group":{"id":"kotlin.jps.target","version":"1"},"event":{"count":1,"data":{"plugin_version":"1.3.41-release-IJ2019.2-1","created":1574783744463},"id":"jvm"}}
{"recorder_version":"21","session":"1f808af2fa27","build":"192.6262.58","bucket":"189","time":1574783745663,"group":{"id":"file.types.usage","version":"21"},"event":{"count":1,"data":{"created":1574783745664,"plugin_type":"PLATFORM","project":"92ddc83aceaa9edad1485397ccc1680a8fd16623aa2c155379eac4aafdb2a559","type":"edit"},"id":"IDEA_MODULE"}}
{"recorder_version":"21","session":"1f808af2fa27","build":"192.6262.58","bucket":"189","time":1574783750699,"group":{"id":"actions","version":"21"},"event":{"count":4,"data":{"context_menu":false,"last":1574783757245,"current_file":"TEXT","created":1574783750699,"plugin_type":"PLATFORM","project":"92ddc83aceaa9edad1485397ccc1680a8fd16623aa2c155379eac4aafdb2a559","place":"keyboard_shortcut","class":"com.intellij.openapi.editor.actions.EnterAction","input_event":"Enter"},"id":"EditorEnter"}}
{"recorder_version":"21","session":"1f808af2fa27","build":"192.6262.58","bucket":"189","time":1574783758270,"group":{"id":"lifecycle","version":"21"},"event":{"count":1,"data":{"created":1574783758270,"project":"92ddc83aceaa9edad1485397ccc1680a8fd16623aa2c155379eac4aafdb2a559"},"id":"frame.deactivated"}}
{"recorder_version":"21","session":"1f808af2fa27","build":"192.6262.58","bucket":"189","time":1574783798740,"group":{"id":"lifecycle","version":"21"},"event":{"count":1,"data":{"created":1574783798740,"project":"92ddc83aceaa9edad1485397ccc1680a8fd16623aa2c155379eac4aafdb2a559"},"id":"frame.activated"}}
{"recorder_version":"21","session":"1f808af2fa27","build":"192.6262.58","bucket":"189","time":1574783802480,"group":{"id":"lifecycle","version":"21"},"event":{"count":1,"data":{"created":1574783802480,"project":"92ddc83aceaa9edad1485397ccc1680a8fd16623aa2c155379eac4aafdb2a559"},"id":"frame.deactivated"}}
{"recorder_version":"21","session":"1f808af2fa27","build":"192.6262.58","bucket":"189","time":1574783837141,"group":{"id":"performance","version":"21"},"event":{"count":1,"data":{"duration_ms":0,"created":1574783837142},"id":"ui.latency"}}
{"recorder_version":"21","session":"1f808af2fa27","build":"192.6262.58","bucket":"189","time":1574783843753,"group":{"id":"lifecycle","version":"21"},"event":{"count":1,"data":{"created":1574783843754,"project":"92ddc83aceaa9edad1485397ccc1680a8fd16623aa2c155379eac4aafdb2a559"},"id":"frame.activated"}}
{"recorder_version":"21","session":"1f808af2fa27","build":"192.6262.58","bucket":"189","time":1574783844666,"group":{"id":"lifecycle","version":"21"},"event":{"count":1,"data":{"restart":false,"created":1574783844666},"id":"ide.close"}}
{"recorder_version":"21","session":"1f808af2fa27","build":"192.6262.58","bucket":"189","time":1574783844742,"group":{"id":"lifecycle","version":"21"},"event":{"count":1,"data":{"created":1574783844742,"project":"92ddc83aceaa9edad1485397ccc1680a8fd16623aa2c155379eac4aafdb2a559"},"id":"project.closed"}}
