{"recorder_version":"21","session":"d1e301863b1e","build":"192.6262.58","bucket":"189","time":1574884462082,"group":{"id":"settings","version":"4"},"event":{"state":true,"data":{"component":"NotRoamableUiSettings","created":1574884462222},"id":"invoked"}}
{"recorder_version":"21","session":"d1e301863b1e","build":"192.6262.58","bucket":"189","time":1574884462084,"group":{"id":"system.java","version":"1"},"event":{"state":true,"data":{"created":1574884462224,"version":"1.11"},"id":"JetBrains"}}
{"recorder_version":"21","session":"d1e301863b1e","build":"192.6262.58","bucket":"189","time":1574884462084,"group":{"id":"system.java","version":"1"},"event":{"state":true,"data":{"created":1574884462231},"id":"invoked"}}
{"recorder_version":"21","session":"d1e301863b1e","build":"192.6262.58","bucket":"189","time":1574884462084,"group":{"id":"settings","version":"4"},"event":{"state":true,"data":{"component":"UISettings","created":1574884462232},"id":"invoked"}}
{"recorder_version":"21","session":"d1e301863b1e","build":"192.6262.58","bucket":"189","time":1574884462106,"group":{"id":"system.os","version":"3"},"event":{"state":true,"data":{"created":1574884462233,"version":"10.14"},"id":"Mac"}}
{"recorder_version":"21","session":"d1e301863b1e","build":"192.6262.58","bucket":"189","time":1574884462106,"group":{"id":"system.os","version":"3"},"event":{"state":true,"data":{"created":1574884462234,"name":"Mac","version":"10.14"},"id":"os.name"}}
{"recorder_version":"21","session":"d1e301863b1e","build":"192.6262.58","bucket":"189","time":1574884462106,"group":{"id":"system.os","version":"3"},"event":{"state":true,"data":{"created":1574884462235,"value":"+09_00"},"id":"os.timezone"}}
{"recorder_version":"21","session":"d1e301863b1e","build":"192.6262.58","bucket":"189","time":1574884462106,"group":{"id":"system.os","version":"3"},"event":{"state":true,"data":{"created":1574884462235},"id":"invoked"}}
{"recorder_version":"21","session":"d1e301863b1e","build":"192.6262.58","bucket":"189","time":1574884462221,"group":{"id":"event.log","version":"21"},"event":{"count":1,"data":{"created":1574884462236,"version":"746.0"},"id":"whitelist.loaded"}}
{"recorder_version":"21","session":"d1e301863b1e","build":"192.6262.58","bucket":"189","time":1574884464617,"group":{"id":"settings","version":"4"},"event":{"state":true,"data":{"component":"UpdatesConfigurable","created":1574884464618,"name":"checkNeeded","type":"bool","value":false},"id":"not.default"}}
{"recorder_version":"21","session":"d1e301863b1e","build":"192.6262.58","bucket":"189","time":1574884464617,"group":{"id":"settings","version":"4"},"event":{"state":true,"data":{"component":"UpdatesConfigurable","created":1574884464619},"id":"invoked"}}
{"recorder_version":"21","session":"d1e301863b1e","build":"192.6262.58","bucket":"189","time":1574884465461,"group":{"id":"lifecycle","version":"21"},"event":{"count":1,"data":{"internal":true,"eap":false,"created":1574884465462},"id":"ide.start"}}
{"recorder_version":"21","session":"d1e301863b1e","build":"192.6262.58","bucket":"189","time":1574884465462,"group":{"id":"settings","version":"4"},"event":{"state":true,"data":{"component":"GeneralSettings","created":1574884465464},"id":"invoked"}}
{"recorder_version":"21","session":"d1e301863b1e","build":"192.6262.58","bucket":"189","time":1574884465498,"group":{"id":"performance","version":"21"},"event":{"count":1,"data":{"duration_ms":572,"created":1574884465498},"id":"ui.latency"}}
{"recorder_version":"21","session":"d1e301863b1e","build":"192.6262.58","bucket":"189","time":1574884465498,"group":{"id":"performance","version":"21"},"event":{"count":1,"data":{"duration_ms":572,"created":1574884465499},"id":"ui.lagging"}}
{"recorder_version":"21","session":"d1e301863b1e","build":"192.6262.58","bucket":"189","time":1574884466107,"group":{"id":"performance","version":"21"},"event":{"count":1,"data":{"duration_ms":181,"created":1574884466107},"id":"ui.lagging"}}
{"recorder_version":"21","session":"d1e301863b1e","build":"192.6262.58","bucket":"189","time":1574884466152,"group":{"id":"settings","version":"4"},"event":{"state":true,"data":{"component":"XmlEditorOptions","created":1574884466152},"id":"invoked"}}
{"recorder_version":"21","session":"d1e301863b1e","build":"192.6262.58","bucket":"189","time":1574884467029,"group":{"id":"performance","version":"21"},"event":{"count":1,"data":{"duration_ms":102,"created":1574884467029},"id":"ui.lagging"}}
{"recorder_version":"21","session":"d1e301863b1e","build":"192.6262.58","bucket":"189","time":1574884467386,"group":{"id":"ui.dialogs","version":"21"},"event":{"count":1,"data":{"created":1574884467388,"plugin_type":"PLATFORM","type":"show"},"id":"com.intellij.openapi.progress.util.ProgressDialog$MyDialogWrapper"}}
{"recorder_version":"21","session":"d1e301863b1e","build":"192.6262.58","bucket":"189","time":1574884468345,"group":{"id":"lifecycle","version":"21"},"event":{"count":1,"data":{"created":1574884468345,"project":"4452600da3b350ab41d92ae108c2baae6ff0ac3ddb31bd67020ee046ec77ac09"},"id":"project.opened"}}
{"recorder_version":"21","session":"d1e301863b1e","build":"192.6262.58","bucket":"189","time":1574884469051,"group":{"id":"performance","version":"21"},"event":{"count":1,"data":{"duration_ms":120,"created":1574884469052},"id":"ui.lagging"}}
{"recorder_version":"21","session":"d1e301863b1e","build":"192.6262.58","bucket":"189","time":1574884470190,"group":{"id":"performance","version":"21"},"event":{"count":1,"data":{"duration_ms":258,"created":1574884470191},"id":"ui.lagging"}}
{"recorder_version":"21","session":"d1e301863b1e","build":"192.6262.58","bucket":"189","time":1574884470759,"group":{"id":"toolwindow","version":"21"},"event":{"count":1,"data":{"os":"Mac","created":1574884470759,"plugin_type":"PLATFORM"},"id":"Project"}}
{"recorder_version":"21","session":"d1e301863b1e","build":"192.6262.58","bucket":"189","time":1574884471119,"group":{"id":"performance","version":"21"},"event":{"count":1,"data":{"duration_ms":184,"created":1574884471119},"id":"ui.lagging"}}
{"recorder_version":"21","session":"d1e301863b1e","build":"192.6262.58","bucket":"189","time":1574884471391,"group":{"id":"ui.tips","version":"2"},"event":{"count":1,"data":{"created":1574884471391,"type":"automatically"},"id":"dialog.shown"}}
{"recorder_version":"21","session":"d1e301863b1e","build":"192.6262.58","bucket":"189","time":1574884471425,"group":{"id":"ui.dialogs","version":"21"},"event":{"count":1,"data":{"created":1574884471425,"plugin_type":"PLATFORM","type":"show"},"id":"com.intellij.ide.util.TipDialog"}}
{"recorder_version":"21","session":"d1e301863b1e","build":"192.6262.58","bucket":"189","time":1574884472466,"group":{"id":"project.fs","version":"1"},"event":{"state":true,"data":{"os":"Mac","cs-project":false,"created":1574884472466,"project":"4452600da3b350ab41d92ae108c2baae6ff0ac3ddb31bd67020ee046ec77ac09","cs-implicit":true,"cs-system":false},"id":"case-sensitivity"}}
{"recorder_version":"21","session":"d1e301863b1e","build":"192.6262.58","bucket":"189","time":1574884472466,"group":{"id":"project.fs","version":"1"},"event":{"state":true,"data":{"created":1574884472467},"id":"invoked"}}
{"recorder_version":"21","session":"d1e301863b1e","build":"192.6262.58","bucket":"189","time":1574884472467,"group":{"id":"project.fs","version":"1"},"event":{"state":true,"data":{"pct-non-watched":0,"created":1574884472467,"project":"4452600da3b350ab41d92ae108c2baae6ff0ac3ddb31bd67020ee046ec77ac09"},"id":"roots-watched"}}
{"recorder_version":"21","session":"d1e301863b1e","build":"192.6262.58","bucket":"189","time":1574884472467,"group":{"id":"project.fs","version":"1"},"event":{"state":true,"data":{"created":1574884472467},"id":"invoked"}}
{"recorder_version":"21","session":"d1e301863b1e","build":"192.6262.58","bucket":"189","time":1574884472553,"group":{"id":"ui.dialogs","version":"21"},"event":{"count":1,"data":{"code":1,"created":1574884472554,"plugin_type":"PLATFORM","type":"close"},"id":"com.intellij.openapi.progress.util.ProgressDialog$MyDialogWrapper"}}
{"recorder_version":"21","session":"d1e301863b1e","build":"192.6262.58","bucket":"189","time":1574884472673,"group":{"id":"lifecycle","version":"21"},"event":{"count":1,"data":{"duration_ms":5578,"created":1574884472674,"project":"4452600da3b350ab41d92ae108c2baae6ff0ac3ddb31bd67020ee046ec77ac09"},"id":"project.opening.finished"}}
{"recorder_version":"21","session":"d1e301863b1e","build":"192.6262.58","bucket":"189","time":1574884472773,"group":{"id":"ui.dialogs","version":"21"},"event":{"count":1,"data":{"code":1,"created":1574884472773,"plugin_type":"PLATFORM","type":"close"},"id":"com.intellij.ide.util.TipDialog"}}
{"recorder_version":"21","session":"d1e301863b1e","build":"192.6262.58","bucket":"189","time":1574884474570,"group":{"id":"kotlin.jps.target","version":"1"},"event":{"count":2,"data":{"plugin_version":"1.3.41-release-IJ2019.2-1","last":1574884474583,"created":1574884474570},"id":"jvm"}}
{"recorder_version":"21","session":"d1e301863b1e","build":"192.6262.58","bucket":"189","time":1574884475042,"group":{"id":"toolwindow","version":"21"},"event":{"count":1,"data":{"os":"Mac","created":1574884475322,"plugin_type":"NOT_LISTED"},"id":"third.party"}}
{"recorder_version":"21","session":"d1e301863b1e","build":"192.6262.58","bucket":"189","time":1574884475232,"group":{"id":"vcs.change.reminder","version":"1"},"event":{"count":1,"data":{"created":1574884475322,"project":"4452600da3b350ab41d92ae108c2baae6ff0ac3ddb31bd67020ee046ec77ac09","execution_time":191},"id":"prediction.calculated"}}
{"recorder_version":"21","session":"d1e301863b1e","build":"192.6262.58","bucket":"189","time":1574884477314,"group":{"id":"actions","version":"21"},"event":{"count":1,"data":{"context_menu":false,"current_file":"JAVA","created":1574884477314,"plugin_type":"PLATFORM","project":"4452600da3b350ab41d92ae108c2baae6ff0ac3ddb31bd67020ee046ec77ac09","place":"keyboard_shortcut","class":"com.intellij.openapi.editor.actions.EscapeAction","input_event":"Escape"},"id":"EditorEscape"}}
{"recorder_version":"21","session":"d1e301863b1e","build":"192.6262.58","bucket":"189","time":1574884477518,"group":{"id":"file.types.usage","version":"21"},"event":{"count":1,"data":{"plugin":"com.intellij.java","created":1574884477518,"plugin_type":"JB_BUNDLED","project":"4452600da3b350ab41d92ae108c2baae6ff0ac3ddb31bd67020ee046ec77ac09","type":"edit"},"id":"JAVA"}}
{"recorder_version":"21","session":"d1e301863b1e","build":"192.6262.58","bucket":"189","time":1574884483450,"group":{"id":"toolwindow","version":"21"},"event":{"count":1,"data":{"os":"Mac","created":1574884483450,"plugin_type":"NOT_LISTED"},"id":"third.party"}}
{"recorder_version":"21","session":"d1e301863b1e","build":"192.6262.58","bucket":"189","time":1574884489006,"group":{"id":"actions","version":"21"},"event":{"count":1,"data":{"context_menu":false,"current_file":"JAVA","created":1574884489006,"plugin_type":"PLATFORM","project":"4452600da3b350ab41d92ae108c2baae6ff0ac3ddb31bd67020ee046ec77ac09","place":"keyboard_shortcut","class":"com.intellij.openapi.editor.actions.EscapeAction","input_event":"Escape"},"id":"EditorEscape"}}
{"recorder_version":"21","session":"d1e301863b1e","build":"192.6262.58","bucket":"189","time":1574884490487,"group":{"id":"actions","version":"21"},"event":{"count":6,"data":{"context_menu":false,"last":1574884495277,"current_file":"JAVA","created":1574884490487,"plugin_type":"PLATFORM","project":"4452600da3b350ab41d92ae108c2baae6ff0ac3ddb31bd67020ee046ec77ac09","place":"keyboard_shortcut","class":"com.intellij.openapi.editor.actions.BackspaceAction","input_event":"Backspace"},"id":"EditorBackSpace"}}
{"recorder_version":"21","session":"d1e301863b1e","build":"192.6262.58","bucket":"189","time":1574884508396,"group":{"id":"actions","version":"21"},"event":{"count":6,"data":{"context_menu":false,"last":1574884516613,"current_file":"JAVA","created":1574884508397,"plugin_type":"PLATFORM","project":"4452600da3b350ab41d92ae108c2baae6ff0ac3ddb31bd67020ee046ec77ac09","place":"keyboard_shortcut","class":"com.intellij.openapi.editor.actions.BackspaceAction","input_event":"Backspace"},"id":"EditorBackSpace"}}
{"recorder_version":"21","session":"d1e301863b1e","build":"192.6262.58","bucket":"189","time":1574884521281,"group":{"id":"toolwindow","version":"21"},"event":{"count":1,"data":{"os":"Mac","created":1574884521281,"plugin_type":"PLATFORM"},"id":"Project"}}
{"recorder_version":"21","session":"d1e301863b1e","build":"192.6262.58","bucket":"189","time":1574884523202,"group":{"id":"performance","version":"21"},"event":{"count":1,"data":{"duration_ms":163,"created":1574884523202},"id":"ui.lagging"}}
{"recorder_version":"21","session":"d1e301863b1e","build":"192.6262.58","bucket":"189","time":1574884523263,"group":{"id":"ui.dialogs","version":"21"},"event":{"count":1,"data":{"created":1574884523263,"plugin_type":"PLATFORM","type":"show"},"id":"com.intellij.openapi.progress.util.ProgressDialog$MyDialogWrapper"}}
{"recorder_version":"21","session":"d1e301863b1e","build":"192.6262.58","bucket":"189","time":1574884523332,"group":{"id":"lifecycle","version":"21"},"event":{"count":1,"data":{"created":1574884523332,"project":"4452600da3b350ab41d92ae108c2baae6ff0ac3ddb31bd67020ee046ec77ac09"},"id":"project.closed"}}
{"recorder_version":"21","session":"d1e301863b1e","build":"192.6262.58","bucket":"189","time":1574884523395,"group":{"id":"ui.dialogs","version":"21"},"event":{"count":1,"data":{"code":1,"created":1574884523395,"plugin_type":"PLATFORM","type":"close"},"id":"com.intellij.openapi.progress.util.ProgressDialog$MyDialogWrapper"}}
{"recorder_version":"21","session":"d1e301863b1e","build":"192.6262.58","bucket":"189","time":1574884529479,"group":{"id":"lifecycle","version":"21"},"event":{"count":1,"data":{"restart":false,"created":1574884529480},"id":"ide.close"}}
