{"recorder_version":"21","session":"e7e90c93b0f6","build":"192.6262.58","bucket":"189","time":1574784569678,"group":{"id":"settings","version":"4"},"event":{"state":true,"data":{"component":"NotRoamableUiSettings","created":1574784569841},"id":"invoked"}}
{"recorder_version":"21","session":"e7e90c93b0f6","build":"192.6262.58","bucket":"189","time":1574784569680,"group":{"id":"system.java","version":"1"},"event":{"state":true,"data":{"created":1574784569843,"version":"1.11"},"id":"JetBrains"}}
{"recorder_version":"21","session":"e7e90c93b0f6","build":"192.6262.58","bucket":"189","time":1574784569680,"group":{"id":"system.java","version":"1"},"event":{"state":true,"data":{"created":1574784569851},"id":"invoked"}}
{"recorder_version":"21","session":"e7e90c93b0f6","build":"192.6262.58","bucket":"189","time":1574784569680,"group":{"id":"settings","version":"4"},"event":{"state":true,"data":{"component":"UISettings","created":1574784569852},"id":"invoked"}}
{"recorder_version":"21","session":"e7e90c93b0f6","build":"192.6262.58","bucket":"189","time":1574784569707,"group":{"id":"system.os","version":"3"},"event":{"state":true,"data":{"created":1574784569853,"version":"10.14"},"id":"Mac"}}
{"recorder_version":"21","session":"e7e90c93b0f6","build":"192.6262.58","bucket":"189","time":1574784569707,"group":{"id":"system.os","version":"3"},"event":{"state":true,"data":{"created":1574784569854,"name":"Mac","version":"10.14"},"id":"os.name"}}
{"recorder_version":"21","session":"e7e90c93b0f6","build":"192.6262.58","bucket":"189","time":1574784569707,"group":{"id":"system.os","version":"3"},"event":{"state":true,"data":{"created":1574784569856,"value":"+09_00"},"id":"os.timezone"}}
{"recorder_version":"21","session":"e7e90c93b0f6","build":"192.6262.58","bucket":"189","time":1574784569707,"group":{"id":"system.os","version":"3"},"event":{"state":true,"data":{"created":1574784569858},"id":"invoked"}}
{"recorder_version":"21","session":"e7e90c93b0f6","build":"192.6262.58","bucket":"189","time":1574784569841,"group":{"id":"event.log","version":"21"},"event":{"count":1,"data":{"created":1574784569858,"version":"925.0"},"id":"whitelist.loaded"}}
{"recorder_version":"21","session":"e7e90c93b0f6","build":"192.6262.58","bucket":"189","time":1574784572011,"group":{"id":"settings","version":"4"},"event":{"state":true,"data":{"component":"UpdatesConfigurable","created":1574784572012,"name":"checkNeeded","type":"bool","value":false},"id":"not.default"}}
{"recorder_version":"21","session":"e7e90c93b0f6","build":"192.6262.58","bucket":"189","time":1574784572011,"group":{"id":"settings","version":"4"},"event":{"state":true,"data":{"component":"UpdatesConfigurable","created":1574784572012},"id":"invoked"}}
{"recorder_version":"21","session":"e7e90c93b0f6","build":"192.6262.58","bucket":"189","time":1574784572626,"group":{"id":"lifecycle","version":"21"},"event":{"count":1,"data":{"internal":true,"eap":false,"created":1574784572627},"id":"ide.start"}}
{"recorder_version":"21","session":"e7e90c93b0f6","build":"192.6262.58","bucket":"189","time":1574784572630,"group":{"id":"settings","version":"4"},"event":{"state":true,"data":{"component":"GeneralSettings","created":1574784572631,"name":"confirmExit","type":"bool","value":false},"id":"not.default"}}
{"recorder_version":"21","session":"e7e90c93b0f6","build":"192.6262.58","bucket":"189","time":1574784572630,"group":{"id":"settings","version":"4"},"event":{"state":true,"data":{"component":"GeneralSettings","created":1574784572632,"name":"showTipsOnStartup","type":"bool","value":false},"id":"not.default"}}
{"recorder_version":"21","session":"e7e90c93b0f6","build":"192.6262.58","bucket":"189","time":1574784572631,"group":{"id":"settings","version":"4"},"event":{"state":true,"data":{"component":"GeneralSettings","created":1574784572633},"id":"invoked"}}
{"recorder_version":"21","session":"e7e90c93b0f6","build":"192.6262.58","bucket":"189","time":1574784572717,"group":{"id":"performance","version":"21"},"event":{"count":1,"data":{"duration_ms":54,"created":1574784572718},"id":"ui.latency"}}
{"recorder_version":"21","session":"e7e90c93b0f6","build":"192.6262.58","bucket":"189","time":1574784573271,"group":{"id":"settings","version":"4"},"event":{"state":true,"data":{"component":"XmlEditorOptions","created":1574784573271},"id":"invoked"}}
{"recorder_version":"21","session":"e7e90c93b0f6","build":"192.6262.58","bucket":"189","time":1574784573789,"group":{"id":"performance","version":"21"},"event":{"count":1,"data":{"duration_ms":125,"created":1574784573790},"id":"ui.lagging"}}
{"recorder_version":"21","session":"e7e90c93b0f6","build":"192.6262.58","bucket":"189","time":1574784574576,"group":{"id":"ui.dialogs","version":"21"},"event":{"count":1,"data":{"created":1574784574576,"plugin_type":"PLATFORM","type":"show"},"id":"com.intellij.openapi.progress.util.ProgressDialog$MyDialogWrapper"}}
{"recorder_version":"21","session":"e7e90c93b0f6","build":"192.6262.58","bucket":"189","time":1574784575507,"group":{"id":"lifecycle","version":"21"},"event":{"count":1,"data":{"created":1574784575508,"project":"92ddc83aceaa9edad1485397ccc1680a8fd16623aa2c155379eac4aafdb2a559"},"id":"project.opened"}}
{"recorder_version":"21","session":"e7e90c93b0f6","build":"192.6262.58","bucket":"189","time":1574784575994,"group":{"id":"performance","version":"21"},"event":{"count":1,"data":{"duration_ms":327,"created":1574784575994},"id":"ui.lagging"}}
{"recorder_version":"21","session":"e7e90c93b0f6","build":"192.6262.58","bucket":"189","time":1574784577175,"group":{"id":"performance","version":"21"},"event":{"count":1,"data":{"duration_ms":505,"created":1574784577175},"id":"ui.lagging"}}
{"recorder_version":"21","session":"e7e90c93b0f6","build":"192.6262.58","bucket":"189","time":1574784577334,"group":{"id":"toolwindow","version":"21"},"event":{"count":1,"data":{"os":"Mac","created":1574784577334,"plugin_type":"PLATFORM"},"id":"Project"}}
{"recorder_version":"21","session":"e7e90c93b0f6","build":"192.6262.58","bucket":"189","time":1574784577803,"group":{"id":"performance","version":"21"},"event":{"count":1,"data":{"duration_ms":128,"created":1574784577803},"id":"ui.lagging"}}
{"recorder_version":"21","session":"e7e90c93b0f6","build":"192.6262.58","bucket":"189","time":1574784578872,"group":{"id":"kotlin.jps.target","version":"1"},"event":{"count":1,"data":{"plugin_version":"1.3.41-release-IJ2019.2-1","created":1574784578872},"id":"jvm"}}
{"recorder_version":"21","session":"e7e90c93b0f6","build":"192.6262.58","bucket":"189","time":1574784578912,"group":{"id":"project.fs","version":"1"},"event":{"state":true,"data":{"os":"Mac","cs-project":false,"created":1574784578913,"project":"92ddc83aceaa9edad1485397ccc1680a8fd16623aa2c155379eac4aafdb2a559","cs-implicit":true,"cs-system":false},"id":"case-sensitivity"}}
{"recorder_version":"21","session":"e7e90c93b0f6","build":"192.6262.58","bucket":"189","time":1574784578912,"group":{"id":"project.fs","version":"1"},"event":{"state":true,"data":{"created":1574784578913},"id":"invoked"}}
{"recorder_version":"21","session":"e7e90c93b0f6","build":"192.6262.58","bucket":"189","time":1574784578914,"group":{"id":"project.fs","version":"1"},"event":{"state":true,"data":{"pct-non-watched":0,"created":1574784578914,"project":"92ddc83aceaa9edad1485397ccc1680a8fd16623aa2c155379eac4aafdb2a559"},"id":"roots-watched"}}
{"recorder_version":"21","session":"e7e90c93b0f6","build":"192.6262.58","bucket":"189","time":1574784578914,"group":{"id":"project.fs","version":"1"},"event":{"state":true,"data":{"created":1574784578914},"id":"invoked"}}
{"recorder_version":"21","session":"e7e90c93b0f6","build":"192.6262.58","bucket":"189","time":1574784578982,"group":{"id":"ui.dialogs","version":"21"},"event":{"count":1,"data":{"code":1,"created":1574784578982,"plugin_type":"PLATFORM","type":"close"},"id":"com.intellij.openapi.progress.util.ProgressDialog$MyDialogWrapper"}}
{"recorder_version":"21","session":"e7e90c93b0f6","build":"192.6262.58","bucket":"189","time":1574784579068,"group":{"id":"lifecycle","version":"21"},"event":{"count":1,"data":{"duration_ms":4764,"created":1574784579068,"project":"92ddc83aceaa9edad1485397ccc1680a8fd16623aa2c155379eac4aafdb2a559"},"id":"project.opening.finished"}}
{"recorder_version":"21","session":"e7e90c93b0f6","build":"192.6262.58","bucket":"189","time":1574784581591,"group":{"id":"lifecycle","version":"21"},"event":{"count":1,"data":{"created":1574784581592,"project":"92ddc83aceaa9edad1485397ccc1680a8fd16623aa2c155379eac4aafdb2a559"},"id":"frame.deactivated"}}
{"recorder_version":"21","session":"e7e90c93b0f6","build":"192.6262.58","bucket":"189","time":1574784586327,"group":{"id":"lifecycle","version":"21"},"event":{"count":1,"data":{"created":1574784586327,"project":"92ddc83aceaa9edad1485397ccc1680a8fd16623aa2c155379eac4aafdb2a559"},"id":"frame.activated"}}
{"recorder_version":"21","session":"e7e90c93b0f6","build":"192.6262.58","bucket":"189","time":1574784588768,"group":{"id":"file.types.usage","version":"21"},"event":{"count":1,"data":{"created":1574784588768,"plugin_type":"PLATFORM","project":"92ddc83aceaa9edad1485397ccc1680a8fd16623aa2c155379eac4aafdb2a559","type":"edit"},"id":"IDEA_MODULE"}}
{"recorder_version":"21","session":"e7e90c93b0f6","build":"192.6262.58","bucket":"189","time":1574784590435,"group":{"id":"actions","version":"21"},"event":{"count":3,"data":{"context_menu":false,"last":1574784592006,"current_file":"TEXT","created":1574784590435,"plugin_type":"PLATFORM","project":"92ddc83aceaa9edad1485397ccc1680a8fd16623aa2c155379eac4aafdb2a559","place":"keyboard_shortcut","class":"com.intellij.openapi.editor.actions.EnterAction","input_event":"Enter"},"id":"EditorEnter"}}
{"recorder_version":"21","session":"e7e90c93b0f6","build":"192.6262.58","bucket":"189","time":1574784594648,"group":{"id":"actions","version":"21"},"event":{"count":1,"data":{"context_menu":false,"current_file":"TEXT","created":1574784594648,"plugin_type":"PLATFORM","project":"92ddc83aceaa9edad1485397ccc1680a8fd16623aa2c155379eac4aafdb2a559","place":"keyboard_shortcut","class":"com.intellij.openapi.editor.actions.BackspaceAction","input_event":"Backspace"},"id":"EditorBackSpace"}}
{"recorder_version":"21","session":"e7e90c93b0f6","build":"192.6262.58","bucket":"189","time":1574784596785,"group":{"id":"lifecycle","version":"21"},"event":{"count":1,"data":{"created":1574784596785,"project":"92ddc83aceaa9edad1485397ccc1680a8fd16623aa2c155379eac4aafdb2a559"},"id":"project.closed"}}
{"recorder_version":"21","session":"e7e90c93b0f6","build":"192.6262.58","bucket":"189","time":1574784672928,"group":{"id":"performance","version":"21"},"event":{"count":1,"data":{"duration_ms":1,"created":1574784672928},"id":"ui.latency"}}
{"recorder_version":"21","session":"e7e90c93b0f6","build":"192.6262.58","bucket":"189","time":1574784753281,"group":{"id":"lifecycle","version":"21"},"event":{"count":1,"data":{"restart":false,"created":1574784753282},"id":"ide.close"}}
