{"recorder_version":"21","session":"459e76197d17","build":"192.6262.58","bucket":"189","time":1575349797312,"group":{"id":"settings","version":"4"},"event":{"state":true,"data":{"component":"NotRoamableUiSettings","created":1575349797485},"id":"invoked"}}
{"recorder_version":"21","session":"459e76197d17","build":"192.6262.58","bucket":"189","time":1575349797314,"group":{"id":"system.java","version":"1"},"event":{"state":true,"data":{"created":1575349797488,"version":"1.11"},"id":"JetBrains"}}
{"recorder_version":"21","session":"459e76197d17","build":"192.6262.58","bucket":"189","time":1575349797314,"group":{"id":"system.java","version":"1"},"event":{"state":true,"data":{"created":1575349797495},"id":"invoked"}}
{"recorder_version":"21","session":"459e76197d17","build":"192.6262.58","bucket":"189","time":1575349797315,"group":{"id":"settings","version":"4"},"event":{"state":true,"data":{"component":"UISettings","created":1575349797496},"id":"invoked"}}
{"recorder_version":"21","session":"459e76197d17","build":"192.6262.58","bucket":"189","time":1575349797336,"group":{"id":"system.os","version":"3"},"event":{"state":true,"data":{"created":1575349797496,"version":"10.14"},"id":"Mac"}}
{"recorder_version":"21","session":"459e76197d17","build":"192.6262.58","bucket":"189","time":1575349797336,"group":{"id":"system.os","version":"3"},"event":{"state":true,"data":{"created":1575349797497,"name":"Mac","version":"10.14"},"id":"os.name"}}
{"recorder_version":"21","session":"459e76197d17","build":"192.6262.58","bucket":"189","time":1575349797336,"group":{"id":"system.os","version":"3"},"event":{"state":true,"data":{"created":1575349797498,"value":"+09_00"},"id":"os.timezone"}}
{"recorder_version":"21","session":"459e76197d17","build":"192.6262.58","bucket":"189","time":1575349797336,"group":{"id":"system.os","version":"3"},"event":{"state":true,"data":{"created":1575349797499},"id":"invoked"}}
{"recorder_version":"21","session":"459e76197d17","build":"192.6262.58","bucket":"189","time":1575349797485,"group":{"id":"event.log","version":"21"},"event":{"count":1,"data":{"created":1575349797499,"version":"943.0"},"id":"whitelist.loaded"}}
{"recorder_version":"21","session":"459e76197d17","build":"192.6262.58","bucket":"189","time":1575349799636,"group":{"id":"settings","version":"4"},"event":{"state":true,"data":{"component":"UpdatesConfigurable","created":1575349799637,"name":"checkNeeded","type":"bool","value":false},"id":"not.default"}}
{"recorder_version":"21","session":"459e76197d17","build":"192.6262.58","bucket":"189","time":1575349799637,"group":{"id":"settings","version":"4"},"event":{"state":true,"data":{"component":"UpdatesConfigurable","created":1575349799638},"id":"invoked"}}
{"recorder_version":"21","session":"459e76197d17","build":"192.6262.58","bucket":"189","time":1575349799750,"group":{"id":"settings","version":"4"},"event":{"state":true,"data":{"component":"GeneralSettings","created":1575349799750,"name":"confirmExit","type":"bool","value":false},"id":"not.default"}}
{"recorder_version":"21","session":"459e76197d17","build":"192.6262.58","bucket":"189","time":1575349799750,"group":{"id":"settings","version":"4"},"event":{"state":true,"data":{"component":"GeneralSettings","created":1575349799754,"name":"showTipsOnStartup","type":"bool","value":false},"id":"not.default"}}
{"recorder_version":"21","session":"459e76197d17","build":"192.6262.58","bucket":"189","time":1575349799750,"group":{"id":"settings","version":"4"},"event":{"state":true,"data":{"component":"GeneralSettings","created":1575349799754},"id":"invoked"}}
{"recorder_version":"21","session":"459e76197d17","build":"192.6262.58","bucket":"189","time":1575349799753,"group":{"id":"lifecycle","version":"21"},"event":{"count":1,"data":{"internal":true,"eap":false,"created":1575349799755},"id":"ide.start"}}
{"recorder_version":"21","session":"459e76197d17","build":"192.6262.58","bucket":"189","time":1575349800043,"group":{"id":"lifecycle","version":"21"},"event":{"count":1,"data":{"created":1575349800043},"id":"frame.activated"}}
{"recorder_version":"21","session":"459e76197d17","build":"192.6262.58","bucket":"189","time":1575349800182,"group":{"id":"performance","version":"21"},"event":{"count":1,"data":{"duration_ms":15,"created":1575349800182},"id":"ui.latency"}}
{"recorder_version":"21","session":"459e76197d17","build":"192.6262.58","bucket":"189","time":1575349800521,"group":{"id":"ui.dialogs","version":"21"},"event":{"count":1,"data":{"created":1575349800522,"plugin_type":"PLATFORM","type":"show"},"id":"com.intellij.openapi.progress.util.ProgressDialog$MyDialogWrapper"}}
{"recorder_version":"21","session":"459e76197d17","build":"192.6262.58","bucket":"189","time":1575349801685,"group":{"id":"lifecycle","version":"21"},"event":{"count":1,"data":{"created":1575349801685,"project":"4452600da3b350ab41d92ae108c2baae6ff0ac3ddb31bd67020ee046ec77ac09"},"id":"project.opened"}}
{"recorder_version":"21","session":"459e76197d17","build":"192.6262.58","bucket":"189","time":1575349802392,"group":{"id":"performance","version":"21"},"event":{"count":1,"data":{"duration_ms":221,"created":1575349802392},"id":"ui.lagging"}}
{"recorder_version":"21","session":"459e76197d17","build":"192.6262.58","bucket":"189","time":1575349803383,"group":{"id":"settings","version":"4"},"event":{"state":true,"data":{"component":"XmlEditorOptions","created":1575349803383},"id":"invoked"}}
{"recorder_version":"21","session":"459e76197d17","build":"192.6262.58","bucket":"189","time":1575349803467,"group":{"id":"performance","version":"21"},"event":{"count":1,"data":{"duration_ms":294,"created":1575349803467},"id":"ui.lagging"}}
{"recorder_version":"21","session":"459e76197d17","build":"192.6262.58","bucket":"189","time":1575349804131,"group":{"id":"toolwindow","version":"21"},"event":{"count":1,"data":{"os":"Mac","created":1575349804131,"plugin_type":"PLATFORM"},"id":"Project"}}
{"recorder_version":"21","session":"459e76197d17","build":"192.6262.58","bucket":"189","time":1575349804960,"group":{"id":"performance","version":"21"},"event":{"count":1,"data":{"duration_ms":787,"created":1575349804961},"id":"ui.lagging"}}
{"recorder_version":"21","session":"459e76197d17","build":"192.6262.58","bucket":"189","time":1575349805409,"group":{"id":"performance","version":"21"},"event":{"count":1,"data":{"duration_ms":229,"created":1575349805409},"id":"ui.lagging"}}
{"recorder_version":"21","session":"459e76197d17","build":"192.6262.58","bucket":"189","time":1575349806350,"group":{"id":"performance","version":"21"},"event":{"count":1,"data":{"duration_ms":167,"created":1575349806350},"id":"ui.lagging"}}
{"recorder_version":"21","session":"459e76197d17","build":"192.6262.58","bucket":"189","time":1575349806549,"group":{"id":"project.fs","version":"1"},"event":{"state":true,"data":{"os":"Mac","cs-project":false,"created":1575349806549,"project":"4452600da3b350ab41d92ae108c2baae6ff0ac3ddb31bd67020ee046ec77ac09","cs-implicit":true,"cs-system":false},"id":"case-sensitivity"}}
{"recorder_version":"21","session":"459e76197d17","build":"192.6262.58","bucket":"189","time":1575349806549,"group":{"id":"project.fs","version":"1"},"event":{"state":true,"data":{"created":1575349806549},"id":"invoked"}}
{"recorder_version":"21","session":"459e76197d17","build":"192.6262.58","bucket":"189","time":1575349806549,"group":{"id":"project.fs","version":"1"},"event":{"state":true,"data":{"pct-non-watched":0,"created":1575349806549,"project":"4452600da3b350ab41d92ae108c2baae6ff0ac3ddb31bd67020ee046ec77ac09"},"id":"roots-watched"}}
{"recorder_version":"21","session":"459e76197d17","build":"192.6262.58","bucket":"189","time":1575349806549,"group":{"id":"project.fs","version":"1"},"event":{"state":true,"data":{"created":1575349806550},"id":"invoked"}}
{"recorder_version":"21","session":"459e76197d17","build":"192.6262.58","bucket":"189","time":1575349806655,"group":{"id":"ui.dialogs","version":"21"},"event":{"count":1,"data":{"code":1,"created":1575349806655,"plugin_type":"PLATFORM","type":"close"},"id":"com.intellij.openapi.progress.util.ProgressDialog$MyDialogWrapper"}}
{"recorder_version":"21","session":"459e76197d17","build":"192.6262.58","bucket":"189","time":1575349806819,"group":{"id":"lifecycle","version":"21"},"event":{"count":1,"data":{"duration_ms":6545,"created":1575349806820,"project":"4452600da3b350ab41d92ae108c2baae6ff0ac3ddb31bd67020ee046ec77ac09"},"id":"project.opening.finished"}}
{"recorder_version":"21","session":"459e76197d17","build":"192.6262.58","bucket":"189","time":1575349807348,"group":{"id":"performance","version":"21"},"event":{"count":1,"data":{"duration_ms":163,"created":1575349807348},"id":"ui.lagging"}}
{"recorder_version":"21","session":"459e76197d17","build":"192.6262.58","bucket":"189","time":1575349807710,"group":{"id":"kotlin.jps.target","version":"1"},"event":{"count":2,"data":{"plugin_version":"validation.undefined_rule","last":1575349807710,"created":1575349807710},"id":"validation.undefined_rule"}}
{"recorder_version":"21","session":"459e76197d17","build":"192.6262.58","bucket":"189","time":1575349808505,"group":{"id":"vcs.change.reminder","version":"1"},"event":{"count":1,"data":{"created":1575349808505,"project":"4452600da3b350ab41d92ae108c2baae6ff0ac3ddb31bd67020ee046ec77ac09","execution_time":198},"id":"prediction.calculated"}}
{"recorder_version":"21","session":"459e76197d17","build":"192.6262.58","bucket":"189","time":1575349809302,"group":{"id":"performance","version":"21"},"event":{"count":1,"data":{"duration_ms":111,"created":1575349809302},"id":"ui.lagging"}}
{"recorder_version":"21","session":"459e76197d17","build":"192.6262.58","bucket":"189","time":1575349809359,"group":{"id":"file.types.usage","version":"21"},"event":{"count":1,"data":{"plugin":"com.intellij.java","created":1575349809359,"plugin_type":"JB_BUNDLED","project":"4452600da3b350ab41d92ae108c2baae6ff0ac3ddb31bd67020ee046ec77ac09","type":"edit"},"id":"JAVA"}}
{"recorder_version":"21","session":"459e76197d17","build":"192.6262.58","bucket":"189","time":1575349812445,"group":{"id":"actions","version":"21"},"event":{"count":1,"data":{"context_menu":false,"current_file":"JAVA","created":1575349812445,"plugin_type":"PLATFORM","project":"4452600da3b350ab41d92ae108c2baae6ff0ac3ddb31bd67020ee046ec77ac09","place":"keyboard_shortcut","class":"com.intellij.openapi.editor.actions.EscapeAction","input_event":"Escape"},"id":"EditorEscape"}}
{"recorder_version":"21","session":"459e76197d17","build":"192.6262.58","bucket":"189","time":1575349820014,"group":{"id":"lifecycle","version":"21"},"event":{"count":1,"data":{"created":1575349820015,"project":"4452600da3b350ab41d92ae108c2baae6ff0ac3ddb31bd67020ee046ec77ac09"},"id":"frame.deactivated"}}
{"recorder_version":"21","session":"459e76197d17","build":"192.6262.58","bucket":"189","time":1575349826557,"group":{"id":"lifecycle","version":"21"},"event":{"count":1,"data":{"created":1575349826557,"project":"4452600da3b350ab41d92ae108c2baae6ff0ac3ddb31bd67020ee046ec77ac09"},"id":"frame.activated"}}
{"recorder_version":"21","session":"459e76197d17","build":"192.6262.58","bucket":"189","time":1575349831298,"group":{"id":"lifecycle","version":"21"},"event":{"count":1,"data":{"created":1575349831298,"project":"4452600da3b350ab41d92ae108c2baae6ff0ac3ddb31bd67020ee046ec77ac09"},"id":"frame.deactivated"}}
{"recorder_version":"21","session":"459e76197d17","build":"192.6262.58","bucket":"189","time":1575349834137,"group":{"id":"lifecycle","version":"21"},"event":{"count":1,"data":{"created":1575349834137,"project":"4452600da3b350ab41d92ae108c2baae6ff0ac3ddb31bd67020ee046ec77ac09"},"id":"frame.activated"}}
{"recorder_version":"21","session":"459e76197d17","build":"192.6262.58","bucket":"189","time":1575349835522,"group":{"id":"lifecycle","version":"21"},"event":{"count":1,"data":{"created":1575349835522,"project":"4452600da3b350ab41d92ae108c2baae6ff0ac3ddb31bd67020ee046ec77ac09"},"id":"project.closed"}}
{"recorder_version":"21","session":"459e76197d17","build":"192.6262.58","bucket":"189","time":1575349900434,"group":{"id":"performance","version":"21"},"event":{"count":1,"data":{"duration_ms":1,"created":1575349900434},"id":"ui.latency"}}
{"recorder_version":"21","session":"459e76197d17","build":"192.6262.58","bucket":"189","time":1575349978443,"group":{"id":"lifecycle","version":"21"},"event":{"count":1,"data":{"restart":false,"created":1575349978443},"id":"ide.close"}}
