{"recorder_version":"21","session":"62368d70a183","build":"192.6262.58","bucket":"189","time":1574800653693,"group":{"id":"settings","version":"4"},"event":{"state":true,"data":{"component":"NotRoamableUiSettings","created":1574800653862},"id":"invoked"}}
{"recorder_version":"21","session":"62368d70a183","build":"192.6262.58","bucket":"189","time":1574800653695,"group":{"id":"system.java","version":"1"},"event":{"state":true,"data":{"created":1574800653864,"version":"1.11"},"id":"JetBrains"}}
{"recorder_version":"21","session":"62368d70a183","build":"192.6262.58","bucket":"189","time":1574800653695,"group":{"id":"system.java","version":"1"},"event":{"state":true,"data":{"created":1574800653872},"id":"invoked"}}
{"recorder_version":"21","session":"62368d70a183","build":"192.6262.58","bucket":"189","time":1574800653696,"group":{"id":"settings","version":"4"},"event":{"state":true,"data":{"component":"UISettings","created":1574800653874},"id":"invoked"}}
{"recorder_version":"21","session":"62368d70a183","build":"192.6262.58","bucket":"189","time":1574800653719,"group":{"id":"system.os","version":"3"},"event":{"state":true,"data":{"created":1574800653874,"version":"10.14"},"id":"Mac"}}
{"recorder_version":"21","session":"62368d70a183","build":"192.6262.58","bucket":"189","time":1574800653719,"group":{"id":"system.os","version":"3"},"event":{"state":true,"data":{"created":1574800653876,"name":"Mac","version":"10.14"},"id":"os.name"}}
{"recorder_version":"21","session":"62368d70a183","build":"192.6262.58","bucket":"189","time":1574800653719,"group":{"id":"system.os","version":"3"},"event":{"state":true,"data":{"created":1574800653878,"value":"+09_00"},"id":"os.timezone"}}
{"recorder_version":"21","session":"62368d70a183","build":"192.6262.58","bucket":"189","time":1574800653719,"group":{"id":"system.os","version":"3"},"event":{"state":true,"data":{"created":1574800653878},"id":"invoked"}}
{"recorder_version":"21","session":"62368d70a183","build":"192.6262.58","bucket":"189","time":1574800653862,"group":{"id":"event.log","version":"21"},"event":{"count":1,"data":{"created":1574800653879,"version":"930.0"},"id":"whitelist.loaded"}}
{"recorder_version":"21","session":"62368d70a183","build":"192.6262.58","bucket":"189","time":1574800655982,"group":{"id":"settings","version":"4"},"event":{"state":true,"data":{"component":"UpdatesConfigurable","created":1574800655983,"name":"checkNeeded","type":"bool","value":false},"id":"not.default"}}
{"recorder_version":"21","session":"62368d70a183","build":"192.6262.58","bucket":"189","time":1574800655982,"group":{"id":"settings","version":"4"},"event":{"state":true,"data":{"component":"UpdatesConfigurable","created":1574800655984},"id":"invoked"}}
{"recorder_version":"21","session":"62368d70a183","build":"192.6262.58","bucket":"189","time":1574800656592,"group":{"id":"lifecycle","version":"21"},"event":{"count":1,"data":{"internal":true,"eap":false,"created":1574800656592},"id":"ide.start"}}
{"recorder_version":"21","session":"62368d70a183","build":"192.6262.58","bucket":"189","time":1574800656596,"group":{"id":"settings","version":"4"},"event":{"state":true,"data":{"component":"GeneralSettings","created":1574800656596,"name":"confirmExit","type":"bool","value":false},"id":"not.default"}}
{"recorder_version":"21","session":"62368d70a183","build":"192.6262.58","bucket":"189","time":1574800656596,"group":{"id":"settings","version":"4"},"event":{"state":true,"data":{"component":"GeneralSettings","created":1574800656597,"name":"showTipsOnStartup","type":"bool","value":false},"id":"not.default"}}
{"recorder_version":"21","session":"62368d70a183","build":"192.6262.58","bucket":"189","time":1574800656596,"group":{"id":"settings","version":"4"},"event":{"state":true,"data":{"component":"GeneralSettings","created":1574800656598},"id":"invoked"}}
{"recorder_version":"21","session":"62368d70a183","build":"192.6262.58","bucket":"189","time":1574800656686,"group":{"id":"performance","version":"21"},"event":{"count":1,"data":{"duration_ms":70,"created":1574800656686},"id":"ui.latency"}}
{"recorder_version":"21","session":"62368d70a183","build":"192.6262.58","bucket":"189","time":1574800657379,"group":{"id":"settings","version":"4"},"event":{"state":true,"data":{"component":"XmlEditorOptions","created":1574800657379},"id":"invoked"}}
{"recorder_version":"21","session":"62368d70a183","build":"192.6262.58","bucket":"189","time":1574800657849,"group":{"id":"performance","version":"21"},"event":{"count":1,"data":{"duration_ms":230,"created":1574800657849},"id":"ui.lagging"}}
{"recorder_version":"21","session":"62368d70a183","build":"192.6262.58","bucket":"189","time":1574800658667,"group":{"id":"ui.dialogs","version":"21"},"event":{"count":1,"data":{"created":1574800658668,"plugin_type":"PLATFORM","type":"show"},"id":"com.intellij.openapi.progress.util.ProgressDialog$MyDialogWrapper"}}
{"recorder_version":"21","session":"62368d70a183","build":"192.6262.58","bucket":"189","time":1574800658741,"group":{"id":"performance","version":"21"},"event":{"count":1,"data":{"duration_ms":117,"created":1574800658741},"id":"ui.lagging"}}
{"recorder_version":"21","session":"62368d70a183","build":"192.6262.58","bucket":"189","time":1574800659504,"group":{"id":"lifecycle","version":"21"},"event":{"count":1,"data":{"created":1574800659504,"project":"92ddc83aceaa9edad1485397ccc1680a8fd16623aa2c155379eac4aafdb2a559"},"id":"project.opened"}}
{"recorder_version":"21","session":"62368d70a183","build":"192.6262.58","bucket":"189","time":1574800660192,"group":{"id":"performance","version":"21"},"event":{"count":1,"data":{"duration_ms":565,"created":1574800660193},"id":"ui.lagging"}}
{"recorder_version":"21","session":"62368d70a183","build":"192.6262.58","bucket":"189","time":1574800661418,"group":{"id":"performance","version":"21"},"event":{"count":1,"data":{"duration_ms":786,"created":1574800661418},"id":"ui.lagging"}}
{"recorder_version":"21","session":"62368d70a183","build":"192.6262.58","bucket":"189","time":1574800661676,"group":{"id":"toolwindow","version":"21"},"event":{"count":1,"data":{"os":"Mac","created":1574800661676,"plugin_type":"PLATFORM"},"id":"Project"}}
{"recorder_version":"21","session":"62368d70a183","build":"192.6262.58","bucket":"189","time":1574800663311,"group":{"id":"project.fs","version":"1"},"event":{"state":true,"data":{"os":"Mac","cs-project":false,"created":1574800663312,"project":"92ddc83aceaa9edad1485397ccc1680a8fd16623aa2c155379eac4aafdb2a559","cs-implicit":true,"cs-system":false},"id":"case-sensitivity"}}
{"recorder_version":"21","session":"62368d70a183","build":"192.6262.58","bucket":"189","time":1574800663312,"group":{"id":"project.fs","version":"1"},"event":{"state":true,"data":{"created":1574800663312},"id":"invoked"}}
{"recorder_version":"21","session":"62368d70a183","build":"192.6262.58","bucket":"189","time":1574800663312,"group":{"id":"project.fs","version":"1"},"event":{"state":true,"data":{"pct-non-watched":0,"created":1574800663313,"project":"92ddc83aceaa9edad1485397ccc1680a8fd16623aa2c155379eac4aafdb2a559"},"id":"roots-watched"}}
{"recorder_version":"21","session":"62368d70a183","build":"192.6262.58","bucket":"189","time":1574800663312,"group":{"id":"project.fs","version":"1"},"event":{"state":true,"data":{"created":1574800663314},"id":"invoked"}}
{"recorder_version":"21","session":"62368d70a183","build":"192.6262.58","bucket":"189","time":1574800663345,"group":{"id":"ui.dialogs","version":"21"},"event":{"count":1,"data":{"code":1,"created":1574800663346,"plugin_type":"PLATFORM","type":"close"},"id":"com.intellij.openapi.progress.util.ProgressDialog$MyDialogWrapper"}}
{"recorder_version":"21","session":"62368d70a183","build":"192.6262.58","bucket":"189","time":1574800663463,"group":{"id":"lifecycle","version":"21"},"event":{"count":1,"data":{"duration_ms":5102,"created":1574800663463,"project":"92ddc83aceaa9edad1485397ccc1680a8fd16623aa2c155379eac4aafdb2a559"},"id":"project.opening.finished"}}
{"recorder_version":"21","session":"62368d70a183","build":"192.6262.58","bucket":"189","time":1574800663977,"group":{"id":"kotlin.jps.target","version":"1"},"event":{"count":1,"data":{"plugin_version":"validation.undefined_rule","created":1574800663977},"id":"validation.undefined_rule"}}
{"recorder_version":"21","session":"62368d70a183","build":"192.6262.58","bucket":"189","time":1574800666305,"group":{"id":"file.types.usage","version":"21"},"event":{"count":1,"data":{"created":1574800666305,"plugin_type":"PLATFORM","project":"92ddc83aceaa9edad1485397ccc1680a8fd16623aa2c155379eac4aafdb2a559","type":"edit"},"id":"IDEA_MODULE"}}
{"recorder_version":"21","session":"62368d70a183","build":"192.6262.58","bucket":"189","time":1574800669925,"group":{"id":"actions","version":"21"},"event":{"count":1,"data":{"context_menu":false,"current_file":"TEXT","created":1574800669925,"plugin_type":"PLATFORM","project":"92ddc83aceaa9edad1485397ccc1680a8fd16623aa2c155379eac4aafdb2a559","place":"keyboard_shortcut","class":"com.intellij.openapi.editor.actions.EscapeAction","input_event":"Escape"},"id":"EditorEscape"}}
{"recorder_version":"21","session":"62368d70a183","build":"192.6262.58","bucket":"189","time":1574800674359,"group":{"id":"lifecycle","version":"21"},"event":{"count":1,"data":{"restart":false,"created":1574800674359},"id":"ide.close"}}
{"recorder_version":"21","session":"62368d70a183","build":"192.6262.58","bucket":"189","time":1574800674647,"group":{"id":"lifecycle","version":"21"},"event":{"count":1,"data":{"created":1574800674647,"project":"92ddc83aceaa9edad1485397ccc1680a8fd16623aa2c155379eac4aafdb2a559"},"id":"project.closed"}}
