{"recorder_version":"21","session":"e9537575b98f","build":"192.6262.58","bucket":"189","time":1574435206058,"group":{"id":"settings","version":"4"},"event":{"state":true,"data":{"component":"NotRoamableUiSettings","created":1574435206194},"id":"invoked"}}
{"recorder_version":"21","session":"e9537575b98f","build":"192.6262.58","bucket":"189","time":1574435206059,"group":{"id":"system.java","version":"1"},"event":{"state":true,"data":{"created":1574435206196,"version":"1.11"},"id":"JetBrains"}}
{"recorder_version":"21","session":"e9537575b98f","build":"192.6262.58","bucket":"189","time":1574435206059,"group":{"id":"system.java","version":"1"},"event":{"state":true,"data":{"created":1574435206204},"id":"invoked"}}
{"recorder_version":"21","session":"e9537575b98f","build":"192.6262.58","bucket":"189","time":1574435206060,"group":{"id":"settings","version":"4"},"event":{"state":true,"data":{"component":"UISettings","created":1574435206205},"id":"invoked"}}
{"recorder_version":"21","session":"e9537575b98f","build":"192.6262.58","bucket":"189","time":1574435206086,"group":{"id":"system.os","version":"3"},"event":{"state":true,"data":{"created":1574435206205,"version":"10.14"},"id":"Mac"}}
{"recorder_version":"21","session":"e9537575b98f","build":"192.6262.58","bucket":"189","time":1574435206086,"group":{"id":"system.os","version":"3"},"event":{"state":true,"data":{"created":1574435206206,"name":"Mac","version":"10.14"},"id":"os.name"}}
{"recorder_version":"21","session":"e9537575b98f","build":"192.6262.58","bucket":"189","time":1574435206086,"group":{"id":"system.os","version":"3"},"event":{"state":true,"data":{"created":1574435206207,"value":"+09_00"},"id":"os.timezone"}}
{"recorder_version":"21","session":"e9537575b98f","build":"192.6262.58","bucket":"189","time":1574435206086,"group":{"id":"system.os","version":"3"},"event":{"state":true,"data":{"created":1574435206208},"id":"invoked"}}
{"recorder_version":"21","session":"e9537575b98f","build":"192.6262.58","bucket":"189","time":1574435206193,"group":{"id":"event.log","version":"21"},"event":{"count":1,"data":{"created":1574435206208,"version":"916.0"},"id":"whitelist.loaded"}}
{"recorder_version":"21","session":"e9537575b98f","build":"192.6262.58","bucket":"189","time":1574435208619,"group":{"id":"settings","version":"4"},"event":{"state":true,"data":{"component":"UpdatesConfigurable","created":1574435208620,"name":"checkNeeded","type":"bool","value":false},"id":"not.default"}}
{"recorder_version":"21","session":"e9537575b98f","build":"192.6262.58","bucket":"189","time":1574435208619,"group":{"id":"settings","version":"4"},"event":{"state":true,"data":{"component":"UpdatesConfigurable","created":1574435208621},"id":"invoked"}}
{"recorder_version":"21","session":"e9537575b98f","build":"192.6262.58","bucket":"189","time":1574435209195,"group":{"id":"lifecycle","version":"21"},"event":{"count":1,"data":{"internal":true,"eap":false,"created":1574435209195},"id":"ide.start"}}
{"recorder_version":"21","session":"e9537575b98f","build":"192.6262.58","bucket":"189","time":1574435209199,"group":{"id":"settings","version":"4"},"event":{"state":true,"data":{"component":"GeneralSettings","created":1574435209199,"name":"confirmExit","type":"bool","value":false},"id":"not.default"}}
{"recorder_version":"21","session":"e9537575b98f","build":"192.6262.58","bucket":"189","time":1574435209199,"group":{"id":"settings","version":"4"},"event":{"state":true,"data":{"component":"GeneralSettings","created":1574435209200,"name":"showTipsOnStartup","type":"bool","value":false},"id":"not.default"}}
{"recorder_version":"21","session":"e9537575b98f","build":"192.6262.58","bucket":"189","time":1574435209199,"group":{"id":"settings","version":"4"},"event":{"state":true,"data":{"component":"GeneralSettings","created":1574435209201},"id":"invoked"}}
{"recorder_version":"21","session":"e9537575b98f","build":"192.6262.58","bucket":"189","time":1574435209253,"group":{"id":"performance","version":"21"},"event":{"count":1,"data":{"duration_ms":140,"created":1574435209253},"id":"ui.latency"}}
{"recorder_version":"21","session":"e9537575b98f","build":"192.6262.58","bucket":"189","time":1574435209254,"group":{"id":"performance","version":"21"},"event":{"count":1,"data":{"duration_ms":140,"created":1574435209254},"id":"ui.lagging"}}
{"recorder_version":"21","session":"e9537575b98f","build":"192.6262.58","bucket":"189","time":1574435209935,"group":{"id":"settings","version":"4"},"event":{"state":true,"data":{"component":"XmlEditorOptions","created":1574435209935},"id":"invoked"}}
{"recorder_version":"21","session":"e9537575b98f","build":"192.6262.58","bucket":"189","time":1574435210306,"group":{"id":"performance","version":"21"},"event":{"count":1,"data":{"duration_ms":187,"created":1574435210306},"id":"ui.lagging"}}
{"recorder_version":"21","session":"e9537575b98f","build":"192.6262.58","bucket":"189","time":1574435211064,"group":{"id":"ui.dialogs","version":"21"},"event":{"count":1,"data":{"created":1574435211065,"plugin_type":"PLATFORM","type":"show"},"id":"com.intellij.openapi.progress.util.ProgressDialog$MyDialogWrapper"}}
{"recorder_version":"21","session":"e9537575b98f","build":"192.6262.58","bucket":"189","time":1574435212133,"group":{"id":"lifecycle","version":"21"},"event":{"count":1,"data":{"created":1574435212133,"project":"a0f12fb42952fc36a102045bdbb22ad1f15aa9443e9c675024683f4da70c8bc4"},"id":"project.opened"}}
{"recorder_version":"21","session":"e9537575b98f","build":"192.6262.58","bucket":"189","time":1574435212712,"group":{"id":"performance","version":"21"},"event":{"count":1,"data":{"duration_ms":589,"created":1574435212715},"id":"ui.lagging"}}
{"recorder_version":"21","session":"e9537575b98f","build":"192.6262.58","bucket":"189","time":1574435214113,"group":{"id":"toolwindow","version":"21"},"event":{"count":1,"data":{"os":"Mac","created":1574435214113,"plugin_type":"PLATFORM"},"id":"Project"}}
{"recorder_version":"21","session":"e9537575b98f","build":"192.6262.58","bucket":"189","time":1574435214586,"group":{"id":"performance","version":"21"},"event":{"count":1,"data":{"duration_ms":463,"created":1574435214586},"id":"ui.lagging"}}
{"recorder_version":"21","session":"e9537575b98f","build":"192.6262.58","bucket":"189","time":1574435215810,"group":{"id":"project.fs","version":"1"},"event":{"state":true,"data":{"os":"Mac","cs-project":false,"created":1574435215810,"project":"a0f12fb42952fc36a102045bdbb22ad1f15aa9443e9c675024683f4da70c8bc4","cs-implicit":true,"cs-system":false},"id":"case-sensitivity"}}
{"recorder_version":"21","session":"e9537575b98f","build":"192.6262.58","bucket":"189","time":1574435215810,"group":{"id":"project.fs","version":"1"},"event":{"state":true,"data":{"created":1574435215810},"id":"invoked"}}
{"recorder_version":"21","session":"e9537575b98f","build":"192.6262.58","bucket":"189","time":1574435215811,"group":{"id":"project.fs","version":"1"},"event":{"state":true,"data":{"pct-non-watched":0,"created":1574435215811,"project":"a0f12fb42952fc36a102045bdbb22ad1f15aa9443e9c675024683f4da70c8bc4"},"id":"roots-watched"}}
{"recorder_version":"21","session":"e9537575b98f","build":"192.6262.58","bucket":"189","time":1574435215811,"group":{"id":"project.fs","version":"1"},"event":{"state":true,"data":{"created":1574435215811},"id":"invoked"}}
{"recorder_version":"21","session":"e9537575b98f","build":"192.6262.58","bucket":"189","time":1574435215838,"group":{"id":"ui.dialogs","version":"21"},"event":{"count":1,"data":{"code":1,"created":1574435215838,"plugin_type":"PLATFORM","type":"close"},"id":"com.intellij.openapi.progress.util.ProgressDialog$MyDialogWrapper"}}
{"recorder_version":"21","session":"e9537575b98f","build":"192.6262.58","bucket":"189","time":1574435215961,"group":{"id":"lifecycle","version":"21"},"event":{"count":1,"data":{"duration_ms":5175,"created":1574435215962,"project":"a0f12fb42952fc36a102045bdbb22ad1f15aa9443e9c675024683f4da70c8bc4"},"id":"project.opening.finished"}}
{"recorder_version":"21","session":"e9537575b98f","build":"192.6262.58","bucket":"189","time":1574435216852,"group":{"id":"kotlin.jps.target","version":"1"},"event":{"count":1,"data":{"plugin_version":"1.3.41-release-IJ2019.2-1","created":1574435216852},"id":"jvm"}}
{"recorder_version":"21","session":"e9537575b98f","build":"192.6262.58","bucket":"189","time":1574435218268,"group":{"id":"file.types.usage","version":"21"},"event":{"count":1,"data":{"plugin":"com.intellij.java","created":1574435218268,"plugin_type":"JB_BUNDLED","project":"a0f12fb42952fc36a102045bdbb22ad1f15aa9443e9c675024683f4da70c8bc4","type":"edit"},"id":"JAVA"}}
{"recorder_version":"21","session":"e9537575b98f","build":"192.6262.58","bucket":"189","time":1574435218971,"group":{"id":"actions","version":"21"},"event":{"count":2,"data":{"context_menu":false,"last":1574435219189,"created":1574435218971,"plugin_type":"PLATFORM","project":"a0f12fb42952fc36a102045bdbb22ad1f15aa9443e9c675024683f4da70c8bc4","place":"keyboard_shortcut","class":"com.intellij.openapi.editor.actions.BackspaceAction","input_event":"Backspace"},"id":"EditorBackSpace"}}
{"recorder_version":"21","session":"e9537575b98f","build":"192.6262.58","bucket":"189","time":1574435220401,"group":{"id":"lifecycle","version":"21"},"event":{"count":6,"data":{"last":1574435222211,"created":1574435220401,"plugin_type":"NOT_LISTED","error":"java.lang.StringIndexOutOfBoundsException"},"id":"ide.error"}}
{"recorder_version":"21","session":"e9537575b98f","build":"192.6262.58","bucket":"189","time":1574435224117,"group":{"id":"lifecycle","version":"21"},"event":{"count":1,"data":{"restart":false,"created":1574435224117},"id":"ide.close"}}
{"recorder_version":"21","session":"e9537575b98f","build":"192.6262.58","bucket":"189","time":1574435224464,"group":{"id":"lifecycle","version":"21"},"event":{"count":1,"data":{"created":1574435224464,"project":"a0f12fb42952fc36a102045bdbb22ad1f15aa9443e9c675024683f4da70c8bc4"},"id":"project.closed"}}
