{"recorder_version":"21","session":"ef279724e1aa","build":"192.6262.58","bucket":"189","time":1575128440286,"group":{"id":"settings","version":"4"},"event":{"state":true,"data":{"component":"NotRoamableUiSettings","created":1575128440451},"id":"invoked"}}
{"recorder_version":"21","session":"ef279724e1aa","build":"192.6262.58","bucket":"189","time":1575128440289,"group":{"id":"system.java","version":"1"},"event":{"state":true,"data":{"created":1575128440452,"version":"1.11"},"id":"JetBrains"}}
{"recorder_version":"21","session":"ef279724e1aa","build":"192.6262.58","bucket":"189","time":1575128440289,"group":{"id":"system.java","version":"1"},"event":{"state":true,"data":{"created":1575128440460},"id":"invoked"}}
{"recorder_version":"21","session":"ef279724e1aa","build":"192.6262.58","bucket":"189","time":1575128440289,"group":{"id":"settings","version":"4"},"event":{"state":true,"data":{"component":"UISettings","created":1575128440461},"id":"invoked"}}
{"recorder_version":"21","session":"ef279724e1aa","build":"192.6262.58","bucket":"189","time":1575128440311,"group":{"id":"system.os","version":"3"},"event":{"state":true,"data":{"created":1575128440462,"version":"10.14"},"id":"Mac"}}
{"recorder_version":"21","session":"ef279724e1aa","build":"192.6262.58","bucket":"189","time":1575128440311,"group":{"id":"system.os","version":"3"},"event":{"state":true,"data":{"created":1575128440462,"name":"Mac","version":"10.14"},"id":"os.name"}}
{"recorder_version":"21","session":"ef279724e1aa","build":"192.6262.58","bucket":"189","time":1575128440311,"group":{"id":"system.os","version":"3"},"event":{"state":true,"data":{"created":1575128440463,"value":"+09_00"},"id":"os.timezone"}}
{"recorder_version":"21","session":"ef279724e1aa","build":"192.6262.58","bucket":"189","time":1575128440311,"group":{"id":"system.os","version":"3"},"event":{"state":true,"data":{"created":1575128440464},"id":"invoked"}}
{"recorder_version":"21","session":"ef279724e1aa","build":"192.6262.58","bucket":"189","time":1575128440450,"group":{"id":"event.log","version":"21"},"event":{"count":1,"data":{"created":1575128440464,"version":"942.0"},"id":"whitelist.loaded"}}
{"recorder_version":"21","session":"ef279724e1aa","build":"192.6262.58","bucket":"189","time":1575128442619,"group":{"id":"settings","version":"4"},"event":{"state":true,"data":{"component":"UpdatesConfigurable","created":1575128442619,"name":"checkNeeded","type":"bool","value":false},"id":"not.default"}}
{"recorder_version":"21","session":"ef279724e1aa","build":"192.6262.58","bucket":"189","time":1575128442619,"group":{"id":"settings","version":"4"},"event":{"state":true,"data":{"component":"UpdatesConfigurable","created":1575128442620},"id":"invoked"}}
{"recorder_version":"21","session":"ef279724e1aa","build":"192.6262.58","bucket":"189","time":1575128443139,"group":{"id":"lifecycle","version":"21"},"event":{"count":1,"data":{"internal":true,"eap":false,"created":1575128443141},"id":"ide.start"}}
{"recorder_version":"21","session":"ef279724e1aa","build":"192.6262.58","bucket":"189","time":1575128443141,"group":{"id":"settings","version":"4"},"event":{"state":true,"data":{"component":"GeneralSettings","created":1575128443142,"name":"confirmExit","type":"bool","value":false},"id":"not.default"}}
{"recorder_version":"21","session":"ef279724e1aa","build":"192.6262.58","bucket":"189","time":1575128443141,"group":{"id":"settings","version":"4"},"event":{"state":true,"data":{"component":"GeneralSettings","created":1575128443143,"name":"showTipsOnStartup","type":"bool","value":false},"id":"not.default"}}
{"recorder_version":"21","session":"ef279724e1aa","build":"192.6262.58","bucket":"189","time":1575128443141,"group":{"id":"settings","version":"4"},"event":{"state":true,"data":{"component":"GeneralSettings","created":1575128443143},"id":"invoked"}}
{"recorder_version":"21","session":"ef279724e1aa","build":"192.6262.58","bucket":"189","time":1575128443235,"group":{"id":"performance","version":"21"},"event":{"count":1,"data":{"duration_ms":62,"created":1575128443235},"id":"ui.latency"}}
{"recorder_version":"21","session":"ef279724e1aa","build":"192.6262.58","bucket":"189","time":1575128443676,"group":{"id":"settings","version":"4"},"event":{"state":true,"data":{"component":"XmlEditorOptions","created":1575128443677},"id":"invoked"}}
{"recorder_version":"21","session":"ef279724e1aa","build":"192.6262.58","bucket":"189","time":1575128446083,"group":{"id":"ui.dialogs","version":"21"},"event":{"count":1,"data":{"created":1575128446085,"plugin_type":"PLATFORM","type":"show"},"id":"com.intellij.openapi.progress.util.ProgressDialog$MyDialogWrapper"}}
{"recorder_version":"21","session":"ef279724e1aa","build":"192.6262.58","bucket":"189","time":1575128446945,"group":{"id":"lifecycle","version":"21"},"event":{"count":1,"data":{"created":1575128446945,"project":"4452600da3b350ab41d92ae108c2baae6ff0ac3ddb31bd67020ee046ec77ac09"},"id":"project.opened"}}
{"recorder_version":"21","session":"ef279724e1aa","build":"192.6262.58","bucket":"189","time":1575128447474,"group":{"id":"performance","version":"21"},"event":{"count":1,"data":{"duration_ms":293,"created":1575128447474},"id":"ui.lagging"}}
{"recorder_version":"21","session":"ef279724e1aa","build":"192.6262.58","bucket":"189","time":1575128448481,"group":{"id":"performance","version":"21"},"event":{"count":1,"data":{"duration_ms":299,"created":1575128448482},"id":"ui.lagging"}}
{"recorder_version":"21","session":"ef279724e1aa","build":"192.6262.58","bucket":"189","time":1575128449123,"group":{"id":"toolwindow","version":"21"},"event":{"count":1,"data":{"os":"Mac","created":1575128449128,"plugin_type":"NOT_LISTED"},"id":"third.party"}}
{"recorder_version":"21","session":"ef279724e1aa","build":"192.6262.58","bucket":"189","time":1575128449511,"group":{"id":"performance","version":"21"},"event":{"count":1,"data":{"duration_ms":324,"created":1575128449512},"id":"ui.lagging"}}
{"recorder_version":"21","session":"ef279724e1aa","build":"192.6262.58","bucket":"189","time":1575128451033,"group":{"id":"project.fs","version":"1"},"event":{"state":true,"data":{"os":"Mac","cs-project":false,"created":1575128451033,"project":"4452600da3b350ab41d92ae108c2baae6ff0ac3ddb31bd67020ee046ec77ac09","cs-implicit":true,"cs-system":false},"id":"case-sensitivity"}}
{"recorder_version":"21","session":"ef279724e1aa","build":"192.6262.58","bucket":"189","time":1575128451033,"group":{"id":"project.fs","version":"1"},"event":{"state":true,"data":{"created":1575128451034},"id":"invoked"}}
{"recorder_version":"21","session":"ef279724e1aa","build":"192.6262.58","bucket":"189","time":1575128451057,"group":{"id":"project.fs","version":"1"},"event":{"state":true,"data":{"pct-non-watched":0,"created":1575128451057,"project":"4452600da3b350ab41d92ae108c2baae6ff0ac3ddb31bd67020ee046ec77ac09"},"id":"roots-watched"}}
{"recorder_version":"21","session":"ef279724e1aa","build":"192.6262.58","bucket":"189","time":1575128451057,"group":{"id":"project.fs","version":"1"},"event":{"state":true,"data":{"created":1575128451058},"id":"invoked"}}
{"recorder_version":"21","session":"ef279724e1aa","build":"192.6262.58","bucket":"189","time":1575128451078,"group":{"id":"ui.dialogs","version":"21"},"event":{"count":1,"data":{"code":1,"created":1575128451078,"plugin_type":"PLATFORM","type":"close"},"id":"com.intellij.openapi.progress.util.ProgressDialog$MyDialogWrapper"}}
{"recorder_version":"21","session":"ef279724e1aa","build":"192.6262.58","bucket":"189","time":1575128451207,"group":{"id":"lifecycle","version":"21"},"event":{"count":1,"data":{"duration_ms":5404,"created":1575128451207,"project":"4452600da3b350ab41d92ae108c2baae6ff0ac3ddb31bd67020ee046ec77ac09"},"id":"project.opening.finished"}}
{"recorder_version":"21","session":"ef279724e1aa","build":"192.6262.58","bucket":"189","time":1575128452369,"group":{"id":"kotlin.jps.target","version":"1"},"event":{"count":2,"data":{"plugin_version":"validation.undefined_rule","last":1575128452369,"created":1575128452369},"id":"validation.undefined_rule"}}
{"recorder_version":"21","session":"ef279724e1aa","build":"192.6262.58","bucket":"189","time":1575128452966,"group":{"id":"file.types.usage","version":"21"},"event":{"count":1,"data":{"plugin":"com.intellij.java","created":1575128452966,"plugin_type":"JB_BUNDLED","project":"4452600da3b350ab41d92ae108c2baae6ff0ac3ddb31bd67020ee046ec77ac09","type":"edit"},"id":"JAVA"}}
{"recorder_version":"21","session":"ef279724e1aa","build":"192.6262.58","bucket":"189","time":1575128453301,"group":{"id":"vcs.change.reminder","version":"1"},"event":{"count":1,"data":{"created":1575128453301,"project":"4452600da3b350ab41d92ae108c2baae6ff0ac3ddb31bd67020ee046ec77ac09","execution_time":252},"id":"prediction.calculated"}}
{"recorder_version":"21","session":"ef279724e1aa","build":"192.6262.58","bucket":"189","time":1575128463174,"group":{"id":"ui.dialogs","version":"21"},"event":{"count":1,"data":{"created":1575128463175,"plugin_type":"PLATFORM","type":"show"},"id":"com.intellij.openapi.progress.util.ProgressDialog$MyDialogWrapper"}}
{"recorder_version":"21","session":"ef279724e1aa","build":"192.6262.58","bucket":"189","time":1575128463341,"group":{"id":"lifecycle","version":"21"},"event":{"count":1,"data":{"created":1575128463341,"project":"4452600da3b350ab41d92ae108c2baae6ff0ac3ddb31bd67020ee046ec77ac09"},"id":"project.closed"}}
{"recorder_version":"21","session":"ef279724e1aa","build":"192.6262.58","bucket":"189","time":1575128463443,"group":{"id":"ui.dialogs","version":"21"},"event":{"count":1,"data":{"code":1,"created":1575128463444,"plugin_type":"PLATFORM","type":"close"},"id":"com.intellij.openapi.progress.util.ProgressDialog$MyDialogWrapper"}}
{"recorder_version":"21","session":"ef279724e1aa","build":"192.6262.58","bucket":"189","time":1575128463444,"group":{"id":"performance","version":"21"},"event":{"count":1,"data":{"duration_ms":223,"created":1575128463444},"id":"ui.lagging"}}
{"recorder_version":"21","session":"ef279724e1aa","build":"192.6262.58","bucket":"189","time":1575128543475,"group":{"id":"performance","version":"21"},"event":{"count":1,"data":{"duration_ms":0,"created":1575128543476},"id":"ui.latency"}}
{"recorder_version":"21","session":"ef279724e1aa","build":"192.6262.58","bucket":"189","time":1575128587044,"group":{"id":"lifecycle","version":"21"},"event":{"count":1,"data":{"restart":false,"created":1575128587044},"id":"ide.close"}}
