{"recorder_version":"21","session":"12631d65e663","build":"192.6262.58","bucket":"189","time":1574436823420,"group":{"id":"settings","version":"4"},"event":{"state":true,"data":{"component":"NotRoamableUiSettings","created":1574436823550},"id":"invoked"}}
{"recorder_version":"21","session":"12631d65e663","build":"192.6262.58","bucket":"189","time":1574436823422,"group":{"id":"system.java","version":"1"},"event":{"state":true,"data":{"created":1574436823552,"version":"1.11"},"id":"JetBrains"}}
{"recorder_version":"21","session":"12631d65e663","build":"192.6262.58","bucket":"189","time":1574436823422,"group":{"id":"system.java","version":"1"},"event":{"state":true,"data":{"created":1574436823558},"id":"invoked"}}
{"recorder_version":"21","session":"12631d65e663","build":"192.6262.58","bucket":"189","time":1574436823422,"group":{"id":"settings","version":"4"},"event":{"state":true,"data":{"component":"UISettings","created":1574436823558},"id":"invoked"}}
{"recorder_version":"21","session":"12631d65e663","build":"192.6262.58","bucket":"189","time":1574436823443,"group":{"id":"system.os","version":"3"},"event":{"state":true,"data":{"created":1574436823559,"version":"10.14"},"id":"Mac"}}
{"recorder_version":"21","session":"12631d65e663","build":"192.6262.58","bucket":"189","time":1574436823443,"group":{"id":"system.os","version":"3"},"event":{"state":true,"data":{"created":1574436823560,"name":"Mac","version":"10.14"},"id":"os.name"}}
{"recorder_version":"21","session":"12631d65e663","build":"192.6262.58","bucket":"189","time":1574436823443,"group":{"id":"system.os","version":"3"},"event":{"state":true,"data":{"created":1574436823560,"value":"+09_00"},"id":"os.timezone"}}
{"recorder_version":"21","session":"12631d65e663","build":"192.6262.58","bucket":"189","time":1574436823443,"group":{"id":"system.os","version":"3"},"event":{"state":true,"data":{"created":1574436823561},"id":"invoked"}}
{"recorder_version":"21","session":"12631d65e663","build":"192.6262.58","bucket":"189","time":1574436823550,"group":{"id":"event.log","version":"21"},"event":{"count":1,"data":{"created":1574436823561,"version":"916.0"},"id":"whitelist.loaded"}}
{"recorder_version":"21","session":"12631d65e663","build":"192.6262.58","bucket":"189","time":1574436825628,"group":{"id":"settings","version":"4"},"event":{"state":true,"data":{"component":"UpdatesConfigurable","created":1574436825628,"name":"checkNeeded","type":"bool","value":false},"id":"not.default"}}
{"recorder_version":"21","session":"12631d65e663","build":"192.6262.58","bucket":"189","time":1574436825628,"group":{"id":"settings","version":"4"},"event":{"state":true,"data":{"component":"UpdatesConfigurable","created":1574436825629},"id":"invoked"}}
{"recorder_version":"21","session":"12631d65e663","build":"192.6262.58","bucket":"189","time":1574436825743,"group":{"id":"settings","version":"4"},"event":{"state":true,"data":{"component":"GeneralSettings","created":1574436825743,"name":"confirmExit","type":"bool","value":false},"id":"not.default"}}
{"recorder_version":"21","session":"12631d65e663","build":"192.6262.58","bucket":"189","time":1574436825743,"group":{"id":"settings","version":"4"},"event":{"state":true,"data":{"component":"GeneralSettings","created":1574436825745,"name":"showTipsOnStartup","type":"bool","value":false},"id":"not.default"}}
{"recorder_version":"21","session":"12631d65e663","build":"192.6262.58","bucket":"189","time":1574436825743,"group":{"id":"settings","version":"4"},"event":{"state":true,"data":{"component":"GeneralSettings","created":1574436825747},"id":"invoked"}}
{"recorder_version":"21","session":"12631d65e663","build":"192.6262.58","bucket":"189","time":1574436825752,"group":{"id":"lifecycle","version":"21"},"event":{"count":1,"data":{"internal":true,"eap":false,"created":1574436825753},"id":"ide.start"}}
{"recorder_version":"21","session":"12631d65e663","build":"192.6262.58","bucket":"189","time":1574436826108,"group":{"id":"lifecycle","version":"21"},"event":{"count":1,"data":{"created":1574436826109},"id":"frame.activated"}}
{"recorder_version":"21","session":"12631d65e663","build":"192.6262.58","bucket":"189","time":1574436826322,"group":{"id":"performance","version":"21"},"event":{"count":1,"data":{"duration_ms":0,"created":1574436826322},"id":"ui.latency"}}
{"recorder_version":"21","session":"12631d65e663","build":"192.6262.58","bucket":"189","time":1574436826623,"group":{"id":"ui.dialogs","version":"21"},"event":{"count":1,"data":{"created":1574436826623,"plugin_type":"PLATFORM","type":"show"},"id":"com.intellij.openapi.progress.util.ProgressDialog$MyDialogWrapper"}}
{"recorder_version":"21","session":"12631d65e663","build":"192.6262.58","bucket":"189","time":1574436827664,"group":{"id":"lifecycle","version":"21"},"event":{"count":1,"data":{"created":1574436827665,"project":"a0f12fb42952fc36a102045bdbb22ad1f15aa9443e9c675024683f4da70c8bc4"},"id":"project.opened"}}
{"recorder_version":"21","session":"12631d65e663","build":"192.6262.58","bucket":"189","time":1574436829213,"group":{"id":"settings","version":"4"},"event":{"state":true,"data":{"component":"XmlEditorOptions","created":1574436829213},"id":"invoked"}}
{"recorder_version":"21","session":"12631d65e663","build":"192.6262.58","bucket":"189","time":1574436829322,"group":{"id":"toolwindow","version":"21"},"event":{"count":1,"data":{"os":"Mac","created":1574436829322,"plugin_type":"PLATFORM"},"id":"Project"}}
{"recorder_version":"21","session":"12631d65e663","build":"192.6262.58","bucket":"189","time":1574436829708,"group":{"id":"performance","version":"21"},"event":{"count":1,"data":{"duration_ms":381,"created":1574436829708},"id":"ui.lagging"}}
{"recorder_version":"21","session":"12631d65e663","build":"192.6262.58","bucket":"189","time":1574436831286,"group":{"id":"kotlin.jps.target","version":"1"},"event":{"count":1,"data":{"plugin_version":"1.3.41-release-IJ2019.2-1","created":1574436831286},"id":"jvm"}}
{"recorder_version":"21","session":"12631d65e663","build":"192.6262.58","bucket":"189","time":1574436831511,"group":{"id":"performance","version":"21"},"event":{"count":1,"data":{"duration_ms":184,"created":1574436831511},"id":"ui.lagging"}}
{"recorder_version":"21","session":"12631d65e663","build":"192.6262.58","bucket":"189","time":1574436831586,"group":{"id":"project.fs","version":"1"},"event":{"state":true,"data":{"os":"Mac","cs-project":false,"created":1574436831586,"project":"a0f12fb42952fc36a102045bdbb22ad1f15aa9443e9c675024683f4da70c8bc4","cs-implicit":true,"cs-system":false},"id":"case-sensitivity"}}
{"recorder_version":"21","session":"12631d65e663","build":"192.6262.58","bucket":"189","time":1574436831586,"group":{"id":"project.fs","version":"1"},"event":{"state":true,"data":{"created":1574436831587},"id":"invoked"}}
{"recorder_version":"21","session":"12631d65e663","build":"192.6262.58","bucket":"189","time":1574436831587,"group":{"id":"project.fs","version":"1"},"event":{"state":true,"data":{"pct-non-watched":0,"created":1574436831587,"project":"a0f12fb42952fc36a102045bdbb22ad1f15aa9443e9c675024683f4da70c8bc4"},"id":"roots-watched"}}
{"recorder_version":"21","session":"12631d65e663","build":"192.6262.58","bucket":"189","time":1574436831587,"group":{"id":"project.fs","version":"1"},"event":{"state":true,"data":{"created":1574436831588},"id":"invoked"}}
{"recorder_version":"21","session":"12631d65e663","build":"192.6262.58","bucket":"189","time":1574436831679,"group":{"id":"ui.dialogs","version":"21"},"event":{"count":1,"data":{"code":1,"created":1574436831680,"plugin_type":"PLATFORM","type":"close"},"id":"com.intellij.openapi.progress.util.ProgressDialog$MyDialogWrapper"}}
{"recorder_version":"21","session":"12631d65e663","build":"192.6262.58","bucket":"189","time":1574436831795,"group":{"id":"lifecycle","version":"21"},"event":{"count":1,"data":{"duration_ms":5442,"created":1574436831795,"project":"a0f12fb42952fc36a102045bdbb22ad1f15aa9443e9c675024683f4da70c8bc4"},"id":"project.opening.finished"}}
{"recorder_version":"21","session":"12631d65e663","build":"192.6262.58","bucket":"189","time":1574436846914,"group":{"id":"lifecycle","version":"21"},"event":{"count":1,"data":{"created":1574436846914,"project":"a0f12fb42952fc36a102045bdbb22ad1f15aa9443e9c675024683f4da70c8bc4"},"id":"frame.deactivated"}}
{"recorder_version":"21","session":"12631d65e663","build":"192.6262.58","bucket":"189","time":1574436852029,"group":{"id":"lifecycle","version":"21"},"event":{"count":1,"data":{"created":1574436852030,"project":"a0f12fb42952fc36a102045bdbb22ad1f15aa9443e9c675024683f4da70c8bc4"},"id":"frame.activated"}}
{"recorder_version":"21","session":"12631d65e663","build":"192.6262.58","bucket":"189","time":1574436853477,"group":{"id":"lifecycle","version":"21"},"event":{"count":1,"data":{"created":1574436853479,"project":"a0f12fb42952fc36a102045bdbb22ad1f15aa9443e9c675024683f4da70c8bc4"},"id":"frame.deactivated"}}
{"recorder_version":"21","session":"12631d65e663","build":"192.6262.58","bucket":"189","time":1574436926616,"group":{"id":"performance","version":"21"},"event":{"count":1,"data":{"duration_ms":0,"created":1574436926616},"id":"ui.latency"}}
{"recorder_version":"21","session":"12631d65e663","build":"192.6262.58","bucket":"189","time":1574437008134,"group":{"id":"lifecycle","version":"21"},"event":{"count":1,"data":{"created":1574437008134,"project":"a0f12fb42952fc36a102045bdbb22ad1f15aa9443e9c675024683f4da70c8bc4"},"id":"frame.activated"}}
{"recorder_version":"21","session":"12631d65e663","build":"192.6262.58","bucket":"189","time":1574437008796,"group":{"id":"file.types.usage","version":"21"},"event":{"count":1,"data":{"plugin":"com.intellij.java","created":1574437008797,"plugin_type":"JB_BUNDLED","project":"a0f12fb42952fc36a102045bdbb22ad1f15aa9443e9c675024683f4da70c8bc4","type":"edit"},"id":"JAVA"}}
{"recorder_version":"21","session":"12631d65e663","build":"192.6262.58","bucket":"189","time":1574437012025,"group":{"id":"lifecycle","version":"21"},"event":{"count":1,"data":{"created":1574437012025,"project":"a0f12fb42952fc36a102045bdbb22ad1f15aa9443e9c675024683f4da70c8bc4"},"id":"frame.deactivated"}}
{"recorder_version":"21","session":"12631d65e663","build":"192.6262.58","bucket":"189","time":1574437020725,"group":{"id":"lifecycle","version":"21"},"event":{"count":1,"data":{"created":1574437020725,"project":"a0f12fb42952fc36a102045bdbb22ad1f15aa9443e9c675024683f4da70c8bc4"},"id":"frame.activated"}}
{"recorder_version":"21","session":"12631d65e663","build":"192.6262.58","bucket":"189","time":1574437025244,"group":{"id":"lifecycle","version":"21"},"event":{"count":1,"data":{"created":1574437025244,"project":"a0f12fb42952fc36a102045bdbb22ad1f15aa9443e9c675024683f4da70c8bc4"},"id":"frame.deactivated"}}
{"recorder_version":"21","session":"12631d65e663","build":"192.6262.58","bucket":"189","time":1574437026888,"group":{"id":"performance","version":"21"},"event":{"count":1,"data":{"duration_ms":0,"created":1574437026888},"id":"ui.latency"}}
{"recorder_version":"21","session":"12631d65e663","build":"192.6262.58","bucket":"189","time":1574437031672,"group":{"id":"lifecycle","version":"21"},"event":{"count":1,"data":{"created":1574437031673,"project":"a0f12fb42952fc36a102045bdbb22ad1f15aa9443e9c675024683f4da70c8bc4"},"id":"frame.activated"}}
{"recorder_version":"21","session":"12631d65e663","build":"192.6262.58","bucket":"189","time":1574437034147,"group":{"id":"actions","version":"21"},"event":{"count":2,"data":{"context_menu":false,"last":1574437034290,"created":1574437034147,"plugin_type":"PLATFORM","project":"a0f12fb42952fc36a102045bdbb22ad1f15aa9443e9c675024683f4da70c8bc4","place":"keyboard_shortcut","class":"com.intellij.openapi.editor.actions.BackspaceAction","input_event":"Backspace"},"id":"EditorBackSpace"}}
{"recorder_version":"21","session":"12631d65e663","build":"192.6262.58","bucket":"189","time":1574437035881,"group":{"id":"lifecycle","version":"21"},"event":{"count":1,"data":{"created":1574437035881,"project":"a0f12fb42952fc36a102045bdbb22ad1f15aa9443e9c675024683f4da70c8bc4"},"id":"frame.deactivated"}}
{"recorder_version":"21","session":"12631d65e663","build":"192.6262.58","bucket":"189","time":1574437039555,"group":{"id":"lifecycle","version":"21"},"event":{"count":1,"data":{"created":1574437039555,"project":"a0f12fb42952fc36a102045bdbb22ad1f15aa9443e9c675024683f4da70c8bc4"},"id":"frame.activated"}}
{"recorder_version":"21","session":"12631d65e663","build":"192.6262.58","bucket":"189","time":1574437039843,"group":{"id":"lifecycle","version":"21"},"event":{"count":1,"data":{"restart":false,"created":1574437039843},"id":"ide.close"}}
{"recorder_version":"21","session":"12631d65e663","build":"192.6262.58","bucket":"189","time":1574437039917,"group":{"id":"lifecycle","version":"21"},"event":{"count":1,"data":{"created":1574437039917,"project":"a0f12fb42952fc36a102045bdbb22ad1f15aa9443e9c675024683f4da70c8bc4"},"id":"project.closed"}}
