{"recorder_version":"21","session":"ffc0c7b8e542","build":"192.6262.58","bucket":"189","time":1574438533858,"group":{"id":"settings","version":"4"},"event":{"state":true,"data":{"component":"NotRoamableUiSettings","created":1574438533986},"id":"invoked"}}
{"recorder_version":"21","session":"ffc0c7b8e542","build":"192.6262.58","bucket":"189","time":1574438533861,"group":{"id":"settings","version":"4"},"event":{"state":true,"data":{"component":"UISettings","created":1574438533987},"id":"invoked"}}
{"recorder_version":"21","session":"ffc0c7b8e542","build":"192.6262.58","bucket":"189","time":1574438533861,"group":{"id":"system.java","version":"1"},"event":{"state":true,"data":{"created":1574438533994,"version":"1.11"},"id":"JetBrains"}}
{"recorder_version":"21","session":"ffc0c7b8e542","build":"192.6262.58","bucket":"189","time":1574438533861,"group":{"id":"system.java","version":"1"},"event":{"state":true,"data":{"created":1574438533994},"id":"invoked"}}
{"recorder_version":"21","session":"ffc0c7b8e542","build":"192.6262.58","bucket":"189","time":1574438533879,"group":{"id":"system.os","version":"3"},"event":{"state":true,"data":{"created":1574438533995,"version":"10.14"},"id":"Mac"}}
{"recorder_version":"21","session":"ffc0c7b8e542","build":"192.6262.58","bucket":"189","time":1574438533879,"group":{"id":"system.os","version":"3"},"event":{"state":true,"data":{"created":1574438533995,"name":"Mac","version":"10.14"},"id":"os.name"}}
{"recorder_version":"21","session":"ffc0c7b8e542","build":"192.6262.58","bucket":"189","time":1574438533879,"group":{"id":"system.os","version":"3"},"event":{"state":true,"data":{"created":1574438533996,"value":"+09_00"},"id":"os.timezone"}}
{"recorder_version":"21","session":"ffc0c7b8e542","build":"192.6262.58","bucket":"189","time":1574438533879,"group":{"id":"system.os","version":"3"},"event":{"state":true,"data":{"created":1574438533996},"id":"invoked"}}
{"recorder_version":"21","session":"ffc0c7b8e542","build":"192.6262.58","bucket":"189","time":1574438533985,"group":{"id":"event.log","version":"21"},"event":{"count":1,"data":{"created":1574438533997,"version":"916.0"},"id":"whitelist.loaded"}}
{"recorder_version":"21","session":"ffc0c7b8e542","build":"192.6262.58","bucket":"189","time":1574438536827,"group":{"id":"settings","version":"4"},"event":{"state":true,"data":{"component":"UpdatesConfigurable","created":1574438536828,"name":"checkNeeded","type":"bool","value":false},"id":"not.default"}}
{"recorder_version":"21","session":"ffc0c7b8e542","build":"192.6262.58","bucket":"189","time":1574438536828,"group":{"id":"settings","version":"4"},"event":{"state":true,"data":{"component":"UpdatesConfigurable","created":1574438536830},"id":"invoked"}}
{"recorder_version":"21","session":"ffc0c7b8e542","build":"192.6262.58","bucket":"189","time":1574438537062,"group":{"id":"settings","version":"4"},"event":{"state":true,"data":{"component":"GeneralSettings","created":1574438537062,"name":"confirmExit","type":"bool","value":false},"id":"not.default"}}
{"recorder_version":"21","session":"ffc0c7b8e542","build":"192.6262.58","bucket":"189","time":1574438537062,"group":{"id":"settings","version":"4"},"event":{"state":true,"data":{"component":"GeneralSettings","created":1574438537062,"name":"showTipsOnStartup","type":"bool","value":false},"id":"not.default"}}
{"recorder_version":"21","session":"ffc0c7b8e542","build":"192.6262.58","bucket":"189","time":1574438537062,"group":{"id":"settings","version":"4"},"event":{"state":true,"data":{"component":"GeneralSettings","created":1574438537063},"id":"invoked"}}
{"recorder_version":"21","session":"ffc0c7b8e542","build":"192.6262.58","bucket":"189","time":1574438537135,"group":{"id":"lifecycle","version":"21"},"event":{"count":1,"data":{"internal":true,"eap":false,"created":1574438537135},"id":"ide.start"}}
{"recorder_version":"21","session":"ffc0c7b8e542","build":"192.6262.58","bucket":"189","time":1574438537706,"group":{"id":"lifecycle","version":"21"},"event":{"count":1,"data":{"created":1574438537707},"id":"frame.activated"}}
{"recorder_version":"21","session":"ffc0c7b8e542","build":"192.6262.58","bucket":"189","time":1574438537926,"group":{"id":"performance","version":"21"},"event":{"count":1,"data":{"duration_ms":698,"created":1574438537927},"id":"ui.latency"}}
{"recorder_version":"21","session":"ffc0c7b8e542","build":"192.6262.58","bucket":"189","time":1574438537927,"group":{"id":"performance","version":"21"},"event":{"count":1,"data":{"duration_ms":698,"created":1574438537927},"id":"ui.lagging"}}
{"recorder_version":"21","session":"ffc0c7b8e542","build":"192.6262.58","bucket":"189","time":1574438538376,"group":{"id":"ui.dialogs","version":"21"},"event":{"count":1,"data":{"created":1574438538376,"plugin_type":"PLATFORM","type":"show"},"id":"com.intellij.openapi.progress.util.ProgressDialog$MyDialogWrapper"}}
{"recorder_version":"21","session":"ffc0c7b8e542","build":"192.6262.58","bucket":"189","time":1574438539688,"group":{"id":"lifecycle","version":"21"},"event":{"count":1,"data":{"created":1574438539689,"project":"a0f12fb42952fc36a102045bdbb22ad1f15aa9443e9c675024683f4da70c8bc4"},"id":"project.opened"}}
{"recorder_version":"21","session":"ffc0c7b8e542","build":"192.6262.58","bucket":"189","time":1574438540333,"group":{"id":"performance","version":"21"},"event":{"count":1,"data":{"duration_ms":100,"created":1574438540333},"id":"ui.lagging"}}
{"recorder_version":"21","session":"ffc0c7b8e542","build":"192.6262.58","bucket":"189","time":1574438541305,"group":{"id":"settings","version":"4"},"event":{"state":true,"data":{"component":"XmlEditorOptions","created":1574438541305},"id":"invoked"}}
{"recorder_version":"21","session":"ffc0c7b8e542","build":"192.6262.58","bucket":"189","time":1574438541349,"group":{"id":"performance","version":"21"},"event":{"count":1,"data":{"duration_ms":116,"created":1574438541350},"id":"ui.lagging"}}
{"recorder_version":"21","session":"ffc0c7b8e542","build":"192.6262.58","bucket":"189","time":1574438541528,"group":{"id":"toolwindow","version":"21"},"event":{"count":1,"data":{"os":"Mac","created":1574438541528,"plugin_type":"PLATFORM"},"id":"Project"}}
{"recorder_version":"21","session":"ffc0c7b8e542","build":"192.6262.58","bucket":"189","time":1574438542413,"group":{"id":"performance","version":"21"},"event":{"count":1,"data":{"duration_ms":179,"created":1574438542413},"id":"ui.lagging"}}
{"recorder_version":"21","session":"ffc0c7b8e542","build":"192.6262.58","bucket":"189","time":1574438544109,"group":{"id":"project.fs","version":"1"},"event":{"state":true,"data":{"os":"Mac","cs-project":false,"created":1574438544109,"project":"a0f12fb42952fc36a102045bdbb22ad1f15aa9443e9c675024683f4da70c8bc4","cs-implicit":true,"cs-system":false},"id":"case-sensitivity"}}
{"recorder_version":"21","session":"ffc0c7b8e542","build":"192.6262.58","bucket":"189","time":1574438544109,"group":{"id":"project.fs","version":"1"},"event":{"state":true,"data":{"created":1574438544109},"id":"invoked"}}
{"recorder_version":"21","session":"ffc0c7b8e542","build":"192.6262.58","bucket":"189","time":1574438544110,"group":{"id":"project.fs","version":"1"},"event":{"state":true,"data":{"pct-non-watched":0,"created":1574438544111,"project":"a0f12fb42952fc36a102045bdbb22ad1f15aa9443e9c675024683f4da70c8bc4"},"id":"roots-watched"}}
{"recorder_version":"21","session":"ffc0c7b8e542","build":"192.6262.58","bucket":"189","time":1574438544110,"group":{"id":"project.fs","version":"1"},"event":{"state":true,"data":{"created":1574438544111},"id":"invoked"}}
{"recorder_version":"21","session":"ffc0c7b8e542","build":"192.6262.58","bucket":"189","time":1574438544137,"group":{"id":"ui.dialogs","version":"21"},"event":{"count":1,"data":{"code":1,"created":1574438544138,"plugin_type":"PLATFORM","type":"close"},"id":"com.intellij.openapi.progress.util.ProgressDialog$MyDialogWrapper"}}
{"recorder_version":"21","session":"ffc0c7b8e542","build":"192.6262.58","bucket":"189","time":1574438544368,"group":{"id":"lifecycle","version":"21"},"event":{"count":1,"data":{"duration_ms":6221,"created":1574438544369,"project":"a0f12fb42952fc36a102045bdbb22ad1f15aa9443e9c675024683f4da70c8bc4"},"id":"project.opening.finished"}}
{"recorder_version":"21","session":"ffc0c7b8e542","build":"192.6262.58","bucket":"189","time":1574438545254,"group":{"id":"kotlin.jps.target","version":"1"},"event":{"count":1,"data":{"plugin_version":"1.3.41-release-IJ2019.2-1","created":1574438545254},"id":"jvm"}}
{"recorder_version":"21","session":"ffc0c7b8e542","build":"192.6262.58","bucket":"189","time":1574438546103,"group":{"id":"ui.dialogs","version":"21"},"event":{"count":1,"data":{"created":1574438546103,"plugin_type":"PLATFORM","type":"show"},"id":"com.intellij.openapi.progress.util.ProgressDialog$MyDialogWrapper"}}
{"recorder_version":"21","session":"ffc0c7b8e542","build":"192.6262.58","bucket":"189","time":1574438546203,"group":{"id":"lifecycle","version":"21"},"event":{"count":1,"data":{"created":1574438546203,"project":"a0f12fb42952fc36a102045bdbb22ad1f15aa9443e9c675024683f4da70c8bc4"},"id":"project.closed"}}
{"recorder_version":"21","session":"ffc0c7b8e542","build":"192.6262.58","bucket":"189","time":1574438546293,"group":{"id":"ui.dialogs","version":"21"},"event":{"count":1,"data":{"code":1,"created":1574438546293,"plugin_type":"PLATFORM","type":"close"},"id":"com.intellij.openapi.progress.util.ProgressDialog$MyDialogWrapper"}}
{"recorder_version":"21","session":"ffc0c7b8e542","build":"192.6262.58","bucket":"189","time":1574438547978,"group":{"id":"lifecycle","version":"21"},"event":{"count":1,"data":{"restart":false,"created":1574438547978},"id":"ide.close"}}
