{"recorder_version":"21","session":"728814a07ee2","build":"192.6262.58","bucket":"189","time":1574812496095,"group":{"id":"settings","version":"4"},"event":{"state":true,"data":{"component":"NotRoamableUiSettings","created":1574812496268},"id":"invoked"}}
{"recorder_version":"21","session":"728814a07ee2","build":"192.6262.58","bucket":"189","time":1574812496096,"group":{"id":"system.java","version":"1"},"event":{"state":true,"data":{"created":1574812496270,"version":"1.11"},"id":"JetBrains"}}
{"recorder_version":"21","session":"728814a07ee2","build":"192.6262.58","bucket":"189","time":1574812496097,"group":{"id":"system.java","version":"1"},"event":{"state":true,"data":{"created":1574812496278},"id":"invoked"}}
{"recorder_version":"21","session":"728814a07ee2","build":"192.6262.58","bucket":"189","time":1574812496097,"group":{"id":"settings","version":"4"},"event":{"state":true,"data":{"component":"UISettings","created":1574812496279},"id":"invoked"}}
{"recorder_version":"21","session":"728814a07ee2","build":"192.6262.58","bucket":"189","time":1574812496117,"group":{"id":"system.os","version":"3"},"event":{"state":true,"data":{"created":1574812496279,"version":"10.14"},"id":"Mac"}}
{"recorder_version":"21","session":"728814a07ee2","build":"192.6262.58","bucket":"189","time":1574812496117,"group":{"id":"system.os","version":"3"},"event":{"state":true,"data":{"created":1574812496280,"name":"Mac","version":"10.14"},"id":"os.name"}}
{"recorder_version":"21","session":"728814a07ee2","build":"192.6262.58","bucket":"189","time":1574812496117,"group":{"id":"system.os","version":"3"},"event":{"state":true,"data":{"created":1574812496281,"value":"+09_00"},"id":"os.timezone"}}
{"recorder_version":"21","session":"728814a07ee2","build":"192.6262.58","bucket":"189","time":1574812496117,"group":{"id":"system.os","version":"3"},"event":{"state":true,"data":{"created":1574812496282},"id":"invoked"}}
{"recorder_version":"21","session":"728814a07ee2","build":"192.6262.58","bucket":"189","time":1574812496268,"group":{"id":"event.log","version":"21"},"event":{"count":1,"data":{"created":1574812496283,"version":"930.0"},"id":"whitelist.loaded"}}
{"recorder_version":"21","session":"728814a07ee2","build":"192.6262.58","bucket":"189","time":1574812498366,"group":{"id":"settings","version":"4"},"event":{"state":true,"data":{"component":"UpdatesConfigurable","created":1574812498367,"name":"checkNeeded","type":"bool","value":false},"id":"not.default"}}
{"recorder_version":"21","session":"728814a07ee2","build":"192.6262.58","bucket":"189","time":1574812498366,"group":{"id":"settings","version":"4"},"event":{"state":true,"data":{"component":"UpdatesConfigurable","created":1574812498368},"id":"invoked"}}
{"recorder_version":"21","session":"728814a07ee2","build":"192.6262.58","bucket":"189","time":1574812498479,"group":{"id":"settings","version":"4"},"event":{"state":true,"data":{"component":"GeneralSettings","created":1574812498479,"name":"confirmExit","type":"bool","value":false},"id":"not.default"}}
{"recorder_version":"21","session":"728814a07ee2","build":"192.6262.58","bucket":"189","time":1574812498479,"group":{"id":"settings","version":"4"},"event":{"state":true,"data":{"component":"GeneralSettings","created":1574812498480,"name":"showTipsOnStartup","type":"bool","value":false},"id":"not.default"}}
{"recorder_version":"21","session":"728814a07ee2","build":"192.6262.58","bucket":"189","time":1574812498479,"group":{"id":"settings","version":"4"},"event":{"state":true,"data":{"component":"GeneralSettings","created":1574812498483},"id":"invoked"}}
{"recorder_version":"21","session":"728814a07ee2","build":"192.6262.58","bucket":"189","time":1574812498486,"group":{"id":"lifecycle","version":"21"},"event":{"count":1,"data":{"internal":true,"eap":false,"created":1574812498486},"id":"ide.start"}}
{"recorder_version":"21","session":"728814a07ee2","build":"192.6262.58","bucket":"189","time":1574812498767,"group":{"id":"lifecycle","version":"21"},"event":{"count":1,"data":{"created":1574812498767},"id":"frame.activated"}}
{"recorder_version":"21","session":"728814a07ee2","build":"192.6262.58","bucket":"189","time":1574812499026,"group":{"id":"performance","version":"21"},"event":{"count":1,"data":{"duration_ms":1,"created":1574812499028},"id":"ui.latency"}}
{"recorder_version":"21","session":"728814a07ee2","build":"192.6262.58","bucket":"189","time":1574812499240,"group":{"id":"ui.dialogs","version":"21"},"event":{"count":1,"data":{"created":1574812499241,"plugin_type":"PLATFORM","type":"show"},"id":"com.intellij.openapi.progress.util.ProgressDialog$MyDialogWrapper"}}
{"recorder_version":"21","session":"728814a07ee2","build":"192.6262.58","bucket":"189","time":1574812500283,"group":{"id":"lifecycle","version":"21"},"event":{"count":1,"data":{"created":1574812500283,"project":"92ddc83aceaa9edad1485397ccc1680a8fd16623aa2c155379eac4aafdb2a559"},"id":"project.opened"}}
{"recorder_version":"21","session":"728814a07ee2","build":"192.6262.58","bucket":"189","time":1574812501923,"group":{"id":"settings","version":"4"},"event":{"state":true,"data":{"component":"XmlEditorOptions","created":1574812501923},"id":"invoked"}}
{"recorder_version":"21","session":"728814a07ee2","build":"192.6262.58","bucket":"189","time":1574812502231,"group":{"id":"toolwindow","version":"21"},"event":{"count":1,"data":{"os":"Mac","created":1574812502231,"plugin_type":"PLATFORM"},"id":"Project"}}
{"recorder_version":"21","session":"728814a07ee2","build":"192.6262.58","bucket":"189","time":1574812504218,"group":{"id":"kotlin.jps.target","version":"1"},"event":{"count":1,"data":{"plugin_version":"validation.undefined_rule","created":1574812504218},"id":"validation.undefined_rule"}}
{"recorder_version":"21","session":"728814a07ee2","build":"192.6262.58","bucket":"189","time":1574812504612,"group":{"id":"project.fs","version":"1"},"event":{"state":true,"data":{"os":"Mac","cs-project":false,"created":1574812504612,"project":"92ddc83aceaa9edad1485397ccc1680a8fd16623aa2c155379eac4aafdb2a559","cs-implicit":true,"cs-system":false},"id":"case-sensitivity"}}
{"recorder_version":"21","session":"728814a07ee2","build":"192.6262.58","bucket":"189","time":1574812504612,"group":{"id":"project.fs","version":"1"},"event":{"state":true,"data":{"created":1574812504613},"id":"invoked"}}
{"recorder_version":"21","session":"728814a07ee2","build":"192.6262.58","bucket":"189","time":1574812504613,"group":{"id":"project.fs","version":"1"},"event":{"state":true,"data":{"pct-non-watched":0,"created":1574812504613,"project":"92ddc83aceaa9edad1485397ccc1680a8fd16623aa2c155379eac4aafdb2a559"},"id":"roots-watched"}}
{"recorder_version":"21","session":"728814a07ee2","build":"192.6262.58","bucket":"189","time":1574812504613,"group":{"id":"project.fs","version":"1"},"event":{"state":true,"data":{"created":1574812504614},"id":"invoked"}}
{"recorder_version":"21","session":"728814a07ee2","build":"192.6262.58","bucket":"189","time":1574812504735,"group":{"id":"ui.dialogs","version":"21"},"event":{"count":1,"data":{"code":1,"created":1574812504736,"plugin_type":"PLATFORM","type":"close"},"id":"com.intellij.openapi.progress.util.ProgressDialog$MyDialogWrapper"}}
{"recorder_version":"21","session":"728814a07ee2","build":"192.6262.58","bucket":"189","time":1574812504917,"group":{"id":"lifecycle","version":"21"},"event":{"count":1,"data":{"duration_ms":5952,"created":1574812504917,"project":"92ddc83aceaa9edad1485397ccc1680a8fd16623aa2c155379eac4aafdb2a559"},"id":"project.opening.finished"}}
{"recorder_version":"21","session":"728814a07ee2","build":"192.6262.58","bucket":"189","time":1574812505330,"group":{"id":"performance","version":"21"},"event":{"count":1,"data":{"duration_ms":294,"created":1574812505331},"id":"ui.lagging"}}
{"recorder_version":"21","session":"728814a07ee2","build":"192.6262.58","bucket":"189","time":1574812507086,"group":{"id":"file.types.usage","version":"21"},"event":{"count":1,"data":{"created":1574812507086,"plugin_type":"PLATFORM","project":"92ddc83aceaa9edad1485397ccc1680a8fd16623aa2c155379eac4aafdb2a559","type":"edit"},"id":"IDEA_MODULE"}}
{"recorder_version":"21","session":"728814a07ee2","build":"192.6262.58","bucket":"189","time":1574812551954,"group":{"id":"lifecycle","version":"21"},"event":{"count":1,"data":{"created":1574812551955,"project":"92ddc83aceaa9edad1485397ccc1680a8fd16623aa2c155379eac4aafdb2a559"},"id":"frame.deactivated"}}
{"recorder_version":"21","session":"728814a07ee2","build":"192.6262.58","bucket":"189","time":1574812567447,"group":{"id":"lifecycle","version":"21"},"event":{"count":1,"data":{"created":1574812567447,"project":"92ddc83aceaa9edad1485397ccc1680a8fd16623aa2c155379eac4aafdb2a559"},"id":"frame.activated"}}
{"recorder_version":"21","session":"728814a07ee2","build":"192.6262.58","bucket":"189","time":1574812567770,"group":{"id":"lifecycle","version":"21"},"event":{"count":1,"data":{"restart":false,"created":1574812567770},"id":"ide.close"}}
{"recorder_version":"21","session":"728814a07ee2","build":"192.6262.58","bucket":"189","time":1574812567879,"group":{"id":"lifecycle","version":"21"},"event":{"count":1,"data":{"created":1574812567879,"project":"92ddc83aceaa9edad1485397ccc1680a8fd16623aa2c155379eac4aafdb2a559"},"id":"project.closed"}}
