{"recorder_version":"21","session":"5ccacfe66283","build":"192.6262.58","bucket":"189","time":1574811979415,"group":{"id":"settings","version":"4"},"event":{"state":true,"data":{"component":"UISettings","created":1574811979530},"id":"invoked"}}
{"recorder_version":"21","session":"5ccacfe66283","build":"192.6262.58","bucket":"189","time":1574811979416,"group":{"id":"settings","version":"4"},"event":{"state":true,"data":{"component":"NotRoamableUiSettings","created":1574811979532},"id":"invoked"}}
{"recorder_version":"21","session":"5ccacfe66283","build":"192.6262.58","bucket":"189","time":1574811979418,"group":{"id":"system.java","version":"1"},"event":{"state":true,"data":{"created":1574811979540,"version":"1.11"},"id":"JetBrains"}}
{"recorder_version":"21","session":"5ccacfe66283","build":"192.6262.58","bucket":"189","time":1574811979418,"group":{"id":"system.java","version":"1"},"event":{"state":true,"data":{"created":1574811979541},"id":"invoked"}}
{"recorder_version":"21","session":"5ccacfe66283","build":"192.6262.58","bucket":"189","time":1574811979435,"group":{"id":"system.os","version":"3"},"event":{"state":true,"data":{"created":1574811979542,"version":"10.14"},"id":"Mac"}}
{"recorder_version":"21","session":"5ccacfe66283","build":"192.6262.58","bucket":"189","time":1574811979435,"group":{"id":"system.os","version":"3"},"event":{"state":true,"data":{"created":1574811979543,"name":"Mac","version":"10.14"},"id":"os.name"}}
{"recorder_version":"21","session":"5ccacfe66283","build":"192.6262.58","bucket":"189","time":1574811979435,"group":{"id":"system.os","version":"3"},"event":{"state":true,"data":{"created":1574811979544,"value":"+09_00"},"id":"os.timezone"}}
{"recorder_version":"21","session":"5ccacfe66283","build":"192.6262.58","bucket":"189","time":1574811979435,"group":{"id":"system.os","version":"3"},"event":{"state":true,"data":{"created":1574811979545},"id":"invoked"}}
{"recorder_version":"21","session":"5ccacfe66283","build":"192.6262.58","bucket":"189","time":1574811979530,"group":{"id":"event.log","version":"21"},"event":{"count":1,"data":{"created":1574811979546,"version":"930.0"},"id":"whitelist.loaded"}}
{"recorder_version":"21","session":"5ccacfe66283","build":"192.6262.58","bucket":"189","time":1574811982045,"group":{"id":"settings","version":"4"},"event":{"state":true,"data":{"component":"UpdatesConfigurable","created":1574811982046,"name":"checkNeeded","type":"bool","value":false},"id":"not.default"}}
{"recorder_version":"21","session":"5ccacfe66283","build":"192.6262.58","bucket":"189","time":1574811982045,"group":{"id":"settings","version":"4"},"event":{"state":true,"data":{"component":"UpdatesConfigurable","created":1574811982047},"id":"invoked"}}
{"recorder_version":"21","session":"5ccacfe66283","build":"192.6262.58","bucket":"189","time":1574811982166,"group":{"id":"settings","version":"4"},"event":{"state":true,"data":{"component":"GeneralSettings","created":1574811982166,"name":"confirmExit","type":"bool","value":false},"id":"not.default"}}
{"recorder_version":"21","session":"5ccacfe66283","build":"192.6262.58","bucket":"189","time":1574811982166,"group":{"id":"settings","version":"4"},"event":{"state":true,"data":{"component":"GeneralSettings","created":1574811982167,"name":"showTipsOnStartup","type":"bool","value":false},"id":"not.default"}}
{"recorder_version":"21","session":"5ccacfe66283","build":"192.6262.58","bucket":"189","time":1574811982166,"group":{"id":"settings","version":"4"},"event":{"state":true,"data":{"component":"GeneralSettings","created":1574811982168},"id":"invoked"}}
{"recorder_version":"21","session":"5ccacfe66283","build":"192.6262.58","bucket":"189","time":1574811982173,"group":{"id":"lifecycle","version":"21"},"event":{"count":1,"data":{"internal":true,"eap":false,"created":1574811982173},"id":"ide.start"}}
{"recorder_version":"21","session":"5ccacfe66283","build":"192.6262.58","bucket":"189","time":1574811982685,"group":{"id":"performance","version":"21"},"event":{"count":1,"data":{"duration_ms":1,"created":1574811982685},"id":"ui.latency"}}
{"recorder_version":"21","session":"5ccacfe66283","build":"192.6262.58","bucket":"189","time":1574811982940,"group":{"id":"ui.dialogs","version":"21"},"event":{"count":1,"data":{"created":1574811982941,"plugin_type":"PLATFORM","type":"show"},"id":"com.intellij.openapi.progress.util.ProgressDialog$MyDialogWrapper"}}
{"recorder_version":"21","session":"5ccacfe66283","build":"192.6262.58","bucket":"189","time":1574811984101,"group":{"id":"lifecycle","version":"21"},"event":{"count":1,"data":{"created":1574811984101,"project":"92ddc83aceaa9edad1485397ccc1680a8fd16623aa2c155379eac4aafdb2a559"},"id":"project.opened"}}
{"recorder_version":"21","session":"5ccacfe66283","build":"192.6262.58","bucket":"189","time":1574811985756,"group":{"id":"settings","version":"4"},"event":{"state":true,"data":{"component":"XmlEditorOptions","created":1574811985756},"id":"invoked"}}
{"recorder_version":"21","session":"5ccacfe66283","build":"192.6262.58","bucket":"189","time":1574811985815,"group":{"id":"performance","version":"21"},"event":{"count":1,"data":{"duration_ms":127,"created":1574811985816},"id":"ui.lagging"}}
{"recorder_version":"21","session":"5ccacfe66283","build":"192.6262.58","bucket":"189","time":1574811986027,"group":{"id":"toolwindow","version":"21"},"event":{"count":1,"data":{"os":"Mac","created":1574811986027,"plugin_type":"PLATFORM"},"id":"Project"}}
{"recorder_version":"21","session":"5ccacfe66283","build":"192.6262.58","bucket":"189","time":1574811987608,"group":{"id":"lifecycle","version":"21"},"event":{"count":1,"data":{"created":1574811987608,"project":"92ddc83aceaa9edad1485397ccc1680a8fd16623aa2c155379eac4aafdb2a559"},"id":"frame.activated"}}
{"recorder_version":"21","session":"5ccacfe66283","build":"192.6262.58","bucket":"189","time":1574811988437,"group":{"id":"project.fs","version":"1"},"event":{"state":true,"data":{"os":"Mac","cs-project":false,"created":1574811988437,"project":"92ddc83aceaa9edad1485397ccc1680a8fd16623aa2c155379eac4aafdb2a559","cs-implicit":true,"cs-system":false},"id":"case-sensitivity"}}
{"recorder_version":"21","session":"5ccacfe66283","build":"192.6262.58","bucket":"189","time":1574811988437,"group":{"id":"project.fs","version":"1"},"event":{"state":true,"data":{"created":1574811988437},"id":"invoked"}}
{"recorder_version":"21","session":"5ccacfe66283","build":"192.6262.58","bucket":"189","time":1574811988437,"group":{"id":"project.fs","version":"1"},"event":{"state":true,"data":{"pct-non-watched":0,"created":1574811988437,"project":"92ddc83aceaa9edad1485397ccc1680a8fd16623aa2c155379eac4aafdb2a559"},"id":"roots-watched"}}
{"recorder_version":"21","session":"5ccacfe66283","build":"192.6262.58","bucket":"189","time":1574811988437,"group":{"id":"project.fs","version":"1"},"event":{"state":true,"data":{"created":1574811988438},"id":"invoked"}}
{"recorder_version":"21","session":"5ccacfe66283","build":"192.6262.58","bucket":"189","time":1574811988533,"group":{"id":"ui.dialogs","version":"21"},"event":{"count":1,"data":{"code":1,"created":1574811988534,"plugin_type":"PLATFORM","type":"close"},"id":"com.intellij.openapi.progress.util.ProgressDialog$MyDialogWrapper"}}
{"recorder_version":"21","session":"5ccacfe66283","build":"192.6262.58","bucket":"189","time":1574811988724,"group":{"id":"lifecycle","version":"21"},"event":{"count":1,"data":{"duration_ms":6020,"created":1574811988725,"project":"92ddc83aceaa9edad1485397ccc1680a8fd16623aa2c155379eac4aafdb2a559"},"id":"project.opening.finished"}}
{"recorder_version":"21","session":"5ccacfe66283","build":"192.6262.58","bucket":"189","time":1574811990742,"group":{"id":"kotlin.jps.target","version":"1"},"event":{"count":1,"data":{"plugin_version":"validation.undefined_rule","created":1574811990742},"id":"validation.undefined_rule"}}
{"recorder_version":"21","session":"5ccacfe66283","build":"192.6262.58","bucket":"189","time":1574811990802,"group":{"id":"file.types.usage","version":"21"},"event":{"count":1,"data":{"created":1574811990802,"plugin_type":"PLATFORM","project":"92ddc83aceaa9edad1485397ccc1680a8fd16623aa2c155379eac4aafdb2a559","type":"edit"},"id":"IDEA_MODULE"}}
{"recorder_version":"21","session":"5ccacfe66283","build":"192.6262.58","bucket":"189","time":1574811994376,"group":{"id":"actions","version":"21"},"event":{"count":7,"data":{"context_menu":false,"last":1574812010121,"current_file":"TEXT","created":1574811994377,"plugin_type":"PLATFORM","project":"92ddc83aceaa9edad1485397ccc1680a8fd16623aa2c155379eac4aafdb2a559","place":"keyboard_shortcut","class":"com.intellij.openapi.editor.actions.EnterAction","input_event":"Enter"},"id":"EditorEnter"}}
{"recorder_version":"21","session":"5ccacfe66283","build":"192.6262.58","bucket":"189","time":1574812017574,"group":{"id":"lifecycle","version":"21"},"event":{"count":1,"data":{"created":1574812017575,"project":"92ddc83aceaa9edad1485397ccc1680a8fd16623aa2c155379eac4aafdb2a559"},"id":"frame.deactivated"}}
{"recorder_version":"21","session":"5ccacfe66283","build":"192.6262.58","bucket":"189","time":1574812027784,"group":{"id":"lifecycle","version":"21"},"event":{"count":1,"data":{"created":1574812027784,"project":"92ddc83aceaa9edad1485397ccc1680a8fd16623aa2c155379eac4aafdb2a559"},"id":"frame.activated"}}
{"recorder_version":"21","session":"5ccacfe66283","build":"192.6262.58","bucket":"189","time":1574812029527,"group":{"id":"lifecycle","version":"21"},"event":{"count":1,"data":{"restart":false,"created":1574812029527},"id":"ide.close"}}
{"recorder_version":"21","session":"5ccacfe66283","build":"192.6262.58","bucket":"189","time":1574812029609,"group":{"id":"lifecycle","version":"21"},"event":{"count":1,"data":{"created":1574812029609,"project":"92ddc83aceaa9edad1485397ccc1680a8fd16623aa2c155379eac4aafdb2a559"},"id":"project.closed"}}
