{"recorder_version":"21","session":"0918cbd2af4d","build":"192.6262.58","bucket":"189","time":1574438378060,"group":{"id":"settings","version":"4"},"event":{"state":true,"data":{"component":"NotRoamableUiSettings","created":1574438378223},"id":"invoked"}}
{"recorder_version":"21","session":"0918cbd2af4d","build":"192.6262.58","bucket":"189","time":1574438378062,"group":{"id":"system.java","version":"1"},"event":{"state":true,"data":{"created":1574438378224,"version":"1.11"},"id":"JetBrains"}}
{"recorder_version":"21","session":"0918cbd2af4d","build":"192.6262.58","bucket":"189","time":1574438378062,"group":{"id":"system.java","version":"1"},"event":{"state":true,"data":{"created":1574438378233},"id":"invoked"}}
{"recorder_version":"21","session":"0918cbd2af4d","build":"192.6262.58","bucket":"189","time":1574438378062,"group":{"id":"settings","version":"4"},"event":{"state":true,"data":{"component":"UISettings","created":1574438378234},"id":"invoked"}}
{"recorder_version":"21","session":"0918cbd2af4d","build":"192.6262.58","bucket":"189","time":1574438378083,"group":{"id":"system.os","version":"3"},"event":{"state":true,"data":{"created":1574438378235,"version":"10.14"},"id":"Mac"}}
{"recorder_version":"21","session":"0918cbd2af4d","build":"192.6262.58","bucket":"189","time":1574438378083,"group":{"id":"system.os","version":"3"},"event":{"state":true,"data":{"created":1574438378235,"name":"Mac","version":"10.14"},"id":"os.name"}}
{"recorder_version":"21","session":"0918cbd2af4d","build":"192.6262.58","bucket":"189","time":1574438378083,"group":{"id":"system.os","version":"3"},"event":{"state":true,"data":{"created":1574438378236,"value":"+09_00"},"id":"os.timezone"}}
{"recorder_version":"21","session":"0918cbd2af4d","build":"192.6262.58","bucket":"189","time":1574438378083,"group":{"id":"system.os","version":"3"},"event":{"state":true,"data":{"created":1574438378237},"id":"invoked"}}
{"recorder_version":"21","session":"0918cbd2af4d","build":"192.6262.58","bucket":"189","time":1574438378223,"group":{"id":"event.log","version":"21"},"event":{"count":1,"data":{"created":1574438378238,"version":"916.0"},"id":"whitelist.loaded"}}
{"recorder_version":"21","session":"0918cbd2af4d","build":"192.6262.58","bucket":"189","time":1574438380625,"group":{"id":"settings","version":"4"},"event":{"state":true,"data":{"component":"UpdatesConfigurable","created":1574438380626,"name":"checkNeeded","type":"bool","value":false},"id":"not.default"}}
{"recorder_version":"21","session":"0918cbd2af4d","build":"192.6262.58","bucket":"189","time":1574438380625,"group":{"id":"settings","version":"4"},"event":{"state":true,"data":{"component":"UpdatesConfigurable","created":1574438380627},"id":"invoked"}}
{"recorder_version":"21","session":"0918cbd2af4d","build":"192.6262.58","bucket":"189","time":1574438380750,"group":{"id":"settings","version":"4"},"event":{"state":true,"data":{"component":"GeneralSettings","created":1574438380750,"name":"confirmExit","type":"bool","value":false},"id":"not.default"}}
{"recorder_version":"21","session":"0918cbd2af4d","build":"192.6262.58","bucket":"189","time":1574438380750,"group":{"id":"settings","version":"4"},"event":{"state":true,"data":{"component":"GeneralSettings","created":1574438380751,"name":"showTipsOnStartup","type":"bool","value":false},"id":"not.default"}}
{"recorder_version":"21","session":"0918cbd2af4d","build":"192.6262.58","bucket":"189","time":1574438380750,"group":{"id":"settings","version":"4"},"event":{"state":true,"data":{"component":"GeneralSettings","created":1574438380756},"id":"invoked"}}
{"recorder_version":"21","session":"0918cbd2af4d","build":"192.6262.58","bucket":"189","time":1574438380754,"group":{"id":"lifecycle","version":"21"},"event":{"count":1,"data":{"internal":true,"eap":false,"created":1574438380757},"id":"ide.start"}}
{"recorder_version":"21","session":"0918cbd2af4d","build":"192.6262.58","bucket":"189","time":1574438381063,"group":{"id":"lifecycle","version":"21"},"event":{"count":1,"data":{"created":1574438381063},"id":"frame.activated"}}
{"recorder_version":"21","session":"0918cbd2af4d","build":"192.6262.58","bucket":"189","time":1574438381212,"group":{"id":"performance","version":"21"},"event":{"count":1,"data":{"duration_ms":69,"created":1574438381212},"id":"ui.latency"}}
{"recorder_version":"21","session":"0918cbd2af4d","build":"192.6262.58","bucket":"189","time":1574438381557,"group":{"id":"ui.dialogs","version":"21"},"event":{"count":1,"data":{"created":1574438381557,"plugin_type":"PLATFORM","type":"show"},"id":"com.intellij.openapi.progress.util.ProgressDialog$MyDialogWrapper"}}
{"recorder_version":"21","session":"0918cbd2af4d","build":"192.6262.58","bucket":"189","time":1574438382629,"group":{"id":"lifecycle","version":"21"},"event":{"count":1,"data":{"created":1574438382630,"project":"a0f12fb42952fc36a102045bdbb22ad1f15aa9443e9c675024683f4da70c8bc4"},"id":"project.opened"}}
{"recorder_version":"21","session":"0918cbd2af4d","build":"192.6262.58","bucket":"189","time":1574438383280,"group":{"id":"performance","version":"21"},"event":{"count":1,"data":{"duration_ms":136,"created":1574438383280},"id":"ui.lagging"}}
{"recorder_version":"21","session":"0918cbd2af4d","build":"192.6262.58","bucket":"189","time":1574438384255,"group":{"id":"settings","version":"4"},"event":{"state":true,"data":{"component":"XmlEditorOptions","created":1574438384255},"id":"invoked"}}
{"recorder_version":"21","session":"0918cbd2af4d","build":"192.6262.58","bucket":"189","time":1574438384330,"group":{"id":"performance","version":"21"},"event":{"count":1,"data":{"duration_ms":184,"created":1574438384330},"id":"ui.lagging"}}
{"recorder_version":"21","session":"0918cbd2af4d","build":"192.6262.58","bucket":"189","time":1574438384412,"group":{"id":"toolwindow","version":"21"},"event":{"count":1,"data":{"os":"Mac","created":1574438384412,"plugin_type":"PLATFORM"},"id":"Project"}}
{"recorder_version":"21","session":"0918cbd2af4d","build":"192.6262.58","bucket":"189","time":1574438385264,"group":{"id":"performance","version":"21"},"event":{"count":1,"data":{"duration_ms":117,"created":1574438385264},"id":"ui.lagging"}}
{"recorder_version":"21","session":"0918cbd2af4d","build":"192.6262.58","bucket":"189","time":1574438386881,"group":{"id":"kotlin.jps.target","version":"1"},"event":{"count":1,"data":{"plugin_version":"1.3.41-release-IJ2019.2-1","created":1574438386881},"id":"jvm"}}
{"recorder_version":"21","session":"0918cbd2af4d","build":"192.6262.58","bucket":"189","time":1574438386926,"group":{"id":"project.fs","version":"1"},"event":{"state":true,"data":{"os":"Mac","cs-project":false,"created":1574438386926,"project":"a0f12fb42952fc36a102045bdbb22ad1f15aa9443e9c675024683f4da70c8bc4","cs-implicit":true,"cs-system":false},"id":"case-sensitivity"}}
{"recorder_version":"21","session":"0918cbd2af4d","build":"192.6262.58","bucket":"189","time":1574438386926,"group":{"id":"project.fs","version":"1"},"event":{"state":true,"data":{"created":1574438386926},"id":"invoked"}}
{"recorder_version":"21","session":"0918cbd2af4d","build":"192.6262.58","bucket":"189","time":1574438386927,"group":{"id":"project.fs","version":"1"},"event":{"state":true,"data":{"pct-non-watched":0,"created":1574438386927,"project":"a0f12fb42952fc36a102045bdbb22ad1f15aa9443e9c675024683f4da70c8bc4"},"id":"roots-watched"}}
{"recorder_version":"21","session":"0918cbd2af4d","build":"192.6262.58","bucket":"189","time":1574438386927,"group":{"id":"project.fs","version":"1"},"event":{"state":true,"data":{"created":1574438386927},"id":"invoked"}}
{"recorder_version":"21","session":"0918cbd2af4d","build":"192.6262.58","bucket":"189","time":1574438387032,"group":{"id":"ui.dialogs","version":"21"},"event":{"count":1,"data":{"code":1,"created":1574438387033,"plugin_type":"PLATFORM","type":"close"},"id":"com.intellij.openapi.progress.util.ProgressDialog$MyDialogWrapper"}}
{"recorder_version":"21","session":"0918cbd2af4d","build":"192.6262.58","bucket":"189","time":1574438387218,"group":{"id":"lifecycle","version":"21"},"event":{"count":1,"data":{"duration_ms":5915,"created":1574438387220,"project":"a0f12fb42952fc36a102045bdbb22ad1f15aa9443e9c675024683f4da70c8bc4"},"id":"project.opening.finished"}}
{"recorder_version":"21","session":"0918cbd2af4d","build":"192.6262.58","bucket":"189","time":1574438390056,"group":{"id":"file.types.usage","version":"21"},"event":{"count":1,"data":{"plugin":"com.intellij.java","created":1574438390056,"plugin_type":"JB_BUNDLED","project":"a0f12fb42952fc36a102045bdbb22ad1f15aa9443e9c675024683f4da70c8bc4","type":"edit"},"id":"JAVA"}}
{"recorder_version":"21","session":"0918cbd2af4d","build":"192.6262.58","bucket":"189","time":1574438391436,"group":{"id":"actions","version":"21"},"event":{"count":11,"data":{"context_menu":false,"last":1574438400247,"created":1574438391437,"plugin_type":"PLATFORM","project":"a0f12fb42952fc36a102045bdbb22ad1f15aa9443e9c675024683f4da70c8bc4","place":"keyboard_shortcut","class":"com.intellij.openapi.editor.actions.BackspaceAction","input_event":"Backspace"},"id":"EditorBackSpace"}}
{"recorder_version":"21","session":"0918cbd2af4d","build":"192.6262.58","bucket":"189","time":1574438404685,"group":{"id":"lifecycle","version":"21"},"event":{"count":1,"data":{"restart":false,"created":1574438404686},"id":"ide.close"}}
{"recorder_version":"21","session":"0918cbd2af4d","build":"192.6262.58","bucket":"189","time":1574438405098,"group":{"id":"lifecycle","version":"21"},"event":{"count":1,"data":{"created":1574438405098,"project":"a0f12fb42952fc36a102045bdbb22ad1f15aa9443e9c675024683f4da70c8bc4"},"id":"project.closed"}}
