{"recorder_version":"21","session":"e7efd763afb1","build":"192.6262.58","bucket":"189","time":1574883295484,"group":{"id":"settings","version":"4"},"event":{"state":true,"data":{"component":"NotRoamableUiSettings","created":1574883295652},"id":"invoked"}}
{"recorder_version":"21","session":"e7efd763afb1","build":"192.6262.58","bucket":"189","time":1574883295486,"group":{"id":"system.java","version":"1"},"event":{"state":true,"data":{"created":1574883295654,"version":"1.11"},"id":"JetBrains"}}
{"recorder_version":"21","session":"e7efd763afb1","build":"192.6262.58","bucket":"189","time":1574883295486,"group":{"id":"system.java","version":"1"},"event":{"state":true,"data":{"created":1574883295662},"id":"invoked"}}
{"recorder_version":"21","session":"e7efd763afb1","build":"192.6262.58","bucket":"189","time":1574883295487,"group":{"id":"settings","version":"4"},"event":{"state":true,"data":{"component":"UISettings","created":1574883295663},"id":"invoked"}}
{"recorder_version":"21","session":"e7efd763afb1","build":"192.6262.58","bucket":"189","time":1574883295509,"group":{"id":"system.os","version":"3"},"event":{"state":true,"data":{"created":1574883295664,"version":"10.14"},"id":"Mac"}}
{"recorder_version":"21","session":"e7efd763afb1","build":"192.6262.58","bucket":"189","time":1574883295509,"group":{"id":"system.os","version":"3"},"event":{"state":true,"data":{"created":1574883295664,"name":"Mac","version":"10.14"},"id":"os.name"}}
{"recorder_version":"21","session":"e7efd763afb1","build":"192.6262.58","bucket":"189","time":1574883295509,"group":{"id":"system.os","version":"3"},"event":{"state":true,"data":{"created":1574883295665,"value":"+09_00"},"id":"os.timezone"}}
{"recorder_version":"21","session":"e7efd763afb1","build":"192.6262.58","bucket":"189","time":1574883295509,"group":{"id":"system.os","version":"3"},"event":{"state":true,"data":{"created":1574883295666},"id":"invoked"}}
{"recorder_version":"21","session":"e7efd763afb1","build":"192.6262.58","bucket":"189","time":1574883295652,"group":{"id":"event.log","version":"21"},"event":{"count":1,"data":{"created":1574883295667,"version":"934.0"},"id":"whitelist.loaded"}}
{"recorder_version":"21","session":"e7efd763afb1","build":"192.6262.58","bucket":"189","time":1574883297902,"group":{"id":"settings","version":"4"},"event":{"state":true,"data":{"component":"UpdatesConfigurable","created":1574883297902,"name":"checkNeeded","type":"bool","value":false},"id":"not.default"}}
{"recorder_version":"21","session":"e7efd763afb1","build":"192.6262.58","bucket":"189","time":1574883297902,"group":{"id":"settings","version":"4"},"event":{"state":true,"data":{"component":"UpdatesConfigurable","created":1574883297905},"id":"invoked"}}
{"recorder_version":"21","session":"e7efd763afb1","build":"192.6262.58","bucket":"189","time":1574883298021,"group":{"id":"settings","version":"4"},"event":{"state":true,"data":{"component":"GeneralSettings","created":1574883298021},"id":"invoked"}}
{"recorder_version":"21","session":"e7efd763afb1","build":"192.6262.58","bucket":"189","time":1574883298030,"group":{"id":"lifecycle","version":"21"},"event":{"count":1,"data":{"internal":true,"eap":false,"created":1574883298031},"id":"ide.start"}}
{"recorder_version":"21","session":"e7efd763afb1","build":"192.6262.58","bucket":"189","time":1574883298366,"group":{"id":"lifecycle","version":"21"},"event":{"count":1,"data":{"created":1574883298366},"id":"frame.activated"}}
{"recorder_version":"21","session":"e7efd763afb1","build":"192.6262.58","bucket":"189","time":1574883298491,"group":{"id":"performance","version":"21"},"event":{"count":1,"data":{"duration_ms":75,"created":1574883298491},"id":"ui.latency"}}
{"recorder_version":"21","session":"e7efd763afb1","build":"192.6262.58","bucket":"189","time":1574883298839,"group":{"id":"ui.dialogs","version":"21"},"event":{"count":1,"data":{"created":1574883298841,"plugin_type":"PLATFORM","type":"show"},"id":"com.intellij.openapi.progress.util.ProgressDialog$MyDialogWrapper"}}
{"recorder_version":"21","session":"e7efd763afb1","build":"192.6262.58","bucket":"189","time":1574883299917,"group":{"id":"lifecycle","version":"21"},"event":{"count":1,"data":{"created":1574883299917,"project":"4452600da3b350ab41d92ae108c2baae6ff0ac3ddb31bd67020ee046ec77ac09"},"id":"project.opened"}}
{"recorder_version":"21","session":"e7efd763afb1","build":"192.6262.58","bucket":"189","time":1574883300576,"group":{"id":"performance","version":"21"},"event":{"count":1,"data":{"duration_ms":154,"created":1574883300576},"id":"ui.lagging"}}
{"recorder_version":"21","session":"e7efd763afb1","build":"192.6262.58","bucket":"189","time":1574883301557,"group":{"id":"settings","version":"4"},"event":{"state":true,"data":{"component":"XmlEditorOptions","created":1574883301557},"id":"invoked"}}
{"recorder_version":"21","session":"e7efd763afb1","build":"192.6262.58","bucket":"189","time":1574883301622,"group":{"id":"performance","version":"21"},"event":{"count":1,"data":{"duration_ms":197,"created":1574883301622},"id":"ui.lagging"}}
{"recorder_version":"21","session":"e7efd763afb1","build":"192.6262.58","bucket":"189","time":1574883302369,"group":{"id":"ui.tips","version":"2"},"event":{"count":1,"data":{"created":1574883302370,"type":"automatically"},"id":"dialog.shown"}}
{"recorder_version":"21","session":"e7efd763afb1","build":"192.6262.58","bucket":"189","time":1574883302429,"group":{"id":"ui.dialogs","version":"21"},"event":{"count":1,"data":{"created":1574883302429,"plugin_type":"PLATFORM","type":"show"},"id":"com.intellij.ide.util.TipDialog"}}
{"recorder_version":"21","session":"e7efd763afb1","build":"192.6262.58","bucket":"189","time":1574883302906,"group":{"id":"performance","version":"21"},"event":{"count":1,"data":{"duration_ms":481,"created":1574883302906},"id":"ui.lagging"}}
{"recorder_version":"21","session":"e7efd763afb1","build":"192.6262.58","bucket":"189","time":1574883304246,"group":{"id":"project.fs","version":"1"},"event":{"state":true,"data":{"os":"Mac","cs-project":false,"created":1574883304246,"project":"4452600da3b350ab41d92ae108c2baae6ff0ac3ddb31bd67020ee046ec77ac09","cs-implicit":true,"cs-system":false},"id":"case-sensitivity"}}
{"recorder_version":"21","session":"e7efd763afb1","build":"192.6262.58","bucket":"189","time":1574883304246,"group":{"id":"project.fs","version":"1"},"event":{"state":true,"data":{"created":1574883304247},"id":"invoked"}}
{"recorder_version":"21","session":"e7efd763afb1","build":"192.6262.58","bucket":"189","time":1574883304247,"group":{"id":"project.fs","version":"1"},"event":{"state":true,"data":{"pct-non-watched":0,"created":1574883304247,"project":"4452600da3b350ab41d92ae108c2baae6ff0ac3ddb31bd67020ee046ec77ac09"},"id":"roots-watched"}}
{"recorder_version":"21","session":"e7efd763afb1","build":"192.6262.58","bucket":"189","time":1574883304247,"group":{"id":"project.fs","version":"1"},"event":{"state":true,"data":{"created":1574883304248},"id":"invoked"}}
{"recorder_version":"21","session":"e7efd763afb1","build":"192.6262.58","bucket":"189","time":1574883304394,"group":{"id":"ui.dialogs","version":"21"},"event":{"count":1,"data":{"code":1,"created":1574883304394,"plugin_type":"PLATFORM","type":"close"},"id":"com.intellij.openapi.progress.util.ProgressDialog$MyDialogWrapper"}}
{"recorder_version":"21","session":"e7efd763afb1","build":"192.6262.58","bucket":"189","time":1574883304609,"group":{"id":"lifecycle","version":"21"},"event":{"count":1,"data":{"duration_ms":6055,"created":1574883304609,"project":"4452600da3b350ab41d92ae108c2baae6ff0ac3ddb31bd67020ee046ec77ac09"},"id":"project.opening.finished"}}
{"recorder_version":"21","session":"e7efd763afb1","build":"192.6262.58","bucket":"189","time":1574883305907,"group":{"id":"ui.dialogs","version":"21"},"event":{"count":1,"data":{"code":1,"created":1574883305907,"plugin_type":"PLATFORM","type":"close"},"id":"com.intellij.ide.util.TipDialog"}}
{"recorder_version":"21","session":"e7efd763afb1","build":"192.6262.58","bucket":"189","time":1574883306821,"group":{"id":"kotlin.jps.target","version":"1"},"event":{"count":2,"data":{"plugin_version":"validation.undefined_rule","last":1574883306834,"created":1574883306821},"id":"validation.undefined_rule"}}
{"recorder_version":"21","session":"e7efd763afb1","build":"192.6262.58","bucket":"189","time":1574883307546,"group":{"id":"vcs.change.reminder","version":"1"},"event":{"count":1,"data":{"created":1574883307547,"project":"4452600da3b350ab41d92ae108c2baae6ff0ac3ddb31bd67020ee046ec77ac09","execution_time":263},"id":"prediction.calculated"}}
{"recorder_version":"21","session":"e7efd763afb1","build":"192.6262.58","bucket":"189","time":1574883308244,"group":{"id":"toolwindow","version":"21"},"event":{"count":1,"data":{"os":"Mac","created":1574883308249,"plugin_type":"NOT_LISTED"},"id":"third.party"}}
{"recorder_version":"21","session":"e7efd763afb1","build":"192.6262.58","bucket":"189","time":1574883308667,"group":{"id":"performance","version":"21"},"event":{"count":1,"data":{"duration_ms":229,"created":1574883308667},"id":"ui.lagging"}}
{"recorder_version":"21","session":"e7efd763afb1","build":"192.6262.58","bucket":"189","time":1574883310335,"group":{"id":"file.types.usage","version":"21"},"event":{"count":1,"data":{"plugin":"com.intellij.java","created":1574883310335,"plugin_type":"JB_BUNDLED","project":"4452600da3b350ab41d92ae108c2baae6ff0ac3ddb31bd67020ee046ec77ac09","type":"edit"},"id":"JAVA"}}
{"recorder_version":"21","session":"e7efd763afb1","build":"192.6262.58","bucket":"189","time":1574883310968,"group":{"id":"actions","version":"21"},"event":{"count":1,"data":{"context_menu":false,"current_file":"JAVA","created":1574883310968,"plugin_type":"PLATFORM","project":"4452600da3b350ab41d92ae108c2baae6ff0ac3ddb31bd67020ee046ec77ac09","place":"keyboard_shortcut","class":"com.intellij.openapi.editor.actions.EscapeAction","input_event":"Escape"},"id":"EditorEscape"}}
{"recorder_version":"21","session":"e7efd763afb1","build":"192.6262.58","bucket":"189","time":1574883317237,"group":{"id":"lifecycle","version":"21"},"event":{"count":1,"data":{"created":1574883317237,"project":"4452600da3b350ab41d92ae108c2baae6ff0ac3ddb31bd67020ee046ec77ac09"},"id":"frame.deactivated"}}
{"recorder_version":"21","session":"e7efd763afb1","build":"192.6262.58","bucket":"189","time":1574883398678,"group":{"id":"performance","version":"21"},"event":{"count":1,"data":{"duration_ms":2,"created":1574883398679},"id":"ui.latency"}}
{"recorder_version":"21","session":"e7efd763afb1","build":"192.6262.58","bucket":"189","time":1574883398791,"group":{"id":"lifecycle","version":"21"},"event":{"count":1,"data":{"created":1574883398791,"project":"4452600da3b350ab41d92ae108c2baae6ff0ac3ddb31bd67020ee046ec77ac09"},"id":"frame.activated"}}
{"recorder_version":"21","session":"e7efd763afb1","build":"192.6262.58","bucket":"189","time":1574883400791,"group":{"id":"lifecycle","version":"21"},"event":{"count":1,"data":{"restart":false,"created":1574883400791},"id":"ide.close"}}
{"recorder_version":"21","session":"e7efd763afb1","build":"192.6262.58","bucket":"189","time":1574883400894,"group":{"id":"lifecycle","version":"21"},"event":{"count":1,"data":{"created":1574883400894,"project":"4452600da3b350ab41d92ae108c2baae6ff0ac3ddb31bd67020ee046ec77ac09"},"id":"project.closed"}}
