{"recorder_version":"21","session":"0225f85538a9","build":"192.6262.58","bucket":"189","time":1574432613171,"group":{"id":"settings","version":"4"},"event":{"state":true,"data":{"component":"NotRoamableUiSettings","created":1574432613325},"id":"invoked"}}
{"recorder_version":"21","session":"0225f85538a9","build":"192.6262.58","bucket":"189","time":1574432613174,"group":{"id":"system.java","version":"1"},"event":{"state":true,"data":{"created":1574432613327,"version":"1.11"},"id":"JetBrains"}}
{"recorder_version":"21","session":"0225f85538a9","build":"192.6262.58","bucket":"189","time":1574432613174,"group":{"id":"system.java","version":"1"},"event":{"state":true,"data":{"created":1574432613335},"id":"invoked"}}
{"recorder_version":"21","session":"0225f85538a9","build":"192.6262.58","bucket":"189","time":1574432613174,"group":{"id":"settings","version":"4"},"event":{"state":true,"data":{"component":"UISettings","created":1574432613336},"id":"invoked"}}
{"recorder_version":"21","session":"0225f85538a9","build":"192.6262.58","bucket":"189","time":1574432613196,"group":{"id":"system.os","version":"3"},"event":{"state":true,"data":{"created":1574432613337,"version":"10.14"},"id":"Mac"}}
{"recorder_version":"21","session":"0225f85538a9","build":"192.6262.58","bucket":"189","time":1574432613196,"group":{"id":"system.os","version":"3"},"event":{"state":true,"data":{"created":1574432613338,"name":"Mac","version":"10.14"},"id":"os.name"}}
{"recorder_version":"21","session":"0225f85538a9","build":"192.6262.58","bucket":"189","time":1574432613196,"group":{"id":"system.os","version":"3"},"event":{"state":true,"data":{"created":1574432613339,"value":"+09_00"},"id":"os.timezone"}}
{"recorder_version":"21","session":"0225f85538a9","build":"192.6262.58","bucket":"189","time":1574432613196,"group":{"id":"system.os","version":"3"},"event":{"state":true,"data":{"created":1574432613340},"id":"invoked"}}
{"recorder_version":"21","session":"0225f85538a9","build":"192.6262.58","bucket":"189","time":1574432613325,"group":{"id":"event.log","version":"21"},"event":{"count":1,"data":{"created":1574432613340,"version":"916.0"},"id":"whitelist.loaded"}}
{"recorder_version":"21","session":"0225f85538a9","build":"192.6262.58","bucket":"189","time":1574432615588,"group":{"id":"settings","version":"4"},"event":{"state":true,"data":{"component":"UpdatesConfigurable","created":1574432615589,"name":"checkNeeded","type":"bool","value":false},"id":"not.default"}}
{"recorder_version":"21","session":"0225f85538a9","build":"192.6262.58","bucket":"189","time":1574432615589,"group":{"id":"settings","version":"4"},"event":{"state":true,"data":{"component":"UpdatesConfigurable","created":1574432615590},"id":"invoked"}}
{"recorder_version":"21","session":"0225f85538a9","build":"192.6262.58","bucket":"189","time":1574432616156,"group":{"id":"lifecycle","version":"21"},"event":{"count":1,"data":{"internal":true,"eap":false,"created":1574432616156},"id":"ide.start"}}
{"recorder_version":"21","session":"0225f85538a9","build":"192.6262.58","bucket":"189","time":1574432616162,"group":{"id":"settings","version":"4"},"event":{"state":true,"data":{"component":"GeneralSettings","created":1574432616162,"name":"confirmExit","type":"bool","value":false},"id":"not.default"}}
{"recorder_version":"21","session":"0225f85538a9","build":"192.6262.58","bucket":"189","time":1574432616162,"group":{"id":"settings","version":"4"},"event":{"state":true,"data":{"component":"GeneralSettings","created":1574432616164,"name":"showTipsOnStartup","type":"bool","value":false},"id":"not.default"}}
{"recorder_version":"21","session":"0225f85538a9","build":"192.6262.58","bucket":"189","time":1574432616162,"group":{"id":"settings","version":"4"},"event":{"state":true,"data":{"component":"GeneralSettings","created":1574432616165},"id":"invoked"}}
{"recorder_version":"21","session":"0225f85538a9","build":"192.6262.58","bucket":"189","time":1574432616298,"group":{"id":"performance","version":"21"},"event":{"count":1,"data":{"duration_ms":50,"created":1574432616298},"id":"ui.latency"}}
{"recorder_version":"21","session":"0225f85538a9","build":"192.6262.58","bucket":"189","time":1574432616775,"group":{"id":"settings","version":"4"},"event":{"state":true,"data":{"component":"XmlEditorOptions","created":1574432616776},"id":"invoked"}}
{"recorder_version":"21","session":"0225f85538a9","build":"192.6262.58","bucket":"189","time":1574432618253,"group":{"id":"ui.dialogs","version":"21"},"event":{"count":1,"data":{"created":1574432618253,"plugin_type":"PLATFORM","type":"show"},"id":"com.intellij.openapi.progress.util.ProgressDialog$MyDialogWrapper"}}
{"recorder_version":"21","session":"0225f85538a9","build":"192.6262.58","bucket":"189","time":1574432619107,"group":{"id":"lifecycle","version":"21"},"event":{"count":1,"data":{"created":1574432619108,"project":"a0f12fb42952fc36a102045bdbb22ad1f15aa9443e9c675024683f4da70c8bc4"},"id":"project.opened"}}
{"recorder_version":"21","session":"0225f85538a9","build":"192.6262.58","bucket":"189","time":1574432619775,"group":{"id":"performance","version":"21"},"event":{"count":1,"data":{"duration_ms":524,"created":1574432619775},"id":"ui.lagging"}}
{"recorder_version":"21","session":"0225f85538a9","build":"192.6262.58","bucket":"189","time":1574432620885,"group":{"id":"performance","version":"21"},"event":{"count":1,"data":{"duration_ms":634,"created":1574432620885},"id":"ui.lagging"}}
{"recorder_version":"21","session":"0225f85538a9","build":"192.6262.58","bucket":"189","time":1574432620969,"group":{"id":"toolwindow","version":"21"},"event":{"count":1,"data":{"os":"Mac","created":1574432620969,"plugin_type":"PLATFORM"},"id":"Project"}}
{"recorder_version":"21","session":"0225f85538a9","build":"192.6262.58","bucket":"189","time":1574432622840,"group":{"id":"project.fs","version":"1"},"event":{"state":true,"data":{"os":"Mac","cs-project":false,"created":1574432622840,"project":"a0f12fb42952fc36a102045bdbb22ad1f15aa9443e9c675024683f4da70c8bc4","cs-implicit":true,"cs-system":false},"id":"case-sensitivity"}}
{"recorder_version":"21","session":"0225f85538a9","build":"192.6262.58","bucket":"189","time":1574432622840,"group":{"id":"project.fs","version":"1"},"event":{"state":true,"data":{"created":1574432622840},"id":"invoked"}}
{"recorder_version":"21","session":"0225f85538a9","build":"192.6262.58","bucket":"189","time":1574432622840,"group":{"id":"project.fs","version":"1"},"event":{"state":true,"data":{"pct-non-watched":0,"created":1574432622841,"project":"a0f12fb42952fc36a102045bdbb22ad1f15aa9443e9c675024683f4da70c8bc4"},"id":"roots-watched"}}
{"recorder_version":"21","session":"0225f85538a9","build":"192.6262.58","bucket":"189","time":1574432622840,"group":{"id":"project.fs","version":"1"},"event":{"state":true,"data":{"created":1574432622841},"id":"invoked"}}
{"recorder_version":"21","session":"0225f85538a9","build":"192.6262.58","bucket":"189","time":1574432622871,"group":{"id":"ui.dialogs","version":"21"},"event":{"count":1,"data":{"code":1,"created":1574432622872,"plugin_type":"PLATFORM","type":"close"},"id":"com.intellij.openapi.progress.util.ProgressDialog$MyDialogWrapper"}}
{"recorder_version":"21","session":"0225f85538a9","build":"192.6262.58","bucket":"189","time":1574432623074,"group":{"id":"lifecycle","version":"21"},"event":{"count":1,"data":{"duration_ms":5114,"created":1574432623075,"project":"a0f12fb42952fc36a102045bdbb22ad1f15aa9443e9c675024683f4da70c8bc4"},"id":"project.opening.finished"}}
{"recorder_version":"21","session":"0225f85538a9","build":"192.6262.58","bucket":"189","time":1574432623660,"group":{"id":"kotlin.jps.target","version":"1"},"event":{"count":1,"data":{"plugin_version":"1.3.41-release-IJ2019.2-1","created":1574432623660},"id":"jvm"}}
{"recorder_version":"21","session":"0225f85538a9","build":"192.6262.58","bucket":"189","time":1574432624281,"group":{"id":"file.types.usage","version":"21"},"event":{"count":1,"data":{"plugin":"com.intellij.java","created":1574432624282,"plugin_type":"JB_BUNDLED","project":"a0f12fb42952fc36a102045bdbb22ad1f15aa9443e9c675024683f4da70c8bc4","type":"edit"},"id":"JAVA"}}
{"recorder_version":"21","session":"0225f85538a9","build":"192.6262.58","bucket":"189","time":1574432624415,"group":{"id":"performance","version":"21"},"event":{"count":1,"data":{"duration_ms":150,"created":1574432624415},"id":"ui.lagging"}}
{"recorder_version":"21","session":"0225f85538a9","build":"192.6262.58","bucket":"189","time":1574432626418,"group":{"id":"performance","version":"21"},"event":{"count":1,"data":{"duration_ms":151,"created":1574432626418},"id":"ui.lagging"}}
{"recorder_version":"21","session":"0225f85538a9","build":"192.6262.58","bucket":"189","time":1574432626572,"group":{"id":"lifecycle","version":"21"},"event":{"count":1,"data":{"created":1574432626572,"project":"a0f12fb42952fc36a102045bdbb22ad1f15aa9443e9c675024683f4da70c8bc4"},"id":"project.closed"}}
{"recorder_version":"21","session":"0225f85538a9","build":"192.6262.58","bucket":"189","time":1574432628835,"group":{"id":"lifecycle","version":"21"},"event":{"count":1,"data":{"restart":false,"created":1574432628835},"id":"ide.close"}}
