{"recorder_version":"21","session":"4bd4e7060981","build":"192.6262.58","bucket":"189","time":1574811307679,"group":{"id":"settings","version":"4"},"event":{"state":true,"data":{"component":"NotRoamableUiSettings","created":1574811307840},"id":"invoked"}}
{"recorder_version":"21","session":"4bd4e7060981","build":"192.6262.58","bucket":"189","time":1574811307681,"group":{"id":"settings","version":"4"},"event":{"state":true,"data":{"component":"UISettings","created":1574811307841},"id":"invoked"}}
{"recorder_version":"21","session":"4bd4e7060981","build":"192.6262.58","bucket":"189","time":1574811307681,"group":{"id":"system.java","version":"1"},"event":{"state":true,"data":{"created":1574811307850,"version":"1.11"},"id":"JetBrains"}}
{"recorder_version":"21","session":"4bd4e7060981","build":"192.6262.58","bucket":"189","time":1574811307681,"group":{"id":"system.java","version":"1"},"event":{"state":true,"data":{"created":1574811307851},"id":"invoked"}}
{"recorder_version":"21","session":"4bd4e7060981","build":"192.6262.58","bucket":"189","time":1574811307702,"group":{"id":"system.os","version":"3"},"event":{"state":true,"data":{"created":1574811307852,"version":"10.14"},"id":"Mac"}}
{"recorder_version":"21","session":"4bd4e7060981","build":"192.6262.58","bucket":"189","time":1574811307702,"group":{"id":"system.os","version":"3"},"event":{"state":true,"data":{"created":1574811307853,"name":"Mac","version":"10.14"},"id":"os.name"}}
{"recorder_version":"21","session":"4bd4e7060981","build":"192.6262.58","bucket":"189","time":1574811307702,"group":{"id":"system.os","version":"3"},"event":{"state":true,"data":{"created":1574811307854,"value":"+09_00"},"id":"os.timezone"}}
{"recorder_version":"21","session":"4bd4e7060981","build":"192.6262.58","bucket":"189","time":1574811307702,"group":{"id":"system.os","version":"3"},"event":{"state":true,"data":{"created":1574811307855},"id":"invoked"}}
{"recorder_version":"21","session":"4bd4e7060981","build":"192.6262.58","bucket":"189","time":1574811307839,"group":{"id":"event.log","version":"21"},"event":{"count":1,"data":{"created":1574811307855,"version":"930.0"},"id":"whitelist.loaded"}}
{"recorder_version":"21","session":"4bd4e7060981","build":"192.6262.58","bucket":"189","time":1574811310126,"group":{"id":"settings","version":"4"},"event":{"state":true,"data":{"component":"UpdatesConfigurable","created":1574811310127,"name":"checkNeeded","type":"bool","value":false},"id":"not.default"}}
{"recorder_version":"21","session":"4bd4e7060981","build":"192.6262.58","bucket":"189","time":1574811310127,"group":{"id":"settings","version":"4"},"event":{"state":true,"data":{"component":"UpdatesConfigurable","created":1574811310129},"id":"invoked"}}
{"recorder_version":"21","session":"4bd4e7060981","build":"192.6262.58","bucket":"189","time":1574811310264,"group":{"id":"settings","version":"4"},"event":{"state":true,"data":{"component":"GeneralSettings","created":1574811310265,"name":"confirmExit","type":"bool","value":false},"id":"not.default"}}
{"recorder_version":"21","session":"4bd4e7060981","build":"192.6262.58","bucket":"189","time":1574811310264,"group":{"id":"settings","version":"4"},"event":{"state":true,"data":{"component":"GeneralSettings","created":1574811310268,"name":"showTipsOnStartup","type":"bool","value":false},"id":"not.default"}}
{"recorder_version":"21","session":"4bd4e7060981","build":"192.6262.58","bucket":"189","time":1574811310264,"group":{"id":"settings","version":"4"},"event":{"state":true,"data":{"component":"GeneralSettings","created":1574811310271},"id":"invoked"}}
{"recorder_version":"21","session":"4bd4e7060981","build":"192.6262.58","bucket":"189","time":1574811310274,"group":{"id":"lifecycle","version":"21"},"event":{"count":1,"data":{"internal":true,"eap":false,"created":1574811310276},"id":"ide.start"}}
{"recorder_version":"21","session":"4bd4e7060981","build":"192.6262.58","bucket":"189","time":1574811310565,"group":{"id":"lifecycle","version":"21"},"event":{"count":1,"data":{"created":1574811310565},"id":"frame.activated"}}
{"recorder_version":"21","session":"4bd4e7060981","build":"192.6262.58","bucket":"189","time":1574811310829,"group":{"id":"performance","version":"21"},"event":{"count":1,"data":{"duration_ms":1,"created":1574811310829},"id":"ui.latency"}}
{"recorder_version":"21","session":"4bd4e7060981","build":"192.6262.58","bucket":"189","time":1574811311049,"group":{"id":"ui.dialogs","version":"21"},"event":{"count":1,"data":{"created":1574811311049,"plugin_type":"PLATFORM","type":"show"},"id":"com.intellij.openapi.progress.util.ProgressDialog$MyDialogWrapper"}}
{"recorder_version":"21","session":"4bd4e7060981","build":"192.6262.58","bucket":"189","time":1574811312167,"group":{"id":"lifecycle","version":"21"},"event":{"count":1,"data":{"created":1574811312167,"project":"92ddc83aceaa9edad1485397ccc1680a8fd16623aa2c155379eac4aafdb2a559"},"id":"project.opened"}}
{"recorder_version":"21","session":"4bd4e7060981","build":"192.6262.58","bucket":"189","time":1574811313753,"group":{"id":"settings","version":"4"},"event":{"state":true,"data":{"component":"XmlEditorOptions","created":1574811313753},"id":"invoked"}}
{"recorder_version":"21","session":"4bd4e7060981","build":"192.6262.58","bucket":"189","time":1574811313963,"group":{"id":"toolwindow","version":"21"},"event":{"count":1,"data":{"os":"Mac","created":1574811313963,"plugin_type":"PLATFORM"},"id":"Project"}}
{"recorder_version":"21","session":"4bd4e7060981","build":"192.6262.58","bucket":"189","time":1574811316053,"group":{"id":"kotlin.jps.target","version":"1"},"event":{"count":1,"data":{"plugin_version":"validation.undefined_rule","created":1574811316053},"id":"validation.undefined_rule"}}
{"recorder_version":"21","session":"4bd4e7060981","build":"192.6262.58","bucket":"189","time":1574811316382,"group":{"id":"project.fs","version":"1"},"event":{"state":true,"data":{"os":"Mac","cs-project":false,"created":1574811316382,"project":"92ddc83aceaa9edad1485397ccc1680a8fd16623aa2c155379eac4aafdb2a559","cs-implicit":true,"cs-system":false},"id":"case-sensitivity"}}
{"recorder_version":"21","session":"4bd4e7060981","build":"192.6262.58","bucket":"189","time":1574811316382,"group":{"id":"project.fs","version":"1"},"event":{"state":true,"data":{"created":1574811316382},"id":"invoked"}}
{"recorder_version":"21","session":"4bd4e7060981","build":"192.6262.58","bucket":"189","time":1574811316382,"group":{"id":"project.fs","version":"1"},"event":{"state":true,"data":{"pct-non-watched":0,"created":1574811316383,"project":"92ddc83aceaa9edad1485397ccc1680a8fd16623aa2c155379eac4aafdb2a559"},"id":"roots-watched"}}
{"recorder_version":"21","session":"4bd4e7060981","build":"192.6262.58","bucket":"189","time":1574811316382,"group":{"id":"project.fs","version":"1"},"event":{"state":true,"data":{"created":1574811316383},"id":"invoked"}}
{"recorder_version":"21","session":"4bd4e7060981","build":"192.6262.58","bucket":"189","time":1574811316486,"group":{"id":"ui.dialogs","version":"21"},"event":{"count":1,"data":{"code":1,"created":1574811316486,"plugin_type":"PLATFORM","type":"close"},"id":"com.intellij.openapi.progress.util.ProgressDialog$MyDialogWrapper"}}
{"recorder_version":"21","session":"4bd4e7060981","build":"192.6262.58","bucket":"189","time":1574811316604,"group":{"id":"lifecycle","version":"21"},"event":{"count":1,"data":{"duration_ms":5836,"created":1574811316604,"project":"92ddc83aceaa9edad1485397ccc1680a8fd16623aa2c155379eac4aafdb2a559"},"id":"project.opening.finished"}}
{"recorder_version":"21","session":"4bd4e7060981","build":"192.6262.58","bucket":"189","time":1574811317037,"group":{"id":"performance","version":"21"},"event":{"count":1,"data":{"duration_ms":201,"created":1574811317037},"id":"ui.lagging"}}
{"recorder_version":"21","session":"4bd4e7060981","build":"192.6262.58","bucket":"189","time":1574811318384,"group":{"id":"lifecycle","version":"21"},"event":{"count":1,"data":{"created":1574811318384,"project":"92ddc83aceaa9edad1485397ccc1680a8fd16623aa2c155379eac4aafdb2a559"},"id":"frame.deactivated"}}
{"recorder_version":"21","session":"4bd4e7060981","build":"192.6262.58","bucket":"189","time":1574811322168,"group":{"id":"lifecycle","version":"21"},"event":{"count":1,"data":{"created":1574811322168,"project":"92ddc83aceaa9edad1485397ccc1680a8fd16623aa2c155379eac4aafdb2a559"},"id":"frame.activated"}}
{"recorder_version":"21","session":"4bd4e7060981","build":"192.6262.58","bucket":"189","time":1574811323392,"group":{"id":"file.types.usage","version":"21"},"event":{"count":1,"data":{"created":1574811323392,"plugin_type":"PLATFORM","project":"92ddc83aceaa9edad1485397ccc1680a8fd16623aa2c155379eac4aafdb2a559","type":"edit"},"id":"IDEA_MODULE"}}
{"recorder_version":"21","session":"4bd4e7060981","build":"192.6262.58","bucket":"189","time":1574811331226,"group":{"id":"actions","version":"21"},"event":{"count":2,"data":{"context_menu":false,"last":1574811337460,"current_file":"TEXT","created":1574811331227,"plugin_type":"PLATFORM","project":"92ddc83aceaa9edad1485397ccc1680a8fd16623aa2c155379eac4aafdb2a559","place":"keyboard_shortcut","class":"com.intellij.openapi.editor.actions.EnterAction","input_event":"Enter"},"id":"EditorEnter"}}
{"recorder_version":"21","session":"4bd4e7060981","build":"192.6262.58","bucket":"189","time":1574811363939,"group":{"id":"actions","version":"21"},"event":{"count":2,"data":{"context_menu":false,"last":1574811364756,"current_file":"TEXT","created":1574811363939,"plugin_type":"PLATFORM","project":"92ddc83aceaa9edad1485397ccc1680a8fd16623aa2c155379eac4aafdb2a559","place":"keyboard_shortcut","class":"com.intellij.openapi.editor.actions.EnterAction","input_event":"Enter"},"id":"EditorEnter"}}
{"recorder_version":"21","session":"4bd4e7060981","build":"192.6262.58","bucket":"189","time":1574811374859,"group":{"id":"lifecycle","version":"21"},"event":{"count":1,"data":{"created":1574811374859,"project":"92ddc83aceaa9edad1485397ccc1680a8fd16623aa2c155379eac4aafdb2a559"},"id":"frame.deactivated"}}
{"recorder_version":"21","session":"4bd4e7060981","build":"192.6262.58","bucket":"189","time":1574811411164,"group":{"id":"performance","version":"21"},"event":{"count":1,"data":{"duration_ms":1,"created":1574811411164},"id":"ui.latency"}}
{"recorder_version":"21","session":"4bd4e7060981","build":"192.6262.58","bucket":"189","time":1574811417166,"group":{"id":"lifecycle","version":"21"},"event":{"count":1,"data":{"created":1574811417166,"project":"92ddc83aceaa9edad1485397ccc1680a8fd16623aa2c155379eac4aafdb2a559"},"id":"frame.activated"}}
{"recorder_version":"21","session":"4bd4e7060981","build":"192.6262.58","bucket":"189","time":1574811417448,"group":{"id":"lifecycle","version":"21"},"event":{"count":1,"data":{"restart":false,"created":1574811417448},"id":"ide.close"}}
{"recorder_version":"21","session":"4bd4e7060981","build":"192.6262.58","bucket":"189","time":1574811417549,"group":{"id":"lifecycle","version":"21"},"event":{"count":1,"data":{"created":1574811417549,"project":"92ddc83aceaa9edad1485397ccc1680a8fd16623aa2c155379eac4aafdb2a559"},"id":"project.closed"}}
