{"recorder_version":"21","session":"85e9a347cfa5","build":"192.6262.58","bucket":"189","time":1574629743030,"group":{"id":"settings","version":"4"},"event":{"state":true,"data":{"component":"NotRoamableUiSettings","created":1574629743223},"id":"invoked"}}
{"recorder_version":"21","session":"85e9a347cfa5","build":"192.6262.58","bucket":"189","time":1574629743033,"group":{"id":"system.java","version":"1"},"event":{"state":true,"data":{"created":1574629743225,"version":"1.11"},"id":"JetBrains"}}
{"recorder_version":"21","session":"85e9a347cfa5","build":"192.6262.58","bucket":"189","time":1574629743033,"group":{"id":"system.java","version":"1"},"event":{"state":true,"data":{"created":1574629743236},"id":"invoked"}}
{"recorder_version":"21","session":"85e9a347cfa5","build":"192.6262.58","bucket":"189","time":1574629743033,"group":{"id":"settings","version":"4"},"event":{"state":true,"data":{"component":"UISettings","created":1574629743237},"id":"invoked"}}
{"recorder_version":"21","session":"85e9a347cfa5","build":"192.6262.58","bucket":"189","time":1574629743054,"group":{"id":"system.os","version":"3"},"event":{"state":true,"data":{"created":1574629743237,"version":"10.14"},"id":"Mac"}}
{"recorder_version":"21","session":"85e9a347cfa5","build":"192.6262.58","bucket":"189","time":1574629743054,"group":{"id":"system.os","version":"3"},"event":{"state":true,"data":{"created":1574629743238,"name":"Mac","version":"10.14"},"id":"os.name"}}
{"recorder_version":"21","session":"85e9a347cfa5","build":"192.6262.58","bucket":"189","time":1574629743054,"group":{"id":"system.os","version":"3"},"event":{"state":true,"data":{"created":1574629743239,"value":"+09_00"},"id":"os.timezone"}}
{"recorder_version":"21","session":"85e9a347cfa5","build":"192.6262.58","bucket":"189","time":1574629743054,"group":{"id":"system.os","version":"3"},"event":{"state":true,"data":{"created":1574629743239},"id":"invoked"}}
{"recorder_version":"21","session":"85e9a347cfa5","build":"192.6262.58","bucket":"189","time":1574629743223,"group":{"id":"event.log","version":"21"},"event":{"count":1,"data":{"created":1574629743240,"version":"919.0"},"id":"whitelist.loaded"}}
{"recorder_version":"21","session":"85e9a347cfa5","build":"192.6262.58","bucket":"189","time":1574629745499,"group":{"id":"settings","version":"4"},"event":{"state":true,"data":{"component":"UpdatesConfigurable","created":1574629745500,"name":"checkNeeded","type":"bool","value":false},"id":"not.default"}}
{"recorder_version":"21","session":"85e9a347cfa5","build":"192.6262.58","bucket":"189","time":1574629745499,"group":{"id":"settings","version":"4"},"event":{"state":true,"data":{"component":"UpdatesConfigurable","created":1574629745501},"id":"invoked"}}
{"recorder_version":"21","session":"85e9a347cfa5","build":"192.6262.58","bucket":"189","time":1574629746075,"group":{"id":"lifecycle","version":"21"},"event":{"count":1,"data":{"internal":true,"eap":false,"created":1574629746075},"id":"ide.start"}}
{"recorder_version":"21","session":"85e9a347cfa5","build":"192.6262.58","bucket":"189","time":1574629746102,"group":{"id":"settings","version":"4"},"event":{"state":true,"data":{"component":"GeneralSettings","created":1574629746103,"name":"confirmExit","type":"bool","value":false},"id":"not.default"}}
{"recorder_version":"21","session":"85e9a347cfa5","build":"192.6262.58","bucket":"189","time":1574629746102,"group":{"id":"settings","version":"4"},"event":{"state":true,"data":{"component":"GeneralSettings","created":1574629746105,"name":"showTipsOnStartup","type":"bool","value":false},"id":"not.default"}}
{"recorder_version":"21","session":"85e9a347cfa5","build":"192.6262.58","bucket":"189","time":1574629746103,"group":{"id":"settings","version":"4"},"event":{"state":true,"data":{"component":"GeneralSettings","created":1574629746105},"id":"invoked"}}
{"recorder_version":"21","session":"85e9a347cfa5","build":"192.6262.58","bucket":"189","time":1574629746209,"group":{"id":"performance","version":"21"},"event":{"count":1,"data":{"duration_ms":76,"created":1574629746209},"id":"ui.latency"}}
{"recorder_version":"21","session":"85e9a347cfa5","build":"192.6262.58","bucket":"189","time":1574629746687,"group":{"id":"settings","version":"4"},"event":{"state":true,"data":{"component":"XmlEditorOptions","created":1574629746688},"id":"invoked"}}
{"recorder_version":"21","session":"85e9a347cfa5","build":"192.6262.58","bucket":"189","time":1574629747242,"group":{"id":"performance","version":"21"},"event":{"count":1,"data":{"duration_ms":105,"created":1574629747242},"id":"ui.lagging"}}
{"recorder_version":"21","session":"85e9a347cfa5","build":"192.6262.58","bucket":"189","time":1574629747849,"group":{"id":"ui.dialogs","version":"21"},"event":{"count":1,"data":{"created":1574629747849,"plugin_type":"PLATFORM","type":"show"},"id":"com.intellij.openapi.progress.util.ProgressDialog$MyDialogWrapper"}}
{"recorder_version":"21","session":"85e9a347cfa5","build":"192.6262.58","bucket":"189","time":1574629748721,"group":{"id":"lifecycle","version":"21"},"event":{"count":1,"data":{"created":1574629748721,"project":"92ddc83aceaa9edad1485397ccc1680a8fd16623aa2c155379eac4aafdb2a559"},"id":"project.opened"}}
{"recorder_version":"21","session":"85e9a347cfa5","build":"192.6262.58","bucket":"189","time":1574629750364,"group":{"id":"performance","version":"21"},"event":{"count":1,"data":{"duration_ms":223,"created":1574629750365},"id":"ui.lagging"}}
{"recorder_version":"21","session":"85e9a347cfa5","build":"192.6262.58","bucket":"189","time":1574629750555,"group":{"id":"toolwindow","version":"21"},"event":{"count":1,"data":{"os":"Mac","created":1574629750555,"plugin_type":"PLATFORM"},"id":"Project"}}
{"recorder_version":"21","session":"85e9a347cfa5","build":"192.6262.58","bucket":"189","time":1574629752220,"group":{"id":"project.fs","version":"1"},"event":{"state":true,"data":{"os":"Mac","cs-project":false,"created":1574629752220,"project":"92ddc83aceaa9edad1485397ccc1680a8fd16623aa2c155379eac4aafdb2a559","cs-implicit":true,"cs-system":false},"id":"case-sensitivity"}}
{"recorder_version":"21","session":"85e9a347cfa5","build":"192.6262.58","bucket":"189","time":1574629752220,"group":{"id":"project.fs","version":"1"},"event":{"state":true,"data":{"created":1574629752220},"id":"invoked"}}
{"recorder_version":"21","session":"85e9a347cfa5","build":"192.6262.58","bucket":"189","time":1574629752220,"group":{"id":"project.fs","version":"1"},"event":{"state":true,"data":{"pct-non-watched":0,"created":1574629752221,"project":"92ddc83aceaa9edad1485397ccc1680a8fd16623aa2c155379eac4aafdb2a559"},"id":"roots-watched"}}
{"recorder_version":"21","session":"85e9a347cfa5","build":"192.6262.58","bucket":"189","time":1574629752220,"group":{"id":"project.fs","version":"1"},"event":{"state":true,"data":{"created":1574629752221},"id":"invoked"}}
{"recorder_version":"21","session":"85e9a347cfa5","build":"192.6262.58","bucket":"189","time":1574629752259,"group":{"id":"ui.dialogs","version":"21"},"event":{"count":1,"data":{"code":1,"created":1574629752259,"plugin_type":"PLATFORM","type":"close"},"id":"com.intellij.openapi.progress.util.ProgressDialog$MyDialogWrapper"}}
{"recorder_version":"21","session":"85e9a347cfa5","build":"192.6262.58","bucket":"189","time":1574629752349,"group":{"id":"lifecycle","version":"21"},"event":{"count":1,"data":{"duration_ms":4774,"created":1574629752349,"project":"92ddc83aceaa9edad1485397ccc1680a8fd16623aa2c155379eac4aafdb2a559"},"id":"project.opening.finished"}}
{"recorder_version":"21","session":"85e9a347cfa5","build":"192.6262.58","bucket":"189","time":1574629753108,"group":{"id":"kotlin.jps.target","version":"1"},"event":{"count":1,"data":{"plugin_version":"1.3.41-release-IJ2019.2-1","created":1574629753108},"id":"jvm"}}
{"recorder_version":"21","session":"85e9a347cfa5","build":"192.6262.58","bucket":"189","time":1574629753233,"group":{"id":"file.types.usage","version":"21"},"event":{"count":1,"data":{"created":1574629753233,"plugin_type":"PLATFORM","project":"92ddc83aceaa9edad1485397ccc1680a8fd16623aa2c155379eac4aafdb2a559","type":"edit"},"id":"IDEA_MODULE"}}
{"recorder_version":"21","session":"85e9a347cfa5","build":"192.6262.58","bucket":"189","time":1574629765124,"group":{"id":"lifecycle","version":"21"},"event":{"count":1,"data":{"created":1574629765124,"project":"92ddc83aceaa9edad1485397ccc1680a8fd16623aa2c155379eac4aafdb2a559"},"id":"frame.deactivated"}}
{"recorder_version":"21","session":"85e9a347cfa5","build":"192.6262.58","bucket":"189","time":1574629819385,"group":{"id":"lifecycle","version":"21"},"event":{"count":1,"data":{"created":1574629819386,"project":"92ddc83aceaa9edad1485397ccc1680a8fd16623aa2c155379eac4aafdb2a559"},"id":"frame.activated"}}
{"recorder_version":"21","session":"85e9a347cfa5","build":"192.6262.58","bucket":"189","time":1574629820851,"group":{"id":"lifecycle","version":"21"},"event":{"count":1,"data":{"created":1574629820852,"project":"92ddc83aceaa9edad1485397ccc1680a8fd16623aa2c155379eac4aafdb2a559"},"id":"frame.deactivated"}}
{"recorder_version":"21","session":"85e9a347cfa5","build":"192.6262.58","bucket":"189","time":1574629846379,"group":{"id":"performance","version":"21"},"event":{"count":1,"data":{"duration_ms":1,"created":1574629846379},"id":"ui.latency"}}
{"recorder_version":"21","session":"85e9a347cfa5","build":"192.6262.58","bucket":"189","time":1574629892723,"group":{"id":"lifecycle","version":"21"},"event":{"count":1,"data":{"created":1574629892723,"project":"92ddc83aceaa9edad1485397ccc1680a8fd16623aa2c155379eac4aafdb2a559"},"id":"frame.activated"}}
{"recorder_version":"21","session":"85e9a347cfa5","build":"192.6262.58","bucket":"189","time":1574629893202,"group":{"id":"lifecycle","version":"21"},"event":{"count":1,"data":{"restart":false,"created":1574629893202},"id":"ide.close"}}
{"recorder_version":"21","session":"85e9a347cfa5","build":"192.6262.58","bucket":"189","time":1574629893300,"group":{"id":"lifecycle","version":"21"},"event":{"count":1,"data":{"created":1574629893300,"project":"92ddc83aceaa9edad1485397ccc1680a8fd16623aa2c155379eac4aafdb2a559"},"id":"project.closed"}}
