{"recorder_version":"21","session":"bd97b5816c5e","build":"192.6262.58","bucket":"189","time":1574774086220,"group":{"id":"settings","version":"4"},"event":{"state":true,"data":{"component":"NotRoamableUiSettings","created":1574774086364},"id":"invoked"}}
{"recorder_version":"21","session":"bd97b5816c5e","build":"192.6262.58","bucket":"189","time":1574774086222,"group":{"id":"system.java","version":"1"},"event":{"state":true,"data":{"created":1574774086366,"version":"1.11"},"id":"JetBrains"}}
{"recorder_version":"21","session":"bd97b5816c5e","build":"192.6262.58","bucket":"189","time":1574774086222,"group":{"id":"system.java","version":"1"},"event":{"state":true,"data":{"created":1574774086373},"id":"invoked"}}
{"recorder_version":"21","session":"bd97b5816c5e","build":"192.6262.58","bucket":"189","time":1574774086222,"group":{"id":"settings","version":"4"},"event":{"state":true,"data":{"component":"UISettings","created":1574774086374},"id":"invoked"}}
{"recorder_version":"21","session":"bd97b5816c5e","build":"192.6262.58","bucket":"189","time":1574774086243,"group":{"id":"system.os","version":"3"},"event":{"state":true,"data":{"created":1574774086374,"version":"10.14"},"id":"Mac"}}
{"recorder_version":"21","session":"bd97b5816c5e","build":"192.6262.58","bucket":"189","time":1574774086243,"group":{"id":"system.os","version":"3"},"event":{"state":true,"data":{"created":1574774086375,"name":"Mac","version":"10.14"},"id":"os.name"}}
{"recorder_version":"21","session":"bd97b5816c5e","build":"192.6262.58","bucket":"189","time":1574774086243,"group":{"id":"system.os","version":"3"},"event":{"state":true,"data":{"created":1574774086377,"value":"+09_00"},"id":"os.timezone"}}
{"recorder_version":"21","session":"bd97b5816c5e","build":"192.6262.58","bucket":"189","time":1574774086243,"group":{"id":"system.os","version":"3"},"event":{"state":true,"data":{"created":1574774086377},"id":"invoked"}}
{"recorder_version":"21","session":"bd97b5816c5e","build":"192.6262.58","bucket":"189","time":1574774086364,"group":{"id":"event.log","version":"21"},"event":{"count":1,"data":{"created":1574774086378,"version":"919.0"},"id":"whitelist.loaded"}}
{"recorder_version":"21","session":"bd97b5816c5e","build":"192.6262.58","bucket":"189","time":1574774088566,"group":{"id":"settings","version":"4"},"event":{"state":true,"data":{"component":"UpdatesConfigurable","created":1574774088566,"name":"checkNeeded","type":"bool","value":false},"id":"not.default"}}
{"recorder_version":"21","session":"bd97b5816c5e","build":"192.6262.58","bucket":"189","time":1574774088566,"group":{"id":"settings","version":"4"},"event":{"state":true,"data":{"component":"UpdatesConfigurable","created":1574774088568},"id":"invoked"}}
{"recorder_version":"21","session":"bd97b5816c5e","build":"192.6262.58","bucket":"189","time":1574774088706,"group":{"id":"settings","version":"4"},"event":{"state":true,"data":{"component":"GeneralSettings","created":1574774088706,"name":"confirmExit","type":"bool","value":false},"id":"not.default"}}
{"recorder_version":"21","session":"bd97b5816c5e","build":"192.6262.58","bucket":"189","time":1574774088706,"group":{"id":"settings","version":"4"},"event":{"state":true,"data":{"component":"GeneralSettings","created":1574774088707,"name":"showTipsOnStartup","type":"bool","value":false},"id":"not.default"}}
{"recorder_version":"21","session":"bd97b5816c5e","build":"192.6262.58","bucket":"189","time":1574774088706,"group":{"id":"settings","version":"4"},"event":{"state":true,"data":{"component":"GeneralSettings","created":1574774088708},"id":"invoked"}}
{"recorder_version":"21","session":"bd97b5816c5e","build":"192.6262.58","bucket":"189","time":1574774088713,"group":{"id":"lifecycle","version":"21"},"event":{"count":1,"data":{"internal":true,"eap":false,"created":1574774088714},"id":"ide.start"}}
{"recorder_version":"21","session":"bd97b5816c5e","build":"192.6262.58","bucket":"189","time":1574774089046,"group":{"id":"lifecycle","version":"21"},"event":{"count":1,"data":{"created":1574774089046},"id":"frame.activated"}}
{"recorder_version":"21","session":"bd97b5816c5e","build":"192.6262.58","bucket":"189","time":1574774089278,"group":{"id":"performance","version":"21"},"event":{"count":1,"data":{"duration_ms":2,"created":1574774089279},"id":"ui.latency"}}
{"recorder_version":"21","session":"bd97b5816c5e","build":"192.6262.58","bucket":"189","time":1574774089600,"group":{"id":"ui.dialogs","version":"21"},"event":{"count":1,"data":{"created":1574774089600,"plugin_type":"PLATFORM","type":"show"},"id":"com.intellij.openapi.progress.util.ProgressDialog$MyDialogWrapper"}}
{"recorder_version":"21","session":"bd97b5816c5e","build":"192.6262.58","bucket":"189","time":1574774090707,"group":{"id":"lifecycle","version":"21"},"event":{"count":1,"data":{"created":1574774090707,"project":"92ddc83aceaa9edad1485397ccc1680a8fd16623aa2c155379eac4aafdb2a559"},"id":"project.opened"}}
{"recorder_version":"21","session":"bd97b5816c5e","build":"192.6262.58","bucket":"189","time":1574774091412,"group":{"id":"performance","version":"21"},"event":{"count":1,"data":{"duration_ms":132,"created":1574774091412},"id":"ui.lagging"}}
{"recorder_version":"21","session":"bd97b5816c5e","build":"192.6262.58","bucket":"189","time":1574774092364,"group":{"id":"settings","version":"4"},"event":{"state":true,"data":{"component":"XmlEditorOptions","created":1574774092364},"id":"invoked"}}
{"recorder_version":"21","session":"bd97b5816c5e","build":"192.6262.58","bucket":"189","time":1574774092400,"group":{"id":"performance","version":"21"},"event":{"count":1,"data":{"duration_ms":117,"created":1574774092401},"id":"ui.lagging"}}
{"recorder_version":"21","session":"bd97b5816c5e","build":"192.6262.58","bucket":"189","time":1574774092641,"group":{"id":"toolwindow","version":"21"},"event":{"count":1,"data":{"os":"Mac","created":1574774092641,"plugin_type":"PLATFORM"},"id":"Project"}}
{"recorder_version":"21","session":"bd97b5816c5e","build":"192.6262.58","bucket":"189","time":1574774094929,"group":{"id":"project.fs","version":"1"},"event":{"state":true,"data":{"os":"Mac","cs-project":false,"created":1574774094929,"project":"92ddc83aceaa9edad1485397ccc1680a8fd16623aa2c155379eac4aafdb2a559","cs-implicit":true,"cs-system":false},"id":"case-sensitivity"}}
{"recorder_version":"21","session":"bd97b5816c5e","build":"192.6262.58","bucket":"189","time":1574774094929,"group":{"id":"project.fs","version":"1"},"event":{"state":true,"data":{"created":1574774094929},"id":"invoked"}}
{"recorder_version":"21","session":"bd97b5816c5e","build":"192.6262.58","bucket":"189","time":1574774094929,"group":{"id":"project.fs","version":"1"},"event":{"state":true,"data":{"pct-non-watched":0,"created":1574774094929,"project":"92ddc83aceaa9edad1485397ccc1680a8fd16623aa2c155379eac4aafdb2a559"},"id":"roots-watched"}}
{"recorder_version":"21","session":"bd97b5816c5e","build":"192.6262.58","bucket":"189","time":1574774094929,"group":{"id":"project.fs","version":"1"},"event":{"state":true,"data":{"created":1574774094930},"id":"invoked"}}
{"recorder_version":"21","session":"bd97b5816c5e","build":"192.6262.58","bucket":"189","time":1574774094962,"group":{"id":"ui.dialogs","version":"21"},"event":{"count":1,"data":{"code":1,"created":1574774094962,"plugin_type":"PLATFORM","type":"close"},"id":"com.intellij.openapi.progress.util.ProgressDialog$MyDialogWrapper"}}
{"recorder_version":"21","session":"bd97b5816c5e","build":"192.6262.58","bucket":"189","time":1574774095194,"group":{"id":"lifecycle","version":"21"},"event":{"count":1,"data":{"duration_ms":5873,"created":1574774095195,"project":"92ddc83aceaa9edad1485397ccc1680a8fd16623aa2c155379eac4aafdb2a559"},"id":"project.opening.finished"}}
{"recorder_version":"21","session":"bd97b5816c5e","build":"192.6262.58","bucket":"189","time":1574774095634,"group":{"id":"performance","version":"21"},"event":{"count":1,"data":{"duration_ms":349,"created":1574774095634},"id":"ui.lagging"}}
{"recorder_version":"21","session":"bd97b5816c5e","build":"192.6262.58","bucket":"189","time":1574774096691,"group":{"id":"kotlin.jps.target","version":"1"},"event":{"count":1,"data":{"plugin_version":"1.3.41-release-IJ2019.2-1","created":1574774096691},"id":"jvm"}}
{"recorder_version":"21","session":"bd97b5816c5e","build":"192.6262.58","bucket":"189","time":1574774097157,"group":{"id":"file.types.usage","version":"21"},"event":{"count":1,"data":{"created":1574774097157,"plugin_type":"PLATFORM","project":"92ddc83aceaa9edad1485397ccc1680a8fd16623aa2c155379eac4aafdb2a559","type":"edit"},"id":"IDEA_MODULE"}}
{"recorder_version":"21","session":"bd97b5816c5e","build":"192.6262.58","bucket":"189","time":1574774156687,"group":{"id":"actions","version":"21"},"event":{"count":1,"data":{"context_menu":false,"current_file":"TEXT","created":1574774156687,"plugin_type":"PLATFORM","project":"92ddc83aceaa9edad1485397ccc1680a8fd16623aa2c155379eac4aafdb2a559","place":"keyboard_shortcut","class":"com.intellij.openapi.editor.actions.EnterAction","input_event":"Enter"},"id":"EditorEnter"}}
{"recorder_version":"21","session":"bd97b5816c5e","build":"192.6262.58","bucket":"189","time":1574774158196,"group":{"id":"file.types.usage","version":"21"},"event":{"count":1,"data":{"created":1574774158196,"plugin_type":"PLATFORM","project":"92ddc83aceaa9edad1485397ccc1680a8fd16623aa2c155379eac4aafdb2a559","type":"edit"},"id":"IDEA_MODULE"}}
{"recorder_version":"21","session":"bd97b5816c5e","build":"192.6262.58","bucket":"189","time":1574774171099,"group":{"id":"actions","version":"21"},"event":{"count":11,"data":{"context_menu":false,"last":1574774186618,"current_file":"TEXT","created":1574774171099,"plugin_type":"PLATFORM","project":"92ddc83aceaa9edad1485397ccc1680a8fd16623aa2c155379eac4aafdb2a559","place":"keyboard_shortcut","class":"com.intellij.openapi.editor.actions.EnterAction","input_event":"Enter"},"id":"EditorEnter"}}
{"recorder_version":"21","session":"bd97b5816c5e","build":"192.6262.58","bucket":"189","time":1574774189556,"group":{"id":"performance","version":"21"},"event":{"count":1,"data":{"duration_ms":0,"created":1574774189556},"id":"ui.latency"}}
{"recorder_version":"21","session":"bd97b5816c5e","build":"192.6262.58","bucket":"189","time":1574774192424,"group":{"id":"actions","version":"21"},"event":{"count":2,"data":{"context_menu":false,"last":1574774193313,"created":1574774192424,"plugin_type":"PLATFORM","project":"92ddc83aceaa9edad1485397ccc1680a8fd16623aa2c155379eac4aafdb2a559","place":"keyboard_shortcut","class":"com.intellij.openapi.editor.actions.BackspaceAction","input_event":"Backspace"},"id":"EditorBackSpace"}}
{"recorder_version":"21","session":"bd97b5816c5e","build":"192.6262.58","bucket":"189","time":1574774205841,"group":{"id":"actions","version":"21"},"event":{"count":4,"data":{"context_menu":false,"last":1574774207414,"current_file":"TEXT","created":1574774205841,"plugin_type":"PLATFORM","project":"92ddc83aceaa9edad1485397ccc1680a8fd16623aa2c155379eac4aafdb2a559","place":"keyboard_shortcut","class":"com.intellij.openapi.editor.actions.EnterAction","input_event":"Enter"},"id":"EditorEnter"}}
{"recorder_version":"21","session":"bd97b5816c5e","build":"192.6262.58","bucket":"189","time":1574774218792,"group":{"id":"actions","version":"21"},"event":{"count":2,"data":{"context_menu":false,"last":1574774218992,"created":1574774218792,"plugin_type":"PLATFORM","project":"92ddc83aceaa9edad1485397ccc1680a8fd16623aa2c155379eac4aafdb2a559","place":"keyboard_shortcut","class":"com.intellij.openapi.editor.actions.BackspaceAction","input_event":"Backspace"},"id":"EditorBackSpace"}}
{"recorder_version":"21","session":"bd97b5816c5e","build":"192.6262.58","bucket":"189","time":1574774221458,"group":{"id":"file.types.usage","version":"21"},"event":{"count":1,"data":{"created":1574774221458,"plugin_type":"PLATFORM","project":"92ddc83aceaa9edad1485397ccc1680a8fd16623aa2c155379eac4aafdb2a559","type":"edit"},"id":"IDEA_MODULE"}}
{"recorder_version":"21","session":"bd97b5816c5e","build":"192.6262.58","bucket":"189","time":1574774225382,"group":{"id":"lifecycle","version":"21"},"event":{"count":1,"data":{"created":1574774225382,"project":"92ddc83aceaa9edad1485397ccc1680a8fd16623aa2c155379eac4aafdb2a559"},"id":"project.closed"}}
{"recorder_version":"21","session":"bd97b5816c5e","build":"192.6262.58","bucket":"189","time":1574774226913,"group":{"id":"lifecycle","version":"21"},"event":{"count":1,"data":{"restart":false,"created":1574774226913},"id":"ide.close"}}
