{"recorder_version":"21","session":"e0ccd2db766d","build":"192.6262.58","bucket":"189","time":1574814814337,"group":{"id":"settings","version":"4"},"event":{"state":true,"data":{"component":"NotRoamableUiSettings","created":1574814814527},"id":"invoked"}}
{"recorder_version":"21","session":"e0ccd2db766d","build":"192.6262.58","bucket":"189","time":1574814814340,"group":{"id":"system.java","version":"1"},"event":{"state":true,"data":{"created":1574814814529,"version":"1.11"},"id":"JetBrains"}}
{"recorder_version":"21","session":"e0ccd2db766d","build":"192.6262.58","bucket":"189","time":1574814814340,"group":{"id":"system.java","version":"1"},"event":{"state":true,"data":{"created":1574814814542},"id":"invoked"}}
{"recorder_version":"21","session":"e0ccd2db766d","build":"192.6262.58","bucket":"189","time":1574814814340,"group":{"id":"settings","version":"4"},"event":{"state":true,"data":{"component":"UISettings","created":1574814814543},"id":"invoked"}}
{"recorder_version":"21","session":"e0ccd2db766d","build":"192.6262.58","bucket":"189","time":1574814814364,"group":{"id":"system.os","version":"3"},"event":{"state":true,"data":{"created":1574814814544,"version":"10.14"},"id":"Mac"}}
{"recorder_version":"21","session":"e0ccd2db766d","build":"192.6262.58","bucket":"189","time":1574814814364,"group":{"id":"system.os","version":"3"},"event":{"state":true,"data":{"created":1574814814545,"name":"Mac","version":"10.14"},"id":"os.name"}}
{"recorder_version":"21","session":"e0ccd2db766d","build":"192.6262.58","bucket":"189","time":1574814814364,"group":{"id":"system.os","version":"3"},"event":{"state":true,"data":{"created":1574814814546,"value":"+09_00"},"id":"os.timezone"}}
{"recorder_version":"21","session":"e0ccd2db766d","build":"192.6262.58","bucket":"189","time":1574814814364,"group":{"id":"system.os","version":"3"},"event":{"state":true,"data":{"created":1574814814547},"id":"invoked"}}
{"recorder_version":"21","session":"e0ccd2db766d","build":"192.6262.58","bucket":"189","time":1574814814526,"group":{"id":"event.log","version":"21"},"event":{"count":1,"data":{"created":1574814814548,"version":"930.0"},"id":"whitelist.loaded"}}
{"recorder_version":"21","session":"e0ccd2db766d","build":"192.6262.58","bucket":"189","time":1574814816987,"group":{"id":"settings","version":"4"},"event":{"state":true,"data":{"component":"UpdatesConfigurable","created":1574814816988,"name":"checkNeeded","type":"bool","value":false},"id":"not.default"}}
{"recorder_version":"21","session":"e0ccd2db766d","build":"192.6262.58","bucket":"189","time":1574814816987,"group":{"id":"settings","version":"4"},"event":{"state":true,"data":{"component":"UpdatesConfigurable","created":1574814816990},"id":"invoked"}}
{"recorder_version":"21","session":"e0ccd2db766d","build":"192.6262.58","bucket":"189","time":1574814817167,"group":{"id":"settings","version":"4"},"event":{"state":true,"data":{"component":"GeneralSettings","created":1574814817167,"name":"confirmExit","type":"bool","value":false},"id":"not.default"}}
{"recorder_version":"21","session":"e0ccd2db766d","build":"192.6262.58","bucket":"189","time":1574814817167,"group":{"id":"settings","version":"4"},"event":{"state":true,"data":{"component":"GeneralSettings","created":1574814817168,"name":"showTipsOnStartup","type":"bool","value":false},"id":"not.default"}}
{"recorder_version":"21","session":"e0ccd2db766d","build":"192.6262.58","bucket":"189","time":1574814817167,"group":{"id":"settings","version":"4"},"event":{"state":true,"data":{"component":"GeneralSettings","created":1574814817169},"id":"invoked"}}
{"recorder_version":"21","session":"e0ccd2db766d","build":"192.6262.58","bucket":"189","time":1574814817180,"group":{"id":"lifecycle","version":"21"},"event":{"count":1,"data":{"internal":true,"eap":false,"created":1574814817180},"id":"ide.start"}}
{"recorder_version":"21","session":"e0ccd2db766d","build":"192.6262.58","bucket":"189","time":1574814817650,"group":{"id":"performance","version":"21"},"event":{"count":1,"data":{"duration_ms":1,"created":1574814817651},"id":"ui.latency"}}
{"recorder_version":"21","session":"e0ccd2db766d","build":"192.6262.58","bucket":"189","time":1574814817962,"group":{"id":"ui.dialogs","version":"21"},"event":{"count":1,"data":{"created":1574814817962,"plugin_type":"PLATFORM","type":"show"},"id":"com.intellij.openapi.progress.util.ProgressDialog$MyDialogWrapper"}}
{"recorder_version":"21","session":"e0ccd2db766d","build":"192.6262.58","bucket":"189","time":1574814818977,"group":{"id":"lifecycle","version":"21"},"event":{"count":1,"data":{"created":1574814818978,"project":"92ddc83aceaa9edad1485397ccc1680a8fd16623aa2c155379eac4aafdb2a559"},"id":"project.opened"}}
{"recorder_version":"21","session":"e0ccd2db766d","build":"192.6262.58","bucket":"189","time":1574814820684,"group":{"id":"settings","version":"4"},"event":{"state":true,"data":{"component":"XmlEditorOptions","created":1574814820685},"id":"invoked"}}
{"recorder_version":"21","session":"e0ccd2db766d","build":"192.6262.58","bucket":"189","time":1574814820975,"group":{"id":"toolwindow","version":"21"},"event":{"count":1,"data":{"os":"Mac","created":1574814820975,"plugin_type":"PLATFORM"},"id":"Project"}}
{"recorder_version":"21","session":"e0ccd2db766d","build":"192.6262.58","bucket":"189","time":1574814822262,"group":{"id":"lifecycle","version":"21"},"event":{"count":1,"data":{"created":1574814822262,"project":"92ddc83aceaa9edad1485397ccc1680a8fd16623aa2c155379eac4aafdb2a559"},"id":"frame.activated"}}
{"recorder_version":"21","session":"e0ccd2db766d","build":"192.6262.58","bucket":"189","time":1574814823204,"group":{"id":"project.fs","version":"1"},"event":{"state":true,"data":{"os":"Mac","cs-project":false,"created":1574814823204,"project":"92ddc83aceaa9edad1485397ccc1680a8fd16623aa2c155379eac4aafdb2a559","cs-implicit":true,"cs-system":false},"id":"case-sensitivity"}}
{"recorder_version":"21","session":"e0ccd2db766d","build":"192.6262.58","bucket":"189","time":1574814823204,"group":{"id":"project.fs","version":"1"},"event":{"state":true,"data":{"created":1574814823205},"id":"invoked"}}
{"recorder_version":"21","session":"e0ccd2db766d","build":"192.6262.58","bucket":"189","time":1574814823206,"group":{"id":"project.fs","version":"1"},"event":{"state":true,"data":{"pct-non-watched":0,"created":1574814823206,"project":"92ddc83aceaa9edad1485397ccc1680a8fd16623aa2c155379eac4aafdb2a559"},"id":"roots-watched"}}
{"recorder_version":"21","session":"e0ccd2db766d","build":"192.6262.58","bucket":"189","time":1574814823206,"group":{"id":"project.fs","version":"1"},"event":{"state":true,"data":{"created":1574814823207},"id":"invoked"}}
{"recorder_version":"21","session":"e0ccd2db766d","build":"192.6262.58","bucket":"189","time":1574814823252,"group":{"id":"ui.dialogs","version":"21"},"event":{"count":1,"data":{"code":1,"created":1574814823253,"plugin_type":"PLATFORM","type":"close"},"id":"com.intellij.openapi.progress.util.ProgressDialog$MyDialogWrapper"}}
{"recorder_version":"21","session":"e0ccd2db766d","build":"192.6262.58","bucket":"189","time":1574814823512,"group":{"id":"lifecycle","version":"21"},"event":{"count":1,"data":{"duration_ms":5859,"created":1574814823512,"project":"92ddc83aceaa9edad1485397ccc1680a8fd16623aa2c155379eac4aafdb2a559"},"id":"project.opening.finished"}}
{"recorder_version":"21","session":"e0ccd2db766d","build":"192.6262.58","bucket":"189","time":1574814823910,"group":{"id":"performance","version":"21"},"event":{"count":1,"data":{"duration_ms":251,"created":1574814823910},"id":"ui.lagging"}}
{"recorder_version":"21","session":"e0ccd2db766d","build":"192.6262.58","bucket":"189","time":1574814824510,"group":{"id":"kotlin.jps.target","version":"1"},"event":{"count":1,"data":{"plugin_version":"validation.undefined_rule","created":1574814824510},"id":"validation.undefined_rule"}}
{"recorder_version":"21","session":"e0ccd2db766d","build":"192.6262.58","bucket":"189","time":1574814824610,"group":{"id":"file.types.usage","version":"21"},"event":{"count":1,"data":{"created":1574814824610,"plugin_type":"PLATFORM","project":"92ddc83aceaa9edad1485397ccc1680a8fd16623aa2c155379eac4aafdb2a559","type":"edit"},"id":"IDEA_MODULE"}}
{"recorder_version":"21","session":"e0ccd2db766d","build":"192.6262.58","bucket":"189","time":1574814826434,"group":{"id":"lifecycle","version":"21"},"event":{"count":1,"data":{"created":1574814826435,"plugin_type":"NOT_LISTED","error":"java.lang.NullPointerException"},"id":"ide.error"}}
{"recorder_version":"21","session":"e0ccd2db766d","build":"192.6262.58","bucket":"189","time":1574814826719,"group":{"id":"actions","version":"21"},"event":{"count":1,"data":{"context_menu":false,"current_file":"TEXT","created":1574814826719,"plugin_type":"PLATFORM","project":"92ddc83aceaa9edad1485397ccc1680a8fd16623aa2c155379eac4aafdb2a559","place":"keyboard_shortcut","class":"com.intellij.openapi.editor.actions.EnterAction","input_event":"Enter"},"id":"EditorEnter"}}
{"recorder_version":"21","session":"e0ccd2db766d","build":"192.6262.58","bucket":"189","time":1574814828614,"group":{"id":"lifecycle","version":"21"},"event":{"count":1,"data":{"created":1574814828615,"project":"92ddc83aceaa9edad1485397ccc1680a8fd16623aa2c155379eac4aafdb2a559"},"id":"frame.deactivated"}}
{"recorder_version":"21","session":"e0ccd2db766d","build":"192.6262.58","bucket":"189","time":1574814917948,"group":{"id":"performance","version":"21"},"event":{"count":1,"data":{"duration_ms":0,"created":1574814917948},"id":"ui.latency"}}
{"recorder_version":"21","session":"e0ccd2db766d","build":"192.6262.58","bucket":"189","time":1574814923204,"group":{"id":"lifecycle","version":"21"},"event":{"count":1,"data":{"created":1574814923205,"project":"92ddc83aceaa9edad1485397ccc1680a8fd16623aa2c155379eac4aafdb2a559"},"id":"frame.activated"}}
{"recorder_version":"21","session":"e0ccd2db766d","build":"192.6262.58","bucket":"189","time":1574814923601,"group":{"id":"lifecycle","version":"21"},"event":{"count":1,"data":{"restart":false,"created":1574814923601},"id":"ide.close"}}
{"recorder_version":"21","session":"e0ccd2db766d","build":"192.6262.58","bucket":"189","time":1574814923838,"group":{"id":"lifecycle","version":"21"},"event":{"count":1,"data":{"created":1574814923838,"project":"92ddc83aceaa9edad1485397ccc1680a8fd16623aa2c155379eac4aafdb2a559"},"id":"project.closed"}}
