{"recorder_version":"21","session":"b32dc6c187b6","build":"192.6262.58","bucket":"189","time":1575350170614,"group":{"id":"settings","version":"4"},"event":{"state":true,"data":{"component":"NotRoamableUiSettings","created":1575350170769},"id":"invoked"}}
{"recorder_version":"21","session":"b32dc6c187b6","build":"192.6262.58","bucket":"189","time":1575350170615,"group":{"id":"system.java","version":"1"},"event":{"state":true,"data":{"created":1575350170771,"version":"1.11"},"id":"JetBrains"}}
{"recorder_version":"21","session":"b32dc6c187b6","build":"192.6262.58","bucket":"189","time":1575350170615,"group":{"id":"system.java","version":"1"},"event":{"state":true,"data":{"created":1575350170779},"id":"invoked"}}
{"recorder_version":"21","session":"b32dc6c187b6","build":"192.6262.58","bucket":"189","time":1575350170616,"group":{"id":"settings","version":"4"},"event":{"state":true,"data":{"component":"UISettings","created":1575350170780},"id":"invoked"}}
{"recorder_version":"21","session":"b32dc6c187b6","build":"192.6262.58","bucket":"189","time":1575350170639,"group":{"id":"system.os","version":"3"},"event":{"state":true,"data":{"created":1575350170781,"version":"10.14"},"id":"Mac"}}
{"recorder_version":"21","session":"b32dc6c187b6","build":"192.6262.58","bucket":"189","time":1575350170639,"group":{"id":"system.os","version":"3"},"event":{"state":true,"data":{"created":1575350170781,"name":"Mac","version":"10.14"},"id":"os.name"}}
{"recorder_version":"21","session":"b32dc6c187b6","build":"192.6262.58","bucket":"189","time":1575350170639,"group":{"id":"system.os","version":"3"},"event":{"state":true,"data":{"created":1575350170782,"value":"+09_00"},"id":"os.timezone"}}
{"recorder_version":"21","session":"b32dc6c187b6","build":"192.6262.58","bucket":"189","time":1575350170639,"group":{"id":"system.os","version":"3"},"event":{"state":true,"data":{"created":1575350170783},"id":"invoked"}}
{"recorder_version":"21","session":"b32dc6c187b6","build":"192.6262.58","bucket":"189","time":1575350170768,"group":{"id":"event.log","version":"21"},"event":{"count":1,"data":{"created":1575350170783,"version":"943.0"},"id":"whitelist.loaded"}}
{"recorder_version":"21","session":"b32dc6c187b6","build":"192.6262.58","bucket":"189","time":1575350172926,"group":{"id":"settings","version":"4"},"event":{"state":true,"data":{"component":"UpdatesConfigurable","created":1575350172926,"name":"checkNeeded","type":"bool","value":false},"id":"not.default"}}
{"recorder_version":"21","session":"b32dc6c187b6","build":"192.6262.58","bucket":"189","time":1575350172926,"group":{"id":"settings","version":"4"},"event":{"state":true,"data":{"component":"UpdatesConfigurable","created":1575350172927},"id":"invoked"}}
{"recorder_version":"21","session":"b32dc6c187b6","build":"192.6262.58","bucket":"189","time":1575350173045,"group":{"id":"settings","version":"4"},"event":{"state":true,"data":{"component":"GeneralSettings","created":1575350173046,"name":"confirmExit","type":"bool","value":false},"id":"not.default"}}
{"recorder_version":"21","session":"b32dc6c187b6","build":"192.6262.58","bucket":"189","time":1575350173045,"group":{"id":"settings","version":"4"},"event":{"state":true,"data":{"component":"GeneralSettings","created":1575350173047,"name":"showTipsOnStartup","type":"bool","value":false},"id":"not.default"}}
{"recorder_version":"21","session":"b32dc6c187b6","build":"192.6262.58","bucket":"189","time":1575350173045,"group":{"id":"settings","version":"4"},"event":{"state":true,"data":{"component":"GeneralSettings","created":1575350173048},"id":"invoked"}}
{"recorder_version":"21","session":"b32dc6c187b6","build":"192.6262.58","bucket":"189","time":1575350173052,"group":{"id":"lifecycle","version":"21"},"event":{"count":1,"data":{"internal":true,"eap":false,"created":1575350173052},"id":"ide.start"}}
{"recorder_version":"21","session":"b32dc6c187b6","build":"192.6262.58","bucket":"189","time":1575350173364,"group":{"id":"lifecycle","version":"21"},"event":{"count":1,"data":{"created":1575350173364},"id":"frame.activated"}}
{"recorder_version":"21","session":"b32dc6c187b6","build":"192.6262.58","bucket":"189","time":1575350173480,"group":{"id":"performance","version":"21"},"event":{"count":1,"data":{"duration_ms":32,"created":1575350173480},"id":"ui.latency"}}
{"recorder_version":"21","session":"b32dc6c187b6","build":"192.6262.58","bucket":"189","time":1575350173841,"group":{"id":"ui.dialogs","version":"21"},"event":{"count":1,"data":{"created":1575350173842,"plugin_type":"PLATFORM","type":"show"},"id":"com.intellij.openapi.progress.util.ProgressDialog$MyDialogWrapper"}}
{"recorder_version":"21","session":"b32dc6c187b6","build":"192.6262.58","bucket":"189","time":1575350174854,"group":{"id":"lifecycle","version":"21"},"event":{"count":1,"data":{"created":1575350174854,"project":"4452600da3b350ab41d92ae108c2baae6ff0ac3ddb31bd67020ee046ec77ac09"},"id":"project.opened"}}
{"recorder_version":"21","session":"b32dc6c187b6","build":"192.6262.58","bucket":"189","time":1575350176489,"group":{"id":"settings","version":"4"},"event":{"state":true,"data":{"component":"XmlEditorOptions","created":1575350176489},"id":"invoked"}}
{"recorder_version":"21","session":"b32dc6c187b6","build":"192.6262.58","bucket":"189","time":1575350176572,"group":{"id":"performance","version":"21"},"event":{"count":1,"data":{"duration_ms":121,"created":1575350176573},"id":"ui.lagging"}}
{"recorder_version":"21","session":"b32dc6c187b6","build":"192.6262.58","bucket":"189","time":1575350177246,"group":{"id":"toolwindow","version":"21"},"event":{"count":1,"data":{"os":"Mac","created":1575350177246,"plugin_type":"PLATFORM"},"id":"Project"}}
{"recorder_version":"21","session":"b32dc6c187b6","build":"192.6262.58","bucket":"189","time":1575350177985,"group":{"id":"performance","version":"21"},"event":{"count":1,"data":{"duration_ms":529,"created":1575350177985},"id":"ui.lagging"}}
{"recorder_version":"21","session":"b32dc6c187b6","build":"192.6262.58","bucket":"189","time":1575350179379,"group":{"id":"project.fs","version":"1"},"event":{"state":true,"data":{"os":"Mac","cs-project":false,"created":1575350179379,"project":"4452600da3b350ab41d92ae108c2baae6ff0ac3ddb31bd67020ee046ec77ac09","cs-implicit":true,"cs-system":false},"id":"case-sensitivity"}}
{"recorder_version":"21","session":"b32dc6c187b6","build":"192.6262.58","bucket":"189","time":1575350179379,"group":{"id":"project.fs","version":"1"},"event":{"state":true,"data":{"created":1575350179379},"id":"invoked"}}
{"recorder_version":"21","session":"b32dc6c187b6","build":"192.6262.58","bucket":"189","time":1575350179380,"group":{"id":"project.fs","version":"1"},"event":{"state":true,"data":{"pct-non-watched":0,"created":1575350179380,"project":"4452600da3b350ab41d92ae108c2baae6ff0ac3ddb31bd67020ee046ec77ac09"},"id":"roots-watched"}}
{"recorder_version":"21","session":"b32dc6c187b6","build":"192.6262.58","bucket":"189","time":1575350179380,"group":{"id":"project.fs","version":"1"},"event":{"state":true,"data":{"created":1575350179380},"id":"invoked"}}
{"recorder_version":"21","session":"b32dc6c187b6","build":"192.6262.58","bucket":"189","time":1575350179531,"group":{"id":"ui.dialogs","version":"21"},"event":{"count":1,"data":{"code":1,"created":1575350179532,"plugin_type":"PLATFORM","type":"close"},"id":"com.intellij.openapi.progress.util.ProgressDialog$MyDialogWrapper"}}
{"recorder_version":"21","session":"b32dc6c187b6","build":"192.6262.58","bucket":"189","time":1575350180264,"group":{"id":"lifecycle","version":"21"},"event":{"count":1,"data":{"duration_ms":6723,"created":1575350180265,"project":"4452600da3b350ab41d92ae108c2baae6ff0ac3ddb31bd67020ee046ec77ac09"},"id":"project.opening.finished"}}
{"recorder_version":"21","session":"b32dc6c187b6","build":"192.6262.58","bucket":"189","time":1575350180358,"group":{"id":"kotlin.jps.target","version":"1"},"event":{"count":2,"data":{"plugin_version":"validation.undefined_rule","last":1575350180358,"created":1575350180358},"id":"validation.undefined_rule"}}
{"recorder_version":"21","session":"b32dc6c187b6","build":"192.6262.58","bucket":"189","time":1575350181307,"group":{"id":"vcs.change.reminder","version":"1"},"event":{"count":1,"data":{"created":1575350181307,"project":"4452600da3b350ab41d92ae108c2baae6ff0ac3ddb31bd67020ee046ec77ac09","execution_time":234},"id":"prediction.calculated"}}
{"recorder_version":"21","session":"b32dc6c187b6","build":"192.6262.58","bucket":"189","time":1575350183194,"group":{"id":"file.types.usage","version":"21"},"event":{"count":1,"data":{"plugin":"com.intellij.java","created":1575350183195,"plugin_type":"JB_BUNDLED","project":"4452600da3b350ab41d92ae108c2baae6ff0ac3ddb31bd67020ee046ec77ac09","type":"edit"},"id":"JAVA"}}
{"recorder_version":"21","session":"b32dc6c187b6","build":"192.6262.58","bucket":"189","time":1575350185358,"group":{"id":"lifecycle","version":"21"},"event":{"count":1,"data":{"created":1575350185358,"project":"4452600da3b350ab41d92ae108c2baae6ff0ac3ddb31bd67020ee046ec77ac09"},"id":"frame.deactivated"}}
{"recorder_version":"21","session":"b32dc6c187b6","build":"192.6262.58","bucket":"189","time":1575350217268,"group":{"id":"lifecycle","version":"21"},"event":{"count":1,"data":{"created":1575350217268,"project":"4452600da3b350ab41d92ae108c2baae6ff0ac3ddb31bd67020ee046ec77ac09"},"id":"frame.activated"}}
{"recorder_version":"21","session":"b32dc6c187b6","build":"192.6262.58","bucket":"189","time":1575350217717,"group":{"id":"lifecycle","version":"21"},"event":{"count":1,"data":{"restart":false,"created":1575350217717},"id":"ide.close"}}
{"recorder_version":"21","session":"b32dc6c187b6","build":"192.6262.58","bucket":"189","time":1575350218096,"group":{"id":"lifecycle","version":"21"},"event":{"count":1,"data":{"created":1575350218096,"project":"4452600da3b350ab41d92ae108c2baae6ff0ac3ddb31bd67020ee046ec77ac09"},"id":"project.closed"}}
