{"recorder_version":"21","session":"e3165064ecf2","build":"192.6262.58","bucket":"189","time":1574797817067,"group":{"id":"settings","version":"4"},"event":{"state":true,"data":{"component":"NotRoamableUiSettings","created":1574797817228},"id":"invoked"}}
{"recorder_version":"21","session":"e3165064ecf2","build":"192.6262.58","bucket":"189","time":1574797817069,"group":{"id":"system.java","version":"1"},"event":{"state":true,"data":{"created":1574797817230,"version":"1.11"},"id":"JetBrains"}}
{"recorder_version":"21","session":"e3165064ecf2","build":"192.6262.58","bucket":"189","time":1574797817069,"group":{"id":"system.java","version":"1"},"event":{"state":true,"data":{"created":1574797817236},"id":"invoked"}}
{"recorder_version":"21","session":"e3165064ecf2","build":"192.6262.58","bucket":"189","time":1574797817069,"group":{"id":"settings","version":"4"},"event":{"state":true,"data":{"component":"UISettings","created":1574797817236},"id":"invoked"}}
{"recorder_version":"21","session":"e3165064ecf2","build":"192.6262.58","bucket":"189","time":1574797817089,"group":{"id":"system.os","version":"3"},"event":{"state":true,"data":{"created":1574797817237,"version":"10.14"},"id":"Mac"}}
{"recorder_version":"21","session":"e3165064ecf2","build":"192.6262.58","bucket":"189","time":1574797817089,"group":{"id":"system.os","version":"3"},"event":{"state":true,"data":{"created":1574797817237,"name":"Mac","version":"10.14"},"id":"os.name"}}
{"recorder_version":"21","session":"e3165064ecf2","build":"192.6262.58","bucket":"189","time":1574797817089,"group":{"id":"system.os","version":"3"},"event":{"state":true,"data":{"created":1574797817238,"value":"+09_00"},"id":"os.timezone"}}
{"recorder_version":"21","session":"e3165064ecf2","build":"192.6262.58","bucket":"189","time":1574797817089,"group":{"id":"system.os","version":"3"},"event":{"state":true,"data":{"created":1574797817238},"id":"invoked"}}
{"recorder_version":"21","session":"e3165064ecf2","build":"192.6262.58","bucket":"189","time":1574797817228,"group":{"id":"event.log","version":"21"},"event":{"count":1,"data":{"created":1574797817239,"version":"925.0"},"id":"whitelist.loaded"}}
{"recorder_version":"21","session":"e3165064ecf2","build":"192.6262.58","bucket":"189","time":1574797819499,"group":{"id":"settings","version":"4"},"event":{"state":true,"data":{"component":"UpdatesConfigurable","created":1574797819499,"name":"checkNeeded","type":"bool","value":false},"id":"not.default"}}
{"recorder_version":"21","session":"e3165064ecf2","build":"192.6262.58","bucket":"189","time":1574797819499,"group":{"id":"settings","version":"4"},"event":{"state":true,"data":{"component":"UpdatesConfigurable","created":1574797819501},"id":"invoked"}}
{"recorder_version":"21","session":"e3165064ecf2","build":"192.6262.58","bucket":"189","time":1574797819615,"group":{"id":"settings","version":"4"},"event":{"state":true,"data":{"component":"GeneralSettings","created":1574797819615,"name":"confirmExit","type":"bool","value":false},"id":"not.default"}}
{"recorder_version":"21","session":"e3165064ecf2","build":"192.6262.58","bucket":"189","time":1574797819615,"group":{"id":"settings","version":"4"},"event":{"state":true,"data":{"component":"GeneralSettings","created":1574797819617,"name":"showTipsOnStartup","type":"bool","value":false},"id":"not.default"}}
{"recorder_version":"21","session":"e3165064ecf2","build":"192.6262.58","bucket":"189","time":1574797819615,"group":{"id":"settings","version":"4"},"event":{"state":true,"data":{"component":"GeneralSettings","created":1574797819618},"id":"invoked"}}
{"recorder_version":"21","session":"e3165064ecf2","build":"192.6262.58","bucket":"189","time":1574797819626,"group":{"id":"lifecycle","version":"21"},"event":{"count":1,"data":{"internal":true,"eap":false,"created":1574797819626},"id":"ide.start"}}
{"recorder_version":"21","session":"e3165064ecf2","build":"192.6262.58","bucket":"189","time":1574797819953,"group":{"id":"lifecycle","version":"21"},"event":{"count":1,"data":{"created":1574797819953},"id":"frame.activated"}}
{"recorder_version":"21","session":"e3165064ecf2","build":"192.6262.58","bucket":"189","time":1574797820084,"group":{"id":"performance","version":"21"},"event":{"count":1,"data":{"duration_ms":2,"created":1574797820084},"id":"ui.latency"}}
{"recorder_version":"21","session":"e3165064ecf2","build":"192.6262.58","bucket":"189","time":1574797820428,"group":{"id":"ui.dialogs","version":"21"},"event":{"count":1,"data":{"created":1574797820428,"plugin_type":"PLATFORM","type":"show"},"id":"com.intellij.openapi.progress.util.ProgressDialog$MyDialogWrapper"}}
{"recorder_version":"21","session":"e3165064ecf2","build":"192.6262.58","bucket":"189","time":1574797821455,"group":{"id":"lifecycle","version":"21"},"event":{"count":1,"data":{"created":1574797821455,"project":"92ddc83aceaa9edad1485397ccc1680a8fd16623aa2c155379eac4aafdb2a559"},"id":"project.opened"}}
{"recorder_version":"21","session":"e3165064ecf2","build":"192.6262.58","bucket":"189","time":1574797823049,"group":{"id":"settings","version":"4"},"event":{"state":true,"data":{"component":"XmlEditorOptions","created":1574797823050},"id":"invoked"}}
{"recorder_version":"21","session":"e3165064ecf2","build":"192.6262.58","bucket":"189","time":1574797823338,"group":{"id":"toolwindow","version":"21"},"event":{"count":1,"data":{"os":"Mac","created":1574797823339,"plugin_type":"PLATFORM"},"id":"Project"}}
{"recorder_version":"21","session":"e3165064ecf2","build":"192.6262.58","bucket":"189","time":1574797824213,"group":{"id":"performance","version":"21"},"event":{"count":1,"data":{"duration_ms":128,"created":1574797824213},"id":"ui.lagging"}}
{"recorder_version":"21","session":"e3165064ecf2","build":"192.6262.58","bucket":"189","time":1574797825538,"group":{"id":"project.fs","version":"1"},"event":{"state":true,"data":{"os":"Mac","cs-project":false,"created":1574797825538,"project":"92ddc83aceaa9edad1485397ccc1680a8fd16623aa2c155379eac4aafdb2a559","cs-implicit":true,"cs-system":false},"id":"case-sensitivity"}}
{"recorder_version":"21","session":"e3165064ecf2","build":"192.6262.58","bucket":"189","time":1574797825538,"group":{"id":"project.fs","version":"1"},"event":{"state":true,"data":{"created":1574797825539},"id":"invoked"}}
{"recorder_version":"21","session":"e3165064ecf2","build":"192.6262.58","bucket":"189","time":1574797825540,"group":{"id":"project.fs","version":"1"},"event":{"state":true,"data":{"pct-non-watched":0,"created":1574797825540,"project":"92ddc83aceaa9edad1485397ccc1680a8fd16623aa2c155379eac4aafdb2a559"},"id":"roots-watched"}}
{"recorder_version":"21","session":"e3165064ecf2","build":"192.6262.58","bucket":"189","time":1574797825540,"group":{"id":"project.fs","version":"1"},"event":{"state":true,"data":{"created":1574797825540},"id":"invoked"}}
{"recorder_version":"21","session":"e3165064ecf2","build":"192.6262.58","bucket":"189","time":1574797825563,"group":{"id":"ui.dialogs","version":"21"},"event":{"count":1,"data":{"code":1,"created":1574797825563,"plugin_type":"PLATFORM","type":"close"},"id":"com.intellij.openapi.progress.util.ProgressDialog$MyDialogWrapper"}}
{"recorder_version":"21","session":"e3165064ecf2","build":"192.6262.58","bucket":"189","time":1574797825734,"group":{"id":"lifecycle","version":"21"},"event":{"count":1,"data":{"duration_ms":5584,"created":1574797825734,"project":"92ddc83aceaa9edad1485397ccc1680a8fd16623aa2c155379eac4aafdb2a559"},"id":"project.opening.finished"}}
{"recorder_version":"21","session":"e3165064ecf2","build":"192.6262.58","bucket":"189","time":1574797826437,"group":{"id":"kotlin.jps.target","version":"1"},"event":{"count":1,"data":{"plugin_version":"1.3.41-release-IJ2019.2-1","created":1574797826438},"id":"jvm"}}
{"recorder_version":"21","session":"e3165064ecf2","build":"192.6262.58","bucket":"189","time":1574797832279,"group":{"id":"file.types.usage","version":"21"},"event":{"count":1,"data":{"created":1574797832280,"plugin_type":"PLATFORM","project":"92ddc83aceaa9edad1485397ccc1680a8fd16623aa2c155379eac4aafdb2a559","type":"edit"},"id":"IDEA_MODULE"}}
{"recorder_version":"21","session":"e3165064ecf2","build":"192.6262.58","bucket":"189","time":1574797833998,"group":{"id":"actions","version":"21"},"event":{"count":7,"data":{"context_menu":false,"last":1574797847643,"current_file":"TEXT","created":1574797833999,"plugin_type":"PLATFORM","project":"92ddc83aceaa9edad1485397ccc1680a8fd16623aa2c155379eac4aafdb2a559","place":"keyboard_shortcut","class":"com.intellij.openapi.editor.actions.BackspaceAction","input_event":"Backspace"},"id":"EditorBackSpace"}}
{"recorder_version":"21","session":"e3165064ecf2","build":"192.6262.58","bucket":"189","time":1574797858677,"group":{"id":"lifecycle","version":"21"},"event":{"count":1,"data":{"created":1574797858677,"plugin_type":"NOT_LISTED","error":"java.lang.IndexOutOfBoundsException"},"id":"ide.error"}}
{"recorder_version":"21","session":"e3165064ecf2","build":"192.6262.58","bucket":"189","time":1574797862082,"group":{"id":"lifecycle","version":"21"},"event":{"count":1,"data":{"created":1574797862082,"project":"92ddc83aceaa9edad1485397ccc1680a8fd16623aa2c155379eac4aafdb2a559"},"id":"frame.deactivated"}}
{"recorder_version":"21","session":"e3165064ecf2","build":"192.6262.58","bucket":"189","time":1574797907971,"group":{"id":"lifecycle","version":"21"},"event":{"count":1,"data":{"created":1574797907972,"project":"92ddc83aceaa9edad1485397ccc1680a8fd16623aa2c155379eac4aafdb2a559"},"id":"frame.activated"}}
{"recorder_version":"21","session":"e3165064ecf2","build":"192.6262.58","bucket":"189","time":1574797911217,"group":{"id":"lifecycle","version":"21"},"event":{"count":1,"data":{"created":1574797911217,"project":"92ddc83aceaa9edad1485397ccc1680a8fd16623aa2c155379eac4aafdb2a559"},"id":"frame.deactivated"}}
{"recorder_version":"21","session":"e3165064ecf2","build":"192.6262.58","bucket":"189","time":1574797920362,"group":{"id":"performance","version":"21"},"event":{"count":1,"data":{"duration_ms":0,"created":1574797920362},"id":"ui.latency"}}
{"recorder_version":"21","session":"e3165064ecf2","build":"192.6262.58","bucket":"189","time":1574797948763,"group":{"id":"lifecycle","version":"21"},"event":{"count":1,"data":{"created":1574797948764,"project":"92ddc83aceaa9edad1485397ccc1680a8fd16623aa2c155379eac4aafdb2a559"},"id":"frame.activated"}}
{"recorder_version":"21","session":"e3165064ecf2","build":"192.6262.58","bucket":"189","time":1574797949268,"group":{"id":"lifecycle","version":"21"},"event":{"count":1,"data":{"restart":false,"created":1574797949268},"id":"ide.close"}}
{"recorder_version":"21","session":"e3165064ecf2","build":"192.6262.58","bucket":"189","time":1574797949350,"group":{"id":"lifecycle","version":"21"},"event":{"count":1,"data":{"created":1574797949350,"project":"92ddc83aceaa9edad1485397ccc1680a8fd16623aa2c155379eac4aafdb2a559"},"id":"project.closed"}}
