{"recorder_version":"21","session":"08081262a29c","build":"192.6262.58","bucket":"189","time":1574883774826,"group":{"id":"settings","version":"4"},"event":{"state":true,"data":{"component":"NotRoamableUiSettings","created":1574883775009},"id":"invoked"}}
{"recorder_version":"21","session":"08081262a29c","build":"192.6262.58","bucket":"189","time":1574883774828,"group":{"id":"settings","version":"4"},"event":{"state":true,"data":{"component":"UISettings","created":1574883775010},"id":"invoked"}}
{"recorder_version":"21","session":"08081262a29c","build":"192.6262.58","bucket":"189","time":1574883774828,"group":{"id":"system.java","version":"1"},"event":{"state":true,"data":{"created":1574883775017,"version":"1.11"},"id":"JetBrains"}}
{"recorder_version":"21","session":"08081262a29c","build":"192.6262.58","bucket":"189","time":1574883774828,"group":{"id":"system.java","version":"1"},"event":{"state":true,"data":{"created":1574883775018},"id":"invoked"}}
{"recorder_version":"21","session":"08081262a29c","build":"192.6262.58","bucket":"189","time":1574883774852,"group":{"id":"system.os","version":"3"},"event":{"state":true,"data":{"created":1574883775018,"version":"10.14"},"id":"Mac"}}
{"recorder_version":"21","session":"08081262a29c","build":"192.6262.58","bucket":"189","time":1574883774852,"group":{"id":"system.os","version":"3"},"event":{"state":true,"data":{"created":1574883775019,"name":"Mac","version":"10.14"},"id":"os.name"}}
{"recorder_version":"21","session":"08081262a29c","build":"192.6262.58","bucket":"189","time":1574883774852,"group":{"id":"system.os","version":"3"},"event":{"state":true,"data":{"created":1574883775019,"value":"+09_00"},"id":"os.timezone"}}
{"recorder_version":"21","session":"08081262a29c","build":"192.6262.58","bucket":"189","time":1574883774852,"group":{"id":"system.os","version":"3"},"event":{"state":true,"data":{"created":1574883775020},"id":"invoked"}}
{"recorder_version":"21","session":"08081262a29c","build":"192.6262.58","bucket":"189","time":1574883775008,"group":{"id":"event.log","version":"21"},"event":{"count":1,"data":{"created":1574883775020,"version":"934.0"},"id":"whitelist.loaded"}}
{"recorder_version":"21","session":"08081262a29c","build":"192.6262.58","bucket":"189","time":1574883777207,"group":{"id":"settings","version":"4"},"event":{"state":true,"data":{"component":"UpdatesConfigurable","created":1574883777207,"name":"checkNeeded","type":"bool","value":false},"id":"not.default"}}
{"recorder_version":"21","session":"08081262a29c","build":"192.6262.58","bucket":"189","time":1574883777207,"group":{"id":"settings","version":"4"},"event":{"state":true,"data":{"component":"UpdatesConfigurable","created":1574883777208},"id":"invoked"}}
{"recorder_version":"21","session":"08081262a29c","build":"192.6262.58","bucket":"189","time":1574883777334,"group":{"id":"settings","version":"4"},"event":{"state":true,"data":{"component":"GeneralSettings","created":1574883777334},"id":"invoked"}}
{"recorder_version":"21","session":"08081262a29c","build":"192.6262.58","bucket":"189","time":1574883777339,"group":{"id":"lifecycle","version":"21"},"event":{"count":1,"data":{"internal":true,"eap":false,"created":1574883777339},"id":"ide.start"}}
{"recorder_version":"21","session":"08081262a29c","build":"192.6262.58","bucket":"189","time":1574883777659,"group":{"id":"lifecycle","version":"21"},"event":{"count":1,"data":{"created":1574883777659},"id":"frame.activated"}}
{"recorder_version":"21","session":"08081262a29c","build":"192.6262.58","bucket":"189","time":1574883777776,"group":{"id":"performance","version":"21"},"event":{"count":1,"data":{"duration_ms":54,"created":1574883777777},"id":"ui.latency"}}
{"recorder_version":"21","session":"08081262a29c","build":"192.6262.58","bucket":"189","time":1574883778121,"group":{"id":"ui.dialogs","version":"21"},"event":{"count":1,"data":{"created":1574883778123,"plugin_type":"PLATFORM","type":"show"},"id":"com.intellij.openapi.progress.util.ProgressDialog$MyDialogWrapper"}}
{"recorder_version":"21","session":"08081262a29c","build":"192.6262.58","bucket":"189","time":1574883779314,"group":{"id":"lifecycle","version":"21"},"event":{"count":1,"data":{"created":1574883779314,"project":"4452600da3b350ab41d92ae108c2baae6ff0ac3ddb31bd67020ee046ec77ac09"},"id":"project.opened"}}
{"recorder_version":"21","session":"08081262a29c","build":"192.6262.58","bucket":"189","time":1574883779985,"group":{"id":"performance","version":"21"},"event":{"count":1,"data":{"duration_ms":255,"created":1574883779986},"id":"ui.lagging"}}
{"recorder_version":"21","session":"08081262a29c","build":"192.6262.58","bucket":"189","time":1574883781008,"group":{"id":"settings","version":"4"},"event":{"state":true,"data":{"component":"XmlEditorOptions","created":1574883781008},"id":"invoked"}}
{"recorder_version":"21","session":"08081262a29c","build":"192.6262.58","bucket":"189","time":1574883781109,"group":{"id":"performance","version":"21"},"event":{"count":1,"data":{"duration_ms":379,"created":1574883781109},"id":"ui.lagging"}}
{"recorder_version":"21","session":"08081262a29c","build":"192.6262.58","bucket":"189","time":1574883781867,"group":{"id":"performance","version":"21"},"event":{"count":1,"data":{"duration_ms":132,"created":1574883781867},"id":"ui.lagging"}}
{"recorder_version":"21","session":"08081262a29c","build":"192.6262.58","bucket":"189","time":1574883782274,"group":{"id":"ui.tips","version":"2"},"event":{"count":1,"data":{"created":1574883782274,"type":"automatically"},"id":"dialog.shown"}}
{"recorder_version":"21","session":"08081262a29c","build":"192.6262.58","bucket":"189","time":1574883782395,"group":{"id":"ui.dialogs","version":"21"},"event":{"count":1,"data":{"created":1574883782395,"plugin_type":"PLATFORM","type":"show"},"id":"com.intellij.ide.util.TipDialog"}}
{"recorder_version":"21","session":"08081262a29c","build":"192.6262.58","bucket":"189","time":1574883782883,"group":{"id":"performance","version":"21"},"event":{"count":1,"data":{"duration_ms":147,"created":1574883782883},"id":"ui.lagging"}}
{"recorder_version":"21","session":"08081262a29c","build":"192.6262.58","bucket":"189","time":1574883783854,"group":{"id":"project.fs","version":"1"},"event":{"state":true,"data":{"os":"Mac","cs-project":false,"created":1574883783854,"project":"4452600da3b350ab41d92ae108c2baae6ff0ac3ddb31bd67020ee046ec77ac09","cs-implicit":true,"cs-system":false},"id":"case-sensitivity"}}
{"recorder_version":"21","session":"08081262a29c","build":"192.6262.58","bucket":"189","time":1574883783854,"group":{"id":"project.fs","version":"1"},"event":{"state":true,"data":{"created":1574883783854},"id":"invoked"}}
{"recorder_version":"21","session":"08081262a29c","build":"192.6262.58","bucket":"189","time":1574883783855,"group":{"id":"project.fs","version":"1"},"event":{"state":true,"data":{"pct-non-watched":0,"created":1574883783855,"project":"4452600da3b350ab41d92ae108c2baae6ff0ac3ddb31bd67020ee046ec77ac09"},"id":"roots-watched"}}
{"recorder_version":"21","session":"08081262a29c","build":"192.6262.58","bucket":"189","time":1574883783855,"group":{"id":"project.fs","version":"1"},"event":{"state":true,"data":{"created":1574883783856},"id":"invoked"}}
{"recorder_version":"21","session":"08081262a29c","build":"192.6262.58","bucket":"189","time":1574883784034,"group":{"id":"ui.dialogs","version":"21"},"event":{"count":1,"data":{"code":1,"created":1574883784034,"plugin_type":"PLATFORM","type":"close"},"id":"com.intellij.openapi.progress.util.ProgressDialog$MyDialogWrapper"}}
{"recorder_version":"21","session":"08081262a29c","build":"192.6262.58","bucket":"189","time":1574883784256,"group":{"id":"lifecycle","version":"21"},"event":{"count":1,"data":{"duration_ms":6395,"created":1574883784256,"project":"4452600da3b350ab41d92ae108c2baae6ff0ac3ddb31bd67020ee046ec77ac09"},"id":"project.opening.finished"}}
{"recorder_version":"21","session":"08081262a29c","build":"192.6262.58","bucket":"189","time":1574883784860,"group":{"id":"performance","version":"21"},"event":{"count":1,"data":{"duration_ms":120,"created":1574883784860},"id":"ui.lagging"}}
{"recorder_version":"21","session":"08081262a29c","build":"192.6262.58","bucket":"189","time":1574883785160,"group":{"id":"kotlin.jps.target","version":"1"},"event":{"count":2,"data":{"plugin_version":"validation.undefined_rule","last":1574883785160,"created":1574883785160},"id":"validation.undefined_rule"}}
{"recorder_version":"21","session":"08081262a29c","build":"192.6262.58","bucket":"189","time":1574883786283,"group":{"id":"vcs.change.reminder","version":"1"},"event":{"count":1,"data":{"created":1574883786283,"project":"4452600da3b350ab41d92ae108c2baae6ff0ac3ddb31bd67020ee046ec77ac09","execution_time":236},"id":"prediction.calculated"}}
{"recorder_version":"21","session":"08081262a29c","build":"192.6262.58","bucket":"189","time":1574883788287,"group":{"id":"ui.dialogs","version":"21"},"event":{"count":1,"data":{"code":1,"created":1574883788287,"plugin_type":"PLATFORM","type":"close"},"id":"com.intellij.ide.util.TipDialog"}}
{"recorder_version":"21","session":"08081262a29c","build":"192.6262.58","bucket":"189","time":1574883789870,"group":{"id":"file.types.usage","version":"21"},"event":{"count":1,"data":{"plugin":"com.intellij.java","created":1574883789870,"plugin_type":"JB_BUNDLED","project":"4452600da3b350ab41d92ae108c2baae6ff0ac3ddb31bd67020ee046ec77ac09","type":"edit"},"id":"JAVA"}}
{"recorder_version":"21","session":"08081262a29c","build":"192.6262.58","bucket":"189","time":1574883789908,"group":{"id":"lifecycle","version":"21"},"event":{"count":2,"data":{"last":1574883792201,"created":1574883789908,"plugin_type":"NOT_LISTED","error":"java.lang.NullPointerException"},"id":"ide.error"}}
{"recorder_version":"21","session":"08081262a29c","build":"192.6262.58","bucket":"189","time":1574883797547,"group":{"id":"toolwindow","version":"21"},"event":{"count":1,"data":{"os":"Mac","created":1574883797548,"plugin_type":"NOT_LISTED"},"id":"third.party"}}
{"recorder_version":"21","session":"08081262a29c","build":"192.6262.58","bucket":"189","time":1574883810646,"group":{"id":"lifecycle","version":"21"},"event":{"count":1,"data":{"created":1574883810646,"project":"4452600da3b350ab41d92ae108c2baae6ff0ac3ddb31bd67020ee046ec77ac09"},"id":"frame.deactivated"}}
{"recorder_version":"21","session":"08081262a29c","build":"192.6262.58","bucket":"189","time":1574883849300,"group":{"id":"lifecycle","version":"21"},"event":{"count":1,"data":{"created":1574883849301,"project":"4452600da3b350ab41d92ae108c2baae6ff0ac3ddb31bd67020ee046ec77ac09"},"id":"frame.activated"}}
{"recorder_version":"21","session":"08081262a29c","build":"192.6262.58","bucket":"189","time":1574883851199,"group":{"id":"lifecycle","version":"21"},"event":{"count":1,"data":{"restart":false,"created":1574883851199},"id":"ide.close"}}
{"recorder_version":"21","session":"08081262a29c","build":"192.6262.58","bucket":"189","time":1574883851305,"group":{"id":"lifecycle","version":"21"},"event":{"count":1,"data":{"created":1574883851306,"project":"4452600da3b350ab41d92ae108c2baae6ff0ac3ddb31bd67020ee046ec77ac09"},"id":"project.closed"}}
