{"recorder_version":"21","session":"a019f87183c7","build":"192.6262.58","bucket":"189","time":1575350114275,"group":{"id":"settings","version":"4"},"event":{"state":true,"data":{"component":"NotRoamableUiSettings","created":1575350114408},"id":"invoked"}}
{"recorder_version":"21","session":"a019f87183c7","build":"192.6262.58","bucket":"189","time":1575350114277,"group":{"id":"system.java","version":"1"},"event":{"state":true,"data":{"created":1575350114410,"version":"1.11"},"id":"JetBrains"}}
{"recorder_version":"21","session":"a019f87183c7","build":"192.6262.58","bucket":"189","time":1575350114277,"group":{"id":"system.java","version":"1"},"event":{"state":true,"data":{"created":1575350114417},"id":"invoked"}}
{"recorder_version":"21","session":"a019f87183c7","build":"192.6262.58","bucket":"189","time":1575350114278,"group":{"id":"settings","version":"4"},"event":{"state":true,"data":{"component":"UISettings","created":1575350114418},"id":"invoked"}}
{"recorder_version":"21","session":"a019f87183c7","build":"192.6262.58","bucket":"189","time":1575350114296,"group":{"id":"system.os","version":"3"},"event":{"state":true,"data":{"created":1575350114419,"version":"10.14"},"id":"Mac"}}
{"recorder_version":"21","session":"a019f87183c7","build":"192.6262.58","bucket":"189","time":1575350114296,"group":{"id":"system.os","version":"3"},"event":{"state":true,"data":{"created":1575350114420,"name":"Mac","version":"10.14"},"id":"os.name"}}
{"recorder_version":"21","session":"a019f87183c7","build":"192.6262.58","bucket":"189","time":1575350114296,"group":{"id":"system.os","version":"3"},"event":{"state":true,"data":{"created":1575350114421,"value":"+09_00"},"id":"os.timezone"}}
{"recorder_version":"21","session":"a019f87183c7","build":"192.6262.58","bucket":"189","time":1575350114296,"group":{"id":"system.os","version":"3"},"event":{"state":true,"data":{"created":1575350114421},"id":"invoked"}}
{"recorder_version":"21","session":"a019f87183c7","build":"192.6262.58","bucket":"189","time":1575350114408,"group":{"id":"event.log","version":"21"},"event":{"count":1,"data":{"created":1575350114422,"version":"943.0"},"id":"whitelist.loaded"}}
{"recorder_version":"21","session":"a019f87183c7","build":"192.6262.58","bucket":"189","time":1575350116621,"group":{"id":"settings","version":"4"},"event":{"state":true,"data":{"component":"UpdatesConfigurable","created":1575350116621,"name":"checkNeeded","type":"bool","value":false},"id":"not.default"}}
{"recorder_version":"21","session":"a019f87183c7","build":"192.6262.58","bucket":"189","time":1575350116621,"group":{"id":"settings","version":"4"},"event":{"state":true,"data":{"component":"UpdatesConfigurable","created":1575350116623},"id":"invoked"}}
{"recorder_version":"21","session":"a019f87183c7","build":"192.6262.58","bucket":"189","time":1575350116746,"group":{"id":"settings","version":"4"},"event":{"state":true,"data":{"component":"GeneralSettings","created":1575350116748,"name":"confirmExit","type":"bool","value":false},"id":"not.default"}}
{"recorder_version":"21","session":"a019f87183c7","build":"192.6262.58","bucket":"189","time":1575350116747,"group":{"id":"settings","version":"4"},"event":{"state":true,"data":{"component":"GeneralSettings","created":1575350116749,"name":"showTipsOnStartup","type":"bool","value":false},"id":"not.default"}}
{"recorder_version":"21","session":"a019f87183c7","build":"192.6262.58","bucket":"189","time":1575350116747,"group":{"id":"settings","version":"4"},"event":{"state":true,"data":{"component":"GeneralSettings","created":1575350116751},"id":"invoked"}}
{"recorder_version":"21","session":"a019f87183c7","build":"192.6262.58","bucket":"189","time":1575350116753,"group":{"id":"lifecycle","version":"21"},"event":{"count":1,"data":{"internal":true,"eap":false,"created":1575350116754},"id":"ide.start"}}
{"recorder_version":"21","session":"a019f87183c7","build":"192.6262.58","bucket":"189","time":1575350117060,"group":{"id":"lifecycle","version":"21"},"event":{"count":1,"data":{"created":1575350117060},"id":"frame.activated"}}
{"recorder_version":"21","session":"a019f87183c7","build":"192.6262.58","bucket":"189","time":1575350117167,"group":{"id":"performance","version":"21"},"event":{"count":1,"data":{"duration_ms":1,"created":1575350117167},"id":"ui.latency"}}
{"recorder_version":"21","session":"a019f87183c7","build":"192.6262.58","bucket":"189","time":1575350117527,"group":{"id":"ui.dialogs","version":"21"},"event":{"count":1,"data":{"created":1575350117529,"plugin_type":"PLATFORM","type":"show"},"id":"com.intellij.openapi.progress.util.ProgressDialog$MyDialogWrapper"}}
{"recorder_version":"21","session":"a019f87183c7","build":"192.6262.58","bucket":"189","time":1575350118593,"group":{"id":"lifecycle","version":"21"},"event":{"count":1,"data":{"created":1575350118593,"project":"4452600da3b350ab41d92ae108c2baae6ff0ac3ddb31bd67020ee046ec77ac09"},"id":"project.opened"}}
{"recorder_version":"21","session":"a019f87183c7","build":"192.6262.58","bucket":"189","time":1575350119292,"group":{"id":"performance","version":"21"},"event":{"count":1,"data":{"duration_ms":125,"created":1575350119293},"id":"ui.lagging"}}
{"recorder_version":"21","session":"a019f87183c7","build":"192.6262.58","bucket":"189","time":1575350120334,"group":{"id":"settings","version":"4"},"event":{"state":true,"data":{"component":"XmlEditorOptions","created":1575350120334},"id":"invoked"}}
{"recorder_version":"21","session":"a019f87183c7","build":"192.6262.58","bucket":"189","time":1575350120386,"group":{"id":"performance","version":"21"},"event":{"count":1,"data":{"duration_ms":219,"created":1575350120386},"id":"ui.lagging"}}
{"recorder_version":"21","session":"a019f87183c7","build":"192.6262.58","bucket":"189","time":1575350121074,"group":{"id":"toolwindow","version":"21"},"event":{"count":1,"data":{"os":"Mac","created":1575350121074,"plugin_type":"PLATFORM"},"id":"Project"}}
{"recorder_version":"21","session":"a019f87183c7","build":"192.6262.58","bucket":"189","time":1575350122022,"group":{"id":"performance","version":"21"},"event":{"count":1,"data":{"duration_ms":854,"created":1575350122023},"id":"ui.lagging"}}
{"recorder_version":"21","session":"a019f87183c7","build":"192.6262.58","bucket":"189","time":1575350122308,"group":{"id":"performance","version":"21"},"event":{"count":1,"data":{"duration_ms":139,"created":1575350122308},"id":"ui.lagging"}}
{"recorder_version":"21","session":"a019f87183c7","build":"192.6262.58","bucket":"189","time":1575350123309,"group":{"id":"performance","version":"21"},"event":{"count":1,"data":{"duration_ms":135,"created":1575350123310},"id":"ui.lagging"}}
{"recorder_version":"21","session":"a019f87183c7","build":"192.6262.58","bucket":"189","time":1575350123453,"group":{"id":"project.fs","version":"1"},"event":{"state":true,"data":{"os":"Mac","cs-project":false,"created":1575350123461,"project":"4452600da3b350ab41d92ae108c2baae6ff0ac3ddb31bd67020ee046ec77ac09","cs-implicit":true,"cs-system":false},"id":"case-sensitivity"}}
{"recorder_version":"21","session":"a019f87183c7","build":"192.6262.58","bucket":"189","time":1575350123453,"group":{"id":"project.fs","version":"1"},"event":{"state":true,"data":{"created":1575350123461},"id":"invoked"}}
{"recorder_version":"21","session":"a019f87183c7","build":"192.6262.58","bucket":"189","time":1575350123461,"group":{"id":"project.fs","version":"1"},"event":{"state":true,"data":{"pct-non-watched":0,"created":1575350123462,"project":"4452600da3b350ab41d92ae108c2baae6ff0ac3ddb31bd67020ee046ec77ac09"},"id":"roots-watched"}}
{"recorder_version":"21","session":"a019f87183c7","build":"192.6262.58","bucket":"189","time":1575350123461,"group":{"id":"project.fs","version":"1"},"event":{"state":true,"data":{"created":1575350123462},"id":"invoked"}}
{"recorder_version":"21","session":"a019f87183c7","build":"192.6262.58","bucket":"189","time":1575350123518,"group":{"id":"ui.dialogs","version":"21"},"event":{"count":1,"data":{"code":1,"created":1575350123518,"plugin_type":"PLATFORM","type":"close"},"id":"com.intellij.openapi.progress.util.ProgressDialog$MyDialogWrapper"}}
{"recorder_version":"21","session":"a019f87183c7","build":"192.6262.58","bucket":"189","time":1575350123746,"group":{"id":"lifecycle","version":"21"},"event":{"count":1,"data":{"duration_ms":6505,"created":1575350123747,"project":"4452600da3b350ab41d92ae108c2baae6ff0ac3ddb31bd67020ee046ec77ac09"},"id":"project.opening.finished"}}
{"recorder_version":"21","session":"a019f87183c7","build":"192.6262.58","bucket":"189","time":1575350124282,"group":{"id":"performance","version":"21"},"event":{"count":1,"data":{"duration_ms":106,"created":1575350124282},"id":"ui.lagging"}}
{"recorder_version":"21","session":"a019f87183c7","build":"192.6262.58","bucket":"189","time":1575350124652,"group":{"id":"kotlin.jps.target","version":"1"},"event":{"count":2,"data":{"plugin_version":"validation.undefined_rule","last":1575350124652,"created":1575350124652},"id":"validation.undefined_rule"}}
{"recorder_version":"21","session":"a019f87183c7","build":"192.6262.58","bucket":"189","time":1575350125552,"group":{"id":"vcs.change.reminder","version":"1"},"event":{"count":1,"data":{"created":1575350125553,"project":"4452600da3b350ab41d92ae108c2baae6ff0ac3ddb31bd67020ee046ec77ac09","execution_time":270},"id":"prediction.calculated"}}
{"recorder_version":"21","session":"a019f87183c7","build":"192.6262.58","bucket":"189","time":1575350127031,"group":{"id":"file.types.usage","version":"21"},"event":{"count":1,"data":{"plugin":"com.intellij.java","created":1575350127031,"plugin_type":"JB_BUNDLED","project":"4452600da3b350ab41d92ae108c2baae6ff0ac3ddb31bd67020ee046ec77ac09","type":"edit"},"id":"JAVA"}}
{"recorder_version":"21","session":"a019f87183c7","build":"192.6262.58","bucket":"189","time":1575350129966,"group":{"id":"lifecycle","version":"21"},"event":{"count":1,"data":{"created":1575350129966,"project":"4452600da3b350ab41d92ae108c2baae6ff0ac3ddb31bd67020ee046ec77ac09"},"id":"frame.deactivated"}}
{"recorder_version":"21","session":"a019f87183c7","build":"192.6262.58","bucket":"189","time":1575350131537,"group":{"id":"lifecycle","version":"21"},"event":{"count":1,"data":{"created":1575350131537,"project":"4452600da3b350ab41d92ae108c2baae6ff0ac3ddb31bd67020ee046ec77ac09"},"id":"frame.activated"}}
{"recorder_version":"21","session":"a019f87183c7","build":"192.6262.58","bucket":"189","time":1575350133790,"group":{"id":"actions","version":"21"},"event":{"count":1,"data":{"context_menu":false,"current_file":"JAVA","created":1575350133790,"plugin_type":"PLATFORM","project":"4452600da3b350ab41d92ae108c2baae6ff0ac3ddb31bd67020ee046ec77ac09","place":"keyboard_shortcut","class":"com.intellij.openapi.editor.actions.EscapeAction","input_event":"Escape"},"id":"EditorEscape"}}
{"recorder_version":"21","session":"a019f87183c7","build":"192.6262.58","bucket":"189","time":1575350134229,"group":{"id":"file.types.usage","version":"21"},"event":{"count":1,"data":{"plugin":"com.intellij.java","created":1575350134229,"plugin_type":"JB_BUNDLED","project":"4452600da3b350ab41d92ae108c2baae6ff0ac3ddb31bd67020ee046ec77ac09","type":"edit"},"id":"JAVA"}}
{"recorder_version":"21","session":"a019f87183c7","build":"192.6262.58","bucket":"189","time":1575350135995,"group":{"id":"lifecycle","version":"21"},"event":{"count":1,"data":{"created":1575350135996,"project":"4452600da3b350ab41d92ae108c2baae6ff0ac3ddb31bd67020ee046ec77ac09"},"id":"frame.deactivated"}}
{"recorder_version":"21","session":"a019f87183c7","build":"192.6262.58","bucket":"189","time":1575350137233,"group":{"id":"lifecycle","version":"21"},"event":{"count":1,"data":{"created":1575350137233,"project":"4452600da3b350ab41d92ae108c2baae6ff0ac3ddb31bd67020ee046ec77ac09"},"id":"frame.activated"}}
{"recorder_version":"21","session":"a019f87183c7","build":"192.6262.58","bucket":"189","time":1575350138591,"group":{"id":"lifecycle","version":"21"},"event":{"count":1,"data":{"created":1575350138591,"project":"4452600da3b350ab41d92ae108c2baae6ff0ac3ddb31bd67020ee046ec77ac09"},"id":"frame.deactivated"}}
{"recorder_version":"21","session":"a019f87183c7","build":"192.6262.58","bucket":"189","time":1575350162761,"group":{"id":"lifecycle","version":"21"},"event":{"count":1,"data":{"created":1575350162762,"project":"4452600da3b350ab41d92ae108c2baae6ff0ac3ddb31bd67020ee046ec77ac09"},"id":"frame.activated"}}
{"recorder_version":"21","session":"a019f87183c7","build":"192.6262.58","bucket":"189","time":1575350163040,"group":{"id":"lifecycle","version":"21"},"event":{"count":1,"data":{"restart":false,"created":1575350163040},"id":"ide.close"}}
{"recorder_version":"21","session":"a019f87183c7","build":"192.6262.58","bucket":"189","time":1575350163112,"group":{"id":"lifecycle","version":"21"},"event":{"count":1,"data":{"created":1575350163112,"project":"4452600da3b350ab41d92ae108c2baae6ff0ac3ddb31bd67020ee046ec77ac09"},"id":"project.closed"}}
