{"recorder_version":"21","session":"e1210b091405","build":"192.6262.58","bucket":"189","time":1574432799130,"group":{"id":"settings","version":"4"},"event":{"state":true,"data":{"component":"NotRoamableUiSettings","created":1574432799291},"id":"invoked"}}
{"recorder_version":"21","session":"e1210b091405","build":"192.6262.58","bucket":"189","time":1574432799131,"group":{"id":"settings","version":"4"},"event":{"state":true,"data":{"component":"UISettings","created":1574432799292},"id":"invoked"}}
{"recorder_version":"21","session":"e1210b091405","build":"192.6262.58","bucket":"189","time":1574432799132,"group":{"id":"system.java","version":"1"},"event":{"state":true,"data":{"created":1574432799302,"version":"1.11"},"id":"JetBrains"}}
{"recorder_version":"21","session":"e1210b091405","build":"192.6262.58","bucket":"189","time":1574432799132,"group":{"id":"system.java","version":"1"},"event":{"state":true,"data":{"created":1574432799303},"id":"invoked"}}
{"recorder_version":"21","session":"e1210b091405","build":"192.6262.58","bucket":"189","time":1574432799153,"group":{"id":"system.os","version":"3"},"event":{"state":true,"data":{"created":1574432799304,"version":"10.14"},"id":"Mac"}}
{"recorder_version":"21","session":"e1210b091405","build":"192.6262.58","bucket":"189","time":1574432799153,"group":{"id":"system.os","version":"3"},"event":{"state":true,"data":{"created":1574432799305,"name":"Mac","version":"10.14"},"id":"os.name"}}
{"recorder_version":"21","session":"e1210b091405","build":"192.6262.58","bucket":"189","time":1574432799153,"group":{"id":"system.os","version":"3"},"event":{"state":true,"data":{"created":1574432799306,"value":"+09_00"},"id":"os.timezone"}}
{"recorder_version":"21","session":"e1210b091405","build":"192.6262.58","bucket":"189","time":1574432799153,"group":{"id":"system.os","version":"3"},"event":{"state":true,"data":{"created":1574432799306},"id":"invoked"}}
{"recorder_version":"21","session":"e1210b091405","build":"192.6262.58","bucket":"189","time":1574432799290,"group":{"id":"event.log","version":"21"},"event":{"count":1,"data":{"created":1574432799307,"version":"916.0"},"id":"whitelist.loaded"}}
{"recorder_version":"21","session":"e1210b091405","build":"192.6262.58","bucket":"189","time":1574432801506,"group":{"id":"settings","version":"4"},"event":{"state":true,"data":{"component":"UpdatesConfigurable","created":1574432801507,"name":"checkNeeded","type":"bool","value":false},"id":"not.default"}}
{"recorder_version":"21","session":"e1210b091405","build":"192.6262.58","bucket":"189","time":1574432801506,"group":{"id":"settings","version":"4"},"event":{"state":true,"data":{"component":"UpdatesConfigurable","created":1574432801508},"id":"invoked"}}
{"recorder_version":"21","session":"e1210b091405","build":"192.6262.58","bucket":"189","time":1574432802064,"group":{"id":"lifecycle","version":"21"},"event":{"count":1,"data":{"internal":true,"eap":false,"created":1574432802065},"id":"ide.start"}}
{"recorder_version":"21","session":"e1210b091405","build":"192.6262.58","bucket":"189","time":1574432802068,"group":{"id":"settings","version":"4"},"event":{"state":true,"data":{"component":"GeneralSettings","created":1574432802068,"name":"confirmExit","type":"bool","value":false},"id":"not.default"}}
{"recorder_version":"21","session":"e1210b091405","build":"192.6262.58","bucket":"189","time":1574432802068,"group":{"id":"settings","version":"4"},"event":{"state":true,"data":{"component":"GeneralSettings","created":1574432802069,"name":"showTipsOnStartup","type":"bool","value":false},"id":"not.default"}}
{"recorder_version":"21","session":"e1210b091405","build":"192.6262.58","bucket":"189","time":1574432802068,"group":{"id":"settings","version":"4"},"event":{"state":true,"data":{"component":"GeneralSettings","created":1574432802070},"id":"invoked"}}
{"recorder_version":"21","session":"e1210b091405","build":"192.6262.58","bucket":"189","time":1574432802206,"group":{"id":"performance","version":"21"},"event":{"count":1,"data":{"duration_ms":72,"created":1574432802206},"id":"ui.latency"}}
{"recorder_version":"21","session":"e1210b091405","build":"192.6262.58","bucket":"189","time":1574432802734,"group":{"id":"settings","version":"4"},"event":{"state":true,"data":{"component":"XmlEditorOptions","created":1574432802735},"id":"invoked"}}
{"recorder_version":"21","session":"e1210b091405","build":"192.6262.58","bucket":"189","time":1574432805802,"group":{"id":"ui.dialogs","version":"21"},"event":{"count":1,"data":{"created":1574432805802,"plugin_type":"PLATFORM","type":"show"},"id":"com.intellij.openapi.progress.util.ProgressDialog$MyDialogWrapper"}}
{"recorder_version":"21","session":"e1210b091405","build":"192.6262.58","bucket":"189","time":1574432806534,"group":{"id":"lifecycle","version":"21"},"event":{"count":1,"data":{"created":1574432806534,"project":"a0f12fb42952fc36a102045bdbb22ad1f15aa9443e9c675024683f4da70c8bc4"},"id":"project.opened"}}
{"recorder_version":"21","session":"e1210b091405","build":"192.6262.58","bucket":"189","time":1574432808035,"group":{"id":"toolwindow","version":"21"},"event":{"count":1,"data":{"os":"Mac","created":1574432808035,"plugin_type":"PLATFORM"},"id":"Project"}}
{"recorder_version":"21","session":"e1210b091405","build":"192.6262.58","bucket":"189","time":1574432808341,"group":{"id":"performance","version":"21"},"event":{"count":1,"data":{"duration_ms":198,"created":1574432808341},"id":"ui.lagging"}}
{"recorder_version":"21","session":"e1210b091405","build":"192.6262.58","bucket":"189","time":1574432809612,"group":{"id":"project.fs","version":"1"},"event":{"state":true,"data":{"os":"Mac","cs-project":false,"created":1574432809612,"project":"a0f12fb42952fc36a102045bdbb22ad1f15aa9443e9c675024683f4da70c8bc4","cs-implicit":true,"cs-system":false},"id":"case-sensitivity"}}
{"recorder_version":"21","session":"e1210b091405","build":"192.6262.58","bucket":"189","time":1574432809612,"group":{"id":"project.fs","version":"1"},"event":{"state":true,"data":{"created":1574432809612},"id":"invoked"}}
{"recorder_version":"21","session":"e1210b091405","build":"192.6262.58","bucket":"189","time":1574432809612,"group":{"id":"project.fs","version":"1"},"event":{"state":true,"data":{"pct-non-watched":0,"created":1574432809613,"project":"a0f12fb42952fc36a102045bdbb22ad1f15aa9443e9c675024683f4da70c8bc4"},"id":"roots-watched"}}
{"recorder_version":"21","session":"e1210b091405","build":"192.6262.58","bucket":"189","time":1574432809612,"group":{"id":"project.fs","version":"1"},"event":{"state":true,"data":{"created":1574432809613},"id":"invoked"}}
{"recorder_version":"21","session":"e1210b091405","build":"192.6262.58","bucket":"189","time":1574432809632,"group":{"id":"ui.dialogs","version":"21"},"event":{"count":1,"data":{"code":1,"created":1574432809632,"plugin_type":"PLATFORM","type":"close"},"id":"com.intellij.openapi.progress.util.ProgressDialog$MyDialogWrapper"}}
{"recorder_version":"21","session":"e1210b091405","build":"192.6262.58","bucket":"189","time":1574432809794,"group":{"id":"lifecycle","version":"21"},"event":{"count":1,"data":{"duration_ms":4275,"created":1574432809794,"project":"a0f12fb42952fc36a102045bdbb22ad1f15aa9443e9c675024683f4da70c8bc4"},"id":"project.opening.finished"}}
{"recorder_version":"21","session":"e1210b091405","build":"192.6262.58","bucket":"189","time":1574432810721,"group":{"id":"kotlin.jps.target","version":"1"},"event":{"count":1,"data":{"plugin_version":"1.3.41-release-IJ2019.2-1","created":1574432810721},"id":"jvm"}}
{"recorder_version":"21","session":"e1210b091405","build":"192.6262.58","bucket":"189","time":1574432811130,"group":{"id":"file.types.usage","version":"21"},"event":{"count":1,"data":{"plugin":"com.intellij.java","created":1574432811130,"plugin_type":"JB_BUNDLED","project":"a0f12fb42952fc36a102045bdbb22ad1f15aa9443e9c675024683f4da70c8bc4","type":"edit"},"id":"JAVA"}}
{"recorder_version":"21","session":"e1210b091405","build":"192.6262.58","bucket":"189","time":1574432811249,"group":{"id":"performance","version":"21"},"event":{"count":1,"data":{"duration_ms":103,"created":1574432811249},"id":"ui.lagging"}}
{"recorder_version":"21","session":"e1210b091405","build":"192.6262.58","bucket":"189","time":1574432814489,"group":{"id":"lifecycle","version":"21"},"event":{"count":1,"data":{"created":1574432814489,"project":"a0f12fb42952fc36a102045bdbb22ad1f15aa9443e9c675024683f4da70c8bc4"},"id":"project.closed"}}
{"recorder_version":"21","session":"e1210b091405","build":"192.6262.58","bucket":"189","time":1574432815955,"group":{"id":"lifecycle","version":"21"},"event":{"count":1,"data":{"restart":false,"created":1574432815955},"id":"ide.close"}}
