{"recorder_version":"21","session":"d3f74d4eac7b","build":"192.6262.58","bucket":"189","time":1575128596941,"group":{"id":"settings","version":"4"},"event":{"state":true,"data":{"component":"NotRoamableUiSettings","created":1575128597221},"id":"invoked"}}
{"recorder_version":"21","session":"d3f74d4eac7b","build":"192.6262.58","bucket":"189","time":1575128596943,"group":{"id":"system.java","version":"1"},"event":{"state":true,"data":{"created":1575128597225,"version":"1.11"},"id":"JetBrains"}}
{"recorder_version":"21","session":"d3f74d4eac7b","build":"192.6262.58","bucket":"189","time":1575128596943,"group":{"id":"system.java","version":"1"},"event":{"state":true,"data":{"created":1575128597255},"id":"invoked"}}
{"recorder_version":"21","session":"d3f74d4eac7b","build":"192.6262.58","bucket":"189","time":1575128596966,"group":{"id":"settings","version":"4"},"event":{"state":true,"data":{"component":"UISettings","created":1575128597256},"id":"invoked"}}
{"recorder_version":"21","session":"d3f74d4eac7b","build":"192.6262.58","bucket":"189","time":1575128596984,"group":{"id":"system.os","version":"3"},"event":{"state":true,"data":{"created":1575128597258,"version":"10.14"},"id":"Mac"}}
{"recorder_version":"21","session":"d3f74d4eac7b","build":"192.6262.58","bucket":"189","time":1575128596984,"group":{"id":"system.os","version":"3"},"event":{"state":true,"data":{"created":1575128597267,"name":"Mac","version":"10.14"},"id":"os.name"}}
{"recorder_version":"21","session":"d3f74d4eac7b","build":"192.6262.58","bucket":"189","time":1575128596984,"group":{"id":"system.os","version":"3"},"event":{"state":true,"data":{"created":1575128597269,"value":"+09_00"},"id":"os.timezone"}}
{"recorder_version":"21","session":"d3f74d4eac7b","build":"192.6262.58","bucket":"189","time":1575128596984,"group":{"id":"system.os","version":"3"},"event":{"state":true,"data":{"created":1575128597270},"id":"invoked"}}
{"recorder_version":"21","session":"d3f74d4eac7b","build":"192.6262.58","bucket":"189","time":1575128597219,"group":{"id":"event.log","version":"21"},"event":{"count":1,"data":{"created":1575128597270,"version":"942.0"},"id":"whitelist.loaded"}}
{"recorder_version":"21","session":"d3f74d4eac7b","build":"192.6262.58","bucket":"189","time":1575128600445,"group":{"id":"settings","version":"4"},"event":{"state":true,"data":{"component":"UpdatesConfigurable","created":1575128600446,"name":"checkNeeded","type":"bool","value":false},"id":"not.default"}}
{"recorder_version":"21","session":"d3f74d4eac7b","build":"192.6262.58","bucket":"189","time":1575128600445,"group":{"id":"settings","version":"4"},"event":{"state":true,"data":{"component":"UpdatesConfigurable","created":1575128600446},"id":"invoked"}}
{"recorder_version":"21","session":"d3f74d4eac7b","build":"192.6262.58","bucket":"189","time":1575128601077,"group":{"id":"lifecycle","version":"21"},"event":{"count":1,"data":{"internal":true,"eap":false,"created":1575128601078},"id":"ide.start"}}
{"recorder_version":"21","session":"d3f74d4eac7b","build":"192.6262.58","bucket":"189","time":1575128601085,"group":{"id":"settings","version":"4"},"event":{"state":true,"data":{"component":"GeneralSettings","created":1575128601085,"name":"confirmExit","type":"bool","value":false},"id":"not.default"}}
{"recorder_version":"21","session":"d3f74d4eac7b","build":"192.6262.58","bucket":"189","time":1575128601085,"group":{"id":"settings","version":"4"},"event":{"state":true,"data":{"component":"GeneralSettings","created":1575128601086,"name":"showTipsOnStartup","type":"bool","value":false},"id":"not.default"}}
{"recorder_version":"21","session":"d3f74d4eac7b","build":"192.6262.58","bucket":"189","time":1575128601085,"group":{"id":"settings","version":"4"},"event":{"state":true,"data":{"component":"GeneralSettings","created":1575128601087},"id":"invoked"}}
{"recorder_version":"21","session":"d3f74d4eac7b","build":"192.6262.58","bucket":"189","time":1575128601106,"group":{"id":"performance","version":"21"},"event":{"count":1,"data":{"duration_ms":352,"created":1575128601106},"id":"ui.latency"}}
{"recorder_version":"21","session":"d3f74d4eac7b","build":"192.6262.58","bucket":"189","time":1575128601106,"group":{"id":"performance","version":"21"},"event":{"count":1,"data":{"duration_ms":352,"created":1575128601107},"id":"ui.lagging"}}
{"recorder_version":"21","session":"d3f74d4eac7b","build":"192.6262.58","bucket":"189","time":1575128601793,"group":{"id":"settings","version":"4"},"event":{"state":true,"data":{"component":"XmlEditorOptions","created":1575128601793},"id":"invoked"}}
{"recorder_version":"21","session":"d3f74d4eac7b","build":"192.6262.58","bucket":"189","time":1575128605410,"group":{"id":"ui.dialogs","version":"21"},"event":{"count":1,"data":{"created":1575128605413,"plugin_type":"PLATFORM","type":"show"},"id":"com.intellij.openapi.progress.util.ProgressDialog$MyDialogWrapper"}}
{"recorder_version":"21","session":"d3f74d4eac7b","build":"192.6262.58","bucket":"189","time":1575128606329,"group":{"id":"lifecycle","version":"21"},"event":{"count":1,"data":{"created":1575128606329,"project":"4452600da3b350ab41d92ae108c2baae6ff0ac3ddb31bd67020ee046ec77ac09"},"id":"project.opened"}}
{"recorder_version":"21","session":"d3f74d4eac7b","build":"192.6262.58","bucket":"189","time":1575128606905,"group":{"id":"performance","version":"21"},"event":{"count":1,"data":{"duration_ms":137,"created":1575128606905},"id":"ui.lagging"}}
{"recorder_version":"21","session":"d3f74d4eac7b","build":"192.6262.58","bucket":"189","time":1575128607901,"group":{"id":"performance","version":"21"},"event":{"count":1,"data":{"duration_ms":131,"created":1575128607901},"id":"ui.lagging"}}
{"recorder_version":"21","session":"d3f74d4eac7b","build":"192.6262.58","bucket":"189","time":1575128608593,"group":{"id":"toolwindow","version":"21"},"event":{"count":1,"data":{"os":"Mac","created":1575128608598,"plugin_type":"NOT_LISTED"},"id":"third.party"}}
{"recorder_version":"21","session":"d3f74d4eac7b","build":"192.6262.58","bucket":"189","time":1575128609024,"group":{"id":"performance","version":"21"},"event":{"count":1,"data":{"duration_ms":254,"created":1575128609024},"id":"ui.lagging"}}
{"recorder_version":"21","session":"d3f74d4eac7b","build":"192.6262.58","bucket":"189","time":1575128610729,"group":{"id":"project.fs","version":"1"},"event":{"state":true,"data":{"os":"Mac","cs-project":false,"created":1575128610730,"project":"4452600da3b350ab41d92ae108c2baae6ff0ac3ddb31bd67020ee046ec77ac09","cs-implicit":true,"cs-system":false},"id":"case-sensitivity"}}
{"recorder_version":"21","session":"d3f74d4eac7b","build":"192.6262.58","bucket":"189","time":1575128610730,"group":{"id":"project.fs","version":"1"},"event":{"state":true,"data":{"created":1575128610730},"id":"invoked"}}
{"recorder_version":"21","session":"d3f74d4eac7b","build":"192.6262.58","bucket":"189","time":1575128610730,"group":{"id":"project.fs","version":"1"},"event":{"state":true,"data":{"pct-non-watched":0,"created":1575128610730,"project":"4452600da3b350ab41d92ae108c2baae6ff0ac3ddb31bd67020ee046ec77ac09"},"id":"roots-watched"}}
{"recorder_version":"21","session":"d3f74d4eac7b","build":"192.6262.58","bucket":"189","time":1575128610730,"group":{"id":"project.fs","version":"1"},"event":{"state":true,"data":{"created":1575128610730},"id":"invoked"}}
{"recorder_version":"21","session":"d3f74d4eac7b","build":"192.6262.58","bucket":"189","time":1575128610748,"group":{"id":"ui.dialogs","version":"21"},"event":{"count":1,"data":{"code":1,"created":1575128610757,"plugin_type":"PLATFORM","type":"close"},"id":"com.intellij.openapi.progress.util.ProgressDialog$MyDialogWrapper"}}
{"recorder_version":"21","session":"d3f74d4eac7b","build":"192.6262.58","bucket":"189","time":1575128610818,"group":{"id":"lifecycle","version":"21"},"event":{"count":1,"data":{"duration_ms":5726,"created":1575128610818,"project":"4452600da3b350ab41d92ae108c2baae6ff0ac3ddb31bd67020ee046ec77ac09"},"id":"project.opening.finished"}}
{"recorder_version":"21","session":"d3f74d4eac7b","build":"192.6262.58","bucket":"189","time":1575128611716,"group":{"id":"kotlin.jps.target","version":"1"},"event":{"count":2,"data":{"plugin_version":"validation.undefined_rule","last":1575128611716,"created":1575128611716},"id":"validation.undefined_rule"}}
{"recorder_version":"21","session":"d3f74d4eac7b","build":"192.6262.58","bucket":"189","time":1575128612364,"group":{"id":"vcs.change.reminder","version":"1"},"event":{"count":1,"data":{"created":1575128612364,"project":"4452600da3b350ab41d92ae108c2baae6ff0ac3ddb31bd67020ee046ec77ac09","execution_time":278},"id":"prediction.calculated"}}
{"recorder_version":"21","session":"d3f74d4eac7b","build":"192.6262.58","bucket":"189","time":1575128614683,"group":{"id":"file.types.usage","version":"21"},"event":{"count":1,"data":{"plugin":"com.intellij.java","created":1575128614684,"plugin_type":"JB_BUNDLED","project":"4452600da3b350ab41d92ae108c2baae6ff0ac3ddb31bd67020ee046ec77ac09","type":"edit"},"id":"JAVA"}}
{"recorder_version":"21","session":"d3f74d4eac7b","build":"192.6262.58","bucket":"189","time":1575128619908,"group":{"id":"actions","version":"21"},"event":{"count":5,"data":{"context_menu":false,"last":1575128620623,"current_file":"JAVA","created":1575128619908,"plugin_type":"PLATFORM","project":"4452600da3b350ab41d92ae108c2baae6ff0ac3ddb31bd67020ee046ec77ac09","place":"keyboard_shortcut","class":"com.intellij.openapi.editor.actions.BackspaceAction","input_event":"Backspace"},"id":"EditorBackSpace"}}
{"recorder_version":"21","session":"d3f74d4eac7b","build":"192.6262.58","bucket":"189","time":1575128622151,"group":{"id":"file.types.usage","version":"21"},"event":{"count":1,"data":{"plugin":"com.intellij.java","created":1575128622151,"plugin_type":"JB_BUNDLED","project":"4452600da3b350ab41d92ae108c2baae6ff0ac3ddb31bd67020ee046ec77ac09","type":"edit"},"id":"JAVA"}}
{"recorder_version":"21","session":"d3f74d4eac7b","build":"192.6262.58","bucket":"189","time":1575128623636,"group":{"id":"vcs.change.reminder","version":"1"},"event":{"count":1,"data":{"created":1575128623637,"project":"4452600da3b350ab41d92ae108c2baae6ff0ac3ddb31bd67020ee046ec77ac09","execution_time":28},"id":"prediction.calculated"}}
{"recorder_version":"21","session":"d3f74d4eac7b","build":"192.6262.58","bucket":"189","time":1575128625744,"group":{"id":"ui.dialogs","version":"21"},"event":{"count":1,"data":{"created":1575128625744,"plugin_type":"PLATFORM","type":"show"},"id":"com.intellij.openapi.progress.util.ProgressDialog$MyDialogWrapper"}}
{"recorder_version":"21","session":"d3f74d4eac7b","build":"192.6262.58","bucket":"189","time":1575128625881,"group":{"id":"lifecycle","version":"21"},"event":{"count":1,"data":{"created":1575128625881,"project":"4452600da3b350ab41d92ae108c2baae6ff0ac3ddb31bd67020ee046ec77ac09"},"id":"project.closed"}}
{"recorder_version":"21","session":"d3f74d4eac7b","build":"192.6262.58","bucket":"189","time":1575128625931,"group":{"id":"ui.dialogs","version":"21"},"event":{"count":1,"data":{"code":1,"created":1575128625932,"plugin_type":"PLATFORM","type":"close"},"id":"com.intellij.openapi.progress.util.ProgressDialog$MyDialogWrapper"}}
{"recorder_version":"21","session":"d3f74d4eac7b","build":"192.6262.58","bucket":"189","time":1575128625932,"group":{"id":"performance","version":"21"},"event":{"count":1,"data":{"duration_ms":132,"created":1575128625932},"id":"ui.lagging"}}
{"recorder_version":"21","session":"d3f74d4eac7b","build":"192.6262.58","bucket":"189","time":1575128674630,"group":{"id":"lifecycle","version":"21"},"event":{"count":1,"data":{"restart":false,"created":1575128674630},"id":"ide.close"}}
