{"recorder_version":"21","session":"1d675b1aff2b","build":"192.6262.58","bucket":"189","time":1574785426967,"group":{"id":"settings","version":"4"},"event":{"state":true,"data":{"component":"NotRoamableUiSettings","created":1574785427119},"id":"invoked"}}
{"recorder_version":"21","session":"1d675b1aff2b","build":"192.6262.58","bucket":"189","time":1574785426969,"group":{"id":"settings","version":"4"},"event":{"state":true,"data":{"component":"UISettings","created":1574785427121},"id":"invoked"}}
{"recorder_version":"21","session":"1d675b1aff2b","build":"192.6262.58","bucket":"189","time":1574785426969,"group":{"id":"system.java","version":"1"},"event":{"state":true,"data":{"created":1574785427130,"version":"1.11"},"id":"JetBrains"}}
{"recorder_version":"21","session":"1d675b1aff2b","build":"192.6262.58","bucket":"189","time":1574785426969,"group":{"id":"system.java","version":"1"},"event":{"state":true,"data":{"created":1574785427131},"id":"invoked"}}
{"recorder_version":"21","session":"1d675b1aff2b","build":"192.6262.58","bucket":"189","time":1574785426990,"group":{"id":"system.os","version":"3"},"event":{"state":true,"data":{"created":1574785427132,"version":"10.14"},"id":"Mac"}}
{"recorder_version":"21","session":"1d675b1aff2b","build":"192.6262.58","bucket":"189","time":1574785426990,"group":{"id":"system.os","version":"3"},"event":{"state":true,"data":{"created":1574785427132,"name":"Mac","version":"10.14"},"id":"os.name"}}
{"recorder_version":"21","session":"1d675b1aff2b","build":"192.6262.58","bucket":"189","time":1574785426990,"group":{"id":"system.os","version":"3"},"event":{"state":true,"data":{"created":1574785427133,"value":"+09_00"},"id":"os.timezone"}}
{"recorder_version":"21","session":"1d675b1aff2b","build":"192.6262.58","bucket":"189","time":1574785426990,"group":{"id":"system.os","version":"3"},"event":{"state":true,"data":{"created":1574785427134},"id":"invoked"}}
{"recorder_version":"21","session":"1d675b1aff2b","build":"192.6262.58","bucket":"189","time":1574785427119,"group":{"id":"event.log","version":"21"},"event":{"count":1,"data":{"created":1574785427134,"version":"925.0"},"id":"whitelist.loaded"}}
{"recorder_version":"21","session":"1d675b1aff2b","build":"192.6262.58","bucket":"189","time":1574785429335,"group":{"id":"settings","version":"4"},"event":{"state":true,"data":{"component":"UpdatesConfigurable","created":1574785429335,"name":"checkNeeded","type":"bool","value":false},"id":"not.default"}}
{"recorder_version":"21","session":"1d675b1aff2b","build":"192.6262.58","bucket":"189","time":1574785429335,"group":{"id":"settings","version":"4"},"event":{"state":true,"data":{"component":"UpdatesConfigurable","created":1574785429336},"id":"invoked"}}
{"recorder_version":"21","session":"1d675b1aff2b","build":"192.6262.58","bucket":"189","time":1574785429451,"group":{"id":"settings","version":"4"},"event":{"state":true,"data":{"component":"GeneralSettings","created":1574785429451,"name":"confirmExit","type":"bool","value":false},"id":"not.default"}}
{"recorder_version":"21","session":"1d675b1aff2b","build":"192.6262.58","bucket":"189","time":1574785429451,"group":{"id":"settings","version":"4"},"event":{"state":true,"data":{"component":"GeneralSettings","created":1574785429462,"name":"showTipsOnStartup","type":"bool","value":false},"id":"not.default"}}
{"recorder_version":"21","session":"1d675b1aff2b","build":"192.6262.58","bucket":"189","time":1574785429452,"group":{"id":"settings","version":"4"},"event":{"state":true,"data":{"component":"GeneralSettings","created":1574785429465},"id":"invoked"}}
{"recorder_version":"21","session":"1d675b1aff2b","build":"192.6262.58","bucket":"189","time":1574785429473,"group":{"id":"lifecycle","version":"21"},"event":{"count":1,"data":{"internal":true,"eap":false,"created":1574785429473},"id":"ide.start"}}
{"recorder_version":"21","session":"1d675b1aff2b","build":"192.6262.58","bucket":"189","time":1574785429742,"group":{"id":"lifecycle","version":"21"},"event":{"count":1,"data":{"created":1574785429745},"id":"frame.activated"}}
{"recorder_version":"21","session":"1d675b1aff2b","build":"192.6262.58","bucket":"189","time":1574785430018,"group":{"id":"performance","version":"21"},"event":{"count":1,"data":{"duration_ms":0,"created":1574785430019},"id":"ui.latency"}}
{"recorder_version":"21","session":"1d675b1aff2b","build":"192.6262.58","bucket":"189","time":1574785430188,"group":{"id":"ui.dialogs","version":"21"},"event":{"count":1,"data":{"created":1574785430188,"plugin_type":"PLATFORM","type":"show"},"id":"com.intellij.openapi.progress.util.ProgressDialog$MyDialogWrapper"}}
{"recorder_version":"21","session":"1d675b1aff2b","build":"192.6262.58","bucket":"189","time":1574785431142,"group":{"id":"lifecycle","version":"21"},"event":{"count":1,"data":{"created":1574785431142,"project":"92ddc83aceaa9edad1485397ccc1680a8fd16623aa2c155379eac4aafdb2a559"},"id":"project.opened"}}
{"recorder_version":"21","session":"1d675b1aff2b","build":"192.6262.58","bucket":"189","time":1574785432633,"group":{"id":"settings","version":"4"},"event":{"state":true,"data":{"component":"XmlEditorOptions","created":1574785432633},"id":"invoked"}}
{"recorder_version":"21","session":"1d675b1aff2b","build":"192.6262.58","bucket":"189","time":1574785432665,"group":{"id":"performance","version":"21"},"event":{"count":1,"data":{"duration_ms":645,"created":1574785432665},"id":"ui.lagging"}}
{"recorder_version":"21","session":"1d675b1aff2b","build":"192.6262.58","bucket":"189","time":1574785432813,"group":{"id":"toolwindow","version":"21"},"event":{"count":1,"data":{"os":"Mac","created":1574785432813,"plugin_type":"PLATFORM"},"id":"Project"}}
{"recorder_version":"21","session":"1d675b1aff2b","build":"192.6262.58","bucket":"189","time":1574785433233,"group":{"id":"performance","version":"21"},"event":{"count":1,"data":{"duration_ms":209,"created":1574785433233},"id":"ui.lagging"}}
{"recorder_version":"21","session":"1d675b1aff2b","build":"192.6262.58","bucket":"189","time":1574785434969,"group":{"id":"project.fs","version":"1"},"event":{"state":true,"data":{"os":"Mac","cs-project":false,"created":1574785434970,"project":"92ddc83aceaa9edad1485397ccc1680a8fd16623aa2c155379eac4aafdb2a559","cs-implicit":true,"cs-system":false},"id":"case-sensitivity"}}
{"recorder_version":"21","session":"1d675b1aff2b","build":"192.6262.58","bucket":"189","time":1574785434969,"group":{"id":"project.fs","version":"1"},"event":{"state":true,"data":{"created":1574785434970},"id":"invoked"}}
{"recorder_version":"21","session":"1d675b1aff2b","build":"192.6262.58","bucket":"189","time":1574785434971,"group":{"id":"project.fs","version":"1"},"event":{"state":true,"data":{"pct-non-watched":0,"created":1574785434971,"project":"92ddc83aceaa9edad1485397ccc1680a8fd16623aa2c155379eac4aafdb2a559"},"id":"roots-watched"}}
{"recorder_version":"21","session":"1d675b1aff2b","build":"192.6262.58","bucket":"189","time":1574785434971,"group":{"id":"project.fs","version":"1"},"event":{"state":true,"data":{"created":1574785434971},"id":"invoked"}}
{"recorder_version":"21","session":"1d675b1aff2b","build":"192.6262.58","bucket":"189","time":1574785435070,"group":{"id":"ui.dialogs","version":"21"},"event":{"count":1,"data":{"code":1,"created":1574785435071,"plugin_type":"PLATFORM","type":"close"},"id":"com.intellij.openapi.progress.util.ProgressDialog$MyDialogWrapper"}}
{"recorder_version":"21","session":"1d675b1aff2b","build":"192.6262.58","bucket":"189","time":1574785435228,"group":{"id":"lifecycle","version":"21"},"event":{"count":1,"data":{"duration_ms":5287,"created":1574785435228,"project":"92ddc83aceaa9edad1485397ccc1680a8fd16623aa2c155379eac4aafdb2a559"},"id":"project.opening.finished"}}
{"recorder_version":"21","session":"1d675b1aff2b","build":"192.6262.58","bucket":"189","time":1574785436947,"group":{"id":"kotlin.jps.target","version":"1"},"event":{"count":1,"data":{"plugin_version":"1.3.41-release-IJ2019.2-1","created":1574785436947},"id":"jvm"}}
{"recorder_version":"21","session":"1d675b1aff2b","build":"192.6262.58","bucket":"189","time":1574785464402,"group":{"id":"file.types.usage","version":"21"},"event":{"count":1,"data":{"created":1574785464402,"plugin_type":"PLATFORM","project":"92ddc83aceaa9edad1485397ccc1680a8fd16623aa2c155379eac4aafdb2a559","type":"edit"},"id":"IDEA_MODULE"}}
{"recorder_version":"21","session":"1d675b1aff2b","build":"192.6262.58","bucket":"189","time":1574785465810,"group":{"id":"actions","version":"21"},"event":{"count":2,"data":{"context_menu":false,"last":1574785468452,"current_file":"TEXT","created":1574785465810,"plugin_type":"PLATFORM","project":"92ddc83aceaa9edad1485397ccc1680a8fd16623aa2c155379eac4aafdb2a559","place":"keyboard_shortcut","class":"com.intellij.openapi.editor.actions.BackspaceAction","input_event":"Backspace"},"id":"EditorBackSpace"}}
{"recorder_version":"21","session":"1d675b1aff2b","build":"192.6262.58","bucket":"189","time":1574785469585,"group":{"id":"actions","version":"21"},"event":{"count":7,"data":{"context_menu":false,"last":1574785484660,"current_file":"TEXT","created":1574785469585,"plugin_type":"PLATFORM","project":"92ddc83aceaa9edad1485397ccc1680a8fd16623aa2c155379eac4aafdb2a559","place":"keyboard_shortcut","class":"com.intellij.openapi.editor.actions.EnterAction","input_event":"Enter"},"id":"EditorEnter"}}
{"recorder_version":"21","session":"1d675b1aff2b","build":"192.6262.58","bucket":"189","time":1574785485396,"group":{"id":"actions","version":"21"},"event":{"count":8,"data":{"context_menu":false,"last":1574785486805,"current_file":"TEXT","created":1574785485396,"plugin_type":"PLATFORM","project":"92ddc83aceaa9edad1485397ccc1680a8fd16623aa2c155379eac4aafdb2a559","place":"keyboard_shortcut","class":"com.intellij.openapi.editor.actions.BackspaceAction","input_event":"Backspace"},"id":"EditorBackSpace"}}
{"recorder_version":"21","session":"1d675b1aff2b","build":"192.6262.58","bucket":"189","time":1574785490524,"group":{"id":"lifecycle","version":"21"},"event":{"count":1,"data":{"created":1574785490524,"project":"92ddc83aceaa9edad1485397ccc1680a8fd16623aa2c155379eac4aafdb2a559"},"id":"frame.deactivated"}}
{"recorder_version":"21","session":"1d675b1aff2b","build":"192.6262.58","bucket":"189","time":1574785530332,"group":{"id":"performance","version":"21"},"event":{"count":1,"data":{"duration_ms":0,"created":1574785530332},"id":"ui.latency"}}
{"recorder_version":"21","session":"1d675b1aff2b","build":"192.6262.58","bucket":"189","time":1574785630643,"group":{"id":"performance","version":"21"},"event":{"count":1,"data":{"duration_ms":1,"created":1574785630643},"id":"ui.latency"}}
{"recorder_version":"21","session":"1d675b1aff2b","build":"192.6262.58","bucket":"189","time":1574785729466,"group":{"id":"build.tools.actions","version":"1"},"event":{"count":1,"data":{"created":1574785729466},"id":"registered"}}
{"recorder_version":"21","session":"1d675b1aff2b","build":"192.6262.58","bucket":"189","time":1574785729466,"group":{"id":"file.types.usage","version":"21"},"event":{"count":1,"data":{"created":1574785729467},"id":"registered"}}
{"recorder_version":"21","session":"1d675b1aff2b","build":"192.6262.58","bucket":"189","time":1574785729466,"group":{"id":"ide.script.engine","version":"1"},"event":{"count":1,"data":{"created":1574785729467},"id":"registered"}}
{"recorder_version":"21","session":"1d675b1aff2b","build":"192.6262.58","bucket":"189","time":1574785729466,"group":{"id":"actions.runAnything","version":"1"},"event":{"count":1,"data":{"created":1574785729468},"id":"registered"}}
{"recorder_version":"21","session":"1d675b1aff2b","build":"192.6262.58","bucket":"189","time":1574785729466,"group":{"id":"toolwindow","version":"21"},"event":{"count":1,"data":{"created":1574785729468},"id":"registered"}}
{"recorder_version":"21","session":"1d675b1aff2b","build":"192.6262.58","bucket":"189","time":1574785729466,"group":{"id":"kotlin.ide.newFileTempl","version":"1"},"event":{"count":1,"data":{"created":1574785729468},"id":"registered"}}
{"recorder_version":"21","session":"1d675b1aff2b","build":"192.6262.58","bucket":"189","time":1574785729466,"group":{"id":"live.templates","version":"21"},"event":{"count":1,"data":{"created":1574785729468},"id":"registered"}}
{"recorder_version":"21","session":"1d675b1aff2b","build":"192.6262.58","bucket":"189","time":1574785729466,"group":{"id":"ide.self.update","version":"2"},"event":{"count":1,"data":{"created":1574785729468},"id":"registered"}}
{"recorder_version":"21","session":"1d675b1aff2b","build":"192.6262.58","bucket":"189","time":1574785729466,"group":{"id":"ui.settings","version":"21"},"event":{"count":1,"data":{"created":1574785729469},"id":"registered"}}
{"recorder_version":"21","session":"1d675b1aff2b","build":"192.6262.58","bucket":"189","time":1574785729466,"group":{"id":"lifecycle","version":"21"},"event":{"count":1,"data":{"created":1574785729469},"id":"registered"}}
{"recorder_version":"21","session":"1d675b1aff2b","build":"192.6262.58","bucket":"189","time":1574785729466,"group":{"id":"vcs.diff.trigger","version":"1"},"event":{"count":1,"data":{"created":1574785729469},"id":"registered"}}
{"recorder_version":"21","session":"1d675b1aff2b","build":"192.6262.58","bucket":"189","time":1574785729466,"group":{"id":"vcs.log.trigger","version":"2"},"event":{"count":1,"data":{"created":1574785729469},"id":"registered"}}
{"recorder_version":"21","session":"1d675b1aff2b","build":"192.6262.58","bucket":"189","time":1574785729466,"group":{"id":"productivity","version":"21"},"event":{"count":1,"data":{"created":1574785729469},"id":"registered"}}
{"recorder_version":"21","session":"1d675b1aff2b","build":"192.6262.58","bucket":"189","time":1574785729466,"group":{"id":"debugger.breakpoints.usage","version":"2"},"event":{"count":1,"data":{"created":1574785729470},"id":"registered"}}
{"recorder_version":"21","session":"1d675b1aff2b","build":"192.6262.58","bucket":"189","time":1574785729466,"group":{"id":"kotlin.gradle.library","version":"1"},"event":{"count":1,"data":{"created":1574785729470},"id":"registered"}}
{"recorder_version":"21","session":"1d675b1aff2b","build":"192.6262.58","bucket":"189","time":1574785729466,"group":{"id":"find","version":"1"},"event":{"count":1,"data":{"created":1574785729470},"id":"registered"}}
{"recorder_version":"21","session":"1d675b1aff2b","build":"192.6262.58","bucket":"189","time":1574785729466,"group":{"id":"kotlin.gradle.target","version":"1"},"event":{"count":1,"data":{"created":1574785729470},"id":"registered"}}
{"recorder_version":"21","session":"1d675b1aff2b","build":"192.6262.58","bucket":"189","time":1574785729466,"group":{"id":"gutter.icon.click","version":"1"},"event":{"count":1,"data":{"created":1574785729470},"id":"registered"}}
{"recorder_version":"21","session":"1d675b1aff2b","build":"192.6262.58","bucket":"189","time":1574785729466,"group":{"id":"shell.script","version":"1"},"event":{"count":1,"data":{"created":1574785729470},"id":"registered"}}
{"recorder_version":"21","session":"1d675b1aff2b","build":"192.6262.58","bucket":"189","time":1574785729466,"group":{"id":"kotlin.ide.debugger.eval","version":"1"},"event":{"count":1,"data":{"created":1574785729471},"id":"registered"}}
{"recorder_version":"21","session":"1d675b1aff2b","build":"192.6262.58","bucket":"189","time":1574785729466,"group":{"id":"build.maven.actions","version":"1"},"event":{"count":1,"data":{"created":1574785729471},"id":"registered"}}
{"recorder_version":"21","session":"1d675b1aff2b","build":"192.6262.58","bucket":"189","time":1574785729466,"group":{"id":"ui.event","version":"1"},"event":{"count":1,"data":{"created":1574785729471},"id":"registered"}}
{"recorder_version":"21","session":"1d675b1aff2b","build":"192.6262.58","bucket":"189","time":1574785729466,"group":{"id":"new.project.wizard","version":"1"},"event":{"count":1,"data":{"created":1574785729471},"id":"registered"}}
{"recorder_version":"21","session":"1d675b1aff2b","build":"192.6262.58","bucket":"189","time":1574785729466,"group":{"id":"kotlin.ide.npwizards","version":"1"},"event":{"count":1,"data":{"created":1574785729471},"id":"registered"}}
{"recorder_version":"21","session":"1d675b1aff2b","build":"192.6262.58","bucket":"189","time":1574785729466,"group":{"id":"intentions","version":"21"},"event":{"count":1,"data":{"created":1574785729471},"id":"registered"}}
{"recorder_version":"21","session":"1d675b1aff2b","build":"192.6262.58","bucket":"189","time":1574785729466,"group":{"id":"ui.dialogs","version":"21"},"event":{"count":1,"data":{"created":1574785729472},"id":"registered"}}
{"recorder_version":"21","session":"1d675b1aff2b","build":"192.6262.58","bucket":"189","time":1574785729466,"group":{"id":"vcs.back.forward.trigger","version":"1"},"event":{"count":1,"data":{"created":1574785729472},"id":"registered"}}
{"recorder_version":"21","session":"1d675b1aff2b","build":"192.6262.58","bucket":"189","time":1574785729466,"group":{"id":"vcs.change.reminder","version":"1"},"event":{"count":1,"data":{"created":1574785729472},"id":"registered"}}
{"recorder_version":"21","session":"1d675b1aff2b","build":"192.6262.58","bucket":"189","time":1574785729466,"group":{"id":"toolbar","version":"21"},"event":{"count":1,"data":{"created":1574785729472},"id":"registered"}}
{"recorder_version":"21","session":"1d675b1aff2b","build":"192.6262.58","bucket":"189","time":1574785729466,"group":{"id":"build.gradle.actions","version":"1"},"event":{"count":1,"data":{"created":1574785729472},"id":"registered"}}
{"recorder_version":"21","session":"1d675b1aff2b","build":"192.6262.58","bucket":"189","time":1574785729466,"group":{"id":"kotlin.maven.target","version":"1"},"event":{"count":1,"data":{"created":1574785729472},"id":"registered"}}
{"recorder_version":"21","session":"1d675b1aff2b","build":"192.6262.58","bucket":"189","time":1574785729466,"group":{"id":"performance","version":"21"},"event":{"count":1,"data":{"created":1574785729472},"id":"registered"}}
{"recorder_version":"21","session":"1d675b1aff2b","build":"192.6262.58","bucket":"189","time":1574785729466,"group":{"id":"searchEverywhere","version":"1"},"event":{"count":1,"data":{"created":1574785729473},"id":"registered"}}
{"recorder_version":"21","session":"1d675b1aff2b","build":"192.6262.58","bucket":"189","time":1574785729466,"group":{"id":"kotlin.ide.action.refactoring","version":"1"},"event":{"count":1,"data":{"created":1574785729473},"id":"registered"}}
{"recorder_version":"21","session":"1d675b1aff2b","build":"192.6262.58","bucket":"189","time":1574785729466,"group":{"id":"ui.tips","version":"2"},"event":{"count":1,"data":{"created":1574785729473},"id":"registered"}}
{"recorder_version":"21","session":"1d675b1aff2b","build":"192.6262.58","bucket":"189","time":1574785729466,"group":{"id":"surround.with","version":"1"},"event":{"count":1,"data":{"created":1574785729473},"id":"registered"}}
{"recorder_version":"21","session":"1d675b1aff2b","build":"192.6262.58","bucket":"189","time":1574785729466,"group":{"id":"import.old.config","version":"1"},"event":{"count":1,"data":{"created":1574785729473},"id":"registered"}}
{"recorder_version":"21","session":"1d675b1aff2b","build":"192.6262.58","bucket":"189","time":1574785729466,"group":{"id":"json.schema","version":"1"},"event":{"count":1,"data":{"created":1574785729473},"id":"registered"}}
{"recorder_version":"21","session":"1d675b1aff2b","build":"192.6262.58","bucket":"189","time":1574785729466,"group":{"id":"kotlin.jps.target","version":"1"},"event":{"count":1,"data":{"created":1574785729473},"id":"registered"}}
{"recorder_version":"21","session":"1d675b1aff2b","build":"192.6262.58","bucket":"189","time":1574785729466,"group":{"id":"terminalShell","version":"1"},"event":{"count":1,"data":{"created":1574785729474},"id":"registered"}}
{"recorder_version":"21","session":"1d675b1aff2b","build":"192.6262.58","bucket":"189","time":1574785729466,"group":{"id":"completion.postfix","version":"21"},"event":{"count":1,"data":{"created":1574785729474},"id":"registered"}}
{"recorder_version":"21","session":"1d675b1aff2b","build":"192.6262.58","bucket":"189","time":1574785729466,"group":{"id":"build.ant.actions","version":"1"},"event":{"count":1,"data":{"created":1574785729474},"id":"registered"}}
{"recorder_version":"21","session":"1d675b1aff2b","build":"192.6262.58","bucket":"189","time":1574785729466,"group":{"id":"actions","version":"21"},"event":{"count":1,"data":{"created":1574785729474},"id":"registered"}}
{"recorder_version":"21","session":"1d675b1aff2b","build":"192.6262.58","bucket":"189","time":1574785729466,"group":{"id":"event.log","version":"21"},"event":{"count":1,"data":{"created":1574785729474},"id":"registered"}}
{"recorder_version":"21","session":"1d675b1aff2b","build":"192.6262.58","bucket":"189","time":1574785729466,"group":{"id":"run.configuration.exec","version":"21"},"event":{"count":1,"data":{"created":1574785729474},"id":"registered"}}
{"recorder_version":"21","session":"1d675b1aff2b","build":"192.6262.58","bucket":"189","time":1574785729466,"group":{"id":"build.maven.packagesearch","version":"2"},"event":{"count":1,"data":{"created":1574785729474},"id":"registered"}}
{"recorder_version":"21","session":"1d675b1aff2b","build":"192.6262.58","bucket":"189","time":1574785730946,"group":{"id":"performance","version":"21"},"event":{"count":1,"data":{"duration_ms":1,"created":1574785730946},"id":"ui.latency"}}
{"recorder_version":"21","session":"1d675b1aff2b","build":"192.6262.58","bucket":"189","time":1574785831277,"group":{"id":"performance","version":"21"},"event":{"count":1,"data":{"duration_ms":0,"created":1574785831277},"id":"ui.latency"}}
{"recorder_version":"21","session":"1d675b1aff2b","build":"192.6262.58","bucket":"189","time":1574785846315,"group":{"id":"lifecycle","version":"21"},"event":{"count":1,"data":{"created":1574785846315,"project":"92ddc83aceaa9edad1485397ccc1680a8fd16623aa2c155379eac4aafdb2a559"},"id":"frame.activated"}}
{"recorder_version":"21","session":"1d675b1aff2b","build":"192.6262.58","bucket":"189","time":1574785846790,"group":{"id":"lifecycle","version":"21"},"event":{"count":1,"data":{"restart":false,"created":1574785846790},"id":"ide.close"}}
{"recorder_version":"21","session":"1d675b1aff2b","build":"192.6262.58","bucket":"189","time":1574785846872,"group":{"id":"lifecycle","version":"21"},"event":{"count":1,"data":{"created":1574785846872,"project":"92ddc83aceaa9edad1485397ccc1680a8fd16623aa2c155379eac4aafdb2a559"},"id":"project.closed"}}
