{"recorder_version":"21","session":"bbbf8c45aeae","build":"192.6262.58","bucket":"189","time":1574870174715,"group":{"id":"settings","version":"4"},"event":{"state":true,"data":{"component":"NotRoamableUiSettings","created":1574870174885},"id":"invoked"}}
{"recorder_version":"21","session":"bbbf8c45aeae","build":"192.6262.58","bucket":"189","time":1574870174717,"group":{"id":"settings","version":"4"},"event":{"state":true,"data":{"component":"UISettings","created":1574870174888},"id":"invoked"}}
{"recorder_version":"21","session":"bbbf8c45aeae","build":"192.6262.58","bucket":"189","time":1574870174717,"group":{"id":"system.java","version":"1"},"event":{"state":true,"data":{"created":1574870174897,"version":"1.11"},"id":"JetBrains"}}
{"recorder_version":"21","session":"bbbf8c45aeae","build":"192.6262.58","bucket":"189","time":1574870174717,"group":{"id":"system.java","version":"1"},"event":{"state":true,"data":{"created":1574870174898},"id":"invoked"}}
{"recorder_version":"21","session":"bbbf8c45aeae","build":"192.6262.58","bucket":"189","time":1574870174739,"group":{"id":"system.os","version":"3"},"event":{"state":true,"data":{"created":1574870174899,"version":"10.14"},"id":"Mac"}}
{"recorder_version":"21","session":"bbbf8c45aeae","build":"192.6262.58","bucket":"189","time":1574870174739,"group":{"id":"system.os","version":"3"},"event":{"state":true,"data":{"created":1574870174900,"name":"Mac","version":"10.14"},"id":"os.name"}}
{"recorder_version":"21","session":"bbbf8c45aeae","build":"192.6262.58","bucket":"189","time":1574870174739,"group":{"id":"system.os","version":"3"},"event":{"state":true,"data":{"created":1574870174901,"value":"+09_00"},"id":"os.timezone"}}
{"recorder_version":"21","session":"bbbf8c45aeae","build":"192.6262.58","bucket":"189","time":1574870174739,"group":{"id":"system.os","version":"3"},"event":{"state":true,"data":{"created":1574870174901},"id":"invoked"}}
{"recorder_version":"21","session":"bbbf8c45aeae","build":"192.6262.58","bucket":"189","time":1574870174885,"group":{"id":"event.log","version":"21"},"event":{"count":1,"data":{"created":1574870174902,"version":"934.0"},"id":"whitelist.loaded"}}
{"recorder_version":"21","session":"bbbf8c45aeae","build":"192.6262.58","bucket":"189","time":1574870177112,"group":{"id":"settings","version":"4"},"event":{"state":true,"data":{"component":"UpdatesConfigurable","created":1574870177112,"name":"checkNeeded","type":"bool","value":false},"id":"not.default"}}
{"recorder_version":"21","session":"bbbf8c45aeae","build":"192.6262.58","bucket":"189","time":1574870177112,"group":{"id":"settings","version":"4"},"event":{"state":true,"data":{"component":"UpdatesConfigurable","created":1574870177113},"id":"invoked"}}
{"recorder_version":"21","session":"bbbf8c45aeae","build":"192.6262.58","bucket":"189","time":1574870177255,"group":{"id":"settings","version":"4"},"event":{"state":true,"data":{"component":"GeneralSettings","created":1574870177255},"id":"invoked"}}
{"recorder_version":"21","session":"bbbf8c45aeae","build":"192.6262.58","bucket":"189","time":1574870177260,"group":{"id":"lifecycle","version":"21"},"event":{"count":1,"data":{"internal":true,"eap":false,"created":1574870177260},"id":"ide.start"}}
{"recorder_version":"21","session":"bbbf8c45aeae","build":"192.6262.58","bucket":"189","time":1574870177589,"group":{"id":"lifecycle","version":"21"},"event":{"count":1,"data":{"created":1574870177590},"id":"frame.activated"}}
{"recorder_version":"21","session":"bbbf8c45aeae","build":"192.6262.58","bucket":"189","time":1574870177712,"group":{"id":"performance","version":"21"},"event":{"count":1,"data":{"duration_ms":59,"created":1574870177713},"id":"ui.latency"}}
{"recorder_version":"21","session":"bbbf8c45aeae","build":"192.6262.58","bucket":"189","time":1574870178054,"group":{"id":"ui.dialogs","version":"21"},"event":{"count":1,"data":{"created":1574870178056,"plugin_type":"PLATFORM","type":"show"},"id":"com.intellij.openapi.progress.util.ProgressDialog$MyDialogWrapper"}}
{"recorder_version":"21","session":"bbbf8c45aeae","build":"192.6262.58","bucket":"189","time":1574870179159,"group":{"id":"lifecycle","version":"21"},"event":{"count":1,"data":{"created":1574870179159,"project":"e4f0f910608be7238c2f8896780738edb4a2ae426dbe035f2ad7abddd9f913d1"},"id":"project.opened"}}
{"recorder_version":"21","session":"bbbf8c45aeae","build":"192.6262.58","bucket":"189","time":1574870179814,"group":{"id":"performance","version":"21"},"event":{"count":1,"data":{"duration_ms":157,"created":1574870179814},"id":"ui.lagging"}}
{"recorder_version":"21","session":"bbbf8c45aeae","build":"192.6262.58","bucket":"189","time":1574870180245,"group":{"id":"toolwindow","version":"21"},"event":{"count":1,"data":{"os":"Mac","created":1574870180249,"plugin_type":"NOT_LISTED"},"id":"third.party"}}
{"recorder_version":"21","session":"bbbf8c45aeae","build":"192.6262.58","bucket":"189","time":1574870181162,"group":{"id":"performance","version":"21"},"event":{"count":1,"data":{"duration_ms":502,"created":1574870181162},"id":"ui.lagging"}}
{"recorder_version":"21","session":"bbbf8c45aeae","build":"192.6262.58","bucket":"189","time":1574870181273,"group":{"id":"ui.tips","version":"2"},"event":{"count":1,"data":{"created":1574870181273,"type":"automatically"},"id":"dialog.shown"}}
{"recorder_version":"21","session":"bbbf8c45aeae","build":"192.6262.58","bucket":"189","time":1574870181394,"group":{"id":"ui.dialogs","version":"21"},"event":{"count":1,"data":{"created":1574870181394,"plugin_type":"PLATFORM","type":"show"},"id":"com.intellij.ide.util.TipDialog"}}
{"recorder_version":"21","session":"bbbf8c45aeae","build":"192.6262.58","bucket":"189","time":1574870181804,"group":{"id":"performance","version":"21"},"event":{"count":1,"data":{"duration_ms":139,"created":1574870181805},"id":"ui.lagging"}}
{"recorder_version":"21","session":"bbbf8c45aeae","build":"192.6262.58","bucket":"189","time":1574870182479,"group":{"id":"kotlin.jps.target","version":"1"},"event":{"count":1,"data":{"plugin_version":"validation.undefined_rule","created":1574870182479},"id":"validation.undefined_rule"}}
{"recorder_version":"21","session":"bbbf8c45aeae","build":"192.6262.58","bucket":"189","time":1574870182479,"group":{"id":"kotlin.maven.target","version":"1"},"event":{"count":1,"data":{"plugin_version":"validation.undefined_rule","created":1574870182479},"id":"validation.undefined_rule"}}
{"recorder_version":"21","session":"bbbf8c45aeae","build":"192.6262.58","bucket":"189","time":1574870182480,"group":{"id":"kotlin.jps.target","version":"1"},"event":{"count":1,"data":{"plugin_version":"validation.undefined_rule","created":1574870182480},"id":"validation.undefined_rule"}}
{"recorder_version":"21","session":"bbbf8c45aeae","build":"192.6262.58","bucket":"189","time":1574870182750,"group":{"id":"project.fs","version":"1"},"event":{"state":true,"data":{"os":"Mac","cs-project":false,"created":1574870182751,"project":"e4f0f910608be7238c2f8896780738edb4a2ae426dbe035f2ad7abddd9f913d1","cs-implicit":true,"cs-system":false},"id":"case-sensitivity"}}
{"recorder_version":"21","session":"bbbf8c45aeae","build":"192.6262.58","bucket":"189","time":1574870182750,"group":{"id":"project.fs","version":"1"},"event":{"state":true,"data":{"created":1574870182751},"id":"invoked"}}
{"recorder_version":"21","session":"bbbf8c45aeae","build":"192.6262.58","bucket":"189","time":1574870182751,"group":{"id":"project.fs","version":"1"},"event":{"state":true,"data":{"pct-non-watched":0,"created":1574870182751,"project":"e4f0f910608be7238c2f8896780738edb4a2ae426dbe035f2ad7abddd9f913d1"},"id":"roots-watched"}}
{"recorder_version":"21","session":"bbbf8c45aeae","build":"192.6262.58","bucket":"189","time":1574870182751,"group":{"id":"project.fs","version":"1"},"event":{"state":true,"data":{"created":1574870182752},"id":"invoked"}}
{"recorder_version":"21","session":"bbbf8c45aeae","build":"192.6262.58","bucket":"189","time":1574870182888,"group":{"id":"settings","version":"4"},"event":{"state":true,"data":{"component":"XmlEditorOptions","created":1574870182888},"id":"invoked"}}
{"recorder_version":"21","session":"bbbf8c45aeae","build":"192.6262.58","bucket":"189","time":1574870182970,"group":{"id":"ui.dialogs","version":"21"},"event":{"count":1,"data":{"code":1,"created":1574870182970,"plugin_type":"PLATFORM","type":"close"},"id":"com.intellij.ide.util.TipDialog"}}
{"recorder_version":"21","session":"bbbf8c45aeae","build":"192.6262.58","bucket":"189","time":1574870182987,"group":{"id":"ui.dialogs","version":"21"},"event":{"count":1,"data":{"code":1,"created":1574870182988,"plugin_type":"PLATFORM","type":"close"},"id":"com.intellij.openapi.progress.util.ProgressDialog$MyDialogWrapper"}}
{"recorder_version":"21","session":"bbbf8c45aeae","build":"192.6262.58","bucket":"189","time":1574870183318,"group":{"id":"lifecycle","version":"21"},"event":{"count":1,"data":{"duration_ms":5513,"created":1574870183318,"project":"e4f0f910608be7238c2f8896780738edb4a2ae426dbe035f2ad7abddd9f913d1"},"id":"project.opening.finished"}}
{"recorder_version":"21","session":"bbbf8c45aeae","build":"192.6262.58","bucket":"189","time":1574870185091,"group":{"id":"vcs.change.reminder","version":"1"},"event":{"count":1,"data":{"created":1574870185091,"project":"e4f0f910608be7238c2f8896780738edb4a2ae426dbe035f2ad7abddd9f913d1","execution_time":265},"id":"prediction.calculated"}}
{"recorder_version":"21","session":"bbbf8c45aeae","build":"192.6262.58","bucket":"189","time":1574870277999,"group":{"id":"performance","version":"21"},"event":{"count":1,"data":{"duration_ms":0,"created":1574870277999},"id":"ui.latency"}}
{"recorder_version":"21","session":"bbbf8c45aeae","build":"192.6262.58","bucket":"189","time":1574870378322,"group":{"id":"performance","version":"21"},"event":{"count":1,"data":{"duration_ms":1,"created":1574870378322},"id":"ui.latency"}}
{"recorder_version":"21","session":"bbbf8c45aeae","build":"192.6262.58","bucket":"189","time":1574870477247,"group":{"id":"build.tools.actions","version":"1"},"event":{"count":1,"data":{"created":1574870477247},"id":"registered"}}
{"recorder_version":"21","session":"bbbf8c45aeae","build":"192.6262.58","bucket":"189","time":1574870477247,"group":{"id":"file.types.usage","version":"21"},"event":{"count":1,"data":{"created":1574870477248},"id":"registered"}}
{"recorder_version":"21","session":"bbbf8c45aeae","build":"192.6262.58","bucket":"189","time":1574870477247,"group":{"id":"ide.script.engine","version":"1"},"event":{"count":1,"data":{"created":1574870477248},"id":"registered"}}
{"recorder_version":"21","session":"bbbf8c45aeae","build":"192.6262.58","bucket":"189","time":1574870477247,"group":{"id":"actions.runAnything","version":"1"},"event":{"count":1,"data":{"created":1574870477248},"id":"registered"}}
{"recorder_version":"21","session":"bbbf8c45aeae","build":"192.6262.58","bucket":"189","time":1574870477247,"group":{"id":"toolwindow","version":"21"},"event":{"count":1,"data":{"created":1574870477249},"id":"registered"}}
{"recorder_version":"21","session":"bbbf8c45aeae","build":"192.6262.58","bucket":"189","time":1574870477247,"group":{"id":"kotlin.ide.newFileTempl","version":"1"},"event":{"count":1,"data":{"created":1574870477249},"id":"registered"}}
{"recorder_version":"21","session":"bbbf8c45aeae","build":"192.6262.58","bucket":"189","time":1574870477247,"group":{"id":"live.templates","version":"21"},"event":{"count":1,"data":{"created":1574870477249},"id":"registered"}}
{"recorder_version":"21","session":"bbbf8c45aeae","build":"192.6262.58","bucket":"189","time":1574870477247,"group":{"id":"ide.self.update","version":"2"},"event":{"count":1,"data":{"created":1574870477249},"id":"registered"}}
{"recorder_version":"21","session":"bbbf8c45aeae","build":"192.6262.58","bucket":"189","time":1574870477247,"group":{"id":"ui.settings","version":"21"},"event":{"count":1,"data":{"created":1574870477250},"id":"registered"}}
{"recorder_version":"21","session":"bbbf8c45aeae","build":"192.6262.58","bucket":"189","time":1574870477247,"group":{"id":"lifecycle","version":"21"},"event":{"count":1,"data":{"created":1574870477250},"id":"registered"}}
{"recorder_version":"21","session":"bbbf8c45aeae","build":"192.6262.58","bucket":"189","time":1574870477247,"group":{"id":"vcs.diff.trigger","version":"1"},"event":{"count":1,"data":{"created":1574870477250},"id":"registered"}}
{"recorder_version":"21","session":"bbbf8c45aeae","build":"192.6262.58","bucket":"189","time":1574870477247,"group":{"id":"vcs.log.trigger","version":"2"},"event":{"count":1,"data":{"created":1574870477250},"id":"registered"}}
{"recorder_version":"21","session":"bbbf8c45aeae","build":"192.6262.58","bucket":"189","time":1574870477247,"group":{"id":"productivity","version":"21"},"event":{"count":1,"data":{"created":1574870477251},"id":"registered"}}
{"recorder_version":"21","session":"bbbf8c45aeae","build":"192.6262.58","bucket":"189","time":1574870477247,"group":{"id":"debugger.breakpoints.usage","version":"2"},"event":{"count":1,"data":{"created":1574870477251},"id":"registered"}}
{"recorder_version":"21","session":"bbbf8c45aeae","build":"192.6262.58","bucket":"189","time":1574870477247,"group":{"id":"kotlin.gradle.library","version":"1"},"event":{"count":1,"data":{"created":1574870477251},"id":"registered"}}
{"recorder_version":"21","session":"bbbf8c45aeae","build":"192.6262.58","bucket":"189","time":1574870477247,"group":{"id":"find","version":"1"},"event":{"count":1,"data":{"created":1574870477251},"id":"registered"}}
{"recorder_version":"21","session":"bbbf8c45aeae","build":"192.6262.58","bucket":"189","time":1574870477247,"group":{"id":"kotlin.gradle.target","version":"1"},"event":{"count":1,"data":{"created":1574870477251},"id":"registered"}}
{"recorder_version":"21","session":"bbbf8c45aeae","build":"192.6262.58","bucket":"189","time":1574870477247,"group":{"id":"gutter.icon.click","version":"1"},"event":{"count":1,"data":{"created":1574870477252},"id":"registered"}}
{"recorder_version":"21","session":"bbbf8c45aeae","build":"192.6262.58","bucket":"189","time":1574870477247,"group":{"id":"shell.script","version":"1"},"event":{"count":1,"data":{"created":1574870477252},"id":"registered"}}
{"recorder_version":"21","session":"bbbf8c45aeae","build":"192.6262.58","bucket":"189","time":1574870477247,"group":{"id":"kotlin.ide.debugger.eval","version":"1"},"event":{"count":1,"data":{"created":1574870477252},"id":"registered"}}
{"recorder_version":"21","session":"bbbf8c45aeae","build":"192.6262.58","bucket":"189","time":1574870477247,"group":{"id":"build.maven.actions","version":"1"},"event":{"count":1,"data":{"created":1574870477252},"id":"registered"}}
{"recorder_version":"21","session":"bbbf8c45aeae","build":"192.6262.58","bucket":"189","time":1574870477247,"group":{"id":"ui.event","version":"1"},"event":{"count":1,"data":{"created":1574870477252},"id":"registered"}}
{"recorder_version":"21","session":"bbbf8c45aeae","build":"192.6262.58","bucket":"189","time":1574870477247,"group":{"id":"new.project.wizard","version":"1"},"event":{"count":1,"data":{"created":1574870477252},"id":"registered"}}
{"recorder_version":"21","session":"bbbf8c45aeae","build":"192.6262.58","bucket":"189","time":1574870477247,"group":{"id":"kotlin.ide.npwizards","version":"1"},"event":{"count":1,"data":{"created":1574870477252},"id":"registered"}}
{"recorder_version":"21","session":"bbbf8c45aeae","build":"192.6262.58","bucket":"189","time":1574870477247,"group":{"id":"intentions","version":"21"},"event":{"count":1,"data":{"created":1574870477253},"id":"registered"}}
{"recorder_version":"21","session":"bbbf8c45aeae","build":"192.6262.58","bucket":"189","time":1574870477247,"group":{"id":"ui.dialogs","version":"21"},"event":{"count":1,"data":{"created":1574870477253},"id":"registered"}}
{"recorder_version":"21","session":"bbbf8c45aeae","build":"192.6262.58","bucket":"189","time":1574870477247,"group":{"id":"vcs.back.forward.trigger","version":"1"},"event":{"count":1,"data":{"created":1574870477253},"id":"registered"}}
{"recorder_version":"21","session":"bbbf8c45aeae","build":"192.6262.58","bucket":"189","time":1574870477247,"group":{"id":"vcs.change.reminder","version":"1"},"event":{"count":1,"data":{"created":1574870477253},"id":"registered"}}
{"recorder_version":"21","session":"bbbf8c45aeae","build":"192.6262.58","bucket":"189","time":1574870477247,"group":{"id":"toolbar","version":"21"},"event":{"count":1,"data":{"created":1574870477253},"id":"registered"}}
{"recorder_version":"21","session":"bbbf8c45aeae","build":"192.6262.58","bucket":"189","time":1574870477247,"group":{"id":"build.gradle.actions","version":"1"},"event":{"count":1,"data":{"created":1574870477253},"id":"registered"}}
{"recorder_version":"21","session":"bbbf8c45aeae","build":"192.6262.58","bucket":"189","time":1574870477247,"group":{"id":"kotlin.maven.target","version":"1"},"event":{"count":1,"data":{"created":1574870477253},"id":"registered"}}
{"recorder_version":"21","session":"bbbf8c45aeae","build":"192.6262.58","bucket":"189","time":1574870477247,"group":{"id":"performance","version":"21"},"event":{"count":1,"data":{"created":1574870477254},"id":"registered"}}
{"recorder_version":"21","session":"bbbf8c45aeae","build":"192.6262.58","bucket":"189","time":1574870477247,"group":{"id":"searchEverywhere","version":"1"},"event":{"count":1,"data":{"created":1574870477254},"id":"registered"}}
{"recorder_version":"21","session":"bbbf8c45aeae","build":"192.6262.58","bucket":"189","time":1574870477247,"group":{"id":"kotlin.ide.action.refactoring","version":"1"},"event":{"count":1,"data":{"created":1574870477254},"id":"registered"}}
{"recorder_version":"21","session":"bbbf8c45aeae","build":"192.6262.58","bucket":"189","time":1574870477247,"group":{"id":"ui.tips","version":"2"},"event":{"count":1,"data":{"created":1574870477254},"id":"registered"}}
{"recorder_version":"21","session":"bbbf8c45aeae","build":"192.6262.58","bucket":"189","time":1574870477247,"group":{"id":"surround.with","version":"1"},"event":{"count":1,"data":{"created":1574870477254},"id":"registered"}}
{"recorder_version":"21","session":"bbbf8c45aeae","build":"192.6262.58","bucket":"189","time":1574870477247,"group":{"id":"import.old.config","version":"1"},"event":{"count":1,"data":{"created":1574870477254},"id":"registered"}}
{"recorder_version":"21","session":"bbbf8c45aeae","build":"192.6262.58","bucket":"189","time":1574870477247,"group":{"id":"json.schema","version":"1"},"event":{"count":1,"data":{"created":1574870477255},"id":"registered"}}
{"recorder_version":"21","session":"bbbf8c45aeae","build":"192.6262.58","bucket":"189","time":1574870477247,"group":{"id":"kotlin.jps.target","version":"1"},"event":{"count":1,"data":{"created":1574870477255},"id":"registered"}}
{"recorder_version":"21","session":"bbbf8c45aeae","build":"192.6262.58","bucket":"189","time":1574870477247,"group":{"id":"terminalShell","version":"1"},"event":{"count":1,"data":{"created":1574870477255},"id":"registered"}}
{"recorder_version":"21","session":"bbbf8c45aeae","build":"192.6262.58","bucket":"189","time":1574870477247,"group":{"id":"completion.postfix","version":"21"},"event":{"count":1,"data":{"created":1574870477255},"id":"registered"}}
{"recorder_version":"21","session":"bbbf8c45aeae","build":"192.6262.58","bucket":"189","time":1574870477247,"group":{"id":"build.ant.actions","version":"1"},"event":{"count":1,"data":{"created":1574870477255},"id":"registered"}}
{"recorder_version":"21","session":"bbbf8c45aeae","build":"192.6262.58","bucket":"189","time":1574870477247,"group":{"id":"actions","version":"21"},"event":{"count":1,"data":{"created":1574870477255},"id":"registered"}}
{"recorder_version":"21","session":"bbbf8c45aeae","build":"192.6262.58","bucket":"189","time":1574870477247,"group":{"id":"event.log","version":"21"},"event":{"count":1,"data":{"created":1574870477255},"id":"registered"}}
{"recorder_version":"21","session":"bbbf8c45aeae","build":"192.6262.58","bucket":"189","time":1574870477247,"group":{"id":"run.configuration.exec","version":"21"},"event":{"count":1,"data":{"created":1574870477256},"id":"registered"}}
{"recorder_version":"21","session":"bbbf8c45aeae","build":"192.6262.58","bucket":"189","time":1574870477247,"group":{"id":"build.maven.packagesearch","version":"2"},"event":{"count":1,"data":{"created":1574870477256},"id":"registered"}}
{"recorder_version":"21","session":"bbbf8c45aeae","build":"192.6262.58","bucket":"189","time":1574870478675,"group":{"id":"performance","version":"21"},"event":{"count":1,"data":{"duration_ms":1,"created":1574870478675},"id":"ui.latency"}}
{"recorder_version":"21","session":"bbbf8c45aeae","build":"192.6262.58","bucket":"189","time":1574870579197,"group":{"id":"performance","version":"21"},"event":{"count":1,"data":{"duration_ms":0,"created":1574870579197},"id":"ui.latency"}}
{"recorder_version":"21","session":"bbbf8c45aeae","build":"192.6262.58","bucket":"189","time":1574870661205,"group":{"id":"lifecycle","version":"21"},"event":{"count":1,"data":{"created":1574870661206,"project":"e4f0f910608be7238c2f8896780738edb4a2ae426dbe035f2ad7abddd9f913d1"},"id":"frame.deactivated"}}
{"recorder_version":"21","session":"bbbf8c45aeae","build":"192.6262.58","bucket":"189","time":1574870679749,"group":{"id":"performance","version":"21"},"event":{"count":1,"data":{"duration_ms":1,"created":1574870679749},"id":"ui.latency"}}
{"recorder_version":"21","session":"bbbf8c45aeae","build":"192.6262.58","bucket":"189","time":1574871578003,"group":{"id":"performance","version":"21"},"event":{"count":1,"data":{"duration_ms":1,"created":1574871578003},"id":"ui.latency"}}
{"recorder_version":"21","session":"bbbf8c45aeae","build":"192.6262.58","bucket":"189","time":1574871714003,"group":{"id":"performance","version":"21"},"event":{"count":1,"data":{"duration_ms":1,"created":1574871714003},"id":"ui.latency"}}
{"recorder_version":"21","session":"bbbf8c45aeae","build":"192.6262.58","bucket":"189","time":1574871803525,"group":{"id":"lifecycle","version":"21"},"event":{"count":1,"data":{"created":1574871803525,"project":"e4f0f910608be7238c2f8896780738edb4a2ae426dbe035f2ad7abddd9f913d1"},"id":"frame.activated"}}
{"recorder_version":"21","session":"bbbf8c45aeae","build":"192.6262.58","bucket":"189","time":1574871806793,"group":{"id":"lifecycle","version":"21"},"event":{"count":1,"data":{"restart":false,"created":1574871806793},"id":"ide.close"}}
{"recorder_version":"21","session":"bbbf8c45aeae","build":"192.6262.58","bucket":"189","time":1574871806796,"group":{"id":"lifecycle","version":"21"},"event":{"count":1,"data":{"created":1574871806796,"project":"e4f0f910608be7238c2f8896780738edb4a2ae426dbe035f2ad7abddd9f913d1"},"id":"frame.deactivated"}}
{"recorder_version":"21","session":"bbbf8c45aeae","build":"192.6262.58","bucket":"189","time":1574871806867,"group":{"id":"lifecycle","version":"21"},"event":{"count":1,"data":{"created":1574871806868,"project":"e4f0f910608be7238c2f8896780738edb4a2ae426dbe035f2ad7abddd9f913d1"},"id":"frame.activated"}}
{"recorder_version":"21","session":"bbbf8c45aeae","build":"192.6262.58","bucket":"189","time":1574871806913,"group":{"id":"lifecycle","version":"21"},"event":{"count":1,"data":{"created":1574871806913,"project":"e4f0f910608be7238c2f8896780738edb4a2ae426dbe035f2ad7abddd9f913d1"},"id":"project.closed"}}
