{"recorder_version":"21","session":"7016766fd514","build":"192.6262.58","bucket":"189","time":1574785267905,"group":{"id":"settings","version":"4"},"event":{"state":true,"data":{"component":"NotRoamableUiSettings","created":1574785268085},"id":"invoked"}}
{"recorder_version":"21","session":"7016766fd514","build":"192.6262.58","bucket":"189","time":1574785267907,"group":{"id":"system.java","version":"1"},"event":{"state":true,"data":{"created":1574785268087,"version":"1.11"},"id":"JetBrains"}}
{"recorder_version":"21","session":"7016766fd514","build":"192.6262.58","bucket":"189","time":1574785267907,"group":{"id":"system.java","version":"1"},"event":{"state":true,"data":{"created":1574785268097},"id":"invoked"}}
{"recorder_version":"21","session":"7016766fd514","build":"192.6262.58","bucket":"189","time":1574785267907,"group":{"id":"settings","version":"4"},"event":{"state":true,"data":{"component":"UISettings","created":1574785268097},"id":"invoked"}}
{"recorder_version":"21","session":"7016766fd514","build":"192.6262.58","bucket":"189","time":1574785267944,"group":{"id":"system.os","version":"3"},"event":{"state":true,"data":{"created":1574785268098,"version":"10.14"},"id":"Mac"}}
{"recorder_version":"21","session":"7016766fd514","build":"192.6262.58","bucket":"189","time":1574785267944,"group":{"id":"system.os","version":"3"},"event":{"state":true,"data":{"created":1574785268099,"name":"Mac","version":"10.14"},"id":"os.name"}}
{"recorder_version":"21","session":"7016766fd514","build":"192.6262.58","bucket":"189","time":1574785267944,"group":{"id":"system.os","version":"3"},"event":{"state":true,"data":{"created":1574785268101,"value":"+09_00"},"id":"os.timezone"}}
{"recorder_version":"21","session":"7016766fd514","build":"192.6262.58","bucket":"189","time":1574785267944,"group":{"id":"system.os","version":"3"},"event":{"state":true,"data":{"created":1574785268101},"id":"invoked"}}
{"recorder_version":"21","session":"7016766fd514","build":"192.6262.58","bucket":"189","time":1574785268085,"group":{"id":"event.log","version":"21"},"event":{"count":1,"data":{"created":1574785268102,"version":"925.0"},"id":"whitelist.loaded"}}
{"recorder_version":"21","session":"7016766fd514","build":"192.6262.58","bucket":"189","time":1574785270316,"group":{"id":"settings","version":"4"},"event":{"state":true,"data":{"component":"UpdatesConfigurable","created":1574785270316,"name":"checkNeeded","type":"bool","value":false},"id":"not.default"}}
{"recorder_version":"21","session":"7016766fd514","build":"192.6262.58","bucket":"189","time":1574785270316,"group":{"id":"settings","version":"4"},"event":{"state":true,"data":{"component":"UpdatesConfigurable","created":1574785270321},"id":"invoked"}}
{"recorder_version":"21","session":"7016766fd514","build":"192.6262.58","bucket":"189","time":1574785270441,"group":{"id":"settings","version":"4"},"event":{"state":true,"data":{"component":"GeneralSettings","created":1574785270442,"name":"confirmExit","type":"bool","value":false},"id":"not.default"}}
{"recorder_version":"21","session":"7016766fd514","build":"192.6262.58","bucket":"189","time":1574785270441,"group":{"id":"settings","version":"4"},"event":{"state":true,"data":{"component":"GeneralSettings","created":1574785270443,"name":"showTipsOnStartup","type":"bool","value":false},"id":"not.default"}}
{"recorder_version":"21","session":"7016766fd514","build":"192.6262.58","bucket":"189","time":1574785270442,"group":{"id":"settings","version":"4"},"event":{"state":true,"data":{"component":"GeneralSettings","created":1574785270444},"id":"invoked"}}
{"recorder_version":"21","session":"7016766fd514","build":"192.6262.58","bucket":"189","time":1574785270447,"group":{"id":"lifecycle","version":"21"},"event":{"count":1,"data":{"internal":true,"eap":false,"created":1574785270448},"id":"ide.start"}}
{"recorder_version":"21","session":"7016766fd514","build":"192.6262.58","bucket":"189","time":1574785270718,"group":{"id":"lifecycle","version":"21"},"event":{"count":1,"data":{"created":1574785270718},"id":"frame.activated"}}
{"recorder_version":"21","session":"7016766fd514","build":"192.6262.58","bucket":"189","time":1574785270986,"group":{"id":"performance","version":"21"},"event":{"count":1,"data":{"duration_ms":1,"created":1574785270987},"id":"ui.latency"}}
{"recorder_version":"21","session":"7016766fd514","build":"192.6262.58","bucket":"189","time":1574785271166,"group":{"id":"ui.dialogs","version":"21"},"event":{"count":1,"data":{"created":1574785271166,"plugin_type":"PLATFORM","type":"show"},"id":"com.intellij.openapi.progress.util.ProgressDialog$MyDialogWrapper"}}
{"recorder_version":"21","session":"7016766fd514","build":"192.6262.58","bucket":"189","time":1574785272097,"group":{"id":"lifecycle","version":"21"},"event":{"count":1,"data":{"created":1574785272097,"project":"92ddc83aceaa9edad1485397ccc1680a8fd16623aa2c155379eac4aafdb2a559"},"id":"project.opened"}}
{"recorder_version":"21","session":"7016766fd514","build":"192.6262.58","bucket":"189","time":1574785273644,"group":{"id":"settings","version":"4"},"event":{"state":true,"data":{"component":"XmlEditorOptions","created":1574785273645},"id":"invoked"}}
{"recorder_version":"21","session":"7016766fd514","build":"192.6262.58","bucket":"189","time":1574785273818,"group":{"id":"toolwindow","version":"21"},"event":{"count":1,"data":{"os":"Mac","created":1574785273818,"plugin_type":"PLATFORM"},"id":"Project"}}
{"recorder_version":"21","session":"7016766fd514","build":"192.6262.58","bucket":"189","time":1574785274181,"group":{"id":"performance","version":"21"},"event":{"count":1,"data":{"duration_ms":191,"created":1574785274182},"id":"ui.lagging"}}
{"recorder_version":"21","session":"7016766fd514","build":"192.6262.58","bucket":"189","time":1574785275816,"group":{"id":"project.fs","version":"1"},"event":{"state":true,"data":{"os":"Mac","cs-project":false,"created":1574785275816,"project":"92ddc83aceaa9edad1485397ccc1680a8fd16623aa2c155379eac4aafdb2a559","cs-implicit":true,"cs-system":false},"id":"case-sensitivity"}}
{"recorder_version":"21","session":"7016766fd514","build":"192.6262.58","bucket":"189","time":1574785275816,"group":{"id":"project.fs","version":"1"},"event":{"state":true,"data":{"created":1574785275816},"id":"invoked"}}
{"recorder_version":"21","session":"7016766fd514","build":"192.6262.58","bucket":"189","time":1574785275816,"group":{"id":"project.fs","version":"1"},"event":{"state":true,"data":{"pct-non-watched":0,"created":1574785275817,"project":"92ddc83aceaa9edad1485397ccc1680a8fd16623aa2c155379eac4aafdb2a559"},"id":"roots-watched"}}
{"recorder_version":"21","session":"7016766fd514","build":"192.6262.58","bucket":"189","time":1574785275816,"group":{"id":"project.fs","version":"1"},"event":{"state":true,"data":{"created":1574785275817},"id":"invoked"}}
{"recorder_version":"21","session":"7016766fd514","build":"192.6262.58","bucket":"189","time":1574785275891,"group":{"id":"ui.dialogs","version":"21"},"event":{"count":1,"data":{"code":1,"created":1574785275892,"plugin_type":"PLATFORM","type":"close"},"id":"com.intellij.openapi.progress.util.ProgressDialog$MyDialogWrapper"}}
{"recorder_version":"21","session":"7016766fd514","build":"192.6262.58","bucket":"189","time":1574785276042,"group":{"id":"lifecycle","version":"21"},"event":{"count":1,"data":{"duration_ms":5133,"created":1574785276043,"project":"92ddc83aceaa9edad1485397ccc1680a8fd16623aa2c155379eac4aafdb2a559"},"id":"project.opening.finished"}}
{"recorder_version":"21","session":"7016766fd514","build":"192.6262.58","bucket":"189","time":1574785277785,"group":{"id":"kotlin.jps.target","version":"1"},"event":{"count":1,"data":{"plugin_version":"1.3.41-release-IJ2019.2-1","created":1574785277785},"id":"jvm"}}
{"recorder_version":"21","session":"7016766fd514","build":"192.6262.58","bucket":"189","time":1574785278574,"group":{"id":"file.types.usage","version":"21"},"event":{"count":1,"data":{"created":1574785278574,"plugin_type":"PLATFORM","project":"92ddc83aceaa9edad1485397ccc1680a8fd16623aa2c155379eac4aafdb2a559","type":"edit"},"id":"IDEA_MODULE"}}
{"recorder_version":"21","session":"7016766fd514","build":"192.6262.58","bucket":"189","time":1574785279873,"group":{"id":"actions","version":"21"},"event":{"count":1,"data":{"context_menu":false,"current_file":"TEXT","created":1574785279874,"plugin_type":"PLATFORM","project":"92ddc83aceaa9edad1485397ccc1680a8fd16623aa2c155379eac4aafdb2a559","place":"keyboard_shortcut","class":"com.intellij.openapi.editor.actions.BackspaceAction","input_event":"Backspace"},"id":"EditorBackSpace"}}
{"recorder_version":"21","session":"7016766fd514","build":"192.6262.58","bucket":"189","time":1574785281352,"group":{"id":"actions","version":"21"},"event":{"count":5,"data":{"context_menu":false,"last":1574785282677,"current_file":"TEXT","created":1574785281352,"plugin_type":"PLATFORM","project":"92ddc83aceaa9edad1485397ccc1680a8fd16623aa2c155379eac4aafdb2a559","place":"keyboard_shortcut","class":"com.intellij.openapi.editor.actions.EnterAction","input_event":"Enter"},"id":"EditorEnter"}}
{"recorder_version":"21","session":"7016766fd514","build":"192.6262.58","bucket":"189","time":1574785309457,"group":{"id":"lifecycle","version":"21"},"event":{"count":1,"data":{"created":1574785309457,"project":"92ddc83aceaa9edad1485397ccc1680a8fd16623aa2c155379eac4aafdb2a559"},"id":"frame.deactivated"}}
{"recorder_version":"21","session":"7016766fd514","build":"192.6262.58","bucket":"189","time":1574785333096,"group":{"id":"lifecycle","version":"21"},"event":{"count":1,"data":{"created":1574785333097,"project":"92ddc83aceaa9edad1485397ccc1680a8fd16623aa2c155379eac4aafdb2a559"},"id":"frame.activated"}}
{"recorder_version":"21","session":"7016766fd514","build":"192.6262.58","bucket":"189","time":1574785333366,"group":{"id":"lifecycle","version":"21"},"event":{"count":1,"data":{"restart":false,"created":1574785333366},"id":"ide.close"}}
{"recorder_version":"21","session":"7016766fd514","build":"192.6262.58","bucket":"189","time":1574785333447,"group":{"id":"lifecycle","version":"21"},"event":{"count":1,"data":{"created":1574785333447,"project":"92ddc83aceaa9edad1485397ccc1680a8fd16623aa2c155379eac4aafdb2a559"},"id":"project.closed"}}
