{"recorder_version":"21","session":"1181eec25cdc","build":"192.6262.58","bucket":"189","time":1575132194024,"group":{"id":"settings","version":"4"},"event":{"state":true,"data":{"component":"NotRoamableUiSettings","created":1575132194179},"id":"invoked"}}
{"recorder_version":"21","session":"1181eec25cdc","build":"192.6262.58","bucket":"189","time":1575132194025,"group":{"id":"settings","version":"4"},"event":{"state":true,"data":{"component":"UISettings","created":1575132194181},"id":"invoked"}}
{"recorder_version":"21","session":"1181eec25cdc","build":"192.6262.58","bucket":"189","time":1575132194026,"group":{"id":"system.java","version":"1"},"event":{"state":true,"data":{"created":1575132194186,"version":"1.11"},"id":"JetBrains"}}
{"recorder_version":"21","session":"1181eec25cdc","build":"192.6262.58","bucket":"189","time":1575132194026,"group":{"id":"system.java","version":"1"},"event":{"state":true,"data":{"created":1575132194187},"id":"invoked"}}
{"recorder_version":"21","session":"1181eec25cdc","build":"192.6262.58","bucket":"189","time":1575132194047,"group":{"id":"system.os","version":"3"},"event":{"state":true,"data":{"created":1575132194188,"version":"10.14"},"id":"Mac"}}
{"recorder_version":"21","session":"1181eec25cdc","build":"192.6262.58","bucket":"189","time":1575132194047,"group":{"id":"system.os","version":"3"},"event":{"state":true,"data":{"created":1575132194190,"name":"Mac","version":"10.14"},"id":"os.name"}}
{"recorder_version":"21","session":"1181eec25cdc","build":"192.6262.58","bucket":"189","time":1575132194047,"group":{"id":"system.os","version":"3"},"event":{"state":true,"data":{"created":1575132194191,"value":"+09_00"},"id":"os.timezone"}}
{"recorder_version":"21","session":"1181eec25cdc","build":"192.6262.58","bucket":"189","time":1575132194047,"group":{"id":"system.os","version":"3"},"event":{"state":true,"data":{"created":1575132194192},"id":"invoked"}}
{"recorder_version":"21","session":"1181eec25cdc","build":"192.6262.58","bucket":"189","time":1575132194179,"group":{"id":"event.log","version":"21"},"event":{"count":1,"data":{"created":1575132194192,"version":"942.0"},"id":"whitelist.loaded"}}
{"recorder_version":"21","session":"1181eec25cdc","build":"192.6262.58","bucket":"189","time":1575132196433,"group":{"id":"settings","version":"4"},"event":{"state":true,"data":{"component":"UpdatesConfigurable","created":1575132196434,"name":"checkNeeded","type":"bool","value":false},"id":"not.default"}}
{"recorder_version":"21","session":"1181eec25cdc","build":"192.6262.58","bucket":"189","time":1575132196434,"group":{"id":"settings","version":"4"},"event":{"state":true,"data":{"component":"UpdatesConfigurable","created":1575132196435},"id":"invoked"}}
{"recorder_version":"21","session":"1181eec25cdc","build":"192.6262.58","bucket":"189","time":1575132196915,"group":{"id":"lifecycle","version":"21"},"event":{"count":1,"data":{"internal":true,"eap":false,"created":1575132196916},"id":"ide.start"}}
{"recorder_version":"21","session":"1181eec25cdc","build":"192.6262.58","bucket":"189","time":1575132196917,"group":{"id":"settings","version":"4"},"event":{"state":true,"data":{"component":"GeneralSettings","created":1575132196917,"name":"confirmExit","type":"bool","value":false},"id":"not.default"}}
{"recorder_version":"21","session":"1181eec25cdc","build":"192.6262.58","bucket":"189","time":1575132196917,"group":{"id":"settings","version":"4"},"event":{"state":true,"data":{"component":"GeneralSettings","created":1575132196918,"name":"showTipsOnStartup","type":"bool","value":false},"id":"not.default"}}
{"recorder_version":"21","session":"1181eec25cdc","build":"192.6262.58","bucket":"189","time":1575132196917,"group":{"id":"settings","version":"4"},"event":{"state":true,"data":{"component":"GeneralSettings","created":1575132196918},"id":"invoked"}}
{"recorder_version":"21","session":"1181eec25cdc","build":"192.6262.58","bucket":"189","time":1575132197019,"group":{"id":"performance","version":"21"},"event":{"count":1,"data":{"duration_ms":70,"created":1575132197019},"id":"ui.latency"}}
{"recorder_version":"21","session":"1181eec25cdc","build":"192.6262.58","bucket":"189","time":1575132197504,"group":{"id":"settings","version":"4"},"event":{"state":true,"data":{"component":"XmlEditorOptions","created":1575132197504},"id":"invoked"}}
{"recorder_version":"21","session":"1181eec25cdc","build":"192.6262.58","bucket":"189","time":1575132198581,"group":{"id":"ui.dialogs","version":"21"},"event":{"count":1,"data":{"created":1575132198582,"plugin_type":"PLATFORM","type":"show"},"id":"com.intellij.openapi.progress.util.ProgressDialog$MyDialogWrapper"}}
{"recorder_version":"21","session":"1181eec25cdc","build":"192.6262.58","bucket":"189","time":1575132199389,"group":{"id":"lifecycle","version":"21"},"event":{"count":1,"data":{"created":1575132199389,"project":"4452600da3b350ab41d92ae108c2baae6ff0ac3ddb31bd67020ee046ec77ac09"},"id":"project.opened"}}
{"recorder_version":"21","session":"1181eec25cdc","build":"192.6262.58","bucket":"189","time":1575132201093,"group":{"id":"performance","version":"21"},"event":{"count":1,"data":{"duration_ms":136,"created":1575132201093},"id":"ui.lagging"}}
{"recorder_version":"21","session":"1181eec25cdc","build":"192.6262.58","bucket":"189","time":1575132201157,"group":{"id":"toolwindow","version":"21"},"event":{"count":1,"data":{"os":"Mac","created":1575132201157,"plugin_type":"PLATFORM"},"id":"Project"}}
{"recorder_version":"21","session":"1181eec25cdc","build":"192.6262.58","bucket":"189","time":1575132202088,"group":{"id":"performance","version":"21"},"event":{"count":1,"data":{"duration_ms":130,"created":1575132202088},"id":"ui.lagging"}}
{"recorder_version":"21","session":"1181eec25cdc","build":"192.6262.58","bucket":"189","time":1575132203089,"group":{"id":"project.fs","version":"1"},"event":{"state":true,"data":{"os":"Mac","cs-project":false,"created":1575132203089,"project":"4452600da3b350ab41d92ae108c2baae6ff0ac3ddb31bd67020ee046ec77ac09","cs-implicit":true,"cs-system":false},"id":"case-sensitivity"}}
{"recorder_version":"21","session":"1181eec25cdc","build":"192.6262.58","bucket":"189","time":1575132203089,"group":{"id":"project.fs","version":"1"},"event":{"state":true,"data":{"created":1575132203089},"id":"invoked"}}
{"recorder_version":"21","session":"1181eec25cdc","build":"192.6262.58","bucket":"189","time":1575132203090,"group":{"id":"project.fs","version":"1"},"event":{"state":true,"data":{"pct-non-watched":0,"created":1575132203090,"project":"4452600da3b350ab41d92ae108c2baae6ff0ac3ddb31bd67020ee046ec77ac09"},"id":"roots-watched"}}
{"recorder_version":"21","session":"1181eec25cdc","build":"192.6262.58","bucket":"189","time":1575132203090,"group":{"id":"project.fs","version":"1"},"event":{"state":true,"data":{"created":1575132203091},"id":"invoked"}}
{"recorder_version":"21","session":"1181eec25cdc","build":"192.6262.58","bucket":"189","time":1575132203185,"group":{"id":"ui.dialogs","version":"21"},"event":{"count":1,"data":{"code":1,"created":1575132203186,"plugin_type":"PLATFORM","type":"close"},"id":"com.intellij.openapi.progress.util.ProgressDialog$MyDialogWrapper"}}
{"recorder_version":"21","session":"1181eec25cdc","build":"192.6262.58","bucket":"189","time":1575132203335,"group":{"id":"lifecycle","version":"21"},"event":{"count":1,"data":{"duration_ms":5036,"created":1575132203336,"project":"4452600da3b350ab41d92ae108c2baae6ff0ac3ddb31bd67020ee046ec77ac09"},"id":"project.opening.finished"}}
{"recorder_version":"21","session":"1181eec25cdc","build":"192.6262.58","bucket":"189","time":1575132205055,"group":{"id":"kotlin.jps.target","version":"1"},"event":{"count":2,"data":{"plugin_version":"validation.undefined_rule","last":1575132205077,"created":1575132205056},"id":"validation.undefined_rule"}}
{"recorder_version":"21","session":"1181eec25cdc","build":"192.6262.58","bucket":"189","time":1575132205650,"group":{"id":"file.types.usage","version":"21"},"event":{"count":1,"data":{"plugin":"com.intellij.java","created":1575132205650,"plugin_type":"JB_BUNDLED","project":"4452600da3b350ab41d92ae108c2baae6ff0ac3ddb31bd67020ee046ec77ac09","type":"edit"},"id":"JAVA"}}
{"recorder_version":"21","session":"1181eec25cdc","build":"192.6262.58","bucket":"189","time":1575132205722,"group":{"id":"vcs.change.reminder","version":"1"},"event":{"count":1,"data":{"created":1575132205722,"project":"4452600da3b350ab41d92ae108c2baae6ff0ac3ddb31bd67020ee046ec77ac09","execution_time":215},"id":"prediction.calculated"}}
{"recorder_version":"21","session":"1181eec25cdc","build":"192.6262.58","bucket":"189","time":1575132219387,"group":{"id":"file.types.usage","version":"21"},"event":{"count":2,"data":{"plugin":"com.intellij.java","last":1575132221206,"created":1575132219387,"plugin_type":"JB_BUNDLED","project":"4452600da3b350ab41d92ae108c2baae6ff0ac3ddb31bd67020ee046ec77ac09","type":"open"},"id":"JAVA"}}
{"recorder_version":"21","session":"1181eec25cdc","build":"192.6262.58","bucket":"189","time":1575132222923,"group":{"id":"file.types.usage","version":"21"},"event":{"count":1,"data":{"plugin":"com.intellij.java","created":1575132222923,"plugin_type":"JB_BUNDLED","project":"4452600da3b350ab41d92ae108c2baae6ff0ac3ddb31bd67020ee046ec77ac09","type":"edit"},"id":"JAVA"}}
{"recorder_version":"21","session":"1181eec25cdc","build":"192.6262.58","bucket":"189","time":1575132227021,"group":{"id":"lifecycle","version":"21"},"event":{"count":1,"data":{"created":1575132227021,"project":"4452600da3b350ab41d92ae108c2baae6ff0ac3ddb31bd67020ee046ec77ac09"},"id":"frame.deactivated"}}
{"recorder_version":"21","session":"1181eec25cdc","build":"192.6262.58","bucket":"189","time":1575132241610,"group":{"id":"lifecycle","version":"21"},"event":{"count":1,"data":{"created":1575132241610,"project":"4452600da3b350ab41d92ae108c2baae6ff0ac3ddb31bd67020ee046ec77ac09"},"id":"frame.activated"}}
{"recorder_version":"21","session":"1181eec25cdc","build":"192.6262.58","bucket":"189","time":1575132241953,"group":{"id":"file.types.usage","version":"21"},"event":{"count":2,"data":{"plugin":"com.intellij.java","last":1575132242977,"created":1575132241953,"plugin_type":"JB_BUNDLED","project":"4452600da3b350ab41d92ae108c2baae6ff0ac3ddb31bd67020ee046ec77ac09","type":"open"},"id":"JAVA"}}
{"recorder_version":"21","session":"1181eec25cdc","build":"192.6262.58","bucket":"189","time":1575132245532,"group":{"id":"toolwindow","version":"21"},"event":{"count":1,"data":{"os":"Mac","created":1575132245536,"plugin_type":"NOT_LISTED"},"id":"third.party"}}
{"recorder_version":"21","session":"1181eec25cdc","build":"192.6262.58","bucket":"189","time":1575132248521,"group":{"id":"file.types.usage","version":"21"},"event":{"count":1,"data":{"plugin":"com.intellij.java","created":1575132248521,"plugin_type":"JB_BUNDLED","project":"4452600da3b350ab41d92ae108c2baae6ff0ac3ddb31bd67020ee046ec77ac09","type":"edit"},"id":"JAVA"}}
{"recorder_version":"21","session":"1181eec25cdc","build":"192.6262.58","bucket":"189","time":1575132290016,"group":{"id":"lifecycle","version":"21"},"event":{"count":1,"data":{"created":1575132290017,"project":"4452600da3b350ab41d92ae108c2baae6ff0ac3ddb31bd67020ee046ec77ac09"},"id":"frame.deactivated"}}
{"recorder_version":"21","session":"1181eec25cdc","build":"192.6262.58","bucket":"189","time":1575132297230,"group":{"id":"performance","version":"21"},"event":{"count":1,"data":{"duration_ms":1,"created":1575132297230},"id":"ui.latency"}}
{"recorder_version":"21","session":"1181eec25cdc","build":"192.6262.58","bucket":"189","time":1575132317666,"group":{"id":"lifecycle","version":"21"},"event":{"count":1,"data":{"created":1575132317666,"project":"4452600da3b350ab41d92ae108c2baae6ff0ac3ddb31bd67020ee046ec77ac09"},"id":"frame.activated"}}
{"recorder_version":"21","session":"1181eec25cdc","build":"192.6262.58","bucket":"189","time":1575132317926,"group":{"id":"lifecycle","version":"21"},"event":{"count":1,"data":{"restart":false,"created":1575132317926},"id":"ide.close"}}
{"recorder_version":"21","session":"1181eec25cdc","build":"192.6262.58","bucket":"189","time":1575132318099,"group":{"id":"lifecycle","version":"21"},"event":{"count":1,"data":{"created":1575132318099,"project":"4452600da3b350ab41d92ae108c2baae6ff0ac3ddb31bd67020ee046ec77ac09"},"id":"project.closed"}}
