{"recorder_version":"21","session":"d1b18804a526","build":"192.6262.58","bucket":"189","time":1574438619544,"group":{"id":"settings","version":"4"},"event":{"state":true,"data":{"component":"NotRoamableUiSettings","created":1574438619711},"id":"invoked"}}
{"recorder_version":"21","session":"d1b18804a526","build":"192.6262.58","bucket":"189","time":1574438619547,"group":{"id":"system.java","version":"1"},"event":{"state":true,"data":{"created":1574438619713,"version":"1.11"},"id":"JetBrains"}}
{"recorder_version":"21","session":"d1b18804a526","build":"192.6262.58","bucket":"189","time":1574438619547,"group":{"id":"system.java","version":"1"},"event":{"state":true,"data":{"created":1574438619720},"id":"invoked"}}
{"recorder_version":"21","session":"d1b18804a526","build":"192.6262.58","bucket":"189","time":1574438619547,"group":{"id":"settings","version":"4"},"event":{"state":true,"data":{"component":"UISettings","created":1574438619721},"id":"invoked"}}
{"recorder_version":"21","session":"d1b18804a526","build":"192.6262.58","bucket":"189","time":1574438619578,"group":{"id":"system.os","version":"3"},"event":{"state":true,"data":{"created":1574438619722,"version":"10.14"},"id":"Mac"}}
{"recorder_version":"21","session":"d1b18804a526","build":"192.6262.58","bucket":"189","time":1574438619578,"group":{"id":"system.os","version":"3"},"event":{"state":true,"data":{"created":1574438619723,"name":"Mac","version":"10.14"},"id":"os.name"}}
{"recorder_version":"21","session":"d1b18804a526","build":"192.6262.58","bucket":"189","time":1574438619578,"group":{"id":"system.os","version":"3"},"event":{"state":true,"data":{"created":1574438619724,"value":"+09_00"},"id":"os.timezone"}}
{"recorder_version":"21","session":"d1b18804a526","build":"192.6262.58","bucket":"189","time":1574438619578,"group":{"id":"system.os","version":"3"},"event":{"state":true,"data":{"created":1574438619724},"id":"invoked"}}
{"recorder_version":"21","session":"d1b18804a526","build":"192.6262.58","bucket":"189","time":1574438619711,"group":{"id":"event.log","version":"21"},"event":{"count":1,"data":{"created":1574438619725,"version":"916.0"},"id":"whitelist.loaded"}}
{"recorder_version":"21","session":"d1b18804a526","build":"192.6262.58","bucket":"189","time":1574438621949,"group":{"id":"settings","version":"4"},"event":{"state":true,"data":{"component":"UpdatesConfigurable","created":1574438621949,"name":"checkNeeded","type":"bool","value":false},"id":"not.default"}}
{"recorder_version":"21","session":"d1b18804a526","build":"192.6262.58","bucket":"189","time":1574438621949,"group":{"id":"settings","version":"4"},"event":{"state":true,"data":{"component":"UpdatesConfigurable","created":1574438621950},"id":"invoked"}}
{"recorder_version":"21","session":"d1b18804a526","build":"192.6262.58","bucket":"189","time":1574438622067,"group":{"id":"settings","version":"4"},"event":{"state":true,"data":{"component":"GeneralSettings","created":1574438622068,"name":"confirmExit","type":"bool","value":false},"id":"not.default"}}
{"recorder_version":"21","session":"d1b18804a526","build":"192.6262.58","bucket":"189","time":1574438622067,"group":{"id":"settings","version":"4"},"event":{"state":true,"data":{"component":"GeneralSettings","created":1574438622068,"name":"showTipsOnStartup","type":"bool","value":false},"id":"not.default"}}
{"recorder_version":"21","session":"d1b18804a526","build":"192.6262.58","bucket":"189","time":1574438622067,"group":{"id":"settings","version":"4"},"event":{"state":true,"data":{"component":"GeneralSettings","created":1574438622069},"id":"invoked"}}
{"recorder_version":"21","session":"d1b18804a526","build":"192.6262.58","bucket":"189","time":1574438622075,"group":{"id":"lifecycle","version":"21"},"event":{"count":1,"data":{"internal":true,"eap":false,"created":1574438622075},"id":"ide.start"}}
{"recorder_version":"21","session":"d1b18804a526","build":"192.6262.58","bucket":"189","time":1574438622386,"group":{"id":"lifecycle","version":"21"},"event":{"count":1,"data":{"created":1574438622386},"id":"frame.activated"}}
{"recorder_version":"21","session":"d1b18804a526","build":"192.6262.58","bucket":"189","time":1574438622602,"group":{"id":"performance","version":"21"},"event":{"count":1,"data":{"duration_ms":0,"created":1574438622603},"id":"ui.latency"}}
{"recorder_version":"21","session":"d1b18804a526","build":"192.6262.58","bucket":"189","time":1574438622868,"group":{"id":"ui.dialogs","version":"21"},"event":{"count":1,"data":{"created":1574438622868,"plugin_type":"PLATFORM","type":"show"},"id":"com.intellij.openapi.progress.util.ProgressDialog$MyDialogWrapper"}}
{"recorder_version":"21","session":"d1b18804a526","build":"192.6262.58","bucket":"189","time":1574438624039,"group":{"id":"lifecycle","version":"21"},"event":{"count":1,"data":{"created":1574438624039,"project":"a0f12fb42952fc36a102045bdbb22ad1f15aa9443e9c675024683f4da70c8bc4"},"id":"project.opened"}}
{"recorder_version":"21","session":"d1b18804a526","build":"192.6262.58","bucket":"189","time":1574438625682,"group":{"id":"settings","version":"4"},"event":{"state":true,"data":{"component":"XmlEditorOptions","created":1574438625682},"id":"invoked"}}
{"recorder_version":"21","session":"d1b18804a526","build":"192.6262.58","bucket":"189","time":1574438625736,"group":{"id":"performance","version":"21"},"event":{"count":1,"data":{"duration_ms":127,"created":1574438625736},"id":"ui.lagging"}}
{"recorder_version":"21","session":"d1b18804a526","build":"192.6262.58","bucket":"189","time":1574438625827,"group":{"id":"toolwindow","version":"21"},"event":{"count":1,"data":{"os":"Mac","created":1574438625828,"plugin_type":"PLATFORM"},"id":"Project"}}
{"recorder_version":"21","session":"d1b18804a526","build":"192.6262.58","bucket":"189","time":1574438628177,"group":{"id":"project.fs","version":"1"},"event":{"state":true,"data":{"os":"Mac","cs-project":false,"created":1574438628177,"project":"a0f12fb42952fc36a102045bdbb22ad1f15aa9443e9c675024683f4da70c8bc4","cs-implicit":true,"cs-system":false},"id":"case-sensitivity"}}
{"recorder_version":"21","session":"d1b18804a526","build":"192.6262.58","bucket":"189","time":1574438628178,"group":{"id":"project.fs","version":"1"},"event":{"state":true,"data":{"created":1574438628178},"id":"invoked"}}
{"recorder_version":"21","session":"d1b18804a526","build":"192.6262.58","bucket":"189","time":1574438628179,"group":{"id":"project.fs","version":"1"},"event":{"state":true,"data":{"pct-non-watched":0,"created":1574438628179,"project":"a0f12fb42952fc36a102045bdbb22ad1f15aa9443e9c675024683f4da70c8bc4"},"id":"roots-watched"}}
{"recorder_version":"21","session":"d1b18804a526","build":"192.6262.58","bucket":"189","time":1574438628179,"group":{"id":"project.fs","version":"1"},"event":{"state":true,"data":{"created":1574438628179},"id":"invoked"}}
{"recorder_version":"21","session":"d1b18804a526","build":"192.6262.58","bucket":"189","time":1574438628204,"group":{"id":"ui.dialogs","version":"21"},"event":{"count":1,"data":{"code":1,"created":1574438628205,"plugin_type":"PLATFORM","type":"close"},"id":"com.intellij.openapi.progress.util.ProgressDialog$MyDialogWrapper"}}
{"recorder_version":"21","session":"d1b18804a526","build":"192.6262.58","bucket":"189","time":1574438628382,"group":{"id":"lifecycle","version":"21"},"event":{"count":1,"data":{"duration_ms":5771,"created":1574438628382,"project":"a0f12fb42952fc36a102045bdbb22ad1f15aa9443e9c675024683f4da70c8bc4"},"id":"project.opening.finished"}}
{"recorder_version":"21","session":"d1b18804a526","build":"192.6262.58","bucket":"189","time":1574438628808,"group":{"id":"performance","version":"21"},"event":{"count":1,"data":{"duration_ms":195,"created":1574438628808},"id":"ui.lagging"}}
{"recorder_version":"21","session":"d1b18804a526","build":"192.6262.58","bucket":"189","time":1574438630406,"group":{"id":"kotlin.jps.target","version":"1"},"event":{"count":1,"data":{"plugin_version":"1.3.41-release-IJ2019.2-1","created":1574438630407},"id":"jvm"}}
{"recorder_version":"21","session":"d1b18804a526","build":"192.6262.58","bucket":"189","time":1574438632061,"group":{"id":"file.types.usage","version":"21"},"event":{"count":1,"data":{"plugin":"com.intellij.java","created":1574438632061,"plugin_type":"JB_BUNDLED","project":"a0f12fb42952fc36a102045bdbb22ad1f15aa9443e9c675024683f4da70c8bc4","type":"edit"},"id":"JAVA"}}
{"recorder_version":"21","session":"d1b18804a526","build":"192.6262.58","bucket":"189","time":1574438633502,"group":{"id":"actions","version":"21"},"event":{"count":14,"data":{"context_menu":false,"last":1574438642999,"created":1574438633502,"plugin_type":"PLATFORM","project":"a0f12fb42952fc36a102045bdbb22ad1f15aa9443e9c675024683f4da70c8bc4","place":"keyboard_shortcut","class":"com.intellij.openapi.editor.actions.BackspaceAction","input_event":"Backspace"},"id":"EditorBackSpace"}}
{"recorder_version":"21","session":"d1b18804a526","build":"192.6262.58","bucket":"189","time":1574438649196,"group":{"id":"lifecycle","version":"21"},"event":{"count":1,"data":{"created":1574438649196,"project":"a0f12fb42952fc36a102045bdbb22ad1f15aa9443e9c675024683f4da70c8bc4"},"id":"frame.deactivated"}}
{"recorder_version":"21","session":"d1b18804a526","build":"192.6262.58","bucket":"189","time":1574438722852,"group":{"id":"performance","version":"21"},"event":{"count":1,"data":{"duration_ms":0,"created":1574438722852},"id":"ui.latency"}}
{"recorder_version":"21","session":"d1b18804a526","build":"192.6262.58","bucket":"189","time":1574438823175,"group":{"id":"performance","version":"21"},"event":{"count":1,"data":{"duration_ms":0,"created":1574438823176},"id":"ui.latency"}}
{"recorder_version":"21","session":"d1b18804a526","build":"192.6262.58","bucket":"189","time":1574438922066,"group":{"id":"build.tools.actions","version":"1"},"event":{"count":1,"data":{"created":1574438922066},"id":"registered"}}
{"recorder_version":"21","session":"d1b18804a526","build":"192.6262.58","bucket":"189","time":1574438922066,"group":{"id":"file.types.usage","version":"21"},"event":{"count":1,"data":{"created":1574438922066},"id":"registered"}}
{"recorder_version":"21","session":"d1b18804a526","build":"192.6262.58","bucket":"189","time":1574438922066,"group":{"id":"ide.script.engine","version":"1"},"event":{"count":1,"data":{"created":1574438922067},"id":"registered"}}
{"recorder_version":"21","session":"d1b18804a526","build":"192.6262.58","bucket":"189","time":1574438922066,"group":{"id":"actions.runAnything","version":"1"},"event":{"count":1,"data":{"created":1574438922067},"id":"registered"}}
{"recorder_version":"21","session":"d1b18804a526","build":"192.6262.58","bucket":"189","time":1574438922066,"group":{"id":"toolwindow","version":"21"},"event":{"count":1,"data":{"created":1574438922067},"id":"registered"}}
{"recorder_version":"21","session":"d1b18804a526","build":"192.6262.58","bucket":"189","time":1574438922066,"group":{"id":"kotlin.ide.newFileTempl","version":"1"},"event":{"count":1,"data":{"created":1574438922068},"id":"registered"}}
{"recorder_version":"21","session":"d1b18804a526","build":"192.6262.58","bucket":"189","time":1574438922066,"group":{"id":"live.templates","version":"21"},"event":{"count":1,"data":{"created":1574438922068},"id":"registered"}}
{"recorder_version":"21","session":"d1b18804a526","build":"192.6262.58","bucket":"189","time":1574438922066,"group":{"id":"ide.self.update","version":"2"},"event":{"count":1,"data":{"created":1574438922068},"id":"registered"}}
{"recorder_version":"21","session":"d1b18804a526","build":"192.6262.58","bucket":"189","time":1574438922066,"group":{"id":"ui.settings","version":"21"},"event":{"count":1,"data":{"created":1574438922068},"id":"registered"}}
{"recorder_version":"21","session":"d1b18804a526","build":"192.6262.58","bucket":"189","time":1574438922066,"group":{"id":"lifecycle","version":"21"},"event":{"count":1,"data":{"created":1574438922068},"id":"registered"}}
{"recorder_version":"21","session":"d1b18804a526","build":"192.6262.58","bucket":"189","time":1574438922066,"group":{"id":"vcs.diff.trigger","version":"1"},"event":{"count":1,"data":{"created":1574438922069},"id":"registered"}}
{"recorder_version":"21","session":"d1b18804a526","build":"192.6262.58","bucket":"189","time":1574438922066,"group":{"id":"vcs.log.trigger","version":"2"},"event":{"count":1,"data":{"created":1574438922069},"id":"registered"}}
{"recorder_version":"21","session":"d1b18804a526","build":"192.6262.58","bucket":"189","time":1574438922066,"group":{"id":"productivity","version":"21"},"event":{"count":1,"data":{"created":1574438922069},"id":"registered"}}
{"recorder_version":"21","session":"d1b18804a526","build":"192.6262.58","bucket":"189","time":1574438922066,"group":{"id":"debugger.breakpoints.usage","version":"2"},"event":{"count":1,"data":{"created":1574438922069},"id":"registered"}}
{"recorder_version":"21","session":"d1b18804a526","build":"192.6262.58","bucket":"189","time":1574438922066,"group":{"id":"kotlin.gradle.library","version":"1"},"event":{"count":1,"data":{"created":1574438922069},"id":"registered"}}
{"recorder_version":"21","session":"d1b18804a526","build":"192.6262.58","bucket":"189","time":1574438922066,"group":{"id":"find","version":"1"},"event":{"count":1,"data":{"created":1574438922070},"id":"registered"}}
{"recorder_version":"21","session":"d1b18804a526","build":"192.6262.58","bucket":"189","time":1574438922066,"group":{"id":"kotlin.gradle.target","version":"1"},"event":{"count":1,"data":{"created":1574438922070},"id":"registered"}}
{"recorder_version":"21","session":"d1b18804a526","build":"192.6262.58","bucket":"189","time":1574438922066,"group":{"id":"gutter.icon.click","version":"1"},"event":{"count":1,"data":{"created":1574438922070},"id":"registered"}}
{"recorder_version":"21","session":"d1b18804a526","build":"192.6262.58","bucket":"189","time":1574438922066,"group":{"id":"shell.script","version":"1"},"event":{"count":1,"data":{"created":1574438922070},"id":"registered"}}
{"recorder_version":"21","session":"d1b18804a526","build":"192.6262.58","bucket":"189","time":1574438922066,"group":{"id":"kotlin.ide.debugger.eval","version":"1"},"event":{"count":1,"data":{"created":1574438922070},"id":"registered"}}
{"recorder_version":"21","session":"d1b18804a526","build":"192.6262.58","bucket":"189","time":1574438922066,"group":{"id":"build.maven.actions","version":"1"},"event":{"count":1,"data":{"created":1574438922071},"id":"registered"}}
{"recorder_version":"21","session":"d1b18804a526","build":"192.6262.58","bucket":"189","time":1574438922066,"group":{"id":"ui.event","version":"1"},"event":{"count":1,"data":{"created":1574438922071},"id":"registered"}}
{"recorder_version":"21","session":"d1b18804a526","build":"192.6262.58","bucket":"189","time":1574438922066,"group":{"id":"new.project.wizard","version":"1"},"event":{"count":1,"data":{"created":1574438922071},"id":"registered"}}
{"recorder_version":"21","session":"d1b18804a526","build":"192.6262.58","bucket":"189","time":1574438922066,"group":{"id":"kotlin.ide.npwizards","version":"1"},"event":{"count":1,"data":{"created":1574438922071},"id":"registered"}}
{"recorder_version":"21","session":"d1b18804a526","build":"192.6262.58","bucket":"189","time":1574438922066,"group":{"id":"intentions","version":"21"},"event":{"count":1,"data":{"created":1574438922071},"id":"registered"}}
{"recorder_version":"21","session":"d1b18804a526","build":"192.6262.58","bucket":"189","time":1574438922066,"group":{"id":"ui.dialogs","version":"21"},"event":{"count":1,"data":{"created":1574438922071},"id":"registered"}}
{"recorder_version":"21","session":"d1b18804a526","build":"192.6262.58","bucket":"189","time":1574438922066,"group":{"id":"vcs.back.forward.trigger","version":"1"},"event":{"count":1,"data":{"created":1574438922072},"id":"registered"}}
{"recorder_version":"21","session":"d1b18804a526","build":"192.6262.58","bucket":"189","time":1574438922066,"group":{"id":"vcs.change.reminder","version":"1"},"event":{"count":1,"data":{"created":1574438922072},"id":"registered"}}
{"recorder_version":"21","session":"d1b18804a526","build":"192.6262.58","bucket":"189","time":1574438922066,"group":{"id":"toolbar","version":"21"},"event":{"count":1,"data":{"created":1574438922072},"id":"registered"}}
{"recorder_version":"21","session":"d1b18804a526","build":"192.6262.58","bucket":"189","time":1574438922066,"group":{"id":"build.gradle.actions","version":"1"},"event":{"count":1,"data":{"created":1574438922072},"id":"registered"}}
{"recorder_version":"21","session":"d1b18804a526","build":"192.6262.58","bucket":"189","time":1574438922066,"group":{"id":"kotlin.maven.target","version":"1"},"event":{"count":1,"data":{"created":1574438922072},"id":"registered"}}
{"recorder_version":"21","session":"d1b18804a526","build":"192.6262.58","bucket":"189","time":1574438922066,"group":{"id":"performance","version":"21"},"event":{"count":1,"data":{"created":1574438922072},"id":"registered"}}
{"recorder_version":"21","session":"d1b18804a526","build":"192.6262.58","bucket":"189","time":1574438922066,"group":{"id":"searchEverywhere","version":"1"},"event":{"count":1,"data":{"created":1574438922072},"id":"registered"}}
{"recorder_version":"21","session":"d1b18804a526","build":"192.6262.58","bucket":"189","time":1574438922066,"group":{"id":"kotlin.ide.action.refactoring","version":"1"},"event":{"count":1,"data":{"created":1574438922073},"id":"registered"}}
{"recorder_version":"21","session":"d1b18804a526","build":"192.6262.58","bucket":"189","time":1574438922066,"group":{"id":"ui.tips","version":"2"},"event":{"count":1,"data":{"created":1574438922073},"id":"registered"}}
{"recorder_version":"21","session":"d1b18804a526","build":"192.6262.58","bucket":"189","time":1574438922066,"group":{"id":"surround.with","version":"1"},"event":{"count":1,"data":{"created":1574438922073},"id":"registered"}}
{"recorder_version":"21","session":"d1b18804a526","build":"192.6262.58","bucket":"189","time":1574438922066,"group":{"id":"import.old.config","version":"1"},"event":{"count":1,"data":{"created":1574438922073},"id":"registered"}}
{"recorder_version":"21","session":"d1b18804a526","build":"192.6262.58","bucket":"189","time":1574438922066,"group":{"id":"json.schema","version":"1"},"event":{"count":1,"data":{"created":1574438922073},"id":"registered"}}
{"recorder_version":"21","session":"d1b18804a526","build":"192.6262.58","bucket":"189","time":1574438922066,"group":{"id":"kotlin.jps.target","version":"1"},"event":{"count":1,"data":{"created":1574438922073},"id":"registered"}}
{"recorder_version":"21","session":"d1b18804a526","build":"192.6262.58","bucket":"189","time":1574438922066,"group":{"id":"terminalShell","version":"1"},"event":{"count":1,"data":{"created":1574438922074},"id":"registered"}}
{"recorder_version":"21","session":"d1b18804a526","build":"192.6262.58","bucket":"189","time":1574438922066,"group":{"id":"completion.postfix","version":"21"},"event":{"count":1,"data":{"created":1574438922074},"id":"registered"}}
{"recorder_version":"21","session":"d1b18804a526","build":"192.6262.58","bucket":"189","time":1574438922066,"group":{"id":"build.ant.actions","version":"1"},"event":{"count":1,"data":{"created":1574438922074},"id":"registered"}}
{"recorder_version":"21","session":"d1b18804a526","build":"192.6262.58","bucket":"189","time":1574438922066,"group":{"id":"actions","version":"21"},"event":{"count":1,"data":{"created":1574438922074},"id":"registered"}}
{"recorder_version":"21","session":"d1b18804a526","build":"192.6262.58","bucket":"189","time":1574438922066,"group":{"id":"event.log","version":"21"},"event":{"count":1,"data":{"created":1574438922074},"id":"registered"}}
{"recorder_version":"21","session":"d1b18804a526","build":"192.6262.58","bucket":"189","time":1574438922066,"group":{"id":"run.configuration.exec","version":"21"},"event":{"count":1,"data":{"created":1574438922074},"id":"registered"}}
{"recorder_version":"21","session":"d1b18804a526","build":"192.6262.58","bucket":"189","time":1574438922066,"group":{"id":"build.maven.packagesearch","version":"2"},"event":{"count":1,"data":{"created":1574438922074},"id":"registered"}}
{"recorder_version":"21","session":"d1b18804a526","build":"192.6262.58","bucket":"189","time":1574438923450,"group":{"id":"performance","version":"21"},"event":{"count":1,"data":{"duration_ms":0,"created":1574438923451},"id":"ui.latency"}}
{"recorder_version":"21","session":"d1b18804a526","build":"192.6262.58","bucket":"189","time":1574438995018,"group":{"id":"lifecycle","version":"21"},"event":{"count":1,"data":{"created":1574438995018,"project":"a0f12fb42952fc36a102045bdbb22ad1f15aa9443e9c675024683f4da70c8bc4"},"id":"frame.activated"}}
{"recorder_version":"21","session":"d1b18804a526","build":"192.6262.58","bucket":"189","time":1574438995220,"group":{"id":"lifecycle","version":"21"},"event":{"count":1,"data":{"restart":false,"created":1574438995220},"id":"ide.close"}}
{"recorder_version":"21","session":"d1b18804a526","build":"192.6262.58","bucket":"189","time":1574438995304,"group":{"id":"lifecycle","version":"21"},"event":{"count":1,"data":{"created":1574438995304,"project":"a0f12fb42952fc36a102045bdbb22ad1f15aa9443e9c675024683f4da70c8bc4"},"id":"project.closed"}}
