{"recorder_version":"21","session":"cece786e3612","build":"192.6262.58","bucket":"189","time":1574431453095,"group":{"id":"settings","version":"4"},"event":{"state":true,"data":{"component":"NotRoamableUiSettings","created":1574431453281},"id":"invoked"}}
{"recorder_version":"21","session":"cece786e3612","build":"192.6262.58","bucket":"189","time":1574431453096,"group":{"id":"settings","version":"4"},"event":{"state":true,"data":{"component":"UISettings","created":1574431453283},"id":"invoked"}}
{"recorder_version":"21","session":"cece786e3612","build":"192.6262.58","bucket":"189","time":1574431453097,"group":{"id":"system.java","version":"1"},"event":{"state":true,"data":{"created":1574431453291,"version":"1.11"},"id":"JetBrains"}}
{"recorder_version":"21","session":"cece786e3612","build":"192.6262.58","bucket":"189","time":1574431453097,"group":{"id":"system.java","version":"1"},"event":{"state":true,"data":{"created":1574431453291},"id":"invoked"}}
{"recorder_version":"21","session":"cece786e3612","build":"192.6262.58","bucket":"189","time":1574431453129,"group":{"id":"system.os","version":"3"},"event":{"state":true,"data":{"created":1574431453292,"version":"10.14"},"id":"Mac"}}
{"recorder_version":"21","session":"cece786e3612","build":"192.6262.58","bucket":"189","time":1574431453129,"group":{"id":"system.os","version":"3"},"event":{"state":true,"data":{"created":1574431453294,"name":"Mac","version":"10.14"},"id":"os.name"}}
{"recorder_version":"21","session":"cece786e3612","build":"192.6262.58","bucket":"189","time":1574431453129,"group":{"id":"system.os","version":"3"},"event":{"state":true,"data":{"created":1574431453294,"value":"+09_00"},"id":"os.timezone"}}
{"recorder_version":"21","session":"cece786e3612","build":"192.6262.58","bucket":"189","time":1574431453129,"group":{"id":"system.os","version":"3"},"event":{"state":true,"data":{"created":1574431453295},"id":"invoked"}}
{"recorder_version":"21","session":"cece786e3612","build":"192.6262.58","bucket":"189","time":1574431453281,"group":{"id":"event.log","version":"21"},"event":{"count":1,"data":{"created":1574431453296,"version":"916.0"},"id":"whitelist.loaded"}}
{"recorder_version":"21","session":"cece786e3612","build":"192.6262.58","bucket":"189","time":1574431455436,"group":{"id":"settings","version":"4"},"event":{"state":true,"data":{"component":"UpdatesConfigurable","created":1574431455436,"name":"checkNeeded","type":"bool","value":false},"id":"not.default"}}
{"recorder_version":"21","session":"cece786e3612","build":"192.6262.58","bucket":"189","time":1574431455436,"group":{"id":"settings","version":"4"},"event":{"state":true,"data":{"component":"UpdatesConfigurable","created":1574431455438},"id":"invoked"}}
{"recorder_version":"21","session":"cece786e3612","build":"192.6262.58","bucket":"189","time":1574431455568,"group":{"id":"settings","version":"4"},"event":{"state":true,"data":{"component":"GeneralSettings","created":1574431455568,"name":"confirmExit","type":"bool","value":false},"id":"not.default"}}
{"recorder_version":"21","session":"cece786e3612","build":"192.6262.58","bucket":"189","time":1574431455568,"group":{"id":"settings","version":"4"},"event":{"state":true,"data":{"component":"GeneralSettings","created":1574431455569,"name":"showTipsOnStartup","type":"bool","value":false},"id":"not.default"}}
{"recorder_version":"21","session":"cece786e3612","build":"192.6262.58","bucket":"189","time":1574431455568,"group":{"id":"settings","version":"4"},"event":{"state":true,"data":{"component":"GeneralSettings","created":1574431455572},"id":"invoked"}}
{"recorder_version":"21","session":"cece786e3612","build":"192.6262.58","bucket":"189","time":1574431455577,"group":{"id":"lifecycle","version":"21"},"event":{"count":1,"data":{"internal":true,"eap":false,"created":1574431455577},"id":"ide.start"}}
{"recorder_version":"21","session":"cece786e3612","build":"192.6262.58","bucket":"189","time":1574431455903,"group":{"id":"lifecycle","version":"21"},"event":{"count":1,"data":{"created":1574431455903},"id":"frame.activated"}}
{"recorder_version":"21","session":"cece786e3612","build":"192.6262.58","bucket":"189","time":1574431456094,"group":{"id":"performance","version":"21"},"event":{"count":1,"data":{"duration_ms":2,"created":1574431456095},"id":"ui.latency"}}
{"recorder_version":"21","session":"cece786e3612","build":"192.6262.58","bucket":"189","time":1574431456404,"group":{"id":"ui.dialogs","version":"21"},"event":{"count":1,"data":{"created":1574431456404,"plugin_type":"PLATFORM","type":"show"},"id":"com.intellij.openapi.progress.util.ProgressDialog$MyDialogWrapper"}}
{"recorder_version":"21","session":"cece786e3612","build":"192.6262.58","bucket":"189","time":1574431457442,"group":{"id":"lifecycle","version":"21"},"event":{"count":1,"data":{"created":1574431457442,"project":"a0f12fb42952fc36a102045bdbb22ad1f15aa9443e9c675024683f4da70c8bc4"},"id":"project.opened"}}
{"recorder_version":"21","session":"cece786e3612","build":"192.6262.58","bucket":"189","time":1574431459171,"group":{"id":"settings","version":"4"},"event":{"state":true,"data":{"component":"XmlEditorOptions","created":1574431459171},"id":"invoked"}}
{"recorder_version":"21","session":"cece786e3612","build":"192.6262.58","bucket":"189","time":1574431459281,"group":{"id":"performance","version":"21"},"event":{"count":1,"data":{"duration_ms":185,"created":1574431459281},"id":"ui.lagging"}}
{"recorder_version":"21","session":"cece786e3612","build":"192.6262.58","bucket":"189","time":1574431459404,"group":{"id":"toolwindow","version":"21"},"event":{"count":1,"data":{"os":"Mac","created":1574431459404,"plugin_type":"PLATFORM"},"id":"Project"}}
{"recorder_version":"21","session":"cece786e3612","build":"192.6262.58","bucket":"189","time":1574431460218,"group":{"id":"performance","version":"21"},"event":{"count":1,"data":{"duration_ms":121,"created":1574431460218},"id":"ui.lagging"}}
{"recorder_version":"21","session":"cece786e3612","build":"192.6262.58","bucket":"189","time":1574431461681,"group":{"id":"project.fs","version":"1"},"event":{"state":true,"data":{"os":"Mac","cs-project":false,"created":1574431461681,"project":"a0f12fb42952fc36a102045bdbb22ad1f15aa9443e9c675024683f4da70c8bc4","cs-implicit":true,"cs-system":false},"id":"case-sensitivity"}}
{"recorder_version":"21","session":"cece786e3612","build":"192.6262.58","bucket":"189","time":1574431461681,"group":{"id":"project.fs","version":"1"},"event":{"state":true,"data":{"created":1574431461682},"id":"invoked"}}
{"recorder_version":"21","session":"cece786e3612","build":"192.6262.58","bucket":"189","time":1574431461682,"group":{"id":"project.fs","version":"1"},"event":{"state":true,"data":{"pct-non-watched":0,"created":1574431461682,"project":"a0f12fb42952fc36a102045bdbb22ad1f15aa9443e9c675024683f4da70c8bc4"},"id":"roots-watched"}}
{"recorder_version":"21","session":"cece786e3612","build":"192.6262.58","bucket":"189","time":1574431461682,"group":{"id":"project.fs","version":"1"},"event":{"state":true,"data":{"created":1574431461683},"id":"invoked"}}
{"recorder_version":"21","session":"cece786e3612","build":"192.6262.58","bucket":"189","time":1574431461740,"group":{"id":"ui.dialogs","version":"21"},"event":{"count":1,"data":{"code":1,"created":1574431461741,"plugin_type":"PLATFORM","type":"close"},"id":"com.intellij.openapi.progress.util.ProgressDialog$MyDialogWrapper"}}
{"recorder_version":"21","session":"cece786e3612","build":"192.6262.58","bucket":"189","time":1574431461962,"group":{"id":"lifecycle","version":"21"},"event":{"count":1,"data":{"duration_ms":5805,"created":1574431461962,"project":"a0f12fb42952fc36a102045bdbb22ad1f15aa9443e9c675024683f4da70c8bc4"},"id":"project.opening.finished"}}
{"recorder_version":"21","session":"cece786e3612","build":"192.6262.58","bucket":"189","time":1574431462348,"group":{"id":"performance","version":"21"},"event":{"count":1,"data":{"duration_ms":249,"created":1574431462348},"id":"ui.lagging"}}
{"recorder_version":"21","session":"cece786e3612","build":"192.6262.58","bucket":"189","time":1574431462797,"group":{"id":"kotlin.jps.target","version":"1"},"event":{"count":1,"data":{"plugin_version":"1.3.41-release-IJ2019.2-1","created":1574431462797},"id":"jvm"}}
{"recorder_version":"21","session":"cece786e3612","build":"192.6262.58","bucket":"189","time":1574431463392,"group":{"id":"file.types.usage","version":"21"},"event":{"count":1,"data":{"plugin":"com.intellij.java","created":1574431463393,"plugin_type":"JB_BUNDLED","project":"a0f12fb42952fc36a102045bdbb22ad1f15aa9443e9c675024683f4da70c8bc4","type":"edit"},"id":"JAVA"}}
{"recorder_version":"21","session":"cece786e3612","build":"192.6262.58","bucket":"189","time":1574431464106,"group":{"id":"lifecycle","version":"21"},"event":{"count":1,"data":{"created":1574431464106,"plugin_type":"NOT_LISTED","error":"java.lang.ClassCastException"},"id":"ide.error"}}
{"recorder_version":"21","session":"cece786e3612","build":"192.6262.58","bucket":"189","time":1574431468263,"group":{"id":"lifecycle","version":"21"},"event":{"count":1,"data":{"created":1574431468264,"project":"a0f12fb42952fc36a102045bdbb22ad1f15aa9443e9c675024683f4da70c8bc4"},"id":"frame.deactivated"}}
{"recorder_version":"21","session":"cece786e3612","build":"192.6262.58","bucket":"189","time":1574431479332,"group":{"id":"lifecycle","version":"21"},"event":{"count":1,"data":{"created":1574431479332,"project":"a0f12fb42952fc36a102045bdbb22ad1f15aa9443e9c675024683f4da70c8bc4"},"id":"frame.activated"}}
{"recorder_version":"21","session":"cece786e3612","build":"192.6262.58","bucket":"189","time":1574431481179,"group":{"id":"lifecycle","version":"21"},"event":{"count":1,"data":{"created":1574431481180,"project":"a0f12fb42952fc36a102045bdbb22ad1f15aa9443e9c675024683f4da70c8bc4"},"id":"frame.deactivated"}}
{"recorder_version":"21","session":"cece786e3612","build":"192.6262.58","bucket":"189","time":1574431496209,"group":{"id":"lifecycle","version":"21"},"event":{"count":1,"data":{"created":1574431496209,"project":"a0f12fb42952fc36a102045bdbb22ad1f15aa9443e9c675024683f4da70c8bc4"},"id":"frame.activated"}}
{"recorder_version":"21","session":"cece786e3612","build":"192.6262.58","bucket":"189","time":1574431496819,"group":{"id":"lifecycle","version":"21"},"event":{"count":1,"data":{"restart":false,"created":1574431496819},"id":"ide.close"}}
{"recorder_version":"21","session":"cece786e3612","build":"192.6262.58","bucket":"189","time":1574431496906,"group":{"id":"lifecycle","version":"21"},"event":{"count":1,"data":{"created":1574431496906,"project":"a0f12fb42952fc36a102045bdbb22ad1f15aa9443e9c675024683f4da70c8bc4"},"id":"project.closed"}}
