{"recorder_version":"21","session":"987543375012","build":"192.6262.58","bucket":"189","time":1574438577130,"group":{"id":"settings","version":"4"},"event":{"state":true,"data":{"component":"NotRoamableUiSettings","created":1574438577289},"id":"invoked"}}
{"recorder_version":"21","session":"987543375012","build":"192.6262.58","bucket":"189","time":1574438577132,"group":{"id":"system.java","version":"1"},"event":{"state":true,"data":{"created":1574438577291,"version":"1.11"},"id":"JetBrains"}}
{"recorder_version":"21","session":"987543375012","build":"192.6262.58","bucket":"189","time":1574438577132,"group":{"id":"system.java","version":"1"},"event":{"state":true,"data":{"created":1574438577298},"id":"invoked"}}
{"recorder_version":"21","session":"987543375012","build":"192.6262.58","bucket":"189","time":1574438577132,"group":{"id":"settings","version":"4"},"event":{"state":true,"data":{"component":"UISettings","created":1574438577298},"id":"invoked"}}
{"recorder_version":"21","session":"987543375012","build":"192.6262.58","bucket":"189","time":1574438577162,"group":{"id":"system.os","version":"3"},"event":{"state":true,"data":{"created":1574438577299,"version":"10.14"},"id":"Mac"}}
{"recorder_version":"21","session":"987543375012","build":"192.6262.58","bucket":"189","time":1574438577162,"group":{"id":"system.os","version":"3"},"event":{"state":true,"data":{"created":1574438577299,"name":"Mac","version":"10.14"},"id":"os.name"}}
{"recorder_version":"21","session":"987543375012","build":"192.6262.58","bucket":"189","time":1574438577162,"group":{"id":"system.os","version":"3"},"event":{"state":true,"data":{"created":1574438577300,"value":"+09_00"},"id":"os.timezone"}}
{"recorder_version":"21","session":"987543375012","build":"192.6262.58","bucket":"189","time":1574438577162,"group":{"id":"system.os","version":"3"},"event":{"state":true,"data":{"created":1574438577300},"id":"invoked"}}
{"recorder_version":"21","session":"987543375012","build":"192.6262.58","bucket":"189","time":1574438577289,"group":{"id":"event.log","version":"21"},"event":{"count":1,"data":{"created":1574438577301,"version":"916.0"},"id":"whitelist.loaded"}}
{"recorder_version":"21","session":"987543375012","build":"192.6262.58","bucket":"189","time":1574438579654,"group":{"id":"settings","version":"4"},"event":{"state":true,"data":{"component":"UpdatesConfigurable","created":1574438579655,"name":"checkNeeded","type":"bool","value":false},"id":"not.default"}}
{"recorder_version":"21","session":"987543375012","build":"192.6262.58","bucket":"189","time":1574438579654,"group":{"id":"settings","version":"4"},"event":{"state":true,"data":{"component":"UpdatesConfigurable","created":1574438579656},"id":"invoked"}}
{"recorder_version":"21","session":"987543375012","build":"192.6262.58","bucket":"189","time":1574438580208,"group":{"id":"lifecycle","version":"21"},"event":{"count":1,"data":{"internal":true,"eap":false,"created":1574438580208},"id":"ide.start"}}
{"recorder_version":"21","session":"987543375012","build":"192.6262.58","bucket":"189","time":1574438580215,"group":{"id":"settings","version":"4"},"event":{"state":true,"data":{"component":"GeneralSettings","created":1574438580215,"name":"confirmExit","type":"bool","value":false},"id":"not.default"}}
{"recorder_version":"21","session":"987543375012","build":"192.6262.58","bucket":"189","time":1574438580215,"group":{"id":"settings","version":"4"},"event":{"state":true,"data":{"component":"GeneralSettings","created":1574438580216,"name":"showTipsOnStartup","type":"bool","value":false},"id":"not.default"}}
{"recorder_version":"21","session":"987543375012","build":"192.6262.58","bucket":"189","time":1574438580215,"group":{"id":"settings","version":"4"},"event":{"state":true,"data":{"component":"GeneralSettings","created":1574438580217},"id":"invoked"}}
{"recorder_version":"21","session":"987543375012","build":"192.6262.58","bucket":"189","time":1574438580304,"group":{"id":"performance","version":"21"},"event":{"count":1,"data":{"duration_ms":111,"created":1574438580305},"id":"ui.latency"}}
{"recorder_version":"21","session":"987543375012","build":"192.6262.58","bucket":"189","time":1574438580305,"group":{"id":"performance","version":"21"},"event":{"count":1,"data":{"duration_ms":111,"created":1574438580306},"id":"ui.lagging"}}
{"recorder_version":"21","session":"987543375012","build":"192.6262.58","bucket":"189","time":1574438580851,"group":{"id":"settings","version":"4"},"event":{"state":true,"data":{"component":"XmlEditorOptions","created":1574438580851},"id":"invoked"}}
{"recorder_version":"21","session":"987543375012","build":"192.6262.58","bucket":"189","time":1574438581300,"group":{"id":"performance","version":"21"},"event":{"count":1,"data":{"duration_ms":105,"created":1574438581300},"id":"ui.lagging"}}
{"recorder_version":"21","session":"987543375012","build":"192.6262.58","bucket":"189","time":1574438582274,"group":{"id":"ui.dialogs","version":"21"},"event":{"count":1,"data":{"created":1574438582274,"plugin_type":"PLATFORM","type":"show"},"id":"com.intellij.openapi.progress.util.ProgressDialog$MyDialogWrapper"}}
{"recorder_version":"21","session":"987543375012","build":"192.6262.58","bucket":"189","time":1574438583200,"group":{"id":"lifecycle","version":"21"},"event":{"count":1,"data":{"created":1574438583200,"project":"a0f12fb42952fc36a102045bdbb22ad1f15aa9443e9c675024683f4da70c8bc4"},"id":"project.opened"}}
{"recorder_version":"21","session":"987543375012","build":"192.6262.58","bucket":"189","time":1574438583804,"group":{"id":"performance","version":"21"},"event":{"count":1,"data":{"duration_ms":604,"created":1574438583805},"id":"ui.lagging"}}
{"recorder_version":"21","session":"987543375012","build":"192.6262.58","bucket":"189","time":1574438585081,"group":{"id":"toolwindow","version":"21"},"event":{"count":1,"data":{"os":"Mac","created":1574438585081,"plugin_type":"PLATFORM"},"id":"Project"}}
{"recorder_version":"21","session":"987543375012","build":"192.6262.58","bucket":"189","time":1574438585483,"group":{"id":"performance","version":"21"},"event":{"count":1,"data":{"duration_ms":279,"created":1574438585483},"id":"ui.lagging"}}
{"recorder_version":"21","session":"987543375012","build":"192.6262.58","bucket":"189","time":1574438586429,"group":{"id":"project.fs","version":"1"},"event":{"state":true,"data":{"os":"Mac","cs-project":false,"created":1574438586429,"project":"a0f12fb42952fc36a102045bdbb22ad1f15aa9443e9c675024683f4da70c8bc4","cs-implicit":true,"cs-system":false},"id":"case-sensitivity"}}
{"recorder_version":"21","session":"987543375012","build":"192.6262.58","bucket":"189","time":1574438586429,"group":{"id":"project.fs","version":"1"},"event":{"state":true,"data":{"created":1574438586430},"id":"invoked"}}
{"recorder_version":"21","session":"987543375012","build":"192.6262.58","bucket":"189","time":1574438586430,"group":{"id":"project.fs","version":"1"},"event":{"state":true,"data":{"pct-non-watched":0,"created":1574438586431,"project":"a0f12fb42952fc36a102045bdbb22ad1f15aa9443e9c675024683f4da70c8bc4"},"id":"roots-watched"}}
{"recorder_version":"21","session":"987543375012","build":"192.6262.58","bucket":"189","time":1574438586430,"group":{"id":"project.fs","version":"1"},"event":{"state":true,"data":{"created":1574438586431},"id":"invoked"}}
{"recorder_version":"21","session":"987543375012","build":"192.6262.58","bucket":"189","time":1574438586495,"group":{"id":"ui.dialogs","version":"21"},"event":{"count":1,"data":{"code":1,"created":1574438586495,"plugin_type":"PLATFORM","type":"close"},"id":"com.intellij.openapi.progress.util.ProgressDialog$MyDialogWrapper"}}
{"recorder_version":"21","session":"987543375012","build":"192.6262.58","bucket":"189","time":1574438586709,"group":{"id":"lifecycle","version":"21"},"event":{"count":1,"data":{"duration_ms":4707,"created":1574438586709,"project":"a0f12fb42952fc36a102045bdbb22ad1f15aa9443e9c675024683f4da70c8bc4"},"id":"project.opening.finished"}}
{"recorder_version":"21","session":"987543375012","build":"192.6262.58","bucket":"189","time":1574438587315,"group":{"id":"kotlin.jps.target","version":"1"},"event":{"count":1,"data":{"plugin_version":"1.3.41-release-IJ2019.2-1","created":1574438587316},"id":"jvm"}}
{"recorder_version":"21","session":"987543375012","build":"192.6262.58","bucket":"189","time":1574438587930,"group":{"id":"file.types.usage","version":"21"},"event":{"count":1,"data":{"plugin":"com.intellij.java","created":1574438587930,"plugin_type":"JB_BUNDLED","project":"a0f12fb42952fc36a102045bdbb22ad1f15aa9443e9c675024683f4da70c8bc4","type":"edit"},"id":"JAVA"}}
{"recorder_version":"21","session":"987543375012","build":"192.6262.58","bucket":"189","time":1574438589690,"group":{"id":"lifecycle","version":"21"},"event":{"count":1,"data":{"restart":false,"created":1574438589690},"id":"ide.close"}}
{"recorder_version":"21","session":"987543375012","build":"192.6262.58","bucket":"189","time":1574438590084,"group":{"id":"lifecycle","version":"21"},"event":{"count":1,"data":{"created":1574438590084,"project":"a0f12fb42952fc36a102045bdbb22ad1f15aa9443e9c675024683f4da70c8bc4"},"id":"project.closed"}}
