{"recorder_version":"21","session":"c6d5e11f8002","build":"192.6262.58","bucket":"189","time":1574435848753,"group":{"id":"settings","version":"4"},"event":{"state":true,"data":{"component":"NotRoamableUiSettings","created":1574435848935},"id":"invoked"}}
{"recorder_version":"21","session":"c6d5e11f8002","build":"192.6262.58","bucket":"189","time":1574435848755,"group":{"id":"system.java","version":"1"},"event":{"state":true,"data":{"created":1574435848939,"version":"1.11"},"id":"JetBrains"}}
{"recorder_version":"21","session":"c6d5e11f8002","build":"192.6262.58","bucket":"189","time":1574435848755,"group":{"id":"system.java","version":"1"},"event":{"state":true,"data":{"created":1574435848956},"id":"invoked"}}
{"recorder_version":"21","session":"c6d5e11f8002","build":"192.6262.58","bucket":"189","time":1574435848755,"group":{"id":"settings","version":"4"},"event":{"state":true,"data":{"component":"UISettings","created":1574435848956},"id":"invoked"}}
{"recorder_version":"21","session":"c6d5e11f8002","build":"192.6262.58","bucket":"189","time":1574435848777,"group":{"id":"system.os","version":"3"},"event":{"state":true,"data":{"created":1574435848957,"version":"10.14"},"id":"Mac"}}
{"recorder_version":"21","session":"c6d5e11f8002","build":"192.6262.58","bucket":"189","time":1574435848777,"group":{"id":"system.os","version":"3"},"event":{"state":true,"data":{"created":1574435848958,"name":"Mac","version":"10.14"},"id":"os.name"}}
{"recorder_version":"21","session":"c6d5e11f8002","build":"192.6262.58","bucket":"189","time":1574435848777,"group":{"id":"system.os","version":"3"},"event":{"state":true,"data":{"created":1574435848959,"value":"+09_00"},"id":"os.timezone"}}
{"recorder_version":"21","session":"c6d5e11f8002","build":"192.6262.58","bucket":"189","time":1574435848777,"group":{"id":"system.os","version":"3"},"event":{"state":true,"data":{"created":1574435848960},"id":"invoked"}}
{"recorder_version":"21","session":"c6d5e11f8002","build":"192.6262.58","bucket":"189","time":1574435848935,"group":{"id":"event.log","version":"21"},"event":{"count":1,"data":{"created":1574435848961,"version":"916.0"},"id":"whitelist.loaded"}}
{"recorder_version":"21","session":"c6d5e11f8002","build":"192.6262.58","bucket":"189","time":1574435851109,"group":{"id":"settings","version":"4"},"event":{"state":true,"data":{"component":"UpdatesConfigurable","created":1574435851109,"name":"checkNeeded","type":"bool","value":false},"id":"not.default"}}
{"recorder_version":"21","session":"c6d5e11f8002","build":"192.6262.58","bucket":"189","time":1574435851109,"group":{"id":"settings","version":"4"},"event":{"state":true,"data":{"component":"UpdatesConfigurable","created":1574435851111},"id":"invoked"}}
{"recorder_version":"21","session":"c6d5e11f8002","build":"192.6262.58","bucket":"189","time":1574435851633,"group":{"id":"lifecycle","version":"21"},"event":{"count":1,"data":{"internal":true,"eap":false,"created":1574435851633},"id":"ide.start"}}
{"recorder_version":"21","session":"c6d5e11f8002","build":"192.6262.58","bucket":"189","time":1574435851635,"group":{"id":"settings","version":"4"},"event":{"state":true,"data":{"component":"GeneralSettings","created":1574435851635,"name":"confirmExit","type":"bool","value":false},"id":"not.default"}}
{"recorder_version":"21","session":"c6d5e11f8002","build":"192.6262.58","bucket":"189","time":1574435851635,"group":{"id":"settings","version":"4"},"event":{"state":true,"data":{"component":"GeneralSettings","created":1574435851636,"name":"showTipsOnStartup","type":"bool","value":false},"id":"not.default"}}
{"recorder_version":"21","session":"c6d5e11f8002","build":"192.6262.58","bucket":"189","time":1574435851635,"group":{"id":"settings","version":"4"},"event":{"state":true,"data":{"component":"GeneralSettings","created":1574435851637},"id":"invoked"}}
{"recorder_version":"21","session":"c6d5e11f8002","build":"192.6262.58","bucket":"189","time":1574435851806,"group":{"id":"performance","version":"21"},"event":{"count":1,"data":{"duration_ms":1,"created":1574435851806},"id":"ui.latency"}}
{"recorder_version":"21","session":"c6d5e11f8002","build":"192.6262.58","bucket":"189","time":1574435852229,"group":{"id":"settings","version":"4"},"event":{"state":true,"data":{"component":"XmlEditorOptions","created":1574435852229},"id":"invoked"}}
{"recorder_version":"21","session":"c6d5e11f8002","build":"192.6262.58","bucket":"189","time":1574435855132,"group":{"id":"ui.dialogs","version":"21"},"event":{"count":1,"data":{"created":1574435855133,"plugin_type":"PLATFORM","type":"show"},"id":"com.intellij.openapi.progress.util.ProgressDialog$MyDialogWrapper"}}
{"recorder_version":"21","session":"c6d5e11f8002","build":"192.6262.58","bucket":"189","time":1574435855885,"group":{"id":"lifecycle","version":"21"},"event":{"count":1,"data":{"created":1574435855885,"project":"a0f12fb42952fc36a102045bdbb22ad1f15aa9443e9c675024683f4da70c8bc4"},"id":"project.opened"}}
{"recorder_version":"21","session":"c6d5e11f8002","build":"192.6262.58","bucket":"189","time":1574435857482,"group":{"id":"performance","version":"21"},"event":{"count":1,"data":{"duration_ms":673,"created":1574435857482},"id":"ui.lagging"}}
{"recorder_version":"21","session":"c6d5e11f8002","build":"192.6262.58","bucket":"189","time":1574435857591,"group":{"id":"toolwindow","version":"21"},"event":{"count":1,"data":{"os":"Mac","created":1574435857592,"plugin_type":"PLATFORM"},"id":"Project"}}
{"recorder_version":"21","session":"c6d5e11f8002","build":"192.6262.58","bucket":"189","time":1574435859255,"group":{"id":"project.fs","version":"1"},"event":{"state":true,"data":{"os":"Mac","cs-project":false,"created":1574435859256,"project":"a0f12fb42952fc36a102045bdbb22ad1f15aa9443e9c675024683f4da70c8bc4","cs-implicit":true,"cs-system":false},"id":"case-sensitivity"}}
{"recorder_version":"21","session":"c6d5e11f8002","build":"192.6262.58","bucket":"189","time":1574435859255,"group":{"id":"project.fs","version":"1"},"event":{"state":true,"data":{"created":1574435859256},"id":"invoked"}}
{"recorder_version":"21","session":"c6d5e11f8002","build":"192.6262.58","bucket":"189","time":1574435859256,"group":{"id":"project.fs","version":"1"},"event":{"state":true,"data":{"pct-non-watched":0,"created":1574435859256,"project":"a0f12fb42952fc36a102045bdbb22ad1f15aa9443e9c675024683f4da70c8bc4"},"id":"roots-watched"}}
{"recorder_version":"21","session":"c6d5e11f8002","build":"192.6262.58","bucket":"189","time":1574435859256,"group":{"id":"project.fs","version":"1"},"event":{"state":true,"data":{"created":1574435859257},"id":"invoked"}}
{"recorder_version":"21","session":"c6d5e11f8002","build":"192.6262.58","bucket":"189","time":1574435859333,"group":{"id":"ui.dialogs","version":"21"},"event":{"count":1,"data":{"code":1,"created":1574435859334,"plugin_type":"PLATFORM","type":"close"},"id":"com.intellij.openapi.progress.util.ProgressDialog$MyDialogWrapper"}}
{"recorder_version":"21","session":"c6d5e11f8002","build":"192.6262.58","bucket":"189","time":1574435859533,"group":{"id":"lifecycle","version":"21"},"event":{"count":1,"data":{"duration_ms":4695,"created":1574435859533,"project":"a0f12fb42952fc36a102045bdbb22ad1f15aa9443e9c675024683f4da70c8bc4"},"id":"project.opening.finished"}}
{"recorder_version":"21","session":"c6d5e11f8002","build":"192.6262.58","bucket":"189","time":1574435860064,"group":{"id":"kotlin.jps.target","version":"1"},"event":{"count":1,"data":{"plugin_version":"1.3.41-release-IJ2019.2-1","created":1574435860064},"id":"jvm"}}
{"recorder_version":"21","session":"c6d5e11f8002","build":"192.6262.58","bucket":"189","time":1574435860651,"group":{"id":"file.types.usage","version":"21"},"event":{"count":1,"data":{"plugin":"com.intellij.java","created":1574435860652,"plugin_type":"JB_BUNDLED","project":"a0f12fb42952fc36a102045bdbb22ad1f15aa9443e9c675024683f4da70c8bc4","type":"edit"},"id":"JAVA"}}
{"recorder_version":"21","session":"c6d5e11f8002","build":"192.6262.58","bucket":"189","time":1574435864592,"group":{"id":"actions","version":"21"},"event":{"count":29,"data":{"context_menu":false,"last":1574435874112,"created":1574435864592,"plugin_type":"PLATFORM","project":"a0f12fb42952fc36a102045bdbb22ad1f15aa9443e9c675024683f4da70c8bc4","place":"keyboard_shortcut","class":"com.intellij.openapi.editor.actions.BackspaceAction","input_event":"Backspace"},"id":"EditorBackSpace"}}
{"recorder_version":"21","session":"c6d5e11f8002","build":"192.6262.58","bucket":"189","time":1574435876705,"group":{"id":"lifecycle","version":"21"},"event":{"count":1,"data":{"created":1574435876705,"project":"a0f12fb42952fc36a102045bdbb22ad1f15aa9443e9c675024683f4da70c8bc4"},"id":"project.closed"}}
{"recorder_version":"21","session":"c6d5e11f8002","build":"192.6262.58","bucket":"189","time":1574435878078,"group":{"id":"lifecycle","version":"21"},"event":{"count":1,"data":{"restart":false,"created":1574435878078},"id":"ide.close"}}
