{"recorder_version":"21","session":"4833d6002162","build":"192.6262.58","bucket":"189","time":1575022529907,"group":{"id":"settings","version":"4"},"event":{"state":true,"data":{"component":"NotRoamableUiSettings","created":1575022530064},"id":"invoked"}}
{"recorder_version":"21","session":"4833d6002162","build":"192.6262.58","bucket":"189","time":1575022529910,"group":{"id":"settings","version":"4"},"event":{"state":true,"data":{"component":"UISettings","created":1575022530065},"id":"invoked"}}
{"recorder_version":"21","session":"4833d6002162","build":"192.6262.58","bucket":"189","time":1575022529911,"group":{"id":"system.java","version":"1"},"event":{"state":true,"data":{"created":1575022530074,"version":"1.11"},"id":"JetBrains"}}
{"recorder_version":"21","session":"4833d6002162","build":"192.6262.58","bucket":"189","time":1575022529911,"group":{"id":"system.java","version":"1"},"event":{"state":true,"data":{"created":1575022530075},"id":"invoked"}}
{"recorder_version":"21","session":"4833d6002162","build":"192.6262.58","bucket":"189","time":1575022529937,"group":{"id":"system.os","version":"3"},"event":{"state":true,"data":{"created":1575022530075,"version":"10.14"},"id":"Mac"}}
{"recorder_version":"21","session":"4833d6002162","build":"192.6262.58","bucket":"189","time":1575022529937,"group":{"id":"system.os","version":"3"},"event":{"state":true,"data":{"created":1575022530076,"name":"Mac","version":"10.14"},"id":"os.name"}}
{"recorder_version":"21","session":"4833d6002162","build":"192.6262.58","bucket":"189","time":1575022529937,"group":{"id":"system.os","version":"3"},"event":{"state":true,"data":{"created":1575022530077,"value":"+09_00"},"id":"os.timezone"}}
{"recorder_version":"21","session":"4833d6002162","build":"192.6262.58","bucket":"189","time":1575022529937,"group":{"id":"system.os","version":"3"},"event":{"state":true,"data":{"created":1575022530077},"id":"invoked"}}
{"recorder_version":"21","session":"4833d6002162","build":"192.6262.58","bucket":"189","time":1575022530064,"group":{"id":"event.log","version":"21"},"event":{"count":1,"data":{"created":1575022530078,"version":"746.0"},"id":"whitelist.loaded"}}
{"recorder_version":"21","session":"4833d6002162","build":"192.6262.58","bucket":"189","time":1575022533086,"group":{"id":"settings","version":"4"},"event":{"state":true,"data":{"component":"UpdatesConfigurable","created":1575022533086,"name":"checkNeeded","type":"bool","value":false},"id":"not.default"}}
{"recorder_version":"21","session":"4833d6002162","build":"192.6262.58","bucket":"189","time":1575022533086,"group":{"id":"settings","version":"4"},"event":{"state":true,"data":{"component":"UpdatesConfigurable","created":1575022533087},"id":"invoked"}}
{"recorder_version":"21","session":"4833d6002162","build":"192.6262.58","bucket":"189","time":1575022533600,"group":{"id":"lifecycle","version":"21"},"event":{"count":1,"data":{"internal":true,"eap":false,"created":1575022533600},"id":"ide.start"}}
{"recorder_version":"21","session":"4833d6002162","build":"192.6262.58","bucket":"189","time":1575022533600,"group":{"id":"settings","version":"4"},"event":{"state":true,"data":{"component":"GeneralSettings","created":1575022533601},"id":"invoked"}}
{"recorder_version":"21","session":"4833d6002162","build":"192.6262.58","bucket":"189","time":1575022533624,"group":{"id":"performance","version":"21"},"event":{"count":1,"data":{"duration_ms":660,"created":1575022533625},"id":"ui.latency"}}
{"recorder_version":"21","session":"4833d6002162","build":"192.6262.58","bucket":"189","time":1575022533625,"group":{"id":"performance","version":"21"},"event":{"count":1,"data":{"duration_ms":660,"created":1575022533626},"id":"ui.lagging"}}
{"recorder_version":"21","session":"4833d6002162","build":"192.6262.58","bucket":"189","time":1575022534732,"group":{"id":"settings","version":"4"},"event":{"state":true,"data":{"component":"XmlEditorOptions","created":1575022534732},"id":"invoked"}}
{"recorder_version":"21","session":"4833d6002162","build":"192.6262.58","bucket":"189","time":1575022535347,"group":{"id":"performance","version":"21"},"event":{"count":1,"data":{"duration_ms":381,"created":1575022535347},"id":"ui.lagging"}}
{"recorder_version":"21","session":"4833d6002162","build":"192.6262.58","bucket":"189","time":1575022536228,"group":{"id":"actions","version":"21"},"event":{"count":1,"data":{"context_menu":false,"created":1575022536229,"plugin_type":"PLATFORM","place":"unknown","class":"com.intellij.ide.actions.OpenFileAction","input_event":"MouseLeft"},"id":"WelcomeScreen.OpenProject"}}
{"recorder_version":"21","session":"4833d6002162","build":"192.6262.58","bucket":"189","time":1575022541087,"group":{"id":"performance","version":"21"},"event":{"count":1,"data":{"duration_ms":114,"created":1575022541087},"id":"ui.lagging"}}
{"recorder_version":"21","session":"4833d6002162","build":"192.6262.58","bucket":"189","time":1575022541445,"group":{"id":"ui.dialogs","version":"21"},"event":{"count":1,"data":{"created":1575022541445,"plugin_type":"PLATFORM","type":"show"},"id":"com.intellij.openapi.progress.util.ProgressDialog$MyDialogWrapper"}}
{"recorder_version":"21","session":"4833d6002162","build":"192.6262.58","bucket":"189","time":1575022542528,"group":{"id":"lifecycle","version":"21"},"event":{"count":1,"data":{"created":1575022542529,"project":"4452600da3b350ab41d92ae108c2baae6ff0ac3ddb31bd67020ee046ec77ac09"},"id":"project.opened"}}
{"recorder_version":"21","session":"4833d6002162","build":"192.6262.58","bucket":"189","time":1575022543590,"group":{"id":"lifecycle","version":"21"},"event":{"count":1,"data":{"created":1575022543590,"project":"4452600da3b350ab41d92ae108c2baae6ff0ac3ddb31bd67020ee046ec77ac09"},"id":"frame.deactivated"}}
{"recorder_version":"21","session":"4833d6002162","build":"192.6262.58","bucket":"189","time":1575022543682,"group":{"id":"lifecycle","version":"21"},"event":{"count":1,"data":{"created":1575022543682,"project":"4452600da3b350ab41d92ae108c2baae6ff0ac3ddb31bd67020ee046ec77ac09"},"id":"frame.activated"}}
{"recorder_version":"21","session":"4833d6002162","build":"192.6262.58","bucket":"189","time":1575022543774,"group":{"id":"performance","version":"21"},"event":{"count":1,"data":{"duration_ms":801,"created":1575022543774},"id":"ui.lagging"}}
{"recorder_version":"21","session":"4833d6002162","build":"192.6262.58","bucket":"189","time":1575022544145,"group":{"id":"performance","version":"21"},"event":{"count":1,"data":{"duration_ms":169,"created":1575022544146},"id":"ui.lagging"}}
{"recorder_version":"21","session":"4833d6002162","build":"192.6262.58","bucket":"189","time":1575022544186,"group":{"id":"ui.tips","version":"2"},"event":{"count":1,"data":{"created":1575022544186,"type":"automatically"},"id":"dialog.shown"}}
{"recorder_version":"21","session":"4833d6002162","build":"192.6262.58","bucket":"189","time":1575022544274,"group":{"id":"ui.dialogs","version":"21"},"event":{"count":1,"data":{"created":1575022544274,"plugin_type":"PLATFORM","type":"show"},"id":"com.intellij.ide.util.TipDialog"}}
{"recorder_version":"21","session":"4833d6002162","build":"192.6262.58","bucket":"189","time":1575022545681,"group":{"id":"project.fs","version":"1"},"event":{"state":true,"data":{"os":"Mac","cs-project":false,"created":1575022545681,"project":"4452600da3b350ab41d92ae108c2baae6ff0ac3ddb31bd67020ee046ec77ac09","cs-implicit":true,"cs-system":false},"id":"case-sensitivity"}}
{"recorder_version":"21","session":"4833d6002162","build":"192.6262.58","bucket":"189","time":1575022545681,"group":{"id":"project.fs","version":"1"},"event":{"state":true,"data":{"created":1575022545681},"id":"invoked"}}
{"recorder_version":"21","session":"4833d6002162","build":"192.6262.58","bucket":"189","time":1575022545681,"group":{"id":"project.fs","version":"1"},"event":{"state":true,"data":{"pct-non-watched":0,"created":1575022545681,"project":"4452600da3b350ab41d92ae108c2baae6ff0ac3ddb31bd67020ee046ec77ac09"},"id":"roots-watched"}}
{"recorder_version":"21","session":"4833d6002162","build":"192.6262.58","bucket":"189","time":1575022545681,"group":{"id":"project.fs","version":"1"},"event":{"state":true,"data":{"created":1575022545682},"id":"invoked"}}
{"recorder_version":"21","session":"4833d6002162","build":"192.6262.58","bucket":"189","time":1575022545747,"group":{"id":"ui.dialogs","version":"21"},"event":{"count":1,"data":{"code":1,"created":1575022545747,"plugin_type":"PLATFORM","type":"close"},"id":"com.intellij.openapi.progress.util.ProgressDialog$MyDialogWrapper"}}
{"recorder_version":"21","session":"4833d6002162","build":"192.6262.58","bucket":"189","time":1575022545939,"group":{"id":"lifecycle","version":"21"},"event":{"count":1,"data":{"duration_ms":4871,"created":1575022545939,"project":"4452600da3b350ab41d92ae108c2baae6ff0ac3ddb31bd67020ee046ec77ac09"},"id":"project.opening.finished"}}
{"recorder_version":"21","session":"4833d6002162","build":"192.6262.58","bucket":"189","time":1575022580569,"group":{"id":"kotlin.jps.target","version":"1"},"event":{"count":2,"data":{"plugin_version":"1.3.41-release-IJ2019.2-1","last":1575022580584,"created":1575022580570},"id":"jvm"}}
{"recorder_version":"21","session":"4833d6002162","build":"192.6262.58","bucket":"189","time":1575022581159,"group":{"id":"vcs.change.reminder","version":"1"},"event":{"count":1,"data":{"created":1575022581159,"project":"4452600da3b350ab41d92ae108c2baae6ff0ac3ddb31bd67020ee046ec77ac09","execution_time":1},"id":"prediction.calculated"}}
{"recorder_version":"21","session":"4833d6002162","build":"192.6262.58","bucket":"189","time":1575022581159,"group":{"id":"performance","version":"21"},"event":{"count":1,"data":{"duration_ms":110,"created":1575022581159},"id":"ui.lagging"}}
{"recorder_version":"21","session":"4833d6002162","build":"192.6262.58","bucket":"189","time":1575022581440,"group":{"id":"vcs.change.reminder","version":"1"},"event":{"count":1,"data":{"created":1575022581440,"project":"4452600da3b350ab41d92ae108c2baae6ff0ac3ddb31bd67020ee046ec77ac09","execution_time":184},"id":"prediction.calculated"}}
{"recorder_version":"21","session":"4833d6002162","build":"192.6262.58","bucket":"189","time":1575022599389,"group":{"id":"toolwindow","version":"21"},"event":{"count":1,"data":{"os":"Mac","created":1575022599389,"plugin_type":"PLATFORM"},"id":"Project"}}
{"recorder_version":"21","session":"4833d6002162","build":"192.6262.58","bucket":"189","time":1575022600804,"group":{"id":"toolwindow","version":"21"},"event":{"count":1,"data":{"os":"Mac","created":1575022600808,"plugin_type":"NOT_LISTED"},"id":"third.party"}}
{"recorder_version":"21","session":"4833d6002162","build":"192.6262.58","bucket":"189","time":1575022601229,"group":{"id":"performance","version":"21"},"event":{"count":1,"data":{"duration_ms":135,"created":1575022601229},"id":"ui.lagging"}}
{"recorder_version":"21","session":"4833d6002162","build":"192.6262.58","bucket":"189","time":1575022602976,"group":{"id":"toolwindow","version":"21"},"event":{"count":1,"data":{"os":"Mac","created":1575022602976,"plugin_type":"PLATFORM"},"id":"Project"}}
{"recorder_version":"21","session":"4833d6002162","build":"192.6262.58","bucket":"189","time":1575022606296,"group":{"id":"performance","version":"21"},"event":{"count":1,"data":{"duration_ms":195,"created":1575022606296},"id":"ui.lagging"}}
{"recorder_version":"21","session":"4833d6002162","build":"192.6262.58","bucket":"189","time":1575022606412,"group":{"id":"file.types.usage","version":"21"},"event":{"count":1,"data":{"plugin":"com.intellij.java","created":1575022606412,"plugin_type":"JB_BUNDLED","project":"4452600da3b350ab41d92ae108c2baae6ff0ac3ddb31bd67020ee046ec77ac09","type":"open"},"id":"JAVA"}}
{"recorder_version":"21","session":"4833d6002162","build":"192.6262.58","bucket":"189","time":1575022607795,"group":{"id":"file.types.usage","version":"21"},"event":{"count":1,"data":{"plugin":"com.intellij.java","created":1575022607795,"plugin_type":"JB_BUNDLED","project":"4452600da3b350ab41d92ae108c2baae6ff0ac3ddb31bd67020ee046ec77ac09","type":"edit"},"id":"JAVA"}}
{"recorder_version":"21","session":"4833d6002162","build":"192.6262.58","bucket":"189","time":1575022618736,"group":{"id":"actions","version":"21"},"event":{"count":3,"data":{"context_menu":false,"last":1575022619098,"current_file":"JAVA","created":1575022618736,"plugin_type":"PLATFORM","project":"4452600da3b350ab41d92ae108c2baae6ff0ac3ddb31bd67020ee046ec77ac09","place":"keyboard_shortcut","class":"com.intellij.openapi.editor.actions.BackspaceAction","input_event":"Backspace"},"id":"EditorBackSpace"}}
{"recorder_version":"21","session":"4833d6002162","build":"192.6262.58","bucket":"189","time":1575022622992,"group":{"id":"actions","version":"21"},"event":{"count":5,"data":{"context_menu":false,"last":1575022624436,"created":1575022622993,"plugin_type":"PLATFORM","project":"4452600da3b350ab41d92ae108c2baae6ff0ac3ddb31bd67020ee046ec77ac09","place":"keyboard_shortcut","class":"com.intellij.openapi.editor.actions.BackspaceAction","input_event":"Backspace"},"id":"EditorBackSpace"}}
{"recorder_version":"21","session":"4833d6002162","build":"192.6262.58","bucket":"189","time":1575022630660,"group":{"id":"file.types.usage","version":"21"},"event":{"count":1,"data":{"plugin":"com.intellij.java","created":1575022630660,"plugin_type":"JB_BUNDLED","project":"4452600da3b350ab41d92ae108c2baae6ff0ac3ddb31bd67020ee046ec77ac09","type":"open"},"id":"JAVA"}}
{"recorder_version":"21","session":"4833d6002162","build":"192.6262.58","bucket":"189","time":1575022632036,"group":{"id":"actions","version":"21"},"event":{"count":1,"data":{"context_menu":false,"current_file":"JAVA","created":1575022632036,"plugin_type":"PLATFORM","project":"4452600da3b350ab41d92ae108c2baae6ff0ac3ddb31bd67020ee046ec77ac09","place":"keyboard_shortcut","class":"com.intellij.openapi.editor.actions.EscapeAction","input_event":"Escape"},"id":"EditorEscape"}}
{"recorder_version":"21","session":"4833d6002162","build":"192.6262.58","bucket":"189","time":1575022632381,"group":{"id":"file.types.usage","version":"21"},"event":{"count":1,"data":{"plugin":"com.intellij.java","created":1575022632381,"plugin_type":"JB_BUNDLED","project":"4452600da3b350ab41d92ae108c2baae6ff0ac3ddb31bd67020ee046ec77ac09","type":"edit"},"id":"JAVA"}}
{"recorder_version":"21","session":"4833d6002162","build":"192.6262.58","bucket":"189","time":1575022634152,"group":{"id":"performance","version":"21"},"event":{"count":1,"data":{"duration_ms":14,"created":1575022634152},"id":"ui.latency"}}
{"recorder_version":"21","session":"4833d6002162","build":"192.6262.58","bucket":"189","time":1575022635536,"group":{"id":"lifecycle","version":"21"},"event":{"count":1,"data":{"restart":false,"created":1575022635536},"id":"ide.close"}}
{"recorder_version":"21","session":"4833d6002162","build":"192.6262.58","bucket":"189","time":1575022635538,"group":{"id":"lifecycle","version":"21"},"event":{"count":1,"data":{"created":1575022635538,"project":"4452600da3b350ab41d92ae108c2baae6ff0ac3ddb31bd67020ee046ec77ac09"},"id":"frame.deactivated"}}
{"recorder_version":"21","session":"4833d6002162","build":"192.6262.58","bucket":"189","time":1575022635545,"group":{"id":"lifecycle","version":"21"},"event":{"count":1,"data":{"created":1575022635546,"project":"4452600da3b350ab41d92ae108c2baae6ff0ac3ddb31bd67020ee046ec77ac09"},"id":"frame.activated"}}
{"recorder_version":"21","session":"4833d6002162","build":"192.6262.58","bucket":"189","time":1575022636049,"group":{"id":"ui.dialogs","version":"21"},"event":{"count":1,"data":{"created":1575022636049,"plugin_type":"PLATFORM","type":"show"},"id":"com.intellij.openapi.progress.util.ProgressDialog$MyDialogWrapper"}}
{"recorder_version":"21","session":"4833d6002162","build":"192.6262.58","bucket":"189","time":1575022636100,"group":{"id":"lifecycle","version":"21"},"event":{"count":1,"data":{"created":1575022636100,"project":"4452600da3b350ab41d92ae108c2baae6ff0ac3ddb31bd67020ee046ec77ac09"},"id":"project.closed"}}
