{"recorder_version":"21","session":"3c4e4b037110","build":"192.6262.58","bucket":"189","time":1575350226248,"group":{"id":"settings","version":"4"},"event":{"state":true,"data":{"component":"NotRoamableUiSettings","created":1575350226405},"id":"invoked"}}
{"recorder_version":"21","session":"3c4e4b037110","build":"192.6262.58","bucket":"189","time":1575350226250,"group":{"id":"system.java","version":"1"},"event":{"state":true,"data":{"created":1575350226407,"version":"1.11"},"id":"JetBrains"}}
{"recorder_version":"21","session":"3c4e4b037110","build":"192.6262.58","bucket":"189","time":1575350226250,"group":{"id":"system.java","version":"1"},"event":{"state":true,"data":{"created":1575350226427},"id":"invoked"}}
{"recorder_version":"21","session":"3c4e4b037110","build":"192.6262.58","bucket":"189","time":1575350226251,"group":{"id":"settings","version":"4"},"event":{"state":true,"data":{"component":"UISettings","created":1575350226428},"id":"invoked"}}
{"recorder_version":"21","session":"3c4e4b037110","build":"192.6262.58","bucket":"189","time":1575350226273,"group":{"id":"system.os","version":"3"},"event":{"state":true,"data":{"created":1575350226429,"version":"10.14"},"id":"Mac"}}
{"recorder_version":"21","session":"3c4e4b037110","build":"192.6262.58","bucket":"189","time":1575350226273,"group":{"id":"system.os","version":"3"},"event":{"state":true,"data":{"created":1575350226430,"name":"Mac","version":"10.14"},"id":"os.name"}}
{"recorder_version":"21","session":"3c4e4b037110","build":"192.6262.58","bucket":"189","time":1575350226273,"group":{"id":"system.os","version":"3"},"event":{"state":true,"data":{"created":1575350226431,"value":"+09_00"},"id":"os.timezone"}}
{"recorder_version":"21","session":"3c4e4b037110","build":"192.6262.58","bucket":"189","time":1575350226273,"group":{"id":"system.os","version":"3"},"event":{"state":true,"data":{"created":1575350226432},"id":"invoked"}}
{"recorder_version":"21","session":"3c4e4b037110","build":"192.6262.58","bucket":"189","time":1575350226405,"group":{"id":"event.log","version":"21"},"event":{"count":1,"data":{"created":1575350226433,"version":"943.0"},"id":"whitelist.loaded"}}
{"recorder_version":"21","session":"3c4e4b037110","build":"192.6262.58","bucket":"189","time":1575350228599,"group":{"id":"settings","version":"4"},"event":{"state":true,"data":{"component":"UpdatesConfigurable","created":1575350228604,"name":"checkNeeded","type":"bool","value":false},"id":"not.default"}}
{"recorder_version":"21","session":"3c4e4b037110","build":"192.6262.58","bucket":"189","time":1575350228599,"group":{"id":"settings","version":"4"},"event":{"state":true,"data":{"component":"UpdatesConfigurable","created":1575350228605},"id":"invoked"}}
{"recorder_version":"21","session":"3c4e4b037110","build":"192.6262.58","bucket":"189","time":1575350228726,"group":{"id":"settings","version":"4"},"event":{"state":true,"data":{"component":"GeneralSettings","created":1575350228727,"name":"confirmExit","type":"bool","value":false},"id":"not.default"}}
{"recorder_version":"21","session":"3c4e4b037110","build":"192.6262.58","bucket":"189","time":1575350228726,"group":{"id":"settings","version":"4"},"event":{"state":true,"data":{"component":"GeneralSettings","created":1575350228728,"name":"showTipsOnStartup","type":"bool","value":false},"id":"not.default"}}
{"recorder_version":"21","session":"3c4e4b037110","build":"192.6262.58","bucket":"189","time":1575350228726,"group":{"id":"settings","version":"4"},"event":{"state":true,"data":{"component":"GeneralSettings","created":1575350228729},"id":"invoked"}}
{"recorder_version":"21","session":"3c4e4b037110","build":"192.6262.58","bucket":"189","time":1575350228738,"group":{"id":"lifecycle","version":"21"},"event":{"count":1,"data":{"internal":true,"eap":false,"created":1575350228738},"id":"ide.start"}}
{"recorder_version":"21","session":"3c4e4b037110","build":"192.6262.58","bucket":"189","time":1575350229057,"group":{"id":"lifecycle","version":"21"},"event":{"count":1,"data":{"created":1575350229058},"id":"frame.activated"}}
{"recorder_version":"21","session":"3c4e4b037110","build":"192.6262.58","bucket":"189","time":1575350229175,"group":{"id":"performance","version":"21"},"event":{"count":1,"data":{"duration_ms":36,"created":1575350229176},"id":"ui.latency"}}
{"recorder_version":"21","session":"3c4e4b037110","build":"192.6262.58","bucket":"189","time":1575350229523,"group":{"id":"ui.dialogs","version":"21"},"event":{"count":1,"data":{"created":1575350229525,"plugin_type":"PLATFORM","type":"show"},"id":"com.intellij.openapi.progress.util.ProgressDialog$MyDialogWrapper"}}
{"recorder_version":"21","session":"3c4e4b037110","build":"192.6262.58","bucket":"189","time":1575350230593,"group":{"id":"lifecycle","version":"21"},"event":{"count":1,"data":{"created":1575350230594,"project":"4452600da3b350ab41d92ae108c2baae6ff0ac3ddb31bd67020ee046ec77ac09"},"id":"project.opened"}}
{"recorder_version":"21","session":"3c4e4b037110","build":"192.6262.58","bucket":"189","time":1575350231266,"group":{"id":"performance","version":"21"},"event":{"count":1,"data":{"duration_ms":124,"created":1575350231266},"id":"ui.lagging"}}
{"recorder_version":"21","session":"3c4e4b037110","build":"192.6262.58","bucket":"189","time":1575350232251,"group":{"id":"settings","version":"4"},"event":{"state":true,"data":{"component":"XmlEditorOptions","created":1575350232251},"id":"invoked"}}
{"recorder_version":"21","session":"3c4e4b037110","build":"192.6262.58","bucket":"189","time":1575350232308,"group":{"id":"performance","version":"21"},"event":{"count":1,"data":{"duration_ms":166,"created":1575350232308},"id":"ui.lagging"}}
{"recorder_version":"21","session":"3c4e4b037110","build":"192.6262.58","bucket":"189","time":1575350232878,"group":{"id":"toolwindow","version":"21"},"event":{"count":1,"data":{"os":"Mac","created":1575350232878,"plugin_type":"PLATFORM"},"id":"Project"}}
{"recorder_version":"21","session":"3c4e4b037110","build":"192.6262.58","bucket":"189","time":1575350233708,"group":{"id":"performance","version":"21"},"event":{"count":1,"data":{"duration_ms":563,"created":1575350233708},"id":"ui.lagging"}}
{"recorder_version":"21","session":"3c4e4b037110","build":"192.6262.58","bucket":"189","time":1575350234848,"group":{"id":"kotlin.jps.target","version":"1"},"event":{"count":2,"data":{"plugin_version":"validation.undefined_rule","last":1575350234848,"created":1575350234848},"id":"validation.undefined_rule"}}
{"recorder_version":"21","session":"3c4e4b037110","build":"192.6262.58","bucket":"189","time":1575350235224,"group":{"id":"project.fs","version":"1"},"event":{"state":true,"data":{"os":"Mac","cs-project":false,"created":1575350235224,"project":"4452600da3b350ab41d92ae108c2baae6ff0ac3ddb31bd67020ee046ec77ac09","cs-implicit":true,"cs-system":false},"id":"case-sensitivity"}}
{"recorder_version":"21","session":"3c4e4b037110","build":"192.6262.58","bucket":"189","time":1575350235224,"group":{"id":"project.fs","version":"1"},"event":{"state":true,"data":{"created":1575350235224},"id":"invoked"}}
{"recorder_version":"21","session":"3c4e4b037110","build":"192.6262.58","bucket":"189","time":1575350235224,"group":{"id":"project.fs","version":"1"},"event":{"state":true,"data":{"pct-non-watched":0,"created":1575350235225,"project":"4452600da3b350ab41d92ae108c2baae6ff0ac3ddb31bd67020ee046ec77ac09"},"id":"roots-watched"}}
{"recorder_version":"21","session":"3c4e4b037110","build":"192.6262.58","bucket":"189","time":1575350235224,"group":{"id":"project.fs","version":"1"},"event":{"state":true,"data":{"created":1575350235225},"id":"invoked"}}
{"recorder_version":"21","session":"3c4e4b037110","build":"192.6262.58","bucket":"189","time":1575350235350,"group":{"id":"ui.dialogs","version":"21"},"event":{"count":1,"data":{"code":1,"created":1575350235350,"plugin_type":"PLATFORM","type":"close"},"id":"com.intellij.openapi.progress.util.ProgressDialog$MyDialogWrapper"}}
{"recorder_version":"21","session":"3c4e4b037110","build":"192.6262.58","bucket":"189","time":1575350235498,"group":{"id":"lifecycle","version":"21"},"event":{"count":1,"data":{"duration_ms":6248,"created":1575350235498,"project":"4452600da3b350ab41d92ae108c2baae6ff0ac3ddb31bd67020ee046ec77ac09"},"id":"project.opening.finished"}}
{"recorder_version":"21","session":"3c4e4b037110","build":"192.6262.58","bucket":"189","time":1575350237047,"group":{"id":"vcs.change.reminder","version":"1"},"event":{"count":1,"data":{"created":1575350237047,"project":"4452600da3b350ab41d92ae108c2baae6ff0ac3ddb31bd67020ee046ec77ac09","execution_time":279},"id":"prediction.calculated"}}
{"recorder_version":"21","session":"3c4e4b037110","build":"192.6262.58","bucket":"189","time":1575350237177,"group":{"id":"vcs.change.reminder","version":"1"},"event":{"count":1,"data":{"created":1575350237178,"project":"4452600da3b350ab41d92ae108c2baae6ff0ac3ddb31bd67020ee046ec77ac09","execution_time":56},"id":"prediction.calculated"}}
{"recorder_version":"21","session":"3c4e4b037110","build":"192.6262.58","bucket":"189","time":1575350237244,"group":{"id":"vcs.change.reminder","version":"1"},"event":{"count":1,"data":{"created":1575350237244,"project":"4452600da3b350ab41d92ae108c2baae6ff0ac3ddb31bd67020ee046ec77ac09","execution_time":66},"id":"prediction.calculated"}}
{"recorder_version":"21","session":"3c4e4b037110","build":"192.6262.58","bucket":"189","time":1575350237301,"group":{"id":"vcs.change.reminder","version":"1"},"event":{"count":1,"data":{"created":1575350237301,"project":"4452600da3b350ab41d92ae108c2baae6ff0ac3ddb31bd67020ee046ec77ac09","execution_time":56},"id":"prediction.calculated"}}
{"recorder_version":"21","session":"3c4e4b037110","build":"192.6262.58","bucket":"189","time":1575350237347,"group":{"id":"vcs.change.reminder","version":"1"},"event":{"count":1,"data":{"created":1575350237347,"project":"4452600da3b350ab41d92ae108c2baae6ff0ac3ddb31bd67020ee046ec77ac09","execution_time":46},"id":"prediction.calculated"}}
{"recorder_version":"21","session":"3c4e4b037110","build":"192.6262.58","bucket":"189","time":1575350237713,"group":{"id":"file.types.usage","version":"21"},"event":{"count":1,"data":{"plugin":"com.intellij.java","created":1575350237713,"plugin_type":"JB_BUNDLED","project":"4452600da3b350ab41d92ae108c2baae6ff0ac3ddb31bd67020ee046ec77ac09","type":"edit"},"id":"JAVA"}}
{"recorder_version":"21","session":"3c4e4b037110","build":"192.6262.58","bucket":"189","time":1575350238262,"group":{"id":"performance","version":"21"},"event":{"count":1,"data":{"duration_ms":111,"created":1575350238262},"id":"ui.lagging"}}
{"recorder_version":"21","session":"3c4e4b037110","build":"192.6262.58","bucket":"189","time":1575350240055,"group":{"id":"lifecycle","version":"21"},"event":{"count":1,"data":{"created":1575350240055,"project":"4452600da3b350ab41d92ae108c2baae6ff0ac3ddb31bd67020ee046ec77ac09"},"id":"frame.deactivated"}}
{"recorder_version":"21","session":"3c4e4b037110","build":"192.6262.58","bucket":"189","time":1575350241989,"group":{"id":"lifecycle","version":"21"},"event":{"count":1,"data":{"created":1575350241989,"project":"4452600da3b350ab41d92ae108c2baae6ff0ac3ddb31bd67020ee046ec77ac09"},"id":"frame.activated"}}
{"recorder_version":"21","session":"3c4e4b037110","build":"192.6262.58","bucket":"189","time":1575350242962,"group":{"id":"lifecycle","version":"21"},"event":{"count":1,"data":{"created":1575350242962,"project":"4452600da3b350ab41d92ae108c2baae6ff0ac3ddb31bd67020ee046ec77ac09"},"id":"frame.deactivated"}}
{"recorder_version":"21","session":"3c4e4b037110","build":"192.6262.58","bucket":"189","time":1575350272176,"group":{"id":"lifecycle","version":"21"},"event":{"count":1,"data":{"created":1575350272176,"project":"4452600da3b350ab41d92ae108c2baae6ff0ac3ddb31bd67020ee046ec77ac09"},"id":"frame.activated"}}
{"recorder_version":"21","session":"3c4e4b037110","build":"192.6262.58","bucket":"189","time":1575350273310,"group":{"id":"lifecycle","version":"21"},"event":{"count":1,"data":{"restart":false,"created":1575350273310},"id":"ide.close"}}
{"recorder_version":"21","session":"3c4e4b037110","build":"192.6262.58","bucket":"189","time":1575350273616,"group":{"id":"lifecycle","version":"21"},"event":{"count":1,"data":{"created":1575350273616,"project":"4452600da3b350ab41d92ae108c2baae6ff0ac3ddb31bd67020ee046ec77ac09"},"id":"project.closed"}}
