{"recorder_version":"21","session":"9abd480d4633","build":"192.6262.58","bucket":"189","time":1574802703607,"group":{"id":"settings","version":"4"},"event":{"state":true,"data":{"component":"NotRoamableUiSettings","created":1574802703771},"id":"invoked"}}
{"recorder_version":"21","session":"9abd480d4633","build":"192.6262.58","bucket":"189","time":1574802703609,"group":{"id":"system.java","version":"1"},"event":{"state":true,"data":{"created":1574802703783,"version":"1.11"},"id":"JetBrains"}}
{"recorder_version":"21","session":"9abd480d4633","build":"192.6262.58","bucket":"189","time":1574802703609,"group":{"id":"system.java","version":"1"},"event":{"state":true,"data":{"created":1574802703798},"id":"invoked"}}
{"recorder_version":"21","session":"9abd480d4633","build":"192.6262.58","bucket":"189","time":1574802703609,"group":{"id":"settings","version":"4"},"event":{"state":true,"data":{"component":"UISettings","created":1574802703799},"id":"invoked"}}
{"recorder_version":"21","session":"9abd480d4633","build":"192.6262.58","bucket":"189","time":1574802703629,"group":{"id":"system.os","version":"3"},"event":{"state":true,"data":{"created":1574802703799,"version":"10.14"},"id":"Mac"}}
{"recorder_version":"21","session":"9abd480d4633","build":"192.6262.58","bucket":"189","time":1574802703629,"group":{"id":"system.os","version":"3"},"event":{"state":true,"data":{"created":1574802703800,"name":"Mac","version":"10.14"},"id":"os.name"}}
{"recorder_version":"21","session":"9abd480d4633","build":"192.6262.58","bucket":"189","time":1574802703629,"group":{"id":"system.os","version":"3"},"event":{"state":true,"data":{"created":1574802703801,"value":"+09_00"},"id":"os.timezone"}}
{"recorder_version":"21","session":"9abd480d4633","build":"192.6262.58","bucket":"189","time":1574802703629,"group":{"id":"system.os","version":"3"},"event":{"state":true,"data":{"created":1574802703802},"id":"invoked"}}
{"recorder_version":"21","session":"9abd480d4633","build":"192.6262.58","bucket":"189","time":1574802703771,"group":{"id":"event.log","version":"21"},"event":{"count":1,"data":{"created":1574802703802,"version":"930.0"},"id":"whitelist.loaded"}}
{"recorder_version":"21","session":"9abd480d4633","build":"192.6262.58","bucket":"189","time":1574802706341,"group":{"id":"settings","version":"4"},"event":{"state":true,"data":{"component":"UpdatesConfigurable","created":1574802706342,"name":"checkNeeded","type":"bool","value":false},"id":"not.default"}}
{"recorder_version":"21","session":"9abd480d4633","build":"192.6262.58","bucket":"189","time":1574802706341,"group":{"id":"settings","version":"4"},"event":{"state":true,"data":{"component":"UpdatesConfigurable","created":1574802706343},"id":"invoked"}}
{"recorder_version":"21","session":"9abd480d4633","build":"192.6262.58","bucket":"189","time":1574802706516,"group":{"id":"settings","version":"4"},"event":{"state":true,"data":{"component":"GeneralSettings","created":1574802706516,"name":"confirmExit","type":"bool","value":false},"id":"not.default"}}
{"recorder_version":"21","session":"9abd480d4633","build":"192.6262.58","bucket":"189","time":1574802706516,"group":{"id":"settings","version":"4"},"event":{"state":true,"data":{"component":"GeneralSettings","created":1574802706519,"name":"showTipsOnStartup","type":"bool","value":false},"id":"not.default"}}
{"recorder_version":"21","session":"9abd480d4633","build":"192.6262.58","bucket":"189","time":1574802706516,"group":{"id":"settings","version":"4"},"event":{"state":true,"data":{"component":"GeneralSettings","created":1574802706521},"id":"invoked"}}
{"recorder_version":"21","session":"9abd480d4633","build":"192.6262.58","bucket":"189","time":1574802706523,"group":{"id":"lifecycle","version":"21"},"event":{"count":1,"data":{"internal":true,"eap":false,"created":1574802706523},"id":"ide.start"}}
{"recorder_version":"21","session":"9abd480d4633","build":"192.6262.58","bucket":"189","time":1574802706873,"group":{"id":"lifecycle","version":"21"},"event":{"count":1,"data":{"created":1574802706873},"id":"frame.activated"}}
{"recorder_version":"21","session":"9abd480d4633","build":"192.6262.58","bucket":"189","time":1574802706989,"group":{"id":"performance","version":"21"},"event":{"count":1,"data":{"duration_ms":86,"created":1574802706989},"id":"ui.latency"}}
{"recorder_version":"21","session":"9abd480d4633","build":"192.6262.58","bucket":"189","time":1574802707340,"group":{"id":"ui.dialogs","version":"21"},"event":{"count":1,"data":{"created":1574802707340,"plugin_type":"PLATFORM","type":"show"},"id":"com.intellij.openapi.progress.util.ProgressDialog$MyDialogWrapper"}}
{"recorder_version":"21","session":"9abd480d4633","build":"192.6262.58","bucket":"189","time":1574802708317,"group":{"id":"lifecycle","version":"21"},"event":{"count":1,"data":{"created":1574802708318,"project":"92ddc83aceaa9edad1485397ccc1680a8fd16623aa2c155379eac4aafdb2a559"},"id":"project.opened"}}
{"recorder_version":"21","session":"9abd480d4633","build":"192.6262.58","bucket":"189","time":1574802709015,"group":{"id":"performance","version":"21"},"event":{"count":1,"data":{"duration_ms":102,"created":1574802709015},"id":"ui.lagging"}}
{"recorder_version":"21","session":"9abd480d4633","build":"192.6262.58","bucket":"189","time":1574802709918,"group":{"id":"settings","version":"4"},"event":{"state":true,"data":{"component":"XmlEditorOptions","created":1574802709918},"id":"invoked"}}
{"recorder_version":"21","session":"9abd480d4633","build":"192.6262.58","bucket":"189","time":1574802710143,"group":{"id":"toolwindow","version":"21"},"event":{"count":1,"data":{"os":"Mac","created":1574802710143,"plugin_type":"PLATFORM"},"id":"Project"}}
{"recorder_version":"21","session":"9abd480d4633","build":"192.6262.58","bucket":"189","time":1574802711900,"group":{"id":"kotlin.jps.target","version":"1"},"event":{"count":1,"data":{"plugin_version":"validation.undefined_rule","created":1574802711900},"id":"validation.undefined_rule"}}
{"recorder_version":"21","session":"9abd480d4633","build":"192.6262.58","bucket":"189","time":1574802712137,"group":{"id":"performance","version":"21"},"event":{"count":1,"data":{"duration_ms":219,"created":1574802712137},"id":"ui.lagging"}}
{"recorder_version":"21","session":"9abd480d4633","build":"192.6262.58","bucket":"189","time":1574802712333,"group":{"id":"project.fs","version":"1"},"event":{"state":true,"data":{"os":"Mac","cs-project":false,"created":1574802712333,"project":"92ddc83aceaa9edad1485397ccc1680a8fd16623aa2c155379eac4aafdb2a559","cs-implicit":true,"cs-system":false},"id":"case-sensitivity"}}
{"recorder_version":"21","session":"9abd480d4633","build":"192.6262.58","bucket":"189","time":1574802712333,"group":{"id":"project.fs","version":"1"},"event":{"state":true,"data":{"created":1574802712333},"id":"invoked"}}
{"recorder_version":"21","session":"9abd480d4633","build":"192.6262.58","bucket":"189","time":1574802712334,"group":{"id":"project.fs","version":"1"},"event":{"state":true,"data":{"pct-non-watched":0,"created":1574802712334,"project":"92ddc83aceaa9edad1485397ccc1680a8fd16623aa2c155379eac4aafdb2a559"},"id":"roots-watched"}}
{"recorder_version":"21","session":"9abd480d4633","build":"192.6262.58","bucket":"189","time":1574802712334,"group":{"id":"project.fs","version":"1"},"event":{"state":true,"data":{"created":1574802712334},"id":"invoked"}}
{"recorder_version":"21","session":"9abd480d4633","build":"192.6262.58","bucket":"189","time":1574802712425,"group":{"id":"ui.dialogs","version":"21"},"event":{"count":1,"data":{"code":1,"created":1574802712425,"plugin_type":"PLATFORM","type":"close"},"id":"com.intellij.openapi.progress.util.ProgressDialog$MyDialogWrapper"}}
{"recorder_version":"21","session":"9abd480d4633","build":"192.6262.58","bucket":"189","time":1574802712557,"group":{"id":"lifecycle","version":"21"},"event":{"count":1,"data":{"duration_ms":5496,"created":1574802712557,"project":"92ddc83aceaa9edad1485397ccc1680a8fd16623aa2c155379eac4aafdb2a559"},"id":"project.opening.finished"}}
{"recorder_version":"21","session":"9abd480d4633","build":"192.6262.58","bucket":"189","time":1574802715207,"group":{"id":"actions","version":"21"},"event":{"count":6,"data":{"context_menu":false,"last":1574802717077,"current_file":"TEXT","created":1574802715207,"plugin_type":"PLATFORM","project":"92ddc83aceaa9edad1485397ccc1680a8fd16623aa2c155379eac4aafdb2a559","place":"keyboard_shortcut","class":"com.intellij.openapi.editor.actions.BackspaceAction","input_event":"Backspace"},"id":"EditorBackSpace"}}
{"recorder_version":"21","session":"9abd480d4633","build":"192.6262.58","bucket":"189","time":1574802719512,"group":{"id":"file.types.usage","version":"21"},"event":{"count":1,"data":{"created":1574802719512,"plugin_type":"PLATFORM","project":"92ddc83aceaa9edad1485397ccc1680a8fd16623aa2c155379eac4aafdb2a559","type":"edit"},"id":"IDEA_MODULE"}}
{"recorder_version":"21","session":"9abd480d4633","build":"192.6262.58","bucket":"189","time":1574802779555,"group":{"id":"file.types.usage","version":"21"},"event":{"count":1,"data":{"created":1574802779555,"plugin_type":"PLATFORM","project":"92ddc83aceaa9edad1485397ccc1680a8fd16623aa2c155379eac4aafdb2a559","type":"edit"},"id":"IDEA_MODULE"}}
{"recorder_version":"21","session":"9abd480d4633","build":"192.6262.58","bucket":"189","time":1574802784923,"group":{"id":"actions","version":"21"},"event":{"count":3,"data":{"context_menu":false,"last":1574802785272,"current_file":"TEXT","created":1574802784923,"plugin_type":"PLATFORM","project":"92ddc83aceaa9edad1485397ccc1680a8fd16623aa2c155379eac4aafdb2a559","place":"keyboard_shortcut","class":"com.intellij.openapi.editor.actions.BackspaceAction","input_event":"Backspace"},"id":"EditorBackSpace"}}
{"recorder_version":"21","session":"9abd480d4633","build":"192.6262.58","bucket":"189","time":1574802807188,"group":{"id":"performance","version":"21"},"event":{"count":1,"data":{"duration_ms":1,"created":1574802807188},"id":"ui.latency"}}
{"recorder_version":"21","session":"9abd480d4633","build":"192.6262.58","bucket":"189","time":1574802854569,"group":{"id":"lifecycle","version":"21"},"event":{"count":1,"data":{"created":1574802854570,"project":"92ddc83aceaa9edad1485397ccc1680a8fd16623aa2c155379eac4aafdb2a559"},"id":"frame.deactivated"}}
{"recorder_version":"21","session":"9abd480d4633","build":"192.6262.58","bucket":"189","time":1574802916008,"group":{"id":"performance","version":"21"},"event":{"count":1,"data":{"duration_ms":1,"created":1574802916009},"id":"ui.latency"}}
{"recorder_version":"21","session":"9abd480d4633","build":"192.6262.58","bucket":"189","time":1574802916637,"group":{"id":"lifecycle","version":"21"},"event":{"count":1,"data":{"created":1574802917087,"project":"92ddc83aceaa9edad1485397ccc1680a8fd16623aa2c155379eac4aafdb2a559"},"id":"frame.activated"}}
{"recorder_version":"21","session":"9abd480d4633","build":"192.6262.58","bucket":"189","time":1574802918840,"group":{"id":"lifecycle","version":"21"},"event":{"count":1,"data":{"restart":false,"created":1574802918840},"id":"ide.close"}}
{"recorder_version":"21","session":"9abd480d4633","build":"192.6262.58","bucket":"189","time":1574802918985,"group":{"id":"lifecycle","version":"21"},"event":{"count":1,"data":{"created":1574802918986,"project":"92ddc83aceaa9edad1485397ccc1680a8fd16623aa2c155379eac4aafdb2a559"},"id":"project.closed"}}
