{"recorder_version":"21","session":"da2924f43d4f","build":"192.6262.58","bucket":"189","time":1574629239138,"group":{"id":"settings","version":"4"},"event":{"state":true,"data":{"component":"NotRoamableUiSettings","created":1574629239310},"id":"invoked"}}
{"recorder_version":"21","session":"da2924f43d4f","build":"192.6262.58","bucket":"189","time":1574629239140,"group":{"id":"system.java","version":"1"},"event":{"state":true,"data":{"created":1574629239312,"version":"1.11"},"id":"JetBrains"}}
{"recorder_version":"21","session":"da2924f43d4f","build":"192.6262.58","bucket":"189","time":1574629239140,"group":{"id":"system.java","version":"1"},"event":{"state":true,"data":{"created":1574629239323},"id":"invoked"}}
{"recorder_version":"21","session":"da2924f43d4f","build":"192.6262.58","bucket":"189","time":1574629239140,"group":{"id":"settings","version":"4"},"event":{"state":true,"data":{"component":"UISettings","created":1574629239323},"id":"invoked"}}
{"recorder_version":"21","session":"da2924f43d4f","build":"192.6262.58","bucket":"189","time":1574629239161,"group":{"id":"system.os","version":"3"},"event":{"state":true,"data":{"created":1574629239324,"version":"10.14"},"id":"Mac"}}
{"recorder_version":"21","session":"da2924f43d4f","build":"192.6262.58","bucket":"189","time":1574629239161,"group":{"id":"system.os","version":"3"},"event":{"state":true,"data":{"created":1574629239325,"name":"Mac","version":"10.14"},"id":"os.name"}}
{"recorder_version":"21","session":"da2924f43d4f","build":"192.6262.58","bucket":"189","time":1574629239161,"group":{"id":"system.os","version":"3"},"event":{"state":true,"data":{"created":1574629239326,"value":"+09_00"},"id":"os.timezone"}}
{"recorder_version":"21","session":"da2924f43d4f","build":"192.6262.58","bucket":"189","time":1574629239161,"group":{"id":"system.os","version":"3"},"event":{"state":true,"data":{"created":1574629239327},"id":"invoked"}}
{"recorder_version":"21","session":"da2924f43d4f","build":"192.6262.58","bucket":"189","time":1574629239310,"group":{"id":"event.log","version":"21"},"event":{"count":1,"data":{"created":1574629239328,"version":"919.0"},"id":"whitelist.loaded"}}
{"recorder_version":"21","session":"da2924f43d4f","build":"192.6262.58","bucket":"189","time":1574629241481,"group":{"id":"settings","version":"4"},"event":{"state":true,"data":{"component":"UpdatesConfigurable","created":1574629241482,"name":"checkNeeded","type":"bool","value":false},"id":"not.default"}}
{"recorder_version":"21","session":"da2924f43d4f","build":"192.6262.58","bucket":"189","time":1574629241481,"group":{"id":"settings","version":"4"},"event":{"state":true,"data":{"component":"UpdatesConfigurable","created":1574629241483},"id":"invoked"}}
{"recorder_version":"21","session":"da2924f43d4f","build":"192.6262.58","bucket":"189","time":1574629242101,"group":{"id":"lifecycle","version":"21"},"event":{"count":1,"data":{"internal":true,"eap":false,"created":1574629242101},"id":"ide.start"}}
{"recorder_version":"21","session":"da2924f43d4f","build":"192.6262.58","bucket":"189","time":1574629242104,"group":{"id":"settings","version":"4"},"event":{"state":true,"data":{"component":"GeneralSettings","created":1574629242104,"name":"confirmExit","type":"bool","value":false},"id":"not.default"}}
{"recorder_version":"21","session":"da2924f43d4f","build":"192.6262.58","bucket":"189","time":1574629242104,"group":{"id":"settings","version":"4"},"event":{"state":true,"data":{"component":"GeneralSettings","created":1574629242106,"name":"showTipsOnStartup","type":"bool","value":false},"id":"not.default"}}
{"recorder_version":"21","session":"da2924f43d4f","build":"192.6262.58","bucket":"189","time":1574629242104,"group":{"id":"settings","version":"4"},"event":{"state":true,"data":{"component":"GeneralSettings","created":1574629242106},"id":"invoked"}}
{"recorder_version":"21","session":"da2924f43d4f","build":"192.6262.58","bucket":"189","time":1574629242231,"group":{"id":"performance","version":"21"},"event":{"count":1,"data":{"duration_ms":70,"created":1574629242231},"id":"ui.latency"}}
{"recorder_version":"21","session":"da2924f43d4f","build":"192.6262.58","bucket":"189","time":1574629242837,"group":{"id":"settings","version":"4"},"event":{"state":true,"data":{"component":"XmlEditorOptions","created":1574629242837},"id":"invoked"}}
{"recorder_version":"21","session":"da2924f43d4f","build":"192.6262.58","bucket":"189","time":1574629243999,"group":{"id":"ui.dialogs","version":"21"},"event":{"count":1,"data":{"created":1574629244000,"plugin_type":"PLATFORM","type":"show"},"id":"com.intellij.openapi.progress.util.ProgressDialog$MyDialogWrapper"}}
{"recorder_version":"21","session":"da2924f43d4f","build":"192.6262.58","bucket":"189","time":1574629244927,"group":{"id":"lifecycle","version":"21"},"event":{"count":1,"data":{"created":1574629244927},"id":"frame.deactivated"}}
{"recorder_version":"21","session":"da2924f43d4f","build":"192.6262.58","bucket":"189","time":1574629245130,"group":{"id":"lifecycle","version":"21"},"event":{"count":1,"data":{"created":1574629245130,"project":"92ddc83aceaa9edad1485397ccc1680a8fd16623aa2c155379eac4aafdb2a559"},"id":"project.opened"}}
{"recorder_version":"21","session":"da2924f43d4f","build":"192.6262.58","bucket":"189","time":1574629246328,"group":{"id":"performance","version":"21"},"event":{"count":1,"data":{"duration_ms":1161,"created":1574629246329},"id":"ui.lagging"}}
{"recorder_version":"21","session":"da2924f43d4f","build":"192.6262.58","bucket":"189","time":1574629246461,"group":{"id":"performance","version":"21"},"event":{"count":1,"data":{"duration_ms":289,"created":1574629246461},"id":"ui.lagging"}}
{"recorder_version":"21","session":"da2924f43d4f","build":"192.6262.58","bucket":"189","time":1574629247805,"group":{"id":"performance","version":"21"},"event":{"count":1,"data":{"duration_ms":629,"created":1574629247805},"id":"ui.lagging"}}
{"recorder_version":"21","session":"da2924f43d4f","build":"192.6262.58","bucket":"189","time":1574629247943,"group":{"id":"toolwindow","version":"21"},"event":{"count":1,"data":{"os":"Mac","created":1574629247943,"plugin_type":"PLATFORM"},"id":"Project"}}
{"recorder_version":"21","session":"da2924f43d4f","build":"192.6262.58","bucket":"189","time":1574629248338,"group":{"id":"performance","version":"21"},"event":{"count":1,"data":{"duration_ms":159,"created":1574629248338},"id":"ui.lagging"}}
{"recorder_version":"21","session":"da2924f43d4f","build":"192.6262.58","bucket":"189","time":1574629249435,"group":{"id":"project.fs","version":"1"},"event":{"state":true,"data":{"os":"Mac","cs-project":false,"created":1574629249435,"project":"92ddc83aceaa9edad1485397ccc1680a8fd16623aa2c155379eac4aafdb2a559","cs-implicit":true,"cs-system":false},"id":"case-sensitivity"}}
{"recorder_version":"21","session":"da2924f43d4f","build":"192.6262.58","bucket":"189","time":1574629249435,"group":{"id":"project.fs","version":"1"},"event":{"state":true,"data":{"created":1574629249436},"id":"invoked"}}
{"recorder_version":"21","session":"da2924f43d4f","build":"192.6262.58","bucket":"189","time":1574629249436,"group":{"id":"project.fs","version":"1"},"event":{"state":true,"data":{"pct-non-watched":0,"created":1574629249436,"project":"92ddc83aceaa9edad1485397ccc1680a8fd16623aa2c155379eac4aafdb2a559"},"id":"roots-watched"}}
{"recorder_version":"21","session":"da2924f43d4f","build":"192.6262.58","bucket":"189","time":1574629249436,"group":{"id":"project.fs","version":"1"},"event":{"state":true,"data":{"created":1574629249437},"id":"invoked"}}
{"recorder_version":"21","session":"da2924f43d4f","build":"192.6262.58","bucket":"189","time":1574629249456,"group":{"id":"ui.dialogs","version":"21"},"event":{"count":1,"data":{"code":1,"created":1574629249456,"plugin_type":"PLATFORM","type":"close"},"id":"com.intellij.openapi.progress.util.ProgressDialog$MyDialogWrapper"}}
{"recorder_version":"21","session":"da2924f43d4f","build":"192.6262.58","bucket":"189","time":1574629249618,"group":{"id":"lifecycle","version":"21"},"event":{"count":1,"data":{"duration_ms":5888,"created":1574629249619,"project":"92ddc83aceaa9edad1485397ccc1680a8fd16623aa2c155379eac4aafdb2a559"},"id":"project.opening.finished"}}
{"recorder_version":"21","session":"da2924f43d4f","build":"192.6262.58","bucket":"189","time":1574629250905,"group":{"id":"kotlin.jps.target","version":"1"},"event":{"count":1,"data":{"plugin_version":"1.3.41-release-IJ2019.2-1","created":1574629250905},"id":"jvm"}}
{"recorder_version":"21","session":"da2924f43d4f","build":"192.6262.58","bucket":"189","time":1574629250913,"group":{"id":"lifecycle","version":"21"},"event":{"count":1,"data":{"created":1574629250913,"project":"92ddc83aceaa9edad1485397ccc1680a8fd16623aa2c155379eac4aafdb2a559"},"id":"frame.activated"}}
{"recorder_version":"21","session":"da2924f43d4f","build":"192.6262.58","bucket":"189","time":1574629252020,"group":{"id":"file.types.usage","version":"21"},"event":{"count":1,"data":{"created":1574629252020,"plugin_type":"PLATFORM","project":"92ddc83aceaa9edad1485397ccc1680a8fd16623aa2c155379eac4aafdb2a559","type":"edit"},"id":"IDEA_MODULE"}}
{"recorder_version":"21","session":"da2924f43d4f","build":"192.6262.58","bucket":"189","time":1574629252934,"group":{"id":"actions","version":"21"},"event":{"count":3,"data":{"context_menu":false,"last":1574629260641,"current_file":"TEXT","created":1574629252934,"plugin_type":"PLATFORM","project":"92ddc83aceaa9edad1485397ccc1680a8fd16623aa2c155379eac4aafdb2a559","place":"keyboard_shortcut","class":"com.intellij.openapi.editor.actions.BackspaceAction","input_event":"Backspace"},"id":"EditorBackSpace"}}
{"recorder_version":"21","session":"da2924f43d4f","build":"192.6262.58","bucket":"189","time":1574629261103,"group":{"id":"actions","version":"21"},"event":{"count":3,"data":{"context_menu":false,"last":1574629264688,"current_file":"TEXT","created":1574629261103,"plugin_type":"PLATFORM","project":"92ddc83aceaa9edad1485397ccc1680a8fd16623aa2c155379eac4aafdb2a559","place":"keyboard_shortcut","class":"com.intellij.openapi.editor.actions.EscapeAction","input_event":"Escape"},"id":"EditorEscape"}}
{"recorder_version":"21","session":"da2924f43d4f","build":"192.6262.58","bucket":"189","time":1574629320998,"group":{"id":"lifecycle","version":"21"},"event":{"count":1,"data":{"created":1574629320998,"project":"92ddc83aceaa9edad1485397ccc1680a8fd16623aa2c155379eac4aafdb2a559"},"id":"frame.deactivated"}}
{"recorder_version":"21","session":"da2924f43d4f","build":"192.6262.58","bucket":"189","time":1574629342488,"group":{"id":"performance","version":"21"},"event":{"count":1,"data":{"duration_ms":1,"created":1574629342488},"id":"ui.latency"}}
{"recorder_version":"21","session":"da2924f43d4f","build":"192.6262.58","bucket":"189","time":1574629356442,"group":{"id":"lifecycle","version":"21"},"event":{"count":1,"data":{"created":1574629356442,"project":"92ddc83aceaa9edad1485397ccc1680a8fd16623aa2c155379eac4aafdb2a559"},"id":"frame.activated"}}
{"recorder_version":"21","session":"da2924f43d4f","build":"192.6262.58","bucket":"189","time":1574629356706,"group":{"id":"lifecycle","version":"21"},"event":{"count":1,"data":{"restart":false,"created":1574629356706},"id":"ide.close"}}
{"recorder_version":"21","session":"da2924f43d4f","build":"192.6262.58","bucket":"189","time":1574629356784,"group":{"id":"lifecycle","version":"21"},"event":{"count":1,"data":{"created":1574629356784,"project":"92ddc83aceaa9edad1485397ccc1680a8fd16623aa2c155379eac4aafdb2a559"},"id":"project.closed"}}
