{"recorder_version":"21","session":"cab564c74b12","build":"192.6262.58","bucket":"189","time":1575351896657,"group":{"id":"settings","version":"4"},"event":{"state":true,"data":{"component":"NotRoamableUiSettings","created":1575351896841},"id":"invoked"}}
{"recorder_version":"21","session":"cab564c74b12","build":"192.6262.58","bucket":"189","time":1575351896660,"group":{"id":"system.java","version":"1"},"event":{"state":true,"data":{"created":1575351896844,"version":"1.11"},"id":"JetBrains"}}
{"recorder_version":"21","session":"cab564c74b12","build":"192.6262.58","bucket":"189","time":1575351896660,"group":{"id":"system.java","version":"1"},"event":{"state":true,"data":{"created":1575351896853},"id":"invoked"}}
{"recorder_version":"21","session":"cab564c74b12","build":"192.6262.58","bucket":"189","time":1575351896660,"group":{"id":"settings","version":"4"},"event":{"state":true,"data":{"component":"UISettings","created":1575351896853},"id":"invoked"}}
{"recorder_version":"21","session":"cab564c74b12","build":"192.6262.58","bucket":"189","time":1575351896685,"group":{"id":"system.os","version":"3"},"event":{"state":true,"data":{"created":1575351896854,"version":"10.14"},"id":"Mac"}}
{"recorder_version":"21","session":"cab564c74b12","build":"192.6262.58","bucket":"189","time":1575351896685,"group":{"id":"system.os","version":"3"},"event":{"state":true,"data":{"created":1575351896856,"name":"Mac","version":"10.14"},"id":"os.name"}}
{"recorder_version":"21","session":"cab564c74b12","build":"192.6262.58","bucket":"189","time":1575351896685,"group":{"id":"system.os","version":"3"},"event":{"state":true,"data":{"created":1575351896858,"value":"+09_00"},"id":"os.timezone"}}
{"recorder_version":"21","session":"cab564c74b12","build":"192.6262.58","bucket":"189","time":1575351896685,"group":{"id":"system.os","version":"3"},"event":{"state":true,"data":{"created":1575351896859},"id":"invoked"}}
{"recorder_version":"21","session":"cab564c74b12","build":"192.6262.58","bucket":"189","time":1575351896841,"group":{"id":"event.log","version":"21"},"event":{"count":1,"data":{"created":1575351896860,"version":"943.0"},"id":"whitelist.loaded"}}
{"recorder_version":"21","session":"cab564c74b12","build":"192.6262.58","bucket":"189","time":1575351899072,"group":{"id":"settings","version":"4"},"event":{"state":true,"data":{"component":"UpdatesConfigurable","created":1575351899073,"name":"checkNeeded","type":"bool","value":false},"id":"not.default"}}
{"recorder_version":"21","session":"cab564c74b12","build":"192.6262.58","bucket":"189","time":1575351899072,"group":{"id":"settings","version":"4"},"event":{"state":true,"data":{"component":"UpdatesConfigurable","created":1575351899074},"id":"invoked"}}
{"recorder_version":"21","session":"cab564c74b12","build":"192.6262.58","bucket":"189","time":1575351899195,"group":{"id":"settings","version":"4"},"event":{"state":true,"data":{"component":"GeneralSettings","created":1575351899195,"name":"confirmExit","type":"bool","value":false},"id":"not.default"}}
{"recorder_version":"21","session":"cab564c74b12","build":"192.6262.58","bucket":"189","time":1575351899195,"group":{"id":"settings","version":"4"},"event":{"state":true,"data":{"component":"GeneralSettings","created":1575351899196,"name":"showTipsOnStartup","type":"bool","value":false},"id":"not.default"}}
{"recorder_version":"21","session":"cab564c74b12","build":"192.6262.58","bucket":"189","time":1575351899195,"group":{"id":"settings","version":"4"},"event":{"state":true,"data":{"component":"GeneralSettings","created":1575351899198},"id":"invoked"}}
{"recorder_version":"21","session":"cab564c74b12","build":"192.6262.58","bucket":"189","time":1575351899203,"group":{"id":"lifecycle","version":"21"},"event":{"count":1,"data":{"internal":true,"eap":false,"created":1575351899203},"id":"ide.start"}}
{"recorder_version":"21","session":"cab564c74b12","build":"192.6262.58","bucket":"189","time":1575351899588,"group":{"id":"performance","version":"21"},"event":{"count":1,"data":{"duration_ms":5,"created":1575351899589},"id":"ui.latency"}}
{"recorder_version":"21","session":"cab564c74b12","build":"192.6262.58","bucket":"189","time":1575351899925,"group":{"id":"ui.dialogs","version":"21"},"event":{"count":1,"data":{"created":1575351899926,"plugin_type":"PLATFORM","type":"show"},"id":"com.intellij.openapi.progress.util.ProgressDialog$MyDialogWrapper"}}
{"recorder_version":"21","session":"cab564c74b12","build":"192.6262.58","bucket":"189","time":1575351901051,"group":{"id":"lifecycle","version":"21"},"event":{"count":1,"data":{"created":1575351901051,"project":"4452600da3b350ab41d92ae108c2baae6ff0ac3ddb31bd67020ee046ec77ac09"},"id":"project.opened"}}
{"recorder_version":"21","session":"cab564c74b12","build":"192.6262.58","bucket":"189","time":1575351901726,"group":{"id":"performance","version":"21"},"event":{"count":1,"data":{"duration_ms":141,"created":1575351901726},"id":"ui.lagging"}}
{"recorder_version":"21","session":"cab564c74b12","build":"192.6262.58","bucket":"189","time":1575351902781,"group":{"id":"settings","version":"4"},"event":{"state":true,"data":{"component":"XmlEditorOptions","created":1575351902781},"id":"invoked"}}
{"recorder_version":"21","session":"cab564c74b12","build":"192.6262.58","bucket":"189","time":1575351902855,"group":{"id":"performance","version":"21"},"event":{"count":1,"data":{"duration_ms":270,"created":1575351902855},"id":"ui.lagging"}}
{"recorder_version":"21","session":"cab564c74b12","build":"192.6262.58","bucket":"189","time":1575351903498,"group":{"id":"toolwindow","version":"21"},"event":{"count":1,"data":{"os":"Mac","created":1575351903498,"plugin_type":"PLATFORM"},"id":"Project"}}
{"recorder_version":"21","session":"cab564c74b12","build":"192.6262.58","bucket":"189","time":1575351904495,"group":{"id":"lifecycle","version":"21"},"event":{"count":1,"data":{"created":1575351904495,"project":"4452600da3b350ab41d92ae108c2baae6ff0ac3ddb31bd67020ee046ec77ac09"},"id":"frame.activated"}}
{"recorder_version":"21","session":"cab564c74b12","build":"192.6262.58","bucket":"189","time":1575351904550,"group":{"id":"performance","version":"21"},"event":{"count":1,"data":{"duration_ms":963,"created":1575351904550},"id":"ui.lagging"}}
{"recorder_version":"21","session":"cab564c74b12","build":"192.6262.58","bucket":"189","time":1575351905014,"group":{"id":"performance","version":"21"},"event":{"count":1,"data":{"duration_ms":426,"created":1575351905014},"id":"ui.lagging"}}
{"recorder_version":"21","session":"cab564c74b12","build":"192.6262.58","bucket":"189","time":1575351906039,"group":{"id":"project.fs","version":"1"},"event":{"state":true,"data":{"os":"Mac","cs-project":false,"created":1575351906039,"project":"4452600da3b350ab41d92ae108c2baae6ff0ac3ddb31bd67020ee046ec77ac09","cs-implicit":true,"cs-system":false},"id":"case-sensitivity"}}
{"recorder_version":"21","session":"cab564c74b12","build":"192.6262.58","bucket":"189","time":1575351906040,"group":{"id":"project.fs","version":"1"},"event":{"state":true,"data":{"created":1575351906040},"id":"invoked"}}
{"recorder_version":"21","session":"cab564c74b12","build":"192.6262.58","bucket":"189","time":1575351906040,"group":{"id":"project.fs","version":"1"},"event":{"state":true,"data":{"pct-non-watched":0,"created":1575351906040,"project":"4452600da3b350ab41d92ae108c2baae6ff0ac3ddb31bd67020ee046ec77ac09"},"id":"roots-watched"}}
{"recorder_version":"21","session":"cab564c74b12","build":"192.6262.58","bucket":"189","time":1575351906040,"group":{"id":"project.fs","version":"1"},"event":{"state":true,"data":{"created":1575351906041},"id":"invoked"}}
{"recorder_version":"21","session":"cab564c74b12","build":"192.6262.58","bucket":"189","time":1575351906144,"group":{"id":"ui.dialogs","version":"21"},"event":{"count":1,"data":{"code":1,"created":1575351906144,"plugin_type":"PLATFORM","type":"close"},"id":"com.intellij.openapi.progress.util.ProgressDialog$MyDialogWrapper"}}
{"recorder_version":"21","session":"cab564c74b12","build":"192.6262.58","bucket":"189","time":1575351906814,"group":{"id":"lifecycle","version":"21"},"event":{"count":1,"data":{"duration_ms":7139,"created":1575351906814,"project":"4452600da3b350ab41d92ae108c2baae6ff0ac3ddb31bd67020ee046ec77ac09"},"id":"project.opening.finished"}}
{"recorder_version":"21","session":"cab564c74b12","build":"192.6262.58","bucket":"189","time":1575351906958,"group":{"id":"performance","version":"21"},"event":{"count":1,"data":{"duration_ms":369,"created":1575351906958},"id":"ui.lagging"}}
{"recorder_version":"21","session":"cab564c74b12","build":"192.6262.58","bucket":"189","time":1575351907051,"group":{"id":"lifecycle","version":"21"},"event":{"count":1,"data":{"created":1575351907051,"project":"4452600da3b350ab41d92ae108c2baae6ff0ac3ddb31bd67020ee046ec77ac09"},"id":"frame.deactivated"}}
{"recorder_version":"21","session":"cab564c74b12","build":"192.6262.58","bucket":"189","time":1575351907335,"group":{"id":"lifecycle","version":"21"},"event":{"count":1,"data":{"restart":false,"created":1575351907335},"id":"ide.close"}}
{"recorder_version":"21","session":"cab564c74b12","build":"192.6262.58","bucket":"189","time":1575351907823,"group":{"id":"lifecycle","version":"21"},"event":{"count":1,"data":{"created":1575351907823,"project":"4452600da3b350ab41d92ae108c2baae6ff0ac3ddb31bd67020ee046ec77ac09"},"id":"project.closed"}}
