{"recorder_version":"21","session":"b95514e91fd5","build":"192.6262.58","bucket":"189","time":1574435117020,"group":{"id":"settings","version":"4"},"event":{"state":true,"data":{"component":"NotRoamableUiSettings","created":1574435117164},"id":"invoked"}}
{"recorder_version":"21","session":"b95514e91fd5","build":"192.6262.58","bucket":"189","time":1574435117022,"group":{"id":"system.java","version":"1"},"event":{"state":true,"data":{"created":1574435117166,"version":"1.11"},"id":"JetBrains"}}
{"recorder_version":"21","session":"b95514e91fd5","build":"192.6262.58","bucket":"189","time":1574435117022,"group":{"id":"system.java","version":"1"},"event":{"state":true,"data":{"created":1574435117174},"id":"invoked"}}
{"recorder_version":"21","session":"b95514e91fd5","build":"192.6262.58","bucket":"189","time":1574435117023,"group":{"id":"settings","version":"4"},"event":{"state":true,"data":{"component":"UISettings","created":1574435117174},"id":"invoked"}}
{"recorder_version":"21","session":"b95514e91fd5","build":"192.6262.58","bucket":"189","time":1574435117043,"group":{"id":"system.os","version":"3"},"event":{"state":true,"data":{"created":1574435117175,"version":"10.14"},"id":"Mac"}}
{"recorder_version":"21","session":"b95514e91fd5","build":"192.6262.58","bucket":"189","time":1574435117043,"group":{"id":"system.os","version":"3"},"event":{"state":true,"data":{"created":1574435117176,"name":"Mac","version":"10.14"},"id":"os.name"}}
{"recorder_version":"21","session":"b95514e91fd5","build":"192.6262.58","bucket":"189","time":1574435117043,"group":{"id":"system.os","version":"3"},"event":{"state":true,"data":{"created":1574435117177,"value":"+09_00"},"id":"os.timezone"}}
{"recorder_version":"21","session":"b95514e91fd5","build":"192.6262.58","bucket":"189","time":1574435117043,"group":{"id":"system.os","version":"3"},"event":{"state":true,"data":{"created":1574435117178},"id":"invoked"}}
{"recorder_version":"21","session":"b95514e91fd5","build":"192.6262.58","bucket":"189","time":1574435117164,"group":{"id":"event.log","version":"21"},"event":{"count":1,"data":{"created":1574435117178,"version":"916.0"},"id":"whitelist.loaded"}}
{"recorder_version":"21","session":"b95514e91fd5","build":"192.6262.58","bucket":"189","time":1574435119285,"group":{"id":"settings","version":"4"},"event":{"state":true,"data":{"component":"UpdatesConfigurable","created":1574435119285,"name":"checkNeeded","type":"bool","value":false},"id":"not.default"}}
{"recorder_version":"21","session":"b95514e91fd5","build":"192.6262.58","bucket":"189","time":1574435119285,"group":{"id":"settings","version":"4"},"event":{"state":true,"data":{"component":"UpdatesConfigurable","created":1574435119286},"id":"invoked"}}
{"recorder_version":"21","session":"b95514e91fd5","build":"192.6262.58","bucket":"189","time":1574435119425,"group":{"id":"settings","version":"4"},"event":{"state":true,"data":{"component":"GeneralSettings","created":1574435119426,"name":"confirmExit","type":"bool","value":false},"id":"not.default"}}
{"recorder_version":"21","session":"b95514e91fd5","build":"192.6262.58","bucket":"189","time":1574435119425,"group":{"id":"settings","version":"4"},"event":{"state":true,"data":{"component":"GeneralSettings","created":1574435119427,"name":"showTipsOnStartup","type":"bool","value":false},"id":"not.default"}}
{"recorder_version":"21","session":"b95514e91fd5","build":"192.6262.58","bucket":"189","time":1574435119426,"group":{"id":"settings","version":"4"},"event":{"state":true,"data":{"component":"GeneralSettings","created":1574435119428},"id":"invoked"}}
{"recorder_version":"21","session":"b95514e91fd5","build":"192.6262.58","bucket":"189","time":1574435119439,"group":{"id":"lifecycle","version":"21"},"event":{"count":1,"data":{"internal":true,"eap":false,"created":1574435119446},"id":"ide.start"}}
{"recorder_version":"21","session":"b95514e91fd5","build":"192.6262.58","bucket":"189","time":1574435119765,"group":{"id":"lifecycle","version":"21"},"event":{"count":1,"data":{"created":1574435119765},"id":"frame.activated"}}
{"recorder_version":"21","session":"b95514e91fd5","build":"192.6262.58","bucket":"189","time":1574435119959,"group":{"id":"performance","version":"21"},"event":{"count":1,"data":{"duration_ms":0,"created":1574435119959},"id":"ui.latency"}}
{"recorder_version":"21","session":"b95514e91fd5","build":"192.6262.58","bucket":"189","time":1574435120262,"group":{"id":"ui.dialogs","version":"21"},"event":{"count":1,"data":{"created":1574435120263,"plugin_type":"PLATFORM","type":"show"},"id":"com.intellij.openapi.progress.util.ProgressDialog$MyDialogWrapper"}}
{"recorder_version":"21","session":"b95514e91fd5","build":"192.6262.58","bucket":"189","time":1574435121211,"group":{"id":"lifecycle","version":"21"},"event":{"count":1,"data":{"created":1574435121211,"project":"a0f12fb42952fc36a102045bdbb22ad1f15aa9443e9c675024683f4da70c8bc4"},"id":"project.opened"}}
{"recorder_version":"21","session":"b95514e91fd5","build":"192.6262.58","bucket":"189","time":1574435122719,"group":{"id":"settings","version":"4"},"event":{"state":true,"data":{"component":"XmlEditorOptions","created":1574435122719},"id":"invoked"}}
{"recorder_version":"21","session":"b95514e91fd5","build":"192.6262.58","bucket":"189","time":1574435122837,"group":{"id":"toolwindow","version":"21"},"event":{"count":1,"data":{"os":"Mac","created":1574435122838,"plugin_type":"PLATFORM"},"id":"Project"}}
{"recorder_version":"21","session":"b95514e91fd5","build":"192.6262.58","bucket":"189","time":1574435123178,"group":{"id":"performance","version":"21"},"event":{"count":1,"data":{"duration_ms":216,"created":1574435123179},"id":"ui.lagging"}}
{"recorder_version":"21","session":"b95514e91fd5","build":"192.6262.58","bucket":"189","time":1574435125051,"group":{"id":"project.fs","version":"1"},"event":{"state":true,"data":{"os":"Mac","cs-project":false,"created":1574435125051,"project":"a0f12fb42952fc36a102045bdbb22ad1f15aa9443e9c675024683f4da70c8bc4","cs-implicit":true,"cs-system":false},"id":"case-sensitivity"}}
{"recorder_version":"21","session":"b95514e91fd5","build":"192.6262.58","bucket":"189","time":1574435125051,"group":{"id":"project.fs","version":"1"},"event":{"state":true,"data":{"created":1574435125051},"id":"invoked"}}
{"recorder_version":"21","session":"b95514e91fd5","build":"192.6262.58","bucket":"189","time":1574435125052,"group":{"id":"project.fs","version":"1"},"event":{"state":true,"data":{"pct-non-watched":0,"created":1574435125052,"project":"a0f12fb42952fc36a102045bdbb22ad1f15aa9443e9c675024683f4da70c8bc4"},"id":"roots-watched"}}
{"recorder_version":"21","session":"b95514e91fd5","build":"192.6262.58","bucket":"189","time":1574435125052,"group":{"id":"project.fs","version":"1"},"event":{"state":true,"data":{"created":1574435125052},"id":"invoked"}}
{"recorder_version":"21","session":"b95514e91fd5","build":"192.6262.58","bucket":"189","time":1574435125067,"group":{"id":"ui.dialogs","version":"21"},"event":{"count":1,"data":{"code":1,"created":1574435125067,"plugin_type":"PLATFORM","type":"close"},"id":"com.intellij.openapi.progress.util.ProgressDialog$MyDialogWrapper"}}
{"recorder_version":"21","session":"b95514e91fd5","build":"192.6262.58","bucket":"189","time":1574435125225,"group":{"id":"lifecycle","version":"21"},"event":{"count":1,"data":{"duration_ms":5238,"created":1574435125226,"project":"a0f12fb42952fc36a102045bdbb22ad1f15aa9443e9c675024683f4da70c8bc4"},"id":"project.opening.finished"}}
{"recorder_version":"21","session":"b95514e91fd5","build":"192.6262.58","bucket":"189","time":1574435127284,"group":{"id":"kotlin.jps.target","version":"1"},"event":{"count":1,"data":{"plugin_version":"1.3.41-release-IJ2019.2-1","created":1574435127284},"id":"jvm"}}
{"recorder_version":"21","session":"b95514e91fd5","build":"192.6262.58","bucket":"189","time":1574435147474,"group":{"id":"file.types.usage","version":"21"},"event":{"count":1,"data":{"plugin":"com.intellij.java","created":1574435147474,"plugin_type":"JB_BUNDLED","project":"a0f12fb42952fc36a102045bdbb22ad1f15aa9443e9c675024683f4da70c8bc4","type":"edit"},"id":"JAVA"}}
{"recorder_version":"21","session":"b95514e91fd5","build":"192.6262.58","bucket":"189","time":1574435151638,"group":{"id":"actions","version":"21"},"event":{"count":16,"data":{"context_menu":false,"last":1574435155009,"created":1574435151638,"plugin_type":"PLATFORM","project":"a0f12fb42952fc36a102045bdbb22ad1f15aa9443e9c675024683f4da70c8bc4","place":"keyboard_shortcut","class":"com.intellij.openapi.editor.actions.BackspaceAction","input_event":"Backspace"},"id":"EditorBackSpace"}}
{"recorder_version":"21","session":"b95514e91fd5","build":"192.6262.58","bucket":"189","time":1574435155342,"group":{"id":"lifecycle","version":"21"},"event":{"count":5,"data":{"last":1574435159911,"created":1574435155342,"plugin_type":"NOT_LISTED","error":"java.lang.StringIndexOutOfBoundsException"},"id":"ide.error"}}
{"recorder_version":"21","session":"b95514e91fd5","build":"192.6262.58","bucket":"189","time":1574435163479,"group":{"id":"lifecycle","version":"21"},"event":{"count":1,"data":{"restart":false,"created":1574435163479},"id":"ide.close"}}
{"recorder_version":"21","session":"b95514e91fd5","build":"192.6262.58","bucket":"189","time":1574435163886,"group":{"id":"lifecycle","version":"21"},"event":{"count":1,"data":{"created":1574435163886,"project":"a0f12fb42952fc36a102045bdbb22ad1f15aa9443e9c675024683f4da70c8bc4"},"id":"project.closed"}}
