{"recorder_version":"21","session":"a4043caf5fe2","build":"192.6262.58","bucket":"189","time":1574431229241,"group":{"id":"settings","version":"4"},"event":{"state":true,"data":{"component":"NotRoamableUiSettings","created":1574431229404},"id":"invoked"}}
{"recorder_version":"21","session":"a4043caf5fe2","build":"192.6262.58","bucket":"189","time":1574431229243,"group":{"id":"system.java","version":"1"},"event":{"state":true,"data":{"created":1574431229407,"version":"1.11"},"id":"JetBrains"}}
{"recorder_version":"21","session":"a4043caf5fe2","build":"192.6262.58","bucket":"189","time":1574431229243,"group":{"id":"system.java","version":"1"},"event":{"state":true,"data":{"created":1574431229415},"id":"invoked"}}
{"recorder_version":"21","session":"a4043caf5fe2","build":"192.6262.58","bucket":"189","time":1574431229243,"group":{"id":"settings","version":"4"},"event":{"state":true,"data":{"component":"UISettings","created":1574431229416},"id":"invoked"}}
{"recorder_version":"21","session":"a4043caf5fe2","build":"192.6262.58","bucket":"189","time":1574431229264,"group":{"id":"system.os","version":"3"},"event":{"state":true,"data":{"created":1574431229417,"version":"10.14"},"id":"Mac"}}
{"recorder_version":"21","session":"a4043caf5fe2","build":"192.6262.58","bucket":"189","time":1574431229264,"group":{"id":"system.os","version":"3"},"event":{"state":true,"data":{"created":1574431229418,"name":"Mac","version":"10.14"},"id":"os.name"}}
{"recorder_version":"21","session":"a4043caf5fe2","build":"192.6262.58","bucket":"189","time":1574431229264,"group":{"id":"system.os","version":"3"},"event":{"state":true,"data":{"created":1574431229419,"value":"+09_00"},"id":"os.timezone"}}
{"recorder_version":"21","session":"a4043caf5fe2","build":"192.6262.58","bucket":"189","time":1574431229264,"group":{"id":"system.os","version":"3"},"event":{"state":true,"data":{"created":1574431229419},"id":"invoked"}}
{"recorder_version":"21","session":"a4043caf5fe2","build":"192.6262.58","bucket":"189","time":1574431229403,"group":{"id":"event.log","version":"21"},"event":{"count":1,"data":{"created":1574431229420,"version":"916.0"},"id":"whitelist.loaded"}}
{"recorder_version":"21","session":"a4043caf5fe2","build":"192.6262.58","bucket":"189","time":1574431231609,"group":{"id":"settings","version":"4"},"event":{"state":true,"data":{"component":"UpdatesConfigurable","created":1574431231609,"name":"checkNeeded","type":"bool","value":false},"id":"not.default"}}
{"recorder_version":"21","session":"a4043caf5fe2","build":"192.6262.58","bucket":"189","time":1574431231609,"group":{"id":"settings","version":"4"},"event":{"state":true,"data":{"component":"UpdatesConfigurable","created":1574431231610},"id":"invoked"}}
{"recorder_version":"21","session":"a4043caf5fe2","build":"192.6262.58","bucket":"189","time":1574431231730,"group":{"id":"settings","version":"4"},"event":{"state":true,"data":{"component":"GeneralSettings","created":1574431231732,"name":"confirmExit","type":"bool","value":false},"id":"not.default"}}
{"recorder_version":"21","session":"a4043caf5fe2","build":"192.6262.58","bucket":"189","time":1574431231731,"group":{"id":"settings","version":"4"},"event":{"state":true,"data":{"component":"GeneralSettings","created":1574431231735,"name":"showTipsOnStartup","type":"bool","value":false},"id":"not.default"}}
{"recorder_version":"21","session":"a4043caf5fe2","build":"192.6262.58","bucket":"189","time":1574431231731,"group":{"id":"settings","version":"4"},"event":{"state":true,"data":{"component":"GeneralSettings","created":1574431231741},"id":"invoked"}}
{"recorder_version":"21","session":"a4043caf5fe2","build":"192.6262.58","bucket":"189","time":1574431231743,"group":{"id":"lifecycle","version":"21"},"event":{"count":1,"data":{"internal":true,"eap":false,"created":1574431231743},"id":"ide.start"}}
{"recorder_version":"21","session":"a4043caf5fe2","build":"192.6262.58","bucket":"189","time":1574431232101,"group":{"id":"lifecycle","version":"21"},"event":{"count":1,"data":{"created":1574431232101},"id":"frame.activated"}}
{"recorder_version":"21","session":"a4043caf5fe2","build":"192.6262.58","bucket":"189","time":1574431232287,"group":{"id":"performance","version":"21"},"event":{"count":1,"data":{"duration_ms":2,"created":1574431232288},"id":"ui.latency"}}
{"recorder_version":"21","session":"a4043caf5fe2","build":"192.6262.58","bucket":"189","time":1574431232590,"group":{"id":"ui.dialogs","version":"21"},"event":{"count":1,"data":{"created":1574431232591,"plugin_type":"PLATFORM","type":"show"},"id":"com.intellij.openapi.progress.util.ProgressDialog$MyDialogWrapper"}}
{"recorder_version":"21","session":"a4043caf5fe2","build":"192.6262.58","bucket":"189","time":1574431233733,"group":{"id":"lifecycle","version":"21"},"event":{"count":1,"data":{"created":1574431233734,"project":"a0f12fb42952fc36a102045bdbb22ad1f15aa9443e9c675024683f4da70c8bc4"},"id":"project.opened"}}
{"recorder_version":"21","session":"a4043caf5fe2","build":"192.6262.58","bucket":"189","time":1574431234431,"group":{"id":"performance","version":"21"},"event":{"count":1,"data":{"duration_ms":142,"created":1574431234431},"id":"ui.lagging"}}
{"recorder_version":"21","session":"a4043caf5fe2","build":"192.6262.58","bucket":"189","time":1574431235754,"group":{"id":"settings","version":"4"},"event":{"state":true,"data":{"component":"XmlEditorOptions","created":1574431235754},"id":"invoked"}}
{"recorder_version":"21","session":"a4043caf5fe2","build":"192.6262.58","bucket":"189","time":1574431235838,"group":{"id":"performance","version":"21"},"event":{"count":1,"data":{"duration_ms":549,"created":1574431235839},"id":"ui.lagging"}}
{"recorder_version":"21","session":"a4043caf5fe2","build":"192.6262.58","bucket":"189","time":1574431235902,"group":{"id":"toolwindow","version":"21"},"event":{"count":1,"data":{"os":"Mac","created":1574431235902,"plugin_type":"PLATFORM"},"id":"Project"}}
{"recorder_version":"21","session":"a4043caf5fe2","build":"192.6262.58","bucket":"189","time":1574431238361,"group":{"id":"project.fs","version":"1"},"event":{"state":true,"data":{"os":"Mac","cs-project":false,"created":1574431238361,"project":"a0f12fb42952fc36a102045bdbb22ad1f15aa9443e9c675024683f4da70c8bc4","cs-implicit":true,"cs-system":false},"id":"case-sensitivity"}}
{"recorder_version":"21","session":"a4043caf5fe2","build":"192.6262.58","bucket":"189","time":1574431238361,"group":{"id":"project.fs","version":"1"},"event":{"state":true,"data":{"created":1574431238361},"id":"invoked"}}
{"recorder_version":"21","session":"a4043caf5fe2","build":"192.6262.58","bucket":"189","time":1574431238362,"group":{"id":"project.fs","version":"1"},"event":{"state":true,"data":{"pct-non-watched":0,"created":1574431238362,"project":"a0f12fb42952fc36a102045bdbb22ad1f15aa9443e9c675024683f4da70c8bc4"},"id":"roots-watched"}}
{"recorder_version":"21","session":"a4043caf5fe2","build":"192.6262.58","bucket":"189","time":1574431238362,"group":{"id":"project.fs","version":"1"},"event":{"state":true,"data":{"created":1574431238362},"id":"invoked"}}
{"recorder_version":"21","session":"a4043caf5fe2","build":"192.6262.58","bucket":"189","time":1574431238382,"group":{"id":"ui.dialogs","version":"21"},"event":{"count":1,"data":{"code":1,"created":1574431238382,"plugin_type":"PLATFORM","type":"close"},"id":"com.intellij.openapi.progress.util.ProgressDialog$MyDialogWrapper"}}
{"recorder_version":"21","session":"a4043caf5fe2","build":"192.6262.58","bucket":"189","time":1574431238571,"group":{"id":"lifecycle","version":"21"},"event":{"count":1,"data":{"duration_ms":6210,"created":1574431238572,"project":"a0f12fb42952fc36a102045bdbb22ad1f15aa9443e9c675024683f4da70c8bc4"},"id":"project.opening.finished"}}
{"recorder_version":"21","session":"a4043caf5fe2","build":"192.6262.58","bucket":"189","time":1574431240075,"group":{"id":"file.types.usage","version":"21"},"event":{"count":1,"data":{"plugin":"com.intellij.java","created":1574431240075,"plugin_type":"JB_BUNDLED","project":"a0f12fb42952fc36a102045bdbb22ad1f15aa9443e9c675024683f4da70c8bc4","type":"edit"},"id":"JAVA"}}
{"recorder_version":"21","session":"a4043caf5fe2","build":"192.6262.58","bucket":"189","time":1574431240662,"group":{"id":"kotlin.jps.target","version":"1"},"event":{"count":1,"data":{"plugin_version":"1.3.41-release-IJ2019.2-1","created":1574431240662},"id":"jvm"}}
{"recorder_version":"21","session":"a4043caf5fe2","build":"192.6262.58","bucket":"189","time":1574431243307,"group":{"id":"actions","version":"21"},"event":{"count":1,"data":{"context_menu":false,"current_file":"JAVA","created":1574431243308,"plugin_type":"PLATFORM","project":"a0f12fb42952fc36a102045bdbb22ad1f15aa9443e9c675024683f4da70c8bc4","place":"keyboard_shortcut","class":"com.intellij.openapi.editor.actions.MoveCaretDownAction","input_event":"Down"},"id":"EditorDown"}}
{"recorder_version":"21","session":"a4043caf5fe2","build":"192.6262.58","bucket":"189","time":1574431267873,"group":{"id":"lifecycle","version":"21"},"event":{"count":1,"data":{"created":1574431267873,"project":"a0f12fb42952fc36a102045bdbb22ad1f15aa9443e9c675024683f4da70c8bc4"},"id":"frame.deactivated"}}
{"recorder_version":"21","session":"a4043caf5fe2","build":"192.6262.58","bucket":"189","time":1574431332600,"group":{"id":"performance","version":"21"},"event":{"count":1,"data":{"duration_ms":0,"created":1574431332601},"id":"ui.latency"}}
{"recorder_version":"21","session":"a4043caf5fe2","build":"192.6262.58","bucket":"189","time":1574431387586,"group":{"id":"lifecycle","version":"21"},"event":{"count":1,"data":{"created":1574431387587,"project":"a0f12fb42952fc36a102045bdbb22ad1f15aa9443e9c675024683f4da70c8bc4"},"id":"frame.activated"}}
{"recorder_version":"21","session":"a4043caf5fe2","build":"192.6262.58","bucket":"189","time":1574431388280,"group":{"id":"lifecycle","version":"21"},"event":{"count":1,"data":{"restart":false,"created":1574431388280},"id":"ide.close"}}
{"recorder_version":"21","session":"a4043caf5fe2","build":"192.6262.58","bucket":"189","time":1574431388379,"group":{"id":"lifecycle","version":"21"},"event":{"count":1,"data":{"created":1574431388379,"project":"a0f12fb42952fc36a102045bdbb22ad1f15aa9443e9c675024683f4da70c8bc4"},"id":"project.closed"}}
