{"recorder_version":"21","session":"157565de5a8a","build":"192.6262.58","bucket":"189","time":1575349511226,"group":{"id":"settings","version":"4"},"event":{"state":true,"data":{"component":"NotRoamableUiSettings","created":1575349511380},"id":"invoked"}}
{"recorder_version":"21","session":"157565de5a8a","build":"192.6262.58","bucket":"189","time":1575349511228,"group":{"id":"system.java","version":"1"},"event":{"state":true,"data":{"created":1575349511381,"version":"1.11"},"id":"JetBrains"}}
{"recorder_version":"21","session":"157565de5a8a","build":"192.6262.58","bucket":"189","time":1575349511228,"group":{"id":"system.java","version":"1"},"event":{"state":true,"data":{"created":1575349511389},"id":"invoked"}}
{"recorder_version":"21","session":"157565de5a8a","build":"192.6262.58","bucket":"189","time":1575349511229,"group":{"id":"settings","version":"4"},"event":{"state":true,"data":{"component":"UISettings","created":1575349511389},"id":"invoked"}}
{"recorder_version":"21","session":"157565de5a8a","build":"192.6262.58","bucket":"189","time":1575349511249,"group":{"id":"system.os","version":"3"},"event":{"state":true,"data":{"created":1575349511390,"version":"10.14"},"id":"Mac"}}
{"recorder_version":"21","session":"157565de5a8a","build":"192.6262.58","bucket":"189","time":1575349511249,"group":{"id":"system.os","version":"3"},"event":{"state":true,"data":{"created":1575349511390,"name":"Mac","version":"10.14"},"id":"os.name"}}
{"recorder_version":"21","session":"157565de5a8a","build":"192.6262.58","bucket":"189","time":1575349511249,"group":{"id":"system.os","version":"3"},"event":{"state":true,"data":{"created":1575349511391,"value":"+09_00"},"id":"os.timezone"}}
{"recorder_version":"21","session":"157565de5a8a","build":"192.6262.58","bucket":"189","time":1575349511249,"group":{"id":"system.os","version":"3"},"event":{"state":true,"data":{"created":1575349511391},"id":"invoked"}}
{"recorder_version":"21","session":"157565de5a8a","build":"192.6262.58","bucket":"189","time":1575349511380,"group":{"id":"event.log","version":"21"},"event":{"count":1,"data":{"created":1575349511392,"version":"942.0"},"id":"whitelist.loaded"}}
{"recorder_version":"21","session":"157565de5a8a","build":"192.6262.58","bucket":"189","time":1575349513646,"group":{"id":"settings","version":"4"},"event":{"state":true,"data":{"component":"UpdatesConfigurable","created":1575349513647,"name":"checkNeeded","type":"bool","value":false},"id":"not.default"}}
{"recorder_version":"21","session":"157565de5a8a","build":"192.6262.58","bucket":"189","time":1575349513646,"group":{"id":"settings","version":"4"},"event":{"state":true,"data":{"component":"UpdatesConfigurable","created":1575349513648},"id":"invoked"}}
{"recorder_version":"21","session":"157565de5a8a","build":"192.6262.58","bucket":"189","time":1575349513787,"group":{"id":"settings","version":"4"},"event":{"state":true,"data":{"component":"GeneralSettings","created":1575349513788,"name":"confirmExit","type":"bool","value":false},"id":"not.default"}}
{"recorder_version":"21","session":"157565de5a8a","build":"192.6262.58","bucket":"189","time":1575349513787,"group":{"id":"settings","version":"4"},"event":{"state":true,"data":{"component":"GeneralSettings","created":1575349513788,"name":"showTipsOnStartup","type":"bool","value":false},"id":"not.default"}}
{"recorder_version":"21","session":"157565de5a8a","build":"192.6262.58","bucket":"189","time":1575349513787,"group":{"id":"settings","version":"4"},"event":{"state":true,"data":{"component":"GeneralSettings","created":1575349513790},"id":"invoked"}}
{"recorder_version":"21","session":"157565de5a8a","build":"192.6262.58","bucket":"189","time":1575349513793,"group":{"id":"lifecycle","version":"21"},"event":{"count":1,"data":{"internal":true,"eap":false,"created":1575349513793},"id":"ide.start"}}
{"recorder_version":"21","session":"157565de5a8a","build":"192.6262.58","bucket":"189","time":1575349514216,"group":{"id":"performance","version":"21"},"event":{"count":1,"data":{"duration_ms":80,"created":1575349514216},"id":"ui.latency"}}
{"recorder_version":"21","session":"157565de5a8a","build":"192.6262.58","bucket":"189","time":1575349514588,"group":{"id":"ui.dialogs","version":"21"},"event":{"count":1,"data":{"created":1575349514590,"plugin_type":"PLATFORM","type":"show"},"id":"com.intellij.openapi.progress.util.ProgressDialog$MyDialogWrapper"}}
{"recorder_version":"21","session":"157565de5a8a","build":"192.6262.58","bucket":"189","time":1575349515460,"group":{"id":"lifecycle","version":"21"},"event":{"count":1,"data":{"created":1575349515461},"id":"frame.activated"}}
{"recorder_version":"21","session":"157565de5a8a","build":"192.6262.58","bucket":"189","time":1575349515813,"group":{"id":"lifecycle","version":"21"},"event":{"count":1,"data":{"created":1575349515813,"project":"4452600da3b350ab41d92ae108c2baae6ff0ac3ddb31bd67020ee046ec77ac09"},"id":"project.opened"}}
{"recorder_version":"21","session":"157565de5a8a","build":"192.6262.58","bucket":"189","time":1575349516476,"group":{"id":"performance","version":"21"},"event":{"count":1,"data":{"duration_ms":338,"created":1575349516476},"id":"ui.lagging"}}
{"recorder_version":"21","session":"157565de5a8a","build":"192.6262.58","bucket":"189","time":1575349517489,"group":{"id":"settings","version":"4"},"event":{"state":true,"data":{"component":"XmlEditorOptions","created":1575349517489},"id":"invoked"}}
{"recorder_version":"21","session":"157565de5a8a","build":"192.6262.58","bucket":"189","time":1575349517537,"group":{"id":"performance","version":"21"},"event":{"count":1,"data":{"duration_ms":398,"created":1575349517537},"id":"ui.lagging"}}
{"recorder_version":"21","session":"157565de5a8a","build":"192.6262.58","bucket":"189","time":1575349518279,"group":{"id":"toolwindow","version":"21"},"event":{"count":1,"data":{"os":"Mac","created":1575349518279,"plugin_type":"PLATFORM"},"id":"Project"}}
{"recorder_version":"21","session":"157565de5a8a","build":"192.6262.58","bucket":"189","time":1575349519428,"group":{"id":"performance","version":"21"},"event":{"count":1,"data":{"duration_ms":285,"created":1575349519428},"id":"ui.lagging"}}
{"recorder_version":"21","session":"157565de5a8a","build":"192.6262.58","bucket":"189","time":1575349520583,"group":{"id":"project.fs","version":"1"},"event":{"state":true,"data":{"os":"Mac","cs-project":false,"created":1575349520583,"project":"4452600da3b350ab41d92ae108c2baae6ff0ac3ddb31bd67020ee046ec77ac09","cs-implicit":true,"cs-system":false},"id":"case-sensitivity"}}
{"recorder_version":"21","session":"157565de5a8a","build":"192.6262.58","bucket":"189","time":1575349520583,"group":{"id":"project.fs","version":"1"},"event":{"state":true,"data":{"created":1575349520583},"id":"invoked"}}
{"recorder_version":"21","session":"157565de5a8a","build":"192.6262.58","bucket":"189","time":1575349520583,"group":{"id":"project.fs","version":"1"},"event":{"state":true,"data":{"pct-non-watched":0,"created":1575349520584,"project":"4452600da3b350ab41d92ae108c2baae6ff0ac3ddb31bd67020ee046ec77ac09"},"id":"roots-watched"}}
{"recorder_version":"21","session":"157565de5a8a","build":"192.6262.58","bucket":"189","time":1575349520583,"group":{"id":"project.fs","version":"1"},"event":{"state":true,"data":{"created":1575349520584},"id":"invoked"}}
{"recorder_version":"21","session":"157565de5a8a","build":"192.6262.58","bucket":"189","time":1575349520630,"group":{"id":"ui.dialogs","version":"21"},"event":{"count":1,"data":{"code":1,"created":1575349520631,"plugin_type":"PLATFORM","type":"close"},"id":"com.intellij.openapi.progress.util.ProgressDialog$MyDialogWrapper"}}
{"recorder_version":"21","session":"157565de5a8a","build":"192.6262.58","bucket":"189","time":1575349520913,"group":{"id":"lifecycle","version":"21"},"event":{"count":1,"data":{"duration_ms":6594,"created":1575349520914,"project":"4452600da3b350ab41d92ae108c2baae6ff0ac3ddb31bd67020ee046ec77ac09"},"id":"project.opening.finished"}}
{"recorder_version":"21","session":"157565de5a8a","build":"192.6262.58","bucket":"189","time":1575349521497,"group":{"id":"performance","version":"21"},"event":{"count":1,"data":{"duration_ms":350,"created":1575349521497},"id":"ui.lagging"}}
{"recorder_version":"21","session":"157565de5a8a","build":"192.6262.58","bucket":"189","time":1575349521782,"group":{"id":"kotlin.jps.target","version":"1"},"event":{"count":2,"data":{"plugin_version":"validation.undefined_rule","last":1575349521782,"created":1575349521782},"id":"validation.undefined_rule"}}
{"recorder_version":"21","session":"157565de5a8a","build":"192.6262.58","bucket":"189","time":1575349522663,"group":{"id":"vcs.change.reminder","version":"1"},"event":{"count":1,"data":{"created":1575349522663,"project":"4452600da3b350ab41d92ae108c2baae6ff0ac3ddb31bd67020ee046ec77ac09","execution_time":262},"id":"prediction.calculated"}}
{"recorder_version":"21","session":"157565de5a8a","build":"192.6262.58","bucket":"189","time":1575349524181,"group":{"id":"file.types.usage","version":"21"},"event":{"count":1,"data":{"plugin":"com.intellij.java","created":1575349524181,"plugin_type":"JB_BUNDLED","project":"4452600da3b350ab41d92ae108c2baae6ff0ac3ddb31bd67020ee046ec77ac09","type":"edit"},"id":"JAVA"}}
{"recorder_version":"21","session":"157565de5a8a","build":"192.6262.58","bucket":"189","time":1575349524266,"group":{"id":"performance","version":"21"},"event":{"count":1,"data":{"duration_ms":118,"created":1575349524266},"id":"ui.lagging"}}
{"recorder_version":"21","session":"157565de5a8a","build":"192.6262.58","bucket":"189","time":1575349526629,"group":{"id":"lifecycle","version":"21"},"event":{"count":1,"data":{"created":1575349526629,"project":"4452600da3b350ab41d92ae108c2baae6ff0ac3ddb31bd67020ee046ec77ac09"},"id":"frame.deactivated"}}
{"recorder_version":"21","session":"157565de5a8a","build":"192.6262.58","bucket":"189","time":1575349529137,"group":{"id":"lifecycle","version":"21"},"event":{"count":1,"data":{"created":1575349529137,"project":"4452600da3b350ab41d92ae108c2baae6ff0ac3ddb31bd67020ee046ec77ac09"},"id":"frame.activated"}}
{"recorder_version":"21","session":"157565de5a8a","build":"192.6262.58","bucket":"189","time":1575349530795,"group":{"id":"lifecycle","version":"21"},"event":{"count":1,"data":{"created":1575349530795,"project":"4452600da3b350ab41d92ae108c2baae6ff0ac3ddb31bd67020ee046ec77ac09"},"id":"frame.deactivated"}}
{"recorder_version":"21","session":"157565de5a8a","build":"192.6262.58","bucket":"189","time":1575349533906,"group":{"id":"lifecycle","version":"21"},"event":{"count":1,"data":{"created":1575349533906,"project":"4452600da3b350ab41d92ae108c2baae6ff0ac3ddb31bd67020ee046ec77ac09"},"id":"frame.activated"}}
{"recorder_version":"21","session":"157565de5a8a","build":"192.6262.58","bucket":"189","time":1575349535179,"group":{"id":"lifecycle","version":"21"},"event":{"count":1,"data":{"created":1575349535179,"project":"4452600da3b350ab41d92ae108c2baae6ff0ac3ddb31bd67020ee046ec77ac09"},"id":"frame.deactivated"}}
{"recorder_version":"21","session":"157565de5a8a","build":"192.6262.58","bucket":"189","time":1575349537289,"group":{"id":"lifecycle","version":"21"},"event":{"count":1,"data":{"created":1575349537289,"project":"4452600da3b350ab41d92ae108c2baae6ff0ac3ddb31bd67020ee046ec77ac09"},"id":"frame.activated"}}
{"recorder_version":"21","session":"157565de5a8a","build":"192.6262.58","bucket":"189","time":1575349538549,"group":{"id":"lifecycle","version":"21"},"event":{"count":1,"data":{"created":1575349538550,"project":"4452600da3b350ab41d92ae108c2baae6ff0ac3ddb31bd67020ee046ec77ac09"},"id":"frame.deactivated"}}
{"recorder_version":"21","session":"157565de5a8a","build":"192.6262.58","bucket":"189","time":1575349539486,"group":{"id":"lifecycle","version":"21"},"event":{"count":1,"data":{"created":1575349539487,"project":"4452600da3b350ab41d92ae108c2baae6ff0ac3ddb31bd67020ee046ec77ac09"},"id":"frame.activated"}}
{"recorder_version":"21","session":"157565de5a8a","build":"192.6262.58","bucket":"189","time":1575349542661,"group":{"id":"actions","version":"21"},"event":{"count":1,"data":{"context_menu":false,"current_file":"JAVA","created":1575349542662,"plugin_type":"PLATFORM","project":"4452600da3b350ab41d92ae108c2baae6ff0ac3ddb31bd67020ee046ec77ac09","place":"keyboard_shortcut","class":"com.intellij.openapi.editor.actions.EscapeAction","input_event":"Escape"},"id":"EditorEscape"}}
{"recorder_version":"21","session":"157565de5a8a","build":"192.6262.58","bucket":"189","time":1575349542938,"group":{"id":"file.types.usage","version":"21"},"event":{"count":1,"data":{"plugin":"com.intellij.java","created":1575349542939,"plugin_type":"JB_BUNDLED","project":"4452600da3b350ab41d92ae108c2baae6ff0ac3ddb31bd67020ee046ec77ac09","type":"edit"},"id":"JAVA"}}
{"recorder_version":"21","session":"157565de5a8a","build":"192.6262.58","bucket":"189","time":1575349544564,"group":{"id":"lifecycle","version":"21"},"event":{"count":1,"data":{"created":1575349544565,"project":"4452600da3b350ab41d92ae108c2baae6ff0ac3ddb31bd67020ee046ec77ac09"},"id":"frame.deactivated"}}
{"recorder_version":"21","session":"157565de5a8a","build":"192.6262.58","bucket":"189","time":1575349547640,"group":{"id":"lifecycle","version":"21"},"event":{"count":1,"data":{"created":1575349547641,"project":"4452600da3b350ab41d92ae108c2baae6ff0ac3ddb31bd67020ee046ec77ac09"},"id":"frame.activated"}}
{"recorder_version":"21","session":"157565de5a8a","build":"192.6262.58","bucket":"189","time":1575349549016,"group":{"id":"lifecycle","version":"21"},"event":{"count":1,"data":{"created":1575349549016,"project":"4452600da3b350ab41d92ae108c2baae6ff0ac3ddb31bd67020ee046ec77ac09"},"id":"frame.deactivated"}}
{"recorder_version":"21","session":"157565de5a8a","build":"192.6262.58","bucket":"189","time":1575349551840,"group":{"id":"lifecycle","version":"21"},"event":{"count":1,"data":{"created":1575349551840,"project":"4452600da3b350ab41d92ae108c2baae6ff0ac3ddb31bd67020ee046ec77ac09"},"id":"frame.activated"}}
{"recorder_version":"21","session":"157565de5a8a","build":"192.6262.58","bucket":"189","time":1575349552897,"group":{"id":"lifecycle","version":"21"},"event":{"count":1,"data":{"created":1575349552898,"project":"4452600da3b350ab41d92ae108c2baae6ff0ac3ddb31bd67020ee046ec77ac09"},"id":"frame.deactivated"}}
{"recorder_version":"21","session":"157565de5a8a","build":"192.6262.58","bucket":"189","time":1575349614370,"group":{"id":"performance","version":"21"},"event":{"count":1,"data":{"duration_ms":1,"created":1575349614373},"id":"ui.latency"}}
{"recorder_version":"21","session":"157565de5a8a","build":"192.6262.58","bucket":"189","time":1575349694396,"group":{"id":"event.log","version":"21"},"event":{"count":1,"data":{"created":1575349694396,"version":"943.0"},"id":"whitelist.updated"}}
{"recorder_version":"21","session":"157565de5a8a","build":"192.6262.58","bucket":"189","time":1575349714631,"group":{"id":"performance","version":"21"},"event":{"count":1,"data":{"duration_ms":0,"created":1575349714631},"id":"ui.latency"}}
{"recorder_version":"21","session":"157565de5a8a","build":"192.6262.58","bucket":"189","time":1575349788082,"group":{"id":"lifecycle","version":"21"},"event":{"count":1,"data":{"created":1575349788083,"project":"4452600da3b350ab41d92ae108c2baae6ff0ac3ddb31bd67020ee046ec77ac09"},"id":"frame.activated"}}
{"recorder_version":"21","session":"157565de5a8a","build":"192.6262.58","bucket":"189","time":1575349788464,"group":{"id":"lifecycle","version":"21"},"event":{"count":1,"data":{"restart":false,"created":1575349788464},"id":"ide.close"}}
{"recorder_version":"21","session":"157565de5a8a","build":"192.6262.58","bucket":"189","time":1575349788563,"group":{"id":"lifecycle","version":"21"},"event":{"count":1,"data":{"created":1575349788563,"project":"4452600da3b350ab41d92ae108c2baae6ff0ac3ddb31bd67020ee046ec77ac09"},"id":"project.closed"}}
