{"recorder_version":"21","session":"56098ed44715","build":"192.6262.58","bucket":"189","time":1574883023896,"group":{"id":"settings","version":"4"},"event":{"state":true,"data":{"component":"NotRoamableUiSettings","created":1574883024041},"id":"invoked"}}
{"recorder_version":"21","session":"56098ed44715","build":"192.6262.58","bucket":"189","time":1574883023899,"group":{"id":"system.java","version":"1"},"event":{"state":true,"data":{"created":1574883024043,"version":"1.11"},"id":"JetBrains"}}
{"recorder_version":"21","session":"56098ed44715","build":"192.6262.58","bucket":"189","time":1574883023899,"group":{"id":"system.java","version":"1"},"event":{"state":true,"data":{"created":1574883024053},"id":"invoked"}}
{"recorder_version":"21","session":"56098ed44715","build":"192.6262.58","bucket":"189","time":1574883023899,"group":{"id":"settings","version":"4"},"event":{"state":true,"data":{"component":"UISettings","created":1574883024054},"id":"invoked"}}
{"recorder_version":"21","session":"56098ed44715","build":"192.6262.58","bucket":"189","time":1574883023921,"group":{"id":"system.os","version":"3"},"event":{"state":true,"data":{"created":1574883024055,"version":"10.14"},"id":"Mac"}}
{"recorder_version":"21","session":"56098ed44715","build":"192.6262.58","bucket":"189","time":1574883023921,"group":{"id":"system.os","version":"3"},"event":{"state":true,"data":{"created":1574883024056,"name":"Mac","version":"10.14"},"id":"os.name"}}
{"recorder_version":"21","session":"56098ed44715","build":"192.6262.58","bucket":"189","time":1574883023921,"group":{"id":"system.os","version":"3"},"event":{"state":true,"data":{"created":1574883024056,"value":"+09_00"},"id":"os.timezone"}}
{"recorder_version":"21","session":"56098ed44715","build":"192.6262.58","bucket":"189","time":1574883023921,"group":{"id":"system.os","version":"3"},"event":{"state":true,"data":{"created":1574883024057},"id":"invoked"}}
{"recorder_version":"21","session":"56098ed44715","build":"192.6262.58","bucket":"189","time":1574883024040,"group":{"id":"event.log","version":"21"},"event":{"count":1,"data":{"created":1574883024057,"version":"746.0"},"id":"whitelist.loaded"}}
{"recorder_version":"21","session":"56098ed44715","build":"192.6262.58","bucket":"189","time":1574883026793,"group":{"id":"settings","version":"4"},"event":{"state":true,"data":{"component":"UpdatesConfigurable","created":1574883026793,"name":"checkNeeded","type":"bool","value":false},"id":"not.default"}}
{"recorder_version":"21","session":"56098ed44715","build":"192.6262.58","bucket":"189","time":1574883026793,"group":{"id":"settings","version":"4"},"event":{"state":true,"data":{"component":"UpdatesConfigurable","created":1574883026794},"id":"invoked"}}
{"recorder_version":"21","session":"56098ed44715","build":"192.6262.58","bucket":"189","time":1574883027151,"group":{"id":"lifecycle","version":"21"},"event":{"count":1,"data":{"internal":true,"eap":false,"created":1574883027151},"id":"ide.start"}}
{"recorder_version":"21","session":"56098ed44715","build":"192.6262.58","bucket":"189","time":1574883027152,"group":{"id":"settings","version":"4"},"event":{"state":true,"data":{"component":"GeneralSettings","created":1574883027152},"id":"invoked"}}
{"recorder_version":"21","session":"56098ed44715","build":"192.6262.58","bucket":"189","time":1574883027170,"group":{"id":"performance","version":"21"},"event":{"count":1,"data":{"duration_ms":352,"created":1574883027170},"id":"ui.latency"}}
{"recorder_version":"21","session":"56098ed44715","build":"192.6262.58","bucket":"189","time":1574883027170,"group":{"id":"performance","version":"21"},"event":{"count":1,"data":{"duration_ms":352,"created":1574883027171},"id":"ui.lagging"}}
{"recorder_version":"21","session":"56098ed44715","build":"192.6262.58","bucket":"189","time":1574883027861,"group":{"id":"settings","version":"4"},"event":{"state":true,"data":{"component":"XmlEditorOptions","created":1574883027862},"id":"invoked"}}
{"recorder_version":"21","session":"56098ed44715","build":"192.6262.58","bucket":"189","time":1574883037216,"group":{"id":"actions","version":"21"},"event":{"count":1,"data":{"context_menu":false,"created":1574883037217,"plugin_type":"PLATFORM","place":"unknown","class":"com.intellij.ide.actions.OpenFileAction","input_event":"MouseLeft"},"id":"WelcomeScreen.OpenProject"}}
{"recorder_version":"21","session":"56098ed44715","build":"192.6262.58","bucket":"189","time":1574883042927,"group":{"id":"ui.dialogs","version":"21"},"event":{"count":1,"data":{"created":1574883042927,"plugin_type":"PLATFORM","type":"show"},"id":"com.intellij.openapi.progress.util.ProgressDialog$MyDialogWrapper"}}
{"recorder_version":"21","session":"56098ed44715","build":"192.6262.58","bucket":"189","time":1574883043560,"group":{"id":"lifecycle","version":"21"},"event":{"count":1,"data":{"created":1574883043561,"project":"4452600da3b350ab41d92ae108c2baae6ff0ac3ddb31bd67020ee046ec77ac09"},"id":"project.opened"}}
{"recorder_version":"21","session":"56098ed44715","build":"192.6262.58","bucket":"189","time":1574883044312,"group":{"id":"performance","version":"21"},"event":{"count":1,"data":{"duration_ms":465,"created":1574883044312},"id":"ui.lagging"}}
{"recorder_version":"21","session":"56098ed44715","build":"192.6262.58","bucket":"189","time":1574883044632,"group":{"id":"ui.tips","version":"2"},"event":{"count":1,"data":{"created":1574883044632,"type":"automatically"},"id":"dialog.shown"}}
{"recorder_version":"21","session":"56098ed44715","build":"192.6262.58","bucket":"189","time":1574883044713,"group":{"id":"ui.dialogs","version":"21"},"event":{"count":1,"data":{"created":1574883044713,"plugin_type":"PLATFORM","type":"show"},"id":"com.intellij.ide.util.TipDialog"}}
{"recorder_version":"21","session":"56098ed44715","build":"192.6262.58","bucket":"189","time":1574883045944,"group":{"id":"project.fs","version":"1"},"event":{"state":true,"data":{"os":"Mac","cs-project":false,"created":1574883045944,"project":"4452600da3b350ab41d92ae108c2baae6ff0ac3ddb31bd67020ee046ec77ac09","cs-implicit":true,"cs-system":false},"id":"case-sensitivity"}}
{"recorder_version":"21","session":"56098ed44715","build":"192.6262.58","bucket":"189","time":1574883045944,"group":{"id":"project.fs","version":"1"},"event":{"state":true,"data":{"created":1574883045944},"id":"invoked"}}
{"recorder_version":"21","session":"56098ed44715","build":"192.6262.58","bucket":"189","time":1574883045944,"group":{"id":"project.fs","version":"1"},"event":{"state":true,"data":{"pct-non-watched":0,"created":1574883045945,"project":"4452600da3b350ab41d92ae108c2baae6ff0ac3ddb31bd67020ee046ec77ac09"},"id":"roots-watched"}}
{"recorder_version":"21","session":"56098ed44715","build":"192.6262.58","bucket":"189","time":1574883045944,"group":{"id":"project.fs","version":"1"},"event":{"state":true,"data":{"created":1574883045945},"id":"invoked"}}
{"recorder_version":"21","session":"56098ed44715","build":"192.6262.58","bucket":"189","time":1574883045952,"group":{"id":"performance","version":"21"},"event":{"count":1,"data":{"duration_ms":105,"created":1574883045952},"id":"ui.lagging"}}
{"recorder_version":"21","session":"56098ed44715","build":"192.6262.58","bucket":"189","time":1574883045998,"group":{"id":"ui.dialogs","version":"21"},"event":{"count":1,"data":{"code":1,"created":1574883045998,"plugin_type":"PLATFORM","type":"close"},"id":"com.intellij.openapi.progress.util.ProgressDialog$MyDialogWrapper"}}
{"recorder_version":"21","session":"56098ed44715","build":"192.6262.58","bucket":"189","time":1574883046106,"group":{"id":"lifecycle","version":"21"},"event":{"count":1,"data":{"duration_ms":3539,"created":1574883046106,"project":"4452600da3b350ab41d92ae108c2baae6ff0ac3ddb31bd67020ee046ec77ac09"},"id":"project.opening.finished"}}
{"recorder_version":"21","session":"56098ed44715","build":"192.6262.58","bucket":"189","time":1574883048775,"group":{"id":"ui.dialogs","version":"21"},"event":{"count":1,"data":{"code":1,"created":1574883048776,"plugin_type":"PLATFORM","type":"close"},"id":"com.intellij.ide.util.TipDialog"}}
{"recorder_version":"21","session":"56098ed44715","build":"192.6262.58","bucket":"189","time":1574883050025,"group":{"id":"toolwindow","version":"21"},"event":{"count":1,"data":{"os":"Mac","created":1574883050025,"plugin_type":"PLATFORM"},"id":"Project"}}
{"recorder_version":"21","session":"56098ed44715","build":"192.6262.58","bucket":"189","time":1574883056737,"group":{"id":"file.types.usage","version":"21"},"event":{"count":1,"data":{"plugin":"com.intellij.java","created":1574883056737,"plugin_type":"JB_BUNDLED","project":"4452600da3b350ab41d92ae108c2baae6ff0ac3ddb31bd67020ee046ec77ac09","type":"open"},"id":"JAVA"}}
{"recorder_version":"21","session":"56098ed44715","build":"192.6262.58","bucket":"189","time":1574883057996,"group":{"id":"performance","version":"21"},"event":{"count":1,"data":{"duration_ms":136,"created":1574883057996},"id":"ui.lagging"}}
{"recorder_version":"21","session":"56098ed44715","build":"192.6262.58","bucket":"189","time":1574883058445,"group":{"id":"file.types.usage","version":"21"},"event":{"count":1,"data":{"plugin":"com.intellij.java","created":1574883058445,"plugin_type":"JB_BUNDLED","project":"4452600da3b350ab41d92ae108c2baae6ff0ac3ddb31bd67020ee046ec77ac09","type":"edit"},"id":"JAVA"}}
{"recorder_version":"21","session":"56098ed44715","build":"192.6262.58","bucket":"189","time":1574883061067,"group":{"id":"toolwindow","version":"21"},"event":{"count":2,"data":{"os":"Mac","last":1574883062449,"created":1574883061071,"plugin_type":"NOT_LISTED"},"id":"third.party"}}
{"recorder_version":"21","session":"56098ed44715","build":"192.6262.58","bucket":"189","time":1574883072332,"group":{"id":"lifecycle","version":"21"},"event":{"count":1,"data":{"created":1574883072332,"project":"4452600da3b350ab41d92ae108c2baae6ff0ac3ddb31bd67020ee046ec77ac09"},"id":"frame.deactivated"}}
{"recorder_version":"21","session":"56098ed44715","build":"192.6262.58","bucket":"189","time":1574883085853,"group":{"id":"kotlin.jps.target","version":"1"},"event":{"count":2,"data":{"plugin_version":"1.3.41-release-IJ2019.2-1","last":1574883085865,"created":1574883085853},"id":"jvm"}}
{"recorder_version":"21","session":"56098ed44715","build":"192.6262.58","bucket":"189","time":1574883086462,"group":{"id":"vcs.change.reminder","version":"1"},"event":{"count":1,"data":{"created":1574883086462,"project":"4452600da3b350ab41d92ae108c2baae6ff0ac3ddb31bd67020ee046ec77ac09","execution_time":2},"id":"prediction.calculated"}}
{"recorder_version":"21","session":"56098ed44715","build":"192.6262.58","bucket":"189","time":1574883086499,"group":{"id":"vcs.change.reminder","version":"1"},"event":{"count":1,"data":{"created":1574883086499,"project":"4452600da3b350ab41d92ae108c2baae6ff0ac3ddb31bd67020ee046ec77ac09","execution_time":1},"id":"prediction.calculated"}}
{"recorder_version":"21","session":"56098ed44715","build":"192.6262.58","bucket":"189","time":1574883086803,"group":{"id":"vcs.change.reminder","version":"1"},"event":{"count":1,"data":{"created":1574883086803,"project":"4452600da3b350ab41d92ae108c2baae6ff0ac3ddb31bd67020ee046ec77ac09","execution_time":240},"id":"prediction.calculated"}}
{"recorder_version":"21","session":"56098ed44715","build":"192.6262.58","bucket":"189","time":1574883124755,"group":{"id":"lifecycle","version":"21"},"event":{"count":1,"data":{"created":1574883124755,"project":"4452600da3b350ab41d92ae108c2baae6ff0ac3ddb31bd67020ee046ec77ac09"},"id":"frame.activated"}}
{"recorder_version":"21","session":"56098ed44715","build":"192.6262.58","bucket":"189","time":1574883125138,"group":{"id":"file.types.usage","version":"21"},"event":{"count":1,"data":{"plugin":"com.intellij.java","created":1574883125138,"plugin_type":"JB_BUNDLED","project":"4452600da3b350ab41d92ae108c2baae6ff0ac3ddb31bd67020ee046ec77ac09","type":"edit"},"id":"JAVA"}}
{"recorder_version":"21","session":"56098ed44715","build":"192.6262.58","bucket":"189","time":1574883126480,"group":{"id":"toolwindow","version":"21"},"event":{"count":1,"data":{"os":"Mac","created":1574883126480,"plugin_type":"NOT_LISTED"},"id":"third.party"}}
{"recorder_version":"21","session":"56098ed44715","build":"192.6262.58","bucket":"189","time":1574883127992,"group":{"id":"performance","version":"21"},"event":{"count":1,"data":{"duration_ms":1,"created":1574883127992},"id":"ui.latency"}}
{"recorder_version":"21","session":"56098ed44715","build":"192.6262.58","bucket":"189","time":1574883130893,"group":{"id":"lifecycle","version":"21"},"event":{"count":1,"data":{"created":1574883130893,"project":"4452600da3b350ab41d92ae108c2baae6ff0ac3ddb31bd67020ee046ec77ac09"},"id":"frame.deactivated"}}
{"recorder_version":"21","session":"56098ed44715","build":"192.6262.58","bucket":"189","time":1574883207174,"group":{"id":"event.log","version":"21"},"event":{"count":1,"data":{"created":1574883207174,"version":"934.0"},"id":"whitelist.updated"}}
{"recorder_version":"21","session":"56098ed44715","build":"192.6262.58","bucket":"189","time":1574883228294,"group":{"id":"performance","version":"21"},"event":{"count":1,"data":{"duration_ms":0,"created":1574883228294},"id":"ui.latency"}}
{"recorder_version":"21","session":"56098ed44715","build":"192.6262.58","bucket":"189","time":1574883280587,"group":{"id":"lifecycle","version":"21"},"event":{"count":1,"data":{"created":1574883280587,"project":"4452600da3b350ab41d92ae108c2baae6ff0ac3ddb31bd67020ee046ec77ac09"},"id":"frame.activated"}}
{"recorder_version":"21","session":"56098ed44715","build":"192.6262.58","bucket":"189","time":1574883281645,"group":{"id":"lifecycle","version":"21"},"event":{"count":1,"data":{"created":1574883281645,"project":"4452600da3b350ab41d92ae108c2baae6ff0ac3ddb31bd67020ee046ec77ac09"},"id":"frame.deactivated"}}
{"recorder_version":"21","session":"56098ed44715","build":"192.6262.58","bucket":"189","time":1574883286098,"group":{"id":"lifecycle","version":"21"},"event":{"count":1,"data":{"created":1574883286098,"project":"4452600da3b350ab41d92ae108c2baae6ff0ac3ddb31bd67020ee046ec77ac09"},"id":"frame.activated"}}
{"recorder_version":"21","session":"56098ed44715","build":"192.6262.58","bucket":"189","time":1574883288254,"group":{"id":"lifecycle","version":"21"},"event":{"count":1,"data":{"restart":false,"created":1574883288254},"id":"ide.close"}}
{"recorder_version":"21","session":"56098ed44715","build":"192.6262.58","bucket":"189","time":1574883288260,"group":{"id":"lifecycle","version":"21"},"event":{"count":1,"data":{"created":1574883288261,"project":"4452600da3b350ab41d92ae108c2baae6ff0ac3ddb31bd67020ee046ec77ac09"},"id":"frame.deactivated"}}
{"recorder_version":"21","session":"56098ed44715","build":"192.6262.58","bucket":"189","time":1574883288267,"group":{"id":"lifecycle","version":"21"},"event":{"count":1,"data":{"created":1574883288267,"project":"4452600da3b350ab41d92ae108c2baae6ff0ac3ddb31bd67020ee046ec77ac09"},"id":"frame.activated"}}
{"recorder_version":"21","session":"56098ed44715","build":"192.6262.58","bucket":"189","time":1574883288369,"group":{"id":"lifecycle","version":"21"},"event":{"count":1,"data":{"created":1574883288369,"project":"4452600da3b350ab41d92ae108c2baae6ff0ac3ddb31bd67020ee046ec77ac09"},"id":"project.closed"}}
