{"recorder_version":"21","session":"e67f0c759afe","build":"192.6262.58","bucket":"189","time":1574429393988,"group":{"id":"settings","version":"4"},"event":{"state":true,"data":{"component":"NotRoamableUiSettings","created":1574429394184},"id":"invoked"}}
{"recorder_version":"21","session":"e67f0c759afe","build":"192.6262.58","bucket":"189","time":1574429393990,"group":{"id":"system.java","version":"1"},"event":{"state":true,"data":{"created":1574429394186,"version":"1.11"},"id":"JetBrains"}}
{"recorder_version":"21","session":"e67f0c759afe","build":"192.6262.58","bucket":"189","time":1574429393990,"group":{"id":"system.java","version":"1"},"event":{"state":true,"data":{"created":1574429394197},"id":"invoked"}}
{"recorder_version":"21","session":"e67f0c759afe","build":"192.6262.58","bucket":"189","time":1574429393990,"group":{"id":"settings","version":"4"},"event":{"state":true,"data":{"component":"UISettings","created":1574429394198},"id":"invoked"}}
{"recorder_version":"21","session":"e67f0c759afe","build":"192.6262.58","bucket":"189","time":1574429394014,"group":{"id":"system.os","version":"3"},"event":{"state":true,"data":{"created":1574429394199,"version":"10.14"},"id":"Mac"}}
{"recorder_version":"21","session":"e67f0c759afe","build":"192.6262.58","bucket":"189","time":1574429394014,"group":{"id":"system.os","version":"3"},"event":{"state":true,"data":{"created":1574429394200,"name":"Mac","version":"10.14"},"id":"os.name"}}
{"recorder_version":"21","session":"e67f0c759afe","build":"192.6262.58","bucket":"189","time":1574429394014,"group":{"id":"system.os","version":"3"},"event":{"state":true,"data":{"created":1574429394201,"value":"+09_00"},"id":"os.timezone"}}
{"recorder_version":"21","session":"e67f0c759afe","build":"192.6262.58","bucket":"189","time":1574429394014,"group":{"id":"system.os","version":"3"},"event":{"state":true,"data":{"created":1574429394201},"id":"invoked"}}
{"recorder_version":"21","session":"e67f0c759afe","build":"192.6262.58","bucket":"189","time":1574429394184,"group":{"id":"event.log","version":"21"},"event":{"count":1,"data":{"created":1574429394202,"version":"916.0"},"id":"whitelist.loaded"}}
{"recorder_version":"21","session":"e67f0c759afe","build":"192.6262.58","bucket":"189","time":1574429396331,"group":{"id":"settings","version":"4"},"event":{"state":true,"data":{"component":"UpdatesConfigurable","created":1574429396331,"name":"checkNeeded","type":"bool","value":false},"id":"not.default"}}
{"recorder_version":"21","session":"e67f0c759afe","build":"192.6262.58","bucket":"189","time":1574429396331,"group":{"id":"settings","version":"4"},"event":{"state":true,"data":{"component":"UpdatesConfigurable","created":1574429396340},"id":"invoked"}}
{"recorder_version":"21","session":"e67f0c759afe","build":"192.6262.58","bucket":"189","time":1574429396907,"group":{"id":"lifecycle","version":"21"},"event":{"count":1,"data":{"internal":true,"eap":false,"created":1574429396907},"id":"ide.start"}}
{"recorder_version":"21","session":"e67f0c759afe","build":"192.6262.58","bucket":"189","time":1574429396909,"group":{"id":"settings","version":"4"},"event":{"state":true,"data":{"component":"GeneralSettings","created":1574429396910,"name":"confirmExit","type":"bool","value":false},"id":"not.default"}}
{"recorder_version":"21","session":"e67f0c759afe","build":"192.6262.58","bucket":"189","time":1574429396909,"group":{"id":"settings","version":"4"},"event":{"state":true,"data":{"component":"GeneralSettings","created":1574429396910,"name":"showTipsOnStartup","type":"bool","value":false},"id":"not.default"}}
{"recorder_version":"21","session":"e67f0c759afe","build":"192.6262.58","bucket":"189","time":1574429396910,"group":{"id":"settings","version":"4"},"event":{"state":true,"data":{"component":"GeneralSettings","created":1574429396911},"id":"invoked"}}
{"recorder_version":"21","session":"e67f0c759afe","build":"192.6262.58","bucket":"189","time":1574429397050,"group":{"id":"performance","version":"21"},"event":{"count":1,"data":{"duration_ms":1,"created":1574429397051},"id":"ui.latency"}}
{"recorder_version":"21","session":"e67f0c759afe","build":"192.6262.58","bucket":"189","time":1574429397594,"group":{"id":"settings","version":"4"},"event":{"state":true,"data":{"component":"XmlEditorOptions","created":1574429397594},"id":"invoked"}}
{"recorder_version":"21","session":"e67f0c759afe","build":"192.6262.58","bucket":"189","time":1574429398826,"group":{"id":"ui.dialogs","version":"21"},"event":{"count":1,"data":{"created":1574429398826,"plugin_type":"PLATFORM","type":"show"},"id":"com.intellij.openapi.progress.util.ProgressDialog$MyDialogWrapper"}}
{"recorder_version":"21","session":"e67f0c759afe","build":"192.6262.58","bucket":"189","time":1574429399722,"group":{"id":"lifecycle","version":"21"},"event":{"count":1,"data":{"created":1574429399722,"project":"a0f12fb42952fc36a102045bdbb22ad1f15aa9443e9c675024683f4da70c8bc4"},"id":"project.opened"}}
{"recorder_version":"21","session":"e67f0c759afe","build":"192.6262.58","bucket":"189","time":1574429400327,"group":{"id":"performance","version":"21"},"event":{"count":1,"data":{"duration_ms":267,"created":1574429400327},"id":"ui.lagging"}}
{"recorder_version":"21","session":"e67f0c759afe","build":"192.6262.58","bucket":"189","time":1574429401805,"group":{"id":"performance","version":"21"},"event":{"count":1,"data":{"duration_ms":743,"created":1574429401806},"id":"ui.lagging"}}
{"recorder_version":"21","session":"e67f0c759afe","build":"192.6262.58","bucket":"189","time":1574429401996,"group":{"id":"toolwindow","version":"21"},"event":{"count":1,"data":{"os":"Mac","created":1574429401996,"plugin_type":"PLATFORM"},"id":"Project"}}
{"recorder_version":"21","session":"e67f0c759afe","build":"192.6262.58","bucket":"189","time":1574429402427,"group":{"id":"performance","version":"21"},"event":{"count":1,"data":{"duration_ms":361,"created":1574429402427},"id":"ui.lagging"}}
{"recorder_version":"21","session":"e67f0c759afe","build":"192.6262.58","bucket":"189","time":1574429403565,"group":{"id":"project.fs","version":"1"},"event":{"state":true,"data":{"os":"Mac","cs-project":false,"created":1574429403565,"project":"a0f12fb42952fc36a102045bdbb22ad1f15aa9443e9c675024683f4da70c8bc4","cs-implicit":true,"cs-system":false},"id":"case-sensitivity"}}
{"recorder_version":"21","session":"e67f0c759afe","build":"192.6262.58","bucket":"189","time":1574429403565,"group":{"id":"project.fs","version":"1"},"event":{"state":true,"data":{"created":1574429403565},"id":"invoked"}}
{"recorder_version":"21","session":"e67f0c759afe","build":"192.6262.58","bucket":"189","time":1574429403565,"group":{"id":"project.fs","version":"1"},"event":{"state":true,"data":{"pct-non-watched":0,"created":1574429403567,"project":"a0f12fb42952fc36a102045bdbb22ad1f15aa9443e9c675024683f4da70c8bc4"},"id":"roots-watched"}}
{"recorder_version":"21","session":"e67f0c759afe","build":"192.6262.58","bucket":"189","time":1574429403565,"group":{"id":"project.fs","version":"1"},"event":{"state":true,"data":{"created":1574429403567},"id":"invoked"}}
{"recorder_version":"21","session":"e67f0c759afe","build":"192.6262.58","bucket":"189","time":1574429403616,"group":{"id":"ui.dialogs","version":"21"},"event":{"count":1,"data":{"code":1,"created":1574429403617,"plugin_type":"PLATFORM","type":"close"},"id":"com.intellij.openapi.progress.util.ProgressDialog$MyDialogWrapper"}}
{"recorder_version":"21","session":"e67f0c759afe","build":"192.6262.58","bucket":"189","time":1574429403781,"group":{"id":"lifecycle","version":"21"},"event":{"count":1,"data":{"duration_ms":5257,"created":1574429403782,"project":"a0f12fb42952fc36a102045bdbb22ad1f15aa9443e9c675024683f4da70c8bc4"},"id":"project.opening.finished"}}
{"recorder_version":"21","session":"e67f0c759afe","build":"192.6262.58","bucket":"189","time":1574429404565,"group":{"id":"kotlin.jps.target","version":"1"},"event":{"count":1,"data":{"plugin_version":"1.3.41-release-IJ2019.2-1","created":1574429404565},"id":"jvm"}}
{"recorder_version":"21","session":"e67f0c759afe","build":"192.6262.58","bucket":"189","time":1574429405719,"group":{"id":"file.types.usage","version":"21"},"event":{"count":1,"data":{"plugin":"com.intellij.java","created":1574429405719,"plugin_type":"JB_BUNDLED","project":"a0f12fb42952fc36a102045bdbb22ad1f15aa9443e9c675024683f4da70c8bc4","type":"edit"},"id":"JAVA"}}
{"recorder_version":"21","session":"e67f0c759afe","build":"192.6262.58","bucket":"189","time":1574429410138,"group":{"id":"ui.dialogs","version":"21"},"event":{"count":1,"data":{"created":1574429410138,"plugin_type":"PLATFORM","type":"show"},"id":"com.intellij.openapi.ui.Messages$InputDialog"}}
{"recorder_version":"21","session":"e67f0c759afe","build":"192.6262.58","bucket":"189","time":1574429410348,"group":{"id":"lifecycle","version":"21"},"event":{"count":1,"data":{"created":1574429410349,"plugin_type":"NOT_LISTED","error":"java.lang.Throwable"},"id":"ide.error"}}
{"recorder_version":"21","session":"e67f0c759afe","build":"192.6262.58","bucket":"189","time":1574429413744,"group":{"id":"ui.dialogs","version":"21"},"event":{"count":1,"data":{"code":1,"created":1574429413745,"plugin_type":"PLATFORM","type":"close"},"id":"com.intellij.openapi.ui.Messages$InputDialog"}}
{"recorder_version":"21","session":"e67f0c759afe","build":"192.6262.58","bucket":"189","time":1574429413753,"group":{"id":"lifecycle","version":"21"},"event":{"count":1,"data":{"created":1574429413753,"project":"a0f12fb42952fc36a102045bdbb22ad1f15aa9443e9c675024683f4da70c8bc4"},"id":"frame.deactivated"}}
{"recorder_version":"21","session":"e67f0c759afe","build":"192.6262.58","bucket":"189","time":1574429413824,"group":{"id":"lifecycle","version":"21"},"event":{"count":1,"data":{"created":1574429413824,"project":"a0f12fb42952fc36a102045bdbb22ad1f15aa9443e9c675024683f4da70c8bc4"},"id":"frame.activated"}}
{"recorder_version":"21","session":"e67f0c759afe","build":"192.6262.58","bucket":"189","time":1574429414688,"group":{"id":"ui.dialogs","version":"21"},"event":{"count":1,"data":{"created":1574429414688,"plugin_type":"PLATFORM","type":"show"},"id":"com.intellij.openapi.ui.Messages$InputDialog"}}
{"recorder_version":"21","session":"e67f0c759afe","build":"192.6262.58","bucket":"189","time":1574429414769,"group":{"id":"lifecycle","version":"21"},"event":{"count":1,"data":{"created":1574429414769,"plugin_type":"NOT_LISTED","error":"java.lang.Throwable"},"id":"ide.error"}}
{"recorder_version":"21","session":"e67f0c759afe","build":"192.6262.58","bucket":"189","time":1574429416329,"group":{"id":"ui.dialogs","version":"21"},"event":{"count":1,"data":{"code":1,"created":1574429416329,"plugin_type":"PLATFORM","type":"close"},"id":"com.intellij.openapi.ui.Messages$InputDialog"}}
{"recorder_version":"21","session":"e67f0c759afe","build":"192.6262.58","bucket":"189","time":1574429416336,"group":{"id":"lifecycle","version":"21"},"event":{"count":1,"data":{"created":1574429416337,"project":"a0f12fb42952fc36a102045bdbb22ad1f15aa9443e9c675024683f4da70c8bc4"},"id":"frame.deactivated"}}
{"recorder_version":"21","session":"e67f0c759afe","build":"192.6262.58","bucket":"189","time":1574429416367,"group":{"id":"lifecycle","version":"21"},"event":{"count":1,"data":{"created":1574429416367,"project":"a0f12fb42952fc36a102045bdbb22ad1f15aa9443e9c675024683f4da70c8bc4"},"id":"frame.activated"}}
{"recorder_version":"21","session":"e67f0c759afe","build":"192.6262.58","bucket":"189","time":1574429417119,"group":{"id":"ui.dialogs","version":"21"},"event":{"count":1,"data":{"created":1574429417119,"plugin_type":"PLATFORM","type":"show"},"id":"com.intellij.openapi.ui.Messages$InputDialog"}}
{"recorder_version":"21","session":"e67f0c759afe","build":"192.6262.58","bucket":"189","time":1574429417207,"group":{"id":"lifecycle","version":"21"},"event":{"count":1,"data":{"created":1574429417208,"plugin_type":"NOT_LISTED","error":"java.lang.Throwable"},"id":"ide.error"}}
{"recorder_version":"21","session":"e67f0c759afe","build":"192.6262.58","bucket":"189","time":1574429418221,"group":{"id":"ui.dialogs","version":"21"},"event":{"count":1,"data":{"code":1,"created":1574429418221,"plugin_type":"PLATFORM","type":"close"},"id":"com.intellij.openapi.ui.Messages$InputDialog"}}
{"recorder_version":"21","session":"e67f0c759afe","build":"192.6262.58","bucket":"189","time":1574429418232,"group":{"id":"lifecycle","version":"21"},"event":{"count":1,"data":{"created":1574429418232,"project":"a0f12fb42952fc36a102045bdbb22ad1f15aa9443e9c675024683f4da70c8bc4"},"id":"frame.deactivated"}}
{"recorder_version":"21","session":"e67f0c759afe","build":"192.6262.58","bucket":"189","time":1574429418263,"group":{"id":"lifecycle","version":"21"},"event":{"count":1,"data":{"created":1574429418263,"project":"a0f12fb42952fc36a102045bdbb22ad1f15aa9443e9c675024683f4da70c8bc4"},"id":"frame.activated"}}
{"recorder_version":"21","session":"e67f0c759afe","build":"192.6262.58","bucket":"189","time":1574429420351,"group":{"id":"ui.dialogs","version":"21"},"event":{"count":1,"data":{"created":1574429420351,"plugin_type":"PLATFORM","type":"show"},"id":"com.intellij.openapi.ui.Messages$InputDialog"}}
{"recorder_version":"21","session":"e67f0c759afe","build":"192.6262.58","bucket":"189","time":1574429420426,"group":{"id":"lifecycle","version":"21"},"event":{"count":1,"data":{"created":1574429420426,"plugin_type":"NOT_LISTED","error":"java.lang.Throwable"},"id":"ide.error"}}
{"recorder_version":"21","session":"e67f0c759afe","build":"192.6262.58","bucket":"189","time":1574429422009,"group":{"id":"ui.dialogs","version":"21"},"event":{"count":1,"data":{"code":1,"created":1574429422009,"plugin_type":"PLATFORM","type":"close"},"id":"com.intellij.openapi.ui.Messages$InputDialog"}}
{"recorder_version":"21","session":"e67f0c759afe","build":"192.6262.58","bucket":"189","time":1574429422015,"group":{"id":"lifecycle","version":"21"},"event":{"count":1,"data":{"created":1574429422015,"project":"a0f12fb42952fc36a102045bdbb22ad1f15aa9443e9c675024683f4da70c8bc4"},"id":"frame.deactivated"}}
{"recorder_version":"21","session":"e67f0c759afe","build":"192.6262.58","bucket":"189","time":1574429422045,"group":{"id":"lifecycle","version":"21"},"event":{"count":1,"data":{"created":1574429422045,"project":"a0f12fb42952fc36a102045bdbb22ad1f15aa9443e9c675024683f4da70c8bc4"},"id":"frame.activated"}}
{"recorder_version":"21","session":"e67f0c759afe","build":"192.6262.58","bucket":"189","time":1574429423719,"group":{"id":"ui.dialogs","version":"21"},"event":{"count":1,"data":{"created":1574429423720,"plugin_type":"PLATFORM","type":"show"},"id":"com.intellij.openapi.ui.Messages$InputDialog"}}
{"recorder_version":"21","session":"e67f0c759afe","build":"192.6262.58","bucket":"189","time":1574429423806,"group":{"id":"lifecycle","version":"21"},"event":{"count":1,"data":{"created":1574429423806,"plugin_type":"NOT_LISTED","error":"java.lang.Throwable"},"id":"ide.error"}}
{"recorder_version":"21","session":"e67f0c759afe","build":"192.6262.58","bucket":"189","time":1574429425888,"group":{"id":"ui.dialogs","version":"21"},"event":{"count":1,"data":{"code":1,"created":1574429425888,"plugin_type":"PLATFORM","type":"close"},"id":"com.intellij.openapi.ui.Messages$InputDialog"}}
{"recorder_version":"21","session":"e67f0c759afe","build":"192.6262.58","bucket":"189","time":1574429425894,"group":{"id":"lifecycle","version":"21"},"event":{"count":1,"data":{"created":1574429425901,"project":"a0f12fb42952fc36a102045bdbb22ad1f15aa9443e9c675024683f4da70c8bc4"},"id":"frame.deactivated"}}
{"recorder_version":"21","session":"e67f0c759afe","build":"192.6262.58","bucket":"189","time":1574429425923,"group":{"id":"lifecycle","version":"21"},"event":{"count":1,"data":{"created":1574429425923,"project":"a0f12fb42952fc36a102045bdbb22ad1f15aa9443e9c675024683f4da70c8bc4"},"id":"frame.activated"}}
{"recorder_version":"21","session":"e67f0c759afe","build":"192.6262.58","bucket":"189","time":1574429429478,"group":{"id":"lifecycle","version":"21"},"event":{"count":1,"data":{"created":1574429429479,"project":"a0f12fb42952fc36a102045bdbb22ad1f15aa9443e9c675024683f4da70c8bc4"},"id":"frame.deactivated"}}
{"recorder_version":"21","session":"e67f0c759afe","build":"192.6262.58","bucket":"189","time":1574429497337,"group":{"id":"performance","version":"21"},"event":{"count":1,"data":{"duration_ms":0,"created":1574429497337},"id":"ui.latency"}}
{"recorder_version":"21","session":"e67f0c759afe","build":"192.6262.58","bucket":"189","time":1574429597634,"group":{"id":"performance","version":"21"},"event":{"count":1,"data":{"duration_ms":0,"created":1574429597635},"id":"ui.latency"}}
{"recorder_version":"21","session":"e67f0c759afe","build":"192.6262.58","bucket":"189","time":1574429696894,"group":{"id":"build.tools.actions","version":"1"},"event":{"count":1,"data":{"created":1574429696894},"id":"registered"}}
{"recorder_version":"21","session":"e67f0c759afe","build":"192.6262.58","bucket":"189","time":1574429696894,"group":{"id":"file.types.usage","version":"21"},"event":{"count":1,"data":{"created":1574429696897},"id":"registered"}}
{"recorder_version":"21","session":"e67f0c759afe","build":"192.6262.58","bucket":"189","time":1574429696894,"group":{"id":"ide.script.engine","version":"1"},"event":{"count":1,"data":{"created":1574429696897},"id":"registered"}}
{"recorder_version":"21","session":"e67f0c759afe","build":"192.6262.58","bucket":"189","time":1574429696894,"group":{"id":"actions.runAnything","version":"1"},"event":{"count":1,"data":{"created":1574429696897},"id":"registered"}}
{"recorder_version":"21","session":"e67f0c759afe","build":"192.6262.58","bucket":"189","time":1574429696894,"group":{"id":"toolwindow","version":"21"},"event":{"count":1,"data":{"created":1574429696897},"id":"registered"}}
{"recorder_version":"21","session":"e67f0c759afe","build":"192.6262.58","bucket":"189","time":1574429696894,"group":{"id":"kotlin.ide.newFileTempl","version":"1"},"event":{"count":1,"data":{"created":1574429696897},"id":"registered"}}
{"recorder_version":"21","session":"e67f0c759afe","build":"192.6262.58","bucket":"189","time":1574429696894,"group":{"id":"live.templates","version":"21"},"event":{"count":1,"data":{"created":1574429696897},"id":"registered"}}
{"recorder_version":"21","session":"e67f0c759afe","build":"192.6262.58","bucket":"189","time":1574429696894,"group":{"id":"ide.self.update","version":"2"},"event":{"count":1,"data":{"created":1574429696897},"id":"registered"}}
{"recorder_version":"21","session":"e67f0c759afe","build":"192.6262.58","bucket":"189","time":1574429696894,"group":{"id":"ui.settings","version":"21"},"event":{"count":1,"data":{"created":1574429696898},"id":"registered"}}
{"recorder_version":"21","session":"e67f0c759afe","build":"192.6262.58","bucket":"189","time":1574429696894,"group":{"id":"lifecycle","version":"21"},"event":{"count":1,"data":{"created":1574429696898},"id":"registered"}}
{"recorder_version":"21","session":"e67f0c759afe","build":"192.6262.58","bucket":"189","time":1574429696894,"group":{"id":"vcs.diff.trigger","version":"1"},"event":{"count":1,"data":{"created":1574429696898},"id":"registered"}}
{"recorder_version":"21","session":"e67f0c759afe","build":"192.6262.58","bucket":"189","time":1574429696894,"group":{"id":"vcs.log.trigger","version":"2"},"event":{"count":1,"data":{"created":1574429696898},"id":"registered"}}
{"recorder_version":"21","session":"e67f0c759afe","build":"192.6262.58","bucket":"189","time":1574429696894,"group":{"id":"productivity","version":"21"},"event":{"count":1,"data":{"created":1574429696898},"id":"registered"}}
{"recorder_version":"21","session":"e67f0c759afe","build":"192.6262.58","bucket":"189","time":1574429696894,"group":{"id":"debugger.breakpoints.usage","version":"2"},"event":{"count":1,"data":{"created":1574429696898},"id":"registered"}}
{"recorder_version":"21","session":"e67f0c759afe","build":"192.6262.58","bucket":"189","time":1574429696894,"group":{"id":"kotlin.gradle.library","version":"1"},"event":{"count":1,"data":{"created":1574429696898},"id":"registered"}}
{"recorder_version":"21","session":"e67f0c759afe","build":"192.6262.58","bucket":"189","time":1574429696894,"group":{"id":"find","version":"1"},"event":{"count":1,"data":{"created":1574429696898},"id":"registered"}}
{"recorder_version":"21","session":"e67f0c759afe","build":"192.6262.58","bucket":"189","time":1574429696894,"group":{"id":"kotlin.gradle.target","version":"1"},"event":{"count":1,"data":{"created":1574429696898},"id":"registered"}}
{"recorder_version":"21","session":"e67f0c759afe","build":"192.6262.58","bucket":"189","time":1574429696894,"group":{"id":"gutter.icon.click","version":"1"},"event":{"count":1,"data":{"created":1574429696898},"id":"registered"}}
{"recorder_version":"21","session":"e67f0c759afe","build":"192.6262.58","bucket":"189","time":1574429696894,"group":{"id":"shell.script","version":"1"},"event":{"count":1,"data":{"created":1574429696899},"id":"registered"}}
{"recorder_version":"21","session":"e67f0c759afe","build":"192.6262.58","bucket":"189","time":1574429696894,"group":{"id":"kotlin.ide.debugger.eval","version":"1"},"event":{"count":1,"data":{"created":1574429696899},"id":"registered"}}
{"recorder_version":"21","session":"e67f0c759afe","build":"192.6262.58","bucket":"189","time":1574429696894,"group":{"id":"build.maven.actions","version":"1"},"event":{"count":1,"data":{"created":1574429696899},"id":"registered"}}
{"recorder_version":"21","session":"e67f0c759afe","build":"192.6262.58","bucket":"189","time":1574429696894,"group":{"id":"ui.event","version":"1"},"event":{"count":1,"data":{"created":1574429696899},"id":"registered"}}
{"recorder_version":"21","session":"e67f0c759afe","build":"192.6262.58","bucket":"189","time":1574429696894,"group":{"id":"new.project.wizard","version":"1"},"event":{"count":1,"data":{"created":1574429696899},"id":"registered"}}
{"recorder_version":"21","session":"e67f0c759afe","build":"192.6262.58","bucket":"189","time":1574429696894,"group":{"id":"kotlin.ide.npwizards","version":"1"},"event":{"count":1,"data":{"created":1574429696899},"id":"registered"}}
{"recorder_version":"21","session":"e67f0c759afe","build":"192.6262.58","bucket":"189","time":1574429696894,"group":{"id":"intentions","version":"21"},"event":{"count":1,"data":{"created":1574429696899},"id":"registered"}}
{"recorder_version":"21","session":"e67f0c759afe","build":"192.6262.58","bucket":"189","time":1574429696894,"group":{"id":"ui.dialogs","version":"21"},"event":{"count":1,"data":{"created":1574429696900},"id":"registered"}}
{"recorder_version":"21","session":"e67f0c759afe","build":"192.6262.58","bucket":"189","time":1574429696894,"group":{"id":"vcs.back.forward.trigger","version":"1"},"event":{"count":1,"data":{"created":1574429696900},"id":"registered"}}
{"recorder_version":"21","session":"e67f0c759afe","build":"192.6262.58","bucket":"189","time":1574429696894,"group":{"id":"vcs.change.reminder","version":"1"},"event":{"count":1,"data":{"created":1574429696900},"id":"registered"}}
{"recorder_version":"21","session":"e67f0c759afe","build":"192.6262.58","bucket":"189","time":1574429696894,"group":{"id":"toolbar","version":"21"},"event":{"count":1,"data":{"created":1574429696900},"id":"registered"}}
{"recorder_version":"21","session":"e67f0c759afe","build":"192.6262.58","bucket":"189","time":1574429696894,"group":{"id":"build.gradle.actions","version":"1"},"event":{"count":1,"data":{"created":1574429696900},"id":"registered"}}
{"recorder_version":"21","session":"e67f0c759afe","build":"192.6262.58","bucket":"189","time":1574429696894,"group":{"id":"kotlin.maven.target","version":"1"},"event":{"count":1,"data":{"created":1574429696900},"id":"registered"}}
{"recorder_version":"21","session":"e67f0c759afe","build":"192.6262.58","bucket":"189","time":1574429696894,"group":{"id":"performance","version":"21"},"event":{"count":1,"data":{"created":1574429696900},"id":"registered"}}
{"recorder_version":"21","session":"e67f0c759afe","build":"192.6262.58","bucket":"189","time":1574429696894,"group":{"id":"searchEverywhere","version":"1"},"event":{"count":1,"data":{"created":1574429696900},"id":"registered"}}
{"recorder_version":"21","session":"e67f0c759afe","build":"192.6262.58","bucket":"189","time":1574429696894,"group":{"id":"kotlin.ide.action.refactoring","version":"1"},"event":{"count":1,"data":{"created":1574429696901},"id":"registered"}}
{"recorder_version":"21","session":"e67f0c759afe","build":"192.6262.58","bucket":"189","time":1574429696894,"group":{"id":"ui.tips","version":"2"},"event":{"count":1,"data":{"created":1574429696901},"id":"registered"}}
{"recorder_version":"21","session":"e67f0c759afe","build":"192.6262.58","bucket":"189","time":1574429696894,"group":{"id":"surround.with","version":"1"},"event":{"count":1,"data":{"created":1574429696901},"id":"registered"}}
{"recorder_version":"21","session":"e67f0c759afe","build":"192.6262.58","bucket":"189","time":1574429696894,"group":{"id":"import.old.config","version":"1"},"event":{"count":1,"data":{"created":1574429696901},"id":"registered"}}
{"recorder_version":"21","session":"e67f0c759afe","build":"192.6262.58","bucket":"189","time":1574429696894,"group":{"id":"json.schema","version":"1"},"event":{"count":1,"data":{"created":1574429696901},"id":"registered"}}
{"recorder_version":"21","session":"e67f0c759afe","build":"192.6262.58","bucket":"189","time":1574429696894,"group":{"id":"kotlin.jps.target","version":"1"},"event":{"count":1,"data":{"created":1574429696901},"id":"registered"}}
{"recorder_version":"21","session":"e67f0c759afe","build":"192.6262.58","bucket":"189","time":1574429696894,"group":{"id":"terminalShell","version":"1"},"event":{"count":1,"data":{"created":1574429696901},"id":"registered"}}
{"recorder_version":"21","session":"e67f0c759afe","build":"192.6262.58","bucket":"189","time":1574429696894,"group":{"id":"completion.postfix","version":"21"},"event":{"count":1,"data":{"created":1574429696901},"id":"registered"}}
{"recorder_version":"21","session":"e67f0c759afe","build":"192.6262.58","bucket":"189","time":1574429696894,"group":{"id":"build.ant.actions","version":"1"},"event":{"count":1,"data":{"created":1574429696901},"id":"registered"}}
{"recorder_version":"21","session":"e67f0c759afe","build":"192.6262.58","bucket":"189","time":1574429696894,"group":{"id":"actions","version":"21"},"event":{"count":1,"data":{"created":1574429696901},"id":"registered"}}
{"recorder_version":"21","session":"e67f0c759afe","build":"192.6262.58","bucket":"189","time":1574429696894,"group":{"id":"event.log","version":"21"},"event":{"count":1,"data":{"created":1574429696902},"id":"registered"}}
{"recorder_version":"21","session":"e67f0c759afe","build":"192.6262.58","bucket":"189","time":1574429696894,"group":{"id":"run.configuration.exec","version":"21"},"event":{"count":1,"data":{"created":1574429696902},"id":"registered"}}
{"recorder_version":"21","session":"e67f0c759afe","build":"192.6262.58","bucket":"189","time":1574429696894,"group":{"id":"build.maven.packagesearch","version":"2"},"event":{"count":1,"data":{"created":1574429696902},"id":"registered"}}
{"recorder_version":"21","session":"e67f0c759afe","build":"192.6262.58","bucket":"189","time":1574429697934,"group":{"id":"performance","version":"21"},"event":{"count":1,"data":{"duration_ms":0,"created":1574429697935},"id":"ui.latency"}}
{"recorder_version":"21","session":"e67f0c759afe","build":"192.6262.58","bucket":"189","time":1574429777045,"group":{"id":"lifecycle","version":"21"},"event":{"count":1,"data":{"created":1574429777045,"project":"a0f12fb42952fc36a102045bdbb22ad1f15aa9443e9c675024683f4da70c8bc4"},"id":"frame.activated"}}
{"recorder_version":"21","session":"e67f0c759afe","build":"192.6262.58","bucket":"189","time":1574429777838,"group":{"id":"lifecycle","version":"21"},"event":{"count":1,"data":{"restart":false,"created":1574429777838},"id":"ide.close"}}
{"recorder_version":"21","session":"e67f0c759afe","build":"192.6262.58","bucket":"189","time":1574429777979,"group":{"id":"lifecycle","version":"21"},"event":{"count":1,"data":{"created":1574429777979,"project":"a0f12fb42952fc36a102045bdbb22ad1f15aa9443e9c675024683f4da70c8bc4"},"id":"project.closed"}}
