{"recorder_version":"21","session":"bee5217ea836","build":"192.6262.58","bucket":"189","time":1575527751050,"group":{"id":"settings","version":"4"},"event":{"state":true,"data":{"component":"NotRoamableUiSettings","created":1575527751155},"id":"invoked"}}
{"recorder_version":"21","session":"bee5217ea836","build":"192.6262.58","bucket":"189","time":1575527751052,"group":{"id":"settings","version":"4"},"event":{"state":true,"data":{"component":"UISettings","created":1575527751157},"id":"invoked"}}
{"recorder_version":"21","session":"bee5217ea836","build":"192.6262.58","bucket":"189","time":1575527751052,"group":{"id":"system.java","version":"1"},"event":{"state":true,"data":{"created":1575527751165,"version":"1.11"},"id":"JetBrains"}}
{"recorder_version":"21","session":"bee5217ea836","build":"192.6262.58","bucket":"189","time":1575527751052,"group":{"id":"system.java","version":"1"},"event":{"state":true,"data":{"created":1575527751166},"id":"invoked"}}
{"recorder_version":"21","session":"bee5217ea836","build":"192.6262.58","bucket":"189","time":1575527751075,"group":{"id":"system.os","version":"3"},"event":{"state":true,"data":{"created":1575527751166,"version":"10.14"},"id":"Mac"}}
{"recorder_version":"21","session":"bee5217ea836","build":"192.6262.58","bucket":"189","time":1575527751075,"group":{"id":"system.os","version":"3"},"event":{"state":true,"data":{"created":1575527751167,"name":"Mac","version":"10.14"},"id":"os.name"}}
{"recorder_version":"21","session":"bee5217ea836","build":"192.6262.58","bucket":"189","time":1575527751075,"group":{"id":"system.os","version":"3"},"event":{"state":true,"data":{"created":1575527751168,"value":"+09_00"},"id":"os.timezone"}}
{"recorder_version":"21","session":"bee5217ea836","build":"192.6262.58","bucket":"189","time":1575527751075,"group":{"id":"system.os","version":"3"},"event":{"state":true,"data":{"created":1575527751168},"id":"invoked"}}
{"recorder_version":"21","session":"bee5217ea836","build":"192.6262.58","bucket":"189","time":1575527751155,"group":{"id":"event.log","version":"21"},"event":{"count":1,"data":{"created":1575527751169,"version":"746.0"},"id":"whitelist.loaded"}}
{"recorder_version":"21","session":"bee5217ea836","build":"192.6262.58","bucket":"189","time":1575527753415,"group":{"id":"settings","version":"4"},"event":{"state":true,"data":{"component":"UpdatesConfigurable","created":1575527753415,"name":"checkNeeded","type":"bool","value":false},"id":"not.default"}}
{"recorder_version":"21","session":"bee5217ea836","build":"192.6262.58","bucket":"189","time":1575527753415,"group":{"id":"settings","version":"4"},"event":{"state":true,"data":{"component":"UpdatesConfigurable","created":1575527753416},"id":"invoked"}}
{"recorder_version":"21","session":"bee5217ea836","build":"192.6262.58","bucket":"189","time":1575527753563,"group":{"id":"settings","version":"4"},"event":{"state":true,"data":{"component":"GeneralSettings","created":1575527753563},"id":"invoked"}}
{"recorder_version":"21","session":"bee5217ea836","build":"192.6262.58","bucket":"189","time":1575527753571,"group":{"id":"lifecycle","version":"21"},"event":{"count":1,"data":{"internal":true,"eap":false,"created":1575527753571},"id":"ide.start"}}
{"recorder_version":"21","session":"bee5217ea836","build":"192.6262.58","bucket":"189","time":1575527753925,"group":{"id":"lifecycle","version":"21"},"event":{"count":1,"data":{"created":1575527753925},"id":"frame.activated"}}
{"recorder_version":"21","session":"bee5217ea836","build":"192.6262.58","bucket":"189","time":1575527754059,"group":{"id":"performance","version":"21"},"event":{"count":1,"data":{"duration_ms":122,"created":1575527754059},"id":"ui.latency"}}
{"recorder_version":"21","session":"bee5217ea836","build":"192.6262.58","bucket":"189","time":1575527754059,"group":{"id":"performance","version":"21"},"event":{"count":1,"data":{"duration_ms":122,"created":1575527754060},"id":"ui.lagging"}}
{"recorder_version":"21","session":"bee5217ea836","build":"192.6262.58","bucket":"189","time":1575527754402,"group":{"id":"ui.dialogs","version":"21"},"event":{"count":1,"data":{"created":1575527754403,"plugin_type":"PLATFORM","type":"show"},"id":"com.intellij.openapi.progress.util.ProgressDialog$MyDialogWrapper"}}
{"recorder_version":"21","session":"bee5217ea836","build":"192.6262.58","bucket":"189","time":1575527755539,"group":{"id":"lifecycle","version":"21"},"event":{"count":1,"data":{"created":1575527755540,"project":"4452600da3b350ab41d92ae108c2baae6ff0ac3ddb31bd67020ee046ec77ac09"},"id":"project.opened"}}
{"recorder_version":"21","session":"bee5217ea836","build":"192.6262.58","bucket":"189","time":1575527756288,"group":{"id":"performance","version":"21"},"event":{"count":1,"data":{"duration_ms":348,"created":1575527756288},"id":"ui.lagging"}}
{"recorder_version":"21","session":"bee5217ea836","build":"192.6262.58","bucket":"189","time":1575527757301,"group":{"id":"settings","version":"4"},"event":{"state":true,"data":{"component":"XmlEditorOptions","created":1575527757301},"id":"invoked"}}
{"recorder_version":"21","session":"bee5217ea836","build":"192.6262.58","bucket":"189","time":1575527757373,"group":{"id":"performance","version":"21"},"event":{"count":1,"data":{"duration_ms":434,"created":1575527757374},"id":"ui.lagging"}}
{"recorder_version":"21","session":"bee5217ea836","build":"192.6262.58","bucket":"189","time":1575527758034,"group":{"id":"toolwindow","version":"21"},"event":{"count":1,"data":{"os":"Mac","created":1575527758038,"plugin_type":"NOT_LISTED"},"id":"third.party"}}
{"recorder_version":"21","session":"bee5217ea836","build":"192.6262.58","bucket":"189","time":1575527758465,"group":{"id":"performance","version":"21"},"event":{"count":1,"data":{"duration_ms":525,"created":1575527758466},"id":"ui.lagging"}}
{"recorder_version":"21","session":"bee5217ea836","build":"192.6262.58","bucket":"189","time":1575527758686,"group":{"id":"ui.tips","version":"2"},"event":{"count":1,"data":{"created":1575527758686,"type":"automatically"},"id":"dialog.shown"}}
{"recorder_version":"21","session":"bee5217ea836","build":"192.6262.58","bucket":"189","time":1575527758796,"group":{"id":"ui.dialogs","version":"21"},"event":{"count":1,"data":{"created":1575527758796,"plugin_type":"PLATFORM","type":"show"},"id":"com.intellij.ide.util.TipDialog"}}
{"recorder_version":"21","session":"bee5217ea836","build":"192.6262.58","bucket":"189","time":1575527759692,"group":{"id":"kotlin.jps.target","version":"1"},"event":{"count":2,"data":{"plugin_version":"1.3.41-release-IJ2019.2-1","last":1575527759693,"created":1575527759693},"id":"jvm"}}
{"recorder_version":"21","session":"bee5217ea836","build":"192.6262.58","bucket":"189","time":1575527759980,"group":{"id":"project.fs","version":"1"},"event":{"state":true,"data":{"os":"Mac","cs-project":false,"created":1575527759980,"project":"4452600da3b350ab41d92ae108c2baae6ff0ac3ddb31bd67020ee046ec77ac09","cs-implicit":true,"cs-system":false},"id":"case-sensitivity"}}
{"recorder_version":"21","session":"bee5217ea836","build":"192.6262.58","bucket":"189","time":1575527759980,"group":{"id":"project.fs","version":"1"},"event":{"state":true,"data":{"created":1575527759981},"id":"invoked"}}
{"recorder_version":"21","session":"bee5217ea836","build":"192.6262.58","bucket":"189","time":1575527759981,"group":{"id":"project.fs","version":"1"},"event":{"state":true,"data":{"pct-non-watched":0,"created":1575527759982,"project":"4452600da3b350ab41d92ae108c2baae6ff0ac3ddb31bd67020ee046ec77ac09"},"id":"roots-watched"}}
{"recorder_version":"21","session":"bee5217ea836","build":"192.6262.58","bucket":"189","time":1575527759981,"group":{"id":"project.fs","version":"1"},"event":{"state":true,"data":{"created":1575527759982},"id":"invoked"}}
{"recorder_version":"21","session":"bee5217ea836","build":"192.6262.58","bucket":"189","time":1575527760124,"group":{"id":"ui.dialogs","version":"21"},"event":{"count":1,"data":{"code":1,"created":1575527760124,"plugin_type":"PLATFORM","type":"close"},"id":"com.intellij.openapi.progress.util.ProgressDialog$MyDialogWrapper"}}
{"recorder_version":"21","session":"bee5217ea836","build":"192.6262.58","bucket":"189","time":1575527760291,"group":{"id":"lifecycle","version":"21"},"event":{"count":1,"data":{"duration_ms":6145,"created":1575527760291,"project":"4452600da3b350ab41d92ae108c2baae6ff0ac3ddb31bd67020ee046ec77ac09"},"id":"project.opening.finished"}}
{"recorder_version":"21","session":"bee5217ea836","build":"192.6262.58","bucket":"189","time":1575527761630,"group":{"id":"vcs.change.reminder","version":"1"},"event":{"count":1,"data":{"created":1575527761631,"project":"4452600da3b350ab41d92ae108c2baae6ff0ac3ddb31bd67020ee046ec77ac09","execution_time":49},"id":"prediction.calculated"}}
{"recorder_version":"21","session":"bee5217ea836","build":"192.6262.58","bucket":"189","time":1575527761664,"group":{"id":"vcs.change.reminder","version":"1"},"event":{"count":1,"data":{"created":1575527761664,"project":"4452600da3b350ab41d92ae108c2baae6ff0ac3ddb31bd67020ee046ec77ac09","execution_time":33},"id":"prediction.calculated"}}
{"recorder_version":"21","session":"bee5217ea836","build":"192.6262.58","bucket":"189","time":1575527761694,"group":{"id":"vcs.change.reminder","version":"1"},"event":{"count":1,"data":{"created":1575527761694,"project":"4452600da3b350ab41d92ae108c2baae6ff0ac3ddb31bd67020ee046ec77ac09","execution_time":30},"id":"prediction.calculated"}}
{"recorder_version":"21","session":"bee5217ea836","build":"192.6262.58","bucket":"189","time":1575527761733,"group":{"id":"vcs.change.reminder","version":"1"},"event":{"count":1,"data":{"created":1575527761733,"project":"4452600da3b350ab41d92ae108c2baae6ff0ac3ddb31bd67020ee046ec77ac09","execution_time":38},"id":"prediction.calculated"}}
{"recorder_version":"21","session":"bee5217ea836","build":"192.6262.58","bucket":"189","time":1575527762323,"group":{"id":"ui.dialogs","version":"21"},"event":{"count":1,"data":{"code":1,"created":1575527762323,"plugin_type":"PLATFORM","type":"close"},"id":"com.intellij.ide.util.TipDialog"}}
{"recorder_version":"21","session":"bee5217ea836","build":"192.6262.58","bucket":"189","time":1575527764356,"group":{"id":"file.types.usage","version":"21"},"event":{"count":1,"data":{"plugin":"com.intellij.java","created":1575527764356,"plugin_type":"JB_BUNDLED","project":"4452600da3b350ab41d92ae108c2baae6ff0ac3ddb31bd67020ee046ec77ac09","type":"edit"},"id":"JAVA"}}
{"recorder_version":"21","session":"bee5217ea836","build":"192.6262.58","bucket":"189","time":1575527774113,"group":{"id":"actions","version":"21"},"event":{"count":1,"data":{"context_menu":false,"current_file":"JAVA","created":1575527774113,"plugin_type":"PLATFORM","project":"4452600da3b350ab41d92ae108c2baae6ff0ac3ddb31bd67020ee046ec77ac09","place":"keyboard_shortcut","class":"com.intellij.ide.actions.UndoAction","input_event":"Meta+Z"},"id":"$Undo"}}
{"recorder_version":"21","session":"bee5217ea836","build":"192.6262.58","bucket":"189","time":1575527774576,"group":{"id":"vcs.change.reminder","version":"1"},"event":{"count":1,"data":{"created":1575527774576,"project":"4452600da3b350ab41d92ae108c2baae6ff0ac3ddb31bd67020ee046ec77ac09","execution_time":69},"id":"prediction.calculated"}}
{"recorder_version":"21","session":"bee5217ea836","build":"192.6262.58","bucket":"189","time":1575527774625,"group":{"id":"vcs.change.reminder","version":"1"},"event":{"count":1,"data":{"created":1575527774625,"project":"4452600da3b350ab41d92ae108c2baae6ff0ac3ddb31bd67020ee046ec77ac09","execution_time":49},"id":"prediction.calculated"}}
{"recorder_version":"21","session":"bee5217ea836","build":"192.6262.58","bucket":"189","time":1575527777812,"group":{"id":"lifecycle","version":"21"},"event":{"count":1,"data":{"restart":false,"created":1575527777812},"id":"ide.close"}}
{"recorder_version":"21","session":"bee5217ea836","build":"192.6262.58","bucket":"189","time":1575527777815,"group":{"id":"lifecycle","version":"21"},"event":{"count":1,"data":{"created":1575527777815,"project":"4452600da3b350ab41d92ae108c2baae6ff0ac3ddb31bd67020ee046ec77ac09"},"id":"frame.deactivated"}}
{"recorder_version":"21","session":"bee5217ea836","build":"192.6262.58","bucket":"189","time":1575527777840,"group":{"id":"lifecycle","version":"21"},"event":{"count":1,"data":{"created":1575527777840,"project":"4452600da3b350ab41d92ae108c2baae6ff0ac3ddb31bd67020ee046ec77ac09"},"id":"frame.activated"}}
{"recorder_version":"21","session":"bee5217ea836","build":"192.6262.58","bucket":"189","time":1575527778122,"group":{"id":"performance","version":"21"},"event":{"count":1,"data":{"duration_ms":145,"created":1575527778122},"id":"ui.lagging"}}
{"recorder_version":"21","session":"bee5217ea836","build":"192.6262.58","bucket":"189","time":1575527778208,"group":{"id":"lifecycle","version":"21"},"event":{"count":1,"data":{"created":1575527778209,"project":"4452600da3b350ab41d92ae108c2baae6ff0ac3ddb31bd67020ee046ec77ac09"},"id":"project.closed"}}
