{"recorder_version":"21","session":"24ed87391d37","build":"192.6262.58","bucket":"189","time":1574811043968,"group":{"id":"settings","version":"4"},"event":{"state":true,"data":{"component":"NotRoamableUiSettings","created":1574811044160},"id":"invoked"}}
{"recorder_version":"21","session":"24ed87391d37","build":"192.6262.58","bucket":"189","time":1574811043971,"group":{"id":"system.java","version":"1"},"event":{"state":true,"data":{"created":1574811044163,"version":"1.11"},"id":"JetBrains"}}
{"recorder_version":"21","session":"24ed87391d37","build":"192.6262.58","bucket":"189","time":1574811043971,"group":{"id":"system.java","version":"1"},"event":{"state":true,"data":{"created":1574811044173},"id":"invoked"}}
{"recorder_version":"21","session":"24ed87391d37","build":"192.6262.58","bucket":"189","time":1574811043971,"group":{"id":"settings","version":"4"},"event":{"state":true,"data":{"component":"UISettings","created":1574811044174},"id":"invoked"}}
{"recorder_version":"21","session":"24ed87391d37","build":"192.6262.58","bucket":"189","time":1574811043994,"group":{"id":"system.os","version":"3"},"event":{"state":true,"data":{"created":1574811044177,"version":"10.14"},"id":"Mac"}}
{"recorder_version":"21","session":"24ed87391d37","build":"192.6262.58","bucket":"189","time":1574811043994,"group":{"id":"system.os","version":"3"},"event":{"state":true,"data":{"created":1574811044178,"name":"Mac","version":"10.14"},"id":"os.name"}}
{"recorder_version":"21","session":"24ed87391d37","build":"192.6262.58","bucket":"189","time":1574811043994,"group":{"id":"system.os","version":"3"},"event":{"state":true,"data":{"created":1574811044179,"value":"+09_00"},"id":"os.timezone"}}
{"recorder_version":"21","session":"24ed87391d37","build":"192.6262.58","bucket":"189","time":1574811043994,"group":{"id":"system.os","version":"3"},"event":{"state":true,"data":{"created":1574811044179},"id":"invoked"}}
{"recorder_version":"21","session":"24ed87391d37","build":"192.6262.58","bucket":"189","time":1574811044160,"group":{"id":"event.log","version":"21"},"event":{"count":1,"data":{"created":1574811044180,"version":"930.0"},"id":"whitelist.loaded"}}
{"recorder_version":"21","session":"24ed87391d37","build":"192.6262.58","bucket":"189","time":1574811046260,"group":{"id":"settings","version":"4"},"event":{"state":true,"data":{"component":"UpdatesConfigurable","created":1574811046261,"name":"checkNeeded","type":"bool","value":false},"id":"not.default"}}
{"recorder_version":"21","session":"24ed87391d37","build":"192.6262.58","bucket":"189","time":1574811046260,"group":{"id":"settings","version":"4"},"event":{"state":true,"data":{"component":"UpdatesConfigurable","created":1574811046262},"id":"invoked"}}
{"recorder_version":"21","session":"24ed87391d37","build":"192.6262.58","bucket":"189","time":1574811046375,"group":{"id":"settings","version":"4"},"event":{"state":true,"data":{"component":"GeneralSettings","created":1574811046375,"name":"confirmExit","type":"bool","value":false},"id":"not.default"}}
{"recorder_version":"21","session":"24ed87391d37","build":"192.6262.58","bucket":"189","time":1574811046375,"group":{"id":"settings","version":"4"},"event":{"state":true,"data":{"component":"GeneralSettings","created":1574811046376,"name":"showTipsOnStartup","type":"bool","value":false},"id":"not.default"}}
{"recorder_version":"21","session":"24ed87391d37","build":"192.6262.58","bucket":"189","time":1574811046375,"group":{"id":"settings","version":"4"},"event":{"state":true,"data":{"component":"GeneralSettings","created":1574811046378},"id":"invoked"}}
{"recorder_version":"21","session":"24ed87391d37","build":"192.6262.58","bucket":"189","time":1574811046384,"group":{"id":"lifecycle","version":"21"},"event":{"count":1,"data":{"internal":true,"eap":false,"created":1574811046385},"id":"ide.start"}}
{"recorder_version":"21","session":"24ed87391d37","build":"192.6262.58","bucket":"189","time":1574811046677,"group":{"id":"lifecycle","version":"21"},"event":{"count":1,"data":{"created":1574811046677},"id":"frame.activated"}}
{"recorder_version":"21","session":"24ed87391d37","build":"192.6262.58","bucket":"189","time":1574811046927,"group":{"id":"performance","version":"21"},"event":{"count":1,"data":{"duration_ms":1,"created":1574811046927},"id":"ui.latency"}}
{"recorder_version":"21","session":"24ed87391d37","build":"192.6262.58","bucket":"189","time":1574811047163,"group":{"id":"ui.dialogs","version":"21"},"event":{"count":1,"data":{"created":1574811047163,"plugin_type":"PLATFORM","type":"show"},"id":"com.intellij.openapi.progress.util.ProgressDialog$MyDialogWrapper"}}
{"recorder_version":"21","session":"24ed87391d37","build":"192.6262.58","bucket":"189","time":1574811048202,"group":{"id":"lifecycle","version":"21"},"event":{"count":1,"data":{"created":1574811048202,"project":"92ddc83aceaa9edad1485397ccc1680a8fd16623aa2c155379eac4aafdb2a559"},"id":"project.opened"}}
{"recorder_version":"21","session":"24ed87391d37","build":"192.6262.58","bucket":"189","time":1574811049843,"group":{"id":"settings","version":"4"},"event":{"state":true,"data":{"component":"XmlEditorOptions","created":1574811049844},"id":"invoked"}}
{"recorder_version":"21","session":"24ed87391d37","build":"192.6262.58","bucket":"189","time":1574811050071,"group":{"id":"toolwindow","version":"21"},"event":{"count":1,"data":{"os":"Mac","created":1574811050071,"plugin_type":"PLATFORM"},"id":"Project"}}
{"recorder_version":"21","session":"24ed87391d37","build":"192.6262.58","bucket":"189","time":1574811051046,"group":{"id":"performance","version":"21"},"event":{"count":1,"data":{"duration_ms":113,"created":1574811051047},"id":"ui.lagging"}}
{"recorder_version":"21","session":"24ed87391d37","build":"192.6262.58","bucket":"189","time":1574811051972,"group":{"id":"kotlin.jps.target","version":"1"},"event":{"count":1,"data":{"plugin_version":"validation.undefined_rule","created":1574811051973},"id":"validation.undefined_rule"}}
{"recorder_version":"21","session":"24ed87391d37","build":"192.6262.58","bucket":"189","time":1574811052384,"group":{"id":"project.fs","version":"1"},"event":{"state":true,"data":{"os":"Mac","cs-project":false,"created":1574811052384,"project":"92ddc83aceaa9edad1485397ccc1680a8fd16623aa2c155379eac4aafdb2a559","cs-implicit":true,"cs-system":false},"id":"case-sensitivity"}}
{"recorder_version":"21","session":"24ed87391d37","build":"192.6262.58","bucket":"189","time":1574811052384,"group":{"id":"project.fs","version":"1"},"event":{"state":true,"data":{"created":1574811052385},"id":"invoked"}}
{"recorder_version":"21","session":"24ed87391d37","build":"192.6262.58","bucket":"189","time":1574811052385,"group":{"id":"project.fs","version":"1"},"event":{"state":true,"data":{"pct-non-watched":0,"created":1574811052385,"project":"92ddc83aceaa9edad1485397ccc1680a8fd16623aa2c155379eac4aafdb2a559"},"id":"roots-watched"}}
{"recorder_version":"21","session":"24ed87391d37","build":"192.6262.58","bucket":"189","time":1574811052385,"group":{"id":"project.fs","version":"1"},"event":{"state":true,"data":{"created":1574811052386},"id":"invoked"}}
{"recorder_version":"21","session":"24ed87391d37","build":"192.6262.58","bucket":"189","time":1574811052472,"group":{"id":"ui.dialogs","version":"21"},"event":{"count":1,"data":{"code":1,"created":1574811052472,"plugin_type":"PLATFORM","type":"close"},"id":"com.intellij.openapi.progress.util.ProgressDialog$MyDialogWrapper"}}
{"recorder_version":"21","session":"24ed87391d37","build":"192.6262.58","bucket":"189","time":1574811052643,"group":{"id":"lifecycle","version":"21"},"event":{"count":1,"data":{"duration_ms":5741,"created":1574811052643,"project":"92ddc83aceaa9edad1485397ccc1680a8fd16623aa2c155379eac4aafdb2a559"},"id":"project.opening.finished"}}
{"recorder_version":"21","session":"24ed87391d37","build":"192.6262.58","bucket":"189","time":1574811053081,"group":{"id":"performance","version":"21"},"event":{"count":1,"data":{"duration_ms":147,"created":1574811053081},"id":"ui.lagging"}}
{"recorder_version":"21","session":"24ed87391d37","build":"192.6262.58","bucket":"189","time":1574811053854,"group":{"id":"actions","version":"21"},"event":{"count":1,"data":{"context_menu":false,"current_file":"TEXT","created":1574811053855,"plugin_type":"PLATFORM","project":"92ddc83aceaa9edad1485397ccc1680a8fd16623aa2c155379eac4aafdb2a559","place":"keyboard_shortcut","class":"com.intellij.openapi.editor.actions.BackspaceAction","input_event":"Backspace"},"id":"EditorBackSpace"}}
{"recorder_version":"21","session":"24ed87391d37","build":"192.6262.58","bucket":"189","time":1574811054286,"group":{"id":"performance","version":"21"},"event":{"count":1,"data":{"duration_ms":351,"created":1574811054286},"id":"ui.lagging"}}
{"recorder_version":"21","session":"24ed87391d37","build":"192.6262.58","bucket":"189","time":1574811055062,"group":{"id":"file.types.usage","version":"21"},"event":{"count":1,"data":{"created":1574811055062,"plugin_type":"PLATFORM","project":"92ddc83aceaa9edad1485397ccc1680a8fd16623aa2c155379eac4aafdb2a559","type":"edit"},"id":"IDEA_MODULE"}}
{"recorder_version":"21","session":"24ed87391d37","build":"192.6262.58","bucket":"189","time":1574811057460,"group":{"id":"actions","version":"21"},"event":{"count":6,"data":{"context_menu":false,"last":1574811072314,"current_file":"TEXT","created":1574811057460,"plugin_type":"PLATFORM","project":"92ddc83aceaa9edad1485397ccc1680a8fd16623aa2c155379eac4aafdb2a559","place":"keyboard_shortcut","class":"com.intellij.openapi.editor.actions.EnterAction","input_event":"Enter"},"id":"EditorEnter"}}
{"recorder_version":"21","session":"24ed87391d37","build":"192.6262.58","bucket":"189","time":1574811084253,"group":{"id":"actions","version":"21"},"event":{"count":3,"data":{"context_menu":false,"last":1574811084713,"current_file":"TEXT","created":1574811084253,"plugin_type":"PLATFORM","project":"92ddc83aceaa9edad1485397ccc1680a8fd16623aa2c155379eac4aafdb2a559","place":"keyboard_shortcut","class":"com.intellij.openapi.editor.actions.MoveCaretLeftAction","input_event":"Left"},"id":"EditorLeft"}}
{"recorder_version":"21","session":"24ed87391d37","build":"192.6262.58","bucket":"189","time":1574811084979,"group":{"id":"actions","version":"21"},"event":{"count":3,"data":{"context_menu":false,"last":1574811085377,"current_file":"TEXT","created":1574811084979,"plugin_type":"PLATFORM","project":"92ddc83aceaa9edad1485397ccc1680a8fd16623aa2c155379eac4aafdb2a559","place":"keyboard_shortcut","class":"com.intellij.openapi.editor.actions.MoveCaretRightAction","input_event":"Right"},"id":"EditorRight"}}
{"recorder_version":"21","session":"24ed87391d37","build":"192.6262.58","bucket":"189","time":1574811096941,"group":{"id":"actions","version":"21"},"event":{"count":2,"data":{"context_menu":false,"last":1574811098681,"current_file":"TEXT","created":1574811096942,"plugin_type":"PLATFORM","project":"92ddc83aceaa9edad1485397ccc1680a8fd16623aa2c155379eac4aafdb2a559","place":"keyboard_shortcut","class":"com.intellij.openapi.editor.actions.EnterAction","input_event":"Enter"},"id":"EditorEnter"}}
{"recorder_version":"21","session":"24ed87391d37","build":"192.6262.58","bucket":"189","time":1574811116426,"group":{"id":"lifecycle","version":"21"},"event":{"count":1,"data":{"created":1574811116426,"project":"92ddc83aceaa9edad1485397ccc1680a8fd16623aa2c155379eac4aafdb2a559"},"id":"frame.deactivated"}}
{"recorder_version":"21","session":"24ed87391d37","build":"192.6262.58","bucket":"189","time":1574811147207,"group":{"id":"performance","version":"21"},"event":{"count":1,"data":{"duration_ms":0,"created":1574811147208},"id":"ui.latency"}}
{"recorder_version":"21","session":"24ed87391d37","build":"192.6262.58","bucket":"189","time":1574811175216,"group":{"id":"lifecycle","version":"21"},"event":{"count":1,"data":{"created":1574811175216,"project":"92ddc83aceaa9edad1485397ccc1680a8fd16623aa2c155379eac4aafdb2a559"},"id":"frame.activated"}}
{"recorder_version":"21","session":"24ed87391d37","build":"192.6262.58","bucket":"189","time":1574811175865,"group":{"id":"lifecycle","version":"21"},"event":{"count":1,"data":{"restart":false,"created":1574811175865},"id":"ide.close"}}
{"recorder_version":"21","session":"24ed87391d37","build":"192.6262.58","bucket":"189","time":1574811175989,"group":{"id":"lifecycle","version":"21"},"event":{"count":1,"data":{"created":1574811175989,"project":"92ddc83aceaa9edad1485397ccc1680a8fd16623aa2c155379eac4aafdb2a559"},"id":"project.closed"}}
