{"recorder_version":"21","session":"1410b2d36d74","build":"192.6262.58","bucket":"189","time":1574786410841,"group":{"id":"settings","version":"4"},"event":{"state":true,"data":{"component":"NotRoamableUiSettings","created":1574786411026},"id":"invoked"}}
{"recorder_version":"21","session":"1410b2d36d74","build":"192.6262.58","bucket":"189","time":1574786410843,"group":{"id":"system.java","version":"1"},"event":{"state":true,"data":{"created":1574786411028,"version":"1.11"},"id":"JetBrains"}}
{"recorder_version":"21","session":"1410b2d36d74","build":"192.6262.58","bucket":"189","time":1574786410843,"group":{"id":"system.java","version":"1"},"event":{"state":true,"data":{"created":1574786411035},"id":"invoked"}}
{"recorder_version":"21","session":"1410b2d36d74","build":"192.6262.58","bucket":"189","time":1574786410843,"group":{"id":"settings","version":"4"},"event":{"state":true,"data":{"component":"UISettings","created":1574786411035},"id":"invoked"}}
{"recorder_version":"21","session":"1410b2d36d74","build":"192.6262.58","bucket":"189","time":1574786410866,"group":{"id":"system.os","version":"3"},"event":{"state":true,"data":{"created":1574786411036,"version":"10.14"},"id":"Mac"}}
{"recorder_version":"21","session":"1410b2d36d74","build":"192.6262.58","bucket":"189","time":1574786410866,"group":{"id":"system.os","version":"3"},"event":{"state":true,"data":{"created":1574786411037,"name":"Mac","version":"10.14"},"id":"os.name"}}
{"recorder_version":"21","session":"1410b2d36d74","build":"192.6262.58","bucket":"189","time":1574786410866,"group":{"id":"system.os","version":"3"},"event":{"state":true,"data":{"created":1574786411038,"value":"+09_00"},"id":"os.timezone"}}
{"recorder_version":"21","session":"1410b2d36d74","build":"192.6262.58","bucket":"189","time":1574786410866,"group":{"id":"system.os","version":"3"},"event":{"state":true,"data":{"created":1574786411039},"id":"invoked"}}
{"recorder_version":"21","session":"1410b2d36d74","build":"192.6262.58","bucket":"189","time":1574786411025,"group":{"id":"event.log","version":"21"},"event":{"count":1,"data":{"created":1574786411040,"version":"925.0"},"id":"whitelist.loaded"}}
{"recorder_version":"21","session":"1410b2d36d74","build":"192.6262.58","bucket":"189","time":1574786413223,"group":{"id":"settings","version":"4"},"event":{"state":true,"data":{"component":"UpdatesConfigurable","created":1574786413223,"name":"checkNeeded","type":"bool","value":false},"id":"not.default"}}
{"recorder_version":"21","session":"1410b2d36d74","build":"192.6262.58","bucket":"189","time":1574786413223,"group":{"id":"settings","version":"4"},"event":{"state":true,"data":{"component":"UpdatesConfigurable","created":1574786413224},"id":"invoked"}}
{"recorder_version":"21","session":"1410b2d36d74","build":"192.6262.58","bucket":"189","time":1574786413348,"group":{"id":"settings","version":"4"},"event":{"state":true,"data":{"component":"GeneralSettings","created":1574786413349,"name":"confirmExit","type":"bool","value":false},"id":"not.default"}}
{"recorder_version":"21","session":"1410b2d36d74","build":"192.6262.58","bucket":"189","time":1574786413348,"group":{"id":"settings","version":"4"},"event":{"state":true,"data":{"component":"GeneralSettings","created":1574786413362,"name":"showTipsOnStartup","type":"bool","value":false},"id":"not.default"}}
{"recorder_version":"21","session":"1410b2d36d74","build":"192.6262.58","bucket":"189","time":1574786413348,"group":{"id":"settings","version":"4"},"event":{"state":true,"data":{"component":"GeneralSettings","created":1574786413363},"id":"invoked"}}
{"recorder_version":"21","session":"1410b2d36d74","build":"192.6262.58","bucket":"189","time":1574786413354,"group":{"id":"lifecycle","version":"21"},"event":{"count":1,"data":{"internal":true,"eap":false,"created":1574786413364},"id":"ide.start"}}
{"recorder_version":"21","session":"1410b2d36d74","build":"192.6262.58","bucket":"189","time":1574786413626,"group":{"id":"lifecycle","version":"21"},"event":{"count":1,"data":{"created":1574786413626},"id":"frame.activated"}}
{"recorder_version":"21","session":"1410b2d36d74","build":"192.6262.58","bucket":"189","time":1574786413895,"group":{"id":"performance","version":"21"},"event":{"count":1,"data":{"duration_ms":1,"created":1574786413895},"id":"ui.latency"}}
{"recorder_version":"21","session":"1410b2d36d74","build":"192.6262.58","bucket":"189","time":1574786414088,"group":{"id":"ui.dialogs","version":"21"},"event":{"count":1,"data":{"created":1574786414088,"plugin_type":"PLATFORM","type":"show"},"id":"com.intellij.openapi.progress.util.ProgressDialog$MyDialogWrapper"}}
{"recorder_version":"21","session":"1410b2d36d74","build":"192.6262.58","bucket":"189","time":1574786414978,"group":{"id":"lifecycle","version":"21"},"event":{"count":1,"data":{"created":1574786414978,"project":"92ddc83aceaa9edad1485397ccc1680a8fd16623aa2c155379eac4aafdb2a559"},"id":"project.opened"}}
{"recorder_version":"21","session":"1410b2d36d74","build":"192.6262.58","bucket":"189","time":1574786416587,"group":{"id":"settings","version":"4"},"event":{"state":true,"data":{"component":"XmlEditorOptions","created":1574786416587},"id":"invoked"}}
{"recorder_version":"21","session":"1410b2d36d74","build":"192.6262.58","bucket":"189","time":1574786416827,"group":{"id":"toolwindow","version":"21"},"event":{"count":1,"data":{"os":"Mac","created":1574786416827,"plugin_type":"PLATFORM"},"id":"Project"}}
{"recorder_version":"21","session":"1410b2d36d74","build":"192.6262.58","bucket":"189","time":1574786417168,"group":{"id":"performance","version":"21"},"event":{"count":1,"data":{"duration_ms":271,"created":1574786417168},"id":"ui.lagging"}}
{"recorder_version":"21","session":"1410b2d36d74","build":"192.6262.58","bucket":"189","time":1574786418488,"group":{"id":"kotlin.jps.target","version":"1"},"event":{"count":1,"data":{"plugin_version":"1.3.41-release-IJ2019.2-1","created":1574786418488},"id":"jvm"}}
{"recorder_version":"21","session":"1410b2d36d74","build":"192.6262.58","bucket":"189","time":1574786418810,"group":{"id":"project.fs","version":"1"},"event":{"state":true,"data":{"os":"Mac","cs-project":false,"created":1574786418811,"project":"92ddc83aceaa9edad1485397ccc1680a8fd16623aa2c155379eac4aafdb2a559","cs-implicit":true,"cs-system":false},"id":"case-sensitivity"}}
{"recorder_version":"21","session":"1410b2d36d74","build":"192.6262.58","bucket":"189","time":1574786418810,"group":{"id":"project.fs","version":"1"},"event":{"state":true,"data":{"created":1574786418811},"id":"invoked"}}
{"recorder_version":"21","session":"1410b2d36d74","build":"192.6262.58","bucket":"189","time":1574786418811,"group":{"id":"project.fs","version":"1"},"event":{"state":true,"data":{"pct-non-watched":0,"created":1574786418811,"project":"92ddc83aceaa9edad1485397ccc1680a8fd16623aa2c155379eac4aafdb2a559"},"id":"roots-watched"}}
{"recorder_version":"21","session":"1410b2d36d74","build":"192.6262.58","bucket":"189","time":1574786418811,"group":{"id":"project.fs","version":"1"},"event":{"state":true,"data":{"created":1574786418811},"id":"invoked"}}
{"recorder_version":"21","session":"1410b2d36d74","build":"192.6262.58","bucket":"189","time":1574786418873,"group":{"id":"ui.dialogs","version":"21"},"event":{"count":1,"data":{"code":1,"created":1574786418874,"plugin_type":"PLATFORM","type":"close"},"id":"com.intellij.openapi.progress.util.ProgressDialog$MyDialogWrapper"}}
{"recorder_version":"21","session":"1410b2d36d74","build":"192.6262.58","bucket":"189","time":1574786419075,"group":{"id":"lifecycle","version":"21"},"event":{"count":1,"data":{"duration_ms":5252,"created":1574786419075,"project":"92ddc83aceaa9edad1485397ccc1680a8fd16623aa2c155379eac4aafdb2a559"},"id":"project.opening.finished"}}
{"recorder_version":"21","session":"1410b2d36d74","build":"192.6262.58","bucket":"189","time":1574786420100,"group":{"id":"file.types.usage","version":"21"},"event":{"count":1,"data":{"created":1574786420100,"plugin_type":"PLATFORM","project":"92ddc83aceaa9edad1485397ccc1680a8fd16623aa2c155379eac4aafdb2a559","type":"edit"},"id":"IDEA_MODULE"}}
{"recorder_version":"21","session":"1410b2d36d74","build":"192.6262.58","bucket":"189","time":1574786423864,"group":{"id":"actions","version":"21"},"event":{"count":5,"data":{"context_menu":false,"last":1574786426468,"current_file":"TEXT","created":1574786423865,"plugin_type":"PLATFORM","project":"92ddc83aceaa9edad1485397ccc1680a8fd16623aa2c155379eac4aafdb2a559","place":"keyboard_shortcut","class":"com.intellij.openapi.editor.actions.EnterAction","input_event":"Enter"},"id":"EditorEnter"}}
{"recorder_version":"21","session":"1410b2d36d74","build":"192.6262.58","bucket":"189","time":1574786427622,"group":{"id":"actions","version":"21"},"event":{"count":15,"data":{"context_menu":false,"last":1574786431970,"current_file":"TEXT","created":1574786427623,"plugin_type":"PLATFORM","project":"92ddc83aceaa9edad1485397ccc1680a8fd16623aa2c155379eac4aafdb2a559","place":"keyboard_shortcut","class":"com.intellij.openapi.editor.actions.BackspaceAction","input_event":"Backspace"},"id":"EditorBackSpace"}}
{"recorder_version":"21","session":"1410b2d36d74","build":"192.6262.58","bucket":"189","time":1574786435152,"group":{"id":"lifecycle","version":"21"},"event":{"count":1,"data":{"created":1574786435153,"project":"92ddc83aceaa9edad1485397ccc1680a8fd16623aa2c155379eac4aafdb2a559"},"id":"frame.deactivated"}}
{"recorder_version":"21","session":"1410b2d36d74","build":"192.6262.58","bucket":"189","time":1574786514153,"group":{"id":"performance","version":"21"},"event":{"count":1,"data":{"duration_ms":0,"created":1574786514154},"id":"ui.latency"}}
{"recorder_version":"21","session":"1410b2d36d74","build":"192.6262.58","bucket":"189","time":1574786614547,"group":{"id":"performance","version":"21"},"event":{"count":1,"data":{"duration_ms":0,"created":1574786614547},"id":"ui.latency"}}
{"recorder_version":"21","session":"1410b2d36d74","build":"192.6262.58","bucket":"189","time":1574786636922,"group":{"id":"lifecycle","version":"21"},"event":{"count":1,"data":{"created":1574786636922,"project":"92ddc83aceaa9edad1485397ccc1680a8fd16623aa2c155379eac4aafdb2a559"},"id":"frame.activated"}}
{"recorder_version":"21","session":"1410b2d36d74","build":"192.6262.58","bucket":"189","time":1574786637351,"group":{"id":"lifecycle","version":"21"},"event":{"count":1,"data":{"restart":false,"created":1574786637351},"id":"ide.close"}}
{"recorder_version":"21","session":"1410b2d36d74","build":"192.6262.58","bucket":"189","time":1574786637427,"group":{"id":"lifecycle","version":"21"},"event":{"count":1,"data":{"created":1574786637427,"project":"92ddc83aceaa9edad1485397ccc1680a8fd16623aa2c155379eac4aafdb2a559"},"id":"project.closed"}}
