{"recorder_version":"21","session":"5d4961496a4f","build":"192.6262.58","bucket":"189","time":1574428149157,"group":{"id":"settings","version":"4"},"event":{"state":true,"data":{"component":"NotRoamableUiSettings","created":1574428149370},"id":"invoked"}}
{"recorder_version":"21","session":"5d4961496a4f","build":"192.6262.58","bucket":"189","time":1574428149159,"group":{"id":"settings","version":"4"},"event":{"state":true,"data":{"component":"UISettings","created":1574428149372},"id":"invoked"}}
{"recorder_version":"21","session":"5d4961496a4f","build":"192.6262.58","bucket":"189","time":1574428149160,"group":{"id":"system.java","version":"1"},"event":{"state":true,"data":{"created":1574428149390,"version":"1.11"},"id":"JetBrains"}}
{"recorder_version":"21","session":"5d4961496a4f","build":"192.6262.58","bucket":"189","time":1574428149160,"group":{"id":"system.java","version":"1"},"event":{"state":true,"data":{"created":1574428149390},"id":"invoked"}}
{"recorder_version":"21","session":"5d4961496a4f","build":"192.6262.58","bucket":"189","time":1574428149192,"group":{"id":"system.os","version":"3"},"event":{"state":true,"data":{"created":1574428149391,"version":"10.14"},"id":"Mac"}}
{"recorder_version":"21","session":"5d4961496a4f","build":"192.6262.58","bucket":"189","time":1574428149192,"group":{"id":"system.os","version":"3"},"event":{"state":true,"data":{"created":1574428149392,"name":"Mac","version":"10.14"},"id":"os.name"}}
{"recorder_version":"21","session":"5d4961496a4f","build":"192.6262.58","bucket":"189","time":1574428149192,"group":{"id":"system.os","version":"3"},"event":{"state":true,"data":{"created":1574428149393,"value":"+09_00"},"id":"os.timezone"}}
{"recorder_version":"21","session":"5d4961496a4f","build":"192.6262.58","bucket":"189","time":1574428149192,"group":{"id":"system.os","version":"3"},"event":{"state":true,"data":{"created":1574428149394},"id":"invoked"}}
{"recorder_version":"21","session":"5d4961496a4f","build":"192.6262.58","bucket":"189","time":1574428149370,"group":{"id":"event.log","version":"21"},"event":{"count":1,"data":{"created":1574428149395,"version":"916.0"},"id":"whitelist.loaded"}}
{"recorder_version":"21","session":"5d4961496a4f","build":"192.6262.58","bucket":"189","time":1574428151973,"group":{"id":"settings","version":"4"},"event":{"state":true,"data":{"component":"UpdatesConfigurable","created":1574428151974,"name":"checkNeeded","type":"bool","value":false},"id":"not.default"}}
{"recorder_version":"21","session":"5d4961496a4f","build":"192.6262.58","bucket":"189","time":1574428151973,"group":{"id":"settings","version":"4"},"event":{"state":true,"data":{"component":"UpdatesConfigurable","created":1574428151975},"id":"invoked"}}
{"recorder_version":"21","session":"5d4961496a4f","build":"192.6262.58","bucket":"189","time":1574428152601,"group":{"id":"lifecycle","version":"21"},"event":{"count":1,"data":{"internal":true,"eap":false,"created":1574428152601},"id":"ide.start"}}
{"recorder_version":"21","session":"5d4961496a4f","build":"192.6262.58","bucket":"189","time":1574428152602,"group":{"id":"settings","version":"4"},"event":{"state":true,"data":{"component":"GeneralSettings","created":1574428152602},"id":"invoked"}}
{"recorder_version":"21","session":"5d4961496a4f","build":"192.6262.58","bucket":"189","time":1574428152621,"group":{"id":"performance","version":"21"},"event":{"count":1,"data":{"duration_ms":36,"created":1574428152621},"id":"ui.latency"}}
{"recorder_version":"21","session":"5d4961496a4f","build":"192.6262.58","bucket":"189","time":1574428153264,"group":{"id":"settings","version":"4"},"event":{"state":true,"data":{"component":"XmlEditorOptions","created":1574428153264},"id":"invoked"}}
{"recorder_version":"21","session":"5d4961496a4f","build":"192.6262.58","bucket":"189","time":1574428153704,"group":{"id":"performance","version":"21"},"event":{"count":1,"data":{"duration_ms":115,"created":1574428153704},"id":"ui.lagging"}}
{"recorder_version":"21","session":"5d4961496a4f","build":"192.6262.58","bucket":"189","time":1574428154573,"group":{"id":"ui.dialogs","version":"21"},"event":{"count":1,"data":{"created":1574428154573,"plugin_type":"PLATFORM","type":"show"},"id":"com.intellij.openapi.progress.util.ProgressDialog$MyDialogWrapper"}}
{"recorder_version":"21","session":"5d4961496a4f","build":"192.6262.58","bucket":"189","time":1574428155702,"group":{"id":"lifecycle","version":"21"},"event":{"count":1,"data":{"created":1574428155703,"project":"a0f12fb42952fc36a102045bdbb22ad1f15aa9443e9c675024683f4da70c8bc4"},"id":"project.opened"}}
{"recorder_version":"21","session":"5d4961496a4f","build":"192.6262.58","bucket":"189","time":1574428157929,"group":{"id":"performance","version":"21"},"event":{"count":1,"data":{"duration_ms":330,"created":1574428157929},"id":"ui.lagging"}}
{"recorder_version":"21","session":"5d4961496a4f","build":"192.6262.58","bucket":"189","time":1574428158032,"group":{"id":"toolwindow","version":"21"},"event":{"count":1,"data":{"os":"Mac","created":1574428158032,"plugin_type":"PLATFORM"},"id":"Project"}}
{"recorder_version":"21","session":"5d4961496a4f","build":"192.6262.58","bucket":"189","time":1574428158753,"group":{"id":"ui.tips","version":"2"},"event":{"count":1,"data":{"created":1574428158754,"type":"automatically"},"id":"dialog.shown"}}
{"recorder_version":"21","session":"5d4961496a4f","build":"192.6262.58","bucket":"189","time":1574428158877,"group":{"id":"ui.dialogs","version":"21"},"event":{"count":1,"data":{"created":1574428158877,"plugin_type":"PLATFORM","type":"show"},"id":"com.intellij.ide.util.TipDialog"}}
{"recorder_version":"21","session":"5d4961496a4f","build":"192.6262.58","bucket":"189","time":1574428159015,"group":{"id":"performance","version":"21"},"event":{"count":1,"data":{"duration_ms":415,"created":1574428159016},"id":"ui.lagging"}}
{"recorder_version":"21","session":"5d4961496a4f","build":"192.6262.58","bucket":"189","time":1574428159523,"group":{"id":"project.fs","version":"1"},"event":{"state":true,"data":{"os":"Mac","cs-project":false,"created":1574428159524,"project":"a0f12fb42952fc36a102045bdbb22ad1f15aa9443e9c675024683f4da70c8bc4","cs-implicit":true,"cs-system":false},"id":"case-sensitivity"}}
{"recorder_version":"21","session":"5d4961496a4f","build":"192.6262.58","bucket":"189","time":1574428159523,"group":{"id":"project.fs","version":"1"},"event":{"state":true,"data":{"created":1574428159524},"id":"invoked"}}
{"recorder_version":"21","session":"5d4961496a4f","build":"192.6262.58","bucket":"189","time":1574428159525,"group":{"id":"project.fs","version":"1"},"event":{"state":true,"data":{"pct-non-watched":0,"created":1574428159525,"project":"a0f12fb42952fc36a102045bdbb22ad1f15aa9443e9c675024683f4da70c8bc4"},"id":"roots-watched"}}
{"recorder_version":"21","session":"5d4961496a4f","build":"192.6262.58","bucket":"189","time":1574428159525,"group":{"id":"project.fs","version":"1"},"event":{"state":true,"data":{"created":1574428159525},"id":"invoked"}}
{"recorder_version":"21","session":"5d4961496a4f","build":"192.6262.58","bucket":"189","time":1574428159647,"group":{"id":"ui.dialogs","version":"21"},"event":{"count":1,"data":{"code":1,"created":1574428159647,"plugin_type":"PLATFORM","type":"close"},"id":"com.intellij.openapi.progress.util.ProgressDialog$MyDialogWrapper"}}
{"recorder_version":"21","session":"5d4961496a4f","build":"192.6262.58","bucket":"189","time":1574428159767,"group":{"id":"lifecycle","version":"21"},"event":{"count":1,"data":{"duration_ms":5456,"created":1574428159767,"project":"a0f12fb42952fc36a102045bdbb22ad1f15aa9443e9c675024683f4da70c8bc4"},"id":"project.opening.finished"}}
{"recorder_version":"21","session":"5d4961496a4f","build":"192.6262.58","bucket":"189","time":1574428161524,"group":{"id":"kotlin.jps.target","version":"1"},"event":{"count":1,"data":{"plugin_version":"1.3.41-release-IJ2019.2-1","created":1574428161524},"id":"jvm"}}
{"recorder_version":"21","session":"5d4961496a4f","build":"192.6262.58","bucket":"189","time":1574428162039,"group":{"id":"ui.dialogs","version":"21"},"event":{"count":1,"data":{"code":1,"created":1574428162039,"plugin_type":"PLATFORM","type":"close"},"id":"com.intellij.ide.util.TipDialog"}}
{"recorder_version":"21","session":"5d4961496a4f","build":"192.6262.58","bucket":"189","time":1574428167610,"group":{"id":"actions","version":"21"},"event":{"count":1,"data":{"context_menu":true,"current_file":"JAVA","created":1574428167610,"plugin_type":"NOT_LISTED","project":"a0f12fb42952fc36a102045bdbb22ad1f15aa9443e9c675024683f4da70c8bc4","place":"MainMenu","class":"third.party","input_event":"NoMouseButton"},"id":"third.party"}}
{"recorder_version":"21","session":"5d4961496a4f","build":"192.6262.58","bucket":"189","time":1574428167754,"group":{"id":"ui.dialogs","version":"21"},"event":{"count":1,"data":{"created":1574428167754,"plugin_type":"PLATFORM","type":"show"},"id":"com.intellij.openapi.ui.Messages$InputDialog"}}
{"recorder_version":"21","session":"5d4961496a4f","build":"192.6262.58","bucket":"189","time":1574428167842,"group":{"id":"performance","version":"21"},"event":{"count":1,"data":{"duration_ms":219,"created":1574428167842},"id":"ui.lagging"}}
{"recorder_version":"21","session":"5d4961496a4f","build":"192.6262.58","bucket":"189","time":1574428168731,"group":{"id":"ui.dialogs","version":"21"},"event":{"count":1,"data":{"code":1,"created":1574428168731,"plugin_type":"PLATFORM","type":"close"},"id":"com.intellij.openapi.ui.Messages$InputDialog"}}
{"recorder_version":"21","session":"5d4961496a4f","build":"192.6262.58","bucket":"189","time":1574428168739,"group":{"id":"lifecycle","version":"21"},"event":{"count":1,"data":{"created":1574428168739,"project":"a0f12fb42952fc36a102045bdbb22ad1f15aa9443e9c675024683f4da70c8bc4"},"id":"frame.deactivated"}}
{"recorder_version":"21","session":"5d4961496a4f","build":"192.6262.58","bucket":"189","time":1574428168861,"group":{"id":"lifecycle","version":"21"},"event":{"count":1,"data":{"created":1574428168861,"project":"a0f12fb42952fc36a102045bdbb22ad1f15aa9443e9c675024683f4da70c8bc4"},"id":"frame.activated"}}
{"recorder_version":"21","session":"5d4961496a4f","build":"192.6262.58","bucket":"189","time":1574428171213,"group":{"id":"lifecycle","version":"21"},"event":{"count":1,"data":{"created":1574428171213,"project":"a0f12fb42952fc36a102045bdbb22ad1f15aa9443e9c675024683f4da70c8bc4"},"id":"frame.deactivated"}}
{"recorder_version":"21","session":"5d4961496a4f","build":"192.6262.58","bucket":"189","time":1574428252846,"group":{"id":"performance","version":"21"},"event":{"count":1,"data":{"duration_ms":0,"created":1574428252847},"id":"ui.latency"}}
{"recorder_version":"21","session":"5d4961496a4f","build":"192.6262.58","bucket":"189","time":1574428353131,"group":{"id":"performance","version":"21"},"event":{"count":1,"data":{"duration_ms":0,"created":1574428353132},"id":"ui.latency"}}
{"recorder_version":"21","session":"5d4961496a4f","build":"192.6262.58","bucket":"189","time":1574428452588,"group":{"id":"build.tools.actions","version":"1"},"event":{"count":1,"data":{"created":1574428452588},"id":"registered"}}
{"recorder_version":"21","session":"5d4961496a4f","build":"192.6262.58","bucket":"189","time":1574428452588,"group":{"id":"file.types.usage","version":"21"},"event":{"count":1,"data":{"created":1574428452589},"id":"registered"}}
{"recorder_version":"21","session":"5d4961496a4f","build":"192.6262.58","bucket":"189","time":1574428452588,"group":{"id":"ide.script.engine","version":"1"},"event":{"count":1,"data":{"created":1574428452589},"id":"registered"}}
{"recorder_version":"21","session":"5d4961496a4f","build":"192.6262.58","bucket":"189","time":1574428452588,"group":{"id":"actions.runAnything","version":"1"},"event":{"count":1,"data":{"created":1574428452589},"id":"registered"}}
{"recorder_version":"21","session":"5d4961496a4f","build":"192.6262.58","bucket":"189","time":1574428452588,"group":{"id":"toolwindow","version":"21"},"event":{"count":1,"data":{"created":1574428452589},"id":"registered"}}
{"recorder_version":"21","session":"5d4961496a4f","build":"192.6262.58","bucket":"189","time":1574428452588,"group":{"id":"kotlin.ide.newFileTempl","version":"1"},"event":{"count":1,"data":{"created":1574428452590},"id":"registered"}}
{"recorder_version":"21","session":"5d4961496a4f","build":"192.6262.58","bucket":"189","time":1574428452588,"group":{"id":"live.templates","version":"21"},"event":{"count":1,"data":{"created":1574428452590},"id":"registered"}}
{"recorder_version":"21","session":"5d4961496a4f","build":"192.6262.58","bucket":"189","time":1574428452588,"group":{"id":"ide.self.update","version":"2"},"event":{"count":1,"data":{"created":1574428452590},"id":"registered"}}
{"recorder_version":"21","session":"5d4961496a4f","build":"192.6262.58","bucket":"189","time":1574428452588,"group":{"id":"ui.settings","version":"21"},"event":{"count":1,"data":{"created":1574428452590},"id":"registered"}}
{"recorder_version":"21","session":"5d4961496a4f","build":"192.6262.58","bucket":"189","time":1574428452588,"group":{"id":"lifecycle","version":"21"},"event":{"count":1,"data":{"created":1574428452590},"id":"registered"}}
{"recorder_version":"21","session":"5d4961496a4f","build":"192.6262.58","bucket":"189","time":1574428452588,"group":{"id":"vcs.diff.trigger","version":"1"},"event":{"count":1,"data":{"created":1574428452590},"id":"registered"}}
{"recorder_version":"21","session":"5d4961496a4f","build":"192.6262.58","bucket":"189","time":1574428452588,"group":{"id":"vcs.log.trigger","version":"2"},"event":{"count":1,"data":{"created":1574428452590},"id":"registered"}}
{"recorder_version":"21","session":"5d4961496a4f","build":"192.6262.58","bucket":"189","time":1574428452588,"group":{"id":"productivity","version":"21"},"event":{"count":1,"data":{"created":1574428452591},"id":"registered"}}
{"recorder_version":"21","session":"5d4961496a4f","build":"192.6262.58","bucket":"189","time":1574428452588,"group":{"id":"debugger.breakpoints.usage","version":"2"},"event":{"count":1,"data":{"created":1574428452591},"id":"registered"}}
{"recorder_version":"21","session":"5d4961496a4f","build":"192.6262.58","bucket":"189","time":1574428452588,"group":{"id":"kotlin.gradle.library","version":"1"},"event":{"count":1,"data":{"created":1574428452591},"id":"registered"}}
{"recorder_version":"21","session":"5d4961496a4f","build":"192.6262.58","bucket":"189","time":1574428452588,"group":{"id":"find","version":"1"},"event":{"count":1,"data":{"created":1574428452591},"id":"registered"}}
{"recorder_version":"21","session":"5d4961496a4f","build":"192.6262.58","bucket":"189","time":1574428452588,"group":{"id":"kotlin.gradle.target","version":"1"},"event":{"count":1,"data":{"created":1574428452591},"id":"registered"}}
{"recorder_version":"21","session":"5d4961496a4f","build":"192.6262.58","bucket":"189","time":1574428452588,"group":{"id":"gutter.icon.click","version":"1"},"event":{"count":1,"data":{"created":1574428452591},"id":"registered"}}
{"recorder_version":"21","session":"5d4961496a4f","build":"192.6262.58","bucket":"189","time":1574428452588,"group":{"id":"shell.script","version":"1"},"event":{"count":1,"data":{"created":1574428452591},"id":"registered"}}
{"recorder_version":"21","session":"5d4961496a4f","build":"192.6262.58","bucket":"189","time":1574428452588,"group":{"id":"kotlin.ide.debugger.eval","version":"1"},"event":{"count":1,"data":{"created":1574428452591},"id":"registered"}}
{"recorder_version":"21","session":"5d4961496a4f","build":"192.6262.58","bucket":"189","time":1574428452588,"group":{"id":"build.maven.actions","version":"1"},"event":{"count":1,"data":{"created":1574428452591},"id":"registered"}}
{"recorder_version":"21","session":"5d4961496a4f","build":"192.6262.58","bucket":"189","time":1574428452588,"group":{"id":"ui.event","version":"1"},"event":{"count":1,"data":{"created":1574428452591},"id":"registered"}}
{"recorder_version":"21","session":"5d4961496a4f","build":"192.6262.58","bucket":"189","time":1574428452588,"group":{"id":"new.project.wizard","version":"1"},"event":{"count":1,"data":{"created":1574428452592},"id":"registered"}}
{"recorder_version":"21","session":"5d4961496a4f","build":"192.6262.58","bucket":"189","time":1574428452588,"group":{"id":"kotlin.ide.npwizards","version":"1"},"event":{"count":1,"data":{"created":1574428452592},"id":"registered"}}
{"recorder_version":"21","session":"5d4961496a4f","build":"192.6262.58","bucket":"189","time":1574428452588,"group":{"id":"intentions","version":"21"},"event":{"count":1,"data":{"created":1574428452592},"id":"registered"}}
{"recorder_version":"21","session":"5d4961496a4f","build":"192.6262.58","bucket":"189","time":1574428452588,"group":{"id":"ui.dialogs","version":"21"},"event":{"count":1,"data":{"created":1574428452592},"id":"registered"}}
{"recorder_version":"21","session":"5d4961496a4f","build":"192.6262.58","bucket":"189","time":1574428452588,"group":{"id":"vcs.back.forward.trigger","version":"1"},"event":{"count":1,"data":{"created":1574428452592},"id":"registered"}}
{"recorder_version":"21","session":"5d4961496a4f","build":"192.6262.58","bucket":"189","time":1574428452588,"group":{"id":"vcs.change.reminder","version":"1"},"event":{"count":1,"data":{"created":1574428452592},"id":"registered"}}
{"recorder_version":"21","session":"5d4961496a4f","build":"192.6262.58","bucket":"189","time":1574428452588,"group":{"id":"toolbar","version":"21"},"event":{"count":1,"data":{"created":1574428452592},"id":"registered"}}
{"recorder_version":"21","session":"5d4961496a4f","build":"192.6262.58","bucket":"189","time":1574428452588,"group":{"id":"build.gradle.actions","version":"1"},"event":{"count":1,"data":{"created":1574428452592},"id":"registered"}}
{"recorder_version":"21","session":"5d4961496a4f","build":"192.6262.58","bucket":"189","time":1574428452588,"group":{"id":"kotlin.maven.target","version":"1"},"event":{"count":1,"data":{"created":1574428452592},"id":"registered"}}
{"recorder_version":"21","session":"5d4961496a4f","build":"192.6262.58","bucket":"189","time":1574428452588,"group":{"id":"performance","version":"21"},"event":{"count":1,"data":{"created":1574428452593},"id":"registered"}}
{"recorder_version":"21","session":"5d4961496a4f","build":"192.6262.58","bucket":"189","time":1574428452588,"group":{"id":"searchEverywhere","version":"1"},"event":{"count":1,"data":{"created":1574428452593},"id":"registered"}}
{"recorder_version":"21","session":"5d4961496a4f","build":"192.6262.58","bucket":"189","time":1574428452588,"group":{"id":"kotlin.ide.action.refactoring","version":"1"},"event":{"count":1,"data":{"created":1574428452593},"id":"registered"}}
{"recorder_version":"21","session":"5d4961496a4f","build":"192.6262.58","bucket":"189","time":1574428452588,"group":{"id":"ui.tips","version":"2"},"event":{"count":1,"data":{"created":1574428452593},"id":"registered"}}
{"recorder_version":"21","session":"5d4961496a4f","build":"192.6262.58","bucket":"189","time":1574428452588,"group":{"id":"surround.with","version":"1"},"event":{"count":1,"data":{"created":1574428452593},"id":"registered"}}
{"recorder_version":"21","session":"5d4961496a4f","build":"192.6262.58","bucket":"189","time":1574428452588,"group":{"id":"import.old.config","version":"1"},"event":{"count":1,"data":{"created":1574428452593},"id":"registered"}}
{"recorder_version":"21","session":"5d4961496a4f","build":"192.6262.58","bucket":"189","time":1574428452588,"group":{"id":"json.schema","version":"1"},"event":{"count":1,"data":{"created":1574428452593},"id":"registered"}}
{"recorder_version":"21","session":"5d4961496a4f","build":"192.6262.58","bucket":"189","time":1574428452588,"group":{"id":"kotlin.jps.target","version":"1"},"event":{"count":1,"data":{"created":1574428452594},"id":"registered"}}
{"recorder_version":"21","session":"5d4961496a4f","build":"192.6262.58","bucket":"189","time":1574428452588,"group":{"id":"terminalShell","version":"1"},"event":{"count":1,"data":{"created":1574428452594},"id":"registered"}}
{"recorder_version":"21","session":"5d4961496a4f","build":"192.6262.58","bucket":"189","time":1574428452588,"group":{"id":"completion.postfix","version":"21"},"event":{"count":1,"data":{"created":1574428452594},"id":"registered"}}
{"recorder_version":"21","session":"5d4961496a4f","build":"192.6262.58","bucket":"189","time":1574428452588,"group":{"id":"build.ant.actions","version":"1"},"event":{"count":1,"data":{"created":1574428452594},"id":"registered"}}
{"recorder_version":"21","session":"5d4961496a4f","build":"192.6262.58","bucket":"189","time":1574428452588,"group":{"id":"actions","version":"21"},"event":{"count":1,"data":{"created":1574428452594},"id":"registered"}}
{"recorder_version":"21","session":"5d4961496a4f","build":"192.6262.58","bucket":"189","time":1574428452588,"group":{"id":"event.log","version":"21"},"event":{"count":1,"data":{"created":1574428452594},"id":"registered"}}
{"recorder_version":"21","session":"5d4961496a4f","build":"192.6262.58","bucket":"189","time":1574428452588,"group":{"id":"run.configuration.exec","version":"21"},"event":{"count":1,"data":{"created":1574428452594},"id":"registered"}}
{"recorder_version":"21","session":"5d4961496a4f","build":"192.6262.58","bucket":"189","time":1574428452588,"group":{"id":"build.maven.packagesearch","version":"2"},"event":{"count":1,"data":{"created":1574428452594},"id":"registered"}}
{"recorder_version":"21","session":"5d4961496a4f","build":"192.6262.58","bucket":"189","time":1574428452619,"group":{"id":"lifecycle","version":"21"},"event":{"count":1,"data":{"created":1574428452619,"project":"a0f12fb42952fc36a102045bdbb22ad1f15aa9443e9c675024683f4da70c8bc4"},"id":"frame.activated"}}
{"recorder_version":"21","session":"5d4961496a4f","build":"192.6262.58","bucket":"189","time":1574428453407,"group":{"id":"performance","version":"21"},"event":{"count":1,"data":{"duration_ms":0,"created":1574428453407},"id":"ui.latency"}}
{"recorder_version":"21","session":"5d4961496a4f","build":"192.6262.58","bucket":"189","time":1574428458458,"group":{"id":"lifecycle","version":"21"},"event":{"count":1,"data":{"created":1574428458458,"project":"a0f12fb42952fc36a102045bdbb22ad1f15aa9443e9c675024683f4da70c8bc4"},"id":"frame.deactivated"}}
{"recorder_version":"21","session":"5d4961496a4f","build":"192.6262.58","bucket":"189","time":1574428458511,"group":{"id":"lifecycle","version":"21"},"event":{"count":1,"data":{"created":1574428458511,"project":"a0f12fb42952fc36a102045bdbb22ad1f15aa9443e9c675024683f4da70c8bc4"},"id":"frame.activated"}}
{"recorder_version":"21","session":"5d4961496a4f","build":"192.6262.58","bucket":"189","time":1574428463360,"group":{"id":"lifecycle","version":"21"},"event":{"count":1,"data":{"created":1574428463361,"project":"a0f12fb42952fc36a102045bdbb22ad1f15aa9443e9c675024683f4da70c8bc4"},"id":"project.closed"}}
{"recorder_version":"21","session":"5d4961496a4f","build":"192.6262.58","bucket":"189","time":1574428464845,"group":{"id":"lifecycle","version":"21"},"event":{"count":1,"data":{"created":1574428464845,"project":"a0f12fb42952fc36a102045bdbb22ad1f15aa9443e9c675024683f4da70c8bc4"},"id":"project.opened"}}
{"recorder_version":"21","session":"5d4961496a4f","build":"192.6262.58","bucket":"189","time":1574428465147,"group":{"id":"ui.dialogs","version":"21"},"event":{"count":1,"data":{"created":1574428465147,"plugin_type":"PLATFORM","type":"show"},"id":"com.intellij.openapi.progress.util.ProgressDialog$MyDialogWrapper"}}
{"recorder_version":"21","session":"5d4961496a4f","build":"192.6262.58","bucket":"189","time":1574428465296,"group":{"id":"toolwindow","version":"21"},"event":{"count":1,"data":{"os":"Mac","created":1574428465296,"plugin_type":"PLATFORM"},"id":"Project"}}
{"recorder_version":"21","session":"5d4961496a4f","build":"192.6262.58","bucket":"189","time":1574428465442,"group":{"id":"project.fs","version":"1"},"event":{"state":true,"data":{"os":"Mac","cs-project":false,"created":1574428465443,"project":"a0f12fb42952fc36a102045bdbb22ad1f15aa9443e9c675024683f4da70c8bc4","cs-implicit":true,"cs-system":false},"id":"case-sensitivity"}}
{"recorder_version":"21","session":"5d4961496a4f","build":"192.6262.58","bucket":"189","time":1574428465442,"group":{"id":"project.fs","version":"1"},"event":{"state":true,"data":{"created":1574428465443},"id":"invoked"}}
{"recorder_version":"21","session":"5d4961496a4f","build":"192.6262.58","bucket":"189","time":1574428465443,"group":{"id":"project.fs","version":"1"},"event":{"state":true,"data":{"pct-non-watched":0,"created":1574428465443,"project":"a0f12fb42952fc36a102045bdbb22ad1f15aa9443e9c675024683f4da70c8bc4"},"id":"roots-watched"}}
{"recorder_version":"21","session":"5d4961496a4f","build":"192.6262.58","bucket":"189","time":1574428465443,"group":{"id":"project.fs","version":"1"},"event":{"state":true,"data":{"created":1574428465443},"id":"invoked"}}
{"recorder_version":"21","session":"5d4961496a4f","build":"192.6262.58","bucket":"189","time":1574428465487,"group":{"id":"ui.dialogs","version":"21"},"event":{"count":1,"data":{"code":1,"created":1574428465487,"plugin_type":"PLATFORM","type":"close"},"id":"com.intellij.openapi.progress.util.ProgressDialog$MyDialogWrapper"}}
{"recorder_version":"21","session":"5d4961496a4f","build":"192.6262.58","bucket":"189","time":1574428465510,"group":{"id":"lifecycle","version":"21"},"event":{"count":1,"data":{"duration_ms":762,"created":1574428465510,"project":"a0f12fb42952fc36a102045bdbb22ad1f15aa9443e9c675024683f4da70c8bc4"},"id":"project.opening.finished"}}
{"recorder_version":"21","session":"5d4961496a4f","build":"192.6262.58","bucket":"189","time":1574428465543,"group":{"id":"kotlin.jps.target","version":"1"},"event":{"count":1,"data":{"plugin_version":"1.3.41-release-IJ2019.2-1","created":1574428465543},"id":"jvm"}}
{"recorder_version":"21","session":"5d4961496a4f","build":"192.6262.58","bucket":"189","time":1574428467534,"group":{"id":"lifecycle","version":"21"},"event":{"count":1,"data":{"created":1574428467535,"project":"a0f12fb42952fc36a102045bdbb22ad1f15aa9443e9c675024683f4da70c8bc4"},"id":"frame.deactivated"}}
{"recorder_version":"21","session":"5d4961496a4f","build":"192.6262.58","bucket":"189","time":1574428467929,"group":{"id":"lifecycle","version":"21"},"event":{"count":1,"data":{"created":1574428467929,"project":"a0f12fb42952fc36a102045bdbb22ad1f15aa9443e9c675024683f4da70c8bc4"},"id":"frame.activated"}}
{"recorder_version":"21","session":"5d4961496a4f","build":"192.6262.58","bucket":"189","time":1574428475381,"group":{"id":"lifecycle","version":"21"},"event":{"count":1,"data":{"created":1574428475382,"project":"a0f12fb42952fc36a102045bdbb22ad1f15aa9443e9c675024683f4da70c8bc4"},"id":"frame.deactivated"}}
{"recorder_version":"21","session":"5d4961496a4f","build":"192.6262.58","bucket":"189","time":1574428478525,"group":{"id":"lifecycle","version":"21"},"event":{"count":1,"data":{"created":1574428478525,"project":"a0f12fb42952fc36a102045bdbb22ad1f15aa9443e9c675024683f4da70c8bc4"},"id":"frame.activated"}}
{"recorder_version":"21","session":"5d4961496a4f","build":"192.6262.58","bucket":"189","time":1574428483813,"group":{"id":"lifecycle","version":"21"},"event":{"count":1,"data":{"restart":false,"created":1574428483813},"id":"ide.close"}}
{"recorder_version":"21","session":"5d4961496a4f","build":"192.6262.58","bucket":"189","time":1574428483815,"group":{"id":"lifecycle","version":"21"},"event":{"count":1,"data":{"created":1574428483816,"project":"a0f12fb42952fc36a102045bdbb22ad1f15aa9443e9c675024683f4da70c8bc4"},"id":"frame.deactivated"}}
{"recorder_version":"21","session":"5d4961496a4f","build":"192.6262.58","bucket":"189","time":1574428483870,"group":{"id":"lifecycle","version":"21"},"event":{"count":1,"data":{"created":1574428483870,"project":"a0f12fb42952fc36a102045bdbb22ad1f15aa9443e9c675024683f4da70c8bc4"},"id":"project.closed"}}
