{"recorder_version":"21","session":"4a15ce157044","build":"192.6262.58","bucket":"189","time":1574781359687,"group":{"id":"settings","version":"4"},"event":{"state":true,"data":{"component":"NotRoamableUiSettings","created":1574781359872},"id":"invoked"}}
{"recorder_version":"21","session":"4a15ce157044","build":"192.6262.58","bucket":"189","time":1574781359689,"group":{"id":"settings","version":"4"},"event":{"state":true,"data":{"component":"UISettings","created":1574781359873},"id":"invoked"}}
{"recorder_version":"21","session":"4a15ce157044","build":"192.6262.58","bucket":"189","time":1574781359690,"group":{"id":"system.java","version":"1"},"event":{"state":true,"data":{"created":1574781359881,"version":"1.11"},"id":"JetBrains"}}
{"recorder_version":"21","session":"4a15ce157044","build":"192.6262.58","bucket":"189","time":1574781359690,"group":{"id":"system.java","version":"1"},"event":{"state":true,"data":{"created":1574781359882},"id":"invoked"}}
{"recorder_version":"21","session":"4a15ce157044","build":"192.6262.58","bucket":"189","time":1574781359712,"group":{"id":"system.os","version":"3"},"event":{"state":true,"data":{"created":1574781359882,"version":"10.14"},"id":"Mac"}}
{"recorder_version":"21","session":"4a15ce157044","build":"192.6262.58","bucket":"189","time":1574781359712,"group":{"id":"system.os","version":"3"},"event":{"state":true,"data":{"created":1574781359883,"name":"Mac","version":"10.14"},"id":"os.name"}}
{"recorder_version":"21","session":"4a15ce157044","build":"192.6262.58","bucket":"189","time":1574781359712,"group":{"id":"system.os","version":"3"},"event":{"state":true,"data":{"created":1574781359884,"value":"+09_00"},"id":"os.timezone"}}
{"recorder_version":"21","session":"4a15ce157044","build":"192.6262.58","bucket":"189","time":1574781359712,"group":{"id":"system.os","version":"3"},"event":{"state":true,"data":{"created":1574781359885},"id":"invoked"}}
{"recorder_version":"21","session":"4a15ce157044","build":"192.6262.58","bucket":"189","time":1574781359871,"group":{"id":"event.log","version":"21"},"event":{"count":1,"data":{"created":1574781359886,"version":"925.0"},"id":"whitelist.loaded"}}
{"recorder_version":"21","session":"4a15ce157044","build":"192.6262.58","bucket":"189","time":1574781362278,"group":{"id":"settings","version":"4"},"event":{"state":true,"data":{"component":"UpdatesConfigurable","created":1574781362279,"name":"checkNeeded","type":"bool","value":false},"id":"not.default"}}
{"recorder_version":"21","session":"4a15ce157044","build":"192.6262.58","bucket":"189","time":1574781362278,"group":{"id":"settings","version":"4"},"event":{"state":true,"data":{"component":"UpdatesConfigurable","created":1574781362280},"id":"invoked"}}
{"recorder_version":"21","session":"4a15ce157044","build":"192.6262.58","bucket":"189","time":1574781362857,"group":{"id":"lifecycle","version":"21"},"event":{"count":1,"data":{"internal":true,"eap":false,"created":1574781362857},"id":"ide.start"}}
{"recorder_version":"21","session":"4a15ce157044","build":"192.6262.58","bucket":"189","time":1574781362859,"group":{"id":"settings","version":"4"},"event":{"state":true,"data":{"component":"GeneralSettings","created":1574781362859,"name":"confirmExit","type":"bool","value":false},"id":"not.default"}}
{"recorder_version":"21","session":"4a15ce157044","build":"192.6262.58","bucket":"189","time":1574781362859,"group":{"id":"settings","version":"4"},"event":{"state":true,"data":{"component":"GeneralSettings","created":1574781362860,"name":"showTipsOnStartup","type":"bool","value":false},"id":"not.default"}}
{"recorder_version":"21","session":"4a15ce157044","build":"192.6262.58","bucket":"189","time":1574781362859,"group":{"id":"settings","version":"4"},"event":{"state":true,"data":{"component":"GeneralSettings","created":1574781362860},"id":"invoked"}}
{"recorder_version":"21","session":"4a15ce157044","build":"192.6262.58","bucket":"189","time":1574781362898,"group":{"id":"performance","version":"21"},"event":{"count":1,"data":{"duration_ms":116,"created":1574781362898},"id":"ui.latency"}}
{"recorder_version":"21","session":"4a15ce157044","build":"192.6262.58","bucket":"189","time":1574781362898,"group":{"id":"performance","version":"21"},"event":{"count":1,"data":{"duration_ms":116,"created":1574781362899},"id":"ui.lagging"}}
{"recorder_version":"21","session":"4a15ce157044","build":"192.6262.58","bucket":"189","time":1574781363506,"group":{"id":"settings","version":"4"},"event":{"state":true,"data":{"component":"XmlEditorOptions","created":1574781363506},"id":"invoked"}}
{"recorder_version":"21","session":"4a15ce157044","build":"192.6262.58","bucket":"189","time":1574781363884,"group":{"id":"performance","version":"21"},"event":{"count":1,"data":{"duration_ms":103,"created":1574781363884},"id":"ui.lagging"}}
{"recorder_version":"21","session":"4a15ce157044","build":"192.6262.58","bucket":"189","time":1574781364900,"group":{"id":"ui.dialogs","version":"21"},"event":{"count":1,"data":{"created":1574781364900,"plugin_type":"PLATFORM","type":"show"},"id":"com.intellij.openapi.progress.util.ProgressDialog$MyDialogWrapper"}}
{"recorder_version":"21","session":"4a15ce157044","build":"192.6262.58","bucket":"189","time":1574781365756,"group":{"id":"lifecycle","version":"21"},"event":{"count":1,"data":{"created":1574781365756,"project":"92ddc83aceaa9edad1485397ccc1680a8fd16623aa2c155379eac4aafdb2a559"},"id":"project.opened"}}
{"recorder_version":"21","session":"4a15ce157044","build":"192.6262.58","bucket":"189","time":1574781366373,"group":{"id":"performance","version":"21"},"event":{"count":1,"data":{"duration_ms":591,"created":1574781366373},"id":"ui.lagging"}}
{"recorder_version":"21","session":"4a15ce157044","build":"192.6262.58","bucket":"189","time":1574781367505,"group":{"id":"performance","version":"21"},"event":{"count":1,"data":{"duration_ms":722,"created":1574781367505},"id":"ui.lagging"}}
{"recorder_version":"21","session":"4a15ce157044","build":"192.6262.58","bucket":"189","time":1574781367640,"group":{"id":"toolwindow","version":"21"},"event":{"count":1,"data":{"os":"Mac","created":1574781367640,"plugin_type":"PLATFORM"},"id":"Project"}}
{"recorder_version":"21","session":"4a15ce157044","build":"192.6262.58","bucket":"189","time":1574781368000,"group":{"id":"performance","version":"21"},"event":{"count":1,"data":{"duration_ms":217,"created":1574781368000},"id":"ui.lagging"}}
{"recorder_version":"21","session":"4a15ce157044","build":"192.6262.58","bucket":"189","time":1574781369158,"group":{"id":"project.fs","version":"1"},"event":{"state":true,"data":{"os":"Mac","cs-project":false,"created":1574781369158,"project":"92ddc83aceaa9edad1485397ccc1680a8fd16623aa2c155379eac4aafdb2a559","cs-implicit":true,"cs-system":false},"id":"case-sensitivity"}}
{"recorder_version":"21","session":"4a15ce157044","build":"192.6262.58","bucket":"189","time":1574781369158,"group":{"id":"project.fs","version":"1"},"event":{"state":true,"data":{"created":1574781369159},"id":"invoked"}}
{"recorder_version":"21","session":"4a15ce157044","build":"192.6262.58","bucket":"189","time":1574781369159,"group":{"id":"project.fs","version":"1"},"event":{"state":true,"data":{"pct-non-watched":0,"created":1574781369159,"project":"92ddc83aceaa9edad1485397ccc1680a8fd16623aa2c155379eac4aafdb2a559"},"id":"roots-watched"}}
{"recorder_version":"21","session":"4a15ce157044","build":"192.6262.58","bucket":"189","time":1574781369159,"group":{"id":"project.fs","version":"1"},"event":{"state":true,"data":{"created":1574781369160},"id":"invoked"}}
{"recorder_version":"21","session":"4a15ce157044","build":"192.6262.58","bucket":"189","time":1574781369237,"group":{"id":"ui.dialogs","version":"21"},"event":{"count":1,"data":{"code":1,"created":1574781369237,"plugin_type":"PLATFORM","type":"close"},"id":"com.intellij.openapi.progress.util.ProgressDialog$MyDialogWrapper"}}
{"recorder_version":"21","session":"4a15ce157044","build":"192.6262.58","bucket":"189","time":1574781369356,"group":{"id":"lifecycle","version":"21"},"event":{"count":1,"data":{"duration_ms":4747,"created":1574781369356,"project":"92ddc83aceaa9edad1485397ccc1680a8fd16623aa2c155379eac4aafdb2a559"},"id":"project.opening.finished"}}
{"recorder_version":"21","session":"4a15ce157044","build":"192.6262.58","bucket":"189","time":1574781370838,"group":{"id":"kotlin.jps.target","version":"1"},"event":{"count":1,"data":{"plugin_version":"1.3.41-release-IJ2019.2-1","created":1574781370838},"id":"jvm"}}
{"recorder_version":"21","session":"4a15ce157044","build":"192.6262.58","bucket":"189","time":1574781372154,"group":{"id":"file.types.usage","version":"21"},"event":{"count":1,"data":{"created":1574781372154,"plugin_type":"PLATFORM","project":"92ddc83aceaa9edad1485397ccc1680a8fd16623aa2c155379eac4aafdb2a559","type":"edit"},"id":"IDEA_MODULE"}}
{"recorder_version":"21","session":"4a15ce157044","build":"192.6262.58","bucket":"189","time":1574781374344,"group":{"id":"actions","version":"21"},"event":{"count":4,"data":{"context_menu":false,"last":1574781376335,"current_file":"TEXT","created":1574781374344,"plugin_type":"PLATFORM","project":"92ddc83aceaa9edad1485397ccc1680a8fd16623aa2c155379eac4aafdb2a559","place":"keyboard_shortcut","class":"com.intellij.openapi.editor.actions.EnterAction","input_event":"Enter"},"id":"EditorEnter"}}
{"recorder_version":"21","session":"4a15ce157044","build":"192.6262.58","bucket":"189","time":1574781391776,"group":{"id":"actions","version":"21"},"event":{"count":6,"data":{"context_menu":false,"last":1574781394261,"current_file":"TEXT","created":1574781391776,"plugin_type":"PLATFORM","project":"92ddc83aceaa9edad1485397ccc1680a8fd16623aa2c155379eac4aafdb2a559","place":"keyboard_shortcut","class":"com.intellij.openapi.editor.actions.EnterAction","input_event":"Enter"},"id":"EditorEnter"}}
{"recorder_version":"21","session":"4a15ce157044","build":"192.6262.58","bucket":"189","time":1574781396378,"group":{"id":"lifecycle","version":"21"},"event":{"count":1,"data":{"created":1574781396378,"project":"92ddc83aceaa9edad1485397ccc1680a8fd16623aa2c155379eac4aafdb2a559"},"id":"frame.deactivated"}}
{"recorder_version":"21","session":"4a15ce157044","build":"192.6262.58","bucket":"189","time":1574781408303,"group":{"id":"lifecycle","version":"21"},"event":{"count":1,"data":{"created":1574781408303,"project":"92ddc83aceaa9edad1485397ccc1680a8fd16623aa2c155379eac4aafdb2a559"},"id":"frame.activated"}}
{"recorder_version":"21","session":"4a15ce157044","build":"192.6262.58","bucket":"189","time":1574781408668,"group":{"id":"lifecycle","version":"21"},"event":{"count":1,"data":{"restart":false,"created":1574781408668},"id":"ide.close"}}
{"recorder_version":"21","session":"4a15ce157044","build":"192.6262.58","bucket":"189","time":1574781408744,"group":{"id":"lifecycle","version":"21"},"event":{"count":1,"data":{"created":1574781408744,"project":"92ddc83aceaa9edad1485397ccc1680a8fd16623aa2c155379eac4aafdb2a559"},"id":"project.closed"}}
