{"recorder_version":"21","session":"0d583dd0f4f7","build":"192.6262.58","bucket":"189","time":1574899354810,"group":{"id":"settings","version":"4"},"event":{"state":true,"data":{"component":"NotRoamableUiSettings","created":1574899354928},"id":"invoked"}}
{"recorder_version":"21","session":"0d583dd0f4f7","build":"192.6262.58","bucket":"189","time":1574899354813,"group":{"id":"system.java","version":"1"},"event":{"state":true,"data":{"created":1574899354929,"version":"1.11"},"id":"JetBrains"}}
{"recorder_version":"21","session":"0d583dd0f4f7","build":"192.6262.58","bucket":"189","time":1574899354813,"group":{"id":"system.java","version":"1"},"event":{"state":true,"data":{"created":1574899354935},"id":"invoked"}}
{"recorder_version":"21","session":"0d583dd0f4f7","build":"192.6262.58","bucket":"189","time":1574899354813,"group":{"id":"settings","version":"4"},"event":{"state":true,"data":{"component":"UISettings","created":1574899354936},"id":"invoked"}}
{"recorder_version":"21","session":"0d583dd0f4f7","build":"192.6262.58","bucket":"189","time":1574899354832,"group":{"id":"system.os","version":"3"},"event":{"state":true,"data":{"created":1574899354936,"version":"10.14"},"id":"Mac"}}
{"recorder_version":"21","session":"0d583dd0f4f7","build":"192.6262.58","bucket":"189","time":1574899354832,"group":{"id":"system.os","version":"3"},"event":{"state":true,"data":{"created":1574899354937,"name":"Mac","version":"10.14"},"id":"os.name"}}
{"recorder_version":"21","session":"0d583dd0f4f7","build":"192.6262.58","bucket":"189","time":1574899354832,"group":{"id":"system.os","version":"3"},"event":{"state":true,"data":{"created":1574899354937,"value":"+09_00"},"id":"os.timezone"}}
{"recorder_version":"21","session":"0d583dd0f4f7","build":"192.6262.58","bucket":"189","time":1574899354832,"group":{"id":"system.os","version":"3"},"event":{"state":true,"data":{"created":1574899354938},"id":"invoked"}}
{"recorder_version":"21","session":"0d583dd0f4f7","build":"192.6262.58","bucket":"189","time":1574899354928,"group":{"id":"event.log","version":"21"},"event":{"count":1,"data":{"created":1574899354938,"version":"935.0"},"id":"whitelist.loaded"}}
{"recorder_version":"21","session":"0d583dd0f4f7","build":"192.6262.58","bucket":"189","time":1574899357218,"group":{"id":"settings","version":"4"},"event":{"state":true,"data":{"component":"UpdatesConfigurable","created":1574899357219,"name":"checkNeeded","type":"bool","value":false},"id":"not.default"}}
{"recorder_version":"21","session":"0d583dd0f4f7","build":"192.6262.58","bucket":"189","time":1574899357219,"group":{"id":"settings","version":"4"},"event":{"state":true,"data":{"component":"UpdatesConfigurable","created":1574899357220},"id":"invoked"}}
{"recorder_version":"21","session":"0d583dd0f4f7","build":"192.6262.58","bucket":"189","time":1574899357326,"group":{"id":"settings","version":"4"},"event":{"state":true,"data":{"component":"GeneralSettings","created":1574899357327,"name":"confirmExit","type":"bool","value":false},"id":"not.default"}}
{"recorder_version":"21","session":"0d583dd0f4f7","build":"192.6262.58","bucket":"189","time":1574899357327,"group":{"id":"settings","version":"4"},"event":{"state":true,"data":{"component":"GeneralSettings","created":1574899357328},"id":"invoked"}}
{"recorder_version":"21","session":"0d583dd0f4f7","build":"192.6262.58","bucket":"189","time":1574899357335,"group":{"id":"lifecycle","version":"21"},"event":{"count":1,"data":{"internal":true,"eap":false,"created":1574899357335},"id":"ide.start"}}
{"recorder_version":"21","session":"0d583dd0f4f7","build":"192.6262.58","bucket":"189","time":1574899357638,"group":{"id":"lifecycle","version":"21"},"event":{"count":1,"data":{"created":1574899357638},"id":"frame.activated"}}
{"recorder_version":"21","session":"0d583dd0f4f7","build":"192.6262.58","bucket":"189","time":1574899357761,"group":{"id":"performance","version":"21"},"event":{"count":1,"data":{"duration_ms":0,"created":1574899357761},"id":"ui.latency"}}
{"recorder_version":"21","session":"0d583dd0f4f7","build":"192.6262.58","bucket":"189","time":1574899358081,"group":{"id":"ui.dialogs","version":"21"},"event":{"count":1,"data":{"created":1574899358083,"plugin_type":"PLATFORM","type":"show"},"id":"com.intellij.openapi.progress.util.ProgressDialog$MyDialogWrapper"}}
{"recorder_version":"21","session":"0d583dd0f4f7","build":"192.6262.58","bucket":"189","time":1574899359182,"group":{"id":"lifecycle","version":"21"},"event":{"count":1,"data":{"created":1574899359182,"project":"4452600da3b350ab41d92ae108c2baae6ff0ac3ddb31bd67020ee046ec77ac09"},"id":"project.opened"}}
{"recorder_version":"21","session":"0d583dd0f4f7","build":"192.6262.58","bucket":"189","time":1574899360887,"group":{"id":"settings","version":"4"},"event":{"state":true,"data":{"component":"XmlEditorOptions","created":1574899360887},"id":"invoked"}}
{"recorder_version":"21","session":"0d583dd0f4f7","build":"192.6262.58","bucket":"189","time":1574899360946,"group":{"id":"performance","version":"21"},"event":{"count":1,"data":{"duration_ms":183,"created":1574899360946},"id":"ui.lagging"}}
{"recorder_version":"21","session":"0d583dd0f4f7","build":"192.6262.58","bucket":"189","time":1574899362496,"group":{"id":"performance","version":"21"},"event":{"count":1,"data":{"duration_ms":722,"created":1574899362497},"id":"ui.lagging"}}
{"recorder_version":"21","session":"0d583dd0f4f7","build":"192.6262.58","bucket":"189","time":1574899362911,"group":{"id":"performance","version":"21"},"event":{"count":1,"data":{"duration_ms":137,"created":1574899362911},"id":"ui.lagging"}}
{"recorder_version":"21","session":"0d583dd0f4f7","build":"192.6262.58","bucket":"189","time":1574899362911,"group":{"id":"ui.tips","version":"2"},"event":{"count":1,"data":{"created":1574899362911,"type":"automatically"},"id":"dialog.shown"}}
{"recorder_version":"21","session":"0d583dd0f4f7","build":"192.6262.58","bucket":"189","time":1574899362984,"group":{"id":"ui.dialogs","version":"21"},"event":{"count":1,"data":{"created":1574899362984,"plugin_type":"PLATFORM","type":"show"},"id":"com.intellij.ide.util.TipDialog"}}
{"recorder_version":"21","session":"0d583dd0f4f7","build":"192.6262.58","bucket":"189","time":1574899363957,"group":{"id":"performance","version":"21"},"event":{"count":1,"data":{"duration_ms":182,"created":1574899363958},"id":"ui.lagging"}}
{"recorder_version":"21","session":"0d583dd0f4f7","build":"192.6262.58","bucket":"189","time":1574899364181,"group":{"id":"kotlin.jps.target","version":"1"},"event":{"count":2,"data":{"plugin_version":"validation.undefined_rule","last":1574899364181,"created":1574899364181},"id":"validation.undefined_rule"}}
{"recorder_version":"21","session":"0d583dd0f4f7","build":"192.6262.58","bucket":"189","time":1574899364276,"group":{"id":"project.fs","version":"1"},"event":{"state":true,"data":{"os":"Mac","cs-project":false,"created":1574899364276,"project":"4452600da3b350ab41d92ae108c2baae6ff0ac3ddb31bd67020ee046ec77ac09","cs-implicit":true,"cs-system":false},"id":"case-sensitivity"}}
{"recorder_version":"21","session":"0d583dd0f4f7","build":"192.6262.58","bucket":"189","time":1574899364277,"group":{"id":"project.fs","version":"1"},"event":{"state":true,"data":{"created":1574899364277},"id":"invoked"}}
{"recorder_version":"21","session":"0d583dd0f4f7","build":"192.6262.58","bucket":"189","time":1574899364277,"group":{"id":"project.fs","version":"1"},"event":{"state":true,"data":{"pct-non-watched":0,"created":1574899364278,"project":"4452600da3b350ab41d92ae108c2baae6ff0ac3ddb31bd67020ee046ec77ac09"},"id":"roots-watched"}}
{"recorder_version":"21","session":"0d583dd0f4f7","build":"192.6262.58","bucket":"189","time":1574899364277,"group":{"id":"project.fs","version":"1"},"event":{"state":true,"data":{"created":1574899364278},"id":"invoked"}}
{"recorder_version":"21","session":"0d583dd0f4f7","build":"192.6262.58","bucket":"189","time":1574899364452,"group":{"id":"ui.dialogs","version":"21"},"event":{"count":1,"data":{"code":1,"created":1574899364452,"plugin_type":"PLATFORM","type":"close"},"id":"com.intellij.openapi.progress.util.ProgressDialog$MyDialogWrapper"}}
{"recorder_version":"21","session":"0d583dd0f4f7","build":"192.6262.58","bucket":"189","time":1574899364614,"group":{"id":"lifecycle","version":"21"},"event":{"count":1,"data":{"duration_ms":6780,"created":1574899364615,"project":"4452600da3b350ab41d92ae108c2baae6ff0ac3ddb31bd67020ee046ec77ac09"},"id":"project.opening.finished"}}
{"recorder_version":"21","session":"0d583dd0f4f7","build":"192.6262.58","bucket":"189","time":1574899365169,"group":{"id":"performance","version":"21"},"event":{"count":1,"data":{"duration_ms":394,"created":1574899365169},"id":"ui.lagging"}}
{"recorder_version":"21","session":"0d583dd0f4f7","build":"192.6262.58","bucket":"189","time":1574899366150,"group":{"id":"vcs.change.reminder","version":"1"},"event":{"count":1,"data":{"created":1574899366150,"project":"4452600da3b350ab41d92ae108c2baae6ff0ac3ddb31bd67020ee046ec77ac09","execution_time":286},"id":"prediction.calculated"}}
{"recorder_version":"21","session":"0d583dd0f4f7","build":"192.6262.58","bucket":"189","time":1574899366205,"group":{"id":"vcs.change.reminder","version":"1"},"event":{"count":1,"data":{"created":1574899366205,"project":"4452600da3b350ab41d92ae108c2baae6ff0ac3ddb31bd67020ee046ec77ac09","execution_time":54},"id":"prediction.calculated"}}
{"recorder_version":"21","session":"0d583dd0f4f7","build":"192.6262.58","bucket":"189","time":1574899367878,"group":{"id":"ui.dialogs","version":"21"},"event":{"count":1,"data":{"code":1,"created":1574899367878,"plugin_type":"PLATFORM","type":"close"},"id":"com.intellij.ide.util.TipDialog"}}
{"recorder_version":"21","session":"0d583dd0f4f7","build":"192.6262.58","bucket":"189","time":1574899367891,"group":{"id":"lifecycle","version":"21"},"event":{"count":1,"data":{"created":1574899367891,"project":"4452600da3b350ab41d92ae108c2baae6ff0ac3ddb31bd67020ee046ec77ac09"},"id":"frame.deactivated"}}
{"recorder_version":"21","session":"0d583dd0f4f7","build":"192.6262.58","bucket":"189","time":1574899367984,"group":{"id":"lifecycle","version":"21"},"event":{"count":1,"data":{"created":1574899367984,"project":"4452600da3b350ab41d92ae108c2baae6ff0ac3ddb31bd67020ee046ec77ac09"},"id":"frame.activated"}}
{"recorder_version":"21","session":"0d583dd0f4f7","build":"192.6262.58","bucket":"189","time":1574899369952,"group":{"id":"file.types.usage","version":"21"},"event":{"count":1,"data":{"plugin":"com.intellij.java","created":1574899369952,"plugin_type":"JB_BUNDLED","project":"4452600da3b350ab41d92ae108c2baae6ff0ac3ddb31bd67020ee046ec77ac09","type":"edit"},"id":"JAVA"}}
{"recorder_version":"21","session":"0d583dd0f4f7","build":"192.6262.58","bucket":"189","time":1574899386220,"group":{"id":"actions","version":"21"},"event":{"count":2,"data":{"context_menu":false,"last":1574899386392,"current_file":"JAVA","created":1574899386220,"plugin_type":"PLATFORM","project":"4452600da3b350ab41d92ae108c2baae6ff0ac3ddb31bd67020ee046ec77ac09","place":"keyboard_shortcut","class":"com.intellij.openapi.editor.actions.BackspaceAction","input_event":"Backspace"},"id":"EditorBackSpace"}}
{"recorder_version":"21","session":"0d583dd0f4f7","build":"192.6262.58","bucket":"189","time":1574899399058,"group":{"id":"lifecycle","version":"21"},"event":{"count":1,"data":{"created":1574899399058,"project":"4452600da3b350ab41d92ae108c2baae6ff0ac3ddb31bd67020ee046ec77ac09"},"id":"frame.deactivated"}}
{"recorder_version":"21","session":"0d583dd0f4f7","build":"192.6262.58","bucket":"189","time":1574899399928,"group":{"id":"vcs.change.reminder","version":"1"},"event":{"count":1,"data":{"created":1574899399928,"project":"4452600da3b350ab41d92ae108c2baae6ff0ac3ddb31bd67020ee046ec77ac09","execution_time":97},"id":"prediction.calculated"}}
{"recorder_version":"21","session":"0d583dd0f4f7","build":"192.6262.58","bucket":"189","time":1574899400037,"group":{"id":"vcs.change.reminder","version":"1"},"event":{"count":1,"data":{"created":1574899400037,"project":"4452600da3b350ab41d92ae108c2baae6ff0ac3ddb31bd67020ee046ec77ac09","execution_time":108},"id":"prediction.calculated"}}
{"recorder_version":"21","session":"0d583dd0f4f7","build":"192.6262.58","bucket":"189","time":1574899457981,"group":{"id":"performance","version":"21"},"event":{"count":1,"data":{"duration_ms":0,"created":1574899457981},"id":"ui.latency"}}
{"recorder_version":"21","session":"0d583dd0f4f7","build":"192.6262.58","bucket":"189","time":1574899540006,"group":{"id":"lifecycle","version":"21"},"event":{"count":1,"data":{"created":1574899540007,"project":"4452600da3b350ab41d92ae108c2baae6ff0ac3ddb31bd67020ee046ec77ac09"},"id":"frame.activated"}}
{"recorder_version":"21","session":"0d583dd0f4f7","build":"192.6262.58","bucket":"189","time":1574899540459,"group":{"id":"lifecycle","version":"21"},"event":{"count":1,"data":{"restart":false,"created":1574899540460},"id":"ide.close"}}
{"recorder_version":"21","session":"0d583dd0f4f7","build":"192.6262.58","bucket":"189","time":1574899540585,"group":{"id":"lifecycle","version":"21"},"event":{"count":1,"data":{"created":1574899540585,"project":"4452600da3b350ab41d92ae108c2baae6ff0ac3ddb31bd67020ee046ec77ac09"},"id":"project.closed"}}
