{"recorder_version":"21","session":"65f43203823f","build":"192.6262.58","bucket":"189","time":1574791097269,"group":{"id":"settings","version":"4"},"event":{"state":true,"data":{"component":"NotRoamableUiSettings","created":1574791097418},"id":"invoked"}}
{"recorder_version":"21","session":"65f43203823f","build":"192.6262.58","bucket":"189","time":1574791097271,"group":{"id":"system.java","version":"1"},"event":{"state":true,"data":{"created":1574791097424,"version":"1.11"},"id":"JetBrains"}}
{"recorder_version":"21","session":"65f43203823f","build":"192.6262.58","bucket":"189","time":1574791097271,"group":{"id":"system.java","version":"1"},"event":{"state":true,"data":{"created":1574791097430},"id":"invoked"}}
{"recorder_version":"21","session":"65f43203823f","build":"192.6262.58","bucket":"189","time":1574791097271,"group":{"id":"settings","version":"4"},"event":{"state":true,"data":{"component":"UISettings","created":1574791097431},"id":"invoked"}}
{"recorder_version":"21","session":"65f43203823f","build":"192.6262.58","bucket":"189","time":1574791097292,"group":{"id":"system.os","version":"3"},"event":{"state":true,"data":{"created":1574791097431,"version":"10.14"},"id":"Mac"}}
{"recorder_version":"21","session":"65f43203823f","build":"192.6262.58","bucket":"189","time":1574791097292,"group":{"id":"system.os","version":"3"},"event":{"state":true,"data":{"created":1574791097432,"name":"Mac","version":"10.14"},"id":"os.name"}}
{"recorder_version":"21","session":"65f43203823f","build":"192.6262.58","bucket":"189","time":1574791097292,"group":{"id":"system.os","version":"3"},"event":{"state":true,"data":{"created":1574791097433,"value":"+09_00"},"id":"os.timezone"}}
{"recorder_version":"21","session":"65f43203823f","build":"192.6262.58","bucket":"189","time":1574791097292,"group":{"id":"system.os","version":"3"},"event":{"state":true,"data":{"created":1574791097435},"id":"invoked"}}
{"recorder_version":"21","session":"65f43203823f","build":"192.6262.58","bucket":"189","time":1574791097418,"group":{"id":"event.log","version":"21"},"event":{"count":1,"data":{"created":1574791097435,"version":"925.0"},"id":"whitelist.loaded"}}
{"recorder_version":"21","session":"65f43203823f","build":"192.6262.58","bucket":"189","time":1574791099765,"group":{"id":"settings","version":"4"},"event":{"state":true,"data":{"component":"UpdatesConfigurable","created":1574791099765,"name":"checkNeeded","type":"bool","value":false},"id":"not.default"}}
{"recorder_version":"21","session":"65f43203823f","build":"192.6262.58","bucket":"189","time":1574791099765,"group":{"id":"settings","version":"4"},"event":{"state":true,"data":{"component":"UpdatesConfigurable","created":1574791099766},"id":"invoked"}}
{"recorder_version":"21","session":"65f43203823f","build":"192.6262.58","bucket":"189","time":1574791099889,"group":{"id":"settings","version":"4"},"event":{"state":true,"data":{"component":"GeneralSettings","created":1574791099890,"name":"confirmExit","type":"bool","value":false},"id":"not.default"}}
{"recorder_version":"21","session":"65f43203823f","build":"192.6262.58","bucket":"189","time":1574791099891,"group":{"id":"settings","version":"4"},"event":{"state":true,"data":{"component":"GeneralSettings","created":1574791099892,"name":"showTipsOnStartup","type":"bool","value":false},"id":"not.default"}}
{"recorder_version":"21","session":"65f43203823f","build":"192.6262.58","bucket":"189","time":1574791099891,"group":{"id":"settings","version":"4"},"event":{"state":true,"data":{"component":"GeneralSettings","created":1574791099893},"id":"invoked"}}
{"recorder_version":"21","session":"65f43203823f","build":"192.6262.58","bucket":"189","time":1574791099895,"group":{"id":"lifecycle","version":"21"},"event":{"count":1,"data":{"internal":true,"eap":false,"created":1574791099895},"id":"ide.start"}}
{"recorder_version":"21","session":"65f43203823f","build":"192.6262.58","bucket":"189","time":1574791100149,"group":{"id":"lifecycle","version":"21"},"event":{"count":1,"data":{"created":1574791100149},"id":"frame.activated"}}
{"recorder_version":"21","session":"65f43203823f","build":"192.6262.58","bucket":"189","time":1574791100300,"group":{"id":"performance","version":"21"},"event":{"count":1,"data":{"duration_ms":0,"created":1574791100300},"id":"ui.latency"}}
{"recorder_version":"21","session":"65f43203823f","build":"192.6262.58","bucket":"189","time":1574791100596,"group":{"id":"ui.dialogs","version":"21"},"event":{"count":1,"data":{"created":1574791100596,"plugin_type":"PLATFORM","type":"show"},"id":"com.intellij.openapi.progress.util.ProgressDialog$MyDialogWrapper"}}
{"recorder_version":"21","session":"65f43203823f","build":"192.6262.58","bucket":"189","time":1574791101488,"group":{"id":"lifecycle","version":"21"},"event":{"count":1,"data":{"created":1574791101488,"project":"92ddc83aceaa9edad1485397ccc1680a8fd16623aa2c155379eac4aafdb2a559"},"id":"project.opened"}}
{"recorder_version":"21","session":"65f43203823f","build":"192.6262.58","bucket":"189","time":1574791103017,"group":{"id":"settings","version":"4"},"event":{"state":true,"data":{"component":"XmlEditorOptions","created":1574791103017},"id":"invoked"}}
{"recorder_version":"21","session":"65f43203823f","build":"192.6262.58","bucket":"189","time":1574791103199,"group":{"id":"toolwindow","version":"21"},"event":{"count":1,"data":{"os":"Mac","created":1574791103199,"plugin_type":"PLATFORM"},"id":"Project"}}
{"recorder_version":"21","session":"65f43203823f","build":"192.6262.58","bucket":"189","time":1574791103485,"group":{"id":"performance","version":"21"},"event":{"count":1,"data":{"duration_ms":179,"created":1574791103486},"id":"ui.lagging"}}
{"recorder_version":"21","session":"65f43203823f","build":"192.6262.58","bucket":"189","time":1574791104970,"group":{"id":"project.fs","version":"1"},"event":{"state":true,"data":{"os":"Mac","cs-project":false,"created":1574791104970,"project":"92ddc83aceaa9edad1485397ccc1680a8fd16623aa2c155379eac4aafdb2a559","cs-implicit":true,"cs-system":false},"id":"case-sensitivity"}}
{"recorder_version":"21","session":"65f43203823f","build":"192.6262.58","bucket":"189","time":1574791104970,"group":{"id":"project.fs","version":"1"},"event":{"state":true,"data":{"created":1574791104970},"id":"invoked"}}
{"recorder_version":"21","session":"65f43203823f","build":"192.6262.58","bucket":"189","time":1574791104971,"group":{"id":"project.fs","version":"1"},"event":{"state":true,"data":{"pct-non-watched":0,"created":1574791104971,"project":"92ddc83aceaa9edad1485397ccc1680a8fd16623aa2c155379eac4aafdb2a559"},"id":"roots-watched"}}
{"recorder_version":"21","session":"65f43203823f","build":"192.6262.58","bucket":"189","time":1574791104971,"group":{"id":"project.fs","version":"1"},"event":{"state":true,"data":{"created":1574791104971},"id":"invoked"}}
{"recorder_version":"21","session":"65f43203823f","build":"192.6262.58","bucket":"189","time":1574791105042,"group":{"id":"ui.dialogs","version":"21"},"event":{"count":1,"data":{"code":1,"created":1574791105042,"plugin_type":"PLATFORM","type":"close"},"id":"com.intellij.openapi.progress.util.ProgressDialog$MyDialogWrapper"}}
{"recorder_version":"21","session":"65f43203823f","build":"192.6262.58","bucket":"189","time":1574791105164,"group":{"id":"lifecycle","version":"21"},"event":{"count":1,"data":{"duration_ms":4839,"created":1574791105164,"project":"92ddc83aceaa9edad1485397ccc1680a8fd16623aa2c155379eac4aafdb2a559"},"id":"project.opening.finished"}}
{"recorder_version":"21","session":"65f43203823f","build":"192.6262.58","bucket":"189","time":1574791105484,"group":{"id":"performance","version":"21"},"event":{"count":1,"data":{"duration_ms":167,"created":1574791105484},"id":"ui.lagging"}}
{"recorder_version":"21","session":"65f43203823f","build":"192.6262.58","bucket":"189","time":1574791106741,"group":{"id":"kotlin.jps.target","version":"1"},"event":{"count":1,"data":{"plugin_version":"1.3.41-release-IJ2019.2-1","created":1574791106741},"id":"jvm"}}
{"recorder_version":"21","session":"65f43203823f","build":"192.6262.58","bucket":"189","time":1574791107767,"group":{"id":"file.types.usage","version":"21"},"event":{"count":1,"data":{"created":1574791107767,"plugin_type":"PLATFORM","project":"92ddc83aceaa9edad1485397ccc1680a8fd16623aa2c155379eac4aafdb2a559","type":"edit"},"id":"IDEA_MODULE"}}
{"recorder_version":"21","session":"65f43203823f","build":"192.6262.58","bucket":"189","time":1574791111547,"group":{"id":"actions","version":"21"},"event":{"count":2,"data":{"context_menu":false,"last":1574791112134,"current_file":"TEXT","created":1574791111547,"plugin_type":"PLATFORM","project":"92ddc83aceaa9edad1485397ccc1680a8fd16623aa2c155379eac4aafdb2a559","place":"keyboard_shortcut","class":"com.intellij.openapi.editor.actions.BackspaceAction","input_event":"Backspace"},"id":"EditorBackSpace"}}
{"recorder_version":"21","session":"65f43203823f","build":"192.6262.58","bucket":"189","time":1574791113522,"group":{"id":"actions","version":"21"},"event":{"count":8,"data":{"context_menu":false,"last":1574791118992,"current_file":"TEXT","created":1574791113522,"plugin_type":"PLATFORM","project":"92ddc83aceaa9edad1485397ccc1680a8fd16623aa2c155379eac4aafdb2a559","place":"keyboard_shortcut","class":"com.intellij.openapi.editor.actions.EnterAction","input_event":"Enter"},"id":"EditorEnter"}}
{"recorder_version":"21","session":"65f43203823f","build":"192.6262.58","bucket":"189","time":1574791121006,"group":{"id":"actions","version":"21"},"event":{"count":4,"data":{"context_menu":false,"last":1574791121551,"current_file":"TEXT","created":1574791121007,"plugin_type":"PLATFORM","project":"92ddc83aceaa9edad1485397ccc1680a8fd16623aa2c155379eac4aafdb2a559","place":"keyboard_shortcut","class":"com.intellij.openapi.editor.actions.BackspaceAction","input_event":"Backspace"},"id":"EditorBackSpace"}}
{"recorder_version":"21","session":"65f43203823f","build":"192.6262.58","bucket":"189","time":1574791126806,"group":{"id":"actions","version":"21"},"event":{"count":3,"data":{"context_menu":false,"last":1574791127594,"current_file":"TEXT","created":1574791126806,"plugin_type":"PLATFORM","project":"92ddc83aceaa9edad1485397ccc1680a8fd16623aa2c155379eac4aafdb2a559","place":"keyboard_shortcut","class":"com.intellij.openapi.editor.actions.EnterAction","input_event":"Enter"},"id":"EditorEnter"}}
{"recorder_version":"21","session":"65f43203823f","build":"192.6262.58","bucket":"189","time":1574791129193,"group":{"id":"actions","version":"21"},"event":{"count":2,"data":{"context_menu":false,"last":1574791129382,"current_file":"TEXT","created":1574791129193,"plugin_type":"PLATFORM","project":"92ddc83aceaa9edad1485397ccc1680a8fd16623aa2c155379eac4aafdb2a559","place":"keyboard_shortcut","class":"com.intellij.openapi.editor.actions.BackspaceAction","input_event":"Backspace"},"id":"EditorBackSpace"}}
{"recorder_version":"21","session":"65f43203823f","build":"192.6262.58","bucket":"189","time":1574791142663,"group":{"id":"lifecycle","version":"21"},"event":{"count":1,"data":{"created":1574791142663,"project":"92ddc83aceaa9edad1485397ccc1680a8fd16623aa2c155379eac4aafdb2a559"},"id":"frame.deactivated"}}
{"recorder_version":"21","session":"65f43203823f","build":"192.6262.58","bucket":"189","time":1574791148684,"group":{"id":"lifecycle","version":"21"},"event":{"count":1,"data":{"created":1574791148684,"project":"92ddc83aceaa9edad1485397ccc1680a8fd16623aa2c155379eac4aafdb2a559"},"id":"frame.activated"}}
{"recorder_version":"21","session":"65f43203823f","build":"192.6262.58","bucket":"189","time":1574791150969,"group":{"id":"lifecycle","version":"21"},"event":{"count":1,"data":{"restart":false,"created":1574791150969},"id":"ide.close"}}
{"recorder_version":"21","session":"65f43203823f","build":"192.6262.58","bucket":"189","time":1574791151055,"group":{"id":"lifecycle","version":"21"},"event":{"count":1,"data":{"created":1574791151055,"project":"92ddc83aceaa9edad1485397ccc1680a8fd16623aa2c155379eac4aafdb2a559"},"id":"project.closed"}}
