{"recorder_version":"21","session":"04d19789f316","build":"192.6262.58","bucket":"189","time":1574799020114,"group":{"id":"settings","version":"4"},"event":{"state":true,"data":{"component":"NotRoamableUiSettings","created":1574799020309},"id":"invoked"}}
{"recorder_version":"21","session":"04d19789f316","build":"192.6262.58","bucket":"189","time":1574799020117,"group":{"id":"system.java","version":"1"},"event":{"state":true,"data":{"created":1574799020312,"version":"1.11"},"id":"JetBrains"}}
{"recorder_version":"21","session":"04d19789f316","build":"192.6262.58","bucket":"189","time":1574799020117,"group":{"id":"system.java","version":"1"},"event":{"state":true,"data":{"created":1574799020326},"id":"invoked"}}
{"recorder_version":"21","session":"04d19789f316","build":"192.6262.58","bucket":"189","time":1574799020117,"group":{"id":"settings","version":"4"},"event":{"state":true,"data":{"component":"UISettings","created":1574799020327},"id":"invoked"}}
{"recorder_version":"21","session":"04d19789f316","build":"192.6262.58","bucket":"189","time":1574799020140,"group":{"id":"system.os","version":"3"},"event":{"state":true,"data":{"created":1574799020328,"version":"10.14"},"id":"Mac"}}
{"recorder_version":"21","session":"04d19789f316","build":"192.6262.58","bucket":"189","time":1574799020140,"group":{"id":"system.os","version":"3"},"event":{"state":true,"data":{"created":1574799020329,"name":"Mac","version":"10.14"},"id":"os.name"}}
{"recorder_version":"21","session":"04d19789f316","build":"192.6262.58","bucket":"189","time":1574799020140,"group":{"id":"system.os","version":"3"},"event":{"state":true,"data":{"created":1574799020330,"value":"+09_00"},"id":"os.timezone"}}
{"recorder_version":"21","session":"04d19789f316","build":"192.6262.58","bucket":"189","time":1574799020140,"group":{"id":"system.os","version":"3"},"event":{"state":true,"data":{"created":1574799020330},"id":"invoked"}}
{"recorder_version":"21","session":"04d19789f316","build":"192.6262.58","bucket":"189","time":1574799020308,"group":{"id":"event.log","version":"21"},"event":{"count":1,"data":{"created":1574799020331,"version":"930.0"},"id":"whitelist.loaded"}}
{"recorder_version":"21","session":"04d19789f316","build":"192.6262.58","bucket":"189","time":1574799022519,"group":{"id":"settings","version":"4"},"event":{"state":true,"data":{"component":"UpdatesConfigurable","created":1574799022519,"name":"checkNeeded","type":"bool","value":false},"id":"not.default"}}
{"recorder_version":"21","session":"04d19789f316","build":"192.6262.58","bucket":"189","time":1574799022519,"group":{"id":"settings","version":"4"},"event":{"state":true,"data":{"component":"UpdatesConfigurable","created":1574799022520},"id":"invoked"}}
{"recorder_version":"21","session":"04d19789f316","build":"192.6262.58","bucket":"189","time":1574799022641,"group":{"id":"settings","version":"4"},"event":{"state":true,"data":{"component":"GeneralSettings","created":1574799022642,"name":"confirmExit","type":"bool","value":false},"id":"not.default"}}
{"recorder_version":"21","session":"04d19789f316","build":"192.6262.58","bucket":"189","time":1574799022642,"group":{"id":"settings","version":"4"},"event":{"state":true,"data":{"component":"GeneralSettings","created":1574799022643,"name":"showTipsOnStartup","type":"bool","value":false},"id":"not.default"}}
{"recorder_version":"21","session":"04d19789f316","build":"192.6262.58","bucket":"189","time":1574799022642,"group":{"id":"settings","version":"4"},"event":{"state":true,"data":{"component":"GeneralSettings","created":1574799022648},"id":"invoked"}}
{"recorder_version":"21","session":"04d19789f316","build":"192.6262.58","bucket":"189","time":1574799022650,"group":{"id":"lifecycle","version":"21"},"event":{"count":1,"data":{"internal":true,"eap":false,"created":1574799022650},"id":"ide.start"}}
{"recorder_version":"21","session":"04d19789f316","build":"192.6262.58","bucket":"189","time":1574799022945,"group":{"id":"lifecycle","version":"21"},"event":{"count":1,"data":{"created":1574799022945},"id":"frame.activated"}}
{"recorder_version":"21","session":"04d19789f316","build":"192.6262.58","bucket":"189","time":1574799023199,"group":{"id":"performance","version":"21"},"event":{"count":1,"data":{"duration_ms":0,"created":1574799023200},"id":"ui.latency"}}
{"recorder_version":"21","session":"04d19789f316","build":"192.6262.58","bucket":"189","time":1574799023418,"group":{"id":"ui.dialogs","version":"21"},"event":{"count":1,"data":{"created":1574799023418,"plugin_type":"PLATFORM","type":"show"},"id":"com.intellij.openapi.progress.util.ProgressDialog$MyDialogWrapper"}}
{"recorder_version":"21","session":"04d19789f316","build":"192.6262.58","bucket":"189","time":1574799024465,"group":{"id":"lifecycle","version":"21"},"event":{"count":1,"data":{"created":1574799024465,"project":"92ddc83aceaa9edad1485397ccc1680a8fd16623aa2c155379eac4aafdb2a559"},"id":"project.opened"}}
{"recorder_version":"21","session":"04d19789f316","build":"192.6262.58","bucket":"189","time":1574799026131,"group":{"id":"settings","version":"4"},"event":{"state":true,"data":{"component":"XmlEditorOptions","created":1574799026131},"id":"invoked"}}
{"recorder_version":"21","session":"04d19789f316","build":"192.6262.58","bucket":"189","time":1574799026361,"group":{"id":"performance","version":"21"},"event":{"count":1,"data":{"duration_ms":145,"created":1574799026361},"id":"ui.lagging"}}
{"recorder_version":"21","session":"04d19789f316","build":"192.6262.58","bucket":"189","time":1574799026432,"group":{"id":"toolwindow","version":"21"},"event":{"count":1,"data":{"os":"Mac","created":1574799026432,"plugin_type":"PLATFORM"},"id":"Project"}}
{"recorder_version":"21","session":"04d19789f316","build":"192.6262.58","bucket":"189","time":1574799028349,"group":{"id":"kotlin.jps.target","version":"1"},"event":{"count":1,"data":{"plugin_version":"validation.undefined_rule","created":1574799028349},"id":"validation.undefined_rule"}}
{"recorder_version":"21","session":"04d19789f316","build":"192.6262.58","bucket":"189","time":1574799028745,"group":{"id":"project.fs","version":"1"},"event":{"state":true,"data":{"os":"Mac","cs-project":false,"created":1574799028745,"project":"92ddc83aceaa9edad1485397ccc1680a8fd16623aa2c155379eac4aafdb2a559","cs-implicit":true,"cs-system":false},"id":"case-sensitivity"}}
{"recorder_version":"21","session":"04d19789f316","build":"192.6262.58","bucket":"189","time":1574799028745,"group":{"id":"project.fs","version":"1"},"event":{"state":true,"data":{"created":1574799028746},"id":"invoked"}}
{"recorder_version":"21","session":"04d19789f316","build":"192.6262.58","bucket":"189","time":1574799028747,"group":{"id":"project.fs","version":"1"},"event":{"state":true,"data":{"pct-non-watched":0,"created":1574799028747,"project":"92ddc83aceaa9edad1485397ccc1680a8fd16623aa2c155379eac4aafdb2a559"},"id":"roots-watched"}}
{"recorder_version":"21","session":"04d19789f316","build":"192.6262.58","bucket":"189","time":1574799028747,"group":{"id":"project.fs","version":"1"},"event":{"state":true,"data":{"created":1574799028748},"id":"invoked"}}
{"recorder_version":"21","session":"04d19789f316","build":"192.6262.58","bucket":"189","time":1574799028839,"group":{"id":"ui.dialogs","version":"21"},"event":{"count":1,"data":{"code":1,"created":1574799028840,"plugin_type":"PLATFORM","type":"close"},"id":"com.intellij.openapi.progress.util.ProgressDialog$MyDialogWrapper"}}
{"recorder_version":"21","session":"04d19789f316","build":"192.6262.58","bucket":"189","time":1574799029419,"group":{"id":"lifecycle","version":"21"},"event":{"count":1,"data":{"duration_ms":6252,"created":1574799029419,"project":"92ddc83aceaa9edad1485397ccc1680a8fd16623aa2c155379eac4aafdb2a559"},"id":"project.opening.finished"}}
{"recorder_version":"21","session":"04d19789f316","build":"192.6262.58","bucket":"189","time":1574799029425,"group":{"id":"performance","version":"21"},"event":{"count":1,"data":{"duration_ms":182,"created":1574799029425},"id":"ui.lagging"}}
{"recorder_version":"21","session":"04d19789f316","build":"192.6262.58","bucket":"189","time":1574799034328,"group":{"id":"file.types.usage","version":"21"},"event":{"count":1,"data":{"created":1574799034329,"plugin_type":"PLATFORM","project":"92ddc83aceaa9edad1485397ccc1680a8fd16623aa2c155379eac4aafdb2a559","type":"edit"},"id":"IDEA_MODULE"}}
{"recorder_version":"21","session":"04d19789f316","build":"192.6262.58","bucket":"189","time":1574799081885,"group":{"id":"lifecycle","version":"21"},"event":{"count":1,"data":{"created":1574799081887,"project":"92ddc83aceaa9edad1485397ccc1680a8fd16623aa2c155379eac4aafdb2a559"},"id":"frame.deactivated"}}
{"recorder_version":"21","session":"04d19789f316","build":"192.6262.58","bucket":"189","time":1574799090750,"group":{"id":"lifecycle","version":"21"},"event":{"count":1,"data":{"created":1574799090751,"project":"92ddc83aceaa9edad1485397ccc1680a8fd16623aa2c155379eac4aafdb2a559"},"id":"frame.activated"}}
{"recorder_version":"21","session":"04d19789f316","build":"192.6262.58","bucket":"189","time":1574799091041,"group":{"id":"lifecycle","version":"21"},"event":{"count":1,"data":{"restart":false,"created":1574799091041},"id":"ide.close"}}
{"recorder_version":"21","session":"04d19789f316","build":"192.6262.58","bucket":"189","time":1574799091136,"group":{"id":"lifecycle","version":"21"},"event":{"count":1,"data":{"created":1574799091136,"project":"92ddc83aceaa9edad1485397ccc1680a8fd16623aa2c155379eac4aafdb2a559"},"id":"project.closed"}}
