{"recorder_version":"21","session":"56995d7234a3","build":"192.6262.58","bucket":"189","time":1574887013478,"group":{"id":"settings","version":"4"},"event":{"state":true,"data":{"component":"NotRoamableUiSettings","created":1574887013663},"id":"invoked"}}
{"recorder_version":"21","session":"56995d7234a3","build":"192.6262.58","bucket":"189","time":1574887013480,"group":{"id":"system.java","version":"1"},"event":{"state":true,"data":{"created":1574887013665,"version":"1.11"},"id":"JetBrains"}}
{"recorder_version":"21","session":"56995d7234a3","build":"192.6262.58","bucket":"189","time":1574887013480,"group":{"id":"system.java","version":"1"},"event":{"state":true,"data":{"created":1574887013672},"id":"invoked"}}
{"recorder_version":"21","session":"56995d7234a3","build":"192.6262.58","bucket":"189","time":1574887013481,"group":{"id":"settings","version":"4"},"event":{"state":true,"data":{"component":"UISettings","created":1574887013672},"id":"invoked"}}
{"recorder_version":"21","session":"56995d7234a3","build":"192.6262.58","bucket":"189","time":1574887013502,"group":{"id":"system.os","version":"3"},"event":{"state":true,"data":{"created":1574887013673,"version":"10.14"},"id":"Mac"}}
{"recorder_version":"21","session":"56995d7234a3","build":"192.6262.58","bucket":"189","time":1574887013502,"group":{"id":"system.os","version":"3"},"event":{"state":true,"data":{"created":1574887013673,"name":"Mac","version":"10.14"},"id":"os.name"}}
{"recorder_version":"21","session":"56995d7234a3","build":"192.6262.58","bucket":"189","time":1574887013502,"group":{"id":"system.os","version":"3"},"event":{"state":true,"data":{"created":1574887013675,"value":"+09_00"},"id":"os.timezone"}}
{"recorder_version":"21","session":"56995d7234a3","build":"192.6262.58","bucket":"189","time":1574887013502,"group":{"id":"system.os","version":"3"},"event":{"state":true,"data":{"created":1574887013676},"id":"invoked"}}
{"recorder_version":"21","session":"56995d7234a3","build":"192.6262.58","bucket":"189","time":1574887013663,"group":{"id":"event.log","version":"21"},"event":{"count":1,"data":{"created":1574887013679,"version":"934.0"},"id":"whitelist.loaded"}}
{"recorder_version":"21","session":"56995d7234a3","build":"192.6262.58","bucket":"189","time":1574887015806,"group":{"id":"settings","version":"4"},"event":{"state":true,"data":{"component":"UpdatesConfigurable","created":1574887015806,"name":"checkNeeded","type":"bool","value":false},"id":"not.default"}}
{"recorder_version":"21","session":"56995d7234a3","build":"192.6262.58","bucket":"189","time":1574887015806,"group":{"id":"settings","version":"4"},"event":{"state":true,"data":{"component":"UpdatesConfigurable","created":1574887015807},"id":"invoked"}}
{"recorder_version":"21","session":"56995d7234a3","build":"192.6262.58","bucket":"189","time":1574887016351,"group":{"id":"lifecycle","version":"21"},"event":{"count":1,"data":{"internal":true,"eap":false,"created":1574887016351},"id":"ide.start"}}
{"recorder_version":"21","session":"56995d7234a3","build":"192.6262.58","bucket":"189","time":1574887016354,"group":{"id":"settings","version":"4"},"event":{"state":true,"data":{"component":"GeneralSettings","created":1574887016354},"id":"invoked"}}
{"recorder_version":"21","session":"56995d7234a3","build":"192.6262.58","bucket":"189","time":1574887016436,"group":{"id":"performance","version":"21"},"event":{"count":1,"data":{"duration_ms":51,"created":1574887016436},"id":"ui.latency"}}
{"recorder_version":"21","session":"56995d7234a3","build":"192.6262.58","bucket":"189","time":1574887016980,"group":{"id":"settings","version":"4"},"event":{"state":true,"data":{"component":"XmlEditorOptions","created":1574887016982},"id":"invoked"}}
{"recorder_version":"21","session":"56995d7234a3","build":"192.6262.58","bucket":"189","time":1574887019183,"group":{"id":"ui.dialogs","version":"21"},"event":{"count":1,"data":{"created":1574887019185,"plugin_type":"PLATFORM","type":"show"},"id":"com.intellij.openapi.progress.util.ProgressDialog$MyDialogWrapper"}}
{"recorder_version":"21","session":"56995d7234a3","build":"192.6262.58","bucket":"189","time":1574887020111,"group":{"id":"lifecycle","version":"21"},"event":{"count":1,"data":{"created":1574887020112,"project":"4452600da3b350ab41d92ae108c2baae6ff0ac3ddb31bd67020ee046ec77ac09"},"id":"project.opened"}}
{"recorder_version":"21","session":"56995d7234a3","build":"192.6262.58","bucket":"189","time":1574887020701,"group":{"id":"performance","version":"21"},"event":{"count":1,"data":{"duration_ms":312,"created":1574887020701},"id":"ui.lagging"}}
{"recorder_version":"21","session":"56995d7234a3","build":"192.6262.58","bucket":"189","time":1574887021800,"group":{"id":"performance","version":"21"},"event":{"count":1,"data":{"duration_ms":407,"created":1574887021800},"id":"ui.lagging"}}
{"recorder_version":"21","session":"56995d7234a3","build":"192.6262.58","bucket":"189","time":1574887022642,"group":{"id":"toolwindow","version":"21"},"event":{"count":1,"data":{"os":"Mac","created":1574887022645,"plugin_type":"NOT_LISTED"},"id":"third.party"}}
{"recorder_version":"21","session":"56995d7234a3","build":"192.6262.58","bucket":"189","time":1574887023106,"group":{"id":"performance","version":"21"},"event":{"count":1,"data":{"duration_ms":711,"created":1574887023106},"id":"ui.lagging"}}
{"recorder_version":"21","session":"56995d7234a3","build":"192.6262.58","bucket":"189","time":1574887023555,"group":{"id":"performance","version":"21"},"event":{"count":1,"data":{"duration_ms":158,"created":1574887023556},"id":"ui.lagging"}}
{"recorder_version":"21","session":"56995d7234a3","build":"192.6262.58","bucket":"189","time":1574887023557,"group":{"id":"ui.tips","version":"2"},"event":{"count":1,"data":{"created":1574887023557,"type":"automatically"},"id":"dialog.shown"}}
{"recorder_version":"21","session":"56995d7234a3","build":"192.6262.58","bucket":"189","time":1574887023728,"group":{"id":"ui.dialogs","version":"21"},"event":{"count":1,"data":{"created":1574887023728,"plugin_type":"PLATFORM","type":"show"},"id":"com.intellij.ide.util.TipDialog"}}
{"recorder_version":"21","session":"56995d7234a3","build":"192.6262.58","bucket":"189","time":1574887024611,"group":{"id":"project.fs","version":"1"},"event":{"state":true,"data":{"os":"Mac","cs-project":false,"created":1574887024612,"project":"4452600da3b350ab41d92ae108c2baae6ff0ac3ddb31bd67020ee046ec77ac09","cs-implicit":true,"cs-system":false},"id":"case-sensitivity"}}
{"recorder_version":"21","session":"56995d7234a3","build":"192.6262.58","bucket":"189","time":1574887024611,"group":{"id":"project.fs","version":"1"},"event":{"state":true,"data":{"created":1574887024613},"id":"invoked"}}
{"recorder_version":"21","session":"56995d7234a3","build":"192.6262.58","bucket":"189","time":1574887024614,"group":{"id":"project.fs","version":"1"},"event":{"state":true,"data":{"pct-non-watched":0,"created":1574887024614,"project":"4452600da3b350ab41d92ae108c2baae6ff0ac3ddb31bd67020ee046ec77ac09"},"id":"roots-watched"}}
{"recorder_version":"21","session":"56995d7234a3","build":"192.6262.58","bucket":"189","time":1574887024614,"group":{"id":"project.fs","version":"1"},"event":{"state":true,"data":{"created":1574887024615},"id":"invoked"}}
{"recorder_version":"21","session":"56995d7234a3","build":"192.6262.58","bucket":"189","time":1574887024691,"group":{"id":"ui.dialogs","version":"21"},"event":{"count":1,"data":{"code":1,"created":1574887024691,"plugin_type":"PLATFORM","type":"close"},"id":"com.intellij.openapi.progress.util.ProgressDialog$MyDialogWrapper"}}
{"recorder_version":"21","session":"56995d7234a3","build":"192.6262.58","bucket":"189","time":1574887025029,"group":{"id":"lifecycle","version":"21"},"event":{"count":1,"data":{"duration_ms":6120,"created":1574887025030,"project":"4452600da3b350ab41d92ae108c2baae6ff0ac3ddb31bd67020ee046ec77ac09"},"id":"project.opening.finished"}}
{"recorder_version":"21","session":"56995d7234a3","build":"192.6262.58","bucket":"189","time":1574887025396,"group":{"id":"kotlin.jps.target","version":"1"},"event":{"count":2,"data":{"plugin_version":"validation.undefined_rule","last":1574887025396,"created":1574887025396},"id":"validation.undefined_rule"}}
{"recorder_version":"21","session":"56995d7234a3","build":"192.6262.58","bucket":"189","time":1574887026384,"group":{"id":"vcs.change.reminder","version":"1"},"event":{"count":1,"data":{"created":1574887026385,"project":"4452600da3b350ab41d92ae108c2baae6ff0ac3ddb31bd67020ee046ec77ac09","execution_time":295},"id":"prediction.calculated"}}
{"recorder_version":"21","session":"56995d7234a3","build":"192.6262.58","bucket":"189","time":1574887026520,"group":{"id":"performance","version":"21"},"event":{"count":1,"data":{"duration_ms":121,"created":1574887026520},"id":"ui.lagging"}}
{"recorder_version":"21","session":"56995d7234a3","build":"192.6262.58","bucket":"189","time":1574887026629,"group":{"id":"ui.dialogs","version":"21"},"event":{"count":1,"data":{"code":1,"created":1574887026629,"plugin_type":"PLATFORM","type":"close"},"id":"com.intellij.ide.util.TipDialog"}}
{"recorder_version":"21","session":"56995d7234a3","build":"192.6262.58","bucket":"189","time":1574887029285,"group":{"id":"file.types.usage","version":"21"},"event":{"count":1,"data":{"plugin":"com.intellij.java","created":1574887029285,"plugin_type":"JB_BUNDLED","project":"4452600da3b350ab41d92ae108c2baae6ff0ac3ddb31bd67020ee046ec77ac09","type":"edit"},"id":"JAVA"}}
{"recorder_version":"21","session":"56995d7234a3","build":"192.6262.58","bucket":"189","time":1574887042593,"group":{"id":"actions","version":"21"},"event":{"count":1,"data":{"context_menu":false,"created":1574887042593,"plugin_type":"PLATFORM","project":"4452600da3b350ab41d92ae108c2baae6ff0ac3ddb31bd67020ee046ec77ac09","place":"keyboard_shortcut","class":"com.intellij.openapi.editor.actions.BackspaceAction","input_event":"Backspace"},"id":"EditorBackSpace"}}
{"recorder_version":"21","session":"56995d7234a3","build":"192.6262.58","bucket":"189","time":1574887045561,"group":{"id":"actions","version":"21"},"event":{"count":1,"data":{"context_menu":false,"current_file":"JAVA","created":1574887045561,"plugin_type":"PLATFORM","project":"4452600da3b350ab41d92ae108c2baae6ff0ac3ddb31bd67020ee046ec77ac09","place":"keyboard_shortcut","class":"com.intellij.openapi.editor.actions.EscapeAction","input_event":"Escape"},"id":"EditorEscape"}}
{"recorder_version":"21","session":"56995d7234a3","build":"192.6262.58","bucket":"189","time":1574887057480,"group":{"id":"actions","version":"21"},"event":{"count":1,"data":{"context_menu":false,"current_file":"JAVA","created":1574887057480,"plugin_type":"PLATFORM","project":"4452600da3b350ab41d92ae108c2baae6ff0ac3ddb31bd67020ee046ec77ac09","place":"keyboard_shortcut","class":"com.intellij.openapi.editor.actions.EscapeAction","input_event":"Escape"},"id":"EditorEscape"}}
{"recorder_version":"21","session":"56995d7234a3","build":"192.6262.58","bucket":"189","time":1574887095266,"group":{"id":"lifecycle","version":"21"},"event":{"count":1,"data":{"created":1574887095266,"project":"4452600da3b350ab41d92ae108c2baae6ff0ac3ddb31bd67020ee046ec77ac09"},"id":"frame.deactivated"}}
{"recorder_version":"21","session":"56995d7234a3","build":"192.6262.58","bucket":"189","time":1574887116643,"group":{"id":"performance","version":"21"},"event":{"count":1,"data":{"duration_ms":1,"created":1574887116643},"id":"ui.latency"}}
{"recorder_version":"21","session":"56995d7234a3","build":"192.6262.58","bucket":"189","time":1574887217019,"group":{"id":"performance","version":"21"},"event":{"count":1,"data":{"duration_ms":0,"created":1574887217020},"id":"ui.latency"}}
{"recorder_version":"21","session":"56995d7234a3","build":"192.6262.58","bucket":"189","time":1574887218948,"group":{"id":"lifecycle","version":"21"},"event":{"count":1,"data":{"created":1574887218948,"project":"4452600da3b350ab41d92ae108c2baae6ff0ac3ddb31bd67020ee046ec77ac09"},"id":"frame.activated"}}
{"recorder_version":"21","session":"56995d7234a3","build":"192.6262.58","bucket":"189","time":1574887220962,"group":{"id":"lifecycle","version":"21"},"event":{"count":1,"data":{"restart":false,"created":1574887220962},"id":"ide.close"}}
{"recorder_version":"21","session":"56995d7234a3","build":"192.6262.58","bucket":"189","time":1574887220964,"group":{"id":"lifecycle","version":"21"},"event":{"count":1,"data":{"created":1574887220964,"project":"4452600da3b350ab41d92ae108c2baae6ff0ac3ddb31bd67020ee046ec77ac09"},"id":"frame.deactivated"}}
{"recorder_version":"21","session":"56995d7234a3","build":"192.6262.58","bucket":"189","time":1574887220979,"group":{"id":"lifecycle","version":"21"},"event":{"count":1,"data":{"created":1574887220979,"project":"4452600da3b350ab41d92ae108c2baae6ff0ac3ddb31bd67020ee046ec77ac09"},"id":"frame.activated"}}
{"recorder_version":"21","session":"56995d7234a3","build":"192.6262.58","bucket":"189","time":1574887221066,"group":{"id":"lifecycle","version":"21"},"event":{"count":1,"data":{"created":1574887221066,"project":"4452600da3b350ab41d92ae108c2baae6ff0ac3ddb31bd67020ee046ec77ac09"},"id":"project.closed"}}
