{"recorder_version":"21","session":"d3080348c8c4","build":"192.6262.58","bucket":"189","time":1574810179027,"group":{"id":"settings","version":"4"},"event":{"state":true,"data":{"component":"NotRoamableUiSettings","created":1574810179198},"id":"invoked"}}
{"recorder_version":"21","session":"d3080348c8c4","build":"192.6262.58","bucket":"189","time":1574810179029,"group":{"id":"settings","version":"4"},"event":{"state":true,"data":{"component":"UISettings","created":1574810179200},"id":"invoked"}}
{"recorder_version":"21","session":"d3080348c8c4","build":"192.6262.58","bucket":"189","time":1574810179029,"group":{"id":"system.java","version":"1"},"event":{"state":true,"data":{"created":1574810179212,"version":"1.11"},"id":"JetBrains"}}
{"recorder_version":"21","session":"d3080348c8c4","build":"192.6262.58","bucket":"189","time":1574810179029,"group":{"id":"system.java","version":"1"},"event":{"state":true,"data":{"created":1574810179214},"id":"invoked"}}
{"recorder_version":"21","session":"d3080348c8c4","build":"192.6262.58","bucket":"189","time":1574810179051,"group":{"id":"system.os","version":"3"},"event":{"state":true,"data":{"created":1574810179215,"version":"10.14"},"id":"Mac"}}
{"recorder_version":"21","session":"d3080348c8c4","build":"192.6262.58","bucket":"189","time":1574810179051,"group":{"id":"system.os","version":"3"},"event":{"state":true,"data":{"created":1574810179216,"name":"Mac","version":"10.14"},"id":"os.name"}}
{"recorder_version":"21","session":"d3080348c8c4","build":"192.6262.58","bucket":"189","time":1574810179051,"group":{"id":"system.os","version":"3"},"event":{"state":true,"data":{"created":1574810179217,"value":"+09_00"},"id":"os.timezone"}}
{"recorder_version":"21","session":"d3080348c8c4","build":"192.6262.58","bucket":"189","time":1574810179051,"group":{"id":"system.os","version":"3"},"event":{"state":true,"data":{"created":1574810179217},"id":"invoked"}}
{"recorder_version":"21","session":"d3080348c8c4","build":"192.6262.58","bucket":"189","time":1574810179198,"group":{"id":"event.log","version":"21"},"event":{"count":1,"data":{"created":1574810179218,"version":"930.0"},"id":"whitelist.loaded"}}
{"recorder_version":"21","session":"d3080348c8c4","build":"192.6262.58","bucket":"189","time":1574810181404,"group":{"id":"settings","version":"4"},"event":{"state":true,"data":{"component":"UpdatesConfigurable","created":1574810181404,"name":"checkNeeded","type":"bool","value":false},"id":"not.default"}}
{"recorder_version":"21","session":"d3080348c8c4","build":"192.6262.58","bucket":"189","time":1574810181404,"group":{"id":"settings","version":"4"},"event":{"state":true,"data":{"component":"UpdatesConfigurable","created":1574810181406},"id":"invoked"}}
{"recorder_version":"21","session":"d3080348c8c4","build":"192.6262.58","bucket":"189","time":1574810181518,"group":{"id":"settings","version":"4"},"event":{"state":true,"data":{"component":"GeneralSettings","created":1574810181518,"name":"confirmExit","type":"bool","value":false},"id":"not.default"}}
{"recorder_version":"21","session":"d3080348c8c4","build":"192.6262.58","bucket":"189","time":1574810181518,"group":{"id":"settings","version":"4"},"event":{"state":true,"data":{"component":"GeneralSettings","created":1574810181519,"name":"showTipsOnStartup","type":"bool","value":false},"id":"not.default"}}
{"recorder_version":"21","session":"d3080348c8c4","build":"192.6262.58","bucket":"189","time":1574810181518,"group":{"id":"settings","version":"4"},"event":{"state":true,"data":{"component":"GeneralSettings","created":1574810181521},"id":"invoked"}}
{"recorder_version":"21","session":"d3080348c8c4","build":"192.6262.58","bucket":"189","time":1574810181522,"group":{"id":"lifecycle","version":"21"},"event":{"count":1,"data":{"internal":true,"eap":false,"created":1574810181522},"id":"ide.start"}}
{"recorder_version":"21","session":"d3080348c8c4","build":"192.6262.58","bucket":"189","time":1574810181869,"group":{"id":"lifecycle","version":"21"},"event":{"count":1,"data":{"created":1574810181870},"id":"frame.activated"}}
{"recorder_version":"21","session":"d3080348c8c4","build":"192.6262.58","bucket":"189","time":1574810182076,"group":{"id":"performance","version":"21"},"event":{"count":1,"data":{"duration_ms":0,"created":1574810182076},"id":"ui.latency"}}
{"recorder_version":"21","session":"d3080348c8c4","build":"192.6262.58","bucket":"189","time":1574810182380,"group":{"id":"ui.dialogs","version":"21"},"event":{"count":1,"data":{"created":1574810182380,"plugin_type":"PLATFORM","type":"show"},"id":"com.intellij.openapi.progress.util.ProgressDialog$MyDialogWrapper"}}
{"recorder_version":"21","session":"d3080348c8c4","build":"192.6262.58","bucket":"189","time":1574810183368,"group":{"id":"lifecycle","version":"21"},"event":{"count":1,"data":{"created":1574810183369,"project":"92ddc83aceaa9edad1485397ccc1680a8fd16623aa2c155379eac4aafdb2a559"},"id":"project.opened"}}
{"recorder_version":"21","session":"d3080348c8c4","build":"192.6262.58","bucket":"189","time":1574810185147,"group":{"id":"settings","version":"4"},"event":{"state":true,"data":{"component":"XmlEditorOptions","created":1574810185148},"id":"invoked"}}
{"recorder_version":"21","session":"d3080348c8c4","build":"192.6262.58","bucket":"189","time":1574810185424,"group":{"id":"toolwindow","version":"21"},"event":{"count":1,"data":{"os":"Mac","created":1574810185424,"plugin_type":"PLATFORM"},"id":"Project"}}
{"recorder_version":"21","session":"d3080348c8c4","build":"192.6262.58","bucket":"189","time":1574810186230,"group":{"id":"performance","version":"21"},"event":{"count":1,"data":{"duration_ms":146,"created":1574810186231},"id":"ui.lagging"}}
{"recorder_version":"21","session":"d3080348c8c4","build":"192.6262.58","bucket":"189","time":1574810187624,"group":{"id":"project.fs","version":"1"},"event":{"state":true,"data":{"os":"Mac","cs-project":false,"created":1574810187624,"project":"92ddc83aceaa9edad1485397ccc1680a8fd16623aa2c155379eac4aafdb2a559","cs-implicit":true,"cs-system":false},"id":"case-sensitivity"}}
{"recorder_version":"21","session":"d3080348c8c4","build":"192.6262.58","bucket":"189","time":1574810187624,"group":{"id":"project.fs","version":"1"},"event":{"state":true,"data":{"created":1574810187624},"id":"invoked"}}
{"recorder_version":"21","session":"d3080348c8c4","build":"192.6262.58","bucket":"189","time":1574810187625,"group":{"id":"project.fs","version":"1"},"event":{"state":true,"data":{"pct-non-watched":0,"created":1574810187625,"project":"92ddc83aceaa9edad1485397ccc1680a8fd16623aa2c155379eac4aafdb2a559"},"id":"roots-watched"}}
{"recorder_version":"21","session":"d3080348c8c4","build":"192.6262.58","bucket":"189","time":1574810187625,"group":{"id":"project.fs","version":"1"},"event":{"state":true,"data":{"created":1574810187625},"id":"invoked"}}
{"recorder_version":"21","session":"d3080348c8c4","build":"192.6262.58","bucket":"189","time":1574810187659,"group":{"id":"ui.dialogs","version":"21"},"event":{"count":1,"data":{"code":1,"created":1574810187660,"plugin_type":"PLATFORM","type":"close"},"id":"com.intellij.openapi.progress.util.ProgressDialog$MyDialogWrapper"}}
{"recorder_version":"21","session":"d3080348c8c4","build":"192.6262.58","bucket":"189","time":1574810187916,"group":{"id":"lifecycle","version":"21"},"event":{"count":1,"data":{"duration_ms":5825,"created":1574810187917,"project":"92ddc83aceaa9edad1485397ccc1680a8fd16623aa2c155379eac4aafdb2a559"},"id":"project.opening.finished"}}
{"recorder_version":"21","session":"d3080348c8c4","build":"192.6262.58","bucket":"189","time":1574810188387,"group":{"id":"performance","version":"21"},"event":{"count":1,"data":{"duration_ms":299,"created":1574810188387},"id":"ui.lagging"}}
{"recorder_version":"21","session":"d3080348c8c4","build":"192.6262.58","bucket":"189","time":1574810188991,"group":{"id":"kotlin.jps.target","version":"1"},"event":{"count":1,"data":{"plugin_version":"validation.undefined_rule","created":1574810188991},"id":"validation.undefined_rule"}}
{"recorder_version":"21","session":"d3080348c8c4","build":"192.6262.58","bucket":"189","time":1574810193518,"group":{"id":"file.types.usage","version":"21"},"event":{"count":1,"data":{"created":1574810193518,"plugin_type":"PLATFORM","project":"92ddc83aceaa9edad1485397ccc1680a8fd16623aa2c155379eac4aafdb2a559","type":"edit"},"id":"IDEA_MODULE"}}
{"recorder_version":"21","session":"d3080348c8c4","build":"192.6262.58","bucket":"189","time":1574810200431,"group":{"id":"actions","version":"21"},"event":{"count":1,"data":{"context_menu":false,"current_file":"TEXT","created":1574810200432,"plugin_type":"PLATFORM","project":"92ddc83aceaa9edad1485397ccc1680a8fd16623aa2c155379eac4aafdb2a559","place":"keyboard_shortcut","class":"com.intellij.openapi.editor.actions.BackspaceAction","input_event":"Backspace"},"id":"EditorBackSpace"}}
{"recorder_version":"21","session":"d3080348c8c4","build":"192.6262.58","bucket":"189","time":1574810214818,"group":{"id":"actions","version":"21"},"event":{"count":1,"data":{"context_menu":false,"current_file":"TEXT","created":1574810214818,"plugin_type":"PLATFORM","project":"92ddc83aceaa9edad1485397ccc1680a8fd16623aa2c155379eac4aafdb2a559","place":"keyboard_shortcut","class":"com.intellij.openapi.editor.actions.BackspaceAction","input_event":"Backspace"},"id":"EditorBackSpace"}}
{"recorder_version":"21","session":"d3080348c8c4","build":"192.6262.58","bucket":"189","time":1574810249428,"group":{"id":"lifecycle","version":"21"},"event":{"count":1,"data":{"created":1574810249428,"project":"92ddc83aceaa9edad1485397ccc1680a8fd16623aa2c155379eac4aafdb2a559"},"id":"frame.deactivated"}}
{"recorder_version":"21","session":"d3080348c8c4","build":"192.6262.58","bucket":"189","time":1574810269076,"group":{"id":"lifecycle","version":"21"},"event":{"count":1,"data":{"created":1574810269076,"project":"92ddc83aceaa9edad1485397ccc1680a8fd16623aa2c155379eac4aafdb2a559"},"id":"frame.activated"}}
{"recorder_version":"21","session":"d3080348c8c4","build":"192.6262.58","bucket":"189","time":1574810272632,"group":{"id":"lifecycle","version":"21"},"event":{"count":1,"data":{"restart":false,"created":1574810272632},"id":"ide.close"}}
{"recorder_version":"21","session":"d3080348c8c4","build":"192.6262.58","bucket":"189","time":1574810272713,"group":{"id":"lifecycle","version":"21"},"event":{"count":1,"data":{"created":1574810272714,"project":"92ddc83aceaa9edad1485397ccc1680a8fd16623aa2c155379eac4aafdb2a559"},"id":"project.closed"}}
