{"recorder_version":"21","session":"0fc1a6c46fcd","build":"192.6262.58","bucket":"189","time":1574781637501,"group":{"id":"settings","version":"4"},"event":{"state":true,"data":{"component":"NotRoamableUiSettings","created":1574781637683},"id":"invoked"}}
{"recorder_version":"21","session":"0fc1a6c46fcd","build":"192.6262.58","bucket":"189","time":1574781637503,"group":{"id":"system.java","version":"1"},"event":{"state":true,"data":{"created":1574781637686,"version":"1.11"},"id":"JetBrains"}}
{"recorder_version":"21","session":"0fc1a6c46fcd","build":"192.6262.58","bucket":"189","time":1574781637503,"group":{"id":"system.java","version":"1"},"event":{"state":true,"data":{"created":1574781637700},"id":"invoked"}}
{"recorder_version":"21","session":"0fc1a6c46fcd","build":"192.6262.58","bucket":"189","time":1574781637504,"group":{"id":"settings","version":"4"},"event":{"state":true,"data":{"component":"UISettings","created":1574781637700},"id":"invoked"}}
{"recorder_version":"21","session":"0fc1a6c46fcd","build":"192.6262.58","bucket":"189","time":1574781637527,"group":{"id":"system.os","version":"3"},"event":{"state":true,"data":{"created":1574781637701,"version":"10.14"},"id":"Mac"}}
{"recorder_version":"21","session":"0fc1a6c46fcd","build":"192.6262.58","bucket":"189","time":1574781637527,"group":{"id":"system.os","version":"3"},"event":{"state":true,"data":{"created":1574781637702,"name":"Mac","version":"10.14"},"id":"os.name"}}
{"recorder_version":"21","session":"0fc1a6c46fcd","build":"192.6262.58","bucket":"189","time":1574781637527,"group":{"id":"system.os","version":"3"},"event":{"state":true,"data":{"created":1574781637707,"value":"+09_00"},"id":"os.timezone"}}
{"recorder_version":"21","session":"0fc1a6c46fcd","build":"192.6262.58","bucket":"189","time":1574781637527,"group":{"id":"system.os","version":"3"},"event":{"state":true,"data":{"created":1574781637708},"id":"invoked"}}
{"recorder_version":"21","session":"0fc1a6c46fcd","build":"192.6262.58","bucket":"189","time":1574781637683,"group":{"id":"event.log","version":"21"},"event":{"count":1,"data":{"created":1574781637708,"version":"925.0"},"id":"whitelist.loaded"}}
{"recorder_version":"21","session":"0fc1a6c46fcd","build":"192.6262.58","bucket":"189","time":1574781639827,"group":{"id":"settings","version":"4"},"event":{"state":true,"data":{"component":"UpdatesConfigurable","created":1574781639827,"name":"checkNeeded","type":"bool","value":false},"id":"not.default"}}
{"recorder_version":"21","session":"0fc1a6c46fcd","build":"192.6262.58","bucket":"189","time":1574781639827,"group":{"id":"settings","version":"4"},"event":{"state":true,"data":{"component":"UpdatesConfigurable","created":1574781639831},"id":"invoked"}}
{"recorder_version":"21","session":"0fc1a6c46fcd","build":"192.6262.58","bucket":"189","time":1574781640437,"group":{"id":"lifecycle","version":"21"},"event":{"count":1,"data":{"internal":true,"eap":false,"created":1574781640437},"id":"ide.start"}}
{"recorder_version":"21","session":"0fc1a6c46fcd","build":"192.6262.58","bucket":"189","time":1574781640441,"group":{"id":"settings","version":"4"},"event":{"state":true,"data":{"component":"GeneralSettings","created":1574781640441,"name":"confirmExit","type":"bool","value":false},"id":"not.default"}}
{"recorder_version":"21","session":"0fc1a6c46fcd","build":"192.6262.58","bucket":"189","time":1574781640441,"group":{"id":"settings","version":"4"},"event":{"state":true,"data":{"component":"GeneralSettings","created":1574781640454,"name":"showTipsOnStartup","type":"bool","value":false},"id":"not.default"}}
{"recorder_version":"21","session":"0fc1a6c46fcd","build":"192.6262.58","bucket":"189","time":1574781640441,"group":{"id":"settings","version":"4"},"event":{"state":true,"data":{"component":"GeneralSettings","created":1574781640454},"id":"invoked"}}
{"recorder_version":"21","session":"0fc1a6c46fcd","build":"192.6262.58","bucket":"189","time":1574781640594,"group":{"id":"performance","version":"21"},"event":{"count":1,"data":{"duration_ms":98,"created":1574781640594},"id":"ui.latency"}}
{"recorder_version":"21","session":"0fc1a6c46fcd","build":"192.6262.58","bucket":"189","time":1574781641093,"group":{"id":"settings","version":"4"},"event":{"state":true,"data":{"component":"XmlEditorOptions","created":1574781641093},"id":"invoked"}}
{"recorder_version":"21","session":"0fc1a6c46fcd","build":"192.6262.58","bucket":"189","time":1574781641604,"group":{"id":"performance","version":"21"},"event":{"count":1,"data":{"duration_ms":106,"created":1574781641604},"id":"ui.lagging"}}
{"recorder_version":"21","session":"0fc1a6c46fcd","build":"192.6262.58","bucket":"189","time":1574781642385,"group":{"id":"ui.dialogs","version":"21"},"event":{"count":1,"data":{"created":1574781642385,"plugin_type":"PLATFORM","type":"show"},"id":"com.intellij.openapi.progress.util.ProgressDialog$MyDialogWrapper"}}
{"recorder_version":"21","session":"0fc1a6c46fcd","build":"192.6262.58","bucket":"189","time":1574781643247,"group":{"id":"lifecycle","version":"21"},"event":{"count":1,"data":{"created":1574781643247,"project":"92ddc83aceaa9edad1485397ccc1680a8fd16623aa2c155379eac4aafdb2a559"},"id":"project.opened"}}
{"recorder_version":"21","session":"0fc1a6c46fcd","build":"192.6262.58","bucket":"189","time":1574781643866,"group":{"id":"performance","version":"21"},"event":{"count":1,"data":{"duration_ms":366,"created":1574781643866},"id":"ui.lagging"}}
{"recorder_version":"21","session":"0fc1a6c46fcd","build":"192.6262.58","bucket":"189","time":1574781644983,"group":{"id":"performance","version":"21"},"event":{"count":1,"data":{"duration_ms":481,"created":1574781644983},"id":"ui.lagging"}}
{"recorder_version":"21","session":"0fc1a6c46fcd","build":"192.6262.58","bucket":"189","time":1574781645146,"group":{"id":"toolwindow","version":"21"},"event":{"count":1,"data":{"os":"Mac","created":1574781645146,"plugin_type":"PLATFORM"},"id":"Project"}}
{"recorder_version":"21","session":"0fc1a6c46fcd","build":"192.6262.58","bucket":"189","time":1574781646797,"group":{"id":"kotlin.jps.target","version":"1"},"event":{"count":1,"data":{"plugin_version":"1.3.41-release-IJ2019.2-1","created":1574781646798},"id":"jvm"}}
{"recorder_version":"21","session":"0fc1a6c46fcd","build":"192.6262.58","bucket":"189","time":1574781646835,"group":{"id":"project.fs","version":"1"},"event":{"state":true,"data":{"os":"Mac","cs-project":false,"created":1574781646835,"project":"92ddc83aceaa9edad1485397ccc1680a8fd16623aa2c155379eac4aafdb2a559","cs-implicit":true,"cs-system":false},"id":"case-sensitivity"}}
{"recorder_version":"21","session":"0fc1a6c46fcd","build":"192.6262.58","bucket":"189","time":1574781646835,"group":{"id":"project.fs","version":"1"},"event":{"state":true,"data":{"created":1574781646835},"id":"invoked"}}
{"recorder_version":"21","session":"0fc1a6c46fcd","build":"192.6262.58","bucket":"189","time":1574781646835,"group":{"id":"project.fs","version":"1"},"event":{"state":true,"data":{"pct-non-watched":0,"created":1574781646835,"project":"92ddc83aceaa9edad1485397ccc1680a8fd16623aa2c155379eac4aafdb2a559"},"id":"roots-watched"}}
{"recorder_version":"21","session":"0fc1a6c46fcd","build":"192.6262.58","bucket":"189","time":1574781646835,"group":{"id":"project.fs","version":"1"},"event":{"state":true,"data":{"created":1574781646836},"id":"invoked"}}
{"recorder_version":"21","session":"0fc1a6c46fcd","build":"192.6262.58","bucket":"189","time":1574781646899,"group":{"id":"ui.dialogs","version":"21"},"event":{"count":1,"data":{"code":1,"created":1574781646900,"plugin_type":"PLATFORM","type":"close"},"id":"com.intellij.openapi.progress.util.ProgressDialog$MyDialogWrapper"}}
{"recorder_version":"21","session":"0fc1a6c46fcd","build":"192.6262.58","bucket":"189","time":1574781647030,"group":{"id":"lifecycle","version":"21"},"event":{"count":1,"data":{"duration_ms":4917,"created":1574781647030,"project":"92ddc83aceaa9edad1485397ccc1680a8fd16623aa2c155379eac4aafdb2a559"},"id":"project.opening.finished"}}
{"recorder_version":"21","session":"0fc1a6c46fcd","build":"192.6262.58","bucket":"189","time":1574781648073,"group":{"id":"actions","version":"21"},"event":{"count":2,"data":{"context_menu":false,"last":1574781648445,"current_file":"TEXT","created":1574781648073,"plugin_type":"PLATFORM","project":"92ddc83aceaa9edad1485397ccc1680a8fd16623aa2c155379eac4aafdb2a559","place":"keyboard_shortcut","class":"com.intellij.openapi.editor.actions.EnterAction","input_event":"Enter"},"id":"EditorEnter"}}
{"recorder_version":"21","session":"0fc1a6c46fcd","build":"192.6262.58","bucket":"189","time":1574781650463,"group":{"id":"file.types.usage","version":"21"},"event":{"count":1,"data":{"created":1574781650463,"plugin_type":"PLATFORM","project":"92ddc83aceaa9edad1485397ccc1680a8fd16623aa2c155379eac4aafdb2a559","type":"edit"},"id":"IDEA_MODULE"}}
{"recorder_version":"21","session":"0fc1a6c46fcd","build":"192.6262.58","bucket":"189","time":1574781651204,"group":{"id":"actions","version":"21"},"event":{"count":4,"data":{"context_menu":false,"last":1574781652101,"current_file":"TEXT","created":1574781651204,"plugin_type":"PLATFORM","project":"92ddc83aceaa9edad1485397ccc1680a8fd16623aa2c155379eac4aafdb2a559","place":"keyboard_shortcut","class":"com.intellij.openapi.editor.actions.EnterAction","input_event":"Enter"},"id":"EditorEnter"}}
{"recorder_version":"21","session":"0fc1a6c46fcd","build":"192.6262.58","bucket":"189","time":1574781652622,"group":{"id":"actions","version":"21"},"event":{"count":7,"data":{"context_menu":false,"last":1574781653891,"current_file":"TEXT","created":1574781652622,"plugin_type":"PLATFORM","project":"92ddc83aceaa9edad1485397ccc1680a8fd16623aa2c155379eac4aafdb2a559","place":"keyboard_shortcut","class":"com.intellij.openapi.editor.actions.BackspaceAction","input_event":"Backspace"},"id":"EditorBackSpace"}}
{"recorder_version":"21","session":"0fc1a6c46fcd","build":"192.6262.58","bucket":"189","time":1574781654699,"group":{"id":"actions","version":"21"},"event":{"count":7,"data":{"context_menu":false,"last":1574781658530,"current_file":"TEXT","created":1574781654699,"plugin_type":"PLATFORM","project":"92ddc83aceaa9edad1485397ccc1680a8fd16623aa2c155379eac4aafdb2a559","place":"keyboard_shortcut","class":"com.intellij.openapi.editor.actions.EnterAction","input_event":"Enter"},"id":"EditorEnter"}}
{"recorder_version":"21","session":"0fc1a6c46fcd","build":"192.6262.58","bucket":"189","time":1574781661629,"group":{"id":"lifecycle","version":"21"},"event":{"count":1,"data":{"created":1574781661630,"project":"92ddc83aceaa9edad1485397ccc1680a8fd16623aa2c155379eac4aafdb2a559"},"id":"frame.deactivated"}}
{"recorder_version":"21","session":"0fc1a6c46fcd","build":"192.6262.58","bucket":"189","time":1574781693105,"group":{"id":"lifecycle","version":"21"},"event":{"count":1,"data":{"created":1574781693105,"project":"92ddc83aceaa9edad1485397ccc1680a8fd16623aa2c155379eac4aafdb2a559"},"id":"frame.activated"}}
{"recorder_version":"21","session":"0fc1a6c46fcd","build":"192.6262.58","bucket":"189","time":1574781693439,"group":{"id":"lifecycle","version":"21"},"event":{"count":1,"data":{"restart":false,"created":1574781693439},"id":"ide.close"}}
{"recorder_version":"21","session":"0fc1a6c46fcd","build":"192.6262.58","bucket":"189","time":1574781693543,"group":{"id":"lifecycle","version":"21"},"event":{"count":1,"data":{"created":1574781693543,"project":"92ddc83aceaa9edad1485397ccc1680a8fd16623aa2c155379eac4aafdb2a559"},"id":"project.closed"}}
