{"recorder_version":"21","session":"41c87ee14a35","build":"192.6262.58","bucket":"189","time":1574628059558,"group":{"id":"settings","version":"4"},"event":{"state":true,"data":{"component":"NotRoamableUiSettings","created":1574628059743},"id":"invoked"}}
{"recorder_version":"21","session":"41c87ee14a35","build":"192.6262.58","bucket":"189","time":1574628059561,"group":{"id":"settings","version":"4"},"event":{"state":true,"data":{"component":"UISettings","created":1574628059744},"id":"invoked"}}
{"recorder_version":"21","session":"41c87ee14a35","build":"192.6262.58","bucket":"189","time":1574628059561,"group":{"id":"system.java","version":"1"},"event":{"state":true,"data":{"created":1574628059758,"version":"1.11"},"id":"JetBrains"}}
{"recorder_version":"21","session":"41c87ee14a35","build":"192.6262.58","bucket":"189","time":1574628059561,"group":{"id":"system.java","version":"1"},"event":{"state":true,"data":{"created":1574628059758},"id":"invoked"}}
{"recorder_version":"21","session":"41c87ee14a35","build":"192.6262.58","bucket":"189","time":1574628059584,"group":{"id":"system.os","version":"3"},"event":{"state":true,"data":{"created":1574628059759,"version":"10.14"},"id":"Mac"}}
{"recorder_version":"21","session":"41c87ee14a35","build":"192.6262.58","bucket":"189","time":1574628059584,"group":{"id":"system.os","version":"3"},"event":{"state":true,"data":{"created":1574628059760,"name":"Mac","version":"10.14"},"id":"os.name"}}
{"recorder_version":"21","session":"41c87ee14a35","build":"192.6262.58","bucket":"189","time":1574628059584,"group":{"id":"system.os","version":"3"},"event":{"state":true,"data":{"created":1574628059761,"value":"+09_00"},"id":"os.timezone"}}
{"recorder_version":"21","session":"41c87ee14a35","build":"192.6262.58","bucket":"189","time":1574628059584,"group":{"id":"system.os","version":"3"},"event":{"state":true,"data":{"created":1574628059764},"id":"invoked"}}
{"recorder_version":"21","session":"41c87ee14a35","build":"192.6262.58","bucket":"189","time":1574628059742,"group":{"id":"event.log","version":"21"},"event":{"count":1,"data":{"created":1574628059764,"version":"919.0"},"id":"whitelist.loaded"}}
{"recorder_version":"21","session":"41c87ee14a35","build":"192.6262.58","bucket":"189","time":1574628062006,"group":{"id":"settings","version":"4"},"event":{"state":true,"data":{"component":"UpdatesConfigurable","created":1574628062006,"name":"checkNeeded","type":"bool","value":false},"id":"not.default"}}
{"recorder_version":"21","session":"41c87ee14a35","build":"192.6262.58","bucket":"189","time":1574628062006,"group":{"id":"settings","version":"4"},"event":{"state":true,"data":{"component":"UpdatesConfigurable","created":1574628062007},"id":"invoked"}}
{"recorder_version":"21","session":"41c87ee14a35","build":"192.6262.58","bucket":"189","time":1574628062151,"group":{"id":"settings","version":"4"},"event":{"state":true,"data":{"component":"GeneralSettings","created":1574628062152,"name":"confirmExit","type":"bool","value":false},"id":"not.default"}}
{"recorder_version":"21","session":"41c87ee14a35","build":"192.6262.58","bucket":"189","time":1574628062151,"group":{"id":"settings","version":"4"},"event":{"state":true,"data":{"component":"GeneralSettings","created":1574628062153,"name":"showTipsOnStartup","type":"bool","value":false},"id":"not.default"}}
{"recorder_version":"21","session":"41c87ee14a35","build":"192.6262.58","bucket":"189","time":1574628062151,"group":{"id":"settings","version":"4"},"event":{"state":true,"data":{"component":"GeneralSettings","created":1574628062157},"id":"invoked"}}
{"recorder_version":"21","session":"41c87ee14a35","build":"192.6262.58","bucket":"189","time":1574628062162,"group":{"id":"lifecycle","version":"21"},"event":{"count":1,"data":{"internal":true,"eap":false,"created":1574628062164},"id":"ide.start"}}
{"recorder_version":"21","session":"41c87ee14a35","build":"192.6262.58","bucket":"189","time":1574628062441,"group":{"id":"lifecycle","version":"21"},"event":{"count":1,"data":{"created":1574628062441},"id":"frame.activated"}}
{"recorder_version":"21","session":"41c87ee14a35","build":"192.6262.58","bucket":"189","time":1574628062714,"group":{"id":"performance","version":"21"},"event":{"count":1,"data":{"duration_ms":1,"created":1574628062714},"id":"ui.latency"}}
{"recorder_version":"21","session":"41c87ee14a35","build":"192.6262.58","bucket":"189","time":1574628062937,"group":{"id":"ui.dialogs","version":"21"},"event":{"count":1,"data":{"created":1574628062937,"plugin_type":"PLATFORM","type":"show"},"id":"com.intellij.openapi.progress.util.ProgressDialog$MyDialogWrapper"}}
{"recorder_version":"21","session":"41c87ee14a35","build":"192.6262.58","bucket":"189","time":1574628064069,"group":{"id":"lifecycle","version":"21"},"event":{"count":1,"data":{"created":1574628064069,"project":"92ddc83aceaa9edad1485397ccc1680a8fd16623aa2c155379eac4aafdb2a559"},"id":"project.opened"}}
{"recorder_version":"21","session":"41c87ee14a35","build":"192.6262.58","bucket":"189","time":1574628065695,"group":{"id":"settings","version":"4"},"event":{"state":true,"data":{"component":"XmlEditorOptions","created":1574628065695},"id":"invoked"}}
{"recorder_version":"21","session":"41c87ee14a35","build":"192.6262.58","bucket":"189","time":1574628065903,"group":{"id":"toolwindow","version":"21"},"event":{"count":1,"data":{"os":"Mac","created":1574628065903,"plugin_type":"PLATFORM"},"id":"Project"}}
{"recorder_version":"21","session":"41c87ee14a35","build":"192.6262.58","bucket":"189","time":1574628066840,"group":{"id":"performance","version":"21"},"event":{"count":1,"data":{"duration_ms":124,"created":1574628066840},"id":"ui.lagging"}}
{"recorder_version":"21","session":"41c87ee14a35","build":"192.6262.58","bucket":"189","time":1574628067831,"group":{"id":"performance","version":"21"},"event":{"count":1,"data":{"duration_ms":115,"created":1574628067831},"id":"ui.lagging"}}
{"recorder_version":"21","session":"41c87ee14a35","build":"192.6262.58","bucket":"189","time":1574628067959,"group":{"id":"project.fs","version":"1"},"event":{"state":true,"data":{"os":"Mac","cs-project":false,"created":1574628067959,"project":"92ddc83aceaa9edad1485397ccc1680a8fd16623aa2c155379eac4aafdb2a559","cs-implicit":true,"cs-system":false},"id":"case-sensitivity"}}
{"recorder_version":"21","session":"41c87ee14a35","build":"192.6262.58","bucket":"189","time":1574628067959,"group":{"id":"project.fs","version":"1"},"event":{"state":true,"data":{"created":1574628067960},"id":"invoked"}}
{"recorder_version":"21","session":"41c87ee14a35","build":"192.6262.58","bucket":"189","time":1574628067960,"group":{"id":"project.fs","version":"1"},"event":{"state":true,"data":{"pct-non-watched":0,"created":1574628067960,"project":"92ddc83aceaa9edad1485397ccc1680a8fd16623aa2c155379eac4aafdb2a559"},"id":"roots-watched"}}
{"recorder_version":"21","session":"41c87ee14a35","build":"192.6262.58","bucket":"189","time":1574628067960,"group":{"id":"project.fs","version":"1"},"event":{"state":true,"data":{"created":1574628067961},"id":"invoked"}}
{"recorder_version":"21","session":"41c87ee14a35","build":"192.6262.58","bucket":"189","time":1574628067982,"group":{"id":"ui.dialogs","version":"21"},"event":{"count":1,"data":{"code":1,"created":1574628067982,"plugin_type":"PLATFORM","type":"close"},"id":"com.intellij.openapi.progress.util.ProgressDialog$MyDialogWrapper"}}
{"recorder_version":"21","session":"41c87ee14a35","build":"192.6262.58","bucket":"189","time":1574628068189,"group":{"id":"lifecycle","version":"21"},"event":{"count":1,"data":{"duration_ms":5534,"created":1574628068189,"project":"92ddc83aceaa9edad1485397ccc1680a8fd16623aa2c155379eac4aafdb2a559"},"id":"project.opening.finished"}}
{"recorder_version":"21","session":"41c87ee14a35","build":"192.6262.58","bucket":"189","time":1574628069871,"group":{"id":"kotlin.jps.target","version":"1"},"event":{"count":1,"data":{"plugin_version":"1.3.41-release-IJ2019.2-1","created":1574628069871},"id":"jvm"}}
{"recorder_version":"21","session":"41c87ee14a35","build":"192.6262.58","bucket":"189","time":1574628077858,"group":{"id":"file.types.usage","version":"21"},"event":{"count":1,"data":{"created":1574628077858,"plugin_type":"PLATFORM","project":"92ddc83aceaa9edad1485397ccc1680a8fd16623aa2c155379eac4aafdb2a559","type":"edit"},"id":"IDEA_MODULE"}}
{"recorder_version":"21","session":"41c87ee14a35","build":"192.6262.58","bucket":"189","time":1574628079427,"group":{"id":"actions","version":"21"},"event":{"count":2,"data":{"context_menu":false,"last":1574628079623,"current_file":"TEXT","created":1574628079428,"plugin_type":"PLATFORM","project":"92ddc83aceaa9edad1485397ccc1680a8fd16623aa2c155379eac4aafdb2a559","place":"keyboard_shortcut","class":"com.intellij.openapi.editor.actions.BackspaceAction","input_event":"Backspace"},"id":"EditorBackSpace"}}
{"recorder_version":"21","session":"41c87ee14a35","build":"192.6262.58","bucket":"189","time":1574628081589,"group":{"id":"actions","version":"21"},"event":{"count":1,"data":{"context_menu":false,"current_file":"TEXT","created":1574628081589,"plugin_type":"PLATFORM","project":"92ddc83aceaa9edad1485397ccc1680a8fd16623aa2c155379eac4aafdb2a559","place":"keyboard_shortcut","class":"com.intellij.openapi.editor.actions.EnterAction","input_event":"Enter"},"id":"EditorEnter"}}
{"recorder_version":"21","session":"41c87ee14a35","build":"192.6262.58","bucket":"189","time":1574628107680,"group":{"id":"lifecycle","version":"21"},"event":{"count":1,"data":{"created":1574628107680,"project":"92ddc83aceaa9edad1485397ccc1680a8fd16623aa2c155379eac4aafdb2a559"},"id":"frame.deactivated"}}
{"recorder_version":"21","session":"41c87ee14a35","build":"192.6262.58","bucket":"189","time":1574628162939,"group":{"id":"performance","version":"21"},"event":{"count":1,"data":{"duration_ms":0,"created":1574628162940},"id":"ui.latency"}}
{"recorder_version":"21","session":"41c87ee14a35","build":"192.6262.58","bucket":"189","time":1574628173918,"group":{"id":"lifecycle","version":"21"},"event":{"count":1,"data":{"created":1574628173918,"project":"92ddc83aceaa9edad1485397ccc1680a8fd16623aa2c155379eac4aafdb2a559"},"id":"frame.activated"}}
{"recorder_version":"21","session":"41c87ee14a35","build":"192.6262.58","bucket":"189","time":1574628176883,"group":{"id":"lifecycle","version":"21"},"event":{"count":1,"data":{"created":1574628176883,"project":"92ddc83aceaa9edad1485397ccc1680a8fd16623aa2c155379eac4aafdb2a559"},"id":"frame.deactivated"}}
{"recorder_version":"21","session":"41c87ee14a35","build":"192.6262.58","bucket":"189","time":1574628217540,"group":{"id":"lifecycle","version":"21"},"event":{"count":1,"data":{"created":1574628217540,"project":"92ddc83aceaa9edad1485397ccc1680a8fd16623aa2c155379eac4aafdb2a559"},"id":"frame.activated"}}
{"recorder_version":"21","session":"41c87ee14a35","build":"192.6262.58","bucket":"189","time":1574628217856,"group":{"id":"lifecycle","version":"21"},"event":{"count":1,"data":{"restart":false,"created":1574628217856},"id":"ide.close"}}
{"recorder_version":"21","session":"41c87ee14a35","build":"192.6262.58","bucket":"189","time":1574628217943,"group":{"id":"lifecycle","version":"21"},"event":{"count":1,"data":{"created":1574628217943,"project":"92ddc83aceaa9edad1485397ccc1680a8fd16623aa2c155379eac4aafdb2a559"},"id":"project.closed"}}
