{"recorder_version":"21","session":"4758e7eb46d0","build":"192.6262.58","bucket":"189","time":1574785854712,"group":{"id":"settings","version":"4"},"event":{"state":true,"data":{"component":"NotRoamableUiSettings","created":1574785854840},"id":"invoked"}}
{"recorder_version":"21","session":"4758e7eb46d0","build":"192.6262.58","bucket":"189","time":1574785854714,"group":{"id":"system.java","version":"1"},"event":{"state":true,"data":{"created":1574785854841,"version":"1.11"},"id":"JetBrains"}}
{"recorder_version":"21","session":"4758e7eb46d0","build":"192.6262.58","bucket":"189","time":1574785854714,"group":{"id":"system.java","version":"1"},"event":{"state":true,"data":{"created":1574785854849},"id":"invoked"}}
{"recorder_version":"21","session":"4758e7eb46d0","build":"192.6262.58","bucket":"189","time":1574785854714,"group":{"id":"settings","version":"4"},"event":{"state":true,"data":{"component":"UISettings","created":1574785854850},"id":"invoked"}}
{"recorder_version":"21","session":"4758e7eb46d0","build":"192.6262.58","bucket":"189","time":1574785854735,"group":{"id":"system.os","version":"3"},"event":{"state":true,"data":{"created":1574785854850,"version":"10.14"},"id":"Mac"}}
{"recorder_version":"21","session":"4758e7eb46d0","build":"192.6262.58","bucket":"189","time":1574785854735,"group":{"id":"system.os","version":"3"},"event":{"state":true,"data":{"created":1574785854851,"name":"Mac","version":"10.14"},"id":"os.name"}}
{"recorder_version":"21","session":"4758e7eb46d0","build":"192.6262.58","bucket":"189","time":1574785854735,"group":{"id":"system.os","version":"3"},"event":{"state":true,"data":{"created":1574785854852,"value":"+09_00"},"id":"os.timezone"}}
{"recorder_version":"21","session":"4758e7eb46d0","build":"192.6262.58","bucket":"189","time":1574785854735,"group":{"id":"system.os","version":"3"},"event":{"state":true,"data":{"created":1574785854853},"id":"invoked"}}
{"recorder_version":"21","session":"4758e7eb46d0","build":"192.6262.58","bucket":"189","time":1574785854839,"group":{"id":"event.log","version":"21"},"event":{"count":1,"data":{"created":1574785854854,"version":"925.0"},"id":"whitelist.loaded"}}
{"recorder_version":"21","session":"4758e7eb46d0","build":"192.6262.58","bucket":"189","time":1574785857071,"group":{"id":"settings","version":"4"},"event":{"state":true,"data":{"component":"UpdatesConfigurable","created":1574785857072,"name":"checkNeeded","type":"bool","value":false},"id":"not.default"}}
{"recorder_version":"21","session":"4758e7eb46d0","build":"192.6262.58","bucket":"189","time":1574785857071,"group":{"id":"settings","version":"4"},"event":{"state":true,"data":{"component":"UpdatesConfigurable","created":1574785857073},"id":"invoked"}}
{"recorder_version":"21","session":"4758e7eb46d0","build":"192.6262.58","bucket":"189","time":1574785857180,"group":{"id":"settings","version":"4"},"event":{"state":true,"data":{"component":"GeneralSettings","created":1574785857180,"name":"confirmExit","type":"bool","value":false},"id":"not.default"}}
{"recorder_version":"21","session":"4758e7eb46d0","build":"192.6262.58","bucket":"189","time":1574785857180,"group":{"id":"settings","version":"4"},"event":{"state":true,"data":{"component":"GeneralSettings","created":1574785857184,"name":"showTipsOnStartup","type":"bool","value":false},"id":"not.default"}}
{"recorder_version":"21","session":"4758e7eb46d0","build":"192.6262.58","bucket":"189","time":1574785857180,"group":{"id":"settings","version":"4"},"event":{"state":true,"data":{"component":"GeneralSettings","created":1574785857186},"id":"invoked"}}
{"recorder_version":"21","session":"4758e7eb46d0","build":"192.6262.58","bucket":"189","time":1574785857187,"group":{"id":"lifecycle","version":"21"},"event":{"count":1,"data":{"internal":true,"eap":false,"created":1574785857188},"id":"ide.start"}}
{"recorder_version":"21","session":"4758e7eb46d0","build":"192.6262.58","bucket":"189","time":1574785857452,"group":{"id":"lifecycle","version":"21"},"event":{"count":1,"data":{"created":1574785857452},"id":"frame.activated"}}
{"recorder_version":"21","session":"4758e7eb46d0","build":"192.6262.58","bucket":"189","time":1574785857750,"group":{"id":"performance","version":"21"},"event":{"count":1,"data":{"duration_ms":1,"created":1574785857750},"id":"ui.latency"}}
{"recorder_version":"21","session":"4758e7eb46d0","build":"192.6262.58","bucket":"189","time":1574785857906,"group":{"id":"ui.dialogs","version":"21"},"event":{"count":1,"data":{"created":1574785857906,"plugin_type":"PLATFORM","type":"show"},"id":"com.intellij.openapi.progress.util.ProgressDialog$MyDialogWrapper"}}
{"recorder_version":"21","session":"4758e7eb46d0","build":"192.6262.58","bucket":"189","time":1574785858845,"group":{"id":"lifecycle","version":"21"},"event":{"count":1,"data":{"created":1574785858845,"project":"92ddc83aceaa9edad1485397ccc1680a8fd16623aa2c155379eac4aafdb2a559"},"id":"project.opened"}}
{"recorder_version":"21","session":"4758e7eb46d0","build":"192.6262.58","bucket":"189","time":1574785860354,"group":{"id":"settings","version":"4"},"event":{"state":true,"data":{"component":"XmlEditorOptions","created":1574785860354},"id":"invoked"}}
{"recorder_version":"21","session":"4758e7eb46d0","build":"192.6262.58","bucket":"189","time":1574785860449,"group":{"id":"performance","version":"21"},"event":{"count":1,"data":{"duration_ms":690,"created":1574785860449},"id":"ui.lagging"}}
{"recorder_version":"21","session":"4758e7eb46d0","build":"192.6262.58","bucket":"189","time":1574785860571,"group":{"id":"toolwindow","version":"21"},"event":{"count":1,"data":{"os":"Mac","created":1574785860571,"plugin_type":"PLATFORM"},"id":"Project"}}
{"recorder_version":"21","session":"4758e7eb46d0","build":"192.6262.58","bucket":"189","time":1574785860919,"group":{"id":"performance","version":"21"},"event":{"count":1,"data":{"duration_ms":156,"created":1574785860919},"id":"ui.lagging"}}
{"recorder_version":"21","session":"4758e7eb46d0","build":"192.6262.58","bucket":"189","time":1574785862559,"group":{"id":"kotlin.jps.target","version":"1"},"event":{"count":1,"data":{"plugin_version":"1.3.41-release-IJ2019.2-1","created":1574785862559},"id":"jvm"}}
{"recorder_version":"21","session":"4758e7eb46d0","build":"192.6262.58","bucket":"189","time":1574785862599,"group":{"id":"project.fs","version":"1"},"event":{"state":true,"data":{"os":"Mac","cs-project":false,"created":1574785862599,"project":"92ddc83aceaa9edad1485397ccc1680a8fd16623aa2c155379eac4aafdb2a559","cs-implicit":true,"cs-system":false},"id":"case-sensitivity"}}
{"recorder_version":"21","session":"4758e7eb46d0","build":"192.6262.58","bucket":"189","time":1574785862600,"group":{"id":"project.fs","version":"1"},"event":{"state":true,"data":{"created":1574785862600},"id":"invoked"}}
{"recorder_version":"21","session":"4758e7eb46d0","build":"192.6262.58","bucket":"189","time":1574785862601,"group":{"id":"project.fs","version":"1"},"event":{"state":true,"data":{"pct-non-watched":0,"created":1574785862601,"project":"92ddc83aceaa9edad1485397ccc1680a8fd16623aa2c155379eac4aafdb2a559"},"id":"roots-watched"}}
{"recorder_version":"21","session":"4758e7eb46d0","build":"192.6262.58","bucket":"189","time":1574785862601,"group":{"id":"project.fs","version":"1"},"event":{"state":true,"data":{"created":1574785862601},"id":"invoked"}}
{"recorder_version":"21","session":"4758e7eb46d0","build":"192.6262.58","bucket":"189","time":1574785862681,"group":{"id":"ui.dialogs","version":"21"},"event":{"count":1,"data":{"code":1,"created":1574785862681,"plugin_type":"PLATFORM","type":"close"},"id":"com.intellij.openapi.progress.util.ProgressDialog$MyDialogWrapper"}}
{"recorder_version":"21","session":"4758e7eb46d0","build":"192.6262.58","bucket":"189","time":1574785862792,"group":{"id":"lifecycle","version":"21"},"event":{"count":1,"data":{"duration_ms":5142,"created":1574785862792,"project":"92ddc83aceaa9edad1485397ccc1680a8fd16623aa2c155379eac4aafdb2a559"},"id":"project.opening.finished"}}
{"recorder_version":"21","session":"4758e7eb46d0","build":"192.6262.58","bucket":"189","time":1574785869655,"group":{"id":"file.types.usage","version":"21"},"event":{"count":1,"data":{"created":1574785869655,"plugin_type":"PLATFORM","project":"92ddc83aceaa9edad1485397ccc1680a8fd16623aa2c155379eac4aafdb2a559","type":"edit"},"id":"IDEA_MODULE"}}
{"recorder_version":"21","session":"4758e7eb46d0","build":"192.6262.58","bucket":"189","time":1574785871194,"group":{"id":"actions","version":"21"},"event":{"count":2,"data":{"context_menu":false,"last":1574785871732,"current_file":"TEXT","created":1574785871195,"plugin_type":"PLATFORM","project":"92ddc83aceaa9edad1485397ccc1680a8fd16623aa2c155379eac4aafdb2a559","place":"keyboard_shortcut","class":"com.intellij.openapi.editor.actions.BackspaceAction","input_event":"Backspace"},"id":"EditorBackSpace"}}
{"recorder_version":"21","session":"4758e7eb46d0","build":"192.6262.58","bucket":"189","time":1574785872056,"group":{"id":"actions","version":"21"},"event":{"count":4,"data":{"context_menu":false,"last":1574785872971,"current_file":"TEXT","created":1574785872056,"plugin_type":"PLATFORM","project":"92ddc83aceaa9edad1485397ccc1680a8fd16623aa2c155379eac4aafdb2a559","place":"keyboard_shortcut","class":"com.intellij.openapi.editor.actions.EnterAction","input_event":"Enter"},"id":"EditorEnter"}}
{"recorder_version":"21","session":"4758e7eb46d0","build":"192.6262.58","bucket":"189","time":1574785873395,"group":{"id":"actions","version":"21"},"event":{"count":2,"data":{"context_menu":false,"last":1574785873635,"current_file":"TEXT","created":1574785873395,"plugin_type":"PLATFORM","project":"92ddc83aceaa9edad1485397ccc1680a8fd16623aa2c155379eac4aafdb2a559","place":"keyboard_shortcut","class":"com.intellij.openapi.editor.actions.BackspaceAction","input_event":"Backspace"},"id":"EditorBackSpace"}}
{"recorder_version":"21","session":"4758e7eb46d0","build":"192.6262.58","bucket":"189","time":1574785876051,"group":{"id":"lifecycle","version":"21"},"event":{"count":2,"data":{"last":1574785877145,"created":1574785876051,"plugin_type":"NOT_LISTED","error":"java.lang.ClassCastException"},"id":"ide.error"}}
{"recorder_version":"21","session":"4758e7eb46d0","build":"192.6262.58","bucket":"189","time":1574785877396,"group":{"id":"actions","version":"21"},"event":{"count":1,"data":{"context_menu":false,"current_file":"TEXT","created":1574785877396,"plugin_type":"PLATFORM","project":"92ddc83aceaa9edad1485397ccc1680a8fd16623aa2c155379eac4aafdb2a559","place":"keyboard_shortcut","class":"com.intellij.openapi.editor.actions.EnterAction","input_event":"Enter"},"id":"EditorEnter"}}
{"recorder_version":"21","session":"4758e7eb46d0","build":"192.6262.58","bucket":"189","time":1574785877524,"group":{"id":"lifecycle","version":"21"},"event":{"count":1,"data":{"created":1574785877524,"plugin_type":"NOT_LISTED","error":"java.lang.ClassCastException"},"id":"ide.error"}}
{"recorder_version":"21","session":"4758e7eb46d0","build":"192.6262.58","bucket":"189","time":1574785877803,"group":{"id":"actions","version":"21"},"event":{"count":1,"data":{"context_menu":false,"current_file":"TEXT","created":1574785877803,"plugin_type":"PLATFORM","project":"92ddc83aceaa9edad1485397ccc1680a8fd16623aa2c155379eac4aafdb2a559","place":"keyboard_shortcut","class":"com.intellij.openapi.editor.actions.EnterAction","input_event":"Enter"},"id":"EditorEnter"}}
{"recorder_version":"21","session":"4758e7eb46d0","build":"192.6262.58","bucket":"189","time":1574785877955,"group":{"id":"lifecycle","version":"21"},"event":{"count":1,"data":{"created":1574785877955,"plugin_type":"NOT_LISTED","error":"java.lang.ClassCastException"},"id":"ide.error"}}
{"recorder_version":"21","session":"4758e7eb46d0","build":"192.6262.58","bucket":"189","time":1574785878067,"group":{"id":"actions","version":"21"},"event":{"count":1,"data":{"context_menu":false,"current_file":"TEXT","created":1574785878067,"plugin_type":"PLATFORM","project":"92ddc83aceaa9edad1485397ccc1680a8fd16623aa2c155379eac4aafdb2a559","place":"keyboard_shortcut","class":"com.intellij.openapi.editor.actions.EnterAction","input_event":"Enter"},"id":"EditorEnter"}}
{"recorder_version":"21","session":"4758e7eb46d0","build":"192.6262.58","bucket":"189","time":1574785878229,"group":{"id":"lifecycle","version":"21"},"event":{"count":1,"data":{"created":1574785878229,"plugin_type":"NOT_LISTED","error":"java.lang.ClassCastException"},"id":"ide.error"}}
{"recorder_version":"21","session":"4758e7eb46d0","build":"192.6262.58","bucket":"189","time":1574785878548,"group":{"id":"actions","version":"21"},"event":{"count":1,"data":{"context_menu":false,"current_file":"TEXT","created":1574785878548,"plugin_type":"PLATFORM","project":"92ddc83aceaa9edad1485397ccc1680a8fd16623aa2c155379eac4aafdb2a559","place":"keyboard_shortcut","class":"com.intellij.openapi.editor.actions.BackspaceAction","input_event":"Backspace"},"id":"EditorBackSpace"}}
{"recorder_version":"21","session":"4758e7eb46d0","build":"192.6262.58","bucket":"189","time":1574785878669,"group":{"id":"lifecycle","version":"21"},"event":{"count":1,"data":{"created":1574785878669,"plugin_type":"NOT_LISTED","error":"java.lang.ClassCastException"},"id":"ide.error"}}
{"recorder_version":"21","session":"4758e7eb46d0","build":"192.6262.58","bucket":"189","time":1574785878777,"group":{"id":"actions","version":"21"},"event":{"count":1,"data":{"context_menu":false,"current_file":"TEXT","created":1574785878777,"plugin_type":"PLATFORM","project":"92ddc83aceaa9edad1485397ccc1680a8fd16623aa2c155379eac4aafdb2a559","place":"keyboard_shortcut","class":"com.intellij.openapi.editor.actions.BackspaceAction","input_event":"Backspace"},"id":"EditorBackSpace"}}
{"recorder_version":"21","session":"4758e7eb46d0","build":"192.6262.58","bucket":"189","time":1574785878866,"group":{"id":"lifecycle","version":"21"},"event":{"count":1,"data":{"created":1574785878867,"plugin_type":"NOT_LISTED","error":"java.lang.ClassCastException"},"id":"ide.error"}}
{"recorder_version":"21","session":"4758e7eb46d0","build":"192.6262.58","bucket":"189","time":1574785878972,"group":{"id":"actions","version":"21"},"event":{"count":1,"data":{"context_menu":false,"current_file":"TEXT","created":1574785878972,"plugin_type":"PLATFORM","project":"92ddc83aceaa9edad1485397ccc1680a8fd16623aa2c155379eac4aafdb2a559","place":"keyboard_shortcut","class":"com.intellij.openapi.editor.actions.BackspaceAction","input_event":"Backspace"},"id":"EditorBackSpace"}}
{"recorder_version":"21","session":"4758e7eb46d0","build":"192.6262.58","bucket":"189","time":1574785879051,"group":{"id":"lifecycle","version":"21"},"event":{"count":1,"data":{"created":1574785879052,"plugin_type":"NOT_LISTED","error":"java.lang.ClassCastException"},"id":"ide.error"}}
{"recorder_version":"21","session":"4758e7eb46d0","build":"192.6262.58","bucket":"189","time":1574785879172,"group":{"id":"actions","version":"21"},"event":{"count":1,"data":{"context_menu":false,"current_file":"TEXT","created":1574785879172,"plugin_type":"PLATFORM","project":"92ddc83aceaa9edad1485397ccc1680a8fd16623aa2c155379eac4aafdb2a559","place":"keyboard_shortcut","class":"com.intellij.openapi.editor.actions.BackspaceAction","input_event":"Backspace"},"id":"EditorBackSpace"}}
{"recorder_version":"21","session":"4758e7eb46d0","build":"192.6262.58","bucket":"189","time":1574785879275,"group":{"id":"lifecycle","version":"21"},"event":{"count":1,"data":{"created":1574785879275,"plugin_type":"NOT_LISTED","error":"java.lang.ClassCastException"},"id":"ide.error"}}
{"recorder_version":"21","session":"4758e7eb46d0","build":"192.6262.58","bucket":"189","time":1574785879636,"group":{"id":"actions","version":"21"},"event":{"count":1,"data":{"context_menu":false,"current_file":"TEXT","created":1574785879636,"plugin_type":"PLATFORM","project":"92ddc83aceaa9edad1485397ccc1680a8fd16623aa2c155379eac4aafdb2a559","place":"keyboard_shortcut","class":"com.intellij.openapi.editor.actions.BackspaceAction","input_event":"Backspace"},"id":"EditorBackSpace"}}
{"recorder_version":"21","session":"4758e7eb46d0","build":"192.6262.58","bucket":"189","time":1574785879765,"group":{"id":"lifecycle","version":"21"},"event":{"count":1,"data":{"created":1574785879765,"plugin_type":"NOT_LISTED","error":"java.lang.ClassCastException"},"id":"ide.error"}}
{"recorder_version":"21","session":"4758e7eb46d0","build":"192.6262.58","bucket":"189","time":1574785879893,"group":{"id":"actions","version":"21"},"event":{"count":1,"data":{"context_menu":false,"current_file":"TEXT","created":1574785879893,"plugin_type":"PLATFORM","project":"92ddc83aceaa9edad1485397ccc1680a8fd16623aa2c155379eac4aafdb2a559","place":"keyboard_shortcut","class":"com.intellij.openapi.editor.actions.BackspaceAction","input_event":"Backspace"},"id":"EditorBackSpace"}}
{"recorder_version":"21","session":"4758e7eb46d0","build":"192.6262.58","bucket":"189","time":1574785880012,"group":{"id":"lifecycle","version":"21"},"event":{"count":1,"data":{"created":1574785880012,"plugin_type":"NOT_LISTED","error":"java.lang.ClassCastException"},"id":"ide.error"}}
{"recorder_version":"21","session":"4758e7eb46d0","build":"192.6262.58","bucket":"189","time":1574785880196,"group":{"id":"actions","version":"21"},"event":{"count":1,"data":{"context_menu":false,"current_file":"TEXT","created":1574785880196,"plugin_type":"PLATFORM","project":"92ddc83aceaa9edad1485397ccc1680a8fd16623aa2c155379eac4aafdb2a559","place":"keyboard_shortcut","class":"com.intellij.openapi.editor.actions.BackspaceAction","input_event":"Backspace"},"id":"EditorBackSpace"}}
{"recorder_version":"21","session":"4758e7eb46d0","build":"192.6262.58","bucket":"189","time":1574785880285,"group":{"id":"lifecycle","version":"21"},"event":{"count":1,"data":{"created":1574785880285,"plugin_type":"NOT_LISTED","error":"java.lang.ClassCastException"},"id":"ide.error"}}
{"recorder_version":"21","session":"4758e7eb46d0","build":"192.6262.58","bucket":"189","time":1574785880396,"group":{"id":"actions","version":"21"},"event":{"count":1,"data":{"context_menu":false,"current_file":"TEXT","created":1574785880396,"plugin_type":"PLATFORM","project":"92ddc83aceaa9edad1485397ccc1680a8fd16623aa2c155379eac4aafdb2a559","place":"keyboard_shortcut","class":"com.intellij.openapi.editor.actions.BackspaceAction","input_event":"Backspace"},"id":"EditorBackSpace"}}
{"recorder_version":"21","session":"4758e7eb46d0","build":"192.6262.58","bucket":"189","time":1574785880492,"group":{"id":"lifecycle","version":"21"},"event":{"count":1,"data":{"created":1574785880493,"plugin_type":"NOT_LISTED","error":"java.lang.ClassCastException"},"id":"ide.error"}}
{"recorder_version":"21","session":"4758e7eb46d0","build":"192.6262.58","bucket":"189","time":1574785880700,"group":{"id":"actions","version":"21"},"event":{"count":1,"data":{"context_menu":false,"current_file":"TEXT","created":1574785880700,"plugin_type":"PLATFORM","project":"92ddc83aceaa9edad1485397ccc1680a8fd16623aa2c155379eac4aafdb2a559","place":"keyboard_shortcut","class":"com.intellij.openapi.editor.actions.BackspaceAction","input_event":"Backspace"},"id":"EditorBackSpace"}}
{"recorder_version":"21","session":"4758e7eb46d0","build":"192.6262.58","bucket":"189","time":1574785880804,"group":{"id":"lifecycle","version":"21"},"event":{"count":1,"data":{"created":1574785880805,"plugin_type":"NOT_LISTED","error":"java.lang.ClassCastException"},"id":"ide.error"}}
{"recorder_version":"21","session":"4758e7eb46d0","build":"192.6262.58","bucket":"189","time":1574785880928,"group":{"id":"actions","version":"21"},"event":{"count":1,"data":{"context_menu":false,"current_file":"TEXT","created":1574785880928,"plugin_type":"PLATFORM","project":"92ddc83aceaa9edad1485397ccc1680a8fd16623aa2c155379eac4aafdb2a559","place":"keyboard_shortcut","class":"com.intellij.openapi.editor.actions.BackspaceAction","input_event":"Backspace"},"id":"EditorBackSpace"}}
{"recorder_version":"21","session":"4758e7eb46d0","build":"192.6262.58","bucket":"189","time":1574785881020,"group":{"id":"lifecycle","version":"21"},"event":{"count":1,"data":{"created":1574785881020,"plugin_type":"NOT_LISTED","error":"java.lang.ClassCastException"},"id":"ide.error"}}
{"recorder_version":"21","session":"4758e7eb46d0","build":"192.6262.58","bucket":"189","time":1574785881115,"group":{"id":"actions","version":"21"},"event":{"count":1,"data":{"context_menu":false,"current_file":"TEXT","created":1574785881116,"plugin_type":"PLATFORM","project":"92ddc83aceaa9edad1485397ccc1680a8fd16623aa2c155379eac4aafdb2a559","place":"keyboard_shortcut","class":"com.intellij.openapi.editor.actions.BackspaceAction","input_event":"Backspace"},"id":"EditorBackSpace"}}
{"recorder_version":"21","session":"4758e7eb46d0","build":"192.6262.58","bucket":"189","time":1574785881196,"group":{"id":"lifecycle","version":"21"},"event":{"count":1,"data":{"created":1574785881196,"plugin_type":"NOT_LISTED","error":"java.lang.ClassCastException"},"id":"ide.error"}}
{"recorder_version":"21","session":"4758e7eb46d0","build":"192.6262.58","bucket":"189","time":1574785881300,"group":{"id":"actions","version":"21"},"event":{"count":1,"data":{"context_menu":false,"current_file":"TEXT","created":1574785881300,"plugin_type":"PLATFORM","project":"92ddc83aceaa9edad1485397ccc1680a8fd16623aa2c155379eac4aafdb2a559","place":"keyboard_shortcut","class":"com.intellij.openapi.editor.actions.BackspaceAction","input_event":"Backspace"},"id":"EditorBackSpace"}}
{"recorder_version":"21","session":"4758e7eb46d0","build":"192.6262.58","bucket":"189","time":1574785881381,"group":{"id":"lifecycle","version":"21"},"event":{"count":1,"data":{"created":1574785881381,"plugin_type":"NOT_LISTED","error":"java.lang.ClassCastException"},"id":"ide.error"}}
{"recorder_version":"21","session":"4758e7eb46d0","build":"192.6262.58","bucket":"189","time":1574785881475,"group":{"id":"actions","version":"21"},"event":{"count":1,"data":{"context_menu":false,"current_file":"TEXT","created":1574785881475,"plugin_type":"PLATFORM","project":"92ddc83aceaa9edad1485397ccc1680a8fd16623aa2c155379eac4aafdb2a559","place":"keyboard_shortcut","class":"com.intellij.openapi.editor.actions.BackspaceAction","input_event":"Backspace"},"id":"EditorBackSpace"}}
{"recorder_version":"21","session":"4758e7eb46d0","build":"192.6262.58","bucket":"189","time":1574785881549,"group":{"id":"lifecycle","version":"21"},"event":{"count":1,"data":{"created":1574785881549,"plugin_type":"NOT_LISTED","error":"java.lang.ClassCastException"},"id":"ide.error"}}
{"recorder_version":"21","session":"4758e7eb46d0","build":"192.6262.58","bucket":"189","time":1574785881635,"group":{"id":"actions","version":"21"},"event":{"count":1,"data":{"context_menu":false,"current_file":"TEXT","created":1574785881636,"plugin_type":"PLATFORM","project":"92ddc83aceaa9edad1485397ccc1680a8fd16623aa2c155379eac4aafdb2a559","place":"keyboard_shortcut","class":"com.intellij.openapi.editor.actions.BackspaceAction","input_event":"Backspace"},"id":"EditorBackSpace"}}
{"recorder_version":"21","session":"4758e7eb46d0","build":"192.6262.58","bucket":"189","time":1574785881716,"group":{"id":"lifecycle","version":"21"},"event":{"count":1,"data":{"created":1574785881717,"plugin_type":"NOT_LISTED","error":"java.lang.ClassCastException"},"id":"ide.error"}}
{"recorder_version":"21","session":"4758e7eb46d0","build":"192.6262.58","bucket":"189","time":1574785883882,"group":{"id":"lifecycle","version":"21"},"event":{"count":1,"data":{"created":1574785883883,"project":"92ddc83aceaa9edad1485397ccc1680a8fd16623aa2c155379eac4aafdb2a559"},"id":"frame.deactivated"}}
{"recorder_version":"21","session":"4758e7eb46d0","build":"192.6262.58","bucket":"189","time":1574785958059,"group":{"id":"performance","version":"21"},"event":{"count":1,"data":{"duration_ms":0,"created":1574785958059},"id":"ui.latency"}}
{"recorder_version":"21","session":"4758e7eb46d0","build":"192.6262.58","bucket":"189","time":1574786058343,"group":{"id":"performance","version":"21"},"event":{"count":1,"data":{"duration_ms":0,"created":1574786058344},"id":"ui.latency"}}
{"recorder_version":"21","session":"4758e7eb46d0","build":"192.6262.58","bucket":"189","time":1574786157175,"group":{"id":"build.tools.actions","version":"1"},"event":{"count":1,"data":{"created":1574786157175},"id":"registered"}}
{"recorder_version":"21","session":"4758e7eb46d0","build":"192.6262.58","bucket":"189","time":1574786157175,"group":{"id":"file.types.usage","version":"21"},"event":{"count":1,"data":{"created":1574786157178},"id":"registered"}}
{"recorder_version":"21","session":"4758e7eb46d0","build":"192.6262.58","bucket":"189","time":1574786157175,"group":{"id":"ide.script.engine","version":"1"},"event":{"count":1,"data":{"created":1574786157179},"id":"registered"}}
{"recorder_version":"21","session":"4758e7eb46d0","build":"192.6262.58","bucket":"189","time":1574786157175,"group":{"id":"actions.runAnything","version":"1"},"event":{"count":1,"data":{"created":1574786157180},"id":"registered"}}
{"recorder_version":"21","session":"4758e7eb46d0","build":"192.6262.58","bucket":"189","time":1574786157175,"group":{"id":"toolwindow","version":"21"},"event":{"count":1,"data":{"created":1574786157180},"id":"registered"}}
{"recorder_version":"21","session":"4758e7eb46d0","build":"192.6262.58","bucket":"189","time":1574786157175,"group":{"id":"kotlin.ide.newFileTempl","version":"1"},"event":{"count":1,"data":{"created":1574786157181},"id":"registered"}}
{"recorder_version":"21","session":"4758e7eb46d0","build":"192.6262.58","bucket":"189","time":1574786157175,"group":{"id":"live.templates","version":"21"},"event":{"count":1,"data":{"created":1574786157181},"id":"registered"}}
{"recorder_version":"21","session":"4758e7eb46d0","build":"192.6262.58","bucket":"189","time":1574786157175,"group":{"id":"ide.self.update","version":"2"},"event":{"count":1,"data":{"created":1574786157181},"id":"registered"}}
{"recorder_version":"21","session":"4758e7eb46d0","build":"192.6262.58","bucket":"189","time":1574786157175,"group":{"id":"ui.settings","version":"21"},"event":{"count":1,"data":{"created":1574786157181},"id":"registered"}}
{"recorder_version":"21","session":"4758e7eb46d0","build":"192.6262.58","bucket":"189","time":1574786157175,"group":{"id":"lifecycle","version":"21"},"event":{"count":1,"data":{"created":1574786157182},"id":"registered"}}
{"recorder_version":"21","session":"4758e7eb46d0","build":"192.6262.58","bucket":"189","time":1574786157175,"group":{"id":"vcs.diff.trigger","version":"1"},"event":{"count":1,"data":{"created":1574786157182},"id":"registered"}}
{"recorder_version":"21","session":"4758e7eb46d0","build":"192.6262.58","bucket":"189","time":1574786157175,"group":{"id":"vcs.log.trigger","version":"2"},"event":{"count":1,"data":{"created":1574786157182},"id":"registered"}}
{"recorder_version":"21","session":"4758e7eb46d0","build":"192.6262.58","bucket":"189","time":1574786157175,"group":{"id":"productivity","version":"21"},"event":{"count":1,"data":{"created":1574786157182},"id":"registered"}}
{"recorder_version":"21","session":"4758e7eb46d0","build":"192.6262.58","bucket":"189","time":1574786157175,"group":{"id":"debugger.breakpoints.usage","version":"2"},"event":{"count":1,"data":{"created":1574786157183},"id":"registered"}}
{"recorder_version":"21","session":"4758e7eb46d0","build":"192.6262.58","bucket":"189","time":1574786157175,"group":{"id":"kotlin.gradle.library","version":"1"},"event":{"count":1,"data":{"created":1574786157183},"id":"registered"}}
{"recorder_version":"21","session":"4758e7eb46d0","build":"192.6262.58","bucket":"189","time":1574786157175,"group":{"id":"find","version":"1"},"event":{"count":1,"data":{"created":1574786157183},"id":"registered"}}
{"recorder_version":"21","session":"4758e7eb46d0","build":"192.6262.58","bucket":"189","time":1574786157175,"group":{"id":"kotlin.gradle.target","version":"1"},"event":{"count":1,"data":{"created":1574786157183},"id":"registered"}}
{"recorder_version":"21","session":"4758e7eb46d0","build":"192.6262.58","bucket":"189","time":1574786157175,"group":{"id":"gutter.icon.click","version":"1"},"event":{"count":1,"data":{"created":1574786157183},"id":"registered"}}
{"recorder_version":"21","session":"4758e7eb46d0","build":"192.6262.58","bucket":"189","time":1574786157175,"group":{"id":"shell.script","version":"1"},"event":{"count":1,"data":{"created":1574786157183},"id":"registered"}}
{"recorder_version":"21","session":"4758e7eb46d0","build":"192.6262.58","bucket":"189","time":1574786157175,"group":{"id":"kotlin.ide.debugger.eval","version":"1"},"event":{"count":1,"data":{"created":1574786157183},"id":"registered"}}
{"recorder_version":"21","session":"4758e7eb46d0","build":"192.6262.58","bucket":"189","time":1574786157175,"group":{"id":"build.maven.actions","version":"1"},"event":{"count":1,"data":{"created":1574786157184},"id":"registered"}}
{"recorder_version":"21","session":"4758e7eb46d0","build":"192.6262.58","bucket":"189","time":1574786157175,"group":{"id":"ui.event","version":"1"},"event":{"count":1,"data":{"created":1574786157184},"id":"registered"}}
{"recorder_version":"21","session":"4758e7eb46d0","build":"192.6262.58","bucket":"189","time":1574786157175,"group":{"id":"new.project.wizard","version":"1"},"event":{"count":1,"data":{"created":1574786157184},"id":"registered"}}
{"recorder_version":"21","session":"4758e7eb46d0","build":"192.6262.58","bucket":"189","time":1574786157175,"group":{"id":"kotlin.ide.npwizards","version":"1"},"event":{"count":1,"data":{"created":1574786157184},"id":"registered"}}
{"recorder_version":"21","session":"4758e7eb46d0","build":"192.6262.58","bucket":"189","time":1574786157175,"group":{"id":"intentions","version":"21"},"event":{"count":1,"data":{"created":1574786157184},"id":"registered"}}
{"recorder_version":"21","session":"4758e7eb46d0","build":"192.6262.58","bucket":"189","time":1574786157175,"group":{"id":"ui.dialogs","version":"21"},"event":{"count":1,"data":{"created":1574786157184},"id":"registered"}}
{"recorder_version":"21","session":"4758e7eb46d0","build":"192.6262.58","bucket":"189","time":1574786157175,"group":{"id":"vcs.back.forward.trigger","version":"1"},"event":{"count":1,"data":{"created":1574786157184},"id":"registered"}}
{"recorder_version":"21","session":"4758e7eb46d0","build":"192.6262.58","bucket":"189","time":1574786157175,"group":{"id":"vcs.change.reminder","version":"1"},"event":{"count":1,"data":{"created":1574786157184},"id":"registered"}}
{"recorder_version":"21","session":"4758e7eb46d0","build":"192.6262.58","bucket":"189","time":1574786157175,"group":{"id":"toolbar","version":"21"},"event":{"count":1,"data":{"created":1574786157185},"id":"registered"}}
{"recorder_version":"21","session":"4758e7eb46d0","build":"192.6262.58","bucket":"189","time":1574786157175,"group":{"id":"build.gradle.actions","version":"1"},"event":{"count":1,"data":{"created":1574786157185},"id":"registered"}}
{"recorder_version":"21","session":"4758e7eb46d0","build":"192.6262.58","bucket":"189","time":1574786157175,"group":{"id":"kotlin.maven.target","version":"1"},"event":{"count":1,"data":{"created":1574786157185},"id":"registered"}}
{"recorder_version":"21","session":"4758e7eb46d0","build":"192.6262.58","bucket":"189","time":1574786157175,"group":{"id":"performance","version":"21"},"event":{"count":1,"data":{"created":1574786157185},"id":"registered"}}
{"recorder_version":"21","session":"4758e7eb46d0","build":"192.6262.58","bucket":"189","time":1574786157175,"group":{"id":"searchEverywhere","version":"1"},"event":{"count":1,"data":{"created":1574786157185},"id":"registered"}}
{"recorder_version":"21","session":"4758e7eb46d0","build":"192.6262.58","bucket":"189","time":1574786157175,"group":{"id":"kotlin.ide.action.refactoring","version":"1"},"event":{"count":1,"data":{"created":1574786157185},"id":"registered"}}
{"recorder_version":"21","session":"4758e7eb46d0","build":"192.6262.58","bucket":"189","time":1574786157175,"group":{"id":"ui.tips","version":"2"},"event":{"count":1,"data":{"created":1574786157185},"id":"registered"}}
{"recorder_version":"21","session":"4758e7eb46d0","build":"192.6262.58","bucket":"189","time":1574786157175,"group":{"id":"surround.with","version":"1"},"event":{"count":1,"data":{"created":1574786157185},"id":"registered"}}
{"recorder_version":"21","session":"4758e7eb46d0","build":"192.6262.58","bucket":"189","time":1574786157175,"group":{"id":"import.old.config","version":"1"},"event":{"count":1,"data":{"created":1574786157185},"id":"registered"}}
{"recorder_version":"21","session":"4758e7eb46d0","build":"192.6262.58","bucket":"189","time":1574786157175,"group":{"id":"json.schema","version":"1"},"event":{"count":1,"data":{"created":1574786157185},"id":"registered"}}
{"recorder_version":"21","session":"4758e7eb46d0","build":"192.6262.58","bucket":"189","time":1574786157175,"group":{"id":"kotlin.jps.target","version":"1"},"event":{"count":1,"data":{"created":1574786157185},"id":"registered"}}
{"recorder_version":"21","session":"4758e7eb46d0","build":"192.6262.58","bucket":"189","time":1574786157176,"group":{"id":"terminalShell","version":"1"},"event":{"count":1,"data":{"created":1574786157186},"id":"registered"}}
{"recorder_version":"21","session":"4758e7eb46d0","build":"192.6262.58","bucket":"189","time":1574786157176,"group":{"id":"completion.postfix","version":"21"},"event":{"count":1,"data":{"created":1574786157186},"id":"registered"}}
{"recorder_version":"21","session":"4758e7eb46d0","build":"192.6262.58","bucket":"189","time":1574786157176,"group":{"id":"build.ant.actions","version":"1"},"event":{"count":1,"data":{"created":1574786157186},"id":"registered"}}
{"recorder_version":"21","session":"4758e7eb46d0","build":"192.6262.58","bucket":"189","time":1574786157176,"group":{"id":"actions","version":"21"},"event":{"count":1,"data":{"created":1574786157186},"id":"registered"}}
{"recorder_version":"21","session":"4758e7eb46d0","build":"192.6262.58","bucket":"189","time":1574786157176,"group":{"id":"event.log","version":"21"},"event":{"count":1,"data":{"created":1574786157186},"id":"registered"}}
{"recorder_version":"21","session":"4758e7eb46d0","build":"192.6262.58","bucket":"189","time":1574786157176,"group":{"id":"run.configuration.exec","version":"21"},"event":{"count":1,"data":{"created":1574786157186},"id":"registered"}}
{"recorder_version":"21","session":"4758e7eb46d0","build":"192.6262.58","bucket":"189","time":1574786157176,"group":{"id":"build.maven.packagesearch","version":"2"},"event":{"count":1,"data":{"created":1574786157186},"id":"registered"}}
{"recorder_version":"21","session":"4758e7eb46d0","build":"192.6262.58","bucket":"189","time":1574786158621,"group":{"id":"performance","version":"21"},"event":{"count":1,"data":{"duration_ms":0,"created":1574786158621},"id":"ui.latency"}}
{"recorder_version":"21","session":"4758e7eb46d0","build":"192.6262.58","bucket":"189","time":1574786173906,"group":{"id":"lifecycle","version":"21"},"event":{"count":1,"data":{"created":1574786173907,"project":"92ddc83aceaa9edad1485397ccc1680a8fd16623aa2c155379eac4aafdb2a559"},"id":"frame.activated"}}
{"recorder_version":"21","session":"4758e7eb46d0","build":"192.6262.58","bucket":"189","time":1574786174390,"group":{"id":"lifecycle","version":"21"},"event":{"count":1,"data":{"restart":false,"created":1574786174390},"id":"ide.close"}}
{"recorder_version":"21","session":"4758e7eb46d0","build":"192.6262.58","bucket":"189","time":1574786174467,"group":{"id":"lifecycle","version":"21"},"event":{"count":1,"data":{"created":1574786174468,"project":"92ddc83aceaa9edad1485397ccc1680a8fd16623aa2c155379eac4aafdb2a559"},"id":"project.closed"}}
