{"recorder_version":"21","session":"11e64382086b","build":"192.6262.58","bucket":"189","time":1574432722298,"group":{"id":"settings","version":"4"},"event":{"state":true,"data":{"component":"NotRoamableUiSettings","created":1574432722452},"id":"invoked"}}
{"recorder_version":"21","session":"11e64382086b","build":"192.6262.58","bucket":"189","time":1574432722300,"group":{"id":"system.java","version":"1"},"event":{"state":true,"data":{"created":1574432722457,"version":"1.11"},"id":"JetBrains"}}
{"recorder_version":"21","session":"11e64382086b","build":"192.6262.58","bucket":"189","time":1574432722300,"group":{"id":"system.java","version":"1"},"event":{"state":true,"data":{"created":1574432722466},"id":"invoked"}}
{"recorder_version":"21","session":"11e64382086b","build":"192.6262.58","bucket":"189","time":1574432722300,"group":{"id":"settings","version":"4"},"event":{"state":true,"data":{"component":"UISettings","created":1574432722467},"id":"invoked"}}
{"recorder_version":"21","session":"11e64382086b","build":"192.6262.58","bucket":"189","time":1574432722323,"group":{"id":"system.os","version":"3"},"event":{"state":true,"data":{"created":1574432722467,"version":"10.14"},"id":"Mac"}}
{"recorder_version":"21","session":"11e64382086b","build":"192.6262.58","bucket":"189","time":1574432722323,"group":{"id":"system.os","version":"3"},"event":{"state":true,"data":{"created":1574432722468,"name":"Mac","version":"10.14"},"id":"os.name"}}
{"recorder_version":"21","session":"11e64382086b","build":"192.6262.58","bucket":"189","time":1574432722323,"group":{"id":"system.os","version":"3"},"event":{"state":true,"data":{"created":1574432722469,"value":"+09_00"},"id":"os.timezone"}}
{"recorder_version":"21","session":"11e64382086b","build":"192.6262.58","bucket":"189","time":1574432722323,"group":{"id":"system.os","version":"3"},"event":{"state":true,"data":{"created":1574432722470},"id":"invoked"}}
{"recorder_version":"21","session":"11e64382086b","build":"192.6262.58","bucket":"189","time":1574432722452,"group":{"id":"event.log","version":"21"},"event":{"count":1,"data":{"created":1574432722471,"version":"916.0"},"id":"whitelist.loaded"}}
{"recorder_version":"21","session":"11e64382086b","build":"192.6262.58","bucket":"189","time":1574432724707,"group":{"id":"settings","version":"4"},"event":{"state":true,"data":{"component":"UpdatesConfigurable","created":1574432724708,"name":"checkNeeded","type":"bool","value":false},"id":"not.default"}}
{"recorder_version":"21","session":"11e64382086b","build":"192.6262.58","bucket":"189","time":1574432724708,"group":{"id":"settings","version":"4"},"event":{"state":true,"data":{"component":"UpdatesConfigurable","created":1574432724709},"id":"invoked"}}
{"recorder_version":"21","session":"11e64382086b","build":"192.6262.58","bucket":"189","time":1574432725223,"group":{"id":"lifecycle","version":"21"},"event":{"count":1,"data":{"internal":true,"eap":false,"created":1574432725223},"id":"ide.start"}}
{"recorder_version":"21","session":"11e64382086b","build":"192.6262.58","bucket":"189","time":1574432725225,"group":{"id":"settings","version":"4"},"event":{"state":true,"data":{"component":"GeneralSettings","created":1574432725225,"name":"confirmExit","type":"bool","value":false},"id":"not.default"}}
{"recorder_version":"21","session":"11e64382086b","build":"192.6262.58","bucket":"189","time":1574432725225,"group":{"id":"settings","version":"4"},"event":{"state":true,"data":{"component":"GeneralSettings","created":1574432725226,"name":"showTipsOnStartup","type":"bool","value":false},"id":"not.default"}}
{"recorder_version":"21","session":"11e64382086b","build":"192.6262.58","bucket":"189","time":1574432725225,"group":{"id":"settings","version":"4"},"event":{"state":true,"data":{"component":"GeneralSettings","created":1574432725227},"id":"invoked"}}
{"recorder_version":"21","session":"11e64382086b","build":"192.6262.58","bucket":"189","time":1574432725397,"group":{"id":"performance","version":"21"},"event":{"count":1,"data":{"duration_ms":49,"created":1574432725397},"id":"ui.latency"}}
{"recorder_version":"21","session":"11e64382086b","build":"192.6262.58","bucket":"189","time":1574432725868,"group":{"id":"settings","version":"4"},"event":{"state":true,"data":{"component":"XmlEditorOptions","created":1574432725868},"id":"invoked"}}
{"recorder_version":"21","session":"11e64382086b","build":"192.6262.58","bucket":"189","time":1574432728333,"group":{"id":"ui.dialogs","version":"21"},"event":{"count":1,"data":{"created":1574432728333,"plugin_type":"PLATFORM","type":"show"},"id":"com.intellij.openapi.progress.util.ProgressDialog$MyDialogWrapper"}}
{"recorder_version":"21","session":"11e64382086b","build":"192.6262.58","bucket":"189","time":1574432729219,"group":{"id":"lifecycle","version":"21"},"event":{"count":1,"data":{"created":1574432729220,"project":"a0f12fb42952fc36a102045bdbb22ad1f15aa9443e9c675024683f4da70c8bc4"},"id":"project.opened"}}
{"recorder_version":"21","session":"11e64382086b","build":"192.6262.58","bucket":"189","time":1574432729822,"group":{"id":"performance","version":"21"},"event":{"count":1,"data":{"duration_ms":467,"created":1574432729822},"id":"ui.lagging"}}
{"recorder_version":"21","session":"11e64382086b","build":"192.6262.58","bucket":"189","time":1574432730748,"group":{"id":"performance","version":"21"},"event":{"count":1,"data":{"duration_ms":388,"created":1574432730749},"id":"ui.lagging"}}
{"recorder_version":"21","session":"11e64382086b","build":"192.6262.58","bucket":"189","time":1574432730874,"group":{"id":"toolwindow","version":"21"},"event":{"count":1,"data":{"os":"Mac","created":1574432730874,"plugin_type":"PLATFORM"},"id":"Project"}}
{"recorder_version":"21","session":"11e64382086b","build":"192.6262.58","bucket":"189","time":1574432732638,"group":{"id":"project.fs","version":"1"},"event":{"state":true,"data":{"os":"Mac","cs-project":false,"created":1574432732638,"project":"a0f12fb42952fc36a102045bdbb22ad1f15aa9443e9c675024683f4da70c8bc4","cs-implicit":true,"cs-system":false},"id":"case-sensitivity"}}
{"recorder_version":"21","session":"11e64382086b","build":"192.6262.58","bucket":"189","time":1574432732638,"group":{"id":"project.fs","version":"1"},"event":{"state":true,"data":{"created":1574432732638},"id":"invoked"}}
{"recorder_version":"21","session":"11e64382086b","build":"192.6262.58","bucket":"189","time":1574432732638,"group":{"id":"project.fs","version":"1"},"event":{"state":true,"data":{"pct-non-watched":0,"created":1574432732639,"project":"a0f12fb42952fc36a102045bdbb22ad1f15aa9443e9c675024683f4da70c8bc4"},"id":"roots-watched"}}
{"recorder_version":"21","session":"11e64382086b","build":"192.6262.58","bucket":"189","time":1574432732638,"group":{"id":"project.fs","version":"1"},"event":{"state":true,"data":{"created":1574432732639},"id":"invoked"}}
{"recorder_version":"21","session":"11e64382086b","build":"192.6262.58","bucket":"189","time":1574432732671,"group":{"id":"ui.dialogs","version":"21"},"event":{"count":1,"data":{"code":1,"created":1574432732671,"plugin_type":"PLATFORM","type":"close"},"id":"com.intellij.openapi.progress.util.ProgressDialog$MyDialogWrapper"}}
{"recorder_version":"21","session":"11e64382086b","build":"192.6262.58","bucket":"189","time":1574432732798,"group":{"id":"lifecycle","version":"21"},"event":{"count":1,"data":{"duration_ms":4758,"created":1574432732798,"project":"a0f12fb42952fc36a102045bdbb22ad1f15aa9443e9c675024683f4da70c8bc4"},"id":"project.opening.finished"}}
{"recorder_version":"21","session":"11e64382086b","build":"192.6262.58","bucket":"189","time":1574432733255,"group":{"id":"kotlin.jps.target","version":"1"},"event":{"count":1,"data":{"plugin_version":"1.3.41-release-IJ2019.2-1","created":1574432733255},"id":"jvm"}}
{"recorder_version":"21","session":"11e64382086b","build":"192.6262.58","bucket":"189","time":1574432734361,"group":{"id":"file.types.usage","version":"21"},"event":{"count":1,"data":{"plugin":"com.intellij.java","created":1574432734362,"plugin_type":"JB_BUNDLED","project":"a0f12fb42952fc36a102045bdbb22ad1f15aa9443e9c675024683f4da70c8bc4","type":"edit"},"id":"JAVA"}}
{"recorder_version":"21","session":"11e64382086b","build":"192.6262.58","bucket":"189","time":1574432738679,"group":{"id":"lifecycle","version":"21"},"event":{"count":1,"data":{"created":1574432738702,"project":"a0f12fb42952fc36a102045bdbb22ad1f15aa9443e9c675024683f4da70c8bc4"},"id":"project.closed"}}
{"recorder_version":"21","session":"11e64382086b","build":"192.6262.58","bucket":"189","time":1574432740128,"group":{"id":"lifecycle","version":"21"},"event":{"count":1,"data":{"restart":false,"created":1574432740128},"id":"ide.close"}}
