{"recorder_version":"21","session":"000b61a7ce0d","build":"192.6262.58","bucket":"189","time":1574627378828,"group":{"id":"settings","version":"4"},"event":{"state":true,"data":{"component":"NotRoamableUiSettings","created":1574627378993},"id":"invoked"}}
{"recorder_version":"21","session":"000b61a7ce0d","build":"192.6262.58","bucket":"189","time":1574627378830,"group":{"id":"system.java","version":"1"},"event":{"state":true,"data":{"created":1574627378994,"version":"1.11"},"id":"JetBrains"}}
{"recorder_version":"21","session":"000b61a7ce0d","build":"192.6262.58","bucket":"189","time":1574627378831,"group":{"id":"system.java","version":"1"},"event":{"state":true,"data":{"created":1574627379002},"id":"invoked"}}
{"recorder_version":"21","session":"000b61a7ce0d","build":"192.6262.58","bucket":"189","time":1574627378831,"group":{"id":"settings","version":"4"},"event":{"state":true,"data":{"component":"UISettings","created":1574627379003},"id":"invoked"}}
{"recorder_version":"21","session":"000b61a7ce0d","build":"192.6262.58","bucket":"189","time":1574627378858,"group":{"id":"system.os","version":"3"},"event":{"state":true,"data":{"created":1574627379004,"version":"10.14"},"id":"Mac"}}
{"recorder_version":"21","session":"000b61a7ce0d","build":"192.6262.58","bucket":"189","time":1574627378858,"group":{"id":"system.os","version":"3"},"event":{"state":true,"data":{"created":1574627379005,"name":"Mac","version":"10.14"},"id":"os.name"}}
{"recorder_version":"21","session":"000b61a7ce0d","build":"192.6262.58","bucket":"189","time":1574627378858,"group":{"id":"system.os","version":"3"},"event":{"state":true,"data":{"created":1574627379006,"value":"+09_00"},"id":"os.timezone"}}
{"recorder_version":"21","session":"000b61a7ce0d","build":"192.6262.58","bucket":"189","time":1574627378858,"group":{"id":"system.os","version":"3"},"event":{"state":true,"data":{"created":1574627379007},"id":"invoked"}}
{"recorder_version":"21","session":"000b61a7ce0d","build":"192.6262.58","bucket":"189","time":1574627378992,"group":{"id":"event.log","version":"21"},"event":{"count":1,"data":{"created":1574627379007,"version":"919.0"},"id":"whitelist.loaded"}}
{"recorder_version":"21","session":"000b61a7ce0d","build":"192.6262.58","bucket":"189","time":1574627381230,"group":{"id":"settings","version":"4"},"event":{"state":true,"data":{"component":"UpdatesConfigurable","created":1574627381231,"name":"checkNeeded","type":"bool","value":false},"id":"not.default"}}
{"recorder_version":"21","session":"000b61a7ce0d","build":"192.6262.58","bucket":"189","time":1574627381230,"group":{"id":"settings","version":"4"},"event":{"state":true,"data":{"component":"UpdatesConfigurable","created":1574627381232},"id":"invoked"}}
{"recorder_version":"21","session":"000b61a7ce0d","build":"192.6262.58","bucket":"189","time":1574627381387,"group":{"id":"settings","version":"4"},"event":{"state":true,"data":{"component":"GeneralSettings","created":1574627381388,"name":"confirmExit","type":"bool","value":false},"id":"not.default"}}
{"recorder_version":"21","session":"000b61a7ce0d","build":"192.6262.58","bucket":"189","time":1574627381387,"group":{"id":"settings","version":"4"},"event":{"state":true,"data":{"component":"GeneralSettings","created":1574627381388,"name":"showTipsOnStartup","type":"bool","value":false},"id":"not.default"}}
{"recorder_version":"21","session":"000b61a7ce0d","build":"192.6262.58","bucket":"189","time":1574627381387,"group":{"id":"settings","version":"4"},"event":{"state":true,"data":{"component":"GeneralSettings","created":1574627381389},"id":"invoked"}}
{"recorder_version":"21","session":"000b61a7ce0d","build":"192.6262.58","bucket":"189","time":1574627381401,"group":{"id":"lifecycle","version":"21"},"event":{"count":1,"data":{"internal":true,"eap":false,"created":1574627381401},"id":"ide.start"}}
{"recorder_version":"21","session":"000b61a7ce0d","build":"192.6262.58","bucket":"189","time":1574627381687,"group":{"id":"lifecycle","version":"21"},"event":{"count":1,"data":{"created":1574627381687},"id":"frame.activated"}}
{"recorder_version":"21","session":"000b61a7ce0d","build":"192.6262.58","bucket":"189","time":1574627381904,"group":{"id":"performance","version":"21"},"event":{"count":1,"data":{"duration_ms":1,"created":1574627381904},"id":"ui.latency"}}
{"recorder_version":"21","session":"000b61a7ce0d","build":"192.6262.58","bucket":"189","time":1574627382165,"group":{"id":"ui.dialogs","version":"21"},"event":{"count":1,"data":{"created":1574627382165,"plugin_type":"PLATFORM","type":"show"},"id":"com.intellij.openapi.progress.util.ProgressDialog$MyDialogWrapper"}}
{"recorder_version":"21","session":"000b61a7ce0d","build":"192.6262.58","bucket":"189","time":1574627383312,"group":{"id":"lifecycle","version":"21"},"event":{"count":1,"data":{"created":1574627383312,"project":"92ddc83aceaa9edad1485397ccc1680a8fd16623aa2c155379eac4aafdb2a559"},"id":"project.opened"}}
{"recorder_version":"21","session":"000b61a7ce0d","build":"192.6262.58","bucket":"189","time":1574627384081,"group":{"id":"performance","version":"21"},"event":{"count":1,"data":{"duration_ms":173,"created":1574627384081},"id":"ui.lagging"}}
{"recorder_version":"21","session":"000b61a7ce0d","build":"192.6262.58","bucket":"189","time":1574627385104,"group":{"id":"settings","version":"4"},"event":{"state":true,"data":{"component":"XmlEditorOptions","created":1574627385104},"id":"invoked"}}
{"recorder_version":"21","session":"000b61a7ce0d","build":"192.6262.58","bucket":"189","time":1574627385137,"group":{"id":"performance","version":"21"},"event":{"count":1,"data":{"duration_ms":228,"created":1574627385137},"id":"ui.lagging"}}
{"recorder_version":"21","session":"000b61a7ce0d","build":"192.6262.58","bucket":"189","time":1574627385353,"group":{"id":"toolwindow","version":"21"},"event":{"count":1,"data":{"os":"Mac","created":1574627385353,"plugin_type":"PLATFORM"},"id":"Project"}}
{"recorder_version":"21","session":"000b61a7ce0d","build":"192.6262.58","bucket":"189","time":1574627386064,"group":{"id":"performance","version":"21"},"event":{"count":1,"data":{"duration_ms":137,"created":1574627386064},"id":"ui.lagging"}}
{"recorder_version":"21","session":"000b61a7ce0d","build":"192.6262.58","bucket":"189","time":1574627387576,"group":{"id":"kotlin.jps.target","version":"1"},"event":{"count":1,"data":{"plugin_version":"1.3.41-release-IJ2019.2-1","created":1574627387576},"id":"jvm"}}
{"recorder_version":"21","session":"000b61a7ce0d","build":"192.6262.58","bucket":"189","time":1574627387966,"group":{"id":"project.fs","version":"1"},"event":{"state":true,"data":{"os":"Mac","cs-project":false,"created":1574627387966,"project":"92ddc83aceaa9edad1485397ccc1680a8fd16623aa2c155379eac4aafdb2a559","cs-implicit":true,"cs-system":false},"id":"case-sensitivity"}}
{"recorder_version":"21","session":"000b61a7ce0d","build":"192.6262.58","bucket":"189","time":1574627387966,"group":{"id":"project.fs","version":"1"},"event":{"state":true,"data":{"created":1574627387967},"id":"invoked"}}
{"recorder_version":"21","session":"000b61a7ce0d","build":"192.6262.58","bucket":"189","time":1574627387967,"group":{"id":"project.fs","version":"1"},"event":{"state":true,"data":{"pct-non-watched":0,"created":1574627387967,"project":"92ddc83aceaa9edad1485397ccc1680a8fd16623aa2c155379eac4aafdb2a559"},"id":"roots-watched"}}
{"recorder_version":"21","session":"000b61a7ce0d","build":"192.6262.58","bucket":"189","time":1574627387967,"group":{"id":"project.fs","version":"1"},"event":{"state":true,"data":{"created":1574627387968},"id":"invoked"}}
{"recorder_version":"21","session":"000b61a7ce0d","build":"192.6262.58","bucket":"189","time":1574627388090,"group":{"id":"ui.dialogs","version":"21"},"event":{"count":1,"data":{"code":1,"created":1574627388090,"plugin_type":"PLATFORM","type":"close"},"id":"com.intellij.openapi.progress.util.ProgressDialog$MyDialogWrapper"}}
{"recorder_version":"21","session":"000b61a7ce0d","build":"192.6262.58","bucket":"189","time":1574627388326,"group":{"id":"lifecycle","version":"21"},"event":{"count":1,"data":{"duration_ms":6432,"created":1574627388327,"project":"92ddc83aceaa9edad1485397ccc1680a8fd16623aa2c155379eac4aafdb2a559"},"id":"project.opening.finished"}}
{"recorder_version":"21","session":"000b61a7ce0d","build":"192.6262.58","bucket":"189","time":1574627394907,"group":{"id":"file.types.usage","version":"21"},"event":{"count":1,"data":{"created":1574627394907,"plugin_type":"PLATFORM","project":"92ddc83aceaa9edad1485397ccc1680a8fd16623aa2c155379eac4aafdb2a559","type":"edit"},"id":"IDEA_MODULE"}}
{"recorder_version":"21","session":"000b61a7ce0d","build":"192.6262.58","bucket":"189","time":1574627397338,"group":{"id":"actions","version":"21"},"event":{"count":2,"data":{"context_menu":false,"last":1574627398251,"current_file":"TEXT","created":1574627397339,"plugin_type":"PLATFORM","project":"92ddc83aceaa9edad1485397ccc1680a8fd16623aa2c155379eac4aafdb2a559","place":"keyboard_shortcut","class":"com.intellij.openapi.editor.actions.EnterAction","input_event":"Enter"},"id":"EditorEnter"}}
{"recorder_version":"21","session":"000b61a7ce0d","build":"192.6262.58","bucket":"189","time":1574627399749,"group":{"id":"actions","version":"21"},"event":{"count":10,"data":{"context_menu":false,"last":1574627402112,"current_file":"TEXT","created":1574627399750,"plugin_type":"PLATFORM","project":"92ddc83aceaa9edad1485397ccc1680a8fd16623aa2c155379eac4aafdb2a559","place":"keyboard_shortcut","class":"com.intellij.openapi.editor.actions.BackspaceAction","input_event":"Backspace"},"id":"EditorBackSpace"}}
{"recorder_version":"21","session":"000b61a7ce0d","build":"192.6262.58","bucket":"189","time":1574627405132,"group":{"id":"lifecycle","version":"21"},"event":{"count":1,"data":{"created":1574627405133,"project":"92ddc83aceaa9edad1485397ccc1680a8fd16623aa2c155379eac4aafdb2a559"},"id":"frame.deactivated"}}
{"recorder_version":"21","session":"000b61a7ce0d","build":"192.6262.58","bucket":"189","time":1574627482195,"group":{"id":"performance","version":"21"},"event":{"count":1,"data":{"duration_ms":0,"created":1574627482195},"id":"ui.latency"}}
{"recorder_version":"21","session":"000b61a7ce0d","build":"192.6262.58","bucket":"189","time":1574627582453,"group":{"id":"performance","version":"21"},"event":{"count":1,"data":{"duration_ms":0,"created":1574627582454},"id":"ui.latency"}}
{"recorder_version":"21","session":"000b61a7ce0d","build":"192.6262.58","bucket":"189","time":1574627681389,"group":{"id":"build.tools.actions","version":"1"},"event":{"count":1,"data":{"created":1574627681389},"id":"registered"}}
{"recorder_version":"21","session":"000b61a7ce0d","build":"192.6262.58","bucket":"189","time":1574627681389,"group":{"id":"file.types.usage","version":"21"},"event":{"count":1,"data":{"created":1574627681390},"id":"registered"}}
{"recorder_version":"21","session":"000b61a7ce0d","build":"192.6262.58","bucket":"189","time":1574627681389,"group":{"id":"ide.script.engine","version":"1"},"event":{"count":1,"data":{"created":1574627681390},"id":"registered"}}
{"recorder_version":"21","session":"000b61a7ce0d","build":"192.6262.58","bucket":"189","time":1574627681389,"group":{"id":"actions.runAnything","version":"1"},"event":{"count":1,"data":{"created":1574627681390},"id":"registered"}}
{"recorder_version":"21","session":"000b61a7ce0d","build":"192.6262.58","bucket":"189","time":1574627681389,"group":{"id":"toolwindow","version":"21"},"event":{"count":1,"data":{"created":1574627681390},"id":"registered"}}
{"recorder_version":"21","session":"000b61a7ce0d","build":"192.6262.58","bucket":"189","time":1574627681389,"group":{"id":"kotlin.ide.newFileTempl","version":"1"},"event":{"count":1,"data":{"created":1574627681391},"id":"registered"}}
{"recorder_version":"21","session":"000b61a7ce0d","build":"192.6262.58","bucket":"189","time":1574627681389,"group":{"id":"live.templates","version":"21"},"event":{"count":1,"data":{"created":1574627681391},"id":"registered"}}
{"recorder_version":"21","session":"000b61a7ce0d","build":"192.6262.58","bucket":"189","time":1574627681389,"group":{"id":"ide.self.update","version":"2"},"event":{"count":1,"data":{"created":1574627681391},"id":"registered"}}
{"recorder_version":"21","session":"000b61a7ce0d","build":"192.6262.58","bucket":"189","time":1574627681389,"group":{"id":"ui.settings","version":"21"},"event":{"count":1,"data":{"created":1574627681391},"id":"registered"}}
{"recorder_version":"21","session":"000b61a7ce0d","build":"192.6262.58","bucket":"189","time":1574627681389,"group":{"id":"lifecycle","version":"21"},"event":{"count":1,"data":{"created":1574627681391},"id":"registered"}}
{"recorder_version":"21","session":"000b61a7ce0d","build":"192.6262.58","bucket":"189","time":1574627681389,"group":{"id":"vcs.diff.trigger","version":"1"},"event":{"count":1,"data":{"created":1574627681392},"id":"registered"}}
{"recorder_version":"21","session":"000b61a7ce0d","build":"192.6262.58","bucket":"189","time":1574627681389,"group":{"id":"vcs.log.trigger","version":"2"},"event":{"count":1,"data":{"created":1574627681392},"id":"registered"}}
{"recorder_version":"21","session":"000b61a7ce0d","build":"192.6262.58","bucket":"189","time":1574627681389,"group":{"id":"productivity","version":"21"},"event":{"count":1,"data":{"created":1574627681392},"id":"registered"}}
{"recorder_version":"21","session":"000b61a7ce0d","build":"192.6262.58","bucket":"189","time":1574627681389,"group":{"id":"debugger.breakpoints.usage","version":"2"},"event":{"count":1,"data":{"created":1574627681393},"id":"registered"}}
{"recorder_version":"21","session":"000b61a7ce0d","build":"192.6262.58","bucket":"189","time":1574627681389,"group":{"id":"kotlin.gradle.library","version":"1"},"event":{"count":1,"data":{"created":1574627681394},"id":"registered"}}
{"recorder_version":"21","session":"000b61a7ce0d","build":"192.6262.58","bucket":"189","time":1574627681389,"group":{"id":"find","version":"1"},"event":{"count":1,"data":{"created":1574627681394},"id":"registered"}}
{"recorder_version":"21","session":"000b61a7ce0d","build":"192.6262.58","bucket":"189","time":1574627681389,"group":{"id":"kotlin.gradle.target","version":"1"},"event":{"count":1,"data":{"created":1574627681395},"id":"registered"}}
{"recorder_version":"21","session":"000b61a7ce0d","build":"192.6262.58","bucket":"189","time":1574627681389,"group":{"id":"gutter.icon.click","version":"1"},"event":{"count":1,"data":{"created":1574627681395},"id":"registered"}}
{"recorder_version":"21","session":"000b61a7ce0d","build":"192.6262.58","bucket":"189","time":1574627681389,"group":{"id":"shell.script","version":"1"},"event":{"count":1,"data":{"created":1574627681395},"id":"registered"}}
{"recorder_version":"21","session":"000b61a7ce0d","build":"192.6262.58","bucket":"189","time":1574627681389,"group":{"id":"kotlin.ide.debugger.eval","version":"1"},"event":{"count":1,"data":{"created":1574627681395},"id":"registered"}}
{"recorder_version":"21","session":"000b61a7ce0d","build":"192.6262.58","bucket":"189","time":1574627681389,"group":{"id":"build.maven.actions","version":"1"},"event":{"count":1,"data":{"created":1574627681395},"id":"registered"}}
{"recorder_version":"21","session":"000b61a7ce0d","build":"192.6262.58","bucket":"189","time":1574627681389,"group":{"id":"ui.event","version":"1"},"event":{"count":1,"data":{"created":1574627681395},"id":"registered"}}
{"recorder_version":"21","session":"000b61a7ce0d","build":"192.6262.58","bucket":"189","time":1574627681389,"group":{"id":"new.project.wizard","version":"1"},"event":{"count":1,"data":{"created":1574627681396},"id":"registered"}}
{"recorder_version":"21","session":"000b61a7ce0d","build":"192.6262.58","bucket":"189","time":1574627681389,"group":{"id":"kotlin.ide.npwizards","version":"1"},"event":{"count":1,"data":{"created":1574627681396},"id":"registered"}}
{"recorder_version":"21","session":"000b61a7ce0d","build":"192.6262.58","bucket":"189","time":1574627681389,"group":{"id":"intentions","version":"21"},"event":{"count":1,"data":{"created":1574627681396},"id":"registered"}}
{"recorder_version":"21","session":"000b61a7ce0d","build":"192.6262.58","bucket":"189","time":1574627681389,"group":{"id":"ui.dialogs","version":"21"},"event":{"count":1,"data":{"created":1574627681396},"id":"registered"}}
{"recorder_version":"21","session":"000b61a7ce0d","build":"192.6262.58","bucket":"189","time":1574627681389,"group":{"id":"vcs.back.forward.trigger","version":"1"},"event":{"count":1,"data":{"created":1574627681396},"id":"registered"}}
{"recorder_version":"21","session":"000b61a7ce0d","build":"192.6262.58","bucket":"189","time":1574627681389,"group":{"id":"vcs.change.reminder","version":"1"},"event":{"count":1,"data":{"created":1574627681396},"id":"registered"}}
{"recorder_version":"21","session":"000b61a7ce0d","build":"192.6262.58","bucket":"189","time":1574627681389,"group":{"id":"toolbar","version":"21"},"event":{"count":1,"data":{"created":1574627681396},"id":"registered"}}
{"recorder_version":"21","session":"000b61a7ce0d","build":"192.6262.58","bucket":"189","time":1574627681389,"group":{"id":"build.gradle.actions","version":"1"},"event":{"count":1,"data":{"created":1574627681397},"id":"registered"}}
{"recorder_version":"21","session":"000b61a7ce0d","build":"192.6262.58","bucket":"189","time":1574627681389,"group":{"id":"kotlin.maven.target","version":"1"},"event":{"count":1,"data":{"created":1574627681397},"id":"registered"}}
{"recorder_version":"21","session":"000b61a7ce0d","build":"192.6262.58","bucket":"189","time":1574627681389,"group":{"id":"performance","version":"21"},"event":{"count":1,"data":{"created":1574627681397},"id":"registered"}}
{"recorder_version":"21","session":"000b61a7ce0d","build":"192.6262.58","bucket":"189","time":1574627681389,"group":{"id":"searchEverywhere","version":"1"},"event":{"count":1,"data":{"created":1574627681397},"id":"registered"}}
{"recorder_version":"21","session":"000b61a7ce0d","build":"192.6262.58","bucket":"189","time":1574627681389,"group":{"id":"kotlin.ide.action.refactoring","version":"1"},"event":{"count":1,"data":{"created":1574627681397},"id":"registered"}}
{"recorder_version":"21","session":"000b61a7ce0d","build":"192.6262.58","bucket":"189","time":1574627681389,"group":{"id":"ui.tips","version":"2"},"event":{"count":1,"data":{"created":1574627681397},"id":"registered"}}
{"recorder_version":"21","session":"000b61a7ce0d","build":"192.6262.58","bucket":"189","time":1574627681389,"group":{"id":"surround.with","version":"1"},"event":{"count":1,"data":{"created":1574627681398},"id":"registered"}}
{"recorder_version":"21","session":"000b61a7ce0d","build":"192.6262.58","bucket":"189","time":1574627681389,"group":{"id":"import.old.config","version":"1"},"event":{"count":1,"data":{"created":1574627681398},"id":"registered"}}
{"recorder_version":"21","session":"000b61a7ce0d","build":"192.6262.58","bucket":"189","time":1574627681389,"group":{"id":"json.schema","version":"1"},"event":{"count":1,"data":{"created":1574627681398},"id":"registered"}}
{"recorder_version":"21","session":"000b61a7ce0d","build":"192.6262.58","bucket":"189","time":1574627681389,"group":{"id":"kotlin.jps.target","version":"1"},"event":{"count":1,"data":{"created":1574627681398},"id":"registered"}}
{"recorder_version":"21","session":"000b61a7ce0d","build":"192.6262.58","bucket":"189","time":1574627681389,"group":{"id":"terminalShell","version":"1"},"event":{"count":1,"data":{"created":1574627681398},"id":"registered"}}
{"recorder_version":"21","session":"000b61a7ce0d","build":"192.6262.58","bucket":"189","time":1574627681389,"group":{"id":"completion.postfix","version":"21"},"event":{"count":1,"data":{"created":1574627681398},"id":"registered"}}
{"recorder_version":"21","session":"000b61a7ce0d","build":"192.6262.58","bucket":"189","time":1574627681389,"group":{"id":"build.ant.actions","version":"1"},"event":{"count":1,"data":{"created":1574627681398},"id":"registered"}}
{"recorder_version":"21","session":"000b61a7ce0d","build":"192.6262.58","bucket":"189","time":1574627681389,"group":{"id":"actions","version":"21"},"event":{"count":1,"data":{"created":1574627681398},"id":"registered"}}
{"recorder_version":"21","session":"000b61a7ce0d","build":"192.6262.58","bucket":"189","time":1574627681389,"group":{"id":"event.log","version":"21"},"event":{"count":1,"data":{"created":1574627681399},"id":"registered"}}
{"recorder_version":"21","session":"000b61a7ce0d","build":"192.6262.58","bucket":"189","time":1574627681389,"group":{"id":"run.configuration.exec","version":"21"},"event":{"count":1,"data":{"created":1574627681399},"id":"registered"}}
{"recorder_version":"21","session":"000b61a7ce0d","build":"192.6262.58","bucket":"189","time":1574627681389,"group":{"id":"build.maven.packagesearch","version":"2"},"event":{"count":1,"data":{"created":1574627681399},"id":"registered"}}
{"recorder_version":"21","session":"000b61a7ce0d","build":"192.6262.58","bucket":"189","time":1574627682691,"group":{"id":"performance","version":"21"},"event":{"count":1,"data":{"duration_ms":0,"created":1574627682691},"id":"ui.latency"}}
{"recorder_version":"21","session":"000b61a7ce0d","build":"192.6262.58","bucket":"189","time":1574627783005,"group":{"id":"performance","version":"21"},"event":{"count":1,"data":{"duration_ms":0,"created":1574627783005},"id":"ui.latency"}}
{"recorder_version":"21","session":"000b61a7ce0d","build":"192.6262.58","bucket":"189","time":1574627883307,"group":{"id":"performance","version":"21"},"event":{"count":1,"data":{"duration_ms":0,"created":1574627883307},"id":"ui.latency"}}
{"recorder_version":"21","session":"000b61a7ce0d","build":"192.6262.58","bucket":"189","time":1574627897036,"group":{"id":"lifecycle","version":"21"},"event":{"count":1,"data":{"created":1574627897036,"project":"92ddc83aceaa9edad1485397ccc1680a8fd16623aa2c155379eac4aafdb2a559"},"id":"frame.activated"}}
{"recorder_version":"21","session":"000b61a7ce0d","build":"192.6262.58","bucket":"189","time":1574627898990,"group":{"id":"lifecycle","version":"21"},"event":{"count":1,"data":{"created":1574627898990,"project":"92ddc83aceaa9edad1485397ccc1680a8fd16623aa2c155379eac4aafdb2a559"},"id":"project.closed"}}
{"recorder_version":"21","session":"000b61a7ce0d","build":"192.6262.58","bucket":"189","time":1574627900210,"group":{"id":"lifecycle","version":"21"},"event":{"count":1,"data":{"created":1574627900210,"project":"92ddc83aceaa9edad1485397ccc1680a8fd16623aa2c155379eac4aafdb2a559"},"id":"project.opened"}}
{"recorder_version":"21","session":"000b61a7ce0d","build":"192.6262.58","bucket":"189","time":1574627900369,"group":{"id":"toolwindow","version":"21"},"event":{"count":1,"data":{"os":"Mac","created":1574627900369,"plugin_type":"PLATFORM"},"id":"Project"}}
{"recorder_version":"21","session":"000b61a7ce0d","build":"192.6262.58","bucket":"189","time":1574627900492,"group":{"id":"project.fs","version":"1"},"event":{"state":true,"data":{"os":"Mac","cs-project":false,"created":1574627900493,"project":"92ddc83aceaa9edad1485397ccc1680a8fd16623aa2c155379eac4aafdb2a559","cs-implicit":true,"cs-system":false},"id":"case-sensitivity"}}
{"recorder_version":"21","session":"000b61a7ce0d","build":"192.6262.58","bucket":"189","time":1574627900492,"group":{"id":"project.fs","version":"1"},"event":{"state":true,"data":{"created":1574627900494},"id":"invoked"}}
{"recorder_version":"21","session":"000b61a7ce0d","build":"192.6262.58","bucket":"189","time":1574627900493,"group":{"id":"project.fs","version":"1"},"event":{"state":true,"data":{"pct-non-watched":0,"created":1574627900494,"project":"92ddc83aceaa9edad1485397ccc1680a8fd16623aa2c155379eac4aafdb2a559"},"id":"roots-watched"}}
{"recorder_version":"21","session":"000b61a7ce0d","build":"192.6262.58","bucket":"189","time":1574627900493,"group":{"id":"project.fs","version":"1"},"event":{"state":true,"data":{"created":1574627900494},"id":"invoked"}}
{"recorder_version":"21","session":"000b61a7ce0d","build":"192.6262.58","bucket":"189","time":1574627900541,"group":{"id":"lifecycle","version":"21"},"event":{"count":1,"data":{"duration_ms":379,"created":1574627900541,"project":"92ddc83aceaa9edad1485397ccc1680a8fd16623aa2c155379eac4aafdb2a559"},"id":"project.opening.finished"}}
{"recorder_version":"21","session":"000b61a7ce0d","build":"192.6262.58","bucket":"189","time":1574627900580,"group":{"id":"kotlin.jps.target","version":"1"},"event":{"count":1,"data":{"plugin_version":"1.3.41-release-IJ2019.2-1","created":1574627900580},"id":"jvm"}}
{"recorder_version":"21","session":"000b61a7ce0d","build":"192.6262.58","bucket":"189","time":1574627904201,"group":{"id":"file.types.usage","version":"21"},"event":{"count":1,"data":{"created":1574627904201,"plugin_type":"PLATFORM","project":"92ddc83aceaa9edad1485397ccc1680a8fd16623aa2c155379eac4aafdb2a559","type":"edit"},"id":"IDEA_MODULE"}}
{"recorder_version":"21","session":"000b61a7ce0d","build":"192.6262.58","bucket":"189","time":1574627904233,"group":{"id":"lifecycle","version":"21"},"event":{"count":1,"data":{"created":1574627904233,"plugin_type":"NOT_LISTED","error":"java.lang.NoClassDefFoundError"},"id":"ide.error"}}
{"recorder_version":"21","session":"000b61a7ce0d","build":"192.6262.58","bucket":"189","time":1574627911500,"group":{"id":"lifecycle","version":"21"},"event":{"count":1,"data":{"restart":false,"created":1574627911500},"id":"ide.close"}}
{"recorder_version":"21","session":"000b61a7ce0d","build":"192.6262.58","bucket":"189","time":1574627911566,"group":{"id":"lifecycle","version":"21"},"event":{"count":1,"data":{"created":1574627911566,"project":"92ddc83aceaa9edad1485397ccc1680a8fd16623aa2c155379eac4aafdb2a559"},"id":"project.closed"}}
