{"recorder_version":"21","session":"8d0d9eacfa90","build":"192.6262.58","bucket":"189","time":1575129323111,"group":{"id":"settings","version":"4"},"event":{"state":true,"data":{"component":"NotRoamableUiSettings","created":1575129323262},"id":"invoked"}}
{"recorder_version":"21","session":"8d0d9eacfa90","build":"192.6262.58","bucket":"189","time":1575129323113,"group":{"id":"system.java","version":"1"},"event":{"state":true,"data":{"created":1575129323264,"version":"1.11"},"id":"JetBrains"}}
{"recorder_version":"21","session":"8d0d9eacfa90","build":"192.6262.58","bucket":"189","time":1575129323113,"group":{"id":"system.java","version":"1"},"event":{"state":true,"data":{"created":1575129323271},"id":"invoked"}}
{"recorder_version":"21","session":"8d0d9eacfa90","build":"192.6262.58","bucket":"189","time":1575129323114,"group":{"id":"settings","version":"4"},"event":{"state":true,"data":{"component":"UISettings","created":1575129323272},"id":"invoked"}}
{"recorder_version":"21","session":"8d0d9eacfa90","build":"192.6262.58","bucket":"189","time":1575129323134,"group":{"id":"system.os","version":"3"},"event":{"state":true,"data":{"created":1575129323273,"version":"10.14"},"id":"Mac"}}
{"recorder_version":"21","session":"8d0d9eacfa90","build":"192.6262.58","bucket":"189","time":1575129323134,"group":{"id":"system.os","version":"3"},"event":{"state":true,"data":{"created":1575129323273,"name":"Mac","version":"10.14"},"id":"os.name"}}
{"recorder_version":"21","session":"8d0d9eacfa90","build":"192.6262.58","bucket":"189","time":1575129323134,"group":{"id":"system.os","version":"3"},"event":{"state":true,"data":{"created":1575129323284,"value":"+09_00"},"id":"os.timezone"}}
{"recorder_version":"21","session":"8d0d9eacfa90","build":"192.6262.58","bucket":"189","time":1575129323134,"group":{"id":"system.os","version":"3"},"event":{"state":true,"data":{"created":1575129323285},"id":"invoked"}}
{"recorder_version":"21","session":"8d0d9eacfa90","build":"192.6262.58","bucket":"189","time":1575129323262,"group":{"id":"event.log","version":"21"},"event":{"count":1,"data":{"created":1575129323286,"version":"942.0"},"id":"whitelist.loaded"}}
{"recorder_version":"21","session":"8d0d9eacfa90","build":"192.6262.58","bucket":"189","time":1575129325611,"group":{"id":"settings","version":"4"},"event":{"state":true,"data":{"component":"UpdatesConfigurable","created":1575129325611,"name":"checkNeeded","type":"bool","value":false},"id":"not.default"}}
{"recorder_version":"21","session":"8d0d9eacfa90","build":"192.6262.58","bucket":"189","time":1575129325611,"group":{"id":"settings","version":"4"},"event":{"state":true,"data":{"component":"UpdatesConfigurable","created":1575129325623},"id":"invoked"}}
{"recorder_version":"21","session":"8d0d9eacfa90","build":"192.6262.58","bucket":"189","time":1575129325754,"group":{"id":"settings","version":"4"},"event":{"state":true,"data":{"component":"GeneralSettings","created":1575129325755,"name":"confirmExit","type":"bool","value":false},"id":"not.default"}}
{"recorder_version":"21","session":"8d0d9eacfa90","build":"192.6262.58","bucket":"189","time":1575129325755,"group":{"id":"settings","version":"4"},"event":{"state":true,"data":{"component":"GeneralSettings","created":1575129325756,"name":"showTipsOnStartup","type":"bool","value":false},"id":"not.default"}}
{"recorder_version":"21","session":"8d0d9eacfa90","build":"192.6262.58","bucket":"189","time":1575129325755,"group":{"id":"settings","version":"4"},"event":{"state":true,"data":{"component":"GeneralSettings","created":1575129325758},"id":"invoked"}}
{"recorder_version":"21","session":"8d0d9eacfa90","build":"192.6262.58","bucket":"189","time":1575129325761,"group":{"id":"lifecycle","version":"21"},"event":{"count":1,"data":{"internal":true,"eap":false,"created":1575129325761},"id":"ide.start"}}
{"recorder_version":"21","session":"8d0d9eacfa90","build":"192.6262.58","bucket":"189","time":1575129326093,"group":{"id":"lifecycle","version":"21"},"event":{"count":1,"data":{"created":1575129326093},"id":"frame.activated"}}
{"recorder_version":"21","session":"8d0d9eacfa90","build":"192.6262.58","bucket":"189","time":1575129326223,"group":{"id":"performance","version":"21"},"event":{"count":1,"data":{"duration_ms":128,"created":1575129326224},"id":"ui.latency"}}
{"recorder_version":"21","session":"8d0d9eacfa90","build":"192.6262.58","bucket":"189","time":1575129326223,"group":{"id":"performance","version":"21"},"event":{"count":1,"data":{"duration_ms":128,"created":1575129326224},"id":"ui.lagging"}}
{"recorder_version":"21","session":"8d0d9eacfa90","build":"192.6262.58","bucket":"189","time":1575129326572,"group":{"id":"ui.dialogs","version":"21"},"event":{"count":1,"data":{"created":1575129326574,"plugin_type":"PLATFORM","type":"show"},"id":"com.intellij.openapi.progress.util.ProgressDialog$MyDialogWrapper"}}
{"recorder_version":"21","session":"8d0d9eacfa90","build":"192.6262.58","bucket":"189","time":1575129327745,"group":{"id":"lifecycle","version":"21"},"event":{"count":1,"data":{"created":1575129327745,"project":"4452600da3b350ab41d92ae108c2baae6ff0ac3ddb31bd67020ee046ec77ac09"},"id":"project.opened"}}
{"recorder_version":"21","session":"8d0d9eacfa90","build":"192.6262.58","bucket":"189","time":1575129328422,"group":{"id":"performance","version":"21"},"event":{"count":1,"data":{"duration_ms":324,"created":1575129328422},"id":"ui.lagging"}}
{"recorder_version":"21","session":"8d0d9eacfa90","build":"192.6262.58","bucket":"189","time":1575129329524,"group":{"id":"settings","version":"4"},"event":{"state":true,"data":{"component":"XmlEditorOptions","created":1575129329524},"id":"invoked"}}
{"recorder_version":"21","session":"8d0d9eacfa90","build":"192.6262.58","bucket":"189","time":1575129329588,"group":{"id":"performance","version":"21"},"event":{"count":1,"data":{"duration_ms":488,"created":1575129329588},"id":"ui.lagging"}}
{"recorder_version":"21","session":"8d0d9eacfa90","build":"192.6262.58","bucket":"189","time":1575129330181,"group":{"id":"toolwindow","version":"21"},"event":{"count":1,"data":{"os":"Mac","created":1575129330184,"plugin_type":"NOT_LISTED"},"id":"third.party"}}
{"recorder_version":"21","session":"8d0d9eacfa90","build":"192.6262.58","bucket":"189","time":1575129331120,"group":{"id":"performance","version":"21"},"event":{"count":1,"data":{"duration_ms":1018,"created":1575129331121},"id":"ui.lagging"}}
{"recorder_version":"21","session":"8d0d9eacfa90","build":"192.6262.58","bucket":"189","time":1575129332274,"group":{"id":"performance","version":"21"},"event":{"count":1,"data":{"duration_ms":170,"created":1575129332274},"id":"ui.lagging"}}
{"recorder_version":"21","session":"8d0d9eacfa90","build":"192.6262.58","bucket":"189","time":1575129332511,"group":{"id":"project.fs","version":"1"},"event":{"state":true,"data":{"os":"Mac","cs-project":false,"created":1575129332511,"project":"4452600da3b350ab41d92ae108c2baae6ff0ac3ddb31bd67020ee046ec77ac09","cs-implicit":true,"cs-system":false},"id":"case-sensitivity"}}
{"recorder_version":"21","session":"8d0d9eacfa90","build":"192.6262.58","bucket":"189","time":1575129332511,"group":{"id":"project.fs","version":"1"},"event":{"state":true,"data":{"created":1575129332511},"id":"invoked"}}
{"recorder_version":"21","session":"8d0d9eacfa90","build":"192.6262.58","bucket":"189","time":1575129332511,"group":{"id":"project.fs","version":"1"},"event":{"state":true,"data":{"pct-non-watched":0,"created":1575129332511,"project":"4452600da3b350ab41d92ae108c2baae6ff0ac3ddb31bd67020ee046ec77ac09"},"id":"roots-watched"}}
{"recorder_version":"21","session":"8d0d9eacfa90","build":"192.6262.58","bucket":"189","time":1575129332511,"group":{"id":"project.fs","version":"1"},"event":{"state":true,"data":{"created":1575129332512},"id":"invoked"}}
{"recorder_version":"21","session":"8d0d9eacfa90","build":"192.6262.58","bucket":"189","time":1575129332854,"group":{"id":"ui.dialogs","version":"21"},"event":{"count":1,"data":{"code":1,"created":1575129332854,"plugin_type":"PLATFORM","type":"close"},"id":"com.intellij.openapi.progress.util.ProgressDialog$MyDialogWrapper"}}
{"recorder_version":"21","session":"8d0d9eacfa90","build":"192.6262.58","bucket":"189","time":1575129333105,"group":{"id":"lifecycle","version":"21"},"event":{"count":1,"data":{"duration_ms":6778,"created":1575129333105,"project":"4452600da3b350ab41d92ae108c2baae6ff0ac3ddb31bd67020ee046ec77ac09"},"id":"project.opening.finished"}}
{"recorder_version":"21","session":"8d0d9eacfa90","build":"192.6262.58","bucket":"189","time":1575129334648,"group":{"id":"kotlin.jps.target","version":"1"},"event":{"count":2,"data":{"plugin_version":"validation.undefined_rule","last":1575129334649,"created":1575129334649},"id":"validation.undefined_rule"}}
{"recorder_version":"21","session":"8d0d9eacfa90","build":"192.6262.58","bucket":"189","time":1575129335332,"group":{"id":"vcs.change.reminder","version":"1"},"event":{"count":1,"data":{"created":1575129335332,"project":"4452600da3b350ab41d92ae108c2baae6ff0ac3ddb31bd67020ee046ec77ac09","execution_time":226},"id":"prediction.calculated"}}
{"recorder_version":"21","session":"8d0d9eacfa90","build":"192.6262.58","bucket":"189","time":1575129337218,"group":{"id":"file.types.usage","version":"21"},"event":{"count":1,"data":{"plugin":"com.intellij.java","created":1575129337219,"plugin_type":"JB_BUNDLED","project":"4452600da3b350ab41d92ae108c2baae6ff0ac3ddb31bd67020ee046ec77ac09","type":"edit"},"id":"JAVA"}}
{"recorder_version":"21","session":"8d0d9eacfa90","build":"192.6262.58","bucket":"189","time":1575129337524,"group":{"id":"actions","version":"21"},"event":{"count":1,"data":{"context_menu":false,"current_file":"JAVA","created":1575129337524,"plugin_type":"PLATFORM","project":"4452600da3b350ab41d92ae108c2baae6ff0ac3ddb31bd67020ee046ec77ac09","place":"keyboard_shortcut","class":"com.intellij.openapi.editor.actions.BackspaceAction","input_event":"Backspace"},"id":"EditorBackSpace"}}
{"recorder_version":"21","session":"8d0d9eacfa90","build":"192.6262.58","bucket":"189","time":1575129338608,"group":{"id":"actions","version":"21"},"event":{"count":1,"data":{"context_menu":false,"current_file":"JAVA","created":1575129338608,"plugin_type":"PLATFORM","project":"4452600da3b350ab41d92ae108c2baae6ff0ac3ddb31bd67020ee046ec77ac09","place":"keyboard_shortcut","class":"com.intellij.ide.actions.UndoAction","input_event":"Meta+Z"},"id":"$Undo"}}
{"recorder_version":"21","session":"8d0d9eacfa90","build":"192.6262.58","bucket":"189","time":1575129339032,"group":{"id":"vcs.change.reminder","version":"1"},"event":{"count":1,"data":{"created":1575129339032,"project":"4452600da3b350ab41d92ae108c2baae6ff0ac3ddb31bd67020ee046ec77ac09","execution_time":53},"id":"prediction.calculated"}}
{"recorder_version":"21","session":"8d0d9eacfa90","build":"192.6262.58","bucket":"189","time":1575129344302,"group":{"id":"actions","version":"21"},"event":{"count":4,"data":{"context_menu":false,"last":1575129344822,"current_file":"JAVA","created":1575129344302,"plugin_type":"PLATFORM","project":"4452600da3b350ab41d92ae108c2baae6ff0ac3ddb31bd67020ee046ec77ac09","place":"keyboard_shortcut","class":"com.intellij.openapi.editor.actions.BackspaceAction","input_event":"Backspace"},"id":"EditorBackSpace"}}
{"recorder_version":"21","session":"8d0d9eacfa90","build":"192.6262.58","bucket":"189","time":1575129347694,"group":{"id":"lifecycle","version":"21"},"event":{"count":1,"data":{"created":1575129347694,"plugin_type":"NOT_LISTED","error":"java.lang.ClassCastException"},"id":"ide.error"}}
{"recorder_version":"21","session":"8d0d9eacfa90","build":"192.6262.58","bucket":"189","time":1575129356791,"group":{"id":"lifecycle","version":"21"},"event":{"count":1,"data":{"created":1575129356791,"project":"4452600da3b350ab41d92ae108c2baae6ff0ac3ddb31bd67020ee046ec77ac09"},"id":"frame.deactivated"}}
{"recorder_version":"21","session":"8d0d9eacfa90","build":"192.6262.58","bucket":"189","time":1575129357776,"group":{"id":"vcs.change.reminder","version":"1"},"event":{"count":1,"data":{"created":1575129357776,"project":"4452600da3b350ab41d92ae108c2baae6ff0ac3ddb31bd67020ee046ec77ac09","execution_time":85},"id":"prediction.calculated"}}
{"recorder_version":"21","session":"8d0d9eacfa90","build":"192.6262.58","bucket":"189","time":1575129357810,"group":{"id":"vcs.change.reminder","version":"1"},"event":{"count":1,"data":{"created":1575129357810,"project":"4452600da3b350ab41d92ae108c2baae6ff0ac3ddb31bd67020ee046ec77ac09","execution_time":34},"id":"prediction.calculated"}}
{"recorder_version":"21","session":"8d0d9eacfa90","build":"192.6262.58","bucket":"189","time":1575129412258,"group":{"id":"lifecycle","version":"21"},"event":{"count":1,"data":{"created":1575129412259,"project":"4452600da3b350ab41d92ae108c2baae6ff0ac3ddb31bd67020ee046ec77ac09"},"id":"frame.activated"}}
{"recorder_version":"21","session":"8d0d9eacfa90","build":"192.6262.58","bucket":"189","time":1575129412818,"group":{"id":"lifecycle","version":"21"},"event":{"count":1,"data":{"restart":false,"created":1575129412818},"id":"ide.close"}}
{"recorder_version":"21","session":"8d0d9eacfa90","build":"192.6262.58","bucket":"189","time":1575129412913,"group":{"id":"lifecycle","version":"21"},"event":{"count":1,"data":{"created":1575129412913,"project":"4452600da3b350ab41d92ae108c2baae6ff0ac3ddb31bd67020ee046ec77ac09"},"id":"project.closed"}}
