{"recorder_version":"21","session":"3342cc828519","build":"192.6262.58","bucket":"189","time":1575129517597,"group":{"id":"settings","version":"4"},"event":{"state":true,"data":{"component":"NotRoamableUiSettings","created":1575129517770},"id":"invoked"}}
{"recorder_version":"21","session":"3342cc828519","build":"192.6262.58","bucket":"189","time":1575129517599,"group":{"id":"system.java","version":"1"},"event":{"state":true,"data":{"created":1575129517772,"version":"1.11"},"id":"JetBrains"}}
{"recorder_version":"21","session":"3342cc828519","build":"192.6262.58","bucket":"189","time":1575129517599,"group":{"id":"system.java","version":"1"},"event":{"state":true,"data":{"created":1575129517780},"id":"invoked"}}
{"recorder_version":"21","session":"3342cc828519","build":"192.6262.58","bucket":"189","time":1575129517599,"group":{"id":"settings","version":"4"},"event":{"state":true,"data":{"component":"UISettings","created":1575129517781},"id":"invoked"}}
{"recorder_version":"21","session":"3342cc828519","build":"192.6262.58","bucket":"189","time":1575129517619,"group":{"id":"system.os","version":"3"},"event":{"state":true,"data":{"created":1575129517781,"version":"10.14"},"id":"Mac"}}
{"recorder_version":"21","session":"3342cc828519","build":"192.6262.58","bucket":"189","time":1575129517619,"group":{"id":"system.os","version":"3"},"event":{"state":true,"data":{"created":1575129517782,"name":"Mac","version":"10.14"},"id":"os.name"}}
{"recorder_version":"21","session":"3342cc828519","build":"192.6262.58","bucket":"189","time":1575129517619,"group":{"id":"system.os","version":"3"},"event":{"state":true,"data":{"created":1575129517784,"value":"+09_00"},"id":"os.timezone"}}
{"recorder_version":"21","session":"3342cc828519","build":"192.6262.58","bucket":"189","time":1575129517619,"group":{"id":"system.os","version":"3"},"event":{"state":true,"data":{"created":1575129517784},"id":"invoked"}}
{"recorder_version":"21","session":"3342cc828519","build":"192.6262.58","bucket":"189","time":1575129517770,"group":{"id":"event.log","version":"21"},"event":{"count":1,"data":{"created":1575129517785,"version":"942.0"},"id":"whitelist.loaded"}}
{"recorder_version":"21","session":"3342cc828519","build":"192.6262.58","bucket":"189","time":1575129520064,"group":{"id":"settings","version":"4"},"event":{"state":true,"data":{"component":"UpdatesConfigurable","created":1575129520064,"name":"checkNeeded","type":"bool","value":false},"id":"not.default"}}
{"recorder_version":"21","session":"3342cc828519","build":"192.6262.58","bucket":"189","time":1575129520064,"group":{"id":"settings","version":"4"},"event":{"state":true,"data":{"component":"UpdatesConfigurable","created":1575129520066},"id":"invoked"}}
{"recorder_version":"21","session":"3342cc828519","build":"192.6262.58","bucket":"189","time":1575129520645,"group":{"id":"lifecycle","version":"21"},"event":{"count":1,"data":{"internal":true,"eap":false,"created":1575129520645},"id":"ide.start"}}
{"recorder_version":"21","session":"3342cc828519","build":"192.6262.58","bucket":"189","time":1575129520650,"group":{"id":"settings","version":"4"},"event":{"state":true,"data":{"component":"GeneralSettings","created":1575129520650,"name":"confirmExit","type":"bool","value":false},"id":"not.default"}}
{"recorder_version":"21","session":"3342cc828519","build":"192.6262.58","bucket":"189","time":1575129520650,"group":{"id":"settings","version":"4"},"event":{"state":true,"data":{"component":"GeneralSettings","created":1575129520651,"name":"showTipsOnStartup","type":"bool","value":false},"id":"not.default"}}
{"recorder_version":"21","session":"3342cc828519","build":"192.6262.58","bucket":"189","time":1575129520650,"group":{"id":"settings","version":"4"},"event":{"state":true,"data":{"component":"GeneralSettings","created":1575129520652},"id":"invoked"}}
{"recorder_version":"21","session":"3342cc828519","build":"192.6262.58","bucket":"189","time":1575129520686,"group":{"id":"performance","version":"21"},"event":{"count":1,"data":{"duration_ms":135,"created":1575129520686},"id":"ui.latency"}}
{"recorder_version":"21","session":"3342cc828519","build":"192.6262.58","bucket":"189","time":1575129520686,"group":{"id":"performance","version":"21"},"event":{"count":1,"data":{"duration_ms":135,"created":1575129520687},"id":"ui.lagging"}}
{"recorder_version":"21","session":"3342cc828519","build":"192.6262.58","bucket":"189","time":1575129521221,"group":{"id":"settings","version":"4"},"event":{"state":true,"data":{"component":"XmlEditorOptions","created":1575129521221},"id":"invoked"}}
{"recorder_version":"21","session":"3342cc828519","build":"192.6262.58","bucket":"189","time":1575129523417,"group":{"id":"ui.dialogs","version":"21"},"event":{"count":1,"data":{"created":1575129523418,"plugin_type":"PLATFORM","type":"show"},"id":"com.intellij.openapi.progress.util.ProgressDialog$MyDialogWrapper"}}
{"recorder_version":"21","session":"3342cc828519","build":"192.6262.58","bucket":"189","time":1575129524277,"group":{"id":"lifecycle","version":"21"},"event":{"count":1,"data":{"created":1575129524277,"project":"4452600da3b350ab41d92ae108c2baae6ff0ac3ddb31bd67020ee046ec77ac09"},"id":"project.opened"}}
{"recorder_version":"21","session":"3342cc828519","build":"192.6262.58","bucket":"189","time":1575129524857,"group":{"id":"performance","version":"21"},"event":{"count":1,"data":{"duration_ms":278,"created":1575129524857},"id":"ui.lagging"}}
{"recorder_version":"21","session":"3342cc828519","build":"192.6262.58","bucket":"189","time":1575129525853,"group":{"id":"performance","version":"21"},"event":{"count":1,"data":{"duration_ms":273,"created":1575129525853},"id":"ui.lagging"}}
{"recorder_version":"21","session":"3342cc828519","build":"192.6262.58","bucket":"189","time":1575129526587,"group":{"id":"toolwindow","version":"21"},"event":{"count":1,"data":{"os":"Mac","created":1575129526886,"plugin_type":"NOT_LISTED"},"id":"third.party"}}
{"recorder_version":"21","session":"3342cc828519","build":"192.6262.58","bucket":"189","time":1575129527090,"group":{"id":"performance","version":"21"},"event":{"count":1,"data":{"duration_ms":510,"created":1575129527090},"id":"ui.lagging"}}
{"recorder_version":"21","session":"3342cc828519","build":"192.6262.58","bucket":"189","time":1575129528523,"group":{"id":"kotlin.jps.target","version":"1"},"event":{"count":2,"data":{"plugin_version":"validation.undefined_rule","last":1575129528524,"created":1575129528524},"id":"validation.undefined_rule"}}
{"recorder_version":"21","session":"3342cc828519","build":"192.6262.58","bucket":"189","time":1575129528546,"group":{"id":"project.fs","version":"1"},"event":{"state":true,"data":{"os":"Mac","cs-project":false,"created":1575129528546,"project":"4452600da3b350ab41d92ae108c2baae6ff0ac3ddb31bd67020ee046ec77ac09","cs-implicit":true,"cs-system":false},"id":"case-sensitivity"}}
{"recorder_version":"21","session":"3342cc828519","build":"192.6262.58","bucket":"189","time":1575129528546,"group":{"id":"project.fs","version":"1"},"event":{"state":true,"data":{"created":1575129528546},"id":"invoked"}}
{"recorder_version":"21","session":"3342cc828519","build":"192.6262.58","bucket":"189","time":1575129528547,"group":{"id":"project.fs","version":"1"},"event":{"state":true,"data":{"pct-non-watched":0,"created":1575129528547,"project":"4452600da3b350ab41d92ae108c2baae6ff0ac3ddb31bd67020ee046ec77ac09"},"id":"roots-watched"}}
{"recorder_version":"21","session":"3342cc828519","build":"192.6262.58","bucket":"189","time":1575129528547,"group":{"id":"project.fs","version":"1"},"event":{"state":true,"data":{"created":1575129528547},"id":"invoked"}}
{"recorder_version":"21","session":"3342cc828519","build":"192.6262.58","bucket":"189","time":1575129528646,"group":{"id":"ui.dialogs","version":"21"},"event":{"count":1,"data":{"code":1,"created":1575129528647,"plugin_type":"PLATFORM","type":"close"},"id":"com.intellij.openapi.progress.util.ProgressDialog$MyDialogWrapper"}}
{"recorder_version":"21","session":"3342cc828519","build":"192.6262.58","bucket":"189","time":1575129528825,"group":{"id":"lifecycle","version":"21"},"event":{"count":1,"data":{"duration_ms":5649,"created":1575129528825,"project":"4452600da3b350ab41d92ae108c2baae6ff0ac3ddb31bd67020ee046ec77ac09"},"id":"project.opening.finished"}}
{"recorder_version":"21","session":"3342cc828519","build":"192.6262.58","bucket":"189","time":1575129529965,"group":{"id":"vcs.change.reminder","version":"1"},"event":{"count":1,"data":{"created":1575129529965,"project":"4452600da3b350ab41d92ae108c2baae6ff0ac3ddb31bd67020ee046ec77ac09","execution_time":240},"id":"prediction.calculated"}}
{"recorder_version":"21","session":"3342cc828519","build":"192.6262.58","bucket":"189","time":1575129530004,"group":{"id":"vcs.change.reminder","version":"1"},"event":{"count":1,"data":{"created":1575129530005,"project":"4452600da3b350ab41d92ae108c2baae6ff0ac3ddb31bd67020ee046ec77ac09","execution_time":39},"id":"prediction.calculated"}}
{"recorder_version":"21","session":"3342cc828519","build":"192.6262.58","bucket":"189","time":1575129532523,"group":{"id":"lifecycle","version":"21"},"event":{"count":1,"data":{"created":1575129532524,"project":"4452600da3b350ab41d92ae108c2baae6ff0ac3ddb31bd67020ee046ec77ac09"},"id":"frame.deactivated"}}
{"recorder_version":"21","session":"3342cc828519","build":"192.6262.58","bucket":"189","time":1575129543018,"group":{"id":"lifecycle","version":"21"},"event":{"count":1,"data":{"created":1575129543018,"project":"4452600da3b350ab41d92ae108c2baae6ff0ac3ddb31bd67020ee046ec77ac09"},"id":"frame.activated"}}
{"recorder_version":"21","session":"3342cc828519","build":"192.6262.58","bucket":"189","time":1575129544160,"group":{"id":"file.types.usage","version":"21"},"event":{"count":1,"data":{"plugin":"com.intellij.java","created":1575129544160,"plugin_type":"JB_BUNDLED","project":"4452600da3b350ab41d92ae108c2baae6ff0ac3ddb31bd67020ee046ec77ac09","type":"edit"},"id":"JAVA"}}
{"recorder_version":"21","session":"3342cc828519","build":"192.6262.58","bucket":"189","time":1575129554229,"group":{"id":"lifecycle","version":"21"},"event":{"count":1,"data":{"created":1575129554229,"project":"4452600da3b350ab41d92ae108c2baae6ff0ac3ddb31bd67020ee046ec77ac09"},"id":"frame.deactivated"}}
{"recorder_version":"21","session":"3342cc828519","build":"192.6262.58","bucket":"189","time":1575129554279,"group":{"id":"lifecycle","version":"21"},"event":{"count":1,"data":{"created":1575129554279,"project":"4452600da3b350ab41d92ae108c2baae6ff0ac3ddb31bd67020ee046ec77ac09"},"id":"frame.activated"}}
{"recorder_version":"21","session":"3342cc828519","build":"192.6262.58","bucket":"189","time":1575129554955,"group":{"id":"vcs.change.reminder","version":"1"},"event":{"count":1,"data":{"created":1575129554956,"project":"4452600da3b350ab41d92ae108c2baae6ff0ac3ddb31bd67020ee046ec77ac09","execution_time":37},"id":"prediction.calculated"}}
{"recorder_version":"21","session":"3342cc828519","build":"192.6262.58","bucket":"189","time":1575129567469,"group":{"id":"lifecycle","version":"21"},"event":{"count":1,"data":{"created":1575129567469,"project":"4452600da3b350ab41d92ae108c2baae6ff0ac3ddb31bd67020ee046ec77ac09"},"id":"frame.deactivated"}}
{"recorder_version":"21","session":"3342cc828519","build":"192.6262.58","bucket":"189","time":1575129568808,"group":{"id":"lifecycle","version":"21"},"event":{"count":1,"data":{"created":1575129568809,"project":"4452600da3b350ab41d92ae108c2baae6ff0ac3ddb31bd67020ee046ec77ac09"},"id":"frame.activated"}}
{"recorder_version":"21","session":"3342cc828519","build":"192.6262.58","bucket":"189","time":1575129570772,"group":{"id":"actions","version":"21"},"event":{"count":1,"data":{"context_menu":false,"current_file":"JAVA","created":1575129570773,"plugin_type":"PLATFORM","project":"4452600da3b350ab41d92ae108c2baae6ff0ac3ddb31bd67020ee046ec77ac09","place":"keyboard_shortcut","class":"com.intellij.openapi.editor.actions.BackspaceAction","input_event":"Backspace"},"id":"EditorBackSpace"}}
{"recorder_version":"21","session":"3342cc828519","build":"192.6262.58","bucket":"189","time":1575129571388,"group":{"id":"actions","version":"21"},"event":{"count":1,"data":{"context_menu":false,"current_file":"JAVA","created":1575129571388,"plugin_type":"PLATFORM","project":"4452600da3b350ab41d92ae108c2baae6ff0ac3ddb31bd67020ee046ec77ac09","place":"keyboard_shortcut","class":"com.intellij.openapi.editor.actions.EscapeAction","input_event":"Escape"},"id":"EditorEscape"}}
{"recorder_version":"21","session":"3342cc828519","build":"192.6262.58","bucket":"189","time":1575129575505,"group":{"id":"lifecycle","version":"21"},"event":{"count":1,"data":{"created":1575129575505,"project":"4452600da3b350ab41d92ae108c2baae6ff0ac3ddb31bd67020ee046ec77ac09"},"id":"frame.deactivated"}}
{"recorder_version":"21","session":"3342cc828519","build":"192.6262.58","bucket":"189","time":1575129620833,"group":{"id":"performance","version":"21"},"event":{"count":1,"data":{"duration_ms":1,"created":1575129620833},"id":"ui.latency"}}
{"recorder_version":"21","session":"3342cc828519","build":"192.6262.58","bucket":"189","time":1575129649055,"group":{"id":"lifecycle","version":"21"},"event":{"count":1,"data":{"created":1575129649056,"project":"4452600da3b350ab41d92ae108c2baae6ff0ac3ddb31bd67020ee046ec77ac09"},"id":"frame.activated"}}
{"recorder_version":"21","session":"3342cc828519","build":"192.6262.58","bucket":"189","time":1575129649155,"group":{"id":"toolwindow","version":"21"},"event":{"count":1,"data":{"os":"Mac","created":1575129649155,"plugin_type":"PLATFORM"},"id":"Project"}}
{"recorder_version":"21","session":"3342cc828519","build":"192.6262.58","bucket":"189","time":1575129650339,"group":{"id":"lifecycle","version":"21"},"event":{"count":1,"data":{"restart":false,"created":1575129650339},"id":"ide.close"}}
{"recorder_version":"21","session":"3342cc828519","build":"192.6262.58","bucket":"189","time":1575129650430,"group":{"id":"lifecycle","version":"21"},"event":{"count":1,"data":{"created":1575129650430,"project":"4452600da3b350ab41d92ae108c2baae6ff0ac3ddb31bd67020ee046ec77ac09"},"id":"project.closed"}}
