{"recorder_version":"21","session":"c8f0ef2d9f57","build":"192.6262.58","bucket":"189","time":1574812574268,"group":{"id":"settings","version":"4"},"event":{"state":true,"data":{"component":"NotRoamableUiSettings","created":1574812574422},"id":"invoked"}}
{"recorder_version":"21","session":"c8f0ef2d9f57","build":"192.6262.58","bucket":"189","time":1574812574270,"group":{"id":"system.java","version":"1"},"event":{"state":true,"data":{"created":1574812574426,"version":"1.11"},"id":"JetBrains"}}
{"recorder_version":"21","session":"c8f0ef2d9f57","build":"192.6262.58","bucket":"189","time":1574812574270,"group":{"id":"system.java","version":"1"},"event":{"state":true,"data":{"created":1574812574435},"id":"invoked"}}
{"recorder_version":"21","session":"c8f0ef2d9f57","build":"192.6262.58","bucket":"189","time":1574812574270,"group":{"id":"settings","version":"4"},"event":{"state":true,"data":{"component":"UISettings","created":1574812574436},"id":"invoked"}}
{"recorder_version":"21","session":"c8f0ef2d9f57","build":"192.6262.58","bucket":"189","time":1574812574290,"group":{"id":"system.os","version":"3"},"event":{"state":true,"data":{"created":1574812574437,"version":"10.14"},"id":"Mac"}}
{"recorder_version":"21","session":"c8f0ef2d9f57","build":"192.6262.58","bucket":"189","time":1574812574290,"group":{"id":"system.os","version":"3"},"event":{"state":true,"data":{"created":1574812574438,"name":"Mac","version":"10.14"},"id":"os.name"}}
{"recorder_version":"21","session":"c8f0ef2d9f57","build":"192.6262.58","bucket":"189","time":1574812574290,"group":{"id":"system.os","version":"3"},"event":{"state":true,"data":{"created":1574812574439,"value":"+09_00"},"id":"os.timezone"}}
{"recorder_version":"21","session":"c8f0ef2d9f57","build":"192.6262.58","bucket":"189","time":1574812574290,"group":{"id":"system.os","version":"3"},"event":{"state":true,"data":{"created":1574812574440},"id":"invoked"}}
{"recorder_version":"21","session":"c8f0ef2d9f57","build":"192.6262.58","bucket":"189","time":1574812574422,"group":{"id":"event.log","version":"21"},"event":{"count":1,"data":{"created":1574812574441,"version":"930.0"},"id":"whitelist.loaded"}}
{"recorder_version":"21","session":"c8f0ef2d9f57","build":"192.6262.58","bucket":"189","time":1574812576485,"group":{"id":"settings","version":"4"},"event":{"state":true,"data":{"component":"UpdatesConfigurable","created":1574812576485,"name":"checkNeeded","type":"bool","value":false},"id":"not.default"}}
{"recorder_version":"21","session":"c8f0ef2d9f57","build":"192.6262.58","bucket":"189","time":1574812576485,"group":{"id":"settings","version":"4"},"event":{"state":true,"data":{"component":"UpdatesConfigurable","created":1574812576487},"id":"invoked"}}
{"recorder_version":"21","session":"c8f0ef2d9f57","build":"192.6262.58","bucket":"189","time":1574812576654,"group":{"id":"settings","version":"4"},"event":{"state":true,"data":{"component":"GeneralSettings","created":1574812576655,"name":"confirmExit","type":"bool","value":false},"id":"not.default"}}
{"recorder_version":"21","session":"c8f0ef2d9f57","build":"192.6262.58","bucket":"189","time":1574812576655,"group":{"id":"settings","version":"4"},"event":{"state":true,"data":{"component":"GeneralSettings","created":1574812576656,"name":"showTipsOnStartup","type":"bool","value":false},"id":"not.default"}}
{"recorder_version":"21","session":"c8f0ef2d9f57","build":"192.6262.58","bucket":"189","time":1574812576655,"group":{"id":"settings","version":"4"},"event":{"state":true,"data":{"component":"GeneralSettings","created":1574812576657},"id":"invoked"}}
{"recorder_version":"21","session":"c8f0ef2d9f57","build":"192.6262.58","bucket":"189","time":1574812576662,"group":{"id":"lifecycle","version":"21"},"event":{"count":1,"data":{"internal":true,"eap":false,"created":1574812576663},"id":"ide.start"}}
{"recorder_version":"21","session":"c8f0ef2d9f57","build":"192.6262.58","bucket":"189","time":1574812576953,"group":{"id":"lifecycle","version":"21"},"event":{"count":1,"data":{"created":1574812576953},"id":"frame.activated"}}
{"recorder_version":"21","session":"c8f0ef2d9f57","build":"192.6262.58","bucket":"189","time":1574812577188,"group":{"id":"performance","version":"21"},"event":{"count":1,"data":{"duration_ms":1,"created":1574812577188},"id":"ui.latency"}}
{"recorder_version":"21","session":"c8f0ef2d9f57","build":"192.6262.58","bucket":"189","time":1574812577449,"group":{"id":"ui.dialogs","version":"21"},"event":{"count":1,"data":{"created":1574812577450,"plugin_type":"PLATFORM","type":"show"},"id":"com.intellij.openapi.progress.util.ProgressDialog$MyDialogWrapper"}}
{"recorder_version":"21","session":"c8f0ef2d9f57","build":"192.6262.58","bucket":"189","time":1574812578418,"group":{"id":"lifecycle","version":"21"},"event":{"count":1,"data":{"created":1574812578418,"project":"92ddc83aceaa9edad1485397ccc1680a8fd16623aa2c155379eac4aafdb2a559"},"id":"project.opened"}}
{"recorder_version":"21","session":"c8f0ef2d9f57","build":"192.6262.58","bucket":"189","time":1574812579957,"group":{"id":"settings","version":"4"},"event":{"state":true,"data":{"component":"XmlEditorOptions","created":1574812579957},"id":"invoked"}}
{"recorder_version":"21","session":"c8f0ef2d9f57","build":"192.6262.58","bucket":"189","time":1574812580247,"group":{"id":"toolwindow","version":"21"},"event":{"count":1,"data":{"os":"Mac","created":1574812580247,"plugin_type":"PLATFORM"},"id":"Project"}}
{"recorder_version":"21","session":"c8f0ef2d9f57","build":"192.6262.58","bucket":"189","time":1574812580606,"group":{"id":"performance","version":"21"},"event":{"count":1,"data":{"duration_ms":411,"created":1574812580606},"id":"ui.lagging"}}
{"recorder_version":"21","session":"c8f0ef2d9f57","build":"192.6262.58","bucket":"189","time":1574812582314,"group":{"id":"performance","version":"21"},"event":{"count":1,"data":{"duration_ms":116,"created":1574812582314},"id":"ui.lagging"}}
{"recorder_version":"21","session":"c8f0ef2d9f57","build":"192.6262.58","bucket":"189","time":1574812582411,"group":{"id":"project.fs","version":"1"},"event":{"state":true,"data":{"os":"Mac","cs-project":false,"created":1574812582411,"project":"92ddc83aceaa9edad1485397ccc1680a8fd16623aa2c155379eac4aafdb2a559","cs-implicit":true,"cs-system":false},"id":"case-sensitivity"}}
{"recorder_version":"21","session":"c8f0ef2d9f57","build":"192.6262.58","bucket":"189","time":1574812582411,"group":{"id":"project.fs","version":"1"},"event":{"state":true,"data":{"created":1574812582412},"id":"invoked"}}
{"recorder_version":"21","session":"c8f0ef2d9f57","build":"192.6262.58","bucket":"189","time":1574812582413,"group":{"id":"project.fs","version":"1"},"event":{"state":true,"data":{"pct-non-watched":0,"created":1574812582413,"project":"92ddc83aceaa9edad1485397ccc1680a8fd16623aa2c155379eac4aafdb2a559"},"id":"roots-watched"}}
{"recorder_version":"21","session":"c8f0ef2d9f57","build":"192.6262.58","bucket":"189","time":1574812582413,"group":{"id":"project.fs","version":"1"},"event":{"state":true,"data":{"created":1574812582413},"id":"invoked"}}
{"recorder_version":"21","session":"c8f0ef2d9f57","build":"192.6262.58","bucket":"189","time":1574812582449,"group":{"id":"ui.dialogs","version":"21"},"event":{"count":1,"data":{"code":1,"created":1574812582450,"plugin_type":"PLATFORM","type":"close"},"id":"com.intellij.openapi.progress.util.ProgressDialog$MyDialogWrapper"}}
{"recorder_version":"21","session":"c8f0ef2d9f57","build":"192.6262.58","bucket":"189","time":1574812582697,"group":{"id":"lifecycle","version":"21"},"event":{"count":1,"data":{"duration_ms":5557,"created":1574812582698,"project":"92ddc83aceaa9edad1485397ccc1680a8fd16623aa2c155379eac4aafdb2a559"},"id":"project.opening.finished"}}
{"recorder_version":"21","session":"c8f0ef2d9f57","build":"192.6262.58","bucket":"189","time":1574812583529,"group":{"id":"kotlin.jps.target","version":"1"},"event":{"count":1,"data":{"plugin_version":"validation.undefined_rule","created":1574812583529},"id":"validation.undefined_rule"}}
{"recorder_version":"21","session":"c8f0ef2d9f57","build":"192.6262.58","bucket":"189","time":1574812585232,"group":{"id":"actions","version":"21"},"event":{"count":2,"data":{"context_menu":false,"last":1574812585412,"current_file":"TEXT","created":1574812585233,"plugin_type":"PLATFORM","project":"92ddc83aceaa9edad1485397ccc1680a8fd16623aa2c155379eac4aafdb2a559","place":"keyboard_shortcut","class":"com.intellij.openapi.editor.actions.BackspaceAction","input_event":"Backspace"},"id":"EditorBackSpace"}}
{"recorder_version":"21","session":"c8f0ef2d9f57","build":"192.6262.58","bucket":"189","time":1574812586056,"group":{"id":"file.types.usage","version":"21"},"event":{"count":1,"data":{"created":1574812586056,"plugin_type":"PLATFORM","project":"92ddc83aceaa9edad1485397ccc1680a8fd16623aa2c155379eac4aafdb2a559","type":"edit"},"id":"IDEA_MODULE"}}
{"recorder_version":"21","session":"c8f0ef2d9f57","build":"192.6262.58","bucket":"189","time":1574812604975,"group":{"id":"lifecycle","version":"21"},"event":{"count":1,"data":{"created":1574812604976,"project":"92ddc83aceaa9edad1485397ccc1680a8fd16623aa2c155379eac4aafdb2a559"},"id":"frame.deactivated"}}
{"recorder_version":"21","session":"c8f0ef2d9f57","build":"192.6262.58","bucket":"189","time":1574812659508,"group":{"id":"lifecycle","version":"21"},"event":{"count":1,"data":{"created":1574812659508,"project":"92ddc83aceaa9edad1485397ccc1680a8fd16623aa2c155379eac4aafdb2a559"},"id":"frame.activated"}}
{"recorder_version":"21","session":"c8f0ef2d9f57","build":"192.6262.58","bucket":"189","time":1574812660491,"group":{"id":"file.types.usage","version":"21"},"event":{"count":1,"data":{"created":1574812660491,"plugin_type":"PLATFORM","project":"92ddc83aceaa9edad1485397ccc1680a8fd16623aa2c155379eac4aafdb2a559","type":"edit"},"id":"IDEA_MODULE"}}
{"recorder_version":"21","session":"c8f0ef2d9f57","build":"192.6262.58","bucket":"189","time":1574812672560,"group":{"id":"lifecycle","version":"21"},"event":{"count":1,"data":{"created":1574812672560,"project":"92ddc83aceaa9edad1485397ccc1680a8fd16623aa2c155379eac4aafdb2a559"},"id":"frame.deactivated"}}
{"recorder_version":"21","session":"c8f0ef2d9f57","build":"192.6262.58","bucket":"189","time":1574812677487,"group":{"id":"performance","version":"21"},"event":{"count":1,"data":{"duration_ms":0,"created":1574812677487},"id":"ui.latency"}}
{"recorder_version":"21","session":"c8f0ef2d9f57","build":"192.6262.58","bucket":"189","time":1574812691249,"group":{"id":"lifecycle","version":"21"},"event":{"count":1,"data":{"created":1574812691250,"project":"92ddc83aceaa9edad1485397ccc1680a8fd16623aa2c155379eac4aafdb2a559"},"id":"frame.activated"}}
{"recorder_version":"21","session":"c8f0ef2d9f57","build":"192.6262.58","bucket":"189","time":1574812691727,"group":{"id":"lifecycle","version":"21"},"event":{"count":1,"data":{"restart":false,"created":1574812691727},"id":"ide.close"}}
{"recorder_version":"21","session":"c8f0ef2d9f57","build":"192.6262.58","bucket":"189","time":1574812691878,"group":{"id":"lifecycle","version":"21"},"event":{"count":1,"data":{"created":1574812691878,"project":"92ddc83aceaa9edad1485397ccc1680a8fd16623aa2c155379eac4aafdb2a559"},"id":"project.closed"}}
