{"recorder_version":"21","session":"0aa2e925bbbb","build":"192.6262.58","bucket":"189","time":1574811533893,"group":{"id":"settings","version":"4"},"event":{"state":true,"data":{"component":"NotRoamableUiSettings","created":1574811534057},"id":"invoked"}}
{"recorder_version":"21","session":"0aa2e925bbbb","build":"192.6262.58","bucket":"189","time":1574811533895,"group":{"id":"system.java","version":"1"},"event":{"state":true,"data":{"created":1574811534060,"version":"1.11"},"id":"JetBrains"}}
{"recorder_version":"21","session":"0aa2e925bbbb","build":"192.6262.58","bucket":"189","time":1574811533895,"group":{"id":"system.java","version":"1"},"event":{"state":true,"data":{"created":1574811534067},"id":"invoked"}}
{"recorder_version":"21","session":"0aa2e925bbbb","build":"192.6262.58","bucket":"189","time":1574811533896,"group":{"id":"settings","version":"4"},"event":{"state":true,"data":{"component":"UISettings","created":1574811534068},"id":"invoked"}}
{"recorder_version":"21","session":"0aa2e925bbbb","build":"192.6262.58","bucket":"189","time":1574811533916,"group":{"id":"system.os","version":"3"},"event":{"state":true,"data":{"created":1574811534069,"version":"10.14"},"id":"Mac"}}
{"recorder_version":"21","session":"0aa2e925bbbb","build":"192.6262.58","bucket":"189","time":1574811533916,"group":{"id":"system.os","version":"3"},"event":{"state":true,"data":{"created":1574811534069,"name":"Mac","version":"10.14"},"id":"os.name"}}
{"recorder_version":"21","session":"0aa2e925bbbb","build":"192.6262.58","bucket":"189","time":1574811533916,"group":{"id":"system.os","version":"3"},"event":{"state":true,"data":{"created":1574811534070,"value":"+09_00"},"id":"os.timezone"}}
{"recorder_version":"21","session":"0aa2e925bbbb","build":"192.6262.58","bucket":"189","time":1574811533916,"group":{"id":"system.os","version":"3"},"event":{"state":true,"data":{"created":1574811534071},"id":"invoked"}}
{"recorder_version":"21","session":"0aa2e925bbbb","build":"192.6262.58","bucket":"189","time":1574811534057,"group":{"id":"event.log","version":"21"},"event":{"count":1,"data":{"created":1574811534072,"version":"930.0"},"id":"whitelist.loaded"}}
{"recorder_version":"21","session":"0aa2e925bbbb","build":"192.6262.58","bucket":"189","time":1574811536302,"group":{"id":"settings","version":"4"},"event":{"state":true,"data":{"component":"UpdatesConfigurable","created":1574811536303,"name":"checkNeeded","type":"bool","value":false},"id":"not.default"}}
{"recorder_version":"21","session":"0aa2e925bbbb","build":"192.6262.58","bucket":"189","time":1574811536302,"group":{"id":"settings","version":"4"},"event":{"state":true,"data":{"component":"UpdatesConfigurable","created":1574811536304},"id":"invoked"}}
{"recorder_version":"21","session":"0aa2e925bbbb","build":"192.6262.58","bucket":"189","time":1574811536418,"group":{"id":"settings","version":"4"},"event":{"state":true,"data":{"component":"GeneralSettings","created":1574811536420,"name":"confirmExit","type":"bool","value":false},"id":"not.default"}}
{"recorder_version":"21","session":"0aa2e925bbbb","build":"192.6262.58","bucket":"189","time":1574811536418,"group":{"id":"settings","version":"4"},"event":{"state":true,"data":{"component":"GeneralSettings","created":1574811536423,"name":"showTipsOnStartup","type":"bool","value":false},"id":"not.default"}}
{"recorder_version":"21","session":"0aa2e925bbbb","build":"192.6262.58","bucket":"189","time":1574811536418,"group":{"id":"settings","version":"4"},"event":{"state":true,"data":{"component":"GeneralSettings","created":1574811536428},"id":"invoked"}}
{"recorder_version":"21","session":"0aa2e925bbbb","build":"192.6262.58","bucket":"189","time":1574811536432,"group":{"id":"lifecycle","version":"21"},"event":{"count":1,"data":{"internal":true,"eap":false,"created":1574811536432},"id":"ide.start"}}
{"recorder_version":"21","session":"0aa2e925bbbb","build":"192.6262.58","bucket":"189","time":1574811536705,"group":{"id":"lifecycle","version":"21"},"event":{"count":1,"data":{"created":1574811536706},"id":"frame.activated"}}
{"recorder_version":"21","session":"0aa2e925bbbb","build":"192.6262.58","bucket":"189","time":1574811536969,"group":{"id":"performance","version":"21"},"event":{"count":1,"data":{"duration_ms":1,"created":1574811536969},"id":"ui.latency"}}
{"recorder_version":"21","session":"0aa2e925bbbb","build":"192.6262.58","bucket":"189","time":1574811537175,"group":{"id":"ui.dialogs","version":"21"},"event":{"count":1,"data":{"created":1574811537176,"plugin_type":"PLATFORM","type":"show"},"id":"com.intellij.openapi.progress.util.ProgressDialog$MyDialogWrapper"}}
{"recorder_version":"21","session":"0aa2e925bbbb","build":"192.6262.58","bucket":"189","time":1574811538153,"group":{"id":"lifecycle","version":"21"},"event":{"count":1,"data":{"created":1574811538153,"project":"92ddc83aceaa9edad1485397ccc1680a8fd16623aa2c155379eac4aafdb2a559"},"id":"project.opened"}}
{"recorder_version":"21","session":"0aa2e925bbbb","build":"192.6262.58","bucket":"189","time":1574811539910,"group":{"id":"settings","version":"4"},"event":{"state":true,"data":{"component":"XmlEditorOptions","created":1574811539910},"id":"invoked"}}
{"recorder_version":"21","session":"0aa2e925bbbb","build":"192.6262.58","bucket":"189","time":1574811540142,"group":{"id":"toolwindow","version":"21"},"event":{"count":1,"data":{"os":"Mac","created":1574811540142,"plugin_type":"PLATFORM"},"id":"Project"}}
{"recorder_version":"21","session":"0aa2e925bbbb","build":"192.6262.58","bucket":"189","time":1574811542460,"group":{"id":"kotlin.jps.target","version":"1"},"event":{"count":1,"data":{"plugin_version":"validation.undefined_rule","created":1574811542460},"id":"validation.undefined_rule"}}
{"recorder_version":"21","session":"0aa2e925bbbb","build":"192.6262.58","bucket":"189","time":1574811542481,"group":{"id":"project.fs","version":"1"},"event":{"state":true,"data":{"os":"Mac","cs-project":false,"created":1574811542481,"project":"92ddc83aceaa9edad1485397ccc1680a8fd16623aa2c155379eac4aafdb2a559","cs-implicit":true,"cs-system":false},"id":"case-sensitivity"}}
{"recorder_version":"21","session":"0aa2e925bbbb","build":"192.6262.58","bucket":"189","time":1574811542481,"group":{"id":"project.fs","version":"1"},"event":{"state":true,"data":{"created":1574811542482},"id":"invoked"}}
{"recorder_version":"21","session":"0aa2e925bbbb","build":"192.6262.58","bucket":"189","time":1574811542483,"group":{"id":"project.fs","version":"1"},"event":{"state":true,"data":{"pct-non-watched":0,"created":1574811542483,"project":"92ddc83aceaa9edad1485397ccc1680a8fd16623aa2c155379eac4aafdb2a559"},"id":"roots-watched"}}
{"recorder_version":"21","session":"0aa2e925bbbb","build":"192.6262.58","bucket":"189","time":1574811542483,"group":{"id":"project.fs","version":"1"},"event":{"state":true,"data":{"created":1574811542483},"id":"invoked"}}
{"recorder_version":"21","session":"0aa2e925bbbb","build":"192.6262.58","bucket":"189","time":1574811542557,"group":{"id":"ui.dialogs","version":"21"},"event":{"count":1,"data":{"code":1,"created":1574811542557,"plugin_type":"PLATFORM","type":"close"},"id":"com.intellij.openapi.progress.util.ProgressDialog$MyDialogWrapper"}}
{"recorder_version":"21","session":"0aa2e925bbbb","build":"192.6262.58","bucket":"189","time":1574811542676,"group":{"id":"lifecycle","version":"21"},"event":{"count":1,"data":{"duration_ms":5747,"created":1574811542676,"project":"92ddc83aceaa9edad1485397ccc1680a8fd16623aa2c155379eac4aafdb2a559"},"id":"project.opening.finished"}}
{"recorder_version":"21","session":"0aa2e925bbbb","build":"192.6262.58","bucket":"189","time":1574811543124,"group":{"id":"performance","version":"21"},"event":{"count":1,"data":{"duration_ms":147,"created":1574811543124},"id":"ui.lagging"}}
{"recorder_version":"21","session":"0aa2e925bbbb","build":"192.6262.58","bucket":"189","time":1574811544347,"group":{"id":"file.types.usage","version":"21"},"event":{"count":1,"data":{"created":1574811544347,"plugin_type":"PLATFORM","project":"92ddc83aceaa9edad1485397ccc1680a8fd16623aa2c155379eac4aafdb2a559","type":"edit"},"id":"IDEA_MODULE"}}
{"recorder_version":"21","session":"0aa2e925bbbb","build":"192.6262.58","bucket":"189","time":1574811545940,"group":{"id":"actions","version":"21"},"event":{"count":16,"data":{"context_menu":false,"last":1574811576135,"current_file":"TEXT","created":1574811545940,"plugin_type":"PLATFORM","project":"92ddc83aceaa9edad1485397ccc1680a8fd16623aa2c155379eac4aafdb2a559","place":"keyboard_shortcut","class":"com.intellij.openapi.editor.actions.EnterAction","input_event":"Enter"},"id":"EditorEnter"}}
{"recorder_version":"21","session":"0aa2e925bbbb","build":"192.6262.58","bucket":"189","time":1574811589037,"group":{"id":"actions","version":"21"},"event":{"count":2,"data":{"context_menu":false,"last":1574811597263,"current_file":"TEXT","created":1574811589037,"plugin_type":"PLATFORM","project":"92ddc83aceaa9edad1485397ccc1680a8fd16623aa2c155379eac4aafdb2a559","place":"keyboard_shortcut","class":"com.intellij.openapi.editor.actions.EnterAction","input_event":"Enter"},"id":"EditorEnter"}}
{"recorder_version":"21","session":"0aa2e925bbbb","build":"192.6262.58","bucket":"189","time":1574811627008,"group":{"id":"lifecycle","version":"21"},"event":{"count":1,"data":{"created":1574811627009,"project":"92ddc83aceaa9edad1485397ccc1680a8fd16623aa2c155379eac4aafdb2a559"},"id":"frame.deactivated"}}
{"recorder_version":"21","session":"0aa2e925bbbb","build":"192.6262.58","bucket":"189","time":1574811637234,"group":{"id":"performance","version":"21"},"event":{"count":1,"data":{"duration_ms":0,"created":1574811637234},"id":"ui.latency"}}
{"recorder_version":"21","session":"0aa2e925bbbb","build":"192.6262.58","bucket":"189","time":1574811643521,"group":{"id":"lifecycle","version":"21"},"event":{"count":1,"data":{"created":1574811643521,"project":"92ddc83aceaa9edad1485397ccc1680a8fd16623aa2c155379eac4aafdb2a559"},"id":"frame.activated"}}
{"recorder_version":"21","session":"0aa2e925bbbb","build":"192.6262.58","bucket":"189","time":1574811644615,"group":{"id":"lifecycle","version":"21"},"event":{"count":1,"data":{"restart":false,"created":1574811644615},"id":"ide.close"}}
{"recorder_version":"21","session":"0aa2e925bbbb","build":"192.6262.58","bucket":"189","time":1574811644736,"group":{"id":"lifecycle","version":"21"},"event":{"count":1,"data":{"created":1574811644736,"project":"92ddc83aceaa9edad1485397ccc1680a8fd16623aa2c155379eac4aafdb2a559"},"id":"project.closed"}}
