{"recorder_version":"21","session":"2484fbcb79f2","build":"192.6262.58","bucket":"189","time":1574438460851,"group":{"id":"settings","version":"4"},"event":{"state":true,"data":{"component":"NotRoamableUiSettings","created":1574438461011},"id":"invoked"}}
{"recorder_version":"21","session":"2484fbcb79f2","build":"192.6262.58","bucket":"189","time":1574438460853,"group":{"id":"settings","version":"4"},"event":{"state":true,"data":{"component":"UISettings","created":1574438461014},"id":"invoked"}}
{"recorder_version":"21","session":"2484fbcb79f2","build":"192.6262.58","bucket":"189","time":1574438460853,"group":{"id":"system.java","version":"1"},"event":{"state":true,"data":{"created":1574438461024,"version":"1.11"},"id":"JetBrains"}}
{"recorder_version":"21","session":"2484fbcb79f2","build":"192.6262.58","bucket":"189","time":1574438460853,"group":{"id":"system.java","version":"1"},"event":{"state":true,"data":{"created":1574438461025},"id":"invoked"}}
{"recorder_version":"21","session":"2484fbcb79f2","build":"192.6262.58","bucket":"189","time":1574438460873,"group":{"id":"system.os","version":"3"},"event":{"state":true,"data":{"created":1574438461026,"version":"10.14"},"id":"Mac"}}
{"recorder_version":"21","session":"2484fbcb79f2","build":"192.6262.58","bucket":"189","time":1574438460873,"group":{"id":"system.os","version":"3"},"event":{"state":true,"data":{"created":1574438461027,"name":"Mac","version":"10.14"},"id":"os.name"}}
{"recorder_version":"21","session":"2484fbcb79f2","build":"192.6262.58","bucket":"189","time":1574438460873,"group":{"id":"system.os","version":"3"},"event":{"state":true,"data":{"created":1574438461028,"value":"+09_00"},"id":"os.timezone"}}
{"recorder_version":"21","session":"2484fbcb79f2","build":"192.6262.58","bucket":"189","time":1574438460873,"group":{"id":"system.os","version":"3"},"event":{"state":true,"data":{"created":1574438461028},"id":"invoked"}}
{"recorder_version":"21","session":"2484fbcb79f2","build":"192.6262.58","bucket":"189","time":1574438461010,"group":{"id":"event.log","version":"21"},"event":{"count":1,"data":{"created":1574438461029,"version":"916.0"},"id":"whitelist.loaded"}}
{"recorder_version":"21","session":"2484fbcb79f2","build":"192.6262.58","bucket":"189","time":1574438463241,"group":{"id":"settings","version":"4"},"event":{"state":true,"data":{"component":"UpdatesConfigurable","created":1574438463242,"name":"checkNeeded","type":"bool","value":false},"id":"not.default"}}
{"recorder_version":"21","session":"2484fbcb79f2","build":"192.6262.58","bucket":"189","time":1574438463241,"group":{"id":"settings","version":"4"},"event":{"state":true,"data":{"component":"UpdatesConfigurable","created":1574438463242},"id":"invoked"}}
{"recorder_version":"21","session":"2484fbcb79f2","build":"192.6262.58","bucket":"189","time":1574438463385,"group":{"id":"settings","version":"4"},"event":{"state":true,"data":{"component":"GeneralSettings","created":1574438463388,"name":"confirmExit","type":"bool","value":false},"id":"not.default"}}
{"recorder_version":"21","session":"2484fbcb79f2","build":"192.6262.58","bucket":"189","time":1574438463386,"group":{"id":"settings","version":"4"},"event":{"state":true,"data":{"component":"GeneralSettings","created":1574438463389,"name":"showTipsOnStartup","type":"bool","value":false},"id":"not.default"}}
{"recorder_version":"21","session":"2484fbcb79f2","build":"192.6262.58","bucket":"189","time":1574438463387,"group":{"id":"settings","version":"4"},"event":{"state":true,"data":{"component":"GeneralSettings","created":1574438463389},"id":"invoked"}}
{"recorder_version":"21","session":"2484fbcb79f2","build":"192.6262.58","bucket":"189","time":1574438463396,"group":{"id":"lifecycle","version":"21"},"event":{"count":1,"data":{"internal":true,"eap":false,"created":1574438463398},"id":"ide.start"}}
{"recorder_version":"21","session":"2484fbcb79f2","build":"192.6262.58","bucket":"189","time":1574438463694,"group":{"id":"lifecycle","version":"21"},"event":{"count":1,"data":{"created":1574438463694},"id":"frame.activated"}}
{"recorder_version":"21","session":"2484fbcb79f2","build":"192.6262.58","bucket":"189","time":1574438463946,"group":{"id":"performance","version":"21"},"event":{"count":1,"data":{"duration_ms":1,"created":1574438463946},"id":"ui.latency"}}
{"recorder_version":"21","session":"2484fbcb79f2","build":"192.6262.58","bucket":"189","time":1574438464191,"group":{"id":"ui.dialogs","version":"21"},"event":{"count":1,"data":{"created":1574438464191,"plugin_type":"PLATFORM","type":"show"},"id":"com.intellij.openapi.progress.util.ProgressDialog$MyDialogWrapper"}}
{"recorder_version":"21","session":"2484fbcb79f2","build":"192.6262.58","bucket":"189","time":1574438465253,"group":{"id":"lifecycle","version":"21"},"event":{"count":1,"data":{"created":1574438465253,"project":"a0f12fb42952fc36a102045bdbb22ad1f15aa9443e9c675024683f4da70c8bc4"},"id":"project.opened"}}
{"recorder_version":"21","session":"2484fbcb79f2","build":"192.6262.58","bucket":"189","time":1574438466829,"group":{"id":"settings","version":"4"},"event":{"state":true,"data":{"component":"XmlEditorOptions","created":1574438466829},"id":"invoked"}}
{"recorder_version":"21","session":"2484fbcb79f2","build":"192.6262.58","bucket":"189","time":1574438467008,"group":{"id":"toolwindow","version":"21"},"event":{"count":1,"data":{"os":"Mac","created":1574438467008,"plugin_type":"PLATFORM"},"id":"Project"}}
{"recorder_version":"21","session":"2484fbcb79f2","build":"192.6262.58","bucket":"189","time":1574438467395,"group":{"id":"performance","version":"21"},"event":{"count":1,"data":{"duration_ms":442,"created":1574438467395},"id":"ui.lagging"}}
{"recorder_version":"21","session":"2484fbcb79f2","build":"192.6262.58","bucket":"189","time":1574438469460,"group":{"id":"project.fs","version":"1"},"event":{"state":true,"data":{"os":"Mac","cs-project":false,"created":1574438469460,"project":"a0f12fb42952fc36a102045bdbb22ad1f15aa9443e9c675024683f4da70c8bc4","cs-implicit":true,"cs-system":false},"id":"case-sensitivity"}}
{"recorder_version":"21","session":"2484fbcb79f2","build":"192.6262.58","bucket":"189","time":1574438469461,"group":{"id":"project.fs","version":"1"},"event":{"state":true,"data":{"created":1574438469461},"id":"invoked"}}
{"recorder_version":"21","session":"2484fbcb79f2","build":"192.6262.58","bucket":"189","time":1574438469462,"group":{"id":"project.fs","version":"1"},"event":{"state":true,"data":{"pct-non-watched":0,"created":1574438469462,"project":"a0f12fb42952fc36a102045bdbb22ad1f15aa9443e9c675024683f4da70c8bc4"},"id":"roots-watched"}}
{"recorder_version":"21","session":"2484fbcb79f2","build":"192.6262.58","bucket":"189","time":1574438469462,"group":{"id":"project.fs","version":"1"},"event":{"state":true,"data":{"created":1574438469463},"id":"invoked"}}
{"recorder_version":"21","session":"2484fbcb79f2","build":"192.6262.58","bucket":"189","time":1574438469574,"group":{"id":"ui.dialogs","version":"21"},"event":{"count":1,"data":{"code":1,"created":1574438469574,"plugin_type":"PLATFORM","type":"close"},"id":"com.intellij.openapi.progress.util.ProgressDialog$MyDialogWrapper"}}
{"recorder_version":"21","session":"2484fbcb79f2","build":"192.6262.58","bucket":"189","time":1574438469746,"group":{"id":"lifecycle","version":"21"},"event":{"count":1,"data":{"duration_ms":5831,"created":1574438469746,"project":"a0f12fb42952fc36a102045bdbb22ad1f15aa9443e9c675024683f4da70c8bc4"},"id":"project.opening.finished"}}
{"recorder_version":"21","session":"2484fbcb79f2","build":"192.6262.58","bucket":"189","time":1574438470168,"group":{"id":"performance","version":"21"},"event":{"count":1,"data":{"duration_ms":215,"created":1574438470168},"id":"ui.lagging"}}
{"recorder_version":"21","session":"2484fbcb79f2","build":"192.6262.58","bucket":"189","time":1574438470546,"group":{"id":"kotlin.jps.target","version":"1"},"event":{"count":1,"data":{"plugin_version":"1.3.41-release-IJ2019.2-1","created":1574438470546},"id":"jvm"}}
{"recorder_version":"21","session":"2484fbcb79f2","build":"192.6262.58","bucket":"189","time":1574438470995,"group":{"id":"productivity","version":"21"},"event":{"count":1,"data":{"created":1574438470995,"plugin_type":"PLATFORM"},"id":"ui.tree.speedsearch"}}
{"recorder_version":"21","session":"2484fbcb79f2","build":"192.6262.58","bucket":"189","time":1574438471855,"group":{"id":"file.types.usage","version":"21"},"event":{"count":1,"data":{"plugin":"com.intellij.java","created":1574438471855,"plugin_type":"JB_BUNDLED","project":"a0f12fb42952fc36a102045bdbb22ad1f15aa9443e9c675024683f4da70c8bc4","type":"edit"},"id":"JAVA"}}
{"recorder_version":"21","session":"2484fbcb79f2","build":"192.6262.58","bucket":"189","time":1574438473053,"group":{"id":"actions","version":"21"},"event":{"count":14,"data":{"context_menu":false,"last":1574438482123,"created":1574438473053,"plugin_type":"PLATFORM","project":"a0f12fb42952fc36a102045bdbb22ad1f15aa9443e9c675024683f4da70c8bc4","place":"keyboard_shortcut","class":"com.intellij.openapi.editor.actions.BackspaceAction","input_event":"Backspace"},"id":"EditorBackSpace"}}
{"recorder_version":"21","session":"2484fbcb79f2","build":"192.6262.58","bucket":"189","time":1574438484727,"group":{"id":"lifecycle","version":"21"},"event":{"count":1,"data":{"created":1574438484728,"project":"a0f12fb42952fc36a102045bdbb22ad1f15aa9443e9c675024683f4da70c8bc4"},"id":"frame.deactivated"}}
{"recorder_version":"21","session":"2484fbcb79f2","build":"192.6262.58","bucket":"189","time":1574438526774,"group":{"id":"lifecycle","version":"21"},"event":{"count":1,"data":{"created":1574438526774,"project":"a0f12fb42952fc36a102045bdbb22ad1f15aa9443e9c675024683f4da70c8bc4"},"id":"frame.activated"}}
{"recorder_version":"21","session":"2484fbcb79f2","build":"192.6262.58","bucket":"189","time":1574438527099,"group":{"id":"lifecycle","version":"21"},"event":{"count":1,"data":{"restart":false,"created":1574438527101},"id":"ide.close"}}
{"recorder_version":"21","session":"2484fbcb79f2","build":"192.6262.58","bucket":"189","time":1574438527218,"group":{"id":"lifecycle","version":"21"},"event":{"count":1,"data":{"created":1574438527218,"project":"a0f12fb42952fc36a102045bdbb22ad1f15aa9443e9c675024683f4da70c8bc4"},"id":"project.closed"}}
