{"recorder_version":"21","session":"b16a9773d6a8","build":"192.6262.58","bucket":"189","time":1574798584480,"group":{"id":"settings","version":"4"},"event":{"state":true,"data":{"component":"NotRoamableUiSettings","created":1574798584651},"id":"invoked"}}
{"recorder_version":"21","session":"b16a9773d6a8","build":"192.6262.58","bucket":"189","time":1574798584482,"group":{"id":"system.java","version":"1"},"event":{"state":true,"data":{"created":1574798584653,"version":"1.11"},"id":"JetBrains"}}
{"recorder_version":"21","session":"b16a9773d6a8","build":"192.6262.58","bucket":"189","time":1574798584483,"group":{"id":"system.java","version":"1"},"event":{"state":true,"data":{"created":1574798584663},"id":"invoked"}}
{"recorder_version":"21","session":"b16a9773d6a8","build":"192.6262.58","bucket":"189","time":1574798584483,"group":{"id":"settings","version":"4"},"event":{"state":true,"data":{"component":"UISettings","created":1574798584664},"id":"invoked"}}
{"recorder_version":"21","session":"b16a9773d6a8","build":"192.6262.58","bucket":"189","time":1574798584509,"group":{"id":"system.os","version":"3"},"event":{"state":true,"data":{"created":1574798584665,"version":"10.14"},"id":"Mac"}}
{"recorder_version":"21","session":"b16a9773d6a8","build":"192.6262.58","bucket":"189","time":1574798584509,"group":{"id":"system.os","version":"3"},"event":{"state":true,"data":{"created":1574798584665,"name":"Mac","version":"10.14"},"id":"os.name"}}
{"recorder_version":"21","session":"b16a9773d6a8","build":"192.6262.58","bucket":"189","time":1574798584509,"group":{"id":"system.os","version":"3"},"event":{"state":true,"data":{"created":1574798584666,"value":"+09_00"},"id":"os.timezone"}}
{"recorder_version":"21","session":"b16a9773d6a8","build":"192.6262.58","bucket":"189","time":1574798584509,"group":{"id":"system.os","version":"3"},"event":{"state":true,"data":{"created":1574798584668},"id":"invoked"}}
{"recorder_version":"21","session":"b16a9773d6a8","build":"192.6262.58","bucket":"189","time":1574798584651,"group":{"id":"event.log","version":"21"},"event":{"count":1,"data":{"created":1574798584668,"version":"930.0"},"id":"whitelist.loaded"}}
{"recorder_version":"21","session":"b16a9773d6a8","build":"192.6262.58","bucket":"189","time":1574798586805,"group":{"id":"settings","version":"4"},"event":{"state":true,"data":{"component":"UpdatesConfigurable","created":1574798586808,"name":"checkNeeded","type":"bool","value":false},"id":"not.default"}}
{"recorder_version":"21","session":"b16a9773d6a8","build":"192.6262.58","bucket":"189","time":1574798586805,"group":{"id":"settings","version":"4"},"event":{"state":true,"data":{"component":"UpdatesConfigurable","created":1574798586809},"id":"invoked"}}
{"recorder_version":"21","session":"b16a9773d6a8","build":"192.6262.58","bucket":"189","time":1574798586926,"group":{"id":"settings","version":"4"},"event":{"state":true,"data":{"component":"GeneralSettings","created":1574798586926,"name":"confirmExit","type":"bool","value":false},"id":"not.default"}}
{"recorder_version":"21","session":"b16a9773d6a8","build":"192.6262.58","bucket":"189","time":1574798586926,"group":{"id":"settings","version":"4"},"event":{"state":true,"data":{"component":"GeneralSettings","created":1574798586944,"name":"showTipsOnStartup","type":"bool","value":false},"id":"not.default"}}
{"recorder_version":"21","session":"b16a9773d6a8","build":"192.6262.58","bucket":"189","time":1574798586926,"group":{"id":"settings","version":"4"},"event":{"state":true,"data":{"component":"GeneralSettings","created":1574798586945},"id":"invoked"}}
{"recorder_version":"21","session":"b16a9773d6a8","build":"192.6262.58","bucket":"189","time":1574798586950,"group":{"id":"lifecycle","version":"21"},"event":{"count":1,"data":{"internal":true,"eap":false,"created":1574798586950},"id":"ide.start"}}
{"recorder_version":"21","session":"b16a9773d6a8","build":"192.6262.58","bucket":"189","time":1574798587287,"group":{"id":"lifecycle","version":"21"},"event":{"count":1,"data":{"created":1574798587287},"id":"frame.activated"}}
{"recorder_version":"21","session":"b16a9773d6a8","build":"192.6262.58","bucket":"189","time":1574798587483,"group":{"id":"performance","version":"21"},"event":{"count":1,"data":{"duration_ms":1,"created":1574798587483},"id":"ui.latency"}}
{"recorder_version":"21","session":"b16a9773d6a8","build":"192.6262.58","bucket":"189","time":1574798587762,"group":{"id":"ui.dialogs","version":"21"},"event":{"count":1,"data":{"created":1574798587762,"plugin_type":"PLATFORM","type":"show"},"id":"com.intellij.openapi.progress.util.ProgressDialog$MyDialogWrapper"}}
{"recorder_version":"21","session":"b16a9773d6a8","build":"192.6262.58","bucket":"189","time":1574798588745,"group":{"id":"lifecycle","version":"21"},"event":{"count":1,"data":{"created":1574798588745,"project":"92ddc83aceaa9edad1485397ccc1680a8fd16623aa2c155379eac4aafdb2a559"},"id":"project.opened"}}
{"recorder_version":"21","session":"b16a9773d6a8","build":"192.6262.58","bucket":"189","time":1574798590377,"group":{"id":"settings","version":"4"},"event":{"state":true,"data":{"component":"XmlEditorOptions","created":1574798590378},"id":"invoked"}}
{"recorder_version":"21","session":"b16a9773d6a8","build":"192.6262.58","bucket":"189","time":1574798590549,"group":{"id":"toolwindow","version":"21"},"event":{"count":1,"data":{"os":"Mac","created":1574798590549,"plugin_type":"PLATFORM"},"id":"Project"}}
{"recorder_version":"21","session":"b16a9773d6a8","build":"192.6262.58","bucket":"189","time":1574798592644,"group":{"id":"kotlin.jps.target","version":"1"},"event":{"count":1,"data":{"plugin_version":"validation.undefined_rule","created":1574798592644},"id":"validation.undefined_rule"}}
{"recorder_version":"21","session":"b16a9773d6a8","build":"192.6262.58","bucket":"189","time":1574798592672,"group":{"id":"project.fs","version":"1"},"event":{"state":true,"data":{"os":"Mac","cs-project":false,"created":1574798592672,"project":"92ddc83aceaa9edad1485397ccc1680a8fd16623aa2c155379eac4aafdb2a559","cs-implicit":true,"cs-system":false},"id":"case-sensitivity"}}
{"recorder_version":"21","session":"b16a9773d6a8","build":"192.6262.58","bucket":"189","time":1574798592672,"group":{"id":"project.fs","version":"1"},"event":{"state":true,"data":{"created":1574798592672},"id":"invoked"}}
{"recorder_version":"21","session":"b16a9773d6a8","build":"192.6262.58","bucket":"189","time":1574798592672,"group":{"id":"project.fs","version":"1"},"event":{"state":true,"data":{"pct-non-watched":0,"created":1574798592673,"project":"92ddc83aceaa9edad1485397ccc1680a8fd16623aa2c155379eac4aafdb2a559"},"id":"roots-watched"}}
{"recorder_version":"21","session":"b16a9773d6a8","build":"192.6262.58","bucket":"189","time":1574798592672,"group":{"id":"project.fs","version":"1"},"event":{"state":true,"data":{"created":1574798592673},"id":"invoked"}}
{"recorder_version":"21","session":"b16a9773d6a8","build":"192.6262.58","bucket":"189","time":1574798592773,"group":{"id":"ui.dialogs","version":"21"},"event":{"count":1,"data":{"code":1,"created":1574798592774,"plugin_type":"PLATFORM","type":"close"},"id":"com.intellij.openapi.progress.util.ProgressDialog$MyDialogWrapper"}}
{"recorder_version":"21","session":"b16a9773d6a8","build":"192.6262.58","bucket":"189","time":1574798592919,"group":{"id":"lifecycle","version":"21"},"event":{"count":1,"data":{"duration_ms":5424,"created":1574798592920,"project":"92ddc83aceaa9edad1485397ccc1680a8fd16623aa2c155379eac4aafdb2a559"},"id":"project.opening.finished"}}
{"recorder_version":"21","session":"b16a9773d6a8","build":"192.6262.58","bucket":"189","time":1574798596829,"group":{"id":"file.types.usage","version":"21"},"event":{"count":1,"data":{"created":1574798596829,"plugin_type":"PLATFORM","project":"92ddc83aceaa9edad1485397ccc1680a8fd16623aa2c155379eac4aafdb2a559","type":"edit"},"id":"IDEA_MODULE"}}
{"recorder_version":"21","session":"b16a9773d6a8","build":"192.6262.58","bucket":"189","time":1574798600179,"group":{"id":"actions","version":"21"},"event":{"count":2,"data":{"context_menu":false,"last":1574798601910,"current_file":"TEXT","created":1574798600179,"plugin_type":"PLATFORM","project":"92ddc83aceaa9edad1485397ccc1680a8fd16623aa2c155379eac4aafdb2a559","place":"keyboard_shortcut","class":"com.intellij.openapi.editor.actions.BackspaceAction","input_event":"Backspace"},"id":"EditorBackSpace"}}
{"recorder_version":"21","session":"b16a9773d6a8","build":"192.6262.58","bucket":"189","time":1574798650302,"group":{"id":"lifecycle","version":"21"},"event":{"count":1,"data":{"created":1574798650303,"project":"92ddc83aceaa9edad1485397ccc1680a8fd16623aa2c155379eac4aafdb2a559"},"id":"frame.deactivated"}}
{"recorder_version":"21","session":"b16a9773d6a8","build":"192.6262.58","bucket":"189","time":1574798687742,"group":{"id":"performance","version":"21"},"event":{"count":1,"data":{"duration_ms":0,"created":1574798687743},"id":"ui.latency"}}
{"recorder_version":"21","session":"b16a9773d6a8","build":"192.6262.58","bucket":"189","time":1574798717260,"group":{"id":"lifecycle","version":"21"},"event":{"count":1,"data":{"created":1574798717260,"project":"92ddc83aceaa9edad1485397ccc1680a8fd16623aa2c155379eac4aafdb2a559"},"id":"frame.activated"}}
{"recorder_version":"21","session":"b16a9773d6a8","build":"192.6262.58","bucket":"189","time":1574798717639,"group":{"id":"lifecycle","version":"21"},"event":{"count":1,"data":{"restart":false,"created":1574798717639},"id":"ide.close"}}
{"recorder_version":"21","session":"b16a9773d6a8","build":"192.6262.58","bucket":"189","time":1574798717718,"group":{"id":"lifecycle","version":"21"},"event":{"count":1,"data":{"created":1574798717718,"project":"92ddc83aceaa9edad1485397ccc1680a8fd16623aa2c155379eac4aafdb2a559"},"id":"project.closed"}}
