{"recorder_version":"21","session":"6da90dbba2d0","build":"192.6262.58","bucket":"189","time":1574432401940,"group":{"id":"settings","version":"4"},"event":{"state":true,"data":{"component":"NotRoamableUiSettings","created":1574432402082},"id":"invoked"}}
{"recorder_version":"21","session":"6da90dbba2d0","build":"192.6262.58","bucket":"189","time":1574432401942,"group":{"id":"system.java","version":"1"},"event":{"state":true,"data":{"created":1574432402083,"version":"1.11"},"id":"JetBrains"}}
{"recorder_version":"21","session":"6da90dbba2d0","build":"192.6262.58","bucket":"189","time":1574432401942,"group":{"id":"system.java","version":"1"},"event":{"state":true,"data":{"created":1574432402090},"id":"invoked"}}
{"recorder_version":"21","session":"6da90dbba2d0","build":"192.6262.58","bucket":"189","time":1574432401943,"group":{"id":"settings","version":"4"},"event":{"state":true,"data":{"component":"UISettings","created":1574432402091},"id":"invoked"}}
{"recorder_version":"21","session":"6da90dbba2d0","build":"192.6262.58","bucket":"189","time":1574432401964,"group":{"id":"system.os","version":"3"},"event":{"state":true,"data":{"created":1574432402091,"version":"10.14"},"id":"Mac"}}
{"recorder_version":"21","session":"6da90dbba2d0","build":"192.6262.58","bucket":"189","time":1574432401964,"group":{"id":"system.os","version":"3"},"event":{"state":true,"data":{"created":1574432402092,"name":"Mac","version":"10.14"},"id":"os.name"}}
{"recorder_version":"21","session":"6da90dbba2d0","build":"192.6262.58","bucket":"189","time":1574432401964,"group":{"id":"system.os","version":"3"},"event":{"state":true,"data":{"created":1574432402093,"value":"+09_00"},"id":"os.timezone"}}
{"recorder_version":"21","session":"6da90dbba2d0","build":"192.6262.58","bucket":"189","time":1574432401964,"group":{"id":"system.os","version":"3"},"event":{"state":true,"data":{"created":1574432402094},"id":"invoked"}}
{"recorder_version":"21","session":"6da90dbba2d0","build":"192.6262.58","bucket":"189","time":1574432402081,"group":{"id":"event.log","version":"21"},"event":{"count":1,"data":{"created":1574432402094,"version":"916.0"},"id":"whitelist.loaded"}}
{"recorder_version":"21","session":"6da90dbba2d0","build":"192.6262.58","bucket":"189","time":1574432404477,"group":{"id":"settings","version":"4"},"event":{"state":true,"data":{"component":"UpdatesConfigurable","created":1574432404477,"name":"checkNeeded","type":"bool","value":false},"id":"not.default"}}
{"recorder_version":"21","session":"6da90dbba2d0","build":"192.6262.58","bucket":"189","time":1574432404477,"group":{"id":"settings","version":"4"},"event":{"state":true,"data":{"component":"UpdatesConfigurable","created":1574432404478},"id":"invoked"}}
{"recorder_version":"21","session":"6da90dbba2d0","build":"192.6262.58","bucket":"189","time":1574432404619,"group":{"id":"settings","version":"4"},"event":{"state":true,"data":{"component":"GeneralSettings","created":1574432404619,"name":"confirmExit","type":"bool","value":false},"id":"not.default"}}
{"recorder_version":"21","session":"6da90dbba2d0","build":"192.6262.58","bucket":"189","time":1574432404619,"group":{"id":"settings","version":"4"},"event":{"state":true,"data":{"component":"GeneralSettings","created":1574432404620,"name":"showTipsOnStartup","type":"bool","value":false},"id":"not.default"}}
{"recorder_version":"21","session":"6da90dbba2d0","build":"192.6262.58","bucket":"189","time":1574432404619,"group":{"id":"settings","version":"4"},"event":{"state":true,"data":{"component":"GeneralSettings","created":1574432404622},"id":"invoked"}}
{"recorder_version":"21","session":"6da90dbba2d0","build":"192.6262.58","bucket":"189","time":1574432404624,"group":{"id":"lifecycle","version":"21"},"event":{"count":1,"data":{"internal":true,"eap":false,"created":1574432404624},"id":"ide.start"}}
{"recorder_version":"21","session":"6da90dbba2d0","build":"192.6262.58","bucket":"189","time":1574432404937,"group":{"id":"lifecycle","version":"21"},"event":{"count":1,"data":{"created":1574432404937},"id":"frame.activated"}}
{"recorder_version":"21","session":"6da90dbba2d0","build":"192.6262.58","bucket":"189","time":1574432405118,"group":{"id":"performance","version":"21"},"event":{"count":1,"data":{"duration_ms":3,"created":1574432405118},"id":"ui.latency"}}
{"recorder_version":"21","session":"6da90dbba2d0","build":"192.6262.58","bucket":"189","time":1574432405440,"group":{"id":"ui.dialogs","version":"21"},"event":{"count":1,"data":{"created":1574432405440,"plugin_type":"PLATFORM","type":"show"},"id":"com.intellij.openapi.progress.util.ProgressDialog$MyDialogWrapper"}}
{"recorder_version":"21","session":"6da90dbba2d0","build":"192.6262.58","bucket":"189","time":1574432406516,"group":{"id":"lifecycle","version":"21"},"event":{"count":1,"data":{"created":1574432406517,"project":"a0f12fb42952fc36a102045bdbb22ad1f15aa9443e9c675024683f4da70c8bc4"},"id":"project.opened"}}
{"recorder_version":"21","session":"6da90dbba2d0","build":"192.6262.58","bucket":"189","time":1574432408228,"group":{"id":"settings","version":"4"},"event":{"state":true,"data":{"component":"XmlEditorOptions","created":1574432408228},"id":"invoked"}}
{"recorder_version":"21","session":"6da90dbba2d0","build":"192.6262.58","bucket":"189","time":1574432408288,"group":{"id":"performance","version":"21"},"event":{"count":1,"data":{"duration_ms":165,"created":1574432408288},"id":"ui.lagging"}}
{"recorder_version":"21","session":"6da90dbba2d0","build":"192.6262.58","bucket":"189","time":1574432408400,"group":{"id":"toolwindow","version":"21"},"event":{"count":1,"data":{"os":"Mac","created":1574432408400,"plugin_type":"PLATFORM"},"id":"Project"}}
{"recorder_version":"21","session":"6da90dbba2d0","build":"192.6262.58","bucket":"189","time":1574432409318,"group":{"id":"performance","version":"21"},"event":{"count":1,"data":{"duration_ms":194,"created":1574432409318},"id":"ui.lagging"}}
{"recorder_version":"21","session":"6da90dbba2d0","build":"192.6262.58","bucket":"189","time":1574432410755,"group":{"id":"project.fs","version":"1"},"event":{"state":true,"data":{"os":"Mac","cs-project":false,"created":1574432410755,"project":"a0f12fb42952fc36a102045bdbb22ad1f15aa9443e9c675024683f4da70c8bc4","cs-implicit":true,"cs-system":false},"id":"case-sensitivity"}}
{"recorder_version":"21","session":"6da90dbba2d0","build":"192.6262.58","bucket":"189","time":1574432410755,"group":{"id":"project.fs","version":"1"},"event":{"state":true,"data":{"created":1574432410756},"id":"invoked"}}
{"recorder_version":"21","session":"6da90dbba2d0","build":"192.6262.58","bucket":"189","time":1574432410756,"group":{"id":"project.fs","version":"1"},"event":{"state":true,"data":{"pct-non-watched":0,"created":1574432410757,"project":"a0f12fb42952fc36a102045bdbb22ad1f15aa9443e9c675024683f4da70c8bc4"},"id":"roots-watched"}}
{"recorder_version":"21","session":"6da90dbba2d0","build":"192.6262.58","bucket":"189","time":1574432410756,"group":{"id":"project.fs","version":"1"},"event":{"state":true,"data":{"created":1574432410757},"id":"invoked"}}
{"recorder_version":"21","session":"6da90dbba2d0","build":"192.6262.58","bucket":"189","time":1574432410839,"group":{"id":"ui.dialogs","version":"21"},"event":{"count":1,"data":{"code":1,"created":1574432410839,"plugin_type":"PLATFORM","type":"close"},"id":"com.intellij.openapi.progress.util.ProgressDialog$MyDialogWrapper"}}
{"recorder_version":"21","session":"6da90dbba2d0","build":"192.6262.58","bucket":"189","time":1574432411317,"group":{"id":"lifecycle","version":"21"},"event":{"count":1,"data":{"duration_ms":6130,"created":1574432411317,"project":"a0f12fb42952fc36a102045bdbb22ad1f15aa9443e9c675024683f4da70c8bc4"},"id":"project.opening.finished"}}
{"recorder_version":"21","session":"6da90dbba2d0","build":"192.6262.58","bucket":"189","time":1574432411352,"group":{"id":"performance","version":"21"},"event":{"count":1,"data":{"duration_ms":227,"created":1574432411352},"id":"ui.lagging"}}
{"recorder_version":"21","session":"6da90dbba2d0","build":"192.6262.58","bucket":"189","time":1574432412562,"group":{"id":"file.types.usage","version":"21"},"event":{"count":1,"data":{"plugin":"com.intellij.java","created":1574432412562,"plugin_type":"JB_BUNDLED","project":"a0f12fb42952fc36a102045bdbb22ad1f15aa9443e9c675024683f4da70c8bc4","type":"edit"},"id":"JAVA"}}
{"recorder_version":"21","session":"6da90dbba2d0","build":"192.6262.58","bucket":"189","time":1574432412962,"group":{"id":"kotlin.jps.target","version":"1"},"event":{"count":1,"data":{"plugin_version":"1.3.41-release-IJ2019.2-1","created":1574432412962},"id":"jvm"}}
{"recorder_version":"21","session":"6da90dbba2d0","build":"192.6262.58","bucket":"189","time":1574432418104,"group":{"id":"lifecycle","version":"21"},"event":{"count":1,"data":{"restart":false,"created":1574432418104},"id":"ide.close"}}
{"recorder_version":"21","session":"6da90dbba2d0","build":"192.6262.58","bucket":"189","time":1574432418559,"group":{"id":"lifecycle","version":"21"},"event":{"count":1,"data":{"created":1574432418559,"project":"a0f12fb42952fc36a102045bdbb22ad1f15aa9443e9c675024683f4da70c8bc4"},"id":"project.closed"}}
