{"recorder_version":"21","session":"dfc5a4b0641c","build":"192.6262.58","bucket":"189","time":1575350904132,"group":{"id":"settings","version":"4"},"event":{"state":true,"data":{"component":"NotRoamableUiSettings","created":1575350904306},"id":"invoked"}}
{"recorder_version":"21","session":"dfc5a4b0641c","build":"192.6262.58","bucket":"189","time":1575350904134,"group":{"id":"system.java","version":"1"},"event":{"state":true,"data":{"created":1575350904308,"version":"1.11"},"id":"JetBrains"}}
{"recorder_version":"21","session":"dfc5a4b0641c","build":"192.6262.58","bucket":"189","time":1575350904134,"group":{"id":"system.java","version":"1"},"event":{"state":true,"data":{"created":1575350904316},"id":"invoked"}}
{"recorder_version":"21","session":"dfc5a4b0641c","build":"192.6262.58","bucket":"189","time":1575350904134,"group":{"id":"settings","version":"4"},"event":{"state":true,"data":{"component":"UISettings","created":1575350904317},"id":"invoked"}}
{"recorder_version":"21","session":"dfc5a4b0641c","build":"192.6262.58","bucket":"189","time":1575350904156,"group":{"id":"system.os","version":"3"},"event":{"state":true,"data":{"created":1575350904318,"version":"10.14"},"id":"Mac"}}
{"recorder_version":"21","session":"dfc5a4b0641c","build":"192.6262.58","bucket":"189","time":1575350904156,"group":{"id":"system.os","version":"3"},"event":{"state":true,"data":{"created":1575350904319,"name":"Mac","version":"10.14"},"id":"os.name"}}
{"recorder_version":"21","session":"dfc5a4b0641c","build":"192.6262.58","bucket":"189","time":1575350904156,"group":{"id":"system.os","version":"3"},"event":{"state":true,"data":{"created":1575350904320,"value":"+09_00"},"id":"os.timezone"}}
{"recorder_version":"21","session":"dfc5a4b0641c","build":"192.6262.58","bucket":"189","time":1575350904156,"group":{"id":"system.os","version":"3"},"event":{"state":true,"data":{"created":1575350904320},"id":"invoked"}}
{"recorder_version":"21","session":"dfc5a4b0641c","build":"192.6262.58","bucket":"189","time":1575350904306,"group":{"id":"event.log","version":"21"},"event":{"count":1,"data":{"created":1575350904321,"version":"943.0"},"id":"whitelist.loaded"}}
{"recorder_version":"21","session":"dfc5a4b0641c","build":"192.6262.58","bucket":"189","time":1575350906490,"group":{"id":"settings","version":"4"},"event":{"state":true,"data":{"component":"UpdatesConfigurable","created":1575350906491,"name":"checkNeeded","type":"bool","value":false},"id":"not.default"}}
{"recorder_version":"21","session":"dfc5a4b0641c","build":"192.6262.58","bucket":"189","time":1575350906490,"group":{"id":"settings","version":"4"},"event":{"state":true,"data":{"component":"UpdatesConfigurable","created":1575350906492},"id":"invoked"}}
{"recorder_version":"21","session":"dfc5a4b0641c","build":"192.6262.58","bucket":"189","time":1575350906623,"group":{"id":"settings","version":"4"},"event":{"state":true,"data":{"component":"GeneralSettings","created":1575350906624,"name":"confirmExit","type":"bool","value":false},"id":"not.default"}}
{"recorder_version":"21","session":"dfc5a4b0641c","build":"192.6262.58","bucket":"189","time":1575350906623,"group":{"id":"settings","version":"4"},"event":{"state":true,"data":{"component":"GeneralSettings","created":1575350906625,"name":"showTipsOnStartup","type":"bool","value":false},"id":"not.default"}}
{"recorder_version":"21","session":"dfc5a4b0641c","build":"192.6262.58","bucket":"189","time":1575350906623,"group":{"id":"settings","version":"4"},"event":{"state":true,"data":{"component":"GeneralSettings","created":1575350906626},"id":"invoked"}}
{"recorder_version":"21","session":"dfc5a4b0641c","build":"192.6262.58","bucket":"189","time":1575350906633,"group":{"id":"lifecycle","version":"21"},"event":{"count":1,"data":{"internal":true,"eap":false,"created":1575350906633},"id":"ide.start"}}
{"recorder_version":"21","session":"dfc5a4b0641c","build":"192.6262.58","bucket":"189","time":1575350906956,"group":{"id":"lifecycle","version":"21"},"event":{"count":1,"data":{"created":1575350906956},"id":"frame.activated"}}
{"recorder_version":"21","session":"dfc5a4b0641c","build":"192.6262.58","bucket":"189","time":1575350907086,"group":{"id":"performance","version":"21"},"event":{"count":1,"data":{"duration_ms":45,"created":1575350907086},"id":"ui.latency"}}
{"recorder_version":"21","session":"dfc5a4b0641c","build":"192.6262.58","bucket":"189","time":1575350907426,"group":{"id":"ui.dialogs","version":"21"},"event":{"count":1,"data":{"created":1575350907427,"plugin_type":"PLATFORM","type":"show"},"id":"com.intellij.openapi.progress.util.ProgressDialog$MyDialogWrapper"}}
{"recorder_version":"21","session":"dfc5a4b0641c","build":"192.6262.58","bucket":"189","time":1575350908474,"group":{"id":"lifecycle","version":"21"},"event":{"count":1,"data":{"created":1575350908474,"project":"4452600da3b350ab41d92ae108c2baae6ff0ac3ddb31bd67020ee046ec77ac09"},"id":"project.opened"}}
{"recorder_version":"21","session":"dfc5a4b0641c","build":"192.6262.58","bucket":"189","time":1575350909231,"group":{"id":"performance","version":"21"},"event":{"count":1,"data":{"duration_ms":185,"created":1575350909231},"id":"ui.lagging"}}
{"recorder_version":"21","session":"dfc5a4b0641c","build":"192.6262.58","bucket":"189","time":1575350910292,"group":{"id":"settings","version":"4"},"event":{"state":true,"data":{"component":"XmlEditorOptions","created":1575350910292},"id":"invoked"}}
{"recorder_version":"21","session":"dfc5a4b0641c","build":"192.6262.58","bucket":"189","time":1575350910341,"group":{"id":"performance","version":"21"},"event":{"count":1,"data":{"duration_ms":292,"created":1575350910341},"id":"ui.lagging"}}
{"recorder_version":"21","session":"dfc5a4b0641c","build":"192.6262.58","bucket":"189","time":1575350910986,"group":{"id":"toolwindow","version":"21"},"event":{"count":1,"data":{"os":"Mac","created":1575350910986,"plugin_type":"PLATFORM"},"id":"Project"}}
{"recorder_version":"21","session":"dfc5a4b0641c","build":"192.6262.58","bucket":"189","time":1575350911789,"group":{"id":"performance","version":"21"},"event":{"count":1,"data":{"duration_ms":737,"created":1575350911789},"id":"ui.lagging"}}
{"recorder_version":"21","session":"dfc5a4b0641c","build":"192.6262.58","bucket":"189","time":1575350912212,"group":{"id":"performance","version":"21"},"event":{"count":1,"data":{"duration_ms":160,"created":1575350912212},"id":"ui.lagging"}}
{"recorder_version":"21","session":"dfc5a4b0641c","build":"192.6262.58","bucket":"189","time":1575350913174,"group":{"id":"kotlin.jps.target","version":"1"},"event":{"count":2,"data":{"plugin_version":"validation.undefined_rule","last":1575350913174,"created":1575350913174},"id":"validation.undefined_rule"}}
{"recorder_version":"21","session":"dfc5a4b0641c","build":"192.6262.58","bucket":"189","time":1575350913192,"group":{"id":"project.fs","version":"1"},"event":{"state":true,"data":{"os":"Mac","cs-project":false,"created":1575350913192,"project":"4452600da3b350ab41d92ae108c2baae6ff0ac3ddb31bd67020ee046ec77ac09","cs-implicit":true,"cs-system":false},"id":"case-sensitivity"}}
{"recorder_version":"21","session":"dfc5a4b0641c","build":"192.6262.58","bucket":"189","time":1575350913192,"group":{"id":"project.fs","version":"1"},"event":{"state":true,"data":{"created":1575350913193},"id":"invoked"}}
{"recorder_version":"21","session":"dfc5a4b0641c","build":"192.6262.58","bucket":"189","time":1575350913193,"group":{"id":"project.fs","version":"1"},"event":{"state":true,"data":{"pct-non-watched":0,"created":1575350913193,"project":"4452600da3b350ab41d92ae108c2baae6ff0ac3ddb31bd67020ee046ec77ac09"},"id":"roots-watched"}}
{"recorder_version":"21","session":"dfc5a4b0641c","build":"192.6262.58","bucket":"189","time":1575350913193,"group":{"id":"project.fs","version":"1"},"event":{"state":true,"data":{"created":1575350913194},"id":"invoked"}}
{"recorder_version":"21","session":"dfc5a4b0641c","build":"192.6262.58","bucket":"189","time":1575350913373,"group":{"id":"ui.dialogs","version":"21"},"event":{"count":1,"data":{"code":1,"created":1575350913373,"plugin_type":"PLATFORM","type":"close"},"id":"com.intellij.openapi.progress.util.ProgressDialog$MyDialogWrapper"}}
{"recorder_version":"21","session":"dfc5a4b0641c","build":"192.6262.58","bucket":"189","time":1575350913616,"group":{"id":"lifecycle","version":"21"},"event":{"count":1,"data":{"duration_ms":6459,"created":1575350913617,"project":"4452600da3b350ab41d92ae108c2baae6ff0ac3ddb31bd67020ee046ec77ac09"},"id":"project.opening.finished"}}
{"recorder_version":"21","session":"dfc5a4b0641c","build":"192.6262.58","bucket":"189","time":1575350914433,"group":{"id":"performance","version":"21"},"event":{"count":1,"data":{"duration_ms":375,"created":1575350914433},"id":"ui.lagging"}}
{"recorder_version":"21","session":"dfc5a4b0641c","build":"192.6262.58","bucket":"189","time":1575350915118,"group":{"id":"vcs.change.reminder","version":"1"},"event":{"count":1,"data":{"created":1575350915119,"project":"4452600da3b350ab41d92ae108c2baae6ff0ac3ddb31bd67020ee046ec77ac09","execution_time":305},"id":"prediction.calculated"}}
{"recorder_version":"21","session":"dfc5a4b0641c","build":"192.6262.58","bucket":"189","time":1575350915174,"group":{"id":"vcs.change.reminder","version":"1"},"event":{"count":1,"data":{"created":1575350915175,"project":"4452600da3b350ab41d92ae108c2baae6ff0ac3ddb31bd67020ee046ec77ac09","execution_time":55},"id":"prediction.calculated"}}
{"recorder_version":"21","session":"dfc5a4b0641c","build":"192.6262.58","bucket":"189","time":1575350915380,"group":{"id":"vcs.change.reminder","version":"1"},"event":{"count":1,"data":{"created":1575350915381,"project":"4452600da3b350ab41d92ae108c2baae6ff0ac3ddb31bd67020ee046ec77ac09","execution_time":71},"id":"prediction.calculated"}}
{"recorder_version":"21","session":"dfc5a4b0641c","build":"192.6262.58","bucket":"189","time":1575350915433,"group":{"id":"vcs.change.reminder","version":"1"},"event":{"count":1,"data":{"created":1575350915433,"project":"4452600da3b350ab41d92ae108c2baae6ff0ac3ddb31bd67020ee046ec77ac09","execution_time":52},"id":"prediction.calculated"}}
{"recorder_version":"21","session":"dfc5a4b0641c","build":"192.6262.58","bucket":"189","time":1575350915474,"group":{"id":"vcs.change.reminder","version":"1"},"event":{"count":1,"data":{"created":1575350915474,"project":"4452600da3b350ab41d92ae108c2baae6ff0ac3ddb31bd67020ee046ec77ac09","execution_time":41},"id":"prediction.calculated"}}
{"recorder_version":"21","session":"dfc5a4b0641c","build":"192.6262.58","bucket":"189","time":1575350915786,"group":{"id":"file.types.usage","version":"21"},"event":{"count":6,"data":{"plugin":"com.intellij.java","last":1575350925327,"created":1575350915786,"plugin_type":"JB_BUNDLED","project":"4452600da3b350ab41d92ae108c2baae6ff0ac3ddb31bd67020ee046ec77ac09","type":"edit"},"id":"JAVA"}}
{"recorder_version":"21","session":"dfc5a4b0641c","build":"192.6262.58","bucket":"189","time":1575350934974,"group":{"id":"lifecycle","version":"21"},"event":{"count":1,"data":{"restart":false,"created":1575350934974},"id":"ide.close"}}
{"recorder_version":"21","session":"dfc5a4b0641c","build":"192.6262.58","bucket":"189","time":1575350935223,"group":{"id":"performance","version":"21"},"event":{"count":1,"data":{"duration_ms":138,"created":1575350935223},"id":"ui.lagging"}}
{"recorder_version":"21","session":"dfc5a4b0641c","build":"192.6262.58","bucket":"189","time":1575350935329,"group":{"id":"lifecycle","version":"21"},"event":{"count":1,"data":{"created":1575350935329,"project":"4452600da3b350ab41d92ae108c2baae6ff0ac3ddb31bd67020ee046ec77ac09"},"id":"project.closed"}}
