{"recorder_version":"21","session":"262529cb82fa","build":"192.6262.58","bucket":"189","time":1574435583364,"group":{"id":"settings","version":"4"},"event":{"state":true,"data":{"component":"NotRoamableUiSettings","created":1574435583516},"id":"invoked"}}
{"recorder_version":"21","session":"262529cb82fa","build":"192.6262.58","bucket":"189","time":1574435583366,"group":{"id":"system.java","version":"1"},"event":{"state":true,"data":{"created":1574435583518,"version":"1.11"},"id":"JetBrains"}}
{"recorder_version":"21","session":"262529cb82fa","build":"192.6262.58","bucket":"189","time":1574435583366,"group":{"id":"system.java","version":"1"},"event":{"state":true,"data":{"created":1574435583525},"id":"invoked"}}
{"recorder_version":"21","session":"262529cb82fa","build":"192.6262.58","bucket":"189","time":1574435583366,"group":{"id":"settings","version":"4"},"event":{"state":true,"data":{"component":"UISettings","created":1574435583526},"id":"invoked"}}
{"recorder_version":"21","session":"262529cb82fa","build":"192.6262.58","bucket":"189","time":1574435583388,"group":{"id":"system.os","version":"3"},"event":{"state":true,"data":{"created":1574435583527,"version":"10.14"},"id":"Mac"}}
{"recorder_version":"21","session":"262529cb82fa","build":"192.6262.58","bucket":"189","time":1574435583388,"group":{"id":"system.os","version":"3"},"event":{"state":true,"data":{"created":1574435583528,"name":"Mac","version":"10.14"},"id":"os.name"}}
{"recorder_version":"21","session":"262529cb82fa","build":"192.6262.58","bucket":"189","time":1574435583388,"group":{"id":"system.os","version":"3"},"event":{"state":true,"data":{"created":1574435583529,"value":"+09_00"},"id":"os.timezone"}}
{"recorder_version":"21","session":"262529cb82fa","build":"192.6262.58","bucket":"189","time":1574435583388,"group":{"id":"system.os","version":"3"},"event":{"state":true,"data":{"created":1574435583530},"id":"invoked"}}
{"recorder_version":"21","session":"262529cb82fa","build":"192.6262.58","bucket":"189","time":1574435583516,"group":{"id":"event.log","version":"21"},"event":{"count":1,"data":{"created":1574435583530,"version":"916.0"},"id":"whitelist.loaded"}}
{"recorder_version":"21","session":"262529cb82fa","build":"192.6262.58","bucket":"189","time":1574435585720,"group":{"id":"settings","version":"4"},"event":{"state":true,"data":{"component":"UpdatesConfigurable","created":1574435585720,"name":"checkNeeded","type":"bool","value":false},"id":"not.default"}}
{"recorder_version":"21","session":"262529cb82fa","build":"192.6262.58","bucket":"189","time":1574435585720,"group":{"id":"settings","version":"4"},"event":{"state":true,"data":{"component":"UpdatesConfigurable","created":1574435585722},"id":"invoked"}}
{"recorder_version":"21","session":"262529cb82fa","build":"192.6262.58","bucket":"189","time":1574435585864,"group":{"id":"settings","version":"4"},"event":{"state":true,"data":{"component":"GeneralSettings","created":1574435585865,"name":"confirmExit","type":"bool","value":false},"id":"not.default"}}
{"recorder_version":"21","session":"262529cb82fa","build":"192.6262.58","bucket":"189","time":1574435585864,"group":{"id":"settings","version":"4"},"event":{"state":true,"data":{"component":"GeneralSettings","created":1574435585867,"name":"showTipsOnStartup","type":"bool","value":false},"id":"not.default"}}
{"recorder_version":"21","session":"262529cb82fa","build":"192.6262.58","bucket":"189","time":1574435585864,"group":{"id":"settings","version":"4"},"event":{"state":true,"data":{"component":"GeneralSettings","created":1574435585869},"id":"invoked"}}
{"recorder_version":"21","session":"262529cb82fa","build":"192.6262.58","bucket":"189","time":1574435585872,"group":{"id":"lifecycle","version":"21"},"event":{"count":1,"data":{"internal":true,"eap":false,"created":1574435585872},"id":"ide.start"}}
{"recorder_version":"21","session":"262529cb82fa","build":"192.6262.58","bucket":"189","time":1574435586213,"group":{"id":"lifecycle","version":"21"},"event":{"count":1,"data":{"created":1574435586214},"id":"frame.activated"}}
{"recorder_version":"21","session":"262529cb82fa","build":"192.6262.58","bucket":"189","time":1574435586396,"group":{"id":"performance","version":"21"},"event":{"count":1,"data":{"duration_ms":1,"created":1574435586397},"id":"ui.latency"}}
{"recorder_version":"21","session":"262529cb82fa","build":"192.6262.58","bucket":"189","time":1574435586728,"group":{"id":"ui.dialogs","version":"21"},"event":{"count":1,"data":{"created":1574435586728,"plugin_type":"PLATFORM","type":"show"},"id":"com.intellij.openapi.progress.util.ProgressDialog$MyDialogWrapper"}}
{"recorder_version":"21","session":"262529cb82fa","build":"192.6262.58","bucket":"189","time":1574435587748,"group":{"id":"lifecycle","version":"21"},"event":{"count":1,"data":{"created":1574435587748,"project":"a0f12fb42952fc36a102045bdbb22ad1f15aa9443e9c675024683f4da70c8bc4"},"id":"project.opened"}}
{"recorder_version":"21","session":"262529cb82fa","build":"192.6262.58","bucket":"189","time":1574435589460,"group":{"id":"settings","version":"4"},"event":{"state":true,"data":{"component":"XmlEditorOptions","created":1574435589460},"id":"invoked"}}
{"recorder_version":"21","session":"262529cb82fa","build":"192.6262.58","bucket":"189","time":1574435589556,"group":{"id":"performance","version":"21"},"event":{"count":1,"data":{"duration_ms":155,"created":1574435589556},"id":"ui.lagging"}}
{"recorder_version":"21","session":"262529cb82fa","build":"192.6262.58","bucket":"189","time":1574435589637,"group":{"id":"toolwindow","version":"21"},"event":{"count":1,"data":{"os":"Mac","created":1574435589637,"plugin_type":"PLATFORM"},"id":"Project"}}
{"recorder_version":"21","session":"262529cb82fa","build":"192.6262.58","bucket":"189","time":1574435590524,"group":{"id":"performance","version":"21"},"event":{"count":1,"data":{"duration_ms":121,"created":1574435590525},"id":"ui.lagging"}}
{"recorder_version":"21","session":"262529cb82fa","build":"192.6262.58","bucket":"189","time":1574435592104,"group":{"id":"project.fs","version":"1"},"event":{"state":true,"data":{"os":"Mac","cs-project":false,"created":1574435592105,"project":"a0f12fb42952fc36a102045bdbb22ad1f15aa9443e9c675024683f4da70c8bc4","cs-implicit":true,"cs-system":false},"id":"case-sensitivity"}}
{"recorder_version":"21","session":"262529cb82fa","build":"192.6262.58","bucket":"189","time":1574435592104,"group":{"id":"project.fs","version":"1"},"event":{"state":true,"data":{"created":1574435592105},"id":"invoked"}}
{"recorder_version":"21","session":"262529cb82fa","build":"192.6262.58","bucket":"189","time":1574435592105,"group":{"id":"project.fs","version":"1"},"event":{"state":true,"data":{"pct-non-watched":0,"created":1574435592105,"project":"a0f12fb42952fc36a102045bdbb22ad1f15aa9443e9c675024683f4da70c8bc4"},"id":"roots-watched"}}
{"recorder_version":"21","session":"262529cb82fa","build":"192.6262.58","bucket":"189","time":1574435592105,"group":{"id":"project.fs","version":"1"},"event":{"state":true,"data":{"created":1574435592106},"id":"invoked"}}
{"recorder_version":"21","session":"262529cb82fa","build":"192.6262.58","bucket":"189","time":1574435592140,"group":{"id":"ui.dialogs","version":"21"},"event":{"count":1,"data":{"code":1,"created":1574435592140,"plugin_type":"PLATFORM","type":"close"},"id":"com.intellij.openapi.progress.util.ProgressDialog$MyDialogWrapper"}}
{"recorder_version":"21","session":"262529cb82fa","build":"192.6262.58","bucket":"189","time":1574435592351,"group":{"id":"lifecycle","version":"21"},"event":{"count":1,"data":{"duration_ms":5911,"created":1574435592352,"project":"a0f12fb42952fc36a102045bdbb22ad1f15aa9443e9c675024683f4da70c8bc4"},"id":"project.opening.finished"}}
{"recorder_version":"21","session":"262529cb82fa","build":"192.6262.58","bucket":"189","time":1574435592773,"group":{"id":"performance","version":"21"},"event":{"count":1,"data":{"duration_ms":354,"created":1574435592773},"id":"ui.lagging"}}
{"recorder_version":"21","session":"262529cb82fa","build":"192.6262.58","bucket":"189","time":1574435593163,"group":{"id":"kotlin.jps.target","version":"1"},"event":{"count":1,"data":{"plugin_version":"1.3.41-release-IJ2019.2-1","created":1574435593163},"id":"jvm"}}
{"recorder_version":"21","session":"262529cb82fa","build":"192.6262.58","bucket":"189","time":1574435594924,"group":{"id":"file.types.usage","version":"21"},"event":{"count":1,"data":{"plugin":"com.intellij.java","created":1574435594925,"plugin_type":"JB_BUNDLED","project":"a0f12fb42952fc36a102045bdbb22ad1f15aa9443e9c675024683f4da70c8bc4","type":"edit"},"id":"JAVA"}}
{"recorder_version":"21","session":"262529cb82fa","build":"192.6262.58","bucket":"189","time":1574435601813,"group":{"id":"actions","version":"21"},"event":{"count":13,"data":{"context_menu":false,"last":1574435605105,"created":1574435601814,"plugin_type":"PLATFORM","project":"a0f12fb42952fc36a102045bdbb22ad1f15aa9443e9c675024683f4da70c8bc4","place":"keyboard_shortcut","class":"com.intellij.openapi.editor.actions.BackspaceAction","input_event":"Backspace"},"id":"EditorBackSpace"}}
{"recorder_version":"21","session":"262529cb82fa","build":"192.6262.58","bucket":"189","time":1574435606284,"group":{"id":"lifecycle","version":"21"},"event":{"count":1,"data":{"created":1574435606284,"project":"a0f12fb42952fc36a102045bdbb22ad1f15aa9443e9c675024683f4da70c8bc4"},"id":"frame.deactivated"}}
{"recorder_version":"21","session":"262529cb82fa","build":"192.6262.58","bucket":"189","time":1574435608986,"group":{"id":"lifecycle","version":"21"},"event":{"count":1,"data":{"created":1574435608987,"project":"a0f12fb42952fc36a102045bdbb22ad1f15aa9443e9c675024683f4da70c8bc4"},"id":"frame.activated"}}
{"recorder_version":"21","session":"262529cb82fa","build":"192.6262.58","bucket":"189","time":1574435613016,"group":{"id":"lifecycle","version":"21"},"event":{"count":1,"data":{"restart":false,"created":1574435613016},"id":"ide.close"}}
{"recorder_version":"21","session":"262529cb82fa","build":"192.6262.58","bucket":"189","time":1574435613097,"group":{"id":"lifecycle","version":"21"},"event":{"count":1,"data":{"created":1574435613098,"project":"a0f12fb42952fc36a102045bdbb22ad1f15aa9443e9c675024683f4da70c8bc4"},"id":"project.closed"}}
