{"recorder_version":"21","session":"b7f04725354c","build":"192.6262.58","bucket":"189","time":1574779974215,"group":{"id":"settings","version":"4"},"event":{"state":true,"data":{"component":"NotRoamableUiSettings","created":1574779974477},"id":"invoked"}}
{"recorder_version":"21","session":"b7f04725354c","build":"192.6262.58","bucket":"189","time":1574779974219,"group":{"id":"system.java","version":"1"},"event":{"state":true,"data":{"created":1574779974480,"version":"1.11"},"id":"JetBrains"}}
{"recorder_version":"21","session":"b7f04725354c","build":"192.6262.58","bucket":"189","time":1574779974220,"group":{"id":"system.java","version":"1"},"event":{"state":true,"data":{"created":1574779974488},"id":"invoked"}}
{"recorder_version":"21","session":"b7f04725354c","build":"192.6262.58","bucket":"189","time":1574779974220,"group":{"id":"settings","version":"4"},"event":{"state":true,"data":{"component":"UISettings","created":1574779974489},"id":"invoked"}}
{"recorder_version":"21","session":"b7f04725354c","build":"192.6262.58","bucket":"189","time":1574779974269,"group":{"id":"system.os","version":"3"},"event":{"state":true,"data":{"created":1574779974491,"version":"10.14"},"id":"Mac"}}
{"recorder_version":"21","session":"b7f04725354c","build":"192.6262.58","bucket":"189","time":1574779974269,"group":{"id":"system.os","version":"3"},"event":{"state":true,"data":{"created":1574779974492,"name":"Mac","version":"10.14"},"id":"os.name"}}
{"recorder_version":"21","session":"b7f04725354c","build":"192.6262.58","bucket":"189","time":1574779974269,"group":{"id":"system.os","version":"3"},"event":{"state":true,"data":{"created":1574779974493,"value":"+09_00"},"id":"os.timezone"}}
{"recorder_version":"21","session":"b7f04725354c","build":"192.6262.58","bucket":"189","time":1574779974269,"group":{"id":"system.os","version":"3"},"event":{"state":true,"data":{"created":1574779974494},"id":"invoked"}}
{"recorder_version":"21","session":"b7f04725354c","build":"192.6262.58","bucket":"189","time":1574779974477,"group":{"id":"event.log","version":"21"},"event":{"count":1,"data":{"created":1574779974495,"version":"925.0"},"id":"whitelist.loaded"}}
{"recorder_version":"21","session":"b7f04725354c","build":"192.6262.58","bucket":"189","time":1574779977047,"group":{"id":"settings","version":"4"},"event":{"state":true,"data":{"component":"UpdatesConfigurable","created":1574779977047,"name":"checkNeeded","type":"bool","value":false},"id":"not.default"}}
{"recorder_version":"21","session":"b7f04725354c","build":"192.6262.58","bucket":"189","time":1574779977047,"group":{"id":"settings","version":"4"},"event":{"state":true,"data":{"component":"UpdatesConfigurable","created":1574779977048},"id":"invoked"}}
{"recorder_version":"21","session":"b7f04725354c","build":"192.6262.58","bucket":"189","time":1574779977159,"group":{"id":"settings","version":"4"},"event":{"state":true,"data":{"component":"GeneralSettings","created":1574779977159,"name":"confirmExit","type":"bool","value":false},"id":"not.default"}}
{"recorder_version":"21","session":"b7f04725354c","build":"192.6262.58","bucket":"189","time":1574779977159,"group":{"id":"settings","version":"4"},"event":{"state":true,"data":{"component":"GeneralSettings","created":1574779977160,"name":"showTipsOnStartup","type":"bool","value":false},"id":"not.default"}}
{"recorder_version":"21","session":"b7f04725354c","build":"192.6262.58","bucket":"189","time":1574779977159,"group":{"id":"settings","version":"4"},"event":{"state":true,"data":{"component":"GeneralSettings","created":1574779977161},"id":"invoked"}}
{"recorder_version":"21","session":"b7f04725354c","build":"192.6262.58","bucket":"189","time":1574779977165,"group":{"id":"lifecycle","version":"21"},"event":{"count":1,"data":{"internal":true,"eap":false,"created":1574779977167},"id":"ide.start"}}
{"recorder_version":"21","session":"b7f04725354c","build":"192.6262.58","bucket":"189","time":1574779977733,"group":{"id":"performance","version":"21"},"event":{"count":1,"data":{"duration_ms":1,"created":1574779977733},"id":"ui.latency"}}
{"recorder_version":"21","session":"b7f04725354c","build":"192.6262.58","bucket":"189","time":1574779977971,"group":{"id":"ui.dialogs","version":"21"},"event":{"count":1,"data":{"created":1574779977971,"plugin_type":"PLATFORM","type":"show"},"id":"com.intellij.openapi.progress.util.ProgressDialog$MyDialogWrapper"}}
{"recorder_version":"21","session":"b7f04725354c","build":"192.6262.58","bucket":"189","time":1574779979479,"group":{"id":"lifecycle","version":"21"},"event":{"count":1,"data":{"created":1574779979479,"project":"92ddc83aceaa9edad1485397ccc1680a8fd16623aa2c155379eac4aafdb2a559"},"id":"project.opened"}}
{"recorder_version":"21","session":"b7f04725354c","build":"192.6262.58","bucket":"189","time":1574779980163,"group":{"id":"performance","version":"21"},"event":{"count":1,"data":{"duration_ms":425,"created":1574779980164},"id":"ui.lagging"}}
{"recorder_version":"21","session":"b7f04725354c","build":"192.6262.58","bucket":"189","time":1574779981222,"group":{"id":"settings","version":"4"},"event":{"state":true,"data":{"component":"XmlEditorOptions","created":1574779981222},"id":"invoked"}}
{"recorder_version":"21","session":"b7f04725354c","build":"192.6262.58","bucket":"189","time":1574779981252,"group":{"id":"performance","version":"21"},"event":{"count":1,"data":{"duration_ms":512,"created":1574779981252},"id":"ui.lagging"}}
{"recorder_version":"21","session":"b7f04725354c","build":"192.6262.58","bucket":"189","time":1574779981401,"group":{"id":"toolwindow","version":"21"},"event":{"count":1,"data":{"os":"Mac","created":1574779981401,"plugin_type":"PLATFORM"},"id":"Project"}}
{"recorder_version":"21","session":"b7f04725354c","build":"192.6262.58","bucket":"189","time":1574779981988,"group":{"id":"performance","version":"21"},"event":{"count":1,"data":{"duration_ms":243,"created":1574779981988},"id":"ui.lagging"}}
{"recorder_version":"21","session":"b7f04725354c","build":"192.6262.58","bucket":"189","time":1574779982727,"group":{"id":"lifecycle","version":"21"},"event":{"count":1,"data":{"created":1574779982728,"project":"92ddc83aceaa9edad1485397ccc1680a8fd16623aa2c155379eac4aafdb2a559"},"id":"frame.activated"}}
{"recorder_version":"21","session":"b7f04725354c","build":"192.6262.58","bucket":"189","time":1574779982886,"group":{"id":"performance","version":"21"},"event":{"count":1,"data":{"duration_ms":139,"created":1574779982887},"id":"ui.lagging"}}
{"recorder_version":"21","session":"b7f04725354c","build":"192.6262.58","bucket":"189","time":1574779983627,"group":{"id":"kotlin.jps.target","version":"1"},"event":{"count":1,"data":{"plugin_version":"1.3.41-release-IJ2019.2-1","created":1574779983627},"id":"jvm"}}
{"recorder_version":"21","session":"b7f04725354c","build":"192.6262.58","bucket":"189","time":1574779983939,"group":{"id":"project.fs","version":"1"},"event":{"state":true,"data":{"os":"Mac","cs-project":false,"created":1574779983939,"project":"92ddc83aceaa9edad1485397ccc1680a8fd16623aa2c155379eac4aafdb2a559","cs-implicit":true,"cs-system":false},"id":"case-sensitivity"}}
{"recorder_version":"21","session":"b7f04725354c","build":"192.6262.58","bucket":"189","time":1574779983939,"group":{"id":"project.fs","version":"1"},"event":{"state":true,"data":{"created":1574779983940},"id":"invoked"}}
{"recorder_version":"21","session":"b7f04725354c","build":"192.6262.58","bucket":"189","time":1574779983940,"group":{"id":"project.fs","version":"1"},"event":{"state":true,"data":{"pct-non-watched":0,"created":1574779983941,"project":"92ddc83aceaa9edad1485397ccc1680a8fd16623aa2c155379eac4aafdb2a559"},"id":"roots-watched"}}
{"recorder_version":"21","session":"b7f04725354c","build":"192.6262.58","bucket":"189","time":1574779983940,"group":{"id":"project.fs","version":"1"},"event":{"state":true,"data":{"created":1574779983941},"id":"invoked"}}
{"recorder_version":"21","session":"b7f04725354c","build":"192.6262.58","bucket":"189","time":1574779984063,"group":{"id":"ui.dialogs","version":"21"},"event":{"count":1,"data":{"code":1,"created":1574779984063,"plugin_type":"PLATFORM","type":"close"},"id":"com.intellij.openapi.progress.util.ProgressDialog$MyDialogWrapper"}}
{"recorder_version":"21","session":"b7f04725354c","build":"192.6262.58","bucket":"189","time":1574779984160,"group":{"id":"lifecycle","version":"21"},"event":{"count":1,"data":{"duration_ms":6477,"created":1574779984160,"project":"92ddc83aceaa9edad1485397ccc1680a8fd16623aa2c155379eac4aafdb2a559"},"id":"project.opening.finished"}}
{"recorder_version":"21","session":"b7f04725354c","build":"192.6262.58","bucket":"189","time":1574779986376,"group":{"id":"file.types.usage","version":"21"},"event":{"count":1,"data":{"created":1574779986376,"plugin_type":"PLATFORM","project":"92ddc83aceaa9edad1485397ccc1680a8fd16623aa2c155379eac4aafdb2a559","type":"edit"},"id":"IDEA_MODULE"}}
{"recorder_version":"21","session":"b7f04725354c","build":"192.6262.58","bucket":"189","time":1574779987867,"group":{"id":"actions","version":"21"},"event":{"count":1,"data":{"context_menu":false,"current_file":"TEXT","created":1574779987867,"plugin_type":"PLATFORM","project":"92ddc83aceaa9edad1485397ccc1680a8fd16623aa2c155379eac4aafdb2a559","place":"keyboard_shortcut","class":"com.intellij.openapi.editor.actions.BackspaceAction","input_event":"Backspace"},"id":"EditorBackSpace"}}
{"recorder_version":"21","session":"b7f04725354c","build":"192.6262.58","bucket":"189","time":1574780018531,"group":{"id":"actions","version":"21"},"event":{"count":5,"data":{"context_menu":false,"last":1574780022485,"current_file":"TEXT","created":1574780018531,"plugin_type":"PLATFORM","project":"92ddc83aceaa9edad1485397ccc1680a8fd16623aa2c155379eac4aafdb2a559","place":"keyboard_shortcut","class":"com.intellij.openapi.editor.actions.EnterAction","input_event":"Enter"},"id":"EditorEnter"}}
{"recorder_version":"21","session":"b7f04725354c","build":"192.6262.58","bucket":"189","time":1574780024245,"group":{"id":"actions","version":"21"},"event":{"count":4,"data":{"context_menu":false,"last":1574780024804,"current_file":"TEXT","created":1574780024245,"plugin_type":"PLATFORM","project":"92ddc83aceaa9edad1485397ccc1680a8fd16623aa2c155379eac4aafdb2a559","place":"keyboard_shortcut","class":"com.intellij.openapi.editor.actions.BackspaceAction","input_event":"Backspace"},"id":"EditorBackSpace"}}
{"recorder_version":"21","session":"b7f04725354c","build":"192.6262.58","bucket":"189","time":1574780042287,"group":{"id":"lifecycle","version":"21"},"event":{"count":1,"data":{"restart":false,"created":1574780042287},"id":"ide.close"}}
{"recorder_version":"21","session":"b7f04725354c","build":"192.6262.58","bucket":"189","time":1574780042623,"group":{"id":"lifecycle","version":"21"},"event":{"count":1,"data":{"created":1574780042623,"project":"92ddc83aceaa9edad1485397ccc1680a8fd16623aa2c155379eac4aafdb2a559"},"id":"project.closed"}}
