{"recorder_version":"21","session":"f4f91fffdde1","build":"192.6262.58","bucket":"189","time":1574798866467,"group":{"id":"settings","version":"4"},"event":{"state":true,"data":{"component":"NotRoamableUiSettings","created":1574798866632},"id":"invoked"}}
{"recorder_version":"21","session":"f4f91fffdde1","build":"192.6262.58","bucket":"189","time":1574798866469,"group":{"id":"settings","version":"4"},"event":{"state":true,"data":{"component":"UISettings","created":1574798866634},"id":"invoked"}}
{"recorder_version":"21","session":"f4f91fffdde1","build":"192.6262.58","bucket":"189","time":1574798866470,"group":{"id":"system.java","version":"1"},"event":{"state":true,"data":{"created":1574798866643,"version":"1.11"},"id":"JetBrains"}}
{"recorder_version":"21","session":"f4f91fffdde1","build":"192.6262.58","bucket":"189","time":1574798866470,"group":{"id":"system.java","version":"1"},"event":{"state":true,"data":{"created":1574798866644},"id":"invoked"}}
{"recorder_version":"21","session":"f4f91fffdde1","build":"192.6262.58","bucket":"189","time":1574798866489,"group":{"id":"system.os","version":"3"},"event":{"state":true,"data":{"created":1574798866645,"version":"10.14"},"id":"Mac"}}
{"recorder_version":"21","session":"f4f91fffdde1","build":"192.6262.58","bucket":"189","time":1574798866489,"group":{"id":"system.os","version":"3"},"event":{"state":true,"data":{"created":1574798866646,"name":"Mac","version":"10.14"},"id":"os.name"}}
{"recorder_version":"21","session":"f4f91fffdde1","build":"192.6262.58","bucket":"189","time":1574798866489,"group":{"id":"system.os","version":"3"},"event":{"state":true,"data":{"created":1574798866648,"value":"+09_00"},"id":"os.timezone"}}
{"recorder_version":"21","session":"f4f91fffdde1","build":"192.6262.58","bucket":"189","time":1574798866489,"group":{"id":"system.os","version":"3"},"event":{"state":true,"data":{"created":1574798866652},"id":"invoked"}}
{"recorder_version":"21","session":"f4f91fffdde1","build":"192.6262.58","bucket":"189","time":1574798866631,"group":{"id":"event.log","version":"21"},"event":{"count":1,"data":{"created":1574798866654,"version":"930.0"},"id":"whitelist.loaded"}}
{"recorder_version":"21","session":"f4f91fffdde1","build":"192.6262.58","bucket":"189","time":1574798868830,"group":{"id":"settings","version":"4"},"event":{"state":true,"data":{"component":"UpdatesConfigurable","created":1574798868830,"name":"checkNeeded","type":"bool","value":false},"id":"not.default"}}
{"recorder_version":"21","session":"f4f91fffdde1","build":"192.6262.58","bucket":"189","time":1574798868830,"group":{"id":"settings","version":"4"},"event":{"state":true,"data":{"component":"UpdatesConfigurable","created":1574798868831},"id":"invoked"}}
{"recorder_version":"21","session":"f4f91fffdde1","build":"192.6262.58","bucket":"189","time":1574798868949,"group":{"id":"settings","version":"4"},"event":{"state":true,"data":{"component":"GeneralSettings","created":1574798868950,"name":"confirmExit","type":"bool","value":false},"id":"not.default"}}
{"recorder_version":"21","session":"f4f91fffdde1","build":"192.6262.58","bucket":"189","time":1574798868949,"group":{"id":"settings","version":"4"},"event":{"state":true,"data":{"component":"GeneralSettings","created":1574798868950,"name":"showTipsOnStartup","type":"bool","value":false},"id":"not.default"}}
{"recorder_version":"21","session":"f4f91fffdde1","build":"192.6262.58","bucket":"189","time":1574798868949,"group":{"id":"settings","version":"4"},"event":{"state":true,"data":{"component":"GeneralSettings","created":1574798868952},"id":"invoked"}}
{"recorder_version":"21","session":"f4f91fffdde1","build":"192.6262.58","bucket":"189","time":1574798868956,"group":{"id":"lifecycle","version":"21"},"event":{"count":1,"data":{"internal":true,"eap":false,"created":1574798868956},"id":"ide.start"}}
{"recorder_version":"21","session":"f4f91fffdde1","build":"192.6262.58","bucket":"189","time":1574798869231,"group":{"id":"lifecycle","version":"21"},"event":{"count":1,"data":{"created":1574798869231},"id":"frame.activated"}}
{"recorder_version":"21","session":"f4f91fffdde1","build":"192.6262.58","bucket":"189","time":1574798869529,"group":{"id":"performance","version":"21"},"event":{"count":1,"data":{"duration_ms":1,"created":1574798869529},"id":"ui.latency"}}
{"recorder_version":"21","session":"f4f91fffdde1","build":"192.6262.58","bucket":"189","time":1574798869683,"group":{"id":"ui.dialogs","version":"21"},"event":{"count":1,"data":{"created":1574798869684,"plugin_type":"PLATFORM","type":"show"},"id":"com.intellij.openapi.progress.util.ProgressDialog$MyDialogWrapper"}}
{"recorder_version":"21","session":"f4f91fffdde1","build":"192.6262.58","bucket":"189","time":1574798870577,"group":{"id":"lifecycle","version":"21"},"event":{"count":1,"data":{"created":1574798870577,"project":"92ddc83aceaa9edad1485397ccc1680a8fd16623aa2c155379eac4aafdb2a559"},"id":"project.opened"}}
{"recorder_version":"21","session":"f4f91fffdde1","build":"192.6262.58","bucket":"189","time":1574798872145,"group":{"id":"settings","version":"4"},"event":{"state":true,"data":{"component":"XmlEditorOptions","created":1574798872145},"id":"invoked"}}
{"recorder_version":"21","session":"f4f91fffdde1","build":"192.6262.58","bucket":"189","time":1574798872181,"group":{"id":"performance","version":"21"},"event":{"count":1,"data":{"duration_ms":648,"created":1574798872182},"id":"ui.lagging"}}
{"recorder_version":"21","session":"f4f91fffdde1","build":"192.6262.58","bucket":"189","time":1574798872433,"group":{"id":"toolwindow","version":"21"},"event":{"count":1,"data":{"os":"Mac","created":1574798872434,"plugin_type":"PLATFORM"},"id":"Project"}}
{"recorder_version":"21","session":"f4f91fffdde1","build":"192.6262.58","bucket":"189","time":1574798872780,"group":{"id":"performance","version":"21"},"event":{"count":1,"data":{"duration_ms":244,"created":1574798872781},"id":"ui.lagging"}}
{"recorder_version":"21","session":"f4f91fffdde1","build":"192.6262.58","bucket":"189","time":1574798874177,"group":{"id":"kotlin.jps.target","version":"1"},"event":{"count":1,"data":{"plugin_version":"validation.undefined_rule","created":1574798874187},"id":"validation.undefined_rule"}}
{"recorder_version":"21","session":"f4f91fffdde1","build":"192.6262.58","bucket":"189","time":1574798874493,"group":{"id":"project.fs","version":"1"},"event":{"state":true,"data":{"os":"Mac","cs-project":false,"created":1574798874494,"project":"92ddc83aceaa9edad1485397ccc1680a8fd16623aa2c155379eac4aafdb2a559","cs-implicit":true,"cs-system":false},"id":"case-sensitivity"}}
{"recorder_version":"21","session":"f4f91fffdde1","build":"192.6262.58","bucket":"189","time":1574798874493,"group":{"id":"project.fs","version":"1"},"event":{"state":true,"data":{"created":1574798874494},"id":"invoked"}}
{"recorder_version":"21","session":"f4f91fffdde1","build":"192.6262.58","bucket":"189","time":1574798874494,"group":{"id":"project.fs","version":"1"},"event":{"state":true,"data":{"pct-non-watched":0,"created":1574798874494,"project":"92ddc83aceaa9edad1485397ccc1680a8fd16623aa2c155379eac4aafdb2a559"},"id":"roots-watched"}}
{"recorder_version":"21","session":"f4f91fffdde1","build":"192.6262.58","bucket":"189","time":1574798874494,"group":{"id":"project.fs","version":"1"},"event":{"state":true,"data":{"created":1574798874494},"id":"invoked"}}
{"recorder_version":"21","session":"f4f91fffdde1","build":"192.6262.58","bucket":"189","time":1574798874596,"group":{"id":"ui.dialogs","version":"21"},"event":{"count":1,"data":{"code":1,"created":1574798874596,"plugin_type":"PLATFORM","type":"close"},"id":"com.intellij.openapi.progress.util.ProgressDialog$MyDialogWrapper"}}
{"recorder_version":"21","session":"f4f91fffdde1","build":"192.6262.58","bucket":"189","time":1574798874744,"group":{"id":"lifecycle","version":"21"},"event":{"count":1,"data":{"duration_ms":5320,"created":1574798874744,"project":"92ddc83aceaa9edad1485397ccc1680a8fd16623aa2c155379eac4aafdb2a559"},"id":"project.opening.finished"}}
{"recorder_version":"21","session":"f4f91fffdde1","build":"192.6262.58","bucket":"189","time":1574798876430,"group":{"id":"file.types.usage","version":"21"},"event":{"count":1,"data":{"created":1574798876430,"plugin_type":"PLATFORM","project":"92ddc83aceaa9edad1485397ccc1680a8fd16623aa2c155379eac4aafdb2a559","type":"edit"},"id":"IDEA_MODULE"}}
{"recorder_version":"21","session":"f4f91fffdde1","build":"192.6262.58","bucket":"189","time":1574798920740,"group":{"id":"lifecycle","version":"21"},"event":{"count":1,"data":{"created":1574798920740,"project":"92ddc83aceaa9edad1485397ccc1680a8fd16623aa2c155379eac4aafdb2a559"},"id":"frame.deactivated"}}
{"recorder_version":"21","session":"f4f91fffdde1","build":"192.6262.58","bucket":"189","time":1574798937308,"group":{"id":"lifecycle","version":"21"},"event":{"count":1,"data":{"created":1574798937308,"project":"92ddc83aceaa9edad1485397ccc1680a8fd16623aa2c155379eac4aafdb2a559"},"id":"frame.activated"}}
{"recorder_version":"21","session":"f4f91fffdde1","build":"192.6262.58","bucket":"189","time":1574798937543,"group":{"id":"lifecycle","version":"21"},"event":{"count":1,"data":{"restart":false,"created":1574798937543},"id":"ide.close"}}
{"recorder_version":"21","session":"f4f91fffdde1","build":"192.6262.58","bucket":"189","time":1574798937619,"group":{"id":"lifecycle","version":"21"},"event":{"count":1,"data":{"created":1574798937619,"project":"92ddc83aceaa9edad1485397ccc1680a8fd16623aa2c155379eac4aafdb2a559"},"id":"project.closed"}}
