{"recorder_version":"21","session":"4308a7cf9ffb","build":"192.6262.58","bucket":"189","time":1574432539859,"group":{"id":"settings","version":"4"},"event":{"state":true,"data":{"component":"NotRoamableUiSettings","created":1574432540030},"id":"invoked"}}
{"recorder_version":"21","session":"4308a7cf9ffb","build":"192.6262.58","bucket":"189","time":1574432539861,"group":{"id":"settings","version":"4"},"event":{"state":true,"data":{"component":"UISettings","created":1574432540031},"id":"invoked"}}
{"recorder_version":"21","session":"4308a7cf9ffb","build":"192.6262.58","bucket":"189","time":1574432539861,"group":{"id":"system.java","version":"1"},"event":{"state":true,"data":{"created":1574432540041,"version":"1.11"},"id":"JetBrains"}}
{"recorder_version":"21","session":"4308a7cf9ffb","build":"192.6262.58","bucket":"189","time":1574432539861,"group":{"id":"system.java","version":"1"},"event":{"state":true,"data":{"created":1574432540042},"id":"invoked"}}
{"recorder_version":"21","session":"4308a7cf9ffb","build":"192.6262.58","bucket":"189","time":1574432539891,"group":{"id":"system.os","version":"3"},"event":{"state":true,"data":{"created":1574432540042,"version":"10.14"},"id":"Mac"}}
{"recorder_version":"21","session":"4308a7cf9ffb","build":"192.6262.58","bucket":"189","time":1574432539891,"group":{"id":"system.os","version":"3"},"event":{"state":true,"data":{"created":1574432540043,"name":"Mac","version":"10.14"},"id":"os.name"}}
{"recorder_version":"21","session":"4308a7cf9ffb","build":"192.6262.58","bucket":"189","time":1574432539891,"group":{"id":"system.os","version":"3"},"event":{"state":true,"data":{"created":1574432540044,"value":"+09_00"},"id":"os.timezone"}}
{"recorder_version":"21","session":"4308a7cf9ffb","build":"192.6262.58","bucket":"189","time":1574432539891,"group":{"id":"system.os","version":"3"},"event":{"state":true,"data":{"created":1574432540045},"id":"invoked"}}
{"recorder_version":"21","session":"4308a7cf9ffb","build":"192.6262.58","bucket":"189","time":1574432540029,"group":{"id":"event.log","version":"21"},"event":{"count":1,"data":{"created":1574432540046,"version":"916.0"},"id":"whitelist.loaded"}}
{"recorder_version":"21","session":"4308a7cf9ffb","build":"192.6262.58","bucket":"189","time":1574432542235,"group":{"id":"settings","version":"4"},"event":{"state":true,"data":{"component":"UpdatesConfigurable","created":1574432542235,"name":"checkNeeded","type":"bool","value":false},"id":"not.default"}}
{"recorder_version":"21","session":"4308a7cf9ffb","build":"192.6262.58","bucket":"189","time":1574432542235,"group":{"id":"settings","version":"4"},"event":{"state":true,"data":{"component":"UpdatesConfigurable","created":1574432542236},"id":"invoked"}}
{"recorder_version":"21","session":"4308a7cf9ffb","build":"192.6262.58","bucket":"189","time":1574432542354,"group":{"id":"settings","version":"4"},"event":{"state":true,"data":{"component":"GeneralSettings","created":1574432542354,"name":"confirmExit","type":"bool","value":false},"id":"not.default"}}
{"recorder_version":"21","session":"4308a7cf9ffb","build":"192.6262.58","bucket":"189","time":1574432542354,"group":{"id":"settings","version":"4"},"event":{"state":true,"data":{"component":"GeneralSettings","created":1574432542355,"name":"showTipsOnStartup","type":"bool","value":false},"id":"not.default"}}
{"recorder_version":"21","session":"4308a7cf9ffb","build":"192.6262.58","bucket":"189","time":1574432542354,"group":{"id":"settings","version":"4"},"event":{"state":true,"data":{"component":"GeneralSettings","created":1574432542362},"id":"invoked"}}
{"recorder_version":"21","session":"4308a7cf9ffb","build":"192.6262.58","bucket":"189","time":1574432542363,"group":{"id":"lifecycle","version":"21"},"event":{"count":1,"data":{"internal":true,"eap":false,"created":1574432542363},"id":"ide.start"}}
{"recorder_version":"21","session":"4308a7cf9ffb","build":"192.6262.58","bucket":"189","time":1574432542700,"group":{"id":"lifecycle","version":"21"},"event":{"count":1,"data":{"created":1574432542700},"id":"frame.activated"}}
{"recorder_version":"21","session":"4308a7cf9ffb","build":"192.6262.58","bucket":"189","time":1574432542902,"group":{"id":"performance","version":"21"},"event":{"count":1,"data":{"duration_ms":1,"created":1574432542902},"id":"ui.latency"}}
{"recorder_version":"21","session":"4308a7cf9ffb","build":"192.6262.58","bucket":"189","time":1574432543192,"group":{"id":"ui.dialogs","version":"21"},"event":{"count":1,"data":{"created":1574432543193,"plugin_type":"PLATFORM","type":"show"},"id":"com.intellij.openapi.progress.util.ProgressDialog$MyDialogWrapper"}}
{"recorder_version":"21","session":"4308a7cf9ffb","build":"192.6262.58","bucket":"189","time":1574432544220,"group":{"id":"lifecycle","version":"21"},"event":{"count":1,"data":{"created":1574432544220,"project":"a0f12fb42952fc36a102045bdbb22ad1f15aa9443e9c675024683f4da70c8bc4"},"id":"project.opened"}}
{"recorder_version":"21","session":"4308a7cf9ffb","build":"192.6262.58","bucket":"189","time":1574432545894,"group":{"id":"settings","version":"4"},"event":{"state":true,"data":{"component":"XmlEditorOptions","created":1574432545895},"id":"invoked"}}
{"recorder_version":"21","session":"4308a7cf9ffb","build":"192.6262.58","bucket":"189","time":1574432545951,"group":{"id":"lifecycle","version":"21"},"event":{"count":1,"data":{"created":1574432545951,"project":"a0f12fb42952fc36a102045bdbb22ad1f15aa9443e9c675024683f4da70c8bc4"},"id":"frame.deactivated"}}
{"recorder_version":"21","session":"4308a7cf9ffb","build":"192.6262.58","bucket":"189","time":1574432546150,"group":{"id":"performance","version":"21"},"event":{"count":1,"data":{"duration_ms":245,"created":1574432546150},"id":"ui.lagging"}}
{"recorder_version":"21","session":"4308a7cf9ffb","build":"192.6262.58","bucket":"189","time":1574432546237,"group":{"id":"toolwindow","version":"21"},"event":{"count":1,"data":{"os":"Mac","created":1574432546237,"plugin_type":"PLATFORM"},"id":"Project"}}
{"recorder_version":"21","session":"4308a7cf9ffb","build":"192.6262.58","bucket":"189","time":1574432547118,"group":{"id":"performance","version":"21"},"event":{"count":1,"data":{"duration_ms":203,"created":1574432547118},"id":"ui.lagging"}}
{"recorder_version":"21","session":"4308a7cf9ffb","build":"192.6262.58","bucket":"189","time":1574432547124,"group":{"id":"lifecycle","version":"21"},"event":{"count":1,"data":{"created":1574432547124,"project":"a0f12fb42952fc36a102045bdbb22ad1f15aa9443e9c675024683f4da70c8bc4"},"id":"frame.activated"}}
{"recorder_version":"21","session":"4308a7cf9ffb","build":"192.6262.58","bucket":"189","time":1574432548656,"group":{"id":"project.fs","version":"1"},"event":{"state":true,"data":{"os":"Mac","cs-project":false,"created":1574432548657,"project":"a0f12fb42952fc36a102045bdbb22ad1f15aa9443e9c675024683f4da70c8bc4","cs-implicit":true,"cs-system":false},"id":"case-sensitivity"}}
{"recorder_version":"21","session":"4308a7cf9ffb","build":"192.6262.58","bucket":"189","time":1574432548657,"group":{"id":"project.fs","version":"1"},"event":{"state":true,"data":{"created":1574432548657},"id":"invoked"}}
{"recorder_version":"21","session":"4308a7cf9ffb","build":"192.6262.58","bucket":"189","time":1574432548657,"group":{"id":"project.fs","version":"1"},"event":{"state":true,"data":{"pct-non-watched":0,"created":1574432548658,"project":"a0f12fb42952fc36a102045bdbb22ad1f15aa9443e9c675024683f4da70c8bc4"},"id":"roots-watched"}}
{"recorder_version":"21","session":"4308a7cf9ffb","build":"192.6262.58","bucket":"189","time":1574432548657,"group":{"id":"project.fs","version":"1"},"event":{"state":true,"data":{"created":1574432548658},"id":"invoked"}}
{"recorder_version":"21","session":"4308a7cf9ffb","build":"192.6262.58","bucket":"189","time":1574432548686,"group":{"id":"ui.dialogs","version":"21"},"event":{"count":1,"data":{"code":1,"created":1574432548686,"plugin_type":"PLATFORM","type":"close"},"id":"com.intellij.openapi.progress.util.ProgressDialog$MyDialogWrapper"}}
{"recorder_version":"21","session":"4308a7cf9ffb","build":"192.6262.58","bucket":"189","time":1574432548894,"group":{"id":"lifecycle","version":"21"},"event":{"count":1,"data":{"duration_ms":5962,"created":1574432548894,"project":"a0f12fb42952fc36a102045bdbb22ad1f15aa9443e9c675024683f4da70c8bc4"},"id":"project.opening.finished"}}
{"recorder_version":"21","session":"4308a7cf9ffb","build":"192.6262.58","bucket":"189","time":1574432549310,"group":{"id":"performance","version":"21"},"event":{"count":1,"data":{"duration_ms":395,"created":1574432549310},"id":"ui.lagging"}}
{"recorder_version":"21","session":"4308a7cf9ffb","build":"192.6262.58","bucket":"189","time":1574432549720,"group":{"id":"kotlin.jps.target","version":"1"},"event":{"count":1,"data":{"plugin_version":"1.3.41-release-IJ2019.2-1","created":1574432549720},"id":"jvm"}}
{"recorder_version":"21","session":"4308a7cf9ffb","build":"192.6262.58","bucket":"189","time":1574432550570,"group":{"id":"file.types.usage","version":"21"},"event":{"count":1,"data":{"plugin":"com.intellij.java","created":1574432550570,"plugin_type":"JB_BUNDLED","project":"a0f12fb42952fc36a102045bdbb22ad1f15aa9443e9c675024683f4da70c8bc4","type":"edit"},"id":"JAVA"}}
{"recorder_version":"21","session":"4308a7cf9ffb","build":"192.6262.58","bucket":"189","time":1574432553665,"group":{"id":"lifecycle","version":"21"},"event":{"count":1,"data":{"created":1574432553666,"project":"a0f12fb42952fc36a102045bdbb22ad1f15aa9443e9c675024683f4da70c8bc4"},"id":"frame.deactivated"}}
{"recorder_version":"21","session":"4308a7cf9ffb","build":"192.6262.58","bucket":"189","time":1574432568540,"group":{"id":"lifecycle","version":"21"},"event":{"count":1,"data":{"created":1574432568540,"project":"a0f12fb42952fc36a102045bdbb22ad1f15aa9443e9c675024683f4da70c8bc4"},"id":"frame.activated"}}
{"recorder_version":"21","session":"4308a7cf9ffb","build":"192.6262.58","bucket":"189","time":1574432568853,"group":{"id":"lifecycle","version":"21"},"event":{"count":1,"data":{"restart":false,"created":1574432568853},"id":"ide.close"}}
{"recorder_version":"21","session":"4308a7cf9ffb","build":"192.6262.58","bucket":"189","time":1574432569135,"group":{"id":"performance","version":"21"},"event":{"count":1,"data":{"duration_ms":167,"created":1574432569135},"id":"ui.lagging"}}
{"recorder_version":"21","session":"4308a7cf9ffb","build":"192.6262.58","bucket":"189","time":1574432569204,"group":{"id":"lifecycle","version":"21"},"event":{"count":1,"data":{"created":1574432569204,"project":"a0f12fb42952fc36a102045bdbb22ad1f15aa9443e9c675024683f4da70c8bc4"},"id":"project.closed"}}
