{"recorder_version":"21","session":"4ed14e9f5436","build":"192.6262.58","bucket":"189","time":1574428492121,"group":{"id":"settings","version":"4"},"event":{"state":true,"data":{"component":"NotRoamableUiSettings","created":1574428492295},"id":"invoked"}}
{"recorder_version":"21","session":"4ed14e9f5436","build":"192.6262.58","bucket":"189","time":1574428492124,"group":{"id":"settings","version":"4"},"event":{"state":true,"data":{"component":"UISettings","created":1574428492297},"id":"invoked"}}
{"recorder_version":"21","session":"4ed14e9f5436","build":"192.6262.58","bucket":"189","time":1574428492124,"group":{"id":"system.java","version":"1"},"event":{"state":true,"data":{"created":1574428492305,"version":"1.11"},"id":"JetBrains"}}
{"recorder_version":"21","session":"4ed14e9f5436","build":"192.6262.58","bucket":"189","time":1574428492124,"group":{"id":"system.java","version":"1"},"event":{"state":true,"data":{"created":1574428492306},"id":"invoked"}}
{"recorder_version":"21","session":"4ed14e9f5436","build":"192.6262.58","bucket":"189","time":1574428492147,"group":{"id":"system.os","version":"3"},"event":{"state":true,"data":{"created":1574428492307,"version":"10.14"},"id":"Mac"}}
{"recorder_version":"21","session":"4ed14e9f5436","build":"192.6262.58","bucket":"189","time":1574428492147,"group":{"id":"system.os","version":"3"},"event":{"state":true,"data":{"created":1574428492308,"name":"Mac","version":"10.14"},"id":"os.name"}}
{"recorder_version":"21","session":"4ed14e9f5436","build":"192.6262.58","bucket":"189","time":1574428492147,"group":{"id":"system.os","version":"3"},"event":{"state":true,"data":{"created":1574428492309,"value":"+09_00"},"id":"os.timezone"}}
{"recorder_version":"21","session":"4ed14e9f5436","build":"192.6262.58","bucket":"189","time":1574428492147,"group":{"id":"system.os","version":"3"},"event":{"state":true,"data":{"created":1574428492309},"id":"invoked"}}
{"recorder_version":"21","session":"4ed14e9f5436","build":"192.6262.58","bucket":"189","time":1574428492294,"group":{"id":"event.log","version":"21"},"event":{"count":1,"data":{"created":1574428492310,"version":"916.0"},"id":"whitelist.loaded"}}
{"recorder_version":"21","session":"4ed14e9f5436","build":"192.6262.58","bucket":"189","time":1574428494723,"group":{"id":"settings","version":"4"},"event":{"state":true,"data":{"component":"UpdatesConfigurable","created":1574428494724,"name":"checkNeeded","type":"bool","value":false},"id":"not.default"}}
{"recorder_version":"21","session":"4ed14e9f5436","build":"192.6262.58","bucket":"189","time":1574428494723,"group":{"id":"settings","version":"4"},"event":{"state":true,"data":{"component":"UpdatesConfigurable","created":1574428494727},"id":"invoked"}}
{"recorder_version":"21","session":"4ed14e9f5436","build":"192.6262.58","bucket":"189","time":1574428494864,"group":{"id":"settings","version":"4"},"event":{"state":true,"data":{"component":"GeneralSettings","created":1574428494864,"name":"confirmExit","type":"bool","value":false},"id":"not.default"}}
{"recorder_version":"21","session":"4ed14e9f5436","build":"192.6262.58","bucket":"189","time":1574428494864,"group":{"id":"settings","version":"4"},"event":{"state":true,"data":{"component":"GeneralSettings","created":1574428494865},"id":"invoked"}}
{"recorder_version":"21","session":"4ed14e9f5436","build":"192.6262.58","bucket":"189","time":1574428494873,"group":{"id":"lifecycle","version":"21"},"event":{"count":1,"data":{"internal":true,"eap":false,"created":1574428494873},"id":"ide.start"}}
{"recorder_version":"21","session":"4ed14e9f5436","build":"192.6262.58","bucket":"189","time":1574428495187,"group":{"id":"lifecycle","version":"21"},"event":{"count":1,"data":{"created":1574428495187},"id":"frame.activated"}}
{"recorder_version":"21","session":"4ed14e9f5436","build":"192.6262.58","bucket":"189","time":1574428495367,"group":{"id":"performance","version":"21"},"event":{"count":1,"data":{"duration_ms":49,"created":1574428495367},"id":"ui.latency"}}
{"recorder_version":"21","session":"4ed14e9f5436","build":"192.6262.58","bucket":"189","time":1574428495713,"group":{"id":"ui.dialogs","version":"21"},"event":{"count":1,"data":{"created":1574428495714,"plugin_type":"PLATFORM","type":"show"},"id":"com.intellij.openapi.progress.util.ProgressDialog$MyDialogWrapper"}}
{"recorder_version":"21","session":"4ed14e9f5436","build":"192.6262.58","bucket":"189","time":1574428497110,"group":{"id":"lifecycle","version":"21"},"event":{"count":1,"data":{"created":1574428497110,"project":"a0f12fb42952fc36a102045bdbb22ad1f15aa9443e9c675024683f4da70c8bc4"},"id":"project.opened"}}
{"recorder_version":"21","session":"4ed14e9f5436","build":"192.6262.58","bucket":"189","time":1574428497844,"group":{"id":"performance","version":"21"},"event":{"count":1,"data":{"duration_ms":518,"created":1574428497844},"id":"ui.lagging"}}
{"recorder_version":"21","session":"4ed14e9f5436","build":"192.6262.58","bucket":"189","time":1574428499186,"group":{"id":"settings","version":"4"},"event":{"state":true,"data":{"component":"XmlEditorOptions","created":1574428499186},"id":"invoked"}}
{"recorder_version":"21","session":"4ed14e9f5436","build":"192.6262.58","bucket":"189","time":1574428499392,"group":{"id":"toolwindow","version":"21"},"event":{"count":1,"data":{"os":"Mac","created":1574428499392,"plugin_type":"PLATFORM"},"id":"Project"}}
{"recorder_version":"21","session":"4ed14e9f5436","build":"192.6262.58","bucket":"189","time":1574428499986,"group":{"id":"ui.tips","version":"2"},"event":{"count":1,"data":{"created":1574428499986,"type":"automatically"},"id":"dialog.shown"}}
{"recorder_version":"21","session":"4ed14e9f5436","build":"192.6262.58","bucket":"189","time":1574428500070,"group":{"id":"ui.dialogs","version":"21"},"event":{"count":1,"data":{"created":1574428500071,"plugin_type":"PLATFORM","type":"show"},"id":"com.intellij.ide.util.TipDialog"}}
{"recorder_version":"21","session":"4ed14e9f5436","build":"192.6262.58","bucket":"189","time":1574428500587,"group":{"id":"performance","version":"21"},"event":{"count":1,"data":{"duration_ms":255,"created":1574428500587},"id":"ui.lagging"}}
{"recorder_version":"21","session":"4ed14e9f5436","build":"192.6262.58","bucket":"189","time":1574428501575,"group":{"id":"performance","version":"21"},"event":{"count":1,"data":{"duration_ms":243,"created":1574428501576},"id":"ui.lagging"}}
{"recorder_version":"21","session":"4ed14e9f5436","build":"192.6262.58","bucket":"189","time":1574428501757,"group":{"id":"project.fs","version":"1"},"event":{"state":true,"data":{"os":"Mac","cs-project":false,"created":1574428501758,"project":"a0f12fb42952fc36a102045bdbb22ad1f15aa9443e9c675024683f4da70c8bc4","cs-implicit":true,"cs-system":false},"id":"case-sensitivity"}}
{"recorder_version":"21","session":"4ed14e9f5436","build":"192.6262.58","bucket":"189","time":1574428501757,"group":{"id":"project.fs","version":"1"},"event":{"state":true,"data":{"created":1574428501758},"id":"invoked"}}
{"recorder_version":"21","session":"4ed14e9f5436","build":"192.6262.58","bucket":"189","time":1574428501758,"group":{"id":"project.fs","version":"1"},"event":{"state":true,"data":{"pct-non-watched":0,"created":1574428501759,"project":"a0f12fb42952fc36a102045bdbb22ad1f15aa9443e9c675024683f4da70c8bc4"},"id":"roots-watched"}}
{"recorder_version":"21","session":"4ed14e9f5436","build":"192.6262.58","bucket":"189","time":1574428501758,"group":{"id":"project.fs","version":"1"},"event":{"state":true,"data":{"created":1574428501759},"id":"invoked"}}
{"recorder_version":"21","session":"4ed14e9f5436","build":"192.6262.58","bucket":"189","time":1574428501848,"group":{"id":"ui.dialogs","version":"21"},"event":{"count":1,"data":{"code":1,"created":1574428501849,"plugin_type":"PLATFORM","type":"close"},"id":"com.intellij.openapi.progress.util.ProgressDialog$MyDialogWrapper"}}
{"recorder_version":"21","session":"4ed14e9f5436","build":"192.6262.58","bucket":"189","time":1574428501983,"group":{"id":"lifecycle","version":"21"},"event":{"count":1,"data":{"duration_ms":6501,"created":1574428501984,"project":"a0f12fb42952fc36a102045bdbb22ad1f15aa9443e9c675024683f4da70c8bc4"},"id":"project.opening.finished"}}
{"recorder_version":"21","session":"4ed14e9f5436","build":"192.6262.58","bucket":"189","time":1574428502993,"group":{"id":"kotlin.jps.target","version":"1"},"event":{"count":1,"data":{"plugin_version":"1.3.41-release-IJ2019.2-1","created":1574428502993},"id":"jvm"}}
{"recorder_version":"21","session":"4ed14e9f5436","build":"192.6262.58","bucket":"189","time":1574428505313,"group":{"id":"ui.dialogs","version":"21"},"event":{"count":1,"data":{"code":1,"created":1574428505313,"plugin_type":"PLATFORM","type":"close"},"id":"com.intellij.ide.util.TipDialog"}}
{"recorder_version":"21","session":"4ed14e9f5436","build":"192.6262.58","bucket":"189","time":1574428519298,"group":{"id":"ui.dialogs","version":"21"},"event":{"count":1,"data":{"created":1574428519298,"plugin_type":"PLATFORM","type":"show"},"id":"com.intellij.openapi.progress.util.ProgressDialog$MyDialogWrapper"}}
{"recorder_version":"21","session":"4ed14e9f5436","build":"192.6262.58","bucket":"189","time":1574428519433,"group":{"id":"lifecycle","version":"21"},"event":{"count":1,"data":{"created":1574428519433,"project":"a0f12fb42952fc36a102045bdbb22ad1f15aa9443e9c675024683f4da70c8bc4"},"id":"project.closed"}}
{"recorder_version":"21","session":"4ed14e9f5436","build":"192.6262.58","bucket":"189","time":1574428519500,"group":{"id":"ui.dialogs","version":"21"},"event":{"count":1,"data":{"code":1,"created":1574428519500,"plugin_type":"PLATFORM","type":"close"},"id":"com.intellij.openapi.progress.util.ProgressDialog$MyDialogWrapper"}}
{"recorder_version":"21","session":"4ed14e9f5436","build":"192.6262.58","bucket":"189","time":1574428522220,"group":{"id":"lifecycle","version":"21"},"event":{"count":1,"data":{"restart":false,"created":1574428522221},"id":"ide.close"}}
