{"recorder_version":"21","session":"6ad7bf84297a","build":"192.6262.58","bucket":"189","time":1574432290381,"group":{"id":"settings","version":"4"},"event":{"state":true,"data":{"component":"NotRoamableUiSettings","created":1574432290544},"id":"invoked"}}
{"recorder_version":"21","session":"6ad7bf84297a","build":"192.6262.58","bucket":"189","time":1574432290383,"group":{"id":"system.java","version":"1"},"event":{"state":true,"data":{"created":1574432290545,"version":"1.11"},"id":"JetBrains"}}
{"recorder_version":"21","session":"6ad7bf84297a","build":"192.6262.58","bucket":"189","time":1574432290383,"group":{"id":"system.java","version":"1"},"event":{"state":true,"data":{"created":1574432290554},"id":"invoked"}}
{"recorder_version":"21","session":"6ad7bf84297a","build":"192.6262.58","bucket":"189","time":1574432290383,"group":{"id":"settings","version":"4"},"event":{"state":true,"data":{"component":"UISettings","created":1574432290555},"id":"invoked"}}
{"recorder_version":"21","session":"6ad7bf84297a","build":"192.6262.58","bucket":"189","time":1574432290403,"group":{"id":"system.os","version":"3"},"event":{"state":true,"data":{"created":1574432290556,"version":"10.14"},"id":"Mac"}}
{"recorder_version":"21","session":"6ad7bf84297a","build":"192.6262.58","bucket":"189","time":1574432290403,"group":{"id":"system.os","version":"3"},"event":{"state":true,"data":{"created":1574432290556,"name":"Mac","version":"10.14"},"id":"os.name"}}
{"recorder_version":"21","session":"6ad7bf84297a","build":"192.6262.58","bucket":"189","time":1574432290403,"group":{"id":"system.os","version":"3"},"event":{"state":true,"data":{"created":1574432290557,"value":"+09_00"},"id":"os.timezone"}}
{"recorder_version":"21","session":"6ad7bf84297a","build":"192.6262.58","bucket":"189","time":1574432290403,"group":{"id":"system.os","version":"3"},"event":{"state":true,"data":{"created":1574432290558},"id":"invoked"}}
{"recorder_version":"21","session":"6ad7bf84297a","build":"192.6262.58","bucket":"189","time":1574432290543,"group":{"id":"event.log","version":"21"},"event":{"count":1,"data":{"created":1574432290559,"version":"916.0"},"id":"whitelist.loaded"}}
{"recorder_version":"21","session":"6ad7bf84297a","build":"192.6262.58","bucket":"189","time":1574432292784,"group":{"id":"settings","version":"4"},"event":{"state":true,"data":{"component":"UpdatesConfigurable","created":1574432292785,"name":"checkNeeded","type":"bool","value":false},"id":"not.default"}}
{"recorder_version":"21","session":"6ad7bf84297a","build":"192.6262.58","bucket":"189","time":1574432292785,"group":{"id":"settings","version":"4"},"event":{"state":true,"data":{"component":"UpdatesConfigurable","created":1574432292786},"id":"invoked"}}
{"recorder_version":"21","session":"6ad7bf84297a","build":"192.6262.58","bucket":"189","time":1574432292894,"group":{"id":"settings","version":"4"},"event":{"state":true,"data":{"component":"GeneralSettings","created":1574432292895,"name":"confirmExit","type":"bool","value":false},"id":"not.default"}}
{"recorder_version":"21","session":"6ad7bf84297a","build":"192.6262.58","bucket":"189","time":1574432292894,"group":{"id":"settings","version":"4"},"event":{"state":true,"data":{"component":"GeneralSettings","created":1574432292896,"name":"showTipsOnStartup","type":"bool","value":false},"id":"not.default"}}
{"recorder_version":"21","session":"6ad7bf84297a","build":"192.6262.58","bucket":"189","time":1574432292894,"group":{"id":"settings","version":"4"},"event":{"state":true,"data":{"component":"GeneralSettings","created":1574432292896},"id":"invoked"}}
{"recorder_version":"21","session":"6ad7bf84297a","build":"192.6262.58","bucket":"189","time":1574432292903,"group":{"id":"lifecycle","version":"21"},"event":{"count":1,"data":{"internal":true,"eap":false,"created":1574432292904},"id":"ide.start"}}
{"recorder_version":"21","session":"6ad7bf84297a","build":"192.6262.58","bucket":"189","time":1574432293457,"group":{"id":"performance","version":"21"},"event":{"count":1,"data":{"duration_ms":0,"created":1574432293458},"id":"ui.latency"}}
{"recorder_version":"21","session":"6ad7bf84297a","build":"192.6262.58","bucket":"189","time":1574432293686,"group":{"id":"ui.dialogs","version":"21"},"event":{"count":1,"data":{"created":1574432293687,"plugin_type":"PLATFORM","type":"show"},"id":"com.intellij.openapi.progress.util.ProgressDialog$MyDialogWrapper"}}
{"recorder_version":"21","session":"6ad7bf84297a","build":"192.6262.58","bucket":"189","time":1574432294816,"group":{"id":"lifecycle","version":"21"},"event":{"count":1,"data":{"created":1574432294817,"project":"a0f12fb42952fc36a102045bdbb22ad1f15aa9443e9c675024683f4da70c8bc4"},"id":"project.opened"}}
{"recorder_version":"21","session":"6ad7bf84297a","build":"192.6262.58","bucket":"189","time":1574432295907,"group":{"id":"performance","version":"21"},"event":{"count":1,"data":{"duration_ms":447,"created":1574432295913},"id":"ui.lagging"}}
{"recorder_version":"21","session":"6ad7bf84297a","build":"192.6262.58","bucket":"189","time":1574432297295,"group":{"id":"settings","version":"4"},"event":{"state":true,"data":{"component":"XmlEditorOptions","created":1574432297296},"id":"invoked"}}
{"recorder_version":"21","session":"6ad7bf84297a","build":"192.6262.58","bucket":"189","time":1574432297418,"group":{"id":"toolwindow","version":"21"},"event":{"count":1,"data":{"os":"Mac","created":1574432297419,"plugin_type":"PLATFORM"},"id":"Project"}}
{"recorder_version":"21","session":"6ad7bf84297a","build":"192.6262.58","bucket":"189","time":1574432297783,"group":{"id":"performance","version":"21"},"event":{"count":1,"data":{"duration_ms":319,"created":1574432297783},"id":"ui.lagging"}}
{"recorder_version":"21","session":"6ad7bf84297a","build":"192.6262.58","bucket":"189","time":1574432298114,"group":{"id":"lifecycle","version":"21"},"event":{"count":1,"data":{"created":1574432298114,"project":"a0f12fb42952fc36a102045bdbb22ad1f15aa9443e9c675024683f4da70c8bc4"},"id":"frame.activated"}}
{"recorder_version":"21","session":"6ad7bf84297a","build":"192.6262.58","bucket":"189","time":1574432299663,"group":{"id":"performance","version":"21"},"event":{"count":1,"data":{"duration_ms":195,"created":1574432299663},"id":"ui.lagging"}}
{"recorder_version":"21","session":"6ad7bf84297a","build":"192.6262.58","bucket":"189","time":1574432299937,"group":{"id":"project.fs","version":"1"},"event":{"state":true,"data":{"os":"Mac","cs-project":false,"created":1574432299937,"project":"a0f12fb42952fc36a102045bdbb22ad1f15aa9443e9c675024683f4da70c8bc4","cs-implicit":true,"cs-system":false},"id":"case-sensitivity"}}
{"recorder_version":"21","session":"6ad7bf84297a","build":"192.6262.58","bucket":"189","time":1574432299937,"group":{"id":"project.fs","version":"1"},"event":{"state":true,"data":{"created":1574432299937},"id":"invoked"}}
{"recorder_version":"21","session":"6ad7bf84297a","build":"192.6262.58","bucket":"189","time":1574432299939,"group":{"id":"project.fs","version":"1"},"event":{"state":true,"data":{"pct-non-watched":0,"created":1574432299939,"project":"a0f12fb42952fc36a102045bdbb22ad1f15aa9443e9c675024683f4da70c8bc4"},"id":"roots-watched"}}
{"recorder_version":"21","session":"6ad7bf84297a","build":"192.6262.58","bucket":"189","time":1574432299939,"group":{"id":"project.fs","version":"1"},"event":{"state":true,"data":{"created":1574432299940},"id":"invoked"}}
{"recorder_version":"21","session":"6ad7bf84297a","build":"192.6262.58","bucket":"189","time":1574432300025,"group":{"id":"ui.dialogs","version":"21"},"event":{"count":1,"data":{"code":1,"created":1574432300025,"plugin_type":"PLATFORM","type":"close"},"id":"com.intellij.openapi.progress.util.ProgressDialog$MyDialogWrapper"}}
{"recorder_version":"21","session":"6ad7bf84297a","build":"192.6262.58","bucket":"189","time":1574432300198,"group":{"id":"lifecycle","version":"21"},"event":{"count":1,"data":{"duration_ms":6776,"created":1574432300199,"project":"a0f12fb42952fc36a102045bdbb22ad1f15aa9443e9c675024683f4da70c8bc4"},"id":"project.opening.finished"}}
{"recorder_version":"21","session":"6ad7bf84297a","build":"192.6262.58","bucket":"189","time":1574432300576,"group":{"id":"performance","version":"21"},"event":{"count":1,"data":{"duration_ms":104,"created":1574432300576},"id":"ui.lagging"}}
{"recorder_version":"21","session":"6ad7bf84297a","build":"192.6262.58","bucket":"189","time":1574432301915,"group":{"id":"file.types.usage","version":"21"},"event":{"count":1,"data":{"plugin":"com.intellij.java","created":1574432301915,"plugin_type":"JB_BUNDLED","project":"a0f12fb42952fc36a102045bdbb22ad1f15aa9443e9c675024683f4da70c8bc4","type":"edit"},"id":"JAVA"}}
{"recorder_version":"21","session":"6ad7bf84297a","build":"192.6262.58","bucket":"189","time":1574432302257,"group":{"id":"kotlin.jps.target","version":"1"},"event":{"count":1,"data":{"plugin_version":"1.3.41-release-IJ2019.2-1","created":1574432302257},"id":"jvm"}}
{"recorder_version":"21","session":"6ad7bf84297a","build":"192.6262.58","bucket":"189","time":1574432328073,"group":{"id":"lifecycle","version":"21"},"event":{"count":1,"data":{"created":1574432328074,"project":"a0f12fb42952fc36a102045bdbb22ad1f15aa9443e9c675024683f4da70c8bc4"},"id":"frame.deactivated"}}
{"recorder_version":"21","session":"6ad7bf84297a","build":"192.6262.58","bucket":"189","time":1574432349498,"group":{"id":"lifecycle","version":"21"},"event":{"count":1,"data":{"created":1574432349498,"project":"a0f12fb42952fc36a102045bdbb22ad1f15aa9443e9c675024683f4da70c8bc4"},"id":"frame.activated"}}
{"recorder_version":"21","session":"6ad7bf84297a","build":"192.6262.58","bucket":"189","time":1574432349851,"group":{"id":"lifecycle","version":"21"},"event":{"count":1,"data":{"restart":false,"created":1574432349851},"id":"ide.close"}}
{"recorder_version":"21","session":"6ad7bf84297a","build":"192.6262.58","bucket":"189","time":1574432349956,"group":{"id":"lifecycle","version":"21"},"event":{"count":1,"data":{"created":1574432349957,"project":"a0f12fb42952fc36a102045bdbb22ad1f15aa9443e9c675024683f4da70c8bc4"},"id":"project.closed"}}
