{"recorder_version":"21","session":"6ce714d1f94b","build":"192.6262.58","bucket":"189","time":1575350942234,"group":{"id":"settings","version":"4"},"event":{"state":true,"data":{"component":"NotRoamableUiSettings","created":1575350942408},"id":"invoked"}}
{"recorder_version":"21","session":"6ce714d1f94b","build":"192.6262.58","bucket":"189","time":1575350942237,"group":{"id":"system.java","version":"1"},"event":{"state":true,"data":{"created":1575350942410,"version":"1.11"},"id":"JetBrains"}}
{"recorder_version":"21","session":"6ce714d1f94b","build":"192.6262.58","bucket":"189","time":1575350942237,"group":{"id":"system.java","version":"1"},"event":{"state":true,"data":{"created":1575350942418},"id":"invoked"}}
{"recorder_version":"21","session":"6ce714d1f94b","build":"192.6262.58","bucket":"189","time":1575350942237,"group":{"id":"settings","version":"4"},"event":{"state":true,"data":{"component":"UISettings","created":1575350942419},"id":"invoked"}}
{"recorder_version":"21","session":"6ce714d1f94b","build":"192.6262.58","bucket":"189","time":1575350942259,"group":{"id":"system.os","version":"3"},"event":{"state":true,"data":{"created":1575350942420,"version":"10.14"},"id":"Mac"}}
{"recorder_version":"21","session":"6ce714d1f94b","build":"192.6262.58","bucket":"189","time":1575350942259,"group":{"id":"system.os","version":"3"},"event":{"state":true,"data":{"created":1575350942421,"name":"Mac","version":"10.14"},"id":"os.name"}}
{"recorder_version":"21","session":"6ce714d1f94b","build":"192.6262.58","bucket":"189","time":1575350942259,"group":{"id":"system.os","version":"3"},"event":{"state":true,"data":{"created":1575350942422,"value":"+09_00"},"id":"os.timezone"}}
{"recorder_version":"21","session":"6ce714d1f94b","build":"192.6262.58","bucket":"189","time":1575350942259,"group":{"id":"system.os","version":"3"},"event":{"state":true,"data":{"created":1575350942423},"id":"invoked"}}
{"recorder_version":"21","session":"6ce714d1f94b","build":"192.6262.58","bucket":"189","time":1575350942408,"group":{"id":"event.log","version":"21"},"event":{"count":1,"data":{"created":1575350942423,"version":"943.0"},"id":"whitelist.loaded"}}
{"recorder_version":"21","session":"6ce714d1f94b","build":"192.6262.58","bucket":"189","time":1575350944474,"group":{"id":"settings","version":"4"},"event":{"state":true,"data":{"component":"UpdatesConfigurable","created":1575350944475,"name":"checkNeeded","type":"bool","value":false},"id":"not.default"}}
{"recorder_version":"21","session":"6ce714d1f94b","build":"192.6262.58","bucket":"189","time":1575350944474,"group":{"id":"settings","version":"4"},"event":{"state":true,"data":{"component":"UpdatesConfigurable","created":1575350944476},"id":"invoked"}}
{"recorder_version":"21","session":"6ce714d1f94b","build":"192.6262.58","bucket":"189","time":1575350944588,"group":{"id":"settings","version":"4"},"event":{"state":true,"data":{"component":"GeneralSettings","created":1575350944589,"name":"confirmExit","type":"bool","value":false},"id":"not.default"}}
{"recorder_version":"21","session":"6ce714d1f94b","build":"192.6262.58","bucket":"189","time":1575350944589,"group":{"id":"settings","version":"4"},"event":{"state":true,"data":{"component":"GeneralSettings","created":1575350944590,"name":"showTipsOnStartup","type":"bool","value":false},"id":"not.default"}}
{"recorder_version":"21","session":"6ce714d1f94b","build":"192.6262.58","bucket":"189","time":1575350944589,"group":{"id":"settings","version":"4"},"event":{"state":true,"data":{"component":"GeneralSettings","created":1575350944591},"id":"invoked"}}
{"recorder_version":"21","session":"6ce714d1f94b","build":"192.6262.58","bucket":"189","time":1575350944595,"group":{"id":"lifecycle","version":"21"},"event":{"count":1,"data":{"internal":true,"eap":false,"created":1575350944595},"id":"ide.start"}}
{"recorder_version":"21","session":"6ce714d1f94b","build":"192.6262.58","bucket":"189","time":1575350944931,"group":{"id":"lifecycle","version":"21"},"event":{"count":1,"data":{"created":1575350944931},"id":"frame.activated"}}
{"recorder_version":"21","session":"6ce714d1f94b","build":"192.6262.58","bucket":"189","time":1575350945063,"group":{"id":"performance","version":"21"},"event":{"count":1,"data":{"duration_ms":0,"created":1575350945063},"id":"ui.latency"}}
{"recorder_version":"21","session":"6ce714d1f94b","build":"192.6262.58","bucket":"189","time":1575350945405,"group":{"id":"ui.dialogs","version":"21"},"event":{"count":1,"data":{"created":1575350945406,"plugin_type":"PLATFORM","type":"show"},"id":"com.intellij.openapi.progress.util.ProgressDialog$MyDialogWrapper"}}
{"recorder_version":"21","session":"6ce714d1f94b","build":"192.6262.58","bucket":"189","time":1575350946442,"group":{"id":"lifecycle","version":"21"},"event":{"count":1,"data":{"created":1575350946442,"project":"4452600da3b350ab41d92ae108c2baae6ff0ac3ddb31bd67020ee046ec77ac09"},"id":"project.opened"}}
{"recorder_version":"21","session":"6ce714d1f94b","build":"192.6262.58","bucket":"189","time":1575350948101,"group":{"id":"settings","version":"4"},"event":{"state":true,"data":{"component":"XmlEditorOptions","created":1575350948102},"id":"invoked"}}
{"recorder_version":"21","session":"6ce714d1f94b","build":"192.6262.58","bucket":"189","time":1575350948193,"group":{"id":"performance","version":"21"},"event":{"count":1,"data":{"duration_ms":128,"created":1575350948193},"id":"ui.lagging"}}
{"recorder_version":"21","session":"6ce714d1f94b","build":"192.6262.58","bucket":"189","time":1575350948868,"group":{"id":"toolwindow","version":"21"},"event":{"count":1,"data":{"os":"Mac","created":1575350948868,"plugin_type":"PLATFORM"},"id":"Project"}}
{"recorder_version":"21","session":"6ce714d1f94b","build":"192.6262.58","bucket":"189","time":1575350949661,"group":{"id":"performance","version":"21"},"event":{"count":1,"data":{"duration_ms":595,"created":1575350949661},"id":"ui.lagging"}}
{"recorder_version":"21","session":"6ce714d1f94b","build":"192.6262.58","bucket":"189","time":1575350951014,"group":{"id":"project.fs","version":"1"},"event":{"state":true,"data":{"os":"Mac","cs-project":false,"created":1575350951014,"project":"4452600da3b350ab41d92ae108c2baae6ff0ac3ddb31bd67020ee046ec77ac09","cs-implicit":true,"cs-system":false},"id":"case-sensitivity"}}
{"recorder_version":"21","session":"6ce714d1f94b","build":"192.6262.58","bucket":"189","time":1575350951014,"group":{"id":"project.fs","version":"1"},"event":{"state":true,"data":{"created":1575350951015},"id":"invoked"}}
{"recorder_version":"21","session":"6ce714d1f94b","build":"192.6262.58","bucket":"189","time":1575350951015,"group":{"id":"project.fs","version":"1"},"event":{"state":true,"data":{"pct-non-watched":0,"created":1575350951015,"project":"4452600da3b350ab41d92ae108c2baae6ff0ac3ddb31bd67020ee046ec77ac09"},"id":"roots-watched"}}
{"recorder_version":"21","session":"6ce714d1f94b","build":"192.6262.58","bucket":"189","time":1575350951015,"group":{"id":"project.fs","version":"1"},"event":{"state":true,"data":{"created":1575350951015},"id":"invoked"}}
{"recorder_version":"21","session":"6ce714d1f94b","build":"192.6262.58","bucket":"189","time":1575350951109,"group":{"id":"ui.dialogs","version":"21"},"event":{"count":1,"data":{"code":1,"created":1575350951109,"plugin_type":"PLATFORM","type":"close"},"id":"com.intellij.openapi.progress.util.ProgressDialog$MyDialogWrapper"}}
{"recorder_version":"21","session":"6ce714d1f94b","build":"192.6262.58","bucket":"189","time":1575350951291,"group":{"id":"lifecycle","version":"21"},"event":{"count":1,"data":{"duration_ms":6165,"created":1575350951291,"project":"4452600da3b350ab41d92ae108c2baae6ff0ac3ddb31bd67020ee046ec77ac09"},"id":"project.opening.finished"}}
{"recorder_version":"21","session":"6ce714d1f94b","build":"192.6262.58","bucket":"189","time":1575350952320,"group":{"id":"kotlin.jps.target","version":"1"},"event":{"count":2,"data":{"plugin_version":"validation.undefined_rule","last":1575350952320,"created":1575350952320},"id":"validation.undefined_rule"}}
{"recorder_version":"21","session":"6ce714d1f94b","build":"192.6262.58","bucket":"189","time":1575350953171,"group":{"id":"performance","version":"21"},"event":{"count":1,"data":{"duration_ms":100,"created":1575350953171},"id":"ui.lagging"}}
{"recorder_version":"21","session":"6ce714d1f94b","build":"192.6262.58","bucket":"189","time":1575350953184,"group":{"id":"vcs.change.reminder","version":"1"},"event":{"count":1,"data":{"created":1575350953184,"project":"4452600da3b350ab41d92ae108c2baae6ff0ac3ddb31bd67020ee046ec77ac09","execution_time":254},"id":"prediction.calculated"}}
{"recorder_version":"21","session":"6ce714d1f94b","build":"192.6262.58","bucket":"189","time":1575350953925,"group":{"id":"file.types.usage","version":"21"},"event":{"count":1,"data":{"plugin":"com.intellij.java","created":1575350953925,"plugin_type":"JB_BUNDLED","project":"4452600da3b350ab41d92ae108c2baae6ff0ac3ddb31bd67020ee046ec77ac09","type":"edit"},"id":"JAVA"}}
{"recorder_version":"21","session":"6ce714d1f94b","build":"192.6262.58","bucket":"189","time":1575350957688,"group":{"id":"actions","version":"21"},"event":{"count":1,"data":{"context_menu":false,"current_file":"JAVA","created":1575350957688,"plugin_type":"PLATFORM","project":"4452600da3b350ab41d92ae108c2baae6ff0ac3ddb31bd67020ee046ec77ac09","place":"keyboard_shortcut","class":"com.intellij.openapi.editor.actions.EscapeAction","input_event":"Escape"},"id":"EditorEscape"}}
{"recorder_version":"21","session":"6ce714d1f94b","build":"192.6262.58","bucket":"189","time":1575350959265,"group":{"id":"file.types.usage","version":"21"},"event":{"count":5,"data":{"plugin":"com.intellij.java","last":1575350960406,"created":1575350959265,"plugin_type":"JB_BUNDLED","project":"4452600da3b350ab41d92ae108c2baae6ff0ac3ddb31bd67020ee046ec77ac09","type":"edit"},"id":"JAVA"}}
{"recorder_version":"21","session":"6ce714d1f94b","build":"192.6262.58","bucket":"189","time":1575350963460,"group":{"id":"ui.dialogs","version":"21"},"event":{"count":1,"data":{"created":1575350963461,"plugin_type":"PLATFORM","type":"show"},"id":"com.intellij.openapi.progress.util.ProgressDialog$MyDialogWrapper"}}
{"recorder_version":"21","session":"6ce714d1f94b","build":"192.6262.58","bucket":"189","time":1575350963480,"group":{"id":"lifecycle","version":"21"},"event":{"count":1,"data":{"created":1575350963481,"project":"4452600da3b350ab41d92ae108c2baae6ff0ac3ddb31bd67020ee046ec77ac09"},"id":"project.closed"}}
{"recorder_version":"21","session":"6ce714d1f94b","build":"192.6262.58","bucket":"189","time":1575350963577,"group":{"id":"ui.dialogs","version":"21"},"event":{"count":1,"data":{"code":1,"created":1575350963577,"plugin_type":"PLATFORM","type":"close"},"id":"com.intellij.openapi.progress.util.ProgressDialog$MyDialogWrapper"}}
{"recorder_version":"21","session":"6ce714d1f94b","build":"192.6262.58","bucket":"189","time":1575351045331,"group":{"id":"performance","version":"21"},"event":{"count":1,"data":{"duration_ms":0,"created":1575351045331},"id":"ui.latency"}}
{"recorder_version":"21","session":"6ce714d1f94b","build":"192.6262.58","bucket":"189","time":1575351145572,"group":{"id":"performance","version":"21"},"event":{"count":1,"data":{"duration_ms":0,"created":1575351145572},"id":"ui.latency"}}
{"recorder_version":"21","session":"6ce714d1f94b","build":"192.6262.58","bucket":"189","time":1575351184973,"group":{"id":"lifecycle","version":"21"},"event":{"count":1,"data":{"restart":false,"created":1575351184973},"id":"ide.close"}}
