{"recorder_version":"21","session":"74cc5480b2b2","build":"192.6262.58","bucket":"189","time":1574429108827,"group":{"id":"settings","version":"4"},"event":{"state":true,"data":{"component":"NotRoamableUiSettings","created":1574429108998},"id":"invoked"}}
{"recorder_version":"21","session":"74cc5480b2b2","build":"192.6262.58","bucket":"189","time":1574429108829,"group":{"id":"system.java","version":"1"},"event":{"state":true,"data":{"created":1574429109000,"version":"1.11"},"id":"JetBrains"}}
{"recorder_version":"21","session":"74cc5480b2b2","build":"192.6262.58","bucket":"189","time":1574429108829,"group":{"id":"system.java","version":"1"},"event":{"state":true,"data":{"created":1574429109015},"id":"invoked"}}
{"recorder_version":"21","session":"74cc5480b2b2","build":"192.6262.58","bucket":"189","time":1574429108829,"group":{"id":"settings","version":"4"},"event":{"state":true,"data":{"component":"UISettings","created":1574429109016},"id":"invoked"}}
{"recorder_version":"21","session":"74cc5480b2b2","build":"192.6262.58","bucket":"189","time":1574429108850,"group":{"id":"system.os","version":"3"},"event":{"state":true,"data":{"created":1574429109016,"version":"10.14"},"id":"Mac"}}
{"recorder_version":"21","session":"74cc5480b2b2","build":"192.6262.58","bucket":"189","time":1574429108850,"group":{"id":"system.os","version":"3"},"event":{"state":true,"data":{"created":1574429109017,"name":"Mac","version":"10.14"},"id":"os.name"}}
{"recorder_version":"21","session":"74cc5480b2b2","build":"192.6262.58","bucket":"189","time":1574429108850,"group":{"id":"system.os","version":"3"},"event":{"state":true,"data":{"created":1574429109019,"value":"+09_00"},"id":"os.timezone"}}
{"recorder_version":"21","session":"74cc5480b2b2","build":"192.6262.58","bucket":"189","time":1574429108850,"group":{"id":"system.os","version":"3"},"event":{"state":true,"data":{"created":1574429109020},"id":"invoked"}}
{"recorder_version":"21","session":"74cc5480b2b2","build":"192.6262.58","bucket":"189","time":1574429108997,"group":{"id":"event.log","version":"21"},"event":{"count":1,"data":{"created":1574429109021,"version":"916.0"},"id":"whitelist.loaded"}}
{"recorder_version":"21","session":"74cc5480b2b2","build":"192.6262.58","bucket":"189","time":1574429111346,"group":{"id":"settings","version":"4"},"event":{"state":true,"data":{"component":"UpdatesConfigurable","created":1574429111346,"name":"checkNeeded","type":"bool","value":false},"id":"not.default"}}
{"recorder_version":"21","session":"74cc5480b2b2","build":"192.6262.58","bucket":"189","time":1574429111346,"group":{"id":"settings","version":"4"},"event":{"state":true,"data":{"component":"UpdatesConfigurable","created":1574429111347},"id":"invoked"}}
{"recorder_version":"21","session":"74cc5480b2b2","build":"192.6262.58","bucket":"189","time":1574429111465,"group":{"id":"settings","version":"4"},"event":{"state":true,"data":{"component":"GeneralSettings","created":1574429111466,"name":"confirmExit","type":"bool","value":false},"id":"not.default"}}
{"recorder_version":"21","session":"74cc5480b2b2","build":"192.6262.58","bucket":"189","time":1574429111466,"group":{"id":"settings","version":"4"},"event":{"state":true,"data":{"component":"GeneralSettings","created":1574429111470,"name":"showTipsOnStartup","type":"bool","value":false},"id":"not.default"}}
{"recorder_version":"21","session":"74cc5480b2b2","build":"192.6262.58","bucket":"189","time":1574429111466,"group":{"id":"settings","version":"4"},"event":{"state":true,"data":{"component":"GeneralSettings","created":1574429111472},"id":"invoked"}}
{"recorder_version":"21","session":"74cc5480b2b2","build":"192.6262.58","bucket":"189","time":1574429111474,"group":{"id":"lifecycle","version":"21"},"event":{"count":1,"data":{"internal":true,"eap":false,"created":1574429111474},"id":"ide.start"}}
{"recorder_version":"21","session":"74cc5480b2b2","build":"192.6262.58","bucket":"189","time":1574429112004,"group":{"id":"performance","version":"21"},"event":{"count":1,"data":{"duration_ms":6,"created":1574429112004},"id":"ui.latency"}}
{"recorder_version":"21","session":"74cc5480b2b2","build":"192.6262.58","bucket":"189","time":1574429112275,"group":{"id":"ui.dialogs","version":"21"},"event":{"count":1,"data":{"created":1574429112276,"plugin_type":"PLATFORM","type":"show"},"id":"com.intellij.openapi.progress.util.ProgressDialog$MyDialogWrapper"}}
{"recorder_version":"21","session":"74cc5480b2b2","build":"192.6262.58","bucket":"189","time":1574429113516,"group":{"id":"lifecycle","version":"21"},"event":{"count":1,"data":{"created":1574429113516,"project":"a0f12fb42952fc36a102045bdbb22ad1f15aa9443e9c675024683f4da70c8bc4"},"id":"project.opened"}}
{"recorder_version":"21","session":"74cc5480b2b2","build":"192.6262.58","bucket":"189","time":1574429114248,"group":{"id":"performance","version":"21"},"event":{"count":1,"data":{"duration_ms":245,"created":1574429114248},"id":"ui.lagging"}}
{"recorder_version":"21","session":"74cc5480b2b2","build":"192.6262.58","bucket":"189","time":1574429115560,"group":{"id":"settings","version":"4"},"event":{"state":true,"data":{"component":"XmlEditorOptions","created":1574429115560},"id":"invoked"}}
{"recorder_version":"21","session":"74cc5480b2b2","build":"192.6262.58","bucket":"189","time":1574429115595,"group":{"id":"lifecycle","version":"21"},"event":{"count":1,"data":{"created":1574429115595,"project":"a0f12fb42952fc36a102045bdbb22ad1f15aa9443e9c675024683f4da70c8bc4"},"id":"frame.activated"}}
{"recorder_version":"21","session":"74cc5480b2b2","build":"192.6262.58","bucket":"189","time":1574429115648,"group":{"id":"performance","version":"21"},"event":{"count":1,"data":{"duration_ms":645,"created":1574429115649},"id":"ui.lagging"}}
{"recorder_version":"21","session":"74cc5480b2b2","build":"192.6262.58","bucket":"189","time":1574429115782,"group":{"id":"toolwindow","version":"21"},"event":{"count":1,"data":{"os":"Mac","created":1574429115782,"plugin_type":"PLATFORM"},"id":"Project"}}
{"recorder_version":"21","session":"74cc5480b2b2","build":"192.6262.58","bucket":"189","time":1574429116277,"group":{"id":"performance","version":"21"},"event":{"count":1,"data":{"duration_ms":267,"created":1574429116278},"id":"ui.lagging"}}
{"recorder_version":"21","session":"74cc5480b2b2","build":"192.6262.58","bucket":"189","time":1574429118212,"group":{"id":"performance","version":"21"},"event":{"count":1,"data":{"duration_ms":199,"created":1574429118212},"id":"ui.lagging"}}
{"recorder_version":"21","session":"74cc5480b2b2","build":"192.6262.58","bucket":"189","time":1574429118403,"group":{"id":"project.fs","version":"1"},"event":{"state":true,"data":{"os":"Mac","cs-project":false,"created":1574429118403,"project":"a0f12fb42952fc36a102045bdbb22ad1f15aa9443e9c675024683f4da70c8bc4","cs-implicit":true,"cs-system":false},"id":"case-sensitivity"}}
{"recorder_version":"21","session":"74cc5480b2b2","build":"192.6262.58","bucket":"189","time":1574429118404,"group":{"id":"project.fs","version":"1"},"event":{"state":true,"data":{"created":1574429118404},"id":"invoked"}}
{"recorder_version":"21","session":"74cc5480b2b2","build":"192.6262.58","bucket":"189","time":1574429118404,"group":{"id":"project.fs","version":"1"},"event":{"state":true,"data":{"pct-non-watched":0,"created":1574429118405,"project":"a0f12fb42952fc36a102045bdbb22ad1f15aa9443e9c675024683f4da70c8bc4"},"id":"roots-watched"}}
{"recorder_version":"21","session":"74cc5480b2b2","build":"192.6262.58","bucket":"189","time":1574429118404,"group":{"id":"project.fs","version":"1"},"event":{"state":true,"data":{"created":1574429118405},"id":"invoked"}}
{"recorder_version":"21","session":"74cc5480b2b2","build":"192.6262.58","bucket":"189","time":1574429118450,"group":{"id":"ui.dialogs","version":"21"},"event":{"count":1,"data":{"code":1,"created":1574429118450,"plugin_type":"PLATFORM","type":"close"},"id":"com.intellij.openapi.progress.util.ProgressDialog$MyDialogWrapper"}}
{"recorder_version":"21","session":"74cc5480b2b2","build":"192.6262.58","bucket":"189","time":1574429118683,"group":{"id":"lifecycle","version":"21"},"event":{"count":1,"data":{"duration_ms":6667,"created":1574429118683,"project":"a0f12fb42952fc36a102045bdbb22ad1f15aa9443e9c675024683f4da70c8bc4"},"id":"project.opening.finished"}}
{"recorder_version":"21","session":"74cc5480b2b2","build":"192.6262.58","bucket":"189","time":1574429119606,"group":{"id":"kotlin.jps.target","version":"1"},"event":{"count":1,"data":{"plugin_version":"1.3.41-release-IJ2019.2-1","created":1574429119606},"id":"jvm"}}
{"recorder_version":"21","session":"74cc5480b2b2","build":"192.6262.58","bucket":"189","time":1574429120814,"group":{"id":"file.types.usage","version":"21"},"event":{"count":1,"data":{"plugin":"com.intellij.java","created":1574429120815,"plugin_type":"JB_BUNDLED","project":"a0f12fb42952fc36a102045bdbb22ad1f15aa9443e9c675024683f4da70c8bc4","type":"edit"},"id":"JAVA"}}
{"recorder_version":"21","session":"74cc5480b2b2","build":"192.6262.58","bucket":"189","time":1574429122495,"group":{"id":"actions","version":"21"},"event":{"count":3,"data":{"context_menu":false,"last":1574429122774,"current_file":"JAVA","created":1574429122495,"plugin_type":"PLATFORM","project":"a0f12fb42952fc36a102045bdbb22ad1f15aa9443e9c675024683f4da70c8bc4","place":"keyboard_shortcut","class":"com.intellij.openapi.editor.actions.BackspaceAction","input_event":"Backspace"},"id":"EditorBackSpace"}}
{"recorder_version":"21","session":"74cc5480b2b2","build":"192.6262.58","bucket":"189","time":1574429123738,"group":{"id":"productivity","version":"21"},"event":{"count":2,"data":{"last":1574429126383,"created":1574429123738,"plugin_type":"PLATFORM"},"id":"ui.tree.speedsearch"}}
{"recorder_version":"21","session":"74cc5480b2b2","build":"192.6262.58","bucket":"189","time":1574429130865,"group":{"id":"lifecycle","version":"21"},"event":{"count":1,"data":{"created":1574429130865,"project":"a0f12fb42952fc36a102045bdbb22ad1f15aa9443e9c675024683f4da70c8bc4"},"id":"frame.deactivated"}}
{"recorder_version":"21","session":"74cc5480b2b2","build":"192.6262.58","bucket":"189","time":1574429212254,"group":{"id":"performance","version":"21"},"event":{"count":1,"data":{"duration_ms":0,"created":1574429212255},"id":"ui.latency"}}
{"recorder_version":"21","session":"74cc5480b2b2","build":"192.6262.58","bucket":"189","time":1574429285981,"group":{"id":"lifecycle","version":"21"},"event":{"count":1,"data":{"created":1574429285981,"project":"a0f12fb42952fc36a102045bdbb22ad1f15aa9443e9c675024683f4da70c8bc4"},"id":"frame.activated"}}
{"recorder_version":"21","session":"74cc5480b2b2","build":"192.6262.58","bucket":"189","time":1574429286722,"group":{"id":"lifecycle","version":"21"},"event":{"count":1,"data":{"restart":false,"created":1574429286722},"id":"ide.close"}}
{"recorder_version":"21","session":"74cc5480b2b2","build":"192.6262.58","bucket":"189","time":1574429286810,"group":{"id":"lifecycle","version":"21"},"event":{"count":1,"data":{"created":1574429286810,"project":"a0f12fb42952fc36a102045bdbb22ad1f15aa9443e9c675024683f4da70c8bc4"},"id":"project.closed"}}
