{"recorder_version":"21","session":"bf02587c4531","build":"192.6262.58","bucket":"189","time":1574802557566,"group":{"id":"settings","version":"4"},"event":{"state":true,"data":{"component":"NotRoamableUiSettings","created":1574802557709},"id":"invoked"}}
{"recorder_version":"21","session":"bf02587c4531","build":"192.6262.58","bucket":"189","time":1574802557568,"group":{"id":"system.java","version":"1"},"event":{"state":true,"data":{"created":1574802557711,"version":"1.11"},"id":"JetBrains"}}
{"recorder_version":"21","session":"bf02587c4531","build":"192.6262.58","bucket":"189","time":1574802557568,"group":{"id":"system.java","version":"1"},"event":{"state":true,"data":{"created":1574802557718},"id":"invoked"}}
{"recorder_version":"21","session":"bf02587c4531","build":"192.6262.58","bucket":"189","time":1574802557568,"group":{"id":"settings","version":"4"},"event":{"state":true,"data":{"component":"UISettings","created":1574802557719},"id":"invoked"}}
{"recorder_version":"21","session":"bf02587c4531","build":"192.6262.58","bucket":"189","time":1574802557591,"group":{"id":"system.os","version":"3"},"event":{"state":true,"data":{"created":1574802557720,"version":"10.14"},"id":"Mac"}}
{"recorder_version":"21","session":"bf02587c4531","build":"192.6262.58","bucket":"189","time":1574802557591,"group":{"id":"system.os","version":"3"},"event":{"state":true,"data":{"created":1574802557721,"name":"Mac","version":"10.14"},"id":"os.name"}}
{"recorder_version":"21","session":"bf02587c4531","build":"192.6262.58","bucket":"189","time":1574802557591,"group":{"id":"system.os","version":"3"},"event":{"state":true,"data":{"created":1574802557722,"value":"+09_00"},"id":"os.timezone"}}
{"recorder_version":"21","session":"bf02587c4531","build":"192.6262.58","bucket":"189","time":1574802557591,"group":{"id":"system.os","version":"3"},"event":{"state":true,"data":{"created":1574802557723},"id":"invoked"}}
{"recorder_version":"21","session":"bf02587c4531","build":"192.6262.58","bucket":"189","time":1574802557708,"group":{"id":"event.log","version":"21"},"event":{"count":1,"data":{"created":1574802557724,"version":"930.0"},"id":"whitelist.loaded"}}
{"recorder_version":"21","session":"bf02587c4531","build":"192.6262.58","bucket":"189","time":1574802559991,"group":{"id":"settings","version":"4"},"event":{"state":true,"data":{"component":"UpdatesConfigurable","created":1574802559992,"name":"checkNeeded","type":"bool","value":false},"id":"not.default"}}
{"recorder_version":"21","session":"bf02587c4531","build":"192.6262.58","bucket":"189","time":1574802559992,"group":{"id":"settings","version":"4"},"event":{"state":true,"data":{"component":"UpdatesConfigurable","created":1574802559993},"id":"invoked"}}
{"recorder_version":"21","session":"bf02587c4531","build":"192.6262.58","bucket":"189","time":1574802560104,"group":{"id":"settings","version":"4"},"event":{"state":true,"data":{"component":"GeneralSettings","created":1574802560104,"name":"confirmExit","type":"bool","value":false},"id":"not.default"}}
{"recorder_version":"21","session":"bf02587c4531","build":"192.6262.58","bucket":"189","time":1574802560104,"group":{"id":"settings","version":"4"},"event":{"state":true,"data":{"component":"GeneralSettings","created":1574802560106,"name":"showTipsOnStartup","type":"bool","value":false},"id":"not.default"}}
{"recorder_version":"21","session":"bf02587c4531","build":"192.6262.58","bucket":"189","time":1574802560104,"group":{"id":"settings","version":"4"},"event":{"state":true,"data":{"component":"GeneralSettings","created":1574802560108},"id":"invoked"}}
{"recorder_version":"21","session":"bf02587c4531","build":"192.6262.58","bucket":"189","time":1574802560110,"group":{"id":"lifecycle","version":"21"},"event":{"count":1,"data":{"internal":true,"eap":false,"created":1574802560111},"id":"ide.start"}}
{"recorder_version":"21","session":"bf02587c4531","build":"192.6262.58","bucket":"189","time":1574802560399,"group":{"id":"lifecycle","version":"21"},"event":{"count":1,"data":{"created":1574802560399},"id":"frame.activated"}}
{"recorder_version":"21","session":"bf02587c4531","build":"192.6262.58","bucket":"189","time":1574802560649,"group":{"id":"performance","version":"21"},"event":{"count":1,"data":{"duration_ms":1,"created":1574802560649},"id":"ui.latency"}}
{"recorder_version":"21","session":"bf02587c4531","build":"192.6262.58","bucket":"189","time":1574802560915,"group":{"id":"ui.dialogs","version":"21"},"event":{"count":1,"data":{"created":1574802560915,"plugin_type":"PLATFORM","type":"show"},"id":"com.intellij.openapi.progress.util.ProgressDialog$MyDialogWrapper"}}
{"recorder_version":"21","session":"bf02587c4531","build":"192.6262.58","bucket":"189","time":1574802561969,"group":{"id":"lifecycle","version":"21"},"event":{"count":1,"data":{"created":1574802561969,"project":"92ddc83aceaa9edad1485397ccc1680a8fd16623aa2c155379eac4aafdb2a559"},"id":"project.opened"}}
{"recorder_version":"21","session":"bf02587c4531","build":"192.6262.58","bucket":"189","time":1574802563704,"group":{"id":"settings","version":"4"},"event":{"state":true,"data":{"component":"XmlEditorOptions","created":1574802563704},"id":"invoked"}}
{"recorder_version":"21","session":"bf02587c4531","build":"192.6262.58","bucket":"189","time":1574802563949,"group":{"id":"toolwindow","version":"21"},"event":{"count":1,"data":{"os":"Mac","created":1574802563950,"plugin_type":"PLATFORM"},"id":"Project"}}
{"recorder_version":"21","session":"bf02587c4531","build":"192.6262.58","bucket":"189","time":1574802566196,"group":{"id":"project.fs","version":"1"},"event":{"state":true,"data":{"os":"Mac","cs-project":false,"created":1574802566197,"project":"92ddc83aceaa9edad1485397ccc1680a8fd16623aa2c155379eac4aafdb2a559","cs-implicit":true,"cs-system":false},"id":"case-sensitivity"}}
{"recorder_version":"21","session":"bf02587c4531","build":"192.6262.58","bucket":"189","time":1574802566198,"group":{"id":"project.fs","version":"1"},"event":{"state":true,"data":{"created":1574802566198},"id":"invoked"}}
{"recorder_version":"21","session":"bf02587c4531","build":"192.6262.58","bucket":"189","time":1574802566199,"group":{"id":"project.fs","version":"1"},"event":{"state":true,"data":{"pct-non-watched":0,"created":1574802566200,"project":"92ddc83aceaa9edad1485397ccc1680a8fd16623aa2c155379eac4aafdb2a559"},"id":"roots-watched"}}
{"recorder_version":"21","session":"bf02587c4531","build":"192.6262.58","bucket":"189","time":1574802566199,"group":{"id":"project.fs","version":"1"},"event":{"state":true,"data":{"created":1574802566200},"id":"invoked"}}
{"recorder_version":"21","session":"bf02587c4531","build":"192.6262.58","bucket":"189","time":1574802566219,"group":{"id":"ui.dialogs","version":"21"},"event":{"count":1,"data":{"code":1,"created":1574802566219,"plugin_type":"PLATFORM","type":"close"},"id":"com.intellij.openapi.progress.util.ProgressDialog$MyDialogWrapper"}}
{"recorder_version":"21","session":"bf02587c4531","build":"192.6262.58","bucket":"189","time":1574802566517,"group":{"id":"lifecycle","version":"21"},"event":{"count":1,"data":{"duration_ms":5869,"created":1574802566517,"project":"92ddc83aceaa9edad1485397ccc1680a8fd16623aa2c155379eac4aafdb2a559"},"id":"project.opening.finished"}}
{"recorder_version":"21","session":"bf02587c4531","build":"192.6262.58","bucket":"189","time":1574802566934,"group":{"id":"performance","version":"21"},"event":{"count":1,"data":{"duration_ms":272,"created":1574802566935},"id":"ui.lagging"}}
{"recorder_version":"21","session":"bf02587c4531","build":"192.6262.58","bucket":"189","time":1574802568497,"group":{"id":"kotlin.jps.target","version":"1"},"event":{"count":1,"data":{"plugin_version":"validation.undefined_rule","created":1574802568497},"id":"validation.undefined_rule"}}
{"recorder_version":"21","session":"bf02587c4531","build":"192.6262.58","bucket":"189","time":1574802569071,"group":{"id":"file.types.usage","version":"21"},"event":{"count":1,"data":{"created":1574802569071,"plugin_type":"PLATFORM","project":"92ddc83aceaa9edad1485397ccc1680a8fd16623aa2c155379eac4aafdb2a559","type":"edit"},"id":"IDEA_MODULE"}}
{"recorder_version":"21","session":"bf02587c4531","build":"192.6262.58","bucket":"189","time":1574802575871,"group":{"id":"lifecycle","version":"21"},"event":{"count":1,"data":{"created":1574802575872,"project":"92ddc83aceaa9edad1485397ccc1680a8fd16623aa2c155379eac4aafdb2a559"},"id":"frame.deactivated"}}
{"recorder_version":"21","session":"bf02587c4531","build":"192.6262.58","bucket":"189","time":1574802603084,"group":{"id":"lifecycle","version":"21"},"event":{"count":1,"data":{"created":1574802603084,"project":"92ddc83aceaa9edad1485397ccc1680a8fd16623aa2c155379eac4aafdb2a559"},"id":"frame.activated"}}
{"recorder_version":"21","session":"bf02587c4531","build":"192.6262.58","bucket":"189","time":1574802603480,"group":{"id":"lifecycle","version":"21"},"event":{"count":1,"data":{"restart":false,"created":1574802603480},"id":"ide.close"}}
{"recorder_version":"21","session":"bf02587c4531","build":"192.6262.58","bucket":"189","time":1574802603572,"group":{"id":"lifecycle","version":"21"},"event":{"count":1,"data":{"created":1574802603572,"project":"92ddc83aceaa9edad1485397ccc1680a8fd16623aa2c155379eac4aafdb2a559"},"id":"project.closed"}}
