{"recorder_version":"21","session":"79a61dcdd7dd","build":"192.6262.58","bucket":"189","time":1575130810089,"group":{"id":"settings","version":"4"},"event":{"state":true,"data":{"component":"NotRoamableUiSettings","created":1575130810287},"id":"invoked"}}
{"recorder_version":"21","session":"79a61dcdd7dd","build":"192.6262.58","bucket":"189","time":1575130810094,"group":{"id":"settings","version":"4"},"event":{"state":true,"data":{"component":"UISettings","created":1575130810289},"id":"invoked"}}
{"recorder_version":"21","session":"79a61dcdd7dd","build":"192.6262.58","bucket":"189","time":1575130810094,"group":{"id":"system.java","version":"1"},"event":{"state":true,"data":{"created":1575130810302,"version":"1.11"},"id":"JetBrains"}}
{"recorder_version":"21","session":"79a61dcdd7dd","build":"192.6262.58","bucket":"189","time":1575130810094,"group":{"id":"system.java","version":"1"},"event":{"state":true,"data":{"created":1575130810303},"id":"invoked"}}
{"recorder_version":"21","session":"79a61dcdd7dd","build":"192.6262.58","bucket":"189","time":1575130810121,"group":{"id":"system.os","version":"3"},"event":{"state":true,"data":{"created":1575130810303,"version":"10.14"},"id":"Mac"}}
{"recorder_version":"21","session":"79a61dcdd7dd","build":"192.6262.58","bucket":"189","time":1575130810121,"group":{"id":"system.os","version":"3"},"event":{"state":true,"data":{"created":1575130810304,"name":"Mac","version":"10.14"},"id":"os.name"}}
{"recorder_version":"21","session":"79a61dcdd7dd","build":"192.6262.58","bucket":"189","time":1575130810121,"group":{"id":"system.os","version":"3"},"event":{"state":true,"data":{"created":1575130810305,"value":"+09_00"},"id":"os.timezone"}}
{"recorder_version":"21","session":"79a61dcdd7dd","build":"192.6262.58","bucket":"189","time":1575130810121,"group":{"id":"system.os","version":"3"},"event":{"state":true,"data":{"created":1575130810306},"id":"invoked"}}
{"recorder_version":"21","session":"79a61dcdd7dd","build":"192.6262.58","bucket":"189","time":1575130810286,"group":{"id":"event.log","version":"21"},"event":{"count":1,"data":{"created":1575130810307,"version":"942.0"},"id":"whitelist.loaded"}}
{"recorder_version":"21","session":"79a61dcdd7dd","build":"192.6262.58","bucket":"189","time":1575130812656,"group":{"id":"settings","version":"4"},"event":{"state":true,"data":{"component":"UpdatesConfigurable","created":1575130812657,"name":"checkNeeded","type":"bool","value":false},"id":"not.default"}}
{"recorder_version":"21","session":"79a61dcdd7dd","build":"192.6262.58","bucket":"189","time":1575130812656,"group":{"id":"settings","version":"4"},"event":{"state":true,"data":{"component":"UpdatesConfigurable","created":1575130812658},"id":"invoked"}}
{"recorder_version":"21","session":"79a61dcdd7dd","build":"192.6262.58","bucket":"189","time":1575130812866,"group":{"id":"settings","version":"4"},"event":{"state":true,"data":{"component":"GeneralSettings","created":1575130812866,"name":"confirmExit","type":"bool","value":false},"id":"not.default"}}
{"recorder_version":"21","session":"79a61dcdd7dd","build":"192.6262.58","bucket":"189","time":1575130812866,"group":{"id":"settings","version":"4"},"event":{"state":true,"data":{"component":"GeneralSettings","created":1575130812871,"name":"showTipsOnStartup","type":"bool","value":false},"id":"not.default"}}
{"recorder_version":"21","session":"79a61dcdd7dd","build":"192.6262.58","bucket":"189","time":1575130812868,"group":{"id":"settings","version":"4"},"event":{"state":true,"data":{"component":"GeneralSettings","created":1575130812871},"id":"invoked"}}
{"recorder_version":"21","session":"79a61dcdd7dd","build":"192.6262.58","bucket":"189","time":1575130812879,"group":{"id":"lifecycle","version":"21"},"event":{"count":1,"data":{"internal":true,"eap":false,"created":1575130812880},"id":"ide.start"}}
{"recorder_version":"21","session":"79a61dcdd7dd","build":"192.6262.58","bucket":"189","time":1575130813251,"group":{"id":"lifecycle","version":"21"},"event":{"count":1,"data":{"created":1575130813252},"id":"frame.activated"}}
{"recorder_version":"21","session":"79a61dcdd7dd","build":"192.6262.58","bucket":"189","time":1575130813347,"group":{"id":"performance","version":"21"},"event":{"count":1,"data":{"duration_ms":175,"created":1575130813348},"id":"ui.latency"}}
{"recorder_version":"21","session":"79a61dcdd7dd","build":"192.6262.58","bucket":"189","time":1575130813348,"group":{"id":"performance","version":"21"},"event":{"count":1,"data":{"duration_ms":175,"created":1575130813348},"id":"ui.lagging"}}
{"recorder_version":"21","session":"79a61dcdd7dd","build":"192.6262.58","bucket":"189","time":1575130813737,"group":{"id":"ui.dialogs","version":"21"},"event":{"count":1,"data":{"created":1575130813739,"plugin_type":"PLATFORM","type":"show"},"id":"com.intellij.openapi.progress.util.ProgressDialog$MyDialogWrapper"}}
{"recorder_version":"21","session":"79a61dcdd7dd","build":"192.6262.58","bucket":"189","time":1575130814852,"group":{"id":"lifecycle","version":"21"},"event":{"count":1,"data":{"created":1575130814852,"project":"4452600da3b350ab41d92ae108c2baae6ff0ac3ddb31bd67020ee046ec77ac09"},"id":"project.opened"}}
{"recorder_version":"21","session":"79a61dcdd7dd","build":"192.6262.58","bucket":"189","time":1575130815645,"group":{"id":"performance","version":"21"},"event":{"count":1,"data":{"duration_ms":467,"created":1575130815645},"id":"ui.lagging"}}
{"recorder_version":"21","session":"79a61dcdd7dd","build":"192.6262.58","bucket":"189","time":1575130816695,"group":{"id":"settings","version":"4"},"event":{"state":true,"data":{"component":"XmlEditorOptions","created":1575130816695},"id":"invoked"}}
{"recorder_version":"21","session":"79a61dcdd7dd","build":"192.6262.58","bucket":"189","time":1575130816821,"group":{"id":"performance","version":"21"},"event":{"count":1,"data":{"duration_ms":640,"created":1575130816821},"id":"ui.lagging"}}
{"recorder_version":"21","session":"79a61dcdd7dd","build":"192.6262.58","bucket":"189","time":1575130816935,"group":{"id":"toolwindow","version":"21"},"event":{"count":1,"data":{"os":"Mac","created":1575130816935,"plugin_type":"PLATFORM"},"id":"Project"}}
{"recorder_version":"21","session":"79a61dcdd7dd","build":"192.6262.58","bucket":"189","time":1575130817829,"group":{"id":"performance","version":"21"},"event":{"count":1,"data":{"duration_ms":643,"created":1575130817829},"id":"ui.lagging"}}
{"recorder_version":"21","session":"79a61dcdd7dd","build":"192.6262.58","bucket":"189","time":1575130818502,"group":{"id":"performance","version":"21"},"event":{"count":1,"data":{"duration_ms":314,"created":1575130818502},"id":"ui.lagging"}}
{"recorder_version":"21","session":"79a61dcdd7dd","build":"192.6262.58","bucket":"189","time":1575130820053,"group":{"id":"project.fs","version":"1"},"event":{"state":true,"data":{"os":"Mac","cs-project":false,"created":1575130820053,"project":"4452600da3b350ab41d92ae108c2baae6ff0ac3ddb31bd67020ee046ec77ac09","cs-implicit":true,"cs-system":false},"id":"case-sensitivity"}}
{"recorder_version":"21","session":"79a61dcdd7dd","build":"192.6262.58","bucket":"189","time":1575130820053,"group":{"id":"project.fs","version":"1"},"event":{"state":true,"data":{"created":1575130820054},"id":"invoked"}}
{"recorder_version":"21","session":"79a61dcdd7dd","build":"192.6262.58","bucket":"189","time":1575130820054,"group":{"id":"project.fs","version":"1"},"event":{"state":true,"data":{"pct-non-watched":0,"created":1575130820054,"project":"4452600da3b350ab41d92ae108c2baae6ff0ac3ddb31bd67020ee046ec77ac09"},"id":"roots-watched"}}
{"recorder_version":"21","session":"79a61dcdd7dd","build":"192.6262.58","bucket":"189","time":1575130820054,"group":{"id":"project.fs","version":"1"},"event":{"state":true,"data":{"created":1575130820055},"id":"invoked"}}
{"recorder_version":"21","session":"79a61dcdd7dd","build":"192.6262.58","bucket":"189","time":1575130820262,"group":{"id":"ui.dialogs","version":"21"},"event":{"count":1,"data":{"code":1,"created":1575130820263,"plugin_type":"PLATFORM","type":"close"},"id":"com.intellij.openapi.progress.util.ProgressDialog$MyDialogWrapper"}}
{"recorder_version":"21","session":"79a61dcdd7dd","build":"192.6262.58","bucket":"189","time":1575130820300,"group":{"id":"lifecycle","version":"21"},"event":{"count":1,"data":{"duration_ms":6845,"created":1575130820300,"project":"4452600da3b350ab41d92ae108c2baae6ff0ac3ddb31bd67020ee046ec77ac09"},"id":"project.opening.finished"}}
{"recorder_version":"21","session":"79a61dcdd7dd","build":"192.6262.58","bucket":"189","time":1575130821463,"group":{"id":"kotlin.jps.target","version":"1"},"event":{"count":2,"data":{"plugin_version":"validation.undefined_rule","last":1575130821463,"created":1575130821463},"id":"validation.undefined_rule"}}
{"recorder_version":"21","session":"79a61dcdd7dd","build":"192.6262.58","bucket":"189","time":1575130822165,"group":{"id":"vcs.change.reminder","version":"1"},"event":{"count":1,"data":{"created":1575130822165,"project":"4452600da3b350ab41d92ae108c2baae6ff0ac3ddb31bd67020ee046ec77ac09","execution_time":247},"id":"prediction.calculated"}}
{"recorder_version":"21","session":"79a61dcdd7dd","build":"192.6262.58","bucket":"189","time":1575130822300,"group":{"id":"performance","version":"21"},"event":{"count":1,"data":{"duration_ms":107,"created":1575130822301},"id":"ui.lagging"}}
{"recorder_version":"21","session":"79a61dcdd7dd","build":"192.6262.58","bucket":"189","time":1575130823741,"group":{"id":"file.types.usage","version":"21"},"event":{"count":1,"data":{"plugin":"com.intellij.java","created":1575130823741,"plugin_type":"JB_BUNDLED","project":"4452600da3b350ab41d92ae108c2baae6ff0ac3ddb31bd67020ee046ec77ac09","type":"edit"},"id":"JAVA"}}
{"recorder_version":"21","session":"79a61dcdd7dd","build":"192.6262.58","bucket":"189","time":1575130873171,"group":{"id":"lifecycle","version":"21"},"event":{"count":1,"data":{"created":1575130873171,"project":"4452600da3b350ab41d92ae108c2baae6ff0ac3ddb31bd67020ee046ec77ac09"},"id":"frame.deactivated"}}
{"recorder_version":"21","session":"79a61dcdd7dd","build":"192.6262.58","bucket":"189","time":1575130891212,"group":{"id":"lifecycle","version":"21"},"event":{"count":1,"data":{"created":1575130891215,"project":"4452600da3b350ab41d92ae108c2baae6ff0ac3ddb31bd67020ee046ec77ac09"},"id":"frame.activated"}}
{"recorder_version":"21","session":"79a61dcdd7dd","build":"192.6262.58","bucket":"189","time":1575130894615,"group":{"id":"actions","version":"21"},"event":{"count":23,"data":{"context_menu":false,"last":1575130898178,"current_file":"JAVA","created":1575130894615,"plugin_type":"PLATFORM","project":"4452600da3b350ab41d92ae108c2baae6ff0ac3ddb31bd67020ee046ec77ac09","place":"keyboard_shortcut","class":"com.intellij.openapi.editor.actions.MoveCaretDownAction","input_event":"Down"},"id":"EditorDown"}}
{"recorder_version":"21","session":"79a61dcdd7dd","build":"192.6262.58","bucket":"189","time":1575130906395,"group":{"id":"lifecycle","version":"21"},"event":{"count":1,"data":{"created":1575130906395,"project":"4452600da3b350ab41d92ae108c2baae6ff0ac3ddb31bd67020ee046ec77ac09"},"id":"frame.deactivated"}}
{"recorder_version":"21","session":"79a61dcdd7dd","build":"192.6262.58","bucket":"189","time":1575130913470,"group":{"id":"performance","version":"21"},"event":{"count":1,"data":{"duration_ms":0,"created":1575130913470},"id":"ui.latency"}}
{"recorder_version":"21","session":"79a61dcdd7dd","build":"192.6262.58","bucket":"189","time":1575130942789,"group":{"id":"performance","version":"21"},"event":{"count":1,"data":{"duration_ms":228,"created":1575130942789},"id":"ui.lagging"}}
{"recorder_version":"21","session":"79a61dcdd7dd","build":"192.6262.58","bucket":"189","time":1575130942790,"group":{"id":"lifecycle","version":"21"},"event":{"count":1,"data":{"created":1575130942790,"project":"4452600da3b350ab41d92ae108c2baae6ff0ac3ddb31bd67020ee046ec77ac09"},"id":"frame.activated"}}
{"recorder_version":"21","session":"79a61dcdd7dd","build":"192.6262.58","bucket":"189","time":1575130949928,"group":{"id":"lifecycle","version":"21"},"event":{"count":1,"data":{"restart":false,"created":1575130949928},"id":"ide.close"}}
{"recorder_version":"21","session":"79a61dcdd7dd","build":"192.6262.58","bucket":"189","time":1575130950027,"group":{"id":"lifecycle","version":"21"},"event":{"count":1,"data":{"created":1575130950027,"project":"4452600da3b350ab41d92ae108c2baae6ff0ac3ddb31bd67020ee046ec77ac09"},"id":"project.closed"}}
