{"recorder_version":"21","session":"35a848c60907","build":"192.6262.58","bucket":"189","time":1574797184112,"group":{"id":"settings","version":"4"},"event":{"state":true,"data":{"component":"NotRoamableUiSettings","created":1574797184255},"id":"invoked"}}
{"recorder_version":"21","session":"35a848c60907","build":"192.6262.58","bucket":"189","time":1574797184114,"group":{"id":"system.java","version":"1"},"event":{"state":true,"data":{"created":1574797184257,"version":"1.11"},"id":"JetBrains"}}
{"recorder_version":"21","session":"35a848c60907","build":"192.6262.58","bucket":"189","time":1574797184114,"group":{"id":"system.java","version":"1"},"event":{"state":true,"data":{"created":1574797184264},"id":"invoked"}}
{"recorder_version":"21","session":"35a848c60907","build":"192.6262.58","bucket":"189","time":1574797184115,"group":{"id":"settings","version":"4"},"event":{"state":true,"data":{"component":"UISettings","created":1574797184264},"id":"invoked"}}
{"recorder_version":"21","session":"35a848c60907","build":"192.6262.58","bucket":"189","time":1574797184138,"group":{"id":"system.os","version":"3"},"event":{"state":true,"data":{"created":1574797184265,"version":"10.14"},"id":"Mac"}}
{"recorder_version":"21","session":"35a848c60907","build":"192.6262.58","bucket":"189","time":1574797184138,"group":{"id":"system.os","version":"3"},"event":{"state":true,"data":{"created":1574797184265,"name":"Mac","version":"10.14"},"id":"os.name"}}
{"recorder_version":"21","session":"35a848c60907","build":"192.6262.58","bucket":"189","time":1574797184138,"group":{"id":"system.os","version":"3"},"event":{"state":true,"data":{"created":1574797184266,"value":"+09_00"},"id":"os.timezone"}}
{"recorder_version":"21","session":"35a848c60907","build":"192.6262.58","bucket":"189","time":1574797184138,"group":{"id":"system.os","version":"3"},"event":{"state":true,"data":{"created":1574797184267},"id":"invoked"}}
{"recorder_version":"21","session":"35a848c60907","build":"192.6262.58","bucket":"189","time":1574797184255,"group":{"id":"event.log","version":"21"},"event":{"count":1,"data":{"created":1574797184267,"version":"925.0"},"id":"whitelist.loaded"}}
{"recorder_version":"21","session":"35a848c60907","build":"192.6262.58","bucket":"189","time":1574797186469,"group":{"id":"settings","version":"4"},"event":{"state":true,"data":{"component":"UpdatesConfigurable","created":1574797186469,"name":"checkNeeded","type":"bool","value":false},"id":"not.default"}}
{"recorder_version":"21","session":"35a848c60907","build":"192.6262.58","bucket":"189","time":1574797186469,"group":{"id":"settings","version":"4"},"event":{"state":true,"data":{"component":"UpdatesConfigurable","created":1574797186471},"id":"invoked"}}
{"recorder_version":"21","session":"35a848c60907","build":"192.6262.58","bucket":"189","time":1574797186644,"group":{"id":"settings","version":"4"},"event":{"state":true,"data":{"component":"GeneralSettings","created":1574797186644,"name":"confirmExit","type":"bool","value":false},"id":"not.default"}}
{"recorder_version":"21","session":"35a848c60907","build":"192.6262.58","bucket":"189","time":1574797186644,"group":{"id":"settings","version":"4"},"event":{"state":true,"data":{"component":"GeneralSettings","created":1574797186645,"name":"showTipsOnStartup","type":"bool","value":false},"id":"not.default"}}
{"recorder_version":"21","session":"35a848c60907","build":"192.6262.58","bucket":"189","time":1574797186644,"group":{"id":"settings","version":"4"},"event":{"state":true,"data":{"component":"GeneralSettings","created":1574797186648},"id":"invoked"}}
{"recorder_version":"21","session":"35a848c60907","build":"192.6262.58","bucket":"189","time":1574797186657,"group":{"id":"lifecycle","version":"21"},"event":{"count":1,"data":{"internal":true,"eap":false,"created":1574797186658},"id":"ide.start"}}
{"recorder_version":"21","session":"35a848c60907","build":"192.6262.58","bucket":"189","time":1574797186940,"group":{"id":"lifecycle","version":"21"},"event":{"count":1,"data":{"created":1574797186941},"id":"frame.activated"}}
{"recorder_version":"21","session":"35a848c60907","build":"192.6262.58","bucket":"189","time":1574797187124,"group":{"id":"performance","version":"21"},"event":{"count":1,"data":{"duration_ms":1,"created":1574797187124},"id":"ui.latency"}}
{"recorder_version":"21","session":"35a848c60907","build":"192.6262.58","bucket":"189","time":1574797187434,"group":{"id":"ui.dialogs","version":"21"},"event":{"count":1,"data":{"created":1574797187434,"plugin_type":"PLATFORM","type":"show"},"id":"com.intellij.openapi.progress.util.ProgressDialog$MyDialogWrapper"}}
{"recorder_version":"21","session":"35a848c60907","build":"192.6262.58","bucket":"189","time":1574797188634,"group":{"id":"lifecycle","version":"21"},"event":{"count":1,"data":{"created":1574797188634,"project":"92ddc83aceaa9edad1485397ccc1680a8fd16623aa2c155379eac4aafdb2a559"},"id":"project.opened"}}
{"recorder_version":"21","session":"35a848c60907","build":"192.6262.58","bucket":"189","time":1574797189455,"group":{"id":"performance","version":"21"},"event":{"count":1,"data":{"duration_ms":330,"created":1574797189455},"id":"ui.lagging"}}
{"recorder_version":"21","session":"35a848c60907","build":"192.6262.58","bucket":"189","time":1574797190473,"group":{"id":"settings","version":"4"},"event":{"state":true,"data":{"component":"XmlEditorOptions","created":1574797190473},"id":"invoked"}}
{"recorder_version":"21","session":"35a848c60907","build":"192.6262.58","bucket":"189","time":1574797190540,"group":{"id":"performance","version":"21"},"event":{"count":1,"data":{"duration_ms":413,"created":1574797190540},"id":"ui.lagging"}}
{"recorder_version":"21","session":"35a848c60907","build":"192.6262.58","bucket":"189","time":1574797190814,"group":{"id":"toolwindow","version":"21"},"event":{"count":1,"data":{"os":"Mac","created":1574797190815,"plugin_type":"PLATFORM"},"id":"Project"}}
{"recorder_version":"21","session":"35a848c60907","build":"192.6262.58","bucket":"189","time":1574797191259,"group":{"id":"performance","version":"21"},"event":{"count":1,"data":{"duration_ms":133,"created":1574797191260},"id":"ui.lagging"}}
{"recorder_version":"21","session":"35a848c60907","build":"192.6262.58","bucket":"189","time":1574797193345,"group":{"id":"project.fs","version":"1"},"event":{"state":true,"data":{"os":"Mac","cs-project":false,"created":1574797193345,"project":"92ddc83aceaa9edad1485397ccc1680a8fd16623aa2c155379eac4aafdb2a559","cs-implicit":true,"cs-system":false},"id":"case-sensitivity"}}
{"recorder_version":"21","session":"35a848c60907","build":"192.6262.58","bucket":"189","time":1574797193345,"group":{"id":"project.fs","version":"1"},"event":{"state":true,"data":{"created":1574797193346},"id":"invoked"}}
{"recorder_version":"21","session":"35a848c60907","build":"192.6262.58","bucket":"189","time":1574797193346,"group":{"id":"project.fs","version":"1"},"event":{"state":true,"data":{"pct-non-watched":0,"created":1574797193346,"project":"92ddc83aceaa9edad1485397ccc1680a8fd16623aa2c155379eac4aafdb2a559"},"id":"roots-watched"}}
{"recorder_version":"21","session":"35a848c60907","build":"192.6262.58","bucket":"189","time":1574797193346,"group":{"id":"project.fs","version":"1"},"event":{"state":true,"data":{"created":1574797193346},"id":"invoked"}}
{"recorder_version":"21","session":"35a848c60907","build":"192.6262.58","bucket":"189","time":1574797193440,"group":{"id":"ui.dialogs","version":"21"},"event":{"count":1,"data":{"code":1,"created":1574797193440,"plugin_type":"PLATFORM","type":"close"},"id":"com.intellij.openapi.progress.util.ProgressDialog$MyDialogWrapper"}}
{"recorder_version":"21","session":"35a848c60907","build":"192.6262.58","bucket":"189","time":1574797193767,"group":{"id":"lifecycle","version":"21"},"event":{"count":1,"data":{"duration_ms":6618,"created":1574797193767,"project":"92ddc83aceaa9edad1485397ccc1680a8fd16623aa2c155379eac4aafdb2a559"},"id":"project.opening.finished"}}
{"recorder_version":"21","session":"35a848c60907","build":"192.6262.58","bucket":"189","time":1574797194262,"group":{"id":"performance","version":"21"},"event":{"count":1,"data":{"duration_ms":129,"created":1574797194262},"id":"ui.lagging"}}
{"recorder_version":"21","session":"35a848c60907","build":"192.6262.58","bucket":"189","time":1574797194698,"group":{"id":"kotlin.jps.target","version":"1"},"event":{"count":1,"data":{"plugin_version":"1.3.41-release-IJ2019.2-1","created":1574797194698},"id":"jvm"}}
{"recorder_version":"21","session":"35a848c60907","build":"192.6262.58","bucket":"189","time":1574797197020,"group":{"id":"file.types.usage","version":"21"},"event":{"count":1,"data":{"created":1574797197020,"plugin_type":"PLATFORM","project":"92ddc83aceaa9edad1485397ccc1680a8fd16623aa2c155379eac4aafdb2a559","type":"edit"},"id":"IDEA_MODULE"}}
{"recorder_version":"21","session":"35a848c60907","build":"192.6262.58","bucket":"189","time":1574797211156,"group":{"id":"lifecycle","version":"21"},"event":{"count":1,"data":{"restart":false,"created":1574797211156},"id":"ide.close"}}
{"recorder_version":"21","session":"35a848c60907","build":"192.6262.58","bucket":"189","time":1574797211495,"group":{"id":"lifecycle","version":"21"},"event":{"count":1,"data":{"created":1574797211496,"project":"92ddc83aceaa9edad1485397ccc1680a8fd16623aa2c155379eac4aafdb2a559"},"id":"project.closed"}}
