{"recorder_version":"21","session":"6bbbe701165d","build":"192.6262.58","bucket":"189","time":1574773854886,"group":{"id":"settings","version":"4"},"event":{"state":true,"data":{"component":"NotRoamableUiSettings","created":1574773855256},"id":"invoked"}}
{"recorder_version":"21","session":"6bbbe701165d","build":"192.6262.58","bucket":"189","time":1574773854891,"group":{"id":"settings","version":"4"},"event":{"state":true,"data":{"component":"UISettings","created":1574773855260},"id":"invoked"}}
{"recorder_version":"21","session":"6bbbe701165d","build":"192.6262.58","bucket":"189","time":1574773854891,"group":{"id":"system.java","version":"1"},"event":{"state":true,"data":{"created":1574773855287,"version":"1.11"},"id":"JetBrains"}}
{"recorder_version":"21","session":"6bbbe701165d","build":"192.6262.58","bucket":"189","time":1574773854892,"group":{"id":"system.java","version":"1"},"event":{"state":true,"data":{"created":1574773855304},"id":"invoked"}}
{"recorder_version":"21","session":"6bbbe701165d","build":"192.6262.58","bucket":"189","time":1574773854937,"group":{"id":"system.os","version":"3"},"event":{"state":true,"data":{"created":1574773855306,"version":"10.14"},"id":"Mac"}}
{"recorder_version":"21","session":"6bbbe701165d","build":"192.6262.58","bucket":"189","time":1574773854937,"group":{"id":"system.os","version":"3"},"event":{"state":true,"data":{"created":1574773855307,"name":"Mac","version":"10.14"},"id":"os.name"}}
{"recorder_version":"21","session":"6bbbe701165d","build":"192.6262.58","bucket":"189","time":1574773854937,"group":{"id":"system.os","version":"3"},"event":{"state":true,"data":{"created":1574773855309,"value":"+09_00"},"id":"os.timezone"}}
{"recorder_version":"21","session":"6bbbe701165d","build":"192.6262.58","bucket":"189","time":1574773854937,"group":{"id":"system.os","version":"3"},"event":{"state":true,"data":{"created":1574773855310},"id":"invoked"}}
{"recorder_version":"21","session":"6bbbe701165d","build":"192.6262.58","bucket":"189","time":1574773855255,"group":{"id":"event.log","version":"21"},"event":{"count":1,"data":{"created":1574773855312,"version":"919.0"},"id":"whitelist.loaded"}}
{"recorder_version":"21","session":"6bbbe701165d","build":"192.6262.58","bucket":"189","time":1574773859567,"group":{"id":"settings","version":"4"},"event":{"state":true,"data":{"component":"UpdatesConfigurable","created":1574773859568,"name":"checkNeeded","type":"bool","value":false},"id":"not.default"}}
{"recorder_version":"21","session":"6bbbe701165d","build":"192.6262.58","bucket":"189","time":1574773859568,"group":{"id":"settings","version":"4"},"event":{"state":true,"data":{"component":"UpdatesConfigurable","created":1574773859570},"id":"invoked"}}
{"recorder_version":"21","session":"6bbbe701165d","build":"192.6262.58","bucket":"189","time":1574773859831,"group":{"id":"settings","version":"4"},"event":{"state":true,"data":{"component":"GeneralSettings","created":1574773859832,"name":"confirmExit","type":"bool","value":false},"id":"not.default"}}
{"recorder_version":"21","session":"6bbbe701165d","build":"192.6262.58","bucket":"189","time":1574773859832,"group":{"id":"settings","version":"4"},"event":{"state":true,"data":{"component":"GeneralSettings","created":1574773859834,"name":"showTipsOnStartup","type":"bool","value":false},"id":"not.default"}}
{"recorder_version":"21","session":"6bbbe701165d","build":"192.6262.58","bucket":"189","time":1574773859832,"group":{"id":"settings","version":"4"},"event":{"state":true,"data":{"component":"GeneralSettings","created":1574773859835},"id":"invoked"}}
{"recorder_version":"21","session":"6bbbe701165d","build":"192.6262.58","bucket":"189","time":1574773859843,"group":{"id":"lifecycle","version":"21"},"event":{"count":1,"data":{"internal":true,"eap":false,"created":1574773859843},"id":"ide.start"}}
{"recorder_version":"21","session":"6bbbe701165d","build":"192.6262.58","bucket":"189","time":1574773860521,"group":{"id":"lifecycle","version":"21"},"event":{"count":1,"data":{"created":1574773860521},"id":"frame.activated"}}
{"recorder_version":"21","session":"6bbbe701165d","build":"192.6262.58","bucket":"189","time":1574773860709,"group":{"id":"performance","version":"21"},"event":{"count":1,"data":{"duration_ms":960,"created":1574773860709},"id":"ui.latency"}}
{"recorder_version":"21","session":"6bbbe701165d","build":"192.6262.58","bucket":"189","time":1574773860709,"group":{"id":"performance","version":"21"},"event":{"count":1,"data":{"duration_ms":960,"created":1574773860711},"id":"ui.lagging"}}
{"recorder_version":"21","session":"6bbbe701165d","build":"192.6262.58","bucket":"189","time":1574773861182,"group":{"id":"ui.dialogs","version":"21"},"event":{"count":1,"data":{"created":1574773861184,"plugin_type":"PLATFORM","type":"show"},"id":"com.intellij.openapi.progress.util.ProgressDialog$MyDialogWrapper"}}
{"recorder_version":"21","session":"6bbbe701165d","build":"192.6262.58","bucket":"189","time":1574773864207,"group":{"id":"lifecycle","version":"21"},"event":{"count":1,"data":{"created":1574773864207,"project":"92ddc83aceaa9edad1485397ccc1680a8fd16623aa2c155379eac4aafdb2a559"},"id":"project.opened"}}
{"recorder_version":"21","session":"6bbbe701165d","build":"192.6262.58","bucket":"189","time":1574773865672,"group":{"id":"performance","version":"21"},"event":{"count":1,"data":{"duration_ms":918,"created":1574773865673},"id":"ui.lagging"}}
{"recorder_version":"21","session":"6bbbe701165d","build":"192.6262.58","bucket":"189","time":1574773867795,"group":{"id":"settings","version":"4"},"event":{"state":true,"data":{"component":"XmlEditorOptions","created":1574773867796},"id":"invoked"}}
{"recorder_version":"21","session":"6bbbe701165d","build":"192.6262.58","bucket":"189","time":1574773867862,"group":{"id":"performance","version":"21"},"event":{"count":1,"data":{"duration_ms":1103,"created":1574773867862},"id":"ui.lagging"}}
{"recorder_version":"21","session":"6bbbe701165d","build":"192.6262.58","bucket":"189","time":1574773867872,"group":{"id":"performance","version":"21"},"event":{"count":1,"data":{"duration_ms":113,"created":1574773867872},"id":"ui.lagging"}}
{"recorder_version":"21","session":"6bbbe701165d","build":"192.6262.58","bucket":"189","time":1574773868552,"group":{"id":"toolwindow","version":"21"},"event":{"count":1,"data":{"os":"Mac","created":1574773868552,"plugin_type":"PLATFORM"},"id":"Project"}}
{"recorder_version":"21","session":"6bbbe701165d","build":"192.6262.58","bucket":"189","time":1574773869399,"group":{"id":"performance","version":"21"},"event":{"count":1,"data":{"duration_ms":640,"created":1574773869400},"id":"ui.lagging"}}
{"recorder_version":"21","session":"6bbbe701165d","build":"192.6262.58","bucket":"189","time":1574773869913,"group":{"id":"performance","version":"21"},"event":{"count":1,"data":{"duration_ms":151,"created":1574773869913},"id":"ui.lagging"}}
{"recorder_version":"21","session":"6bbbe701165d","build":"192.6262.58","bucket":"189","time":1574773872133,"group":{"id":"performance","version":"21"},"event":{"count":1,"data":{"duration_ms":371,"created":1574773872133},"id":"ui.lagging"}}
{"recorder_version":"21","session":"6bbbe701165d","build":"192.6262.58","bucket":"189","time":1574773872439,"group":{"id":"kotlin.jps.target","version":"1"},"event":{"count":1,"data":{"plugin_version":"1.3.41-release-IJ2019.2-1","created":1574773872439},"id":"jvm"}}
{"recorder_version":"21","session":"6bbbe701165d","build":"192.6262.58","bucket":"189","time":1574773872486,"group":{"id":"project.fs","version":"1"},"event":{"state":true,"data":{"os":"Mac","cs-project":false,"created":1574773872486,"project":"92ddc83aceaa9edad1485397ccc1680a8fd16623aa2c155379eac4aafdb2a559","cs-implicit":true,"cs-system":false},"id":"case-sensitivity"}}
{"recorder_version":"21","session":"6bbbe701165d","build":"192.6262.58","bucket":"189","time":1574773872486,"group":{"id":"project.fs","version":"1"},"event":{"state":true,"data":{"created":1574773872486},"id":"invoked"}}
{"recorder_version":"21","session":"6bbbe701165d","build":"192.6262.58","bucket":"189","time":1574773872487,"group":{"id":"project.fs","version":"1"},"event":{"state":true,"data":{"pct-non-watched":0,"created":1574773872487,"project":"92ddc83aceaa9edad1485397ccc1680a8fd16623aa2c155379eac4aafdb2a559"},"id":"roots-watched"}}
{"recorder_version":"21","session":"6bbbe701165d","build":"192.6262.58","bucket":"189","time":1574773872487,"group":{"id":"project.fs","version":"1"},"event":{"state":true,"data":{"created":1574773872487},"id":"invoked"}}
{"recorder_version":"21","session":"6bbbe701165d","build":"192.6262.58","bucket":"189","time":1574773872692,"group":{"id":"ui.dialogs","version":"21"},"event":{"count":1,"data":{"code":1,"created":1574773872693,"plugin_type":"PLATFORM","type":"close"},"id":"com.intellij.openapi.progress.util.ProgressDialog$MyDialogWrapper"}}
{"recorder_version":"21","session":"6bbbe701165d","build":"192.6262.58","bucket":"189","time":1574773873010,"group":{"id":"lifecycle","version":"21"},"event":{"count":1,"data":{"duration_ms":12047,"created":1574773873011,"project":"92ddc83aceaa9edad1485397ccc1680a8fd16623aa2c155379eac4aafdb2a559"},"id":"project.opening.finished"}}
{"recorder_version":"21","session":"6bbbe701165d","build":"192.6262.58","bucket":"189","time":1574773882743,"group":{"id":"lifecycle","version":"21"},"event":{"count":1,"data":{"restart":false,"created":1574773882744},"id":"ide.close"}}
{"recorder_version":"21","session":"6bbbe701165d","build":"192.6262.58","bucket":"189","time":1574773883090,"group":{"id":"lifecycle","version":"21"},"event":{"count":1,"data":{"created":1574773883090,"project":"92ddc83aceaa9edad1485397ccc1680a8fd16623aa2c155379eac4aafdb2a559"},"id":"project.closed"}}
