{"recorder_version":"21","session":"2490949c36f7","build":"192.6262.58","bucket":"189","time":1574630011538,"group":{"id":"settings","version":"4"},"event":{"state":true,"data":{"component":"NotRoamableUiSettings","created":1574630011737},"id":"invoked"}}
{"recorder_version":"21","session":"2490949c36f7","build":"192.6262.58","bucket":"189","time":1574630011540,"group":{"id":"settings","version":"4"},"event":{"state":true,"data":{"component":"UISettings","created":1574630011739},"id":"invoked"}}
{"recorder_version":"21","session":"2490949c36f7","build":"192.6262.58","bucket":"189","time":1574630011540,"group":{"id":"system.java","version":"1"},"event":{"state":true,"data":{"created":1574630011747,"version":"1.11"},"id":"JetBrains"}}
{"recorder_version":"21","session":"2490949c36f7","build":"192.6262.58","bucket":"189","time":1574630011540,"group":{"id":"system.java","version":"1"},"event":{"state":true,"data":{"created":1574630011748},"id":"invoked"}}
{"recorder_version":"21","session":"2490949c36f7","build":"192.6262.58","bucket":"189","time":1574630011563,"group":{"id":"system.os","version":"3"},"event":{"state":true,"data":{"created":1574630011750,"version":"10.14"},"id":"Mac"}}
{"recorder_version":"21","session":"2490949c36f7","build":"192.6262.58","bucket":"189","time":1574630011563,"group":{"id":"system.os","version":"3"},"event":{"state":true,"data":{"created":1574630011750,"name":"Mac","version":"10.14"},"id":"os.name"}}
{"recorder_version":"21","session":"2490949c36f7","build":"192.6262.58","bucket":"189","time":1574630011563,"group":{"id":"system.os","version":"3"},"event":{"state":true,"data":{"created":1574630011752,"value":"+09_00"},"id":"os.timezone"}}
{"recorder_version":"21","session":"2490949c36f7","build":"192.6262.58","bucket":"189","time":1574630011563,"group":{"id":"system.os","version":"3"},"event":{"state":true,"data":{"created":1574630011753},"id":"invoked"}}
{"recorder_version":"21","session":"2490949c36f7","build":"192.6262.58","bucket":"189","time":1574630011737,"group":{"id":"event.log","version":"21"},"event":{"count":1,"data":{"created":1574630011755,"version":"919.0"},"id":"whitelist.loaded"}}
{"recorder_version":"21","session":"2490949c36f7","build":"192.6262.58","bucket":"189","time":1574630014626,"group":{"id":"settings","version":"4"},"event":{"state":true,"data":{"component":"UpdatesConfigurable","created":1574630014627,"name":"checkNeeded","type":"bool","value":false},"id":"not.default"}}
{"recorder_version":"21","session":"2490949c36f7","build":"192.6262.58","bucket":"189","time":1574630014627,"group":{"id":"settings","version":"4"},"event":{"state":true,"data":{"component":"UpdatesConfigurable","created":1574630014628},"id":"invoked"}}
{"recorder_version":"21","session":"2490949c36f7","build":"192.6262.58","bucket":"189","time":1574630015227,"group":{"id":"lifecycle","version":"21"},"event":{"count":1,"data":{"internal":true,"eap":false,"created":1574630015228},"id":"ide.start"}}
{"recorder_version":"21","session":"2490949c36f7","build":"192.6262.58","bucket":"189","time":1574630015231,"group":{"id":"settings","version":"4"},"event":{"state":true,"data":{"component":"GeneralSettings","created":1574630015232,"name":"confirmExit","type":"bool","value":false},"id":"not.default"}}
{"recorder_version":"21","session":"2490949c36f7","build":"192.6262.58","bucket":"189","time":1574630015231,"group":{"id":"settings","version":"4"},"event":{"state":true,"data":{"component":"GeneralSettings","created":1574630015232,"name":"showTipsOnStartup","type":"bool","value":false},"id":"not.default"}}
{"recorder_version":"21","session":"2490949c36f7","build":"192.6262.58","bucket":"189","time":1574630015231,"group":{"id":"settings","version":"4"},"event":{"state":true,"data":{"component":"GeneralSettings","created":1574630015233},"id":"invoked"}}
{"recorder_version":"21","session":"2490949c36f7","build":"192.6262.58","bucket":"189","time":1574630015351,"group":{"id":"performance","version":"21"},"event":{"count":1,"data":{"duration_ms":49,"created":1574630015352},"id":"ui.latency"}}
{"recorder_version":"21","session":"2490949c36f7","build":"192.6262.58","bucket":"189","time":1574630016029,"group":{"id":"settings","version":"4"},"event":{"state":true,"data":{"component":"XmlEditorOptions","created":1574630016029},"id":"invoked"}}
{"recorder_version":"21","session":"2490949c36f7","build":"192.6262.58","bucket":"189","time":1574630016423,"group":{"id":"performance","version":"21"},"event":{"count":1,"data":{"duration_ms":120,"created":1574630016423},"id":"ui.lagging"}}
{"recorder_version":"21","session":"2490949c36f7","build":"192.6262.58","bucket":"189","time":1574630019296,"group":{"id":"ui.dialogs","version":"21"},"event":{"count":1,"data":{"created":1574630019296,"plugin_type":"PLATFORM","type":"show"},"id":"com.intellij.openapi.progress.util.ProgressDialog$MyDialogWrapper"}}
{"recorder_version":"21","session":"2490949c36f7","build":"192.6262.58","bucket":"189","time":1574630020030,"group":{"id":"lifecycle","version":"21"},"event":{"count":1,"data":{"created":1574630020030,"project":"92ddc83aceaa9edad1485397ccc1680a8fd16623aa2c155379eac4aafdb2a559"},"id":"project.opened"}}
{"recorder_version":"21","session":"2490949c36f7","build":"192.6262.58","bucket":"189","time":1574630020556,"group":{"id":"performance","version":"21"},"event":{"count":1,"data":{"duration_ms":239,"created":1574630020556},"id":"ui.lagging"}}
{"recorder_version":"21","session":"2490949c36f7","build":"192.6262.58","bucket":"189","time":1574630021644,"group":{"id":"performance","version":"21"},"event":{"count":1,"data":{"duration_ms":327,"created":1574630021644},"id":"ui.lagging"}}
{"recorder_version":"21","session":"2490949c36f7","build":"192.6262.58","bucket":"189","time":1574630021782,"group":{"id":"toolwindow","version":"21"},"event":{"count":1,"data":{"os":"Mac","created":1574630021783,"plugin_type":"PLATFORM"},"id":"Project"}}
{"recorder_version":"21","session":"2490949c36f7","build":"192.6262.58","bucket":"189","time":1574630023337,"group":{"id":"kotlin.jps.target","version":"1"},"event":{"count":1,"data":{"plugin_version":"1.3.41-release-IJ2019.2-1","created":1574630023337},"id":"jvm"}}
{"recorder_version":"21","session":"2490949c36f7","build":"192.6262.58","bucket":"189","time":1574630023372,"group":{"id":"project.fs","version":"1"},"event":{"state":true,"data":{"os":"Mac","cs-project":false,"created":1574630023373,"project":"92ddc83aceaa9edad1485397ccc1680a8fd16623aa2c155379eac4aafdb2a559","cs-implicit":true,"cs-system":false},"id":"case-sensitivity"}}
{"recorder_version":"21","session":"2490949c36f7","build":"192.6262.58","bucket":"189","time":1574630023372,"group":{"id":"project.fs","version":"1"},"event":{"state":true,"data":{"created":1574630023373},"id":"invoked"}}
{"recorder_version":"21","session":"2490949c36f7","build":"192.6262.58","bucket":"189","time":1574630023373,"group":{"id":"project.fs","version":"1"},"event":{"state":true,"data":{"pct-non-watched":0,"created":1574630023374,"project":"92ddc83aceaa9edad1485397ccc1680a8fd16623aa2c155379eac4aafdb2a559"},"id":"roots-watched"}}
{"recorder_version":"21","session":"2490949c36f7","build":"192.6262.58","bucket":"189","time":1574630023374,"group":{"id":"project.fs","version":"1"},"event":{"state":true,"data":{"created":1574630023374},"id":"invoked"}}
{"recorder_version":"21","session":"2490949c36f7","build":"192.6262.58","bucket":"189","time":1574630023434,"group":{"id":"ui.dialogs","version":"21"},"event":{"count":1,"data":{"code":1,"created":1574630023434,"plugin_type":"PLATFORM","type":"close"},"id":"com.intellij.openapi.progress.util.ProgressDialog$MyDialogWrapper"}}
{"recorder_version":"21","session":"2490949c36f7","build":"192.6262.58","bucket":"189","time":1574630023621,"group":{"id":"lifecycle","version":"21"},"event":{"count":1,"data":{"duration_ms":4592,"created":1574630023621,"project":"92ddc83aceaa9edad1485397ccc1680a8fd16623aa2c155379eac4aafdb2a559"},"id":"project.opening.finished"}}
{"recorder_version":"21","session":"2490949c36f7","build":"192.6262.58","bucket":"189","time":1574630024941,"group":{"id":"file.types.usage","version":"21"},"event":{"count":1,"data":{"created":1574630024942,"plugin_type":"PLATFORM","project":"92ddc83aceaa9edad1485397ccc1680a8fd16623aa2c155379eac4aafdb2a559","type":"edit"},"id":"IDEA_MODULE"}}
{"recorder_version":"21","session":"2490949c36f7","build":"192.6262.58","bucket":"189","time":1574630028329,"group":{"id":"actions","version":"21"},"event":{"count":1,"data":{"context_menu":false,"current_file":"TEXT","created":1574630028330,"plugin_type":"PLATFORM","project":"92ddc83aceaa9edad1485397ccc1680a8fd16623aa2c155379eac4aafdb2a559","place":"keyboard_shortcut","class":"com.intellij.openapi.editor.actions.BackspaceAction","input_event":"Backspace"},"id":"EditorBackSpace"}}
{"recorder_version":"21","session":"2490949c36f7","build":"192.6262.58","bucket":"189","time":1574630042967,"group":{"id":"actions","version":"21"},"event":{"count":3,"data":{"context_menu":false,"last":1574630043908,"current_file":"TEXT","created":1574630042975,"plugin_type":"PLATFORM","project":"92ddc83aceaa9edad1485397ccc1680a8fd16623aa2c155379eac4aafdb2a559","place":"keyboard_shortcut","class":"com.intellij.openapi.editor.actions.EnterAction","input_event":"Enter"},"id":"EditorEnter"}}
{"recorder_version":"21","session":"2490949c36f7","build":"192.6262.58","bucket":"189","time":1574630045716,"group":{"id":"actions","version":"21"},"event":{"count":3,"data":{"context_menu":false,"last":1574630048931,"current_file":"TEXT","created":1574630045716,"plugin_type":"PLATFORM","project":"92ddc83aceaa9edad1485397ccc1680a8fd16623aa2c155379eac4aafdb2a559","place":"keyboard_shortcut","class":"com.intellij.openapi.editor.actions.BackspaceAction","input_event":"Backspace"},"id":"EditorBackSpace"}}
{"recorder_version":"21","session":"2490949c36f7","build":"192.6262.58","bucket":"189","time":1574630085515,"group":{"id":"file.types.usage","version":"21"},"event":{"count":1,"data":{"created":1574630085515,"plugin_type":"PLATFORM","project":"92ddc83aceaa9edad1485397ccc1680a8fd16623aa2c155379eac4aafdb2a559","type":"edit"},"id":"IDEA_MODULE"}}
{"recorder_version":"21","session":"2490949c36f7","build":"192.6262.58","bucket":"189","time":1574630115491,"group":{"id":"lifecycle","version":"21"},"event":{"count":1,"data":{"created":1574630115491,"project":"92ddc83aceaa9edad1485397ccc1680a8fd16623aa2c155379eac4aafdb2a559"},"id":"frame.deactivated"}}
{"recorder_version":"21","session":"2490949c36f7","build":"192.6262.58","bucket":"189","time":1574630115655,"group":{"id":"performance","version":"21"},"event":{"count":1,"data":{"duration_ms":57,"created":1574630115656},"id":"ui.latency"}}
{"recorder_version":"21","session":"2490949c36f7","build":"192.6262.58","bucket":"189","time":1574630156609,"group":{"id":"lifecycle","version":"21"},"event":{"count":1,"data":{"created":1574630156610,"project":"92ddc83aceaa9edad1485397ccc1680a8fd16623aa2c155379eac4aafdb2a559"},"id":"frame.activated"}}
{"recorder_version":"21","session":"2490949c36f7","build":"192.6262.58","bucket":"189","time":1574630156927,"group":{"id":"lifecycle","version":"21"},"event":{"count":1,"data":{"restart":false,"created":1574630156927},"id":"ide.close"}}
{"recorder_version":"21","session":"2490949c36f7","build":"192.6262.58","bucket":"189","time":1574630157010,"group":{"id":"lifecycle","version":"21"},"event":{"count":1,"data":{"created":1574630157010,"project":"92ddc83aceaa9edad1485397ccc1680a8fd16623aa2c155379eac4aafdb2a559"},"id":"project.closed"}}
