{"recorder_version":"21","session":"7ce7f0c55270","build":"192.6262.58","bucket":"189","time":1574867463182,"group":{"id":"settings","version":"4"},"event":{"state":true,"data":{"component":"NotRoamableUiSettings","created":1574867463456},"id":"invoked"}}
{"recorder_version":"21","session":"7ce7f0c55270","build":"192.6262.58","bucket":"189","time":1574867463185,"group":{"id":"system.java","version":"1"},"event":{"state":true,"data":{"created":1574867463459,"version":"1.11"},"id":"JetBrains"}}
{"recorder_version":"21","session":"7ce7f0c55270","build":"192.6262.58","bucket":"189","time":1574867463185,"group":{"id":"system.java","version":"1"},"event":{"state":true,"data":{"created":1574867463498},"id":"invoked"}}
{"recorder_version":"21","session":"7ce7f0c55270","build":"192.6262.58","bucket":"189","time":1574867463187,"group":{"id":"settings","version":"4"},"event":{"state":true,"data":{"component":"UISettings","created":1574867463499},"id":"invoked"}}
{"recorder_version":"21","session":"7ce7f0c55270","build":"192.6262.58","bucket":"189","time":1574867463222,"group":{"id":"system.os","version":"3"},"event":{"state":true,"data":{"created":1574867463501,"version":"10.14"},"id":"Mac"}}
{"recorder_version":"21","session":"7ce7f0c55270","build":"192.6262.58","bucket":"189","time":1574867463222,"group":{"id":"system.os","version":"3"},"event":{"state":true,"data":{"created":1574867463502,"name":"Mac","version":"10.14"},"id":"os.name"}}
{"recorder_version":"21","session":"7ce7f0c55270","build":"192.6262.58","bucket":"189","time":1574867463222,"group":{"id":"system.os","version":"3"},"event":{"state":true,"data":{"created":1574867463503,"value":"+09_00"},"id":"os.timezone"}}
{"recorder_version":"21","session":"7ce7f0c55270","build":"192.6262.58","bucket":"189","time":1574867463222,"group":{"id":"system.os","version":"3"},"event":{"state":true,"data":{"created":1574867463504},"id":"invoked"}}
{"recorder_version":"21","session":"7ce7f0c55270","build":"192.6262.58","bucket":"189","time":1574867463454,"group":{"id":"event.log","version":"21"},"event":{"count":1,"data":{"created":1574867463505,"version":"746.0"},"id":"whitelist.loaded"}}
{"recorder_version":"21","session":"7ce7f0c55270","build":"192.6262.58","bucket":"189","time":1574867467396,"group":{"id":"settings","version":"4"},"event":{"state":true,"data":{"component":"UpdatesConfigurable","created":1574867467397,"name":"checkNeeded","type":"bool","value":false},"id":"not.default"}}
{"recorder_version":"21","session":"7ce7f0c55270","build":"192.6262.58","bucket":"189","time":1574867467396,"group":{"id":"settings","version":"4"},"event":{"state":true,"data":{"component":"UpdatesConfigurable","created":1574867467398},"id":"invoked"}}
{"recorder_version":"21","session":"7ce7f0c55270","build":"192.6262.58","bucket":"189","time":1574867468281,"group":{"id":"lifecycle","version":"21"},"event":{"count":1,"data":{"internal":true,"eap":false,"created":1574867468281},"id":"ide.start"}}
{"recorder_version":"21","session":"7ce7f0c55270","build":"192.6262.58","bucket":"189","time":1574867468283,"group":{"id":"settings","version":"4"},"event":{"state":true,"data":{"component":"GeneralSettings","created":1574867468283},"id":"invoked"}}
{"recorder_version":"21","session":"7ce7f0c55270","build":"192.6262.58","bucket":"189","time":1574867468330,"group":{"id":"performance","version":"21"},"event":{"count":1,"data":{"duration_ms":763,"created":1574867468330},"id":"ui.latency"}}
{"recorder_version":"21","session":"7ce7f0c55270","build":"192.6262.58","bucket":"189","time":1574867468330,"group":{"id":"performance","version":"21"},"event":{"count":1,"data":{"duration_ms":763,"created":1574867468331},"id":"ui.lagging"}}
{"recorder_version":"21","session":"7ce7f0c55270","build":"192.6262.58","bucket":"189","time":1574867469349,"group":{"id":"settings","version":"4"},"event":{"state":true,"data":{"component":"XmlEditorOptions","created":1574867469349},"id":"invoked"}}
{"recorder_version":"21","session":"7ce7f0c55270","build":"192.6262.58","bucket":"189","time":1574867470217,"group":{"id":"performance","version":"21"},"event":{"count":1,"data":{"duration_ms":644,"created":1574867470217},"id":"ui.lagging"}}
{"recorder_version":"21","session":"7ce7f0c55270","build":"192.6262.58","bucket":"189","time":1574867475777,"group":{"id":"performance","version":"21"},"event":{"count":1,"data":{"duration_ms":195,"created":1574867475777},"id":"ui.lagging"}}
{"recorder_version":"21","session":"7ce7f0c55270","build":"192.6262.58","bucket":"189","time":1574867481332,"group":{"id":"actions","version":"21"},"event":{"count":1,"data":{"context_menu":false,"created":1574867481332,"plugin_type":"PLATFORM","place":"unknown","class":"com.intellij.ide.actions.OpenFileAction","input_event":"MouseLeft"},"id":"WelcomeScreen.OpenProject"}}
{"recorder_version":"21","session":"7ce7f0c55270","build":"192.6262.58","bucket":"189","time":1574867492257,"group":{"id":"ui.dialogs","version":"21"},"event":{"count":1,"data":{"created":1574867492257,"plugin_type":"PLATFORM","type":"show"},"id":"com.intellij.openapi.progress.util.ProgressDialog$MyDialogWrapper"}}
{"recorder_version":"21","session":"7ce7f0c55270","build":"192.6262.58","bucket":"189","time":1574867493246,"group":{"id":"lifecycle","version":"21"},"event":{"count":1,"data":{"created":1574867493246,"project":"e4f0f910608be7238c2f8896780738edb4a2ae426dbe035f2ad7abddd9f913d1"},"id":"project.opened"}}
{"recorder_version":"21","session":"7ce7f0c55270","build":"192.6262.58","bucket":"189","time":1574867494249,"group":{"id":"performance","version":"21"},"event":{"count":1,"data":{"duration_ms":623,"created":1574867494249},"id":"ui.lagging"}}
{"recorder_version":"21","session":"7ce7f0c55270","build":"192.6262.58","bucket":"189","time":1574867494783,"group":{"id":"ui.tips","version":"2"},"event":{"count":1,"data":{"created":1574867494783,"type":"automatically"},"id":"dialog.shown"}}
{"recorder_version":"21","session":"7ce7f0c55270","build":"192.6262.58","bucket":"189","time":1574867495029,"group":{"id":"ui.dialogs","version":"21"},"event":{"count":1,"data":{"created":1574867495029,"plugin_type":"PLATFORM","type":"show"},"id":"com.intellij.ide.util.TipDialog"}}
{"recorder_version":"21","session":"7ce7f0c55270","build":"192.6262.58","bucket":"189","time":1574867497026,"group":{"id":"project.fs","version":"1"},"event":{"state":true,"data":{"os":"Mac","cs-project":false,"created":1574867497027,"project":"e4f0f910608be7238c2f8896780738edb4a2ae426dbe035f2ad7abddd9f913d1","cs-implicit":true,"cs-system":false},"id":"case-sensitivity"}}
{"recorder_version":"21","session":"7ce7f0c55270","build":"192.6262.58","bucket":"189","time":1574867497026,"group":{"id":"project.fs","version":"1"},"event":{"state":true,"data":{"created":1574867497027},"id":"invoked"}}
{"recorder_version":"21","session":"7ce7f0c55270","build":"192.6262.58","bucket":"189","time":1574867497027,"group":{"id":"project.fs","version":"1"},"event":{"state":true,"data":{"pct-non-watched":0,"created":1574867497028,"project":"e4f0f910608be7238c2f8896780738edb4a2ae426dbe035f2ad7abddd9f913d1"},"id":"roots-watched"}}
{"recorder_version":"21","session":"7ce7f0c55270","build":"192.6262.58","bucket":"189","time":1574867497027,"group":{"id":"project.fs","version":"1"},"event":{"state":true,"data":{"created":1574867497028},"id":"invoked"}}
{"recorder_version":"21","session":"7ce7f0c55270","build":"192.6262.58","bucket":"189","time":1574867497149,"group":{"id":"ui.dialogs","version":"21"},"event":{"count":1,"data":{"code":1,"created":1574867497150,"plugin_type":"PLATFORM","type":"close"},"id":"com.intellij.openapi.progress.util.ProgressDialog$MyDialogWrapper"}}
{"recorder_version":"21","session":"7ce7f0c55270","build":"192.6262.58","bucket":"189","time":1574867497651,"group":{"id":"lifecycle","version":"21"},"event":{"count":1,"data":{"duration_ms":5736,"created":1574867497651,"project":"e4f0f910608be7238c2f8896780738edb4a2ae426dbe035f2ad7abddd9f913d1"},"id":"project.opening.finished"}}
{"recorder_version":"21","session":"7ce7f0c55270","build":"192.6262.58","bucket":"189","time":1574867499757,"group":{"id":"toolwindow","version":"21"},"event":{"count":1,"data":{"os":"Mac","created":1574867499757,"plugin_type":"UNKNOWN"},"id":"third.party"}}
{"recorder_version":"21","session":"7ce7f0c55270","build":"192.6262.58","bucket":"189","time":1574867500771,"group":{"id":"performance","version":"21"},"event":{"count":1,"data":{"duration_ms":136,"created":1574867500771},"id":"ui.lagging"}}
{"recorder_version":"21","session":"7ce7f0c55270","build":"192.6262.58","bucket":"189","time":1574867501604,"group":{"id":"ui.dialogs","version":"21"},"event":{"count":1,"data":{"code":1,"created":1574867501605,"plugin_type":"PLATFORM","type":"close"},"id":"com.intellij.ide.util.TipDialog"}}
{"recorder_version":"21","session":"7ce7f0c55270","build":"192.6262.58","bucket":"189","time":1574867503156,"group":{"id":"kotlin.jps.target","version":"1"},"event":{"count":1,"data":{"plugin_version":"1.3.41-release-IJ2019.2-1","created":1574867503156},"id":"jvm"}}
{"recorder_version":"21","session":"7ce7f0c55270","build":"192.6262.58","bucket":"189","time":1574867503247,"group":{"id":"kotlin.maven.target","version":"1"},"event":{"count":1,"data":{"plugin_version":"1.3.41-release-IJ2019.2-1","created":1574867503247},"id":"jvm"}}
{"recorder_version":"21","session":"7ce7f0c55270","build":"192.6262.58","bucket":"189","time":1574867503269,"group":{"id":"kotlin.jps.target","version":"1"},"event":{"count":1,"data":{"plugin_version":"1.3.41-release-IJ2019.2-1","created":1574867503269},"id":"jvm"}}
{"recorder_version":"21","session":"7ce7f0c55270","build":"192.6262.58","bucket":"189","time":1574867504388,"group":{"id":"vcs.change.reminder","version":"1"},"event":{"count":1,"data":{"created":1574867504388,"project":"e4f0f910608be7238c2f8896780738edb4a2ae426dbe035f2ad7abddd9f913d1","execution_time":0},"id":"prediction.calculated"}}
{"recorder_version":"21","session":"7ce7f0c55270","build":"192.6262.58","bucket":"189","time":1574867504877,"group":{"id":"vcs.change.reminder","version":"1"},"event":{"count":1,"data":{"created":1574867504877,"project":"e4f0f910608be7238c2f8896780738edb4a2ae426dbe035f2ad7abddd9f913d1","execution_time":446},"id":"prediction.calculated"}}
{"recorder_version":"21","session":"7ce7f0c55270","build":"192.6262.58","bucket":"189","time":1574867512893,"group":{"id":"toolwindow","version":"21"},"event":{"count":1,"data":{"os":"Mac","created":1574867512893,"plugin_type":"PLATFORM"},"id":"Project"}}
{"recorder_version":"21","session":"7ce7f0c55270","build":"192.6262.58","bucket":"189","time":1574867521804,"group":{"id":"toolwindow","version":"21"},"event":{"count":1,"data":{"os":"Mac","created":1574867521804,"plugin_type":"UNKNOWN"},"id":"third.party"}}
{"recorder_version":"21","session":"7ce7f0c55270","build":"192.6262.58","bucket":"189","time":1574867523266,"group":{"id":"toolwindow","version":"21"},"event":{"count":1,"data":{"os":"Mac","created":1574867523269,"plugin_type":"NOT_LISTED"},"id":"third.party"}}
{"recorder_version":"21","session":"7ce7f0c55270","build":"192.6262.58","bucket":"189","time":1574867523820,"group":{"id":"performance","version":"21"},"event":{"count":1,"data":{"duration_ms":160,"created":1574867523821},"id":"ui.lagging"}}
{"recorder_version":"21","session":"7ce7f0c55270","build":"192.6262.58","bucket":"189","time":1574867568756,"group":{"id":"performance","version":"21"},"event":{"count":1,"data":{"duration_ms":1,"created":1574867568756},"id":"ui.latency"}}
{"recorder_version":"21","session":"7ce7f0c55270","build":"192.6262.58","bucket":"189","time":1574867608483,"group":{"id":"lifecycle","version":"21"},"event":{"count":1,"data":{"created":1574867608483,"project":"e4f0f910608be7238c2f8896780738edb4a2ae426dbe035f2ad7abddd9f913d1"},"id":"frame.deactivated"}}
{"recorder_version":"21","session":"7ce7f0c55270","build":"192.6262.58","bucket":"189","time":1574867610006,"group":{"id":"lifecycle","version":"21"},"event":{"count":1,"data":{"created":1574867610007,"project":"e4f0f910608be7238c2f8896780738edb4a2ae426dbe035f2ad7abddd9f913d1"},"id":"frame.activated"}}
{"recorder_version":"21","session":"7ce7f0c55270","build":"192.6262.58","bucket":"189","time":1574867613659,"group":{"id":"lifecycle","version":"21"},"event":{"count":1,"data":{"created":1574867613659,"project":"e4f0f910608be7238c2f8896780738edb4a2ae426dbe035f2ad7abddd9f913d1"},"id":"frame.deactivated"}}
{"recorder_version":"21","session":"7ce7f0c55270","build":"192.6262.58","bucket":"189","time":1574867647958,"group":{"id":"event.log","version":"21"},"event":{"count":1,"data":{"created":1574867647958,"version":"934.0"},"id":"whitelist.updated"}}
{"recorder_version":"21","session":"7ce7f0c55270","build":"192.6262.58","bucket":"189","time":1574867669001,"group":{"id":"performance","version":"21"},"event":{"count":1,"data":{"duration_ms":0,"created":1574867669001},"id":"ui.latency"}}
{"recorder_version":"21","session":"7ce7f0c55270","build":"192.6262.58","bucket":"189","time":1574867768272,"group":{"id":"build.tools.actions","version":"1"},"event":{"count":1,"data":{"created":1574867768272},"id":"registered"}}
{"recorder_version":"21","session":"7ce7f0c55270","build":"192.6262.58","bucket":"189","time":1574867768272,"group":{"id":"file.types.usage","version":"21"},"event":{"count":1,"data":{"created":1574867768272},"id":"registered"}}
{"recorder_version":"21","session":"7ce7f0c55270","build":"192.6262.58","bucket":"189","time":1574867768272,"group":{"id":"ide.script.engine","version":"1"},"event":{"count":1,"data":{"created":1574867768272},"id":"registered"}}
{"recorder_version":"21","session":"7ce7f0c55270","build":"192.6262.58","bucket":"189","time":1574867768272,"group":{"id":"actions.runAnything","version":"1"},"event":{"count":1,"data":{"created":1574867768273},"id":"registered"}}
{"recorder_version":"21","session":"7ce7f0c55270","build":"192.6262.58","bucket":"189","time":1574867768272,"group":{"id":"toolwindow","version":"21"},"event":{"count":1,"data":{"created":1574867768273},"id":"registered"}}
{"recorder_version":"21","session":"7ce7f0c55270","build":"192.6262.58","bucket":"189","time":1574867768272,"group":{"id":"kotlin.ide.newFileTempl","version":"1"},"event":{"count":1,"data":{"created":1574867768273},"id":"registered"}}
{"recorder_version":"21","session":"7ce7f0c55270","build":"192.6262.58","bucket":"189","time":1574867768272,"group":{"id":"live.templates","version":"21"},"event":{"count":1,"data":{"created":1574867768273},"id":"registered"}}
{"recorder_version":"21","session":"7ce7f0c55270","build":"192.6262.58","bucket":"189","time":1574867768272,"group":{"id":"ide.self.update","version":"2"},"event":{"count":1,"data":{"created":1574867768273},"id":"registered"}}
{"recorder_version":"21","session":"7ce7f0c55270","build":"192.6262.58","bucket":"189","time":1574867768272,"group":{"id":"ui.settings","version":"21"},"event":{"count":1,"data":{"created":1574867768273},"id":"registered"}}
{"recorder_version":"21","session":"7ce7f0c55270","build":"192.6262.58","bucket":"189","time":1574867768272,"group":{"id":"lifecycle","version":"21"},"event":{"count":1,"data":{"created":1574867768274},"id":"registered"}}
{"recorder_version":"21","session":"7ce7f0c55270","build":"192.6262.58","bucket":"189","time":1574867768272,"group":{"id":"vcs.diff.trigger","version":"1"},"event":{"count":1,"data":{"created":1574867768274},"id":"registered"}}
{"recorder_version":"21","session":"7ce7f0c55270","build":"192.6262.58","bucket":"189","time":1574867768272,"group":{"id":"vcs.log.trigger","version":"2"},"event":{"count":1,"data":{"created":1574867768274},"id":"registered"}}
{"recorder_version":"21","session":"7ce7f0c55270","build":"192.6262.58","bucket":"189","time":1574867768272,"group":{"id":"productivity","version":"21"},"event":{"count":1,"data":{"created":1574867768274},"id":"registered"}}
{"recorder_version":"21","session":"7ce7f0c55270","build":"192.6262.58","bucket":"189","time":1574867768272,"group":{"id":"debugger.breakpoints.usage","version":"2"},"event":{"count":1,"data":{"created":1574867768274},"id":"registered"}}
{"recorder_version":"21","session":"7ce7f0c55270","build":"192.6262.58","bucket":"189","time":1574867768272,"group":{"id":"kotlin.gradle.library","version":"1"},"event":{"count":1,"data":{"created":1574867768274},"id":"registered"}}
{"recorder_version":"21","session":"7ce7f0c55270","build":"192.6262.58","bucket":"189","time":1574867768272,"group":{"id":"find","version":"1"},"event":{"count":1,"data":{"created":1574867768274},"id":"registered"}}
{"recorder_version":"21","session":"7ce7f0c55270","build":"192.6262.58","bucket":"189","time":1574867768272,"group":{"id":"kotlin.gradle.target","version":"1"},"event":{"count":1,"data":{"created":1574867768274},"id":"registered"}}
{"recorder_version":"21","session":"7ce7f0c55270","build":"192.6262.58","bucket":"189","time":1574867768272,"group":{"id":"gutter.icon.click","version":"1"},"event":{"count":1,"data":{"created":1574867768275},"id":"registered"}}
{"recorder_version":"21","session":"7ce7f0c55270","build":"192.6262.58","bucket":"189","time":1574867768272,"group":{"id":"shell.script","version":"1"},"event":{"count":1,"data":{"created":1574867768275},"id":"registered"}}
{"recorder_version":"21","session":"7ce7f0c55270","build":"192.6262.58","bucket":"189","time":1574867768272,"group":{"id":"kotlin.ide.debugger.eval","version":"1"},"event":{"count":1,"data":{"created":1574867768275},"id":"registered"}}
{"recorder_version":"21","session":"7ce7f0c55270","build":"192.6262.58","bucket":"189","time":1574867768272,"group":{"id":"build.maven.actions","version":"1"},"event":{"count":1,"data":{"created":1574867768275},"id":"registered"}}
{"recorder_version":"21","session":"7ce7f0c55270","build":"192.6262.58","bucket":"189","time":1574867768272,"group":{"id":"ui.event","version":"1"},"event":{"count":1,"data":{"created":1574867768275},"id":"registered"}}
{"recorder_version":"21","session":"7ce7f0c55270","build":"192.6262.58","bucket":"189","time":1574867768272,"group":{"id":"new.project.wizard","version":"1"},"event":{"count":1,"data":{"created":1574867768275},"id":"registered"}}
{"recorder_version":"21","session":"7ce7f0c55270","build":"192.6262.58","bucket":"189","time":1574867768272,"group":{"id":"kotlin.ide.npwizards","version":"1"},"event":{"count":1,"data":{"created":1574867768276},"id":"registered"}}
{"recorder_version":"21","session":"7ce7f0c55270","build":"192.6262.58","bucket":"189","time":1574867768272,"group":{"id":"intentions","version":"21"},"event":{"count":1,"data":{"created":1574867768276},"id":"registered"}}
{"recorder_version":"21","session":"7ce7f0c55270","build":"192.6262.58","bucket":"189","time":1574867768272,"group":{"id":"ui.dialogs","version":"21"},"event":{"count":1,"data":{"created":1574867768276},"id":"registered"}}
{"recorder_version":"21","session":"7ce7f0c55270","build":"192.6262.58","bucket":"189","time":1574867768272,"group":{"id":"vcs.back.forward.trigger","version":"1"},"event":{"count":1,"data":{"created":1574867768276},"id":"registered"}}
{"recorder_version":"21","session":"7ce7f0c55270","build":"192.6262.58","bucket":"189","time":1574867768272,"group":{"id":"vcs.change.reminder","version":"1"},"event":{"count":1,"data":{"created":1574867768276},"id":"registered"}}
{"recorder_version":"21","session":"7ce7f0c55270","build":"192.6262.58","bucket":"189","time":1574867768272,"group":{"id":"toolbar","version":"21"},"event":{"count":1,"data":{"created":1574867768277},"id":"registered"}}
{"recorder_version":"21","session":"7ce7f0c55270","build":"192.6262.58","bucket":"189","time":1574867768272,"group":{"id":"build.gradle.actions","version":"1"},"event":{"count":1,"data":{"created":1574867768277},"id":"registered"}}
{"recorder_version":"21","session":"7ce7f0c55270","build":"192.6262.58","bucket":"189","time":1574867768272,"group":{"id":"kotlin.maven.target","version":"1"},"event":{"count":1,"data":{"created":1574867768277},"id":"registered"}}
{"recorder_version":"21","session":"7ce7f0c55270","build":"192.6262.58","bucket":"189","time":1574867768272,"group":{"id":"performance","version":"21"},"event":{"count":1,"data":{"created":1574867768277},"id":"registered"}}
{"recorder_version":"21","session":"7ce7f0c55270","build":"192.6262.58","bucket":"189","time":1574867768272,"group":{"id":"searchEverywhere","version":"1"},"event":{"count":1,"data":{"created":1574867768277},"id":"registered"}}
{"recorder_version":"21","session":"7ce7f0c55270","build":"192.6262.58","bucket":"189","time":1574867768272,"group":{"id":"kotlin.ide.action.refactoring","version":"1"},"event":{"count":1,"data":{"created":1574867768277},"id":"registered"}}
{"recorder_version":"21","session":"7ce7f0c55270","build":"192.6262.58","bucket":"189","time":1574867768272,"group":{"id":"ui.tips","version":"2"},"event":{"count":1,"data":{"created":1574867768277},"id":"registered"}}
{"recorder_version":"21","session":"7ce7f0c55270","build":"192.6262.58","bucket":"189","time":1574867768272,"group":{"id":"surround.with","version":"1"},"event":{"count":1,"data":{"created":1574867768278},"id":"registered"}}
{"recorder_version":"21","session":"7ce7f0c55270","build":"192.6262.58","bucket":"189","time":1574867768272,"group":{"id":"import.old.config","version":"1"},"event":{"count":1,"data":{"created":1574867768278},"id":"registered"}}
{"recorder_version":"21","session":"7ce7f0c55270","build":"192.6262.58","bucket":"189","time":1574867768272,"group":{"id":"json.schema","version":"1"},"event":{"count":1,"data":{"created":1574867768278},"id":"registered"}}
{"recorder_version":"21","session":"7ce7f0c55270","build":"192.6262.58","bucket":"189","time":1574867768272,"group":{"id":"kotlin.jps.target","version":"1"},"event":{"count":1,"data":{"created":1574867768278},"id":"registered"}}
{"recorder_version":"21","session":"7ce7f0c55270","build":"192.6262.58","bucket":"189","time":1574867768272,"group":{"id":"terminalShell","version":"1"},"event":{"count":1,"data":{"created":1574867768278},"id":"registered"}}
{"recorder_version":"21","session":"7ce7f0c55270","build":"192.6262.58","bucket":"189","time":1574867768272,"group":{"id":"completion.postfix","version":"21"},"event":{"count":1,"data":{"created":1574867768278},"id":"registered"}}
{"recorder_version":"21","session":"7ce7f0c55270","build":"192.6262.58","bucket":"189","time":1574867768272,"group":{"id":"build.ant.actions","version":"1"},"event":{"count":1,"data":{"created":1574867768278},"id":"registered"}}
{"recorder_version":"21","session":"7ce7f0c55270","build":"192.6262.58","bucket":"189","time":1574867768272,"group":{"id":"actions","version":"21"},"event":{"count":1,"data":{"created":1574867768278},"id":"registered"}}
{"recorder_version":"21","session":"7ce7f0c55270","build":"192.6262.58","bucket":"189","time":1574867768272,"group":{"id":"event.log","version":"21"},"event":{"count":1,"data":{"created":1574867768278},"id":"registered"}}
{"recorder_version":"21","session":"7ce7f0c55270","build":"192.6262.58","bucket":"189","time":1574867768272,"group":{"id":"run.configuration.exec","version":"21"},"event":{"count":1,"data":{"created":1574867768279},"id":"registered"}}
{"recorder_version":"21","session":"7ce7f0c55270","build":"192.6262.58","bucket":"189","time":1574867768272,"group":{"id":"build.maven.packagesearch","version":"2"},"event":{"count":1,"data":{"created":1574867768279},"id":"registered"}}
{"recorder_version":"21","session":"7ce7f0c55270","build":"192.6262.58","bucket":"189","time":1574867769235,"group":{"id":"performance","version":"21"},"event":{"count":1,"data":{"duration_ms":0,"created":1574867769235},"id":"ui.latency"}}
{"recorder_version":"21","session":"7ce7f0c55270","build":"192.6262.58","bucket":"189","time":1574867869424,"group":{"id":"performance","version":"21"},"event":{"count":1,"data":{"duration_ms":0,"created":1574867869424},"id":"ui.latency"}}
{"recorder_version":"21","session":"7ce7f0c55270","build":"192.6262.58","bucket":"189","time":1574867969697,"group":{"id":"performance","version":"21"},"event":{"count":1,"data":{"duration_ms":0,"created":1574867969697},"id":"ui.latency"}}
{"recorder_version":"21","session":"7ce7f0c55270","build":"192.6262.58","bucket":"189","time":1574868070001,"group":{"id":"performance","version":"21"},"event":{"count":1,"data":{"duration_ms":0,"created":1574868070001},"id":"ui.latency"}}
{"recorder_version":"21","session":"7ce7f0c55270","build":"192.6262.58","bucket":"189","time":1574868170335,"group":{"id":"performance","version":"21"},"event":{"count":1,"data":{"duration_ms":0,"created":1574868170335},"id":"ui.latency"}}
{"recorder_version":"21","session":"7ce7f0c55270","build":"192.6262.58","bucket":"189","time":1574868270626,"group":{"id":"performance","version":"21"},"event":{"count":1,"data":{"duration_ms":0,"created":1574868270626},"id":"ui.latency"}}
{"recorder_version":"21","session":"7ce7f0c55270","build":"192.6262.58","bucket":"189","time":1574868367513,"group":{"id":"plugins","version":"1"},"event":{"state":true,"data":{"created":1574868367513,"plugin_type":"NOT_LISTED"},"id":"enabled.not.bundled.plugin"}}
{"recorder_version":"21","session":"7ce7f0c55270","build":"192.6262.58","bucket":"189","time":1574868367513,"group":{"id":"plugins","version":"1"},"event":{"state":true,"data":{"created":1574868367513},"id":"invoked"}}
{"recorder_version":"21","session":"7ce7f0c55270","build":"192.6262.58","bucket":"189","time":1574868367513,"group":{"id":"ui.editor.color.schemes","version":"2"},"event":{"state":true,"data":{"os":"Mac","created":1574868367513,"value":false},"id":"Default"}}
{"recorder_version":"21","session":"7ce7f0c55270","build":"192.6262.58","bucket":"189","time":1574868367513,"group":{"id":"ui.editor.color.schemes","version":"2"},"event":{"state":true,"data":{"created":1574868367513},"id":"invoked"}}
{"recorder_version":"21","session":"7ce7f0c55270","build":"192.6262.58","bucket":"189","time":1574868367515,"group":{"id":"keymaps.name","version":"1"},"event":{"state":true,"data":{"os":"Mac","created":1574868367516},"id":"Mac_OS_X_10.5+"}}
{"recorder_version":"21","session":"7ce7f0c55270","build":"192.6262.58","bucket":"189","time":1574868367515,"group":{"id":"keymaps.name","version":"1"},"event":{"state":true,"data":{"created":1574868367516},"id":"invoked"}}
{"recorder_version":"21","session":"7ce7f0c55270","build":"192.6262.58","bucket":"189","time":1574868367519,"group":{"id":"ui.info.features","version":"2"},"event":{"state":true,"data":{"os":"Mac","created":1574868367519},"id":"Allow.merging.buttons.enabled"}}
{"recorder_version":"21","session":"7ce7f0c55270","build":"192.6262.58","bucket":"189","time":1574868367519,"group":{"id":"ui.info.features","version":"2"},"event":{"state":true,"data":{"os":"Mac","created":1574868367520},"id":"QuickDoc.AutoUpdate"}}
{"recorder_version":"21","session":"7ce7f0c55270","build":"192.6262.58","bucket":"189","time":1574868367519,"group":{"id":"ui.info.features","version":"2"},"event":{"state":true,"data":{"os":"Mac","created":1574868367520},"id":"Hide.Editor.Tabs.If.Needed"}}
{"recorder_version":"21","session":"7ce7f0c55270","build":"192.6262.58","bucket":"189","time":1574868367519,"group":{"id":"ui.info.features","version":"2"},"event":{"state":true,"data":{"grouped":"[30_50]","os":"Mac","created":1574868367520},"id":"recent.files"}}
{"recorder_version":"21","session":"7ce7f0c55270","build":"192.6262.58","bucket":"189","time":1574868367519,"group":{"id":"ui.info.features","version":"2"},"event":{"state":true,"data":{"os":"Mac","created":1574868367520},"id":"Line.Numbers"}}
{"recorder_version":"21","session":"7ce7f0c55270","build":"192.6262.58","bucket":"189","time":1574868367519,"group":{"id":"ui.info.features","version":"2"},"event":{"state":true,"data":{"os":"Mac","created":1574868367520},"id":"Tabs.Top"}}
{"recorder_version":"21","session":"7ce7f0c55270","build":"192.6262.58","bucket":"189","time":1574868367519,"group":{"id":"ui.info.features","version":"2"},"event":{"state":true,"data":{"os":"Mac","created":1574868367521},"id":"Retina"}}
{"recorder_version":"21","session":"7ce7f0c55270","build":"192.6262.58","bucket":"189","time":1574868367519,"group":{"id":"ui.info.features","version":"2"},"event":{"state":true,"data":{"os":"Mac","created":1574868367521},"id":"Nav.Bar.visible"}}
{"recorder_version":"21","session":"7ce7f0c55270","build":"192.6262.58","bucket":"189","time":1574868367519,"group":{"id":"ui.info.features","version":"2"},"event":{"state":true,"data":{"os":"Mac","created":1574868367521},"id":"Show.Editor.Tabs.In.Single.Row"}}
{"recorder_version":"21","session":"7ce7f0c55270","build":"192.6262.58","bucket":"189","time":1574868367519,"group":{"id":"ui.info.features","version":"2"},"event":{"state":true,"data":{"os":"Mac","created":1574868367521},"id":"Recent.Files[30_50]"}}
{"recorder_version":"21","session":"7ce7f0c55270","build":"192.6262.58","bucket":"189","time":1574868367519,"group":{"id":"ui.info.features","version":"2"},"event":{"state":true,"data":{"os":"Mac","created":1574868367521},"id":"Status.bar.visible"}}
{"recorder_version":"21","session":"7ce7f0c55270","build":"192.6262.58","bucket":"189","time":1574868367519,"group":{"id":"ui.info.features","version":"2"},"event":{"state":true,"data":{"os":"Mac","created":1574868367522},"id":"Tool.Window.buttons.hidden"}}
{"recorder_version":"21","session":"7ce7f0c55270","build":"192.6262.58","bucket":"189","time":1574868367519,"group":{"id":"ui.info.features","version":"2"},"event":{"state":true,"data":{"os":"Mac","created":1574868367522},"id":"Gutter.Icons"}}
{"recorder_version":"21","session":"7ce7f0c55270","build":"192.6262.58","bucket":"189","time":1574868367519,"group":{"id":"ui.info.features","version":"2"},"event":{"state":true,"data":{"os":"Mac","created":1574868367522},"id":"Show.tips.on.startup"}}
{"recorder_version":"21","session":"7ce7f0c55270","build":"192.6262.58","bucket":"189","time":1574868367519,"group":{"id":"ui.info.features","version":"2"},"event":{"state":true,"data":{"os":"Mac","created":1574868367522},"id":"Toolbar.hidden"}}
{"recorder_version":"21","session":"7ce7f0c55270","build":"192.6262.58","bucket":"189","time":1574868367519,"group":{"id":"ui.info.features","version":"2"},"event":{"state":true,"data":{"os":"Mac","created":1574868367522},"id":"Toolbar.and.NavBar"}}
{"recorder_version":"21","session":"7ce7f0c55270","build":"192.6262.58","bucket":"189","time":1574868367519,"group":{"id":"ui.info.features","version":"2"},"event":{"state":true,"data":{"created":1574868367523},"id":"invoked"}}
{"recorder_version":"21","session":"7ce7f0c55270","build":"192.6262.58","bucket":"189","time":1574868367519,"group":{"id":"vcs.log.index.application","version":"2"},"event":{"state":true,"data":{"created":1574868367523},"id":"invoked"}}
{"recorder_version":"21","session":"7ce7f0c55270","build":"192.6262.58","bucket":"189","time":1574868367519,"group":{"id":"os.linux.wm","version":"1"},"event":{"state":true,"data":{"created":1574868367523},"id":"invoked"}}
{"recorder_version":"21","session":"7ce7f0c55270","build":"192.6262.58","bucket":"189","time":1574868367519,"group":{"id":"ui.look.and.feel","version":"1"},"event":{"state":true,"data":{"os":"Mac","created":1574868367523},"id":"Light"}}
{"recorder_version":"21","session":"7ce7f0c55270","build":"192.6262.58","bucket":"189","time":1574868367519,"group":{"id":"ui.look.and.feel","version":"1"},"event":{"state":true,"data":{"created":1574868367523},"id":"invoked"}}
{"recorder_version":"21","session":"7ce7f0c55270","build":"192.6262.58","bucket":"189","time":1574868367539,"group":{"id":"vcs.github","version":"1"},"event":{"state":true,"data":{"created":1574868367539},"id":"github.accounts.not.default.host.disabled"}}
{"recorder_version":"21","session":"7ce7f0c55270","build":"192.6262.58","bucket":"189","time":1574868367539,"group":{"id":"vcs.github","version":"1"},"event":{"state":true,"data":{"created":1574868367539},"id":"github.accounts.count.0"}}
{"recorder_version":"21","session":"7ce7f0c55270","build":"192.6262.58","bucket":"189","time":1574868367539,"group":{"id":"vcs.github","version":"1"},"event":{"state":true,"data":{"created":1574868367540},"id":"invoked"}}
{"recorder_version":"21","session":"7ce7f0c55270","build":"192.6262.58","bucket":"189","time":1574868367555,"group":{"id":"editor.settings.ide","version":"2"},"event":{"state":true,"data":{"created":1574868367555,"enabled":true},"id":"completionHints"}}
{"recorder_version":"21","session":"7ce7f0c55270","build":"192.6262.58","bucket":"189","time":1574868367555,"group":{"id":"editor.settings.ide","version":"2"},"event":{"state":true,"data":{"created":1574868367555},"id":"invoked"}}
{"recorder_version":"21","session":"7ce7f0c55270","build":"192.6262.58","bucket":"189","time":1574868367555,"group":{"id":"ui.accessibility.screen.reader","version":"1"},"event":{"state":true,"data":{"os":"Mac","created":1574868367555},"id":"screen.reader.DISABLED"}}
{"recorder_version":"21","session":"7ce7f0c55270","build":"192.6262.58","bucket":"189","time":1574868367555,"group":{"id":"ui.accessibility.screen.reader","version":"1"},"event":{"state":true,"data":{"created":1574868367555},"id":"invoked"}}
{"recorder_version":"21","session":"7ce7f0c55270","build":"192.6262.58","bucket":"189","time":1574868367555,"group":{"id":"system.runtime","version":"2"},"event":{"state":true,"data":{"created":1574868367555,"name":"G1_Old_Generation"},"id":"garbage.collector"}}
{"recorder_version":"21","session":"7ce7f0c55270","build":"192.6262.58","bucket":"189","time":1574868367556,"group":{"id":"system.runtime","version":"2"},"event":{"state":true,"data":{"created":1574868367556,"name":"Xmx","value":512},"id":"jvm.option"}}
{"recorder_version":"21","session":"7ce7f0c55270","build":"192.6262.58","bucket":"189","time":1574868367556,"group":{"id":"system.runtime","version":"2"},"event":{"state":true,"data":{"vendor":"JetBrains","created":1574868367556,"bit":"64","version":"1.11"},"id":"jvm"}}
{"recorder_version":"21","session":"7ce7f0c55270","build":"192.6262.58","bucket":"189","time":1574868367556,"group":{"id":"system.runtime","version":"2"},"event":{"state":true,"data":{"created":1574868367556,"name":"G1_Young_Generation"},"id":"garbage.collector"}}
{"recorder_version":"21","session":"7ce7f0c55270","build":"192.6262.58","bucket":"189","time":1574868367556,"group":{"id":"system.runtime","version":"2"},"event":{"state":true,"data":{"created":1574868367556,"value":8},"id":"cores"}}
{"recorder_version":"21","session":"7ce7f0c55270","build":"192.6262.58","bucket":"189","time":1574868367556,"group":{"id":"system.runtime","version":"2"},"event":{"state":true,"data":{"created":1574868367556,"name":"Xms","value":256},"id":"jvm.option"}}
{"recorder_version":"21","session":"7ce7f0c55270","build":"192.6262.58","bucket":"189","time":1574868367556,"group":{"id":"system.runtime","version":"2"},"event":{"state":true,"data":{"created":1574868367556},"id":"invoked"}}
{"recorder_version":"21","session":"7ce7f0c55270","build":"192.6262.58","bucket":"189","time":1574868367569,"group":{"id":"vcs.diff","version":"2"},"event":{"state":true,"data":{"created":1574868367570},"id":"invoked"}}
{"recorder_version":"21","session":"7ce7f0c55270","build":"192.6262.58","bucket":"189","time":1574868367571,"group":{"id":"ui.fonts","version":"1"},"event":{"state":true,"data":{"os":"Mac","created":1574868367571,"value":1.2},"id":"editor.lineSpacing"}}
{"recorder_version":"21","session":"7ce7f0c55270","build":"192.6262.58","bucket":"189","time":1574868367571,"group":{"id":"ui.fonts","version":"1"},"event":{"state":true,"data":{"os":"Mac","created":1574868367571},"id":"IDE.editor.font.size[12]"}}
{"recorder_version":"21","session":"7ce7f0c55270","build":"192.6262.58","bucket":"189","time":1574868367571,"group":{"id":"ui.fonts","version":"1"},"event":{"state":true,"data":{"os":"Mac","created":1574868367571},"id":"UI.font.size[13]"}}
{"recorder_version":"21","session":"7ce7f0c55270","build":"192.6262.58","bucket":"189","time":1574868367571,"group":{"id":"ui.fonts","version":"1"},"event":{"state":true,"data":{"os":"Mac","created":1574868367573},"id":"IDE.editor.font.name[Menlo]"}}
{"recorder_version":"21","session":"7ce7f0c55270","build":"192.6262.58","bucket":"189","time":1574868367571,"group":{"id":"ui.fonts","version":"1"},"event":{"state":true,"data":{"os":"Mac","created":1574868367573},"id":"UI.font.name[.SF_NS_Text]"}}
{"recorder_version":"21","session":"7ce7f0c55270","build":"192.6262.58","bucket":"189","time":1574868367571,"group":{"id":"ui.fonts","version":"1"},"event":{"state":true,"data":{"os":"Mac","created":1574868367573},"id":"Presentation.mode.font.size[24]"}}
{"recorder_version":"21","session":"7ce7f0c55270","build":"192.6262.58","bucket":"189","time":1574868367571,"group":{"id":"ui.fonts","version":"1"},"event":{"state":true,"data":{"created":1574868367573},"id":"invoked"}}
{"recorder_version":"21","session":"7ce7f0c55270","build":"192.6262.58","bucket":"189","time":1574868367571,"group":{"id":"user.advanced.info","version":"2"},"event":{"state":true,"data":{"created":1574868367574,"value":"release"},"id":"build"}}
{"recorder_version":"21","session":"7ce7f0c55270","build":"192.6262.58","bucket":"189","time":1574868367571,"group":{"id":"user.advanced.info","version":"2"},"event":{"state":true,"data":{"created":1574868367574},"id":"release"}}
{"recorder_version":"21","session":"7ce7f0c55270","build":"192.6262.58","bucket":"189","time":1574868367571,"group":{"id":"user.advanced.info","version":"2"},"event":{"state":true,"data":{"created":1574868367574},"id":"invoked"}}
{"recorder_version":"21","session":"7ce7f0c55270","build":"192.6262.58","bucket":"189","time":1574868367598,"group":{"id":"debugger.settings.ide","version":"2"},"event":{"state":true,"data":{"created":1574868367598},"id":"invoked"}}
{"recorder_version":"21","session":"7ce7f0c55270","build":"192.6262.58","bucket":"189","time":1574868367598,"group":{"id":"ui.hidpi.mode","version":"1"},"event":{"state":true,"data":{"os":"Mac","created":1574868367598},"id":"per_monitor_dpi"}}
{"recorder_version":"21","session":"7ce7f0c55270","build":"192.6262.58","bucket":"189","time":1574868367598,"group":{"id":"ui.hidpi.mode","version":"1"},"event":{"state":true,"data":{"created":1574868367599},"id":"invoked"}}
{"recorder_version":"21","session":"7ce7f0c55270","build":"192.6262.58","bucket":"189","time":1574868367601,"group":{"id":"platform.registry.application","version":"1"},"event":{"state":true,"data":{"created":1574868367601,"plugin_type":"PLATFORM"},"id":"recent.and.edited.files.together"}}
{"recorder_version":"21","session":"7ce7f0c55270","build":"192.6262.58","bucket":"189","time":1574868367601,"group":{"id":"platform.registry.application","version":"1"},"event":{"state":true,"data":{"created":1574868367601,"plugin_type":"PLATFORM"},"id":"inline.browse.button"}}
{"recorder_version":"21","session":"7ce7f0c55270","build":"192.6262.58","bucket":"189","time":1574868367601,"group":{"id":"platform.registry.application","version":"1"},"event":{"state":true,"data":{"created":1574868367602,"plugin_type":"PLATFORM"},"id":"show.create.new.element.in.popup"}}
{"recorder_version":"21","session":"7ce7f0c55270","build":"192.6262.58","bucket":"189","time":1574868367601,"group":{"id":"platform.registry.application","version":"1"},"event":{"state":true,"data":{"created":1574868367602,"plugin_type":"PLATFORM"},"id":"property.value.inplace.editing"}}
{"recorder_version":"21","session":"7ce7f0c55270","build":"192.6262.58","bucket":"189","time":1574868367601,"group":{"id":"platform.registry.application","version":"1"},"event":{"state":true,"data":{"created":1574868367602},"id":"java.completion.argument.hints.internal"}}
{"recorder_version":"21","session":"7ce7f0c55270","build":"192.6262.58","bucket":"189","time":1574868367601,"group":{"id":"platform.registry.application","version":"1"},"event":{"state":true,"data":{"created":1574868367602,"plugin_type":"PLATFORM"},"id":"linux.native.menu"}}
{"recorder_version":"21","session":"7ce7f0c55270","build":"192.6262.58","bucket":"189","time":1574868367601,"group":{"id":"platform.registry.application","version":"1"},"event":{"state":true,"data":{"created":1574868367602,"plugin_type":"PLATFORM"},"id":"new.large.text.file.viewer"}}
{"recorder_version":"21","session":"7ce7f0c55270","build":"192.6262.58","bucket":"189","time":1574868367601,"group":{"id":"platform.registry.application","version":"1"},"event":{"state":true,"data":{"created":1574868367603},"id":"invoked"}}
{"recorder_version":"21","session":"7ce7f0c55270","build":"192.6262.58","bucket":"189","time":1574868367601,"group":{"id":"vcs.application.configuration","version":"1"},"event":{"state":true,"data":{"created":1574868367603},"id":"invoked"}}
{"recorder_version":"21","session":"7ce7f0c55270","build":"192.6262.58","bucket":"189","time":1574868367603,"group":{"id":"ui.screen.scale","version":"1"},"event":{"state":true,"data":{"os":"Mac","created":1574868367603},"id":"ScaledMode_2.0"}}
{"recorder_version":"21","session":"7ce7f0c55270","build":"192.6262.58","bucket":"189","time":1574868367603,"group":{"id":"ui.screen.scale","version":"1"},"event":{"state":true,"data":{"created":1574868367604},"id":"invoked"}}
{"recorder_version":"21","session":"7ce7f0c55270","build":"192.6262.58","bucket":"189","time":1574868370928,"group":{"id":"performance","version":"21"},"event":{"count":1,"data":{"duration_ms":0,"created":1574868370929},"id":"ui.latency"}}
{"recorder_version":"21","session":"7ce7f0c55270","build":"192.6262.58","bucket":"189","time":1574868378568,"group":{"id":"lifecycle","version":"21"},"event":{"count":1,"data":{"created":1574868378568,"project":"e4f0f910608be7238c2f8896780738edb4a2ae426dbe035f2ad7abddd9f913d1"},"id":"frame.activated"}}
{"recorder_version":"21","session":"7ce7f0c55270","build":"192.6262.58","bucket":"189","time":1574868380573,"group":{"id":"lifecycle","version":"21"},"event":{"count":1,"data":{"restart":false,"created":1574868380573},"id":"ide.close"}}
{"recorder_version":"21","session":"7ce7f0c55270","build":"192.6262.58","bucket":"189","time":1574868380575,"group":{"id":"lifecycle","version":"21"},"event":{"count":1,"data":{"created":1574868380575,"project":"e4f0f910608be7238c2f8896780738edb4a2ae426dbe035f2ad7abddd9f913d1"},"id":"frame.deactivated"}}
{"recorder_version":"21","session":"7ce7f0c55270","build":"192.6262.58","bucket":"189","time":1574868380652,"group":{"id":"lifecycle","version":"21"},"event":{"count":1,"data":{"created":1574868380652,"project":"e4f0f910608be7238c2f8896780738edb4a2ae426dbe035f2ad7abddd9f913d1"},"id":"frame.activated"}}
{"recorder_version":"21","session":"7ce7f0c55270","build":"192.6262.58","bucket":"189","time":1574868380739,"group":{"id":"lifecycle","version":"21"},"event":{"count":1,"data":{"created":1574868380739,"project":"e4f0f910608be7238c2f8896780738edb4a2ae426dbe035f2ad7abddd9f913d1"},"id":"project.closed"}}
