{"recorder_version":"21","session":"04a5253456c2","build":"192.6262.58","bucket":"189","time":1574432576356,"group":{"id":"settings","version":"4"},"event":{"state":true,"data":{"component":"NotRoamableUiSettings","created":1574432576645},"id":"invoked"}}
{"recorder_version":"21","session":"04a5253456c2","build":"192.6262.58","bucket":"189","time":1574432576358,"group":{"id":"system.java","version":"1"},"event":{"state":true,"data":{"created":1574432576647,"version":"1.11"},"id":"JetBrains"}}
{"recorder_version":"21","session":"04a5253456c2","build":"192.6262.58","bucket":"189","time":1574432576358,"group":{"id":"system.java","version":"1"},"event":{"state":true,"data":{"created":1574432576656},"id":"invoked"}}
{"recorder_version":"21","session":"04a5253456c2","build":"192.6262.58","bucket":"189","time":1574432576358,"group":{"id":"settings","version":"4"},"event":{"state":true,"data":{"component":"UISettings","created":1574432576656},"id":"invoked"}}
{"recorder_version":"21","session":"04a5253456c2","build":"192.6262.58","bucket":"189","time":1574432576381,"group":{"id":"system.os","version":"3"},"event":{"state":true,"data":{"created":1574432576657,"version":"10.14"},"id":"Mac"}}
{"recorder_version":"21","session":"04a5253456c2","build":"192.6262.58","bucket":"189","time":1574432576381,"group":{"id":"system.os","version":"3"},"event":{"state":true,"data":{"created":1574432576658,"name":"Mac","version":"10.14"},"id":"os.name"}}
{"recorder_version":"21","session":"04a5253456c2","build":"192.6262.58","bucket":"189","time":1574432576381,"group":{"id":"system.os","version":"3"},"event":{"state":true,"data":{"created":1574432576659,"value":"+09_00"},"id":"os.timezone"}}
{"recorder_version":"21","session":"04a5253456c2","build":"192.6262.58","bucket":"189","time":1574432576381,"group":{"id":"system.os","version":"3"},"event":{"state":true,"data":{"created":1574432576659},"id":"invoked"}}
{"recorder_version":"21","session":"04a5253456c2","build":"192.6262.58","bucket":"189","time":1574432576645,"group":{"id":"event.log","version":"21"},"event":{"count":1,"data":{"created":1574432576660,"version":"916.0"},"id":"whitelist.loaded"}}
{"recorder_version":"21","session":"04a5253456c2","build":"192.6262.58","bucket":"189","time":1574432578687,"group":{"id":"settings","version":"4"},"event":{"state":true,"data":{"component":"UpdatesConfigurable","created":1574432578687,"name":"checkNeeded","type":"bool","value":false},"id":"not.default"}}
{"recorder_version":"21","session":"04a5253456c2","build":"192.6262.58","bucket":"189","time":1574432578687,"group":{"id":"settings","version":"4"},"event":{"state":true,"data":{"component":"UpdatesConfigurable","created":1574432578688},"id":"invoked"}}
{"recorder_version":"21","session":"04a5253456c2","build":"192.6262.58","bucket":"189","time":1574432578803,"group":{"id":"settings","version":"4"},"event":{"state":true,"data":{"component":"GeneralSettings","created":1574432578803,"name":"confirmExit","type":"bool","value":false},"id":"not.default"}}
{"recorder_version":"21","session":"04a5253456c2","build":"192.6262.58","bucket":"189","time":1574432578803,"group":{"id":"settings","version":"4"},"event":{"state":true,"data":{"component":"GeneralSettings","created":1574432578804,"name":"showTipsOnStartup","type":"bool","value":false},"id":"not.default"}}
{"recorder_version":"21","session":"04a5253456c2","build":"192.6262.58","bucket":"189","time":1574432578803,"group":{"id":"settings","version":"4"},"event":{"state":true,"data":{"component":"GeneralSettings","created":1574432578806},"id":"invoked"}}
{"recorder_version":"21","session":"04a5253456c2","build":"192.6262.58","bucket":"189","time":1574432578837,"group":{"id":"lifecycle","version":"21"},"event":{"count":1,"data":{"internal":true,"eap":false,"created":1574432578838},"id":"ide.start"}}
{"recorder_version":"21","session":"04a5253456c2","build":"192.6262.58","bucket":"189","time":1574432579156,"group":{"id":"lifecycle","version":"21"},"event":{"count":1,"data":{"created":1574432579156},"id":"frame.activated"}}
{"recorder_version":"21","session":"04a5253456c2","build":"192.6262.58","bucket":"189","time":1574432579385,"group":{"id":"performance","version":"21"},"event":{"count":1,"data":{"duration_ms":1,"created":1574432579387},"id":"ui.latency"}}
{"recorder_version":"21","session":"04a5253456c2","build":"192.6262.58","bucket":"189","time":1574432579654,"group":{"id":"ui.dialogs","version":"21"},"event":{"count":1,"data":{"created":1574432579654,"plugin_type":"PLATFORM","type":"show"},"id":"com.intellij.openapi.progress.util.ProgressDialog$MyDialogWrapper"}}
{"recorder_version":"21","session":"04a5253456c2","build":"192.6262.58","bucket":"189","time":1574432580810,"group":{"id":"lifecycle","version":"21"},"event":{"count":1,"data":{"created":1574432580810,"project":"a0f12fb42952fc36a102045bdbb22ad1f15aa9443e9c675024683f4da70c8bc4"},"id":"project.opened"}}
{"recorder_version":"21","session":"04a5253456c2","build":"192.6262.58","bucket":"189","time":1574432581495,"group":{"id":"performance","version":"21"},"event":{"count":1,"data":{"duration_ms":103,"created":1574432581496},"id":"ui.lagging"}}
{"recorder_version":"21","session":"04a5253456c2","build":"192.6262.58","bucket":"189","time":1574432582451,"group":{"id":"settings","version":"4"},"event":{"state":true,"data":{"component":"XmlEditorOptions","created":1574432582451},"id":"invoked"}}
{"recorder_version":"21","session":"04a5253456c2","build":"192.6262.58","bucket":"189","time":1574432582515,"group":{"id":"performance","version":"21"},"event":{"count":1,"data":{"duration_ms":118,"created":1574432582515},"id":"ui.lagging"}}
{"recorder_version":"21","session":"04a5253456c2","build":"192.6262.58","bucket":"189","time":1574432582607,"group":{"id":"toolwindow","version":"21"},"event":{"count":1,"data":{"os":"Mac","created":1574432582607,"plugin_type":"PLATFORM"},"id":"Project"}}
{"recorder_version":"21","session":"04a5253456c2","build":"192.6262.58","bucket":"189","time":1574432583607,"group":{"id":"performance","version":"21"},"event":{"count":1,"data":{"duration_ms":198,"created":1574432583607},"id":"ui.lagging"}}
{"recorder_version":"21","session":"04a5253456c2","build":"192.6262.58","bucket":"189","time":1574432584833,"group":{"id":"project.fs","version":"1"},"event":{"state":true,"data":{"os":"Mac","cs-project":false,"created":1574432584834,"project":"a0f12fb42952fc36a102045bdbb22ad1f15aa9443e9c675024683f4da70c8bc4","cs-implicit":true,"cs-system":false},"id":"case-sensitivity"}}
{"recorder_version":"21","session":"04a5253456c2","build":"192.6262.58","bucket":"189","time":1574432584834,"group":{"id":"project.fs","version":"1"},"event":{"state":true,"data":{"created":1574432584835},"id":"invoked"}}
{"recorder_version":"21","session":"04a5253456c2","build":"192.6262.58","bucket":"189","time":1574432584836,"group":{"id":"project.fs","version":"1"},"event":{"state":true,"data":{"pct-non-watched":0,"created":1574432584837,"project":"a0f12fb42952fc36a102045bdbb22ad1f15aa9443e9c675024683f4da70c8bc4"},"id":"roots-watched"}}
{"recorder_version":"21","session":"04a5253456c2","build":"192.6262.58","bucket":"189","time":1574432584836,"group":{"id":"project.fs","version":"1"},"event":{"state":true,"data":{"created":1574432584837},"id":"invoked"}}
{"recorder_version":"21","session":"04a5253456c2","build":"192.6262.58","bucket":"189","time":1574432584916,"group":{"id":"ui.dialogs","version":"21"},"event":{"count":1,"data":{"code":1,"created":1574432584916,"plugin_type":"PLATFORM","type":"close"},"id":"com.intellij.openapi.progress.util.ProgressDialog$MyDialogWrapper"}}
{"recorder_version":"21","session":"04a5253456c2","build":"192.6262.58","bucket":"189","time":1574432585423,"group":{"id":"lifecycle","version":"21"},"event":{"count":1,"data":{"duration_ms":6048,"created":1574432585423,"project":"a0f12fb42952fc36a102045bdbb22ad1f15aa9443e9c675024683f4da70c8bc4"},"id":"project.opening.finished"}}
{"recorder_version":"21","session":"04a5253456c2","build":"192.6262.58","bucket":"189","time":1574432586421,"group":{"id":"productivity","version":"21"},"event":{"count":1,"data":{"created":1574432586422,"plugin_type":"PLATFORM"},"id":"ui.tree.speedsearch"}}
{"recorder_version":"21","session":"04a5253456c2","build":"192.6262.58","bucket":"189","time":1574432586987,"group":{"id":"kotlin.jps.target","version":"1"},"event":{"count":1,"data":{"plugin_version":"1.3.41-release-IJ2019.2-1","created":1574432586987},"id":"jvm"}}
{"recorder_version":"21","session":"04a5253456c2","build":"192.6262.58","bucket":"189","time":1574432588897,"group":{"id":"file.types.usage","version":"21"},"event":{"count":1,"data":{"plugin":"com.intellij.java","created":1574432588897,"plugin_type":"JB_BUNDLED","project":"a0f12fb42952fc36a102045bdbb22ad1f15aa9443e9c675024683f4da70c8bc4","type":"edit"},"id":"JAVA"}}
{"recorder_version":"21","session":"04a5253456c2","build":"192.6262.58","bucket":"189","time":1574432591370,"group":{"id":"productivity","version":"21"},"event":{"count":1,"data":{"created":1574432591370,"plugin_type":"PLATFORM"},"id":"ui.tree.speedsearch"}}
{"recorder_version":"21","session":"04a5253456c2","build":"192.6262.58","bucket":"189","time":1574432593853,"group":{"id":"lifecycle","version":"21"},"event":{"count":1,"data":{"created":1574432593854,"project":"a0f12fb42952fc36a102045bdbb22ad1f15aa9443e9c675024683f4da70c8bc4"},"id":"project.closed"}}
{"recorder_version":"21","session":"04a5253456c2","build":"192.6262.58","bucket":"189","time":1574432595156,"group":{"id":"lifecycle","version":"21"},"event":{"count":1,"data":{"restart":false,"created":1574432595157},"id":"ide.close"}}
