{"recorder_version":"21","session":"5deb706f3faa","build":"192.6262.58","bucket":"189","time":1574800403801,"group":{"id":"settings","version":"4"},"event":{"state":true,"data":{"component":"NotRoamableUiSettings","created":1574800403959},"id":"invoked"}}
{"recorder_version":"21","session":"5deb706f3faa","build":"192.6262.58","bucket":"189","time":1574800403804,"group":{"id":"settings","version":"4"},"event":{"state":true,"data":{"component":"UISettings","created":1574800403961},"id":"invoked"}}
{"recorder_version":"21","session":"5deb706f3faa","build":"192.6262.58","bucket":"189","time":1574800403804,"group":{"id":"system.java","version":"1"},"event":{"state":true,"data":{"created":1574800403969,"version":"1.11"},"id":"JetBrains"}}
{"recorder_version":"21","session":"5deb706f3faa","build":"192.6262.58","bucket":"189","time":1574800403804,"group":{"id":"system.java","version":"1"},"event":{"state":true,"data":{"created":1574800403970},"id":"invoked"}}
{"recorder_version":"21","session":"5deb706f3faa","build":"192.6262.58","bucket":"189","time":1574800403826,"group":{"id":"system.os","version":"3"},"event":{"state":true,"data":{"created":1574800403971,"version":"10.14"},"id":"Mac"}}
{"recorder_version":"21","session":"5deb706f3faa","build":"192.6262.58","bucket":"189","time":1574800403826,"group":{"id":"system.os","version":"3"},"event":{"state":true,"data":{"created":1574800403972,"name":"Mac","version":"10.14"},"id":"os.name"}}
{"recorder_version":"21","session":"5deb706f3faa","build":"192.6262.58","bucket":"189","time":1574800403826,"group":{"id":"system.os","version":"3"},"event":{"state":true,"data":{"created":1574800403973,"value":"+09_00"},"id":"os.timezone"}}
{"recorder_version":"21","session":"5deb706f3faa","build":"192.6262.58","bucket":"189","time":1574800403826,"group":{"id":"system.os","version":"3"},"event":{"state":true,"data":{"created":1574800403974},"id":"invoked"}}
{"recorder_version":"21","session":"5deb706f3faa","build":"192.6262.58","bucket":"189","time":1574800403959,"group":{"id":"event.log","version":"21"},"event":{"count":1,"data":{"created":1574800403974,"version":"930.0"},"id":"whitelist.loaded"}}
{"recorder_version":"21","session":"5deb706f3faa","build":"192.6262.58","bucket":"189","time":1574800406141,"group":{"id":"settings","version":"4"},"event":{"state":true,"data":{"component":"UpdatesConfigurable","created":1574800406142,"name":"checkNeeded","type":"bool","value":false},"id":"not.default"}}
{"recorder_version":"21","session":"5deb706f3faa","build":"192.6262.58","bucket":"189","time":1574800406142,"group":{"id":"settings","version":"4"},"event":{"state":true,"data":{"component":"UpdatesConfigurable","created":1574800406143},"id":"invoked"}}
{"recorder_version":"21","session":"5deb706f3faa","build":"192.6262.58","bucket":"189","time":1574800406744,"group":{"id":"lifecycle","version":"21"},"event":{"count":1,"data":{"internal":true,"eap":false,"created":1574800406744},"id":"ide.start"}}
{"recorder_version":"21","session":"5deb706f3faa","build":"192.6262.58","bucket":"189","time":1574800406746,"group":{"id":"settings","version":"4"},"event":{"state":true,"data":{"component":"GeneralSettings","created":1574800406747,"name":"confirmExit","type":"bool","value":false},"id":"not.default"}}
{"recorder_version":"21","session":"5deb706f3faa","build":"192.6262.58","bucket":"189","time":1574800406747,"group":{"id":"settings","version":"4"},"event":{"state":true,"data":{"component":"GeneralSettings","created":1574800406748,"name":"showTipsOnStartup","type":"bool","value":false},"id":"not.default"}}
{"recorder_version":"21","session":"5deb706f3faa","build":"192.6262.58","bucket":"189","time":1574800406747,"group":{"id":"settings","version":"4"},"event":{"state":true,"data":{"component":"GeneralSettings","created":1574800406748},"id":"invoked"}}
{"recorder_version":"21","session":"5deb706f3faa","build":"192.6262.58","bucket":"189","time":1574800406873,"group":{"id":"performance","version":"21"},"event":{"count":1,"data":{"duration_ms":31,"created":1574800406873},"id":"ui.latency"}}
{"recorder_version":"21","session":"5deb706f3faa","build":"192.6262.58","bucket":"189","time":1574800407344,"group":{"id":"settings","version":"4"},"event":{"state":true,"data":{"component":"XmlEditorOptions","created":1574800407344},"id":"invoked"}}
{"recorder_version":"21","session":"5deb706f3faa","build":"192.6262.58","bucket":"189","time":1574800407981,"group":{"id":"performance","version":"21"},"event":{"count":1,"data":{"duration_ms":137,"created":1574800407982},"id":"ui.lagging"}}
{"recorder_version":"21","session":"5deb706f3faa","build":"192.6262.58","bucket":"189","time":1574800408795,"group":{"id":"ui.dialogs","version":"21"},"event":{"count":1,"data":{"created":1574800408796,"plugin_type":"PLATFORM","type":"show"},"id":"com.intellij.openapi.progress.util.ProgressDialog$MyDialogWrapper"}}
{"recorder_version":"21","session":"5deb706f3faa","build":"192.6262.58","bucket":"189","time":1574800409694,"group":{"id":"lifecycle","version":"21"},"event":{"count":1,"data":{"created":1574800409694,"project":"92ddc83aceaa9edad1485397ccc1680a8fd16623aa2c155379eac4aafdb2a559"},"id":"project.opened"}}
{"recorder_version":"21","session":"5deb706f3faa","build":"192.6262.58","bucket":"189","time":1574800410314,"group":{"id":"performance","version":"21"},"event":{"count":1,"data":{"duration_ms":465,"created":1574800410315},"id":"ui.lagging"}}
{"recorder_version":"21","session":"5deb706f3faa","build":"192.6262.58","bucket":"189","time":1574800411510,"group":{"id":"performance","version":"21"},"event":{"count":1,"data":{"duration_ms":658,"created":1574800411510},"id":"ui.lagging"}}
{"recorder_version":"21","session":"5deb706f3faa","build":"192.6262.58","bucket":"189","time":1574800411641,"group":{"id":"toolwindow","version":"21"},"event":{"count":1,"data":{"os":"Mac","created":1574800411641,"plugin_type":"PLATFORM"},"id":"Project"}}
{"recorder_version":"21","session":"5deb706f3faa","build":"192.6262.58","bucket":"189","time":1574800412028,"group":{"id":"performance","version":"21"},"event":{"count":1,"data":{"duration_ms":175,"created":1574800412028},"id":"ui.lagging"}}
{"recorder_version":"21","session":"5deb706f3faa","build":"192.6262.58","bucket":"189","time":1574800413207,"group":{"id":"kotlin.jps.target","version":"1"},"event":{"count":1,"data":{"plugin_version":"validation.undefined_rule","created":1574800413207},"id":"validation.undefined_rule"}}
{"recorder_version":"21","session":"5deb706f3faa","build":"192.6262.58","bucket":"189","time":1574800413229,"group":{"id":"project.fs","version":"1"},"event":{"state":true,"data":{"os":"Mac","cs-project":false,"created":1574800413229,"project":"92ddc83aceaa9edad1485397ccc1680a8fd16623aa2c155379eac4aafdb2a559","cs-implicit":true,"cs-system":false},"id":"case-sensitivity"}}
{"recorder_version":"21","session":"5deb706f3faa","build":"192.6262.58","bucket":"189","time":1574800413229,"group":{"id":"project.fs","version":"1"},"event":{"state":true,"data":{"created":1574800413229},"id":"invoked"}}
{"recorder_version":"21","session":"5deb706f3faa","build":"192.6262.58","bucket":"189","time":1574800413229,"group":{"id":"project.fs","version":"1"},"event":{"state":true,"data":{"pct-non-watched":0,"created":1574800413230,"project":"92ddc83aceaa9edad1485397ccc1680a8fd16623aa2c155379eac4aafdb2a559"},"id":"roots-watched"}}
{"recorder_version":"21","session":"5deb706f3faa","build":"192.6262.58","bucket":"189","time":1574800413229,"group":{"id":"project.fs","version":"1"},"event":{"state":true,"data":{"created":1574800413230},"id":"invoked"}}
{"recorder_version":"21","session":"5deb706f3faa","build":"192.6262.58","bucket":"189","time":1574800413286,"group":{"id":"ui.dialogs","version":"21"},"event":{"count":1,"data":{"code":1,"created":1574800413286,"plugin_type":"PLATFORM","type":"close"},"id":"com.intellij.openapi.progress.util.ProgressDialog$MyDialogWrapper"}}
{"recorder_version":"21","session":"5deb706f3faa","build":"192.6262.58","bucket":"189","time":1574800413376,"group":{"id":"lifecycle","version":"21"},"event":{"count":1,"data":{"duration_ms":4855,"created":1574800413378,"project":"92ddc83aceaa9edad1485397ccc1680a8fd16623aa2c155379eac4aafdb2a559"},"id":"project.opening.finished"}}
{"recorder_version":"21","session":"5deb706f3faa","build":"192.6262.58","bucket":"189","time":1574800422588,"group":{"id":"actions","version":"21"},"event":{"count":5,"data":{"context_menu":false,"last":1574800423467,"current_file":"TEXT","created":1574800422588,"plugin_type":"PLATFORM","project":"92ddc83aceaa9edad1485397ccc1680a8fd16623aa2c155379eac4aafdb2a559","place":"keyboard_shortcut","class":"com.intellij.openapi.editor.actions.BackspaceAction","input_event":"Backspace"},"id":"EditorBackSpace"}}
{"recorder_version":"21","session":"5deb706f3faa","build":"192.6262.58","bucket":"189","time":1574800427094,"group":{"id":"file.types.usage","version":"21"},"event":{"count":1,"data":{"created":1574800427095,"plugin_type":"PLATFORM","project":"92ddc83aceaa9edad1485397ccc1680a8fd16623aa2c155379eac4aafdb2a559","type":"edit"},"id":"IDEA_MODULE"}}
{"recorder_version":"21","session":"5deb706f3faa","build":"192.6262.58","bucket":"189","time":1574800442156,"group":{"id":"actions","version":"21"},"event":{"count":2,"data":{"context_menu":false,"last":1574800445988,"current_file":"TEXT","created":1574800442156,"plugin_type":"PLATFORM","project":"92ddc83aceaa9edad1485397ccc1680a8fd16623aa2c155379eac4aafdb2a559","place":"keyboard_shortcut","class":"com.intellij.openapi.editor.actions.BackspaceAction","input_event":"Backspace"},"id":"EditorBackSpace"}}
{"recorder_version":"21","session":"5deb706f3faa","build":"192.6262.58","bucket":"189","time":1574800462892,"group":{"id":"lifecycle","version":"21"},"event":{"count":1,"data":{"created":1574800462892,"project":"92ddc83aceaa9edad1485397ccc1680a8fd16623aa2c155379eac4aafdb2a559"},"id":"project.closed"}}
{"recorder_version":"21","session":"5deb706f3faa","build":"192.6262.58","bucket":"189","time":1574800507127,"group":{"id":"performance","version":"21"},"event":{"count":1,"data":{"duration_ms":0,"created":1574800507127},"id":"ui.latency"}}
{"recorder_version":"21","session":"5deb706f3faa","build":"192.6262.58","bucket":"189","time":1574800521430,"group":{"id":"lifecycle","version":"21"},"event":{"count":1,"data":{"restart":false,"created":1574800521430},"id":"ide.close"}}
