{"recorder_version":"21","session":"be4a9beec233","build":"192.6262.58","bucket":"189","time":1574781416898,"group":{"id":"settings","version":"4"},"event":{"state":true,"data":{"component":"NotRoamableUiSettings","created":1574781417064},"id":"invoked"}}
{"recorder_version":"21","session":"be4a9beec233","build":"192.6262.58","bucket":"189","time":1574781416900,"group":{"id":"system.java","version":"1"},"event":{"state":true,"data":{"created":1574781417066,"version":"1.11"},"id":"JetBrains"}}
{"recorder_version":"21","session":"be4a9beec233","build":"192.6262.58","bucket":"189","time":1574781416900,"group":{"id":"system.java","version":"1"},"event":{"state":true,"data":{"created":1574781417074},"id":"invoked"}}
{"recorder_version":"21","session":"be4a9beec233","build":"192.6262.58","bucket":"189","time":1574781416900,"group":{"id":"settings","version":"4"},"event":{"state":true,"data":{"component":"UISettings","created":1574781417074},"id":"invoked"}}
{"recorder_version":"21","session":"be4a9beec233","build":"192.6262.58","bucket":"189","time":1574781416923,"group":{"id":"system.os","version":"3"},"event":{"state":true,"data":{"created":1574781417075,"version":"10.14"},"id":"Mac"}}
{"recorder_version":"21","session":"be4a9beec233","build":"192.6262.58","bucket":"189","time":1574781416923,"group":{"id":"system.os","version":"3"},"event":{"state":true,"data":{"created":1574781417076,"name":"Mac","version":"10.14"},"id":"os.name"}}
{"recorder_version":"21","session":"be4a9beec233","build":"192.6262.58","bucket":"189","time":1574781416923,"group":{"id":"system.os","version":"3"},"event":{"state":true,"data":{"created":1574781417077,"value":"+09_00"},"id":"os.timezone"}}
{"recorder_version":"21","session":"be4a9beec233","build":"192.6262.58","bucket":"189","time":1574781416923,"group":{"id":"system.os","version":"3"},"event":{"state":true,"data":{"created":1574781417078},"id":"invoked"}}
{"recorder_version":"21","session":"be4a9beec233","build":"192.6262.58","bucket":"189","time":1574781417063,"group":{"id":"event.log","version":"21"},"event":{"count":1,"data":{"created":1574781417079,"version":"925.0"},"id":"whitelist.loaded"}}
{"recorder_version":"21","session":"be4a9beec233","build":"192.6262.58","bucket":"189","time":1574781419225,"group":{"id":"settings","version":"4"},"event":{"state":true,"data":{"component":"UpdatesConfigurable","created":1574781419226,"name":"checkNeeded","type":"bool","value":false},"id":"not.default"}}
{"recorder_version":"21","session":"be4a9beec233","build":"192.6262.58","bucket":"189","time":1574781419226,"group":{"id":"settings","version":"4"},"event":{"state":true,"data":{"component":"UpdatesConfigurable","created":1574781419227},"id":"invoked"}}
{"recorder_version":"21","session":"be4a9beec233","build":"192.6262.58","bucket":"189","time":1574781419371,"group":{"id":"settings","version":"4"},"event":{"state":true,"data":{"component":"GeneralSettings","created":1574781419371,"name":"confirmExit","type":"bool","value":false},"id":"not.default"}}
{"recorder_version":"21","session":"be4a9beec233","build":"192.6262.58","bucket":"189","time":1574781419371,"group":{"id":"settings","version":"4"},"event":{"state":true,"data":{"component":"GeneralSettings","created":1574781419372,"name":"showTipsOnStartup","type":"bool","value":false},"id":"not.default"}}
{"recorder_version":"21","session":"be4a9beec233","build":"192.6262.58","bucket":"189","time":1574781419371,"group":{"id":"settings","version":"4"},"event":{"state":true,"data":{"component":"GeneralSettings","created":1574781419374},"id":"invoked"}}
{"recorder_version":"21","session":"be4a9beec233","build":"192.6262.58","bucket":"189","time":1574781419378,"group":{"id":"lifecycle","version":"21"},"event":{"count":1,"data":{"internal":true,"eap":false,"created":1574781419378},"id":"ide.start"}}
{"recorder_version":"21","session":"be4a9beec233","build":"192.6262.58","bucket":"189","time":1574781419675,"group":{"id":"lifecycle","version":"21"},"event":{"count":1,"data":{"created":1574781419675},"id":"frame.activated"}}
{"recorder_version":"21","session":"be4a9beec233","build":"192.6262.58","bucket":"189","time":1574781419917,"group":{"id":"performance","version":"21"},"event":{"count":1,"data":{"duration_ms":0,"created":1574781419918},"id":"ui.latency"}}
{"recorder_version":"21","session":"be4a9beec233","build":"192.6262.58","bucket":"189","time":1574781420132,"group":{"id":"ui.dialogs","version":"21"},"event":{"count":1,"data":{"created":1574781420133,"plugin_type":"PLATFORM","type":"show"},"id":"com.intellij.openapi.progress.util.ProgressDialog$MyDialogWrapper"}}
{"recorder_version":"21","session":"be4a9beec233","build":"192.6262.58","bucket":"189","time":1574781421207,"group":{"id":"lifecycle","version":"21"},"event":{"count":1,"data":{"created":1574781421208,"project":"92ddc83aceaa9edad1485397ccc1680a8fd16623aa2c155379eac4aafdb2a559"},"id":"project.opened"}}
{"recorder_version":"21","session":"be4a9beec233","build":"192.6262.58","bucket":"189","time":1574781422910,"group":{"id":"settings","version":"4"},"event":{"state":true,"data":{"component":"XmlEditorOptions","created":1574781422910},"id":"invoked"}}
{"recorder_version":"21","session":"be4a9beec233","build":"192.6262.58","bucket":"189","time":1574781423116,"group":{"id":"toolwindow","version":"21"},"event":{"count":1,"data":{"os":"Mac","created":1574781423117,"plugin_type":"PLATFORM"},"id":"Project"}}
{"recorder_version":"21","session":"be4a9beec233","build":"192.6262.58","bucket":"189","time":1574781424067,"group":{"id":"performance","version":"21"},"event":{"count":1,"data":{"duration_ms":143,"created":1574781424068},"id":"ui.lagging"}}
{"recorder_version":"21","session":"be4a9beec233","build":"192.6262.58","bucket":"189","time":1574781424826,"group":{"id":"kotlin.jps.target","version":"1"},"event":{"count":1,"data":{"plugin_version":"1.3.41-release-IJ2019.2-1","created":1574781424826},"id":"jvm"}}
{"recorder_version":"21","session":"be4a9beec233","build":"192.6262.58","bucket":"189","time":1574781425084,"group":{"id":"performance","version":"21"},"event":{"count":1,"data":{"duration_ms":158,"created":1574781425085},"id":"ui.lagging"}}
{"recorder_version":"21","session":"be4a9beec233","build":"192.6262.58","bucket":"189","time":1574781425194,"group":{"id":"project.fs","version":"1"},"event":{"state":true,"data":{"os":"Mac","cs-project":false,"created":1574781425194,"project":"92ddc83aceaa9edad1485397ccc1680a8fd16623aa2c155379eac4aafdb2a559","cs-implicit":true,"cs-system":false},"id":"case-sensitivity"}}
{"recorder_version":"21","session":"be4a9beec233","build":"192.6262.58","bucket":"189","time":1574781425194,"group":{"id":"project.fs","version":"1"},"event":{"state":true,"data":{"created":1574781425195},"id":"invoked"}}
{"recorder_version":"21","session":"be4a9beec233","build":"192.6262.58","bucket":"189","time":1574781425195,"group":{"id":"project.fs","version":"1"},"event":{"state":true,"data":{"pct-non-watched":0,"created":1574781425195,"project":"92ddc83aceaa9edad1485397ccc1680a8fd16623aa2c155379eac4aafdb2a559"},"id":"roots-watched"}}
{"recorder_version":"21","session":"be4a9beec233","build":"192.6262.58","bucket":"189","time":1574781425195,"group":{"id":"project.fs","version":"1"},"event":{"state":true,"data":{"created":1574781425195},"id":"invoked"}}
{"recorder_version":"21","session":"be4a9beec233","build":"192.6262.58","bucket":"189","time":1574781425286,"group":{"id":"ui.dialogs","version":"21"},"event":{"count":1,"data":{"code":1,"created":1574781425287,"plugin_type":"PLATFORM","type":"close"},"id":"com.intellij.openapi.progress.util.ProgressDialog$MyDialogWrapper"}}
{"recorder_version":"21","session":"be4a9beec233","build":"192.6262.58","bucket":"189","time":1574781425822,"group":{"id":"lifecycle","version":"21"},"event":{"count":1,"data":{"duration_ms":5968,"created":1574781425822,"project":"92ddc83aceaa9edad1485397ccc1680a8fd16623aa2c155379eac4aafdb2a559"},"id":"project.opening.finished"}}
{"recorder_version":"21","session":"be4a9beec233","build":"192.6262.58","bucket":"189","time":1574781432740,"group":{"id":"file.types.usage","version":"21"},"event":{"count":1,"data":{"created":1574781432741,"plugin_type":"PLATFORM","project":"92ddc83aceaa9edad1485397ccc1680a8fd16623aa2c155379eac4aafdb2a559","type":"edit"},"id":"IDEA_MODULE"}}
{"recorder_version":"21","session":"be4a9beec233","build":"192.6262.58","bucket":"189","time":1574781433964,"group":{"id":"actions","version":"21"},"event":{"count":1,"data":{"context_menu":false,"current_file":"TEXT","created":1574781433964,"plugin_type":"PLATFORM","project":"92ddc83aceaa9edad1485397ccc1680a8fd16623aa2c155379eac4aafdb2a559","place":"keyboard_shortcut","class":"com.intellij.openapi.editor.actions.EnterAction","input_event":"Enter"},"id":"EditorEnter"}}
{"recorder_version":"21","session":"be4a9beec233","build":"192.6262.58","bucket":"189","time":1574781434065,"group":{"id":"performance","version":"21"},"event":{"count":1,"data":{"duration_ms":115,"created":1574781434065},"id":"ui.lagging"}}
{"recorder_version":"21","session":"be4a9beec233","build":"192.6262.58","bucket":"189","time":1574781434549,"group":{"id":"actions","version":"21"},"event":{"count":5,"data":{"context_menu":false,"last":1574781448414,"current_file":"TEXT","created":1574781434549,"plugin_type":"PLATFORM","project":"92ddc83aceaa9edad1485397ccc1680a8fd16623aa2c155379eac4aafdb2a559","place":"keyboard_shortcut","class":"com.intellij.openapi.editor.actions.EnterAction","input_event":"Enter"},"id":"EditorEnter"}}
{"recorder_version":"21","session":"be4a9beec233","build":"192.6262.58","bucket":"189","time":1574781460716,"group":{"id":"actions","version":"21"},"event":{"count":2,"data":{"context_menu":false,"last":1574781463619,"current_file":"TEXT","created":1574781460716,"plugin_type":"PLATFORM","project":"92ddc83aceaa9edad1485397ccc1680a8fd16623aa2c155379eac4aafdb2a559","place":"keyboard_shortcut","class":"com.intellij.openapi.editor.actions.EnterAction","input_event":"Enter"},"id":"EditorEnter"}}
{"recorder_version":"21","session":"be4a9beec233","build":"192.6262.58","bucket":"189","time":1574781473698,"group":{"id":"actions","version":"21"},"event":{"count":9,"data":{"context_menu":false,"last":1574781483811,"current_file":"TEXT","created":1574781473699,"plugin_type":"PLATFORM","project":"92ddc83aceaa9edad1485397ccc1680a8fd16623aa2c155379eac4aafdb2a559","place":"keyboard_shortcut","class":"com.intellij.openapi.editor.actions.EnterAction","input_event":"Enter"},"id":"EditorEnter"}}
{"recorder_version":"21","session":"be4a9beec233","build":"192.6262.58","bucket":"189","time":1574781515736,"group":{"id":"lifecycle","version":"21"},"event":{"count":1,"data":{"created":1574781515736,"project":"92ddc83aceaa9edad1485397ccc1680a8fd16623aa2c155379eac4aafdb2a559"},"id":"frame.deactivated"}}
{"recorder_version":"21","session":"be4a9beec233","build":"192.6262.58","bucket":"189","time":1574781520201,"group":{"id":"performance","version":"21"},"event":{"count":1,"data":{"duration_ms":0,"created":1574781520201},"id":"ui.latency"}}
{"recorder_version":"21","session":"be4a9beec233","build":"192.6262.58","bucket":"189","time":1574781566977,"group":{"id":"lifecycle","version":"21"},"event":{"count":1,"data":{"created":1574781566977,"project":"92ddc83aceaa9edad1485397ccc1680a8fd16623aa2c155379eac4aafdb2a559"},"id":"frame.activated"}}
{"recorder_version":"21","session":"be4a9beec233","build":"192.6262.58","bucket":"189","time":1574781567054,"group":{"id":"actions","version":"21"},"event":{"count":1,"data":{"context_menu":false,"current_file":"TEXT","created":1574781567055,"plugin_type":"PLATFORM","project":"92ddc83aceaa9edad1485397ccc1680a8fd16623aa2c155379eac4aafdb2a559","place":"unknown","class":"com.intellij.xdebugger.impl.actions.ToggleLineBreakpointAction","input_event":"MouseLeft"},"id":"ToggleLineBreakpoint"}}
{"recorder_version":"21","session":"be4a9beec233","build":"192.6262.58","bucket":"189","time":1574781568275,"group":{"id":"lifecycle","version":"21"},"event":{"count":1,"data":{"created":1574781568275,"project":"92ddc83aceaa9edad1485397ccc1680a8fd16623aa2c155379eac4aafdb2a559"},"id":"project.closed"}}
{"recorder_version":"21","session":"be4a9beec233","build":"192.6262.58","bucket":"189","time":1574781620497,"group":{"id":"performance","version":"21"},"event":{"count":1,"data":{"duration_ms":0,"created":1574781620497},"id":"ui.latency"}}
{"recorder_version":"21","session":"be4a9beec233","build":"192.6262.58","bucket":"189","time":1574781630325,"group":{"id":"lifecycle","version":"21"},"event":{"count":1,"data":{"restart":false,"created":1574781630325},"id":"ide.close"}}
