{"recorder_version":"21","session":"2e6d35fcf483","build":"192.6262.58","bucket":"189","time":1574816062927,"group":{"id":"settings","version":"4"},"event":{"state":true,"data":{"component":"NotRoamableUiSettings","created":1574816063075},"id":"invoked"}}
{"recorder_version":"21","session":"2e6d35fcf483","build":"192.6262.58","bucket":"189","time":1574816062929,"group":{"id":"system.java","version":"1"},"event":{"state":true,"data":{"created":1574816063078,"version":"1.11"},"id":"JetBrains"}}
{"recorder_version":"21","session":"2e6d35fcf483","build":"192.6262.58","bucket":"189","time":1574816062929,"group":{"id":"system.java","version":"1"},"event":{"state":true,"data":{"created":1574816063087},"id":"invoked"}}
{"recorder_version":"21","session":"2e6d35fcf483","build":"192.6262.58","bucket":"189","time":1574816062929,"group":{"id":"settings","version":"4"},"event":{"state":true,"data":{"component":"UISettings","created":1574816063088},"id":"invoked"}}
{"recorder_version":"21","session":"2e6d35fcf483","build":"192.6262.58","bucket":"189","time":1574816062950,"group":{"id":"system.os","version":"3"},"event":{"state":true,"data":{"created":1574816063089,"version":"10.14"},"id":"Mac"}}
{"recorder_version":"21","session":"2e6d35fcf483","build":"192.6262.58","bucket":"189","time":1574816062950,"group":{"id":"system.os","version":"3"},"event":{"state":true,"data":{"created":1574816063090,"name":"Mac","version":"10.14"},"id":"os.name"}}
{"recorder_version":"21","session":"2e6d35fcf483","build":"192.6262.58","bucket":"189","time":1574816062950,"group":{"id":"system.os","version":"3"},"event":{"state":true,"data":{"created":1574816063091,"value":"+09_00"},"id":"os.timezone"}}
{"recorder_version":"21","session":"2e6d35fcf483","build":"192.6262.58","bucket":"189","time":1574816062950,"group":{"id":"system.os","version":"3"},"event":{"state":true,"data":{"created":1574816063092},"id":"invoked"}}
{"recorder_version":"21","session":"2e6d35fcf483","build":"192.6262.58","bucket":"189","time":1574816063075,"group":{"id":"event.log","version":"21"},"event":{"count":1,"data":{"created":1574816063092,"version":"930.0"},"id":"whitelist.loaded"}}
{"recorder_version":"21","session":"2e6d35fcf483","build":"192.6262.58","bucket":"189","time":1574816065348,"group":{"id":"settings","version":"4"},"event":{"state":true,"data":{"component":"UpdatesConfigurable","created":1574816065348,"name":"checkNeeded","type":"bool","value":false},"id":"not.default"}}
{"recorder_version":"21","session":"2e6d35fcf483","build":"192.6262.58","bucket":"189","time":1574816065348,"group":{"id":"settings","version":"4"},"event":{"state":true,"data":{"component":"UpdatesConfigurable","created":1574816065349},"id":"invoked"}}
{"recorder_version":"21","session":"2e6d35fcf483","build":"192.6262.58","bucket":"189","time":1574816065469,"group":{"id":"settings","version":"4"},"event":{"state":true,"data":{"component":"GeneralSettings","created":1574816065470,"name":"confirmExit","type":"bool","value":false},"id":"not.default"}}
{"recorder_version":"21","session":"2e6d35fcf483","build":"192.6262.58","bucket":"189","time":1574816065469,"group":{"id":"settings","version":"4"},"event":{"state":true,"data":{"component":"GeneralSettings","created":1574816065471,"name":"showTipsOnStartup","type":"bool","value":false},"id":"not.default"}}
{"recorder_version":"21","session":"2e6d35fcf483","build":"192.6262.58","bucket":"189","time":1574816065469,"group":{"id":"settings","version":"4"},"event":{"state":true,"data":{"component":"GeneralSettings","created":1574816065472},"id":"invoked"}}
{"recorder_version":"21","session":"2e6d35fcf483","build":"192.6262.58","bucket":"189","time":1574816065477,"group":{"id":"lifecycle","version":"21"},"event":{"count":1,"data":{"internal":true,"eap":false,"created":1574816065478},"id":"ide.start"}}
{"recorder_version":"21","session":"2e6d35fcf483","build":"192.6262.58","bucket":"189","time":1574816065764,"group":{"id":"lifecycle","version":"21"},"event":{"count":1,"data":{"created":1574816065770},"id":"frame.activated"}}
{"recorder_version":"21","session":"2e6d35fcf483","build":"192.6262.58","bucket":"189","time":1574816065996,"group":{"id":"performance","version":"21"},"event":{"count":1,"data":{"duration_ms":1,"created":1574816065996},"id":"ui.latency"}}
{"recorder_version":"21","session":"2e6d35fcf483","build":"192.6262.58","bucket":"189","time":1574816066270,"group":{"id":"ui.dialogs","version":"21"},"event":{"count":1,"data":{"created":1574816066270,"plugin_type":"PLATFORM","type":"show"},"id":"com.intellij.openapi.progress.util.ProgressDialog$MyDialogWrapper"}}
{"recorder_version":"21","session":"2e6d35fcf483","build":"192.6262.58","bucket":"189","time":1574816067228,"group":{"id":"lifecycle","version":"21"},"event":{"count":1,"data":{"created":1574816067228,"project":"92ddc83aceaa9edad1485397ccc1680a8fd16623aa2c155379eac4aafdb2a559"},"id":"project.opened"}}
{"recorder_version":"21","session":"2e6d35fcf483","build":"192.6262.58","bucket":"189","time":1574816068866,"group":{"id":"settings","version":"4"},"event":{"state":true,"data":{"component":"XmlEditorOptions","created":1574816068866},"id":"invoked"}}
{"recorder_version":"21","session":"2e6d35fcf483","build":"192.6262.58","bucket":"189","time":1574816069147,"group":{"id":"toolwindow","version":"21"},"event":{"count":1,"data":{"os":"Mac","created":1574816069147,"plugin_type":"PLATFORM"},"id":"Project"}}
{"recorder_version":"21","session":"2e6d35fcf483","build":"192.6262.58","bucket":"189","time":1574816070990,"group":{"id":"kotlin.jps.target","version":"1"},"event":{"count":1,"data":{"plugin_version":"validation.undefined_rule","created":1574816070990},"id":"validation.undefined_rule"}}
{"recorder_version":"21","session":"2e6d35fcf483","build":"192.6262.58","bucket":"189","time":1574816071200,"group":{"id":"performance","version":"21"},"event":{"count":1,"data":{"duration_ms":189,"created":1574816071200},"id":"ui.lagging"}}
{"recorder_version":"21","session":"2e6d35fcf483","build":"192.6262.58","bucket":"189","time":1574816071285,"group":{"id":"project.fs","version":"1"},"event":{"state":true,"data":{"os":"Mac","cs-project":false,"created":1574816071285,"project":"92ddc83aceaa9edad1485397ccc1680a8fd16623aa2c155379eac4aafdb2a559","cs-implicit":true,"cs-system":false},"id":"case-sensitivity"}}
{"recorder_version":"21","session":"2e6d35fcf483","build":"192.6262.58","bucket":"189","time":1574816071285,"group":{"id":"project.fs","version":"1"},"event":{"state":true,"data":{"created":1574816071286},"id":"invoked"}}
{"recorder_version":"21","session":"2e6d35fcf483","build":"192.6262.58","bucket":"189","time":1574816071287,"group":{"id":"project.fs","version":"1"},"event":{"state":true,"data":{"pct-non-watched":0,"created":1574816071287,"project":"92ddc83aceaa9edad1485397ccc1680a8fd16623aa2c155379eac4aafdb2a559"},"id":"roots-watched"}}
{"recorder_version":"21","session":"2e6d35fcf483","build":"192.6262.58","bucket":"189","time":1574816071287,"group":{"id":"project.fs","version":"1"},"event":{"state":true,"data":{"created":1574816071287},"id":"invoked"}}
{"recorder_version":"21","session":"2e6d35fcf483","build":"192.6262.58","bucket":"189","time":1574816071382,"group":{"id":"ui.dialogs","version":"21"},"event":{"count":1,"data":{"code":1,"created":1574816071383,"plugin_type":"PLATFORM","type":"close"},"id":"com.intellij.openapi.progress.util.ProgressDialog$MyDialogWrapper"}}
{"recorder_version":"21","session":"2e6d35fcf483","build":"192.6262.58","bucket":"189","time":1574816071461,"group":{"id":"lifecycle","version":"21"},"event":{"count":1,"data":{"duration_ms":5434,"created":1574816071461,"project":"92ddc83aceaa9edad1485397ccc1680a8fd16623aa2c155379eac4aafdb2a559"},"id":"project.opening.finished"}}
{"recorder_version":"21","session":"2e6d35fcf483","build":"192.6262.58","bucket":"189","time":1574816074164,"group":{"id":"file.types.usage","version":"21"},"event":{"count":1,"data":{"created":1574816074165,"plugin_type":"PLATFORM","project":"92ddc83aceaa9edad1485397ccc1680a8fd16623aa2c155379eac4aafdb2a559","type":"edit"},"id":"IDEA_MODULE"}}
{"recorder_version":"21","session":"2e6d35fcf483","build":"192.6262.58","bucket":"189","time":1574816083146,"group":{"id":"lifecycle","version":"21"},"event":{"count":1,"data":{"created":1574816083146,"project":"92ddc83aceaa9edad1485397ccc1680a8fd16623aa2c155379eac4aafdb2a559"},"id":"frame.deactivated"}}
{"recorder_version":"21","session":"2e6d35fcf483","build":"192.6262.58","bucket":"189","time":1574816166329,"group":{"id":"performance","version":"21"},"event":{"count":1,"data":{"duration_ms":0,"created":1574816166329},"id":"ui.latency"}}
{"recorder_version":"21","session":"2e6d35fcf483","build":"192.6262.58","bucket":"189","time":1574816188425,"group":{"id":"lifecycle","version":"21"},"event":{"count":1,"data":{"created":1574816188426,"project":"92ddc83aceaa9edad1485397ccc1680a8fd16623aa2c155379eac4aafdb2a559"},"id":"frame.activated"}}
{"recorder_version":"21","session":"2e6d35fcf483","build":"192.6262.58","bucket":"189","time":1574816189275,"group":{"id":"file.types.usage","version":"21"},"event":{"count":1,"data":{"created":1574816189275,"plugin_type":"PLATFORM","project":"92ddc83aceaa9edad1485397ccc1680a8fd16623aa2c155379eac4aafdb2a559","type":"edit"},"id":"IDEA_MODULE"}}
{"recorder_version":"21","session":"2e6d35fcf483","build":"192.6262.58","bucket":"189","time":1574816190036,"group":{"id":"actions","version":"21"},"event":{"count":1,"data":{"context_menu":false,"current_file":"TEXT","created":1574816190036,"plugin_type":"PLATFORM","project":"92ddc83aceaa9edad1485397ccc1680a8fd16623aa2c155379eac4aafdb2a559","place":"keyboard_shortcut","class":"com.intellij.openapi.editor.actions.EnterAction","input_event":"Enter"},"id":"EditorEnter"}}
{"recorder_version":"21","session":"2e6d35fcf483","build":"192.6262.58","bucket":"189","time":1574816195891,"group":{"id":"actions","version":"21"},"event":{"count":1,"data":{"context_menu":false,"created":1574816195891,"plugin_type":"PLATFORM","project":"92ddc83aceaa9edad1485397ccc1680a8fd16623aa2c155379eac4aafdb2a559","place":"keyboard_shortcut","class":"com.intellij.openapi.editor.actions.BackspaceAction","input_event":"Backspace"},"id":"EditorBackSpace"}}
{"recorder_version":"21","session":"2e6d35fcf483","build":"192.6262.58","bucket":"189","time":1574816231567,"group":{"id":"lifecycle","version":"21"},"event":{"count":1,"data":{"created":1574816231567,"project":"92ddc83aceaa9edad1485397ccc1680a8fd16623aa2c155379eac4aafdb2a559"},"id":"frame.deactivated"}}
{"recorder_version":"21","session":"2e6d35fcf483","build":"192.6262.58","bucket":"189","time":1574816256434,"group":{"id":"lifecycle","version":"21"},"event":{"count":1,"data":{"created":1574816256435,"project":"92ddc83aceaa9edad1485397ccc1680a8fd16623aa2c155379eac4aafdb2a559"},"id":"frame.activated"}}
{"recorder_version":"21","session":"2e6d35fcf483","build":"192.6262.58","bucket":"189","time":1574816256758,"group":{"id":"lifecycle","version":"21"},"event":{"count":1,"data":{"restart":false,"created":1574816256758},"id":"ide.close"}}
{"recorder_version":"21","session":"2e6d35fcf483","build":"192.6262.58","bucket":"189","time":1574816256844,"group":{"id":"lifecycle","version":"21"},"event":{"count":1,"data":{"created":1574816256844,"project":"92ddc83aceaa9edad1485397ccc1680a8fd16623aa2c155379eac4aafdb2a559"},"id":"project.closed"}}
