{"recorder_version":"21","session":"59a68ee1872f","build":"192.6262.58","bucket":"189","time":1574816507810,"group":{"id":"settings","version":"4"},"event":{"state":true,"data":{"component":"NotRoamableUiSettings","created":1574816507974},"id":"invoked"}}
{"recorder_version":"21","session":"59a68ee1872f","build":"192.6262.58","bucket":"189","time":1574816507812,"group":{"id":"system.java","version":"1"},"event":{"state":true,"data":{"created":1574816507990,"version":"1.11"},"id":"JetBrains"}}
{"recorder_version":"21","session":"59a68ee1872f","build":"192.6262.58","bucket":"189","time":1574816507812,"group":{"id":"system.java","version":"1"},"event":{"state":true,"data":{"created":1574816507998},"id":"invoked"}}
{"recorder_version":"21","session":"59a68ee1872f","build":"192.6262.58","bucket":"189","time":1574816507813,"group":{"id":"settings","version":"4"},"event":{"state":true,"data":{"component":"UISettings","created":1574816507999},"id":"invoked"}}
{"recorder_version":"21","session":"59a68ee1872f","build":"192.6262.58","bucket":"189","time":1574816507835,"group":{"id":"system.os","version":"3"},"event":{"state":true,"data":{"created":1574816508000,"version":"10.14"},"id":"Mac"}}
{"recorder_version":"21","session":"59a68ee1872f","build":"192.6262.58","bucket":"189","time":1574816507835,"group":{"id":"system.os","version":"3"},"event":{"state":true,"data":{"created":1574816508001,"name":"Mac","version":"10.14"},"id":"os.name"}}
{"recorder_version":"21","session":"59a68ee1872f","build":"192.6262.58","bucket":"189","time":1574816507835,"group":{"id":"system.os","version":"3"},"event":{"state":true,"data":{"created":1574816508002,"value":"+09_00"},"id":"os.timezone"}}
{"recorder_version":"21","session":"59a68ee1872f","build":"192.6262.58","bucket":"189","time":1574816507835,"group":{"id":"system.os","version":"3"},"event":{"state":true,"data":{"created":1574816508003},"id":"invoked"}}
{"recorder_version":"21","session":"59a68ee1872f","build":"192.6262.58","bucket":"189","time":1574816507974,"group":{"id":"event.log","version":"21"},"event":{"count":1,"data":{"created":1574816508005,"version":"930.0"},"id":"whitelist.loaded"}}
{"recorder_version":"21","session":"59a68ee1872f","build":"192.6262.58","bucket":"189","time":1574816510254,"group":{"id":"settings","version":"4"},"event":{"state":true,"data":{"component":"UpdatesConfigurable","created":1574816510255,"name":"checkNeeded","type":"bool","value":false},"id":"not.default"}}
{"recorder_version":"21","session":"59a68ee1872f","build":"192.6262.58","bucket":"189","time":1574816510255,"group":{"id":"settings","version":"4"},"event":{"state":true,"data":{"component":"UpdatesConfigurable","created":1574816510256},"id":"invoked"}}
{"recorder_version":"21","session":"59a68ee1872f","build":"192.6262.58","bucket":"189","time":1574816510402,"group":{"id":"settings","version":"4"},"event":{"state":true,"data":{"component":"GeneralSettings","created":1574816510405,"name":"confirmExit","type":"bool","value":false},"id":"not.default"}}
{"recorder_version":"21","session":"59a68ee1872f","build":"192.6262.58","bucket":"189","time":1574816510402,"group":{"id":"settings","version":"4"},"event":{"state":true,"data":{"component":"GeneralSettings","created":1574816510412,"name":"showTipsOnStartup","type":"bool","value":false},"id":"not.default"}}
{"recorder_version":"21","session":"59a68ee1872f","build":"192.6262.58","bucket":"189","time":1574816510402,"group":{"id":"settings","version":"4"},"event":{"state":true,"data":{"component":"GeneralSettings","created":1574816510413},"id":"invoked"}}
{"recorder_version":"21","session":"59a68ee1872f","build":"192.6262.58","bucket":"189","time":1574816510417,"group":{"id":"lifecycle","version":"21"},"event":{"count":1,"data":{"internal":true,"eap":false,"created":1574816510418},"id":"ide.start"}}
{"recorder_version":"21","session":"59a68ee1872f","build":"192.6262.58","bucket":"189","time":1574816510710,"group":{"id":"lifecycle","version":"21"},"event":{"count":1,"data":{"created":1574816510710},"id":"frame.activated"}}
{"recorder_version":"21","session":"59a68ee1872f","build":"192.6262.58","bucket":"189","time":1574816510941,"group":{"id":"performance","version":"21"},"event":{"count":1,"data":{"duration_ms":1,"created":1574816510941},"id":"ui.latency"}}
{"recorder_version":"21","session":"59a68ee1872f","build":"192.6262.58","bucket":"189","time":1574816511182,"group":{"id":"ui.dialogs","version":"21"},"event":{"count":1,"data":{"created":1574816511182,"plugin_type":"PLATFORM","type":"show"},"id":"com.intellij.openapi.progress.util.ProgressDialog$MyDialogWrapper"}}
{"recorder_version":"21","session":"59a68ee1872f","build":"192.6262.58","bucket":"189","time":1574816512200,"group":{"id":"lifecycle","version":"21"},"event":{"count":1,"data":{"created":1574816512200,"project":"92ddc83aceaa9edad1485397ccc1680a8fd16623aa2c155379eac4aafdb2a559"},"id":"project.opened"}}
{"recorder_version":"21","session":"59a68ee1872f","build":"192.6262.58","bucket":"189","time":1574816513849,"group":{"id":"settings","version":"4"},"event":{"state":true,"data":{"component":"XmlEditorOptions","created":1574816513849},"id":"invoked"}}
{"recorder_version":"21","session":"59a68ee1872f","build":"192.6262.58","bucket":"189","time":1574816514046,"group":{"id":"toolwindow","version":"21"},"event":{"count":1,"data":{"os":"Mac","created":1574816514046,"plugin_type":"PLATFORM"},"id":"Project"}}
{"recorder_version":"21","session":"59a68ee1872f","build":"192.6262.58","bucket":"189","time":1574816516377,"group":{"id":"project.fs","version":"1"},"event":{"state":true,"data":{"os":"Mac","cs-project":false,"created":1574816516377,"project":"92ddc83aceaa9edad1485397ccc1680a8fd16623aa2c155379eac4aafdb2a559","cs-implicit":true,"cs-system":false},"id":"case-sensitivity"}}
{"recorder_version":"21","session":"59a68ee1872f","build":"192.6262.58","bucket":"189","time":1574816516377,"group":{"id":"project.fs","version":"1"},"event":{"state":true,"data":{"created":1574816516379},"id":"invoked"}}
{"recorder_version":"21","session":"59a68ee1872f","build":"192.6262.58","bucket":"189","time":1574816516383,"group":{"id":"project.fs","version":"1"},"event":{"state":true,"data":{"pct-non-watched":0,"created":1574816516383,"project":"92ddc83aceaa9edad1485397ccc1680a8fd16623aa2c155379eac4aafdb2a559"},"id":"roots-watched"}}
{"recorder_version":"21","session":"59a68ee1872f","build":"192.6262.58","bucket":"189","time":1574816516383,"group":{"id":"project.fs","version":"1"},"event":{"state":true,"data":{"created":1574816516384},"id":"invoked"}}
{"recorder_version":"21","session":"59a68ee1872f","build":"192.6262.58","bucket":"189","time":1574816516425,"group":{"id":"ui.dialogs","version":"21"},"event":{"count":1,"data":{"code":1,"created":1574816516425,"plugin_type":"PLATFORM","type":"close"},"id":"com.intellij.openapi.progress.util.ProgressDialog$MyDialogWrapper"}}
{"recorder_version":"21","session":"59a68ee1872f","build":"192.6262.58","bucket":"189","time":1574816516682,"group":{"id":"lifecycle","version":"21"},"event":{"count":1,"data":{"duration_ms":5770,"created":1574816516682,"project":"92ddc83aceaa9edad1485397ccc1680a8fd16623aa2c155379eac4aafdb2a559"},"id":"project.opening.finished"}}
{"recorder_version":"21","session":"59a68ee1872f","build":"192.6262.58","bucket":"189","time":1574816518579,"group":{"id":"kotlin.jps.target","version":"1"},"event":{"count":1,"data":{"plugin_version":"validation.undefined_rule","created":1574816518579},"id":"validation.undefined_rule"}}
{"recorder_version":"21","session":"59a68ee1872f","build":"192.6262.58","bucket":"189","time":1574816520191,"group":{"id":"file.types.usage","version":"21"},"event":{"count":1,"data":{"created":1574816520191,"plugin_type":"PLATFORM","project":"92ddc83aceaa9edad1485397ccc1680a8fd16623aa2c155379eac4aafdb2a559","type":"edit"},"id":"IDEA_MODULE"}}
{"recorder_version":"21","session":"59a68ee1872f","build":"192.6262.58","bucket":"189","time":1574816525597,"group":{"id":"lifecycle","version":"21"},"event":{"count":1,"data":{"created":1574816525604,"project":"92ddc83aceaa9edad1485397ccc1680a8fd16623aa2c155379eac4aafdb2a559"},"id":"frame.deactivated"}}
{"recorder_version":"21","session":"59a68ee1872f","build":"192.6262.58","bucket":"189","time":1574816554785,"group":{"id":"lifecycle","version":"21"},"event":{"count":1,"data":{"created":1574816554786,"project":"92ddc83aceaa9edad1485397ccc1680a8fd16623aa2c155379eac4aafdb2a559"},"id":"frame.activated"}}
{"recorder_version":"21","session":"59a68ee1872f","build":"192.6262.58","bucket":"189","time":1574816555071,"group":{"id":"lifecycle","version":"21"},"event":{"count":1,"data":{"restart":false,"created":1574816555071},"id":"ide.close"}}
{"recorder_version":"21","session":"59a68ee1872f","build":"192.6262.58","bucket":"189","time":1574816555156,"group":{"id":"lifecycle","version":"21"},"event":{"count":1,"data":{"created":1574816555156,"project":"92ddc83aceaa9edad1485397ccc1680a8fd16623aa2c155379eac4aafdb2a559"},"id":"project.closed"}}
