{"recorder_version":"21","session":"962d555962ef","build":"192.6262.58","bucket":"189","time":1574798241944,"group":{"id":"settings","version":"4"},"event":{"state":true,"data":{"component":"NotRoamableUiSettings","created":1574798242127},"id":"invoked"}}
{"recorder_version":"21","session":"962d555962ef","build":"192.6262.58","bucket":"189","time":1574798241947,"group":{"id":"system.java","version":"1"},"event":{"state":true,"data":{"created":1574798242129,"version":"1.11"},"id":"JetBrains"}}
{"recorder_version":"21","session":"962d555962ef","build":"192.6262.58","bucket":"189","time":1574798241947,"group":{"id":"system.java","version":"1"},"event":{"state":true,"data":{"created":1574798242141},"id":"invoked"}}
{"recorder_version":"21","session":"962d555962ef","build":"192.6262.58","bucket":"189","time":1574798241947,"group":{"id":"settings","version":"4"},"event":{"state":true,"data":{"component":"UISettings","created":1574798242142},"id":"invoked"}}
{"recorder_version":"21","session":"962d555962ef","build":"192.6262.58","bucket":"189","time":1574798241969,"group":{"id":"system.os","version":"3"},"event":{"state":true,"data":{"created":1574798242143,"version":"10.14"},"id":"Mac"}}
{"recorder_version":"21","session":"962d555962ef","build":"192.6262.58","bucket":"189","time":1574798241969,"group":{"id":"system.os","version":"3"},"event":{"state":true,"data":{"created":1574798242144,"name":"Mac","version":"10.14"},"id":"os.name"}}
{"recorder_version":"21","session":"962d555962ef","build":"192.6262.58","bucket":"189","time":1574798241969,"group":{"id":"system.os","version":"3"},"event":{"state":true,"data":{"created":1574798242145,"value":"+09_00"},"id":"os.timezone"}}
{"recorder_version":"21","session":"962d555962ef","build":"192.6262.58","bucket":"189","time":1574798241969,"group":{"id":"system.os","version":"3"},"event":{"state":true,"data":{"created":1574798242146},"id":"invoked"}}
{"recorder_version":"21","session":"962d555962ef","build":"192.6262.58","bucket":"189","time":1574798242127,"group":{"id":"event.log","version":"21"},"event":{"count":1,"data":{"created":1574798242147,"version":"925.0"},"id":"whitelist.loaded"}}
{"recorder_version":"21","session":"962d555962ef","build":"192.6262.58","bucket":"189","time":1574798244759,"group":{"id":"settings","version":"4"},"event":{"state":true,"data":{"component":"UpdatesConfigurable","created":1574798244759,"name":"checkNeeded","type":"bool","value":false},"id":"not.default"}}
{"recorder_version":"21","session":"962d555962ef","build":"192.6262.58","bucket":"189","time":1574798244759,"group":{"id":"settings","version":"4"},"event":{"state":true,"data":{"component":"UpdatesConfigurable","created":1574798244760},"id":"invoked"}}
{"recorder_version":"21","session":"962d555962ef","build":"192.6262.58","bucket":"189","time":1574798244891,"group":{"id":"settings","version":"4"},"event":{"state":true,"data":{"component":"GeneralSettings","created":1574798244891,"name":"confirmExit","type":"bool","value":false},"id":"not.default"}}
{"recorder_version":"21","session":"962d555962ef","build":"192.6262.58","bucket":"189","time":1574798244891,"group":{"id":"settings","version":"4"},"event":{"state":true,"data":{"component":"GeneralSettings","created":1574798244899,"name":"showTipsOnStartup","type":"bool","value":false},"id":"not.default"}}
{"recorder_version":"21","session":"962d555962ef","build":"192.6262.58","bucket":"189","time":1574798244891,"group":{"id":"settings","version":"4"},"event":{"state":true,"data":{"component":"GeneralSettings","created":1574798244903},"id":"invoked"}}
{"recorder_version":"21","session":"962d555962ef","build":"192.6262.58","bucket":"189","time":1574798244910,"group":{"id":"lifecycle","version":"21"},"event":{"count":1,"data":{"internal":true,"eap":false,"created":1574798244911},"id":"ide.start"}}
{"recorder_version":"21","session":"962d555962ef","build":"192.6262.58","bucket":"189","time":1574798245189,"group":{"id":"lifecycle","version":"21"},"event":{"count":1,"data":{"created":1574798245190},"id":"frame.activated"}}
{"recorder_version":"21","session":"962d555962ef","build":"192.6262.58","bucket":"189","time":1574798245461,"group":{"id":"performance","version":"21"},"event":{"count":1,"data":{"duration_ms":0,"created":1574798245462},"id":"ui.latency"}}
{"recorder_version":"21","session":"962d555962ef","build":"192.6262.58","bucket":"189","time":1574798245685,"group":{"id":"ui.dialogs","version":"21"},"event":{"count":1,"data":{"created":1574798245685,"plugin_type":"PLATFORM","type":"show"},"id":"com.intellij.openapi.progress.util.ProgressDialog$MyDialogWrapper"}}
{"recorder_version":"21","session":"962d555962ef","build":"192.6262.58","bucket":"189","time":1574798246581,"group":{"id":"lifecycle","version":"21"},"event":{"count":1,"data":{"created":1574798246581,"project":"92ddc83aceaa9edad1485397ccc1680a8fd16623aa2c155379eac4aafdb2a559"},"id":"project.opened"}}
{"recorder_version":"21","session":"962d555962ef","build":"192.6262.58","bucket":"189","time":1574798248233,"group":{"id":"settings","version":"4"},"event":{"state":true,"data":{"component":"XmlEditorOptions","created":1574798248233},"id":"invoked"}}
{"recorder_version":"21","session":"962d555962ef","build":"192.6262.58","bucket":"189","time":1574798248413,"group":{"id":"toolwindow","version":"21"},"event":{"count":1,"data":{"os":"Mac","created":1574798248413,"plugin_type":"PLATFORM"},"id":"Project"}}
{"recorder_version":"21","session":"962d555962ef","build":"192.6262.58","bucket":"189","time":1574798248791,"group":{"id":"performance","version":"21"},"event":{"count":1,"data":{"duration_ms":328,"created":1574798248791},"id":"ui.lagging"}}
{"recorder_version":"21","session":"962d555962ef","build":"192.6262.58","bucket":"189","time":1574798250622,"group":{"id":"performance","version":"21"},"event":{"count":1,"data":{"duration_ms":152,"created":1574798250622},"id":"ui.lagging"}}
{"recorder_version":"21","session":"962d555962ef","build":"192.6262.58","bucket":"189","time":1574798250745,"group":{"id":"project.fs","version":"1"},"event":{"state":true,"data":{"os":"Mac","cs-project":false,"created":1574798250745,"project":"92ddc83aceaa9edad1485397ccc1680a8fd16623aa2c155379eac4aafdb2a559","cs-implicit":true,"cs-system":false},"id":"case-sensitivity"}}
{"recorder_version":"21","session":"962d555962ef","build":"192.6262.58","bucket":"189","time":1574798250745,"group":{"id":"project.fs","version":"1"},"event":{"state":true,"data":{"created":1574798250745},"id":"invoked"}}
{"recorder_version":"21","session":"962d555962ef","build":"192.6262.58","bucket":"189","time":1574798250746,"group":{"id":"project.fs","version":"1"},"event":{"state":true,"data":{"pct-non-watched":0,"created":1574798250746,"project":"92ddc83aceaa9edad1485397ccc1680a8fd16623aa2c155379eac4aafdb2a559"},"id":"roots-watched"}}
{"recorder_version":"21","session":"962d555962ef","build":"192.6262.58","bucket":"189","time":1574798250746,"group":{"id":"project.fs","version":"1"},"event":{"state":true,"data":{"created":1574798250746},"id":"invoked"}}
{"recorder_version":"21","session":"962d555962ef","build":"192.6262.58","bucket":"189","time":1574798250816,"group":{"id":"ui.dialogs","version":"21"},"event":{"count":1,"data":{"code":1,"created":1574798250816,"plugin_type":"PLATFORM","type":"close"},"id":"com.intellij.openapi.progress.util.ProgressDialog$MyDialogWrapper"}}
{"recorder_version":"21","session":"962d555962ef","build":"192.6262.58","bucket":"189","time":1574798251356,"group":{"id":"lifecycle","version":"21"},"event":{"count":1,"data":{"duration_ms":5968,"created":1574798251357,"project":"92ddc83aceaa9edad1485397ccc1680a8fd16623aa2c155379eac4aafdb2a559"},"id":"project.opening.finished"}}
{"recorder_version":"21","session":"962d555962ef","build":"192.6262.58","bucket":"189","time":1574798252571,"group":{"id":"file.types.usage","version":"21"},"event":{"count":1,"data":{"created":1574798252571,"plugin_type":"PLATFORM","project":"92ddc83aceaa9edad1485397ccc1680a8fd16623aa2c155379eac4aafdb2a559","type":"edit"},"id":"IDEA_MODULE"}}
{"recorder_version":"21","session":"962d555962ef","build":"192.6262.58","bucket":"189","time":1574798253040,"group":{"id":"kotlin.jps.target","version":"1"},"event":{"count":1,"data":{"plugin_version":"1.3.41-release-IJ2019.2-1","created":1574798253040},"id":"jvm"}}
{"recorder_version":"21","session":"962d555962ef","build":"192.6262.58","bucket":"189","time":1574798253584,"group":{"id":"performance","version":"21"},"event":{"count":1,"data":{"duration_ms":111,"created":1574798253584},"id":"ui.lagging"}}
{"recorder_version":"21","session":"962d555962ef","build":"192.6262.58","bucket":"189","time":1574798255906,"group":{"id":"actions","version":"21"},"event":{"count":2,"data":{"context_menu":false,"last":1574798256342,"current_file":"TEXT","created":1574798255906,"plugin_type":"PLATFORM","project":"92ddc83aceaa9edad1485397ccc1680a8fd16623aa2c155379eac4aafdb2a559","place":"keyboard_shortcut","class":"com.intellij.openapi.editor.actions.BackspaceAction","input_event":"Backspace"},"id":"EditorBackSpace"}}
{"recorder_version":"21","session":"962d555962ef","build":"192.6262.58","bucket":"189","time":1574798263232,"group":{"id":"actions","version":"21"},"event":{"count":2,"data":{"context_menu":false,"last":1574798263366,"created":1574798263232,"plugin_type":"PLATFORM","project":"92ddc83aceaa9edad1485397ccc1680a8fd16623aa2c155379eac4aafdb2a559","place":"keyboard_shortcut","class":"com.intellij.openapi.editor.actions.BackspaceAction","input_event":"Backspace"},"id":"EditorBackSpace"}}
{"recorder_version":"21","session":"962d555962ef","build":"192.6262.58","bucket":"189","time":1574798273955,"group":{"id":"lifecycle","version":"21"},"event":{"count":1,"data":{"created":1574798273955,"project":"92ddc83aceaa9edad1485397ccc1680a8fd16623aa2c155379eac4aafdb2a559"},"id":"frame.deactivated"}}
{"recorder_version":"21","session":"962d555962ef","build":"192.6262.58","bucket":"189","time":1574798299229,"group":{"id":"lifecycle","version":"21"},"event":{"count":1,"data":{"created":1574798299230,"project":"92ddc83aceaa9edad1485397ccc1680a8fd16623aa2c155379eac4aafdb2a559"},"id":"frame.activated"}}
{"recorder_version":"21","session":"962d555962ef","build":"192.6262.58","bucket":"189","time":1574798299917,"group":{"id":"lifecycle","version":"21"},"event":{"count":1,"data":{"restart":false,"created":1574798299917},"id":"ide.close"}}
{"recorder_version":"21","session":"962d555962ef","build":"192.6262.58","bucket":"189","time":1574798299991,"group":{"id":"lifecycle","version":"21"},"event":{"count":1,"data":{"created":1574798299991,"project":"92ddc83aceaa9edad1485397ccc1680a8fd16623aa2c155379eac4aafdb2a559"},"id":"project.closed"}}
