{"recorder_version":"21","session":"205443bc6977","build":"192.6262.58","bucket":"189","time":1574437128050,"group":{"id":"settings","version":"4"},"event":{"state":true,"data":{"component":"NotRoamableUiSettings","created":1574437128205},"id":"invoked"}}
{"recorder_version":"21","session":"205443bc6977","build":"192.6262.58","bucket":"189","time":1574437128052,"group":{"id":"system.java","version":"1"},"event":{"state":true,"data":{"created":1574437128207,"version":"1.11"},"id":"JetBrains"}}
{"recorder_version":"21","session":"205443bc6977","build":"192.6262.58","bucket":"189","time":1574437128052,"group":{"id":"system.java","version":"1"},"event":{"state":true,"data":{"created":1574437128217},"id":"invoked"}}
{"recorder_version":"21","session":"205443bc6977","build":"192.6262.58","bucket":"189","time":1574437128052,"group":{"id":"settings","version":"4"},"event":{"state":true,"data":{"component":"UISettings","created":1574437128218},"id":"invoked"}}
{"recorder_version":"21","session":"205443bc6977","build":"192.6262.58","bucket":"189","time":1574437128072,"group":{"id":"system.os","version":"3"},"event":{"state":true,"data":{"created":1574437128219,"version":"10.14"},"id":"Mac"}}
{"recorder_version":"21","session":"205443bc6977","build":"192.6262.58","bucket":"189","time":1574437128072,"group":{"id":"system.os","version":"3"},"event":{"state":true,"data":{"created":1574437128220,"name":"Mac","version":"10.14"},"id":"os.name"}}
{"recorder_version":"21","session":"205443bc6977","build":"192.6262.58","bucket":"189","time":1574437128072,"group":{"id":"system.os","version":"3"},"event":{"state":true,"data":{"created":1574437128221,"value":"+09_00"},"id":"os.timezone"}}
{"recorder_version":"21","session":"205443bc6977","build":"192.6262.58","bucket":"189","time":1574437128072,"group":{"id":"system.os","version":"3"},"event":{"state":true,"data":{"created":1574437128221},"id":"invoked"}}
{"recorder_version":"21","session":"205443bc6977","build":"192.6262.58","bucket":"189","time":1574437128205,"group":{"id":"event.log","version":"21"},"event":{"count":1,"data":{"created":1574437128222,"version":"916.0"},"id":"whitelist.loaded"}}
{"recorder_version":"21","session":"205443bc6977","build":"192.6262.58","bucket":"189","time":1574437130658,"group":{"id":"settings","version":"4"},"event":{"state":true,"data":{"component":"UpdatesConfigurable","created":1574437130658,"name":"checkNeeded","type":"bool","value":false},"id":"not.default"}}
{"recorder_version":"21","session":"205443bc6977","build":"192.6262.58","bucket":"189","time":1574437130658,"group":{"id":"settings","version":"4"},"event":{"state":true,"data":{"component":"UpdatesConfigurable","created":1574437130659},"id":"invoked"}}
{"recorder_version":"21","session":"205443bc6977","build":"192.6262.58","bucket":"189","time":1574437131183,"group":{"id":"lifecycle","version":"21"},"event":{"count":1,"data":{"internal":true,"eap":false,"created":1574437131183},"id":"ide.start"}}
{"recorder_version":"21","session":"205443bc6977","build":"192.6262.58","bucket":"189","time":1574437131195,"group":{"id":"settings","version":"4"},"event":{"state":true,"data":{"component":"GeneralSettings","created":1574437131195,"name":"confirmExit","type":"bool","value":false},"id":"not.default"}}
{"recorder_version":"21","session":"205443bc6977","build":"192.6262.58","bucket":"189","time":1574437131195,"group":{"id":"settings","version":"4"},"event":{"state":true,"data":{"component":"GeneralSettings","created":1574437131197,"name":"showTipsOnStartup","type":"bool","value":false},"id":"not.default"}}
{"recorder_version":"21","session":"205443bc6977","build":"192.6262.58","bucket":"189","time":1574437131196,"group":{"id":"settings","version":"4"},"event":{"state":true,"data":{"component":"GeneralSettings","created":1574437131197},"id":"invoked"}}
{"recorder_version":"21","session":"205443bc6977","build":"192.6262.58","bucket":"189","time":1574437131337,"group":{"id":"performance","version":"21"},"event":{"count":1,"data":{"duration_ms":135,"created":1574437131337},"id":"ui.latency"}}
{"recorder_version":"21","session":"205443bc6977","build":"192.6262.58","bucket":"189","time":1574437131337,"group":{"id":"performance","version":"21"},"event":{"count":1,"data":{"duration_ms":135,"created":1574437131338},"id":"ui.lagging"}}
{"recorder_version":"21","session":"205443bc6977","build":"192.6262.58","bucket":"189","time":1574437132024,"group":{"id":"settings","version":"4"},"event":{"state":true,"data":{"component":"XmlEditorOptions","created":1574437132024},"id":"invoked"}}
{"recorder_version":"21","session":"205443bc6977","build":"192.6262.58","bucket":"189","time":1574437132399,"group":{"id":"performance","version":"21"},"event":{"count":1,"data":{"duration_ms":192,"created":1574437132399},"id":"ui.lagging"}}
{"recorder_version":"21","session":"205443bc6977","build":"192.6262.58","bucket":"189","time":1574437133171,"group":{"id":"ui.dialogs","version":"21"},"event":{"count":1,"data":{"created":1574437133172,"plugin_type":"PLATFORM","type":"show"},"id":"com.intellij.openapi.progress.util.ProgressDialog$MyDialogWrapper"}}
{"recorder_version":"21","session":"205443bc6977","build":"192.6262.58","bucket":"189","time":1574437134008,"group":{"id":"lifecycle","version":"21"},"event":{"count":1,"data":{"created":1574437134008,"project":"a0f12fb42952fc36a102045bdbb22ad1f15aa9443e9c675024683f4da70c8bc4"},"id":"project.opened"}}
{"recorder_version":"21","session":"205443bc6977","build":"192.6262.58","bucket":"189","time":1574437134625,"group":{"id":"performance","version":"21"},"event":{"count":1,"data":{"duration_ms":417,"created":1574437134625},"id":"ui.lagging"}}
{"recorder_version":"21","session":"205443bc6977","build":"192.6262.58","bucket":"189","time":1574437135718,"group":{"id":"performance","version":"21"},"event":{"count":1,"data":{"duration_ms":509,"created":1574437135719},"id":"ui.lagging"}}
{"recorder_version":"21","session":"205443bc6977","build":"192.6262.58","bucket":"189","time":1574437135810,"group":{"id":"toolwindow","version":"21"},"event":{"count":1,"data":{"os":"Mac","created":1574437135811,"plugin_type":"PLATFORM"},"id":"Project"}}
{"recorder_version":"21","session":"205443bc6977","build":"192.6262.58","bucket":"189","time":1574437136385,"group":{"id":"performance","version":"21"},"event":{"count":1,"data":{"duration_ms":171,"created":1574437136385},"id":"ui.lagging"}}
{"recorder_version":"21","session":"205443bc6977","build":"192.6262.58","bucket":"189","time":1574437137493,"group":{"id":"project.fs","version":"1"},"event":{"state":true,"data":{"os":"Mac","cs-project":false,"created":1574437137493,"project":"a0f12fb42952fc36a102045bdbb22ad1f15aa9443e9c675024683f4da70c8bc4","cs-implicit":true,"cs-system":false},"id":"case-sensitivity"}}
{"recorder_version":"21","session":"205443bc6977","build":"192.6262.58","bucket":"189","time":1574437137493,"group":{"id":"project.fs","version":"1"},"event":{"state":true,"data":{"created":1574437137494},"id":"invoked"}}
{"recorder_version":"21","session":"205443bc6977","build":"192.6262.58","bucket":"189","time":1574437137494,"group":{"id":"project.fs","version":"1"},"event":{"state":true,"data":{"pct-non-watched":0,"created":1574437137494,"project":"a0f12fb42952fc36a102045bdbb22ad1f15aa9443e9c675024683f4da70c8bc4"},"id":"roots-watched"}}
{"recorder_version":"21","session":"205443bc6977","build":"192.6262.58","bucket":"189","time":1574437137494,"group":{"id":"project.fs","version":"1"},"event":{"state":true,"data":{"created":1574437137494},"id":"invoked"}}
{"recorder_version":"21","session":"205443bc6977","build":"192.6262.58","bucket":"189","time":1574437137574,"group":{"id":"ui.dialogs","version":"21"},"event":{"count":1,"data":{"code":1,"created":1574437137575,"plugin_type":"PLATFORM","type":"close"},"id":"com.intellij.openapi.progress.util.ProgressDialog$MyDialogWrapper"}}
{"recorder_version":"21","session":"205443bc6977","build":"192.6262.58","bucket":"189","time":1574437137701,"group":{"id":"lifecycle","version":"21"},"event":{"count":1,"data":{"duration_ms":4807,"created":1574437137702,"project":"a0f12fb42952fc36a102045bdbb22ad1f15aa9443e9c675024683f4da70c8bc4"},"id":"project.opening.finished"}}
{"recorder_version":"21","session":"205443bc6977","build":"192.6262.58","bucket":"189","time":1574437138773,"group":{"id":"file.types.usage","version":"21"},"event":{"count":1,"data":{"plugin":"com.intellij.java","created":1574437138773,"plugin_type":"JB_BUNDLED","project":"a0f12fb42952fc36a102045bdbb22ad1f15aa9443e9c675024683f4da70c8bc4","type":"edit"},"id":"JAVA"}}
{"recorder_version":"21","session":"205443bc6977","build":"192.6262.58","bucket":"189","time":1574437139269,"group":{"id":"kotlin.jps.target","version":"1"},"event":{"count":1,"data":{"plugin_version":"1.3.41-release-IJ2019.2-1","created":1574437139269},"id":"jvm"}}
{"recorder_version":"21","session":"205443bc6977","build":"192.6262.58","bucket":"189","time":1574437148910,"group":{"id":"lifecycle","version":"21"},"event":{"count":1,"data":{"created":1574437148910,"project":"a0f12fb42952fc36a102045bdbb22ad1f15aa9443e9c675024683f4da70c8bc4"},"id":"frame.deactivated"}}
{"recorder_version":"21","session":"205443bc6977","build":"192.6262.58","bucket":"189","time":1574437150233,"group":{"id":"lifecycle","version":"21"},"event":{"count":1,"data":{"created":1574437150234,"project":"a0f12fb42952fc36a102045bdbb22ad1f15aa9443e9c675024683f4da70c8bc4"},"id":"frame.activated"}}
{"recorder_version":"21","session":"205443bc6977","build":"192.6262.58","bucket":"189","time":1574437151353,"group":{"id":"lifecycle","version":"21"},"event":{"count":1,"data":{"created":1574437151353,"project":"a0f12fb42952fc36a102045bdbb22ad1f15aa9443e9c675024683f4da70c8bc4"},"id":"frame.deactivated"}}
{"recorder_version":"21","session":"205443bc6977","build":"192.6262.58","bucket":"189","time":1574437231524,"group":{"id":"performance","version":"21"},"event":{"count":1,"data":{"duration_ms":0,"created":1574437231524},"id":"ui.latency"}}
{"recorder_version":"21","session":"205443bc6977","build":"192.6262.58","bucket":"189","time":1574437331825,"group":{"id":"performance","version":"21"},"event":{"count":1,"data":{"duration_ms":0,"created":1574437331825},"id":"ui.latency"}}
{"recorder_version":"21","session":"205443bc6977","build":"192.6262.58","bucket":"189","time":1574437431172,"group":{"id":"build.tools.actions","version":"1"},"event":{"count":1,"data":{"created":1574437431172},"id":"registered"}}
{"recorder_version":"21","session":"205443bc6977","build":"192.6262.58","bucket":"189","time":1574437431172,"group":{"id":"file.types.usage","version":"21"},"event":{"count":1,"data":{"created":1574437431172},"id":"registered"}}
{"recorder_version":"21","session":"205443bc6977","build":"192.6262.58","bucket":"189","time":1574437431172,"group":{"id":"ide.script.engine","version":"1"},"event":{"count":1,"data":{"created":1574437431172},"id":"registered"}}
{"recorder_version":"21","session":"205443bc6977","build":"192.6262.58","bucket":"189","time":1574437431172,"group":{"id":"actions.runAnything","version":"1"},"event":{"count":1,"data":{"created":1574437431172},"id":"registered"}}
{"recorder_version":"21","session":"205443bc6977","build":"192.6262.58","bucket":"189","time":1574437431172,"group":{"id":"toolwindow","version":"21"},"event":{"count":1,"data":{"created":1574437431173},"id":"registered"}}
{"recorder_version":"21","session":"205443bc6977","build":"192.6262.58","bucket":"189","time":1574437431172,"group":{"id":"kotlin.ide.newFileTempl","version":"1"},"event":{"count":1,"data":{"created":1574437431173},"id":"registered"}}
{"recorder_version":"21","session":"205443bc6977","build":"192.6262.58","bucket":"189","time":1574437431172,"group":{"id":"live.templates","version":"21"},"event":{"count":1,"data":{"created":1574437431173},"id":"registered"}}
{"recorder_version":"21","session":"205443bc6977","build":"192.6262.58","bucket":"189","time":1574437431172,"group":{"id":"ide.self.update","version":"2"},"event":{"count":1,"data":{"created":1574437431173},"id":"registered"}}
{"recorder_version":"21","session":"205443bc6977","build":"192.6262.58","bucket":"189","time":1574437431172,"group":{"id":"ui.settings","version":"21"},"event":{"count":1,"data":{"created":1574437431173},"id":"registered"}}
{"recorder_version":"21","session":"205443bc6977","build":"192.6262.58","bucket":"189","time":1574437431172,"group":{"id":"lifecycle","version":"21"},"event":{"count":1,"data":{"created":1574437431173},"id":"registered"}}
{"recorder_version":"21","session":"205443bc6977","build":"192.6262.58","bucket":"189","time":1574437431172,"group":{"id":"vcs.diff.trigger","version":"1"},"event":{"count":1,"data":{"created":1574437431174},"id":"registered"}}
{"recorder_version":"21","session":"205443bc6977","build":"192.6262.58","bucket":"189","time":1574437431172,"group":{"id":"vcs.log.trigger","version":"2"},"event":{"count":1,"data":{"created":1574437431174},"id":"registered"}}
{"recorder_version":"21","session":"205443bc6977","build":"192.6262.58","bucket":"189","time":1574437431172,"group":{"id":"productivity","version":"21"},"event":{"count":1,"data":{"created":1574437431174},"id":"registered"}}
{"recorder_version":"21","session":"205443bc6977","build":"192.6262.58","bucket":"189","time":1574437431172,"group":{"id":"debugger.breakpoints.usage","version":"2"},"event":{"count":1,"data":{"created":1574437431174},"id":"registered"}}
{"recorder_version":"21","session":"205443bc6977","build":"192.6262.58","bucket":"189","time":1574437431172,"group":{"id":"kotlin.gradle.library","version":"1"},"event":{"count":1,"data":{"created":1574437431174},"id":"registered"}}
{"recorder_version":"21","session":"205443bc6977","build":"192.6262.58","bucket":"189","time":1574437431172,"group":{"id":"find","version":"1"},"event":{"count":1,"data":{"created":1574437431174},"id":"registered"}}
{"recorder_version":"21","session":"205443bc6977","build":"192.6262.58","bucket":"189","time":1574437431172,"group":{"id":"kotlin.gradle.target","version":"1"},"event":{"count":1,"data":{"created":1574437431174},"id":"registered"}}
{"recorder_version":"21","session":"205443bc6977","build":"192.6262.58","bucket":"189","time":1574437431172,"group":{"id":"gutter.icon.click","version":"1"},"event":{"count":1,"data":{"created":1574437431174},"id":"registered"}}
{"recorder_version":"21","session":"205443bc6977","build":"192.6262.58","bucket":"189","time":1574437431172,"group":{"id":"shell.script","version":"1"},"event":{"count":1,"data":{"created":1574437431174},"id":"registered"}}
{"recorder_version":"21","session":"205443bc6977","build":"192.6262.58","bucket":"189","time":1574437431172,"group":{"id":"kotlin.ide.debugger.eval","version":"1"},"event":{"count":1,"data":{"created":1574437431175},"id":"registered"}}
{"recorder_version":"21","session":"205443bc6977","build":"192.6262.58","bucket":"189","time":1574437431172,"group":{"id":"build.maven.actions","version":"1"},"event":{"count":1,"data":{"created":1574437431175},"id":"registered"}}
{"recorder_version":"21","session":"205443bc6977","build":"192.6262.58","bucket":"189","time":1574437431172,"group":{"id":"ui.event","version":"1"},"event":{"count":1,"data":{"created":1574437431175},"id":"registered"}}
{"recorder_version":"21","session":"205443bc6977","build":"192.6262.58","bucket":"189","time":1574437431172,"group":{"id":"new.project.wizard","version":"1"},"event":{"count":1,"data":{"created":1574437431175},"id":"registered"}}
{"recorder_version":"21","session":"205443bc6977","build":"192.6262.58","bucket":"189","time":1574437431172,"group":{"id":"kotlin.ide.npwizards","version":"1"},"event":{"count":1,"data":{"created":1574437431175},"id":"registered"}}
{"recorder_version":"21","session":"205443bc6977","build":"192.6262.58","bucket":"189","time":1574437431172,"group":{"id":"intentions","version":"21"},"event":{"count":1,"data":{"created":1574437431175},"id":"registered"}}
{"recorder_version":"21","session":"205443bc6977","build":"192.6262.58","bucket":"189","time":1574437431172,"group":{"id":"ui.dialogs","version":"21"},"event":{"count":1,"data":{"created":1574437431175},"id":"registered"}}
{"recorder_version":"21","session":"205443bc6977","build":"192.6262.58","bucket":"189","time":1574437431172,"group":{"id":"vcs.back.forward.trigger","version":"1"},"event":{"count":1,"data":{"created":1574437431176},"id":"registered"}}
{"recorder_version":"21","session":"205443bc6977","build":"192.6262.58","bucket":"189","time":1574437431172,"group":{"id":"vcs.change.reminder","version":"1"},"event":{"count":1,"data":{"created":1574437431176},"id":"registered"}}
{"recorder_version":"21","session":"205443bc6977","build":"192.6262.58","bucket":"189","time":1574437431172,"group":{"id":"toolbar","version":"21"},"event":{"count":1,"data":{"created":1574437431176},"id":"registered"}}
{"recorder_version":"21","session":"205443bc6977","build":"192.6262.58","bucket":"189","time":1574437431172,"group":{"id":"build.gradle.actions","version":"1"},"event":{"count":1,"data":{"created":1574437431176},"id":"registered"}}
{"recorder_version":"21","session":"205443bc6977","build":"192.6262.58","bucket":"189","time":1574437431172,"group":{"id":"kotlin.maven.target","version":"1"},"event":{"count":1,"data":{"created":1574437431176},"id":"registered"}}
{"recorder_version":"21","session":"205443bc6977","build":"192.6262.58","bucket":"189","time":1574437431172,"group":{"id":"performance","version":"21"},"event":{"count":1,"data":{"created":1574437431176},"id":"registered"}}
{"recorder_version":"21","session":"205443bc6977","build":"192.6262.58","bucket":"189","time":1574437431172,"group":{"id":"searchEverywhere","version":"1"},"event":{"count":1,"data":{"created":1574437431176},"id":"registered"}}
{"recorder_version":"21","session":"205443bc6977","build":"192.6262.58","bucket":"189","time":1574437431172,"group":{"id":"kotlin.ide.action.refactoring","version":"1"},"event":{"count":1,"data":{"created":1574437431177},"id":"registered"}}
{"recorder_version":"21","session":"205443bc6977","build":"192.6262.58","bucket":"189","time":1574437431172,"group":{"id":"ui.tips","version":"2"},"event":{"count":1,"data":{"created":1574437431177},"id":"registered"}}
{"recorder_version":"21","session":"205443bc6977","build":"192.6262.58","bucket":"189","time":1574437431172,"group":{"id":"surround.with","version":"1"},"event":{"count":1,"data":{"created":1574437431177},"id":"registered"}}
{"recorder_version":"21","session":"205443bc6977","build":"192.6262.58","bucket":"189","time":1574437431172,"group":{"id":"import.old.config","version":"1"},"event":{"count":1,"data":{"created":1574437431177},"id":"registered"}}
{"recorder_version":"21","session":"205443bc6977","build":"192.6262.58","bucket":"189","time":1574437431172,"group":{"id":"json.schema","version":"1"},"event":{"count":1,"data":{"created":1574437431177},"id":"registered"}}
{"recorder_version":"21","session":"205443bc6977","build":"192.6262.58","bucket":"189","time":1574437431172,"group":{"id":"kotlin.jps.target","version":"1"},"event":{"count":1,"data":{"created":1574437431177},"id":"registered"}}
{"recorder_version":"21","session":"205443bc6977","build":"192.6262.58","bucket":"189","time":1574437431172,"group":{"id":"terminalShell","version":"1"},"event":{"count":1,"data":{"created":1574437431177},"id":"registered"}}
{"recorder_version":"21","session":"205443bc6977","build":"192.6262.58","bucket":"189","time":1574437431172,"group":{"id":"completion.postfix","version":"21"},"event":{"count":1,"data":{"created":1574437431177},"id":"registered"}}
{"recorder_version":"21","session":"205443bc6977","build":"192.6262.58","bucket":"189","time":1574437431172,"group":{"id":"build.ant.actions","version":"1"},"event":{"count":1,"data":{"created":1574437431177},"id":"registered"}}
{"recorder_version":"21","session":"205443bc6977","build":"192.6262.58","bucket":"189","time":1574437431172,"group":{"id":"actions","version":"21"},"event":{"count":1,"data":{"created":1574437431178},"id":"registered"}}
{"recorder_version":"21","session":"205443bc6977","build":"192.6262.58","bucket":"189","time":1574437431172,"group":{"id":"event.log","version":"21"},"event":{"count":1,"data":{"created":1574437431178},"id":"registered"}}
{"recorder_version":"21","session":"205443bc6977","build":"192.6262.58","bucket":"189","time":1574437431172,"group":{"id":"run.configuration.exec","version":"21"},"event":{"count":1,"data":{"created":1574437431178},"id":"registered"}}
{"recorder_version":"21","session":"205443bc6977","build":"192.6262.58","bucket":"189","time":1574437431172,"group":{"id":"build.maven.packagesearch","version":"2"},"event":{"count":1,"data":{"created":1574437431178},"id":"registered"}}
{"recorder_version":"21","session":"205443bc6977","build":"192.6262.58","bucket":"189","time":1574437432098,"group":{"id":"performance","version":"21"},"event":{"count":1,"data":{"duration_ms":0,"created":1574437432098},"id":"ui.latency"}}
{"recorder_version":"21","session":"205443bc6977","build":"192.6262.58","bucket":"189","time":1574437532433,"group":{"id":"performance","version":"21"},"event":{"count":1,"data":{"duration_ms":0,"created":1574437532433},"id":"ui.latency"}}
{"recorder_version":"21","session":"205443bc6977","build":"192.6262.58","bucket":"189","time":1574437632711,"group":{"id":"performance","version":"21"},"event":{"count":1,"data":{"duration_ms":0,"created":1574437632711},"id":"ui.latency"}}
{"recorder_version":"21","session":"205443bc6977","build":"192.6262.58","bucket":"189","time":1574437733019,"group":{"id":"performance","version":"21"},"event":{"count":1,"data":{"duration_ms":0,"created":1574437733019},"id":"ui.latency"}}
{"recorder_version":"21","session":"205443bc6977","build":"192.6262.58","bucket":"189","time":1574437833374,"group":{"id":"performance","version":"21"},"event":{"count":1,"data":{"duration_ms":1,"created":1574437833374},"id":"ui.latency"}}
{"recorder_version":"21","session":"205443bc6977","build":"192.6262.58","bucket":"189","time":1574437933761,"group":{"id":"performance","version":"21"},"event":{"count":1,"data":{"duration_ms":0,"created":1574437933762},"id":"ui.latency"}}
{"recorder_version":"21","session":"205443bc6977","build":"192.6262.58","bucket":"189","time":1574438030720,"group":{"id":"vcs.diff","version":"2"},"event":{"state":true,"data":{"created":1574438030720},"id":"invoked"}}
{"recorder_version":"21","session":"205443bc6977","build":"192.6262.58","bucket":"189","time":1574438030722,"group":{"id":"debugger.settings.ide","version":"2"},"event":{"state":true,"data":{"created":1574438030723},"id":"invoked"}}
{"recorder_version":"21","session":"205443bc6977","build":"192.6262.58","bucket":"189","time":1574438030725,"group":{"id":"ui.hidpi.mode","version":"1"},"event":{"state":true,"data":{"os":"Mac","created":1574438030725},"id":"per_monitor_dpi"}}
{"recorder_version":"21","session":"205443bc6977","build":"192.6262.58","bucket":"189","time":1574438030725,"group":{"id":"ui.hidpi.mode","version":"1"},"event":{"state":true,"data":{"created":1574438030725},"id":"invoked"}}
{"recorder_version":"21","session":"205443bc6977","build":"192.6262.58","bucket":"189","time":1574438030725,"group":{"id":"user.advanced.info","version":"2"},"event":{"state":true,"data":{"created":1574438030725,"value":"release"},"id":"build"}}
{"recorder_version":"21","session":"205443bc6977","build":"192.6262.58","bucket":"189","time":1574438030725,"group":{"id":"user.advanced.info","version":"2"},"event":{"state":true,"data":{"created":1574438030725},"id":"release"}}
{"recorder_version":"21","session":"205443bc6977","build":"192.6262.58","bucket":"189","time":1574438030725,"group":{"id":"user.advanced.info","version":"2"},"event":{"state":true,"data":{"created":1574438030725},"id":"invoked"}}
{"recorder_version":"21","session":"205443bc6977","build":"192.6262.58","bucket":"189","time":1574438030727,"group":{"id":"platform.registry.application","version":"1"},"event":{"state":true,"data":{"created":1574438030727,"plugin_type":"PLATFORM"},"id":"recent.and.edited.files.together"}}
{"recorder_version":"21","session":"205443bc6977","build":"192.6262.58","bucket":"189","time":1574438030727,"group":{"id":"platform.registry.application","version":"1"},"event":{"state":true,"data":{"created":1574438030727,"plugin_type":"PLATFORM"},"id":"inline.browse.button"}}
{"recorder_version":"21","session":"205443bc6977","build":"192.6262.58","bucket":"189","time":1574438030727,"group":{"id":"platform.registry.application","version":"1"},"event":{"state":true,"data":{"created":1574438030728,"plugin_type":"PLATFORM"},"id":"show.create.new.element.in.popup"}}
{"recorder_version":"21","session":"205443bc6977","build":"192.6262.58","bucket":"189","time":1574438030727,"group":{"id":"platform.registry.application","version":"1"},"event":{"state":true,"data":{"created":1574438030728,"plugin_type":"PLATFORM"},"id":"property.value.inplace.editing"}}
{"recorder_version":"21","session":"205443bc6977","build":"192.6262.58","bucket":"189","time":1574438030727,"group":{"id":"platform.registry.application","version":"1"},"event":{"state":true,"data":{"created":1574438030728},"id":"java.completion.argument.hints.internal"}}
{"recorder_version":"21","session":"205443bc6977","build":"192.6262.58","bucket":"189","time":1574438030727,"group":{"id":"platform.registry.application","version":"1"},"event":{"state":true,"data":{"created":1574438030728,"plugin_type":"PLATFORM"},"id":"linux.native.menu"}}
{"recorder_version":"21","session":"205443bc6977","build":"192.6262.58","bucket":"189","time":1574438030727,"group":{"id":"platform.registry.application","version":"1"},"event":{"state":true,"data":{"created":1574438030728,"plugin_type":"PLATFORM"},"id":"new.large.text.file.viewer"}}
{"recorder_version":"21","session":"205443bc6977","build":"192.6262.58","bucket":"189","time":1574438030727,"group":{"id":"platform.registry.application","version":"1"},"event":{"state":true,"data":{"created":1574438030728},"id":"invoked"}}
{"recorder_version":"21","session":"205443bc6977","build":"192.6262.58","bucket":"189","time":1574438030727,"group":{"id":"vcs.application.configuration","version":"1"},"event":{"state":true,"data":{"created":1574438030729},"id":"invoked"}}
{"recorder_version":"21","session":"205443bc6977","build":"192.6262.58","bucket":"189","time":1574438030740,"group":{"id":"vcs.github","version":"1"},"event":{"state":true,"data":{"created":1574438030740},"id":"github.accounts.not.default.host.disabled"}}
{"recorder_version":"21","session":"205443bc6977","build":"192.6262.58","bucket":"189","time":1574438030740,"group":{"id":"vcs.github","version":"1"},"event":{"state":true,"data":{"created":1574438030740},"id":"github.accounts.count.0"}}
{"recorder_version":"21","session":"205443bc6977","build":"192.6262.58","bucket":"189","time":1574438030740,"group":{"id":"vcs.github","version":"1"},"event":{"state":true,"data":{"created":1574438030740},"id":"invoked"}}
{"recorder_version":"21","session":"205443bc6977","build":"192.6262.58","bucket":"189","time":1574438030740,"group":{"id":"os.linux.wm","version":"1"},"event":{"state":true,"data":{"created":1574438030740},"id":"invoked"}}
{"recorder_version":"21","session":"205443bc6977","build":"192.6262.58","bucket":"189","time":1574438030740,"group":{"id":"ui.accessibility.screen.reader","version":"1"},"event":{"state":true,"data":{"os":"Mac","created":1574438030740},"id":"screen.reader.DISABLED"}}
{"recorder_version":"21","session":"205443bc6977","build":"192.6262.58","bucket":"189","time":1574438030740,"group":{"id":"ui.accessibility.screen.reader","version":"1"},"event":{"state":true,"data":{"created":1574438030741},"id":"invoked"}}
{"recorder_version":"21","session":"205443bc6977","build":"192.6262.58","bucket":"189","time":1574438030740,"group":{"id":"keymaps.name","version":"1"},"event":{"state":true,"data":{"os":"Mac","created":1574438030741},"id":"Mac_OS_X_10.5+"}}
{"recorder_version":"21","session":"205443bc6977","build":"192.6262.58","bucket":"189","time":1574438030740,"group":{"id":"keymaps.name","version":"1"},"event":{"state":true,"data":{"created":1574438030741},"id":"invoked"}}
{"recorder_version":"21","session":"205443bc6977","build":"192.6262.58","bucket":"189","time":1574438030740,"group":{"id":"ui.look.and.feel","version":"1"},"event":{"state":true,"data":{"os":"Mac","created":1574438030741},"id":"Light"}}
{"recorder_version":"21","session":"205443bc6977","build":"192.6262.58","bucket":"189","time":1574438030740,"group":{"id":"ui.look.and.feel","version":"1"},"event":{"state":true,"data":{"created":1574438030741},"id":"invoked"}}
{"recorder_version":"21","session":"205443bc6977","build":"192.6262.58","bucket":"189","time":1574438030741,"group":{"id":"vcs.log.index.application","version":"2"},"event":{"state":true,"data":{"created":1574438030741},"id":"invoked"}}
{"recorder_version":"21","session":"205443bc6977","build":"192.6262.58","bucket":"189","time":1574438030741,"group":{"id":"ui.editor.color.schemes","version":"2"},"event":{"state":true,"data":{"os":"Mac","created":1574438030741,"value":false},"id":"Default"}}
{"recorder_version":"21","session":"205443bc6977","build":"192.6262.58","bucket":"189","time":1574438030741,"group":{"id":"ui.editor.color.schemes","version":"2"},"event":{"state":true,"data":{"created":1574438030741},"id":"invoked"}}
{"recorder_version":"21","session":"205443bc6977","build":"192.6262.58","bucket":"189","time":1574438030742,"group":{"id":"plugins","version":"1"},"event":{"state":true,"data":{"created":1574438030742,"plugin_type":"NOT_LISTED"},"id":"enabled.not.bundled.plugin"}}
{"recorder_version":"21","session":"205443bc6977","build":"192.6262.58","bucket":"189","time":1574438030742,"group":{"id":"plugins","version":"1"},"event":{"state":true,"data":{"created":1574438030742},"id":"invoked"}}
{"recorder_version":"21","session":"205443bc6977","build":"192.6262.58","bucket":"189","time":1574438030744,"group":{"id":"ui.screen.scale","version":"1"},"event":{"state":true,"data":{"os":"Mac","created":1574438030744},"id":"ScaledMode_2.0"}}
{"recorder_version":"21","session":"205443bc6977","build":"192.6262.58","bucket":"189","time":1574438030744,"group":{"id":"ui.screen.scale","version":"1"},"event":{"state":true,"data":{"created":1574438030744},"id":"invoked"}}
{"recorder_version":"21","session":"205443bc6977","build":"192.6262.58","bucket":"189","time":1574438030755,"group":{"id":"editor.settings.ide","version":"2"},"event":{"state":true,"data":{"created":1574438030755,"enabled":true},"id":"completionHints"}}
{"recorder_version":"21","session":"205443bc6977","build":"192.6262.58","bucket":"189","time":1574438030755,"group":{"id":"editor.settings.ide","version":"2"},"event":{"state":true,"data":{"created":1574438030755},"id":"invoked"}}
{"recorder_version":"21","session":"205443bc6977","build":"192.6262.58","bucket":"189","time":1574438030756,"group":{"id":"system.runtime","version":"2"},"event":{"state":true,"data":{"created":1574438030756,"name":"G1_Old_Generation"},"id":"garbage.collector"}}
{"recorder_version":"21","session":"205443bc6977","build":"192.6262.58","bucket":"189","time":1574438030756,"group":{"id":"system.runtime","version":"2"},"event":{"state":true,"data":{"created":1574438030756,"name":"Xmx","value":512},"id":"jvm.option"}}
{"recorder_version":"21","session":"205443bc6977","build":"192.6262.58","bucket":"189","time":1574438030756,"group":{"id":"system.runtime","version":"2"},"event":{"state":true,"data":{"vendor":"JetBrains","created":1574438030757,"bit":"64","version":"1.11"},"id":"jvm"}}
{"recorder_version":"21","session":"205443bc6977","build":"192.6262.58","bucket":"189","time":1574438030756,"group":{"id":"system.runtime","version":"2"},"event":{"state":true,"data":{"created":1574438030757,"name":"G1_Young_Generation"},"id":"garbage.collector"}}
{"recorder_version":"21","session":"205443bc6977","build":"192.6262.58","bucket":"189","time":1574438030756,"group":{"id":"system.runtime","version":"2"},"event":{"state":true,"data":{"created":1574438030757,"value":8},"id":"cores"}}
{"recorder_version":"21","session":"205443bc6977","build":"192.6262.58","bucket":"189","time":1574438030756,"group":{"id":"system.runtime","version":"2"},"event":{"state":true,"data":{"created":1574438030757,"name":"Xms","value":256},"id":"jvm.option"}}
{"recorder_version":"21","session":"205443bc6977","build":"192.6262.58","bucket":"189","time":1574438030756,"group":{"id":"system.runtime","version":"2"},"event":{"state":true,"data":{"created":1574438030757},"id":"invoked"}}
{"recorder_version":"21","session":"205443bc6977","build":"192.6262.58","bucket":"189","time":1574438030756,"group":{"id":"ui.fonts","version":"1"},"event":{"state":true,"data":{"os":"Mac","created":1574438030758,"value":1.2},"id":"editor.lineSpacing"}}
{"recorder_version":"21","session":"205443bc6977","build":"192.6262.58","bucket":"189","time":1574438030756,"group":{"id":"ui.fonts","version":"1"},"event":{"state":true,"data":{"os":"Mac","created":1574438030758},"id":"IDE.editor.font.size[12]"}}
{"recorder_version":"21","session":"205443bc6977","build":"192.6262.58","bucket":"189","time":1574438030756,"group":{"id":"ui.fonts","version":"1"},"event":{"state":true,"data":{"os":"Mac","created":1574438030758},"id":"UI.font.size[13]"}}
{"recorder_version":"21","session":"205443bc6977","build":"192.6262.58","bucket":"189","time":1574438030756,"group":{"id":"ui.fonts","version":"1"},"event":{"state":true,"data":{"os":"Mac","created":1574438030758},"id":"IDE.editor.font.name[Menlo]"}}
{"recorder_version":"21","session":"205443bc6977","build":"192.6262.58","bucket":"189","time":1574438030756,"group":{"id":"ui.fonts","version":"1"},"event":{"state":true,"data":{"os":"Mac","created":1574438030759},"id":"UI.font.name[.SF_NS_Text]"}}
{"recorder_version":"21","session":"205443bc6977","build":"192.6262.58","bucket":"189","time":1574438030756,"group":{"id":"ui.fonts","version":"1"},"event":{"state":true,"data":{"os":"Mac","created":1574438030759},"id":"Presentation.mode.font.size[24]"}}
{"recorder_version":"21","session":"205443bc6977","build":"192.6262.58","bucket":"189","time":1574438030756,"group":{"id":"ui.fonts","version":"1"},"event":{"state":true,"data":{"created":1574438030759},"id":"invoked"}}
{"recorder_version":"21","session":"205443bc6977","build":"192.6262.58","bucket":"189","time":1574438030758,"group":{"id":"ui.info.features","version":"2"},"event":{"state":true,"data":{"os":"Mac","created":1574438030759},"id":"Allow.merging.buttons.enabled"}}
{"recorder_version":"21","session":"205443bc6977","build":"192.6262.58","bucket":"189","time":1574438030758,"group":{"id":"ui.info.features","version":"2"},"event":{"state":true,"data":{"os":"Mac","created":1574438030759},"id":"QuickDoc.AutoUpdate"}}
{"recorder_version":"21","session":"205443bc6977","build":"192.6262.58","bucket":"189","time":1574438030758,"group":{"id":"ui.info.features","version":"2"},"event":{"state":true,"data":{"os":"Mac","created":1574438030759},"id":"Hide.Editor.Tabs.If.Needed"}}
{"recorder_version":"21","session":"205443bc6977","build":"192.6262.58","bucket":"189","time":1574438030758,"group":{"id":"ui.info.features","version":"2"},"event":{"state":true,"data":{"grouped":"[30_50]","os":"Mac","created":1574438030759},"id":"recent.files"}}
{"recorder_version":"21","session":"205443bc6977","build":"192.6262.58","bucket":"189","time":1574438030758,"group":{"id":"ui.info.features","version":"2"},"event":{"state":true,"data":{"os":"Mac","created":1574438030759},"id":"Line.Numbers"}}
{"recorder_version":"21","session":"205443bc6977","build":"192.6262.58","bucket":"189","time":1574438030758,"group":{"id":"ui.info.features","version":"2"},"event":{"state":true,"data":{"os":"Mac","created":1574438030760},"id":"Tabs.Top"}}
{"recorder_version":"21","session":"205443bc6977","build":"192.6262.58","bucket":"189","time":1574438030758,"group":{"id":"ui.info.features","version":"2"},"event":{"state":true,"data":{"os":"Mac","created":1574438030760},"id":"Retina"}}
{"recorder_version":"21","session":"205443bc6977","build":"192.6262.58","bucket":"189","time":1574438030758,"group":{"id":"ui.info.features","version":"2"},"event":{"state":true,"data":{"os":"Mac","created":1574438030760},"id":"Nav.Bar.visible"}}
{"recorder_version":"21","session":"205443bc6977","build":"192.6262.58","bucket":"189","time":1574438030758,"group":{"id":"ui.info.features","version":"2"},"event":{"state":true,"data":{"os":"Mac","created":1574438030760},"id":"Show.Editor.Tabs.In.Single.Row"}}
{"recorder_version":"21","session":"205443bc6977","build":"192.6262.58","bucket":"189","time":1574438030758,"group":{"id":"ui.info.features","version":"2"},"event":{"state":true,"data":{"os":"Mac","created":1574438030760},"id":"Recent.Files[30_50]"}}
{"recorder_version":"21","session":"205443bc6977","build":"192.6262.58","bucket":"189","time":1574438030758,"group":{"id":"ui.info.features","version":"2"},"event":{"state":true,"data":{"os":"Mac","created":1574438030760},"id":"Status.bar.visible"}}
{"recorder_version":"21","session":"205443bc6977","build":"192.6262.58","bucket":"189","time":1574438030758,"group":{"id":"ui.info.features","version":"2"},"event":{"state":true,"data":{"os":"Mac","created":1574438030760},"id":"Tool.Window.buttons.hidden"}}
{"recorder_version":"21","session":"205443bc6977","build":"192.6262.58","bucket":"189","time":1574438030758,"group":{"id":"ui.info.features","version":"2"},"event":{"state":true,"data":{"os":"Mac","created":1574438030760},"id":"Gutter.Icons"}}
{"recorder_version":"21","session":"205443bc6977","build":"192.6262.58","bucket":"189","time":1574438030758,"group":{"id":"ui.info.features","version":"2"},"event":{"state":true,"data":{"os":"Mac","created":1574438030761},"id":"Toolbar.hidden"}}
{"recorder_version":"21","session":"205443bc6977","build":"192.6262.58","bucket":"189","time":1574438030758,"group":{"id":"ui.info.features","version":"2"},"event":{"state":true,"data":{"os":"Mac","created":1574438030761},"id":"Toolbar.and.NavBar"}}
{"recorder_version":"21","session":"205443bc6977","build":"192.6262.58","bucket":"189","time":1574438030758,"group":{"id":"ui.info.features","version":"2"},"event":{"state":true,"data":{"created":1574438030761},"id":"invoked"}}
{"recorder_version":"21","session":"205443bc6977","build":"192.6262.58","bucket":"189","time":1574438034033,"group":{"id":"performance","version":"21"},"event":{"count":1,"data":{"duration_ms":0,"created":1574438034033},"id":"ui.latency"}}
{"recorder_version":"21","session":"205443bc6977","build":"192.6262.58","bucket":"189","time":1574438134297,"group":{"id":"performance","version":"21"},"event":{"count":1,"data":{"duration_ms":0,"created":1574438134297},"id":"ui.latency"}}
{"recorder_version":"21","session":"205443bc6977","build":"192.6262.58","bucket":"189","time":1574438234568,"group":{"id":"performance","version":"21"},"event":{"count":1,"data":{"duration_ms":1,"created":1574438234568},"id":"ui.latency"}}
{"recorder_version":"21","session":"205443bc6977","build":"192.6262.58","bucket":"189","time":1574438308578,"group":{"id":"lifecycle","version":"21"},"event":{"count":1,"data":{"created":1574438308579,"project":"a0f12fb42952fc36a102045bdbb22ad1f15aa9443e9c675024683f4da70c8bc4"},"id":"frame.activated"}}
{"recorder_version":"21","session":"205443bc6977","build":"192.6262.58","bucket":"189","time":1574438308847,"group":{"id":"lifecycle","version":"21"},"event":{"count":1,"data":{"restart":false,"created":1574438308847},"id":"ide.close"}}
{"recorder_version":"21","session":"205443bc6977","build":"192.6262.58","bucket":"189","time":1574438309024,"group":{"id":"lifecycle","version":"21"},"event":{"count":1,"data":{"created":1574438309024,"project":"a0f12fb42952fc36a102045bdbb22ad1f15aa9443e9c675024683f4da70c8bc4"},"id":"project.closed"}}
