{"recorder_version":"21","session":"f562dc805860","build":"192.6262.58","bucket":"189","time":1575349458899,"group":{"id":"settings","version":"4"},"event":{"state":true,"data":{"component":"NotRoamableUiSettings","created":1575349459090},"id":"invoked"}}
{"recorder_version":"21","session":"f562dc805860","build":"192.6262.58","bucket":"189","time":1575349458901,"group":{"id":"system.java","version":"1"},"event":{"state":true,"data":{"created":1575349459091,"version":"1.11"},"id":"JetBrains"}}
{"recorder_version":"21","session":"f562dc805860","build":"192.6262.58","bucket":"189","time":1575349458901,"group":{"id":"system.java","version":"1"},"event":{"state":true,"data":{"created":1575349459100},"id":"invoked"}}
{"recorder_version":"21","session":"f562dc805860","build":"192.6262.58","bucket":"189","time":1575349458901,"group":{"id":"settings","version":"4"},"event":{"state":true,"data":{"component":"UISettings","created":1575349459101},"id":"invoked"}}
{"recorder_version":"21","session":"f562dc805860","build":"192.6262.58","bucket":"189","time":1575349458922,"group":{"id":"system.os","version":"3"},"event":{"state":true,"data":{"created":1575349459101,"version":"10.14"},"id":"Mac"}}
{"recorder_version":"21","session":"f562dc805860","build":"192.6262.58","bucket":"189","time":1575349458922,"group":{"id":"system.os","version":"3"},"event":{"state":true,"data":{"created":1575349459102,"name":"Mac","version":"10.14"},"id":"os.name"}}
{"recorder_version":"21","session":"f562dc805860","build":"192.6262.58","bucket":"189","time":1575349458922,"group":{"id":"system.os","version":"3"},"event":{"state":true,"data":{"created":1575349459103,"value":"+09_00"},"id":"os.timezone"}}
{"recorder_version":"21","session":"f562dc805860","build":"192.6262.58","bucket":"189","time":1575349458922,"group":{"id":"system.os","version":"3"},"event":{"state":true,"data":{"created":1575349459104},"id":"invoked"}}
{"recorder_version":"21","session":"f562dc805860","build":"192.6262.58","bucket":"189","time":1575349459090,"group":{"id":"event.log","version":"21"},"event":{"count":1,"data":{"created":1575349459105,"version":"942.0"},"id":"whitelist.loaded"}}
{"recorder_version":"21","session":"f562dc805860","build":"192.6262.58","bucket":"189","time":1575349462097,"group":{"id":"settings","version":"4"},"event":{"state":true,"data":{"component":"UpdatesConfigurable","created":1575349462097,"name":"checkNeeded","type":"bool","value":false},"id":"not.default"}}
{"recorder_version":"21","session":"f562dc805860","build":"192.6262.58","bucket":"189","time":1575349462097,"group":{"id":"settings","version":"4"},"event":{"state":true,"data":{"component":"UpdatesConfigurable","created":1575349462098},"id":"invoked"}}
{"recorder_version":"21","session":"f562dc805860","build":"192.6262.58","bucket":"189","time":1575349462223,"group":{"id":"settings","version":"4"},"event":{"state":true,"data":{"component":"GeneralSettings","created":1575349462224,"name":"confirmExit","type":"bool","value":false},"id":"not.default"}}
{"recorder_version":"21","session":"f562dc805860","build":"192.6262.58","bucket":"189","time":1575349462223,"group":{"id":"settings","version":"4"},"event":{"state":true,"data":{"component":"GeneralSettings","created":1575349462225,"name":"showTipsOnStartup","type":"bool","value":false},"id":"not.default"}}
{"recorder_version":"21","session":"f562dc805860","build":"192.6262.58","bucket":"189","time":1575349462224,"group":{"id":"settings","version":"4"},"event":{"state":true,"data":{"component":"GeneralSettings","created":1575349462227},"id":"invoked"}}
{"recorder_version":"21","session":"f562dc805860","build":"192.6262.58","bucket":"189","time":1575349462228,"group":{"id":"lifecycle","version":"21"},"event":{"count":1,"data":{"internal":true,"eap":false,"created":1575349462229},"id":"ide.start"}}
{"recorder_version":"21","session":"f562dc805860","build":"192.6262.58","bucket":"189","time":1575349462744,"group":{"id":"performance","version":"21"},"event":{"count":1,"data":{"duration_ms":438,"created":1575349462744},"id":"ui.latency"}}
{"recorder_version":"21","session":"f562dc805860","build":"192.6262.58","bucket":"189","time":1575349462744,"group":{"id":"performance","version":"21"},"event":{"count":1,"data":{"duration_ms":438,"created":1575349462745},"id":"ui.lagging"}}
{"recorder_version":"21","session":"f562dc805860","build":"192.6262.58","bucket":"189","time":1575349463125,"group":{"id":"ui.dialogs","version":"21"},"event":{"count":1,"data":{"created":1575349463127,"plugin_type":"PLATFORM","type":"show"},"id":"com.intellij.openapi.progress.util.ProgressDialog$MyDialogWrapper"}}
{"recorder_version":"21","session":"f562dc805860","build":"192.6262.58","bucket":"189","time":1575349464515,"group":{"id":"lifecycle","version":"21"},"event":{"count":1,"data":{"created":1575349464515,"project":"4452600da3b350ab41d92ae108c2baae6ff0ac3ddb31bd67020ee046ec77ac09"},"id":"project.opened"}}
{"recorder_version":"21","session":"f562dc805860","build":"192.6262.58","bucket":"189","time":1575349465627,"group":{"id":"performance","version":"21"},"event":{"count":1,"data":{"duration_ms":319,"created":1575349465627},"id":"ui.lagging"}}
{"recorder_version":"21","session":"f562dc805860","build":"192.6262.58","bucket":"189","time":1575349467582,"group":{"id":"settings","version":"4"},"event":{"state":true,"data":{"component":"XmlEditorOptions","created":1575349467582},"id":"invoked"}}
{"recorder_version":"21","session":"f562dc805860","build":"192.6262.58","bucket":"189","time":1575349467680,"group":{"id":"performance","version":"21"},"event":{"count":1,"data":{"duration_ms":1370,"created":1575349467680},"id":"ui.lagging"}}
{"recorder_version":"21","session":"f562dc805860","build":"192.6262.58","bucket":"189","time":1575349467684,"group":{"id":"performance","version":"21"},"event":{"count":1,"data":{"duration_ms":375,"created":1575349467684},"id":"ui.lagging"}}
{"recorder_version":"21","session":"f562dc805860","build":"192.6262.58","bucket":"189","time":1575349468563,"group":{"id":"toolwindow","version":"21"},"event":{"count":1,"data":{"os":"Mac","created":1575349468563,"plugin_type":"PLATFORM"},"id":"Project"}}
{"recorder_version":"21","session":"f562dc805860","build":"192.6262.58","bucket":"189","time":1575349469776,"group":{"id":"performance","version":"21"},"event":{"count":1,"data":{"duration_ms":459,"created":1575349469776},"id":"ui.lagging"}}
{"recorder_version":"21","session":"f562dc805860","build":"192.6262.58","bucket":"189","time":1575349470679,"group":{"id":"performance","version":"21"},"event":{"count":1,"data":{"duration_ms":317,"created":1575349470679},"id":"ui.lagging"}}
{"recorder_version":"21","session":"f562dc805860","build":"192.6262.58","bucket":"189","time":1575349471621,"group":{"id":"performance","version":"21"},"event":{"count":1,"data":{"duration_ms":254,"created":1575349471621},"id":"ui.lagging"}}
{"recorder_version":"21","session":"f562dc805860","build":"192.6262.58","bucket":"189","time":1575349472095,"group":{"id":"kotlin.jps.target","version":"1"},"event":{"count":2,"data":{"plugin_version":"validation.undefined_rule","last":1575349472095,"created":1575349472095},"id":"validation.undefined_rule"}}
{"recorder_version":"21","session":"f562dc805860","build":"192.6262.58","bucket":"189","time":1575349472508,"group":{"id":"project.fs","version":"1"},"event":{"state":true,"data":{"os":"Mac","cs-project":false,"created":1575349472508,"project":"4452600da3b350ab41d92ae108c2baae6ff0ac3ddb31bd67020ee046ec77ac09","cs-implicit":true,"cs-system":false},"id":"case-sensitivity"}}
{"recorder_version":"21","session":"f562dc805860","build":"192.6262.58","bucket":"189","time":1575349472508,"group":{"id":"project.fs","version":"1"},"event":{"state":true,"data":{"created":1575349472509},"id":"invoked"}}
{"recorder_version":"21","session":"f562dc805860","build":"192.6262.58","bucket":"189","time":1575349472509,"group":{"id":"project.fs","version":"1"},"event":{"state":true,"data":{"pct-non-watched":0,"created":1575349472509,"project":"4452600da3b350ab41d92ae108c2baae6ff0ac3ddb31bd67020ee046ec77ac09"},"id":"roots-watched"}}
{"recorder_version":"21","session":"f562dc805860","build":"192.6262.58","bucket":"189","time":1575349472509,"group":{"id":"project.fs","version":"1"},"event":{"state":true,"data":{"created":1575349472509},"id":"invoked"}}
{"recorder_version":"21","session":"f562dc805860","build":"192.6262.58","bucket":"189","time":1575349472900,"group":{"id":"ui.dialogs","version":"21"},"event":{"count":1,"data":{"code":1,"created":1575349472901,"plugin_type":"PLATFORM","type":"close"},"id":"com.intellij.openapi.progress.util.ProgressDialog$MyDialogWrapper"}}
{"recorder_version":"21","session":"f562dc805860","build":"192.6262.58","bucket":"189","time":1575349473146,"group":{"id":"lifecycle","version":"21"},"event":{"count":1,"data":{"duration_ms":10302,"created":1575349473146,"project":"4452600da3b350ab41d92ae108c2baae6ff0ac3ddb31bd67020ee046ec77ac09"},"id":"project.opening.finished"}}
{"recorder_version":"21","session":"f562dc805860","build":"192.6262.58","bucket":"189","time":1575349473812,"group":{"id":"performance","version":"21"},"event":{"count":1,"data":{"duration_ms":445,"created":1575349473812},"id":"ui.lagging"}}
{"recorder_version":"21","session":"f562dc805860","build":"192.6262.58","bucket":"189","time":1575349474667,"group":{"id":"vcs.change.reminder","version":"1"},"event":{"count":1,"data":{"created":1575349474668,"project":"4452600da3b350ab41d92ae108c2baae6ff0ac3ddb31bd67020ee046ec77ac09","execution_time":234},"id":"prediction.calculated"}}
{"recorder_version":"21","session":"f562dc805860","build":"192.6262.58","bucket":"189","time":1575349474704,"group":{"id":"vcs.change.reminder","version":"1"},"event":{"count":1,"data":{"created":1575349474704,"project":"4452600da3b350ab41d92ae108c2baae6ff0ac3ddb31bd67020ee046ec77ac09","execution_time":36},"id":"prediction.calculated"}}
{"recorder_version":"21","session":"f562dc805860","build":"192.6262.58","bucket":"189","time":1575349474751,"group":{"id":"vcs.change.reminder","version":"1"},"event":{"count":1,"data":{"created":1575349474751,"project":"4452600da3b350ab41d92ae108c2baae6ff0ac3ddb31bd67020ee046ec77ac09","execution_time":46},"id":"prediction.calculated"}}
{"recorder_version":"21","session":"f562dc805860","build":"192.6262.58","bucket":"189","time":1575349474815,"group":{"id":"vcs.change.reminder","version":"1"},"event":{"count":1,"data":{"created":1575349474815,"project":"4452600da3b350ab41d92ae108c2baae6ff0ac3ddb31bd67020ee046ec77ac09","execution_time":64},"id":"prediction.calculated"}}
{"recorder_version":"21","session":"f562dc805860","build":"192.6262.58","bucket":"189","time":1575349499471,"group":{"id":"lifecycle","version":"21"},"event":{"count":1,"data":{"created":1575349499471,"project":"4452600da3b350ab41d92ae108c2baae6ff0ac3ddb31bd67020ee046ec77ac09"},"id":"frame.activated"}}
{"recorder_version":"21","session":"f562dc805860","build":"192.6262.58","bucket":"189","time":1575349500294,"group":{"id":"lifecycle","version":"21"},"event":{"count":1,"data":{"restart":false,"created":1575349500294},"id":"ide.close"}}
{"recorder_version":"21","session":"f562dc805860","build":"192.6262.58","bucket":"189","time":1575349500619,"group":{"id":"performance","version":"21"},"event":{"count":1,"data":{"duration_ms":198,"created":1575349500619},"id":"ui.lagging"}}
{"recorder_version":"21","session":"f562dc805860","build":"192.6262.58","bucket":"189","time":1575349500687,"group":{"id":"ui.dialogs","version":"21"},"event":{"count":1,"data":{"created":1575349500687,"plugin_type":"PLATFORM","type":"show"},"id":"com.intellij.openapi.progress.util.ProgressDialog$MyDialogWrapper"}}
{"recorder_version":"21","session":"f562dc805860","build":"192.6262.58","bucket":"189","time":1575349500773,"group":{"id":"lifecycle","version":"21"},"event":{"count":1,"data":{"created":1575349500773,"project":"4452600da3b350ab41d92ae108c2baae6ff0ac3ddb31bd67020ee046ec77ac09"},"id":"project.closed"}}
