{"recorder_version":"21","session":"eb121a651279","build":"192.6262.58","bucket":"189","time":1574810793545,"group":{"id":"settings","version":"4"},"event":{"state":true,"data":{"component":"NotRoamableUiSettings","created":1574810793728},"id":"invoked"}}
{"recorder_version":"21","session":"eb121a651279","build":"192.6262.58","bucket":"189","time":1574810793547,"group":{"id":"settings","version":"4"},"event":{"state":true,"data":{"component":"UISettings","created":1574810793730},"id":"invoked"}}
{"recorder_version":"21","session":"eb121a651279","build":"192.6262.58","bucket":"189","time":1574810793547,"group":{"id":"system.java","version":"1"},"event":{"state":true,"data":{"created":1574810793738,"version":"1.11"},"id":"JetBrains"}}
{"recorder_version":"21","session":"eb121a651279","build":"192.6262.58","bucket":"189","time":1574810793547,"group":{"id":"system.java","version":"1"},"event":{"state":true,"data":{"created":1574810793742},"id":"invoked"}}
{"recorder_version":"21","session":"eb121a651279","build":"192.6262.58","bucket":"189","time":1574810793567,"group":{"id":"system.os","version":"3"},"event":{"state":true,"data":{"created":1574810793742,"version":"10.14"},"id":"Mac"}}
{"recorder_version":"21","session":"eb121a651279","build":"192.6262.58","bucket":"189","time":1574810793567,"group":{"id":"system.os","version":"3"},"event":{"state":true,"data":{"created":1574810793743,"name":"Mac","version":"10.14"},"id":"os.name"}}
{"recorder_version":"21","session":"eb121a651279","build":"192.6262.58","bucket":"189","time":1574810793567,"group":{"id":"system.os","version":"3"},"event":{"state":true,"data":{"created":1574810793744,"value":"+09_00"},"id":"os.timezone"}}
{"recorder_version":"21","session":"eb121a651279","build":"192.6262.58","bucket":"189","time":1574810793567,"group":{"id":"system.os","version":"3"},"event":{"state":true,"data":{"created":1574810793745},"id":"invoked"}}
{"recorder_version":"21","session":"eb121a651279","build":"192.6262.58","bucket":"189","time":1574810793727,"group":{"id":"event.log","version":"21"},"event":{"count":1,"data":{"created":1574810793746,"version":"930.0"},"id":"whitelist.loaded"}}
{"recorder_version":"21","session":"eb121a651279","build":"192.6262.58","bucket":"189","time":1574810795968,"group":{"id":"settings","version":"4"},"event":{"state":true,"data":{"component":"UpdatesConfigurable","created":1574810795969,"name":"checkNeeded","type":"bool","value":false},"id":"not.default"}}
{"recorder_version":"21","session":"eb121a651279","build":"192.6262.58","bucket":"189","time":1574810795968,"group":{"id":"settings","version":"4"},"event":{"state":true,"data":{"component":"UpdatesConfigurable","created":1574810795970},"id":"invoked"}}
{"recorder_version":"21","session":"eb121a651279","build":"192.6262.58","bucket":"189","time":1574810796142,"group":{"id":"settings","version":"4"},"event":{"state":true,"data":{"component":"GeneralSettings","created":1574810796143,"name":"confirmExit","type":"bool","value":false},"id":"not.default"}}
{"recorder_version":"21","session":"eb121a651279","build":"192.6262.58","bucket":"189","time":1574810796142,"group":{"id":"settings","version":"4"},"event":{"state":true,"data":{"component":"GeneralSettings","created":1574810796144,"name":"showTipsOnStartup","type":"bool","value":false},"id":"not.default"}}
{"recorder_version":"21","session":"eb121a651279","build":"192.6262.58","bucket":"189","time":1574810796142,"group":{"id":"settings","version":"4"},"event":{"state":true,"data":{"component":"GeneralSettings","created":1574810796146},"id":"invoked"}}
{"recorder_version":"21","session":"eb121a651279","build":"192.6262.58","bucket":"189","time":1574810796147,"group":{"id":"lifecycle","version":"21"},"event":{"count":1,"data":{"internal":true,"eap":false,"created":1574810796147},"id":"ide.start"}}
{"recorder_version":"21","session":"eb121a651279","build":"192.6262.58","bucket":"189","time":1574810796458,"group":{"id":"lifecycle","version":"21"},"event":{"count":1,"data":{"created":1574810796458},"id":"frame.activated"}}
{"recorder_version":"21","session":"eb121a651279","build":"192.6262.58","bucket":"189","time":1574810796594,"group":{"id":"performance","version":"21"},"event":{"count":1,"data":{"duration_ms":1,"created":1574810796594},"id":"ui.latency"}}
{"recorder_version":"21","session":"eb121a651279","build":"192.6262.58","bucket":"189","time":1574810796938,"group":{"id":"ui.dialogs","version":"21"},"event":{"count":1,"data":{"created":1574810796939,"plugin_type":"PLATFORM","type":"show"},"id":"com.intellij.openapi.progress.util.ProgressDialog$MyDialogWrapper"}}
{"recorder_version":"21","session":"eb121a651279","build":"192.6262.58","bucket":"189","time":1574810797933,"group":{"id":"lifecycle","version":"21"},"event":{"count":1,"data":{"created":1574810797933,"project":"92ddc83aceaa9edad1485397ccc1680a8fd16623aa2c155379eac4aafdb2a559"},"id":"project.opened"}}
{"recorder_version":"21","session":"eb121a651279","build":"192.6262.58","bucket":"189","time":1574810799585,"group":{"id":"settings","version":"4"},"event":{"state":true,"data":{"component":"XmlEditorOptions","created":1574810799585},"id":"invoked"}}
{"recorder_version":"21","session":"eb121a651279","build":"192.6262.58","bucket":"189","time":1574810799957,"group":{"id":"toolwindow","version":"21"},"event":{"count":1,"data":{"os":"Mac","created":1574810799957,"plugin_type":"PLATFORM"},"id":"Project"}}
{"recorder_version":"21","session":"eb121a651279","build":"192.6262.58","bucket":"189","time":1574810802299,"group":{"id":"project.fs","version":"1"},"event":{"state":true,"data":{"os":"Mac","cs-project":false,"created":1574810802299,"project":"92ddc83aceaa9edad1485397ccc1680a8fd16623aa2c155379eac4aafdb2a559","cs-implicit":true,"cs-system":false},"id":"case-sensitivity"}}
{"recorder_version":"21","session":"eb121a651279","build":"192.6262.58","bucket":"189","time":1574810802299,"group":{"id":"project.fs","version":"1"},"event":{"state":true,"data":{"created":1574810802300},"id":"invoked"}}
{"recorder_version":"21","session":"eb121a651279","build":"192.6262.58","bucket":"189","time":1574810802300,"group":{"id":"project.fs","version":"1"},"event":{"state":true,"data":{"pct-non-watched":0,"created":1574810802300,"project":"92ddc83aceaa9edad1485397ccc1680a8fd16623aa2c155379eac4aafdb2a559"},"id":"roots-watched"}}
{"recorder_version":"21","session":"eb121a651279","build":"192.6262.58","bucket":"189","time":1574810802300,"group":{"id":"project.fs","version":"1"},"event":{"state":true,"data":{"created":1574810802301},"id":"invoked"}}
{"recorder_version":"21","session":"eb121a651279","build":"192.6262.58","bucket":"189","time":1574810802318,"group":{"id":"ui.dialogs","version":"21"},"event":{"count":1,"data":{"code":1,"created":1574810802318,"plugin_type":"PLATFORM","type":"close"},"id":"com.intellij.openapi.progress.util.ProgressDialog$MyDialogWrapper"}}
{"recorder_version":"21","session":"eb121a651279","build":"192.6262.58","bucket":"189","time":1574810802491,"group":{"id":"lifecycle","version":"21"},"event":{"count":1,"data":{"duration_ms":5839,"created":1574810802491,"project":"92ddc83aceaa9edad1485397ccc1680a8fd16623aa2c155379eac4aafdb2a559"},"id":"project.opening.finished"}}
{"recorder_version":"21","session":"eb121a651279","build":"192.6262.58","bucket":"189","time":1574810802919,"group":{"id":"performance","version":"21"},"event":{"count":1,"data":{"duration_ms":313,"created":1574810802919},"id":"ui.lagging"}}
{"recorder_version":"21","session":"eb121a651279","build":"192.6262.58","bucket":"189","time":1574810803586,"group":{"id":"kotlin.jps.target","version":"1"},"event":{"count":1,"data":{"plugin_version":"validation.undefined_rule","created":1574810803586},"id":"validation.undefined_rule"}}
{"recorder_version":"21","session":"eb121a651279","build":"192.6262.58","bucket":"189","time":1574810804403,"group":{"id":"file.types.usage","version":"21"},"event":{"count":1,"data":{"created":1574810804404,"plugin_type":"PLATFORM","project":"92ddc83aceaa9edad1485397ccc1680a8fd16623aa2c155379eac4aafdb2a559","type":"edit"},"id":"IDEA_MODULE"}}
{"recorder_version":"21","session":"eb121a651279","build":"192.6262.58","bucket":"189","time":1574810813365,"group":{"id":"actions","version":"21"},"event":{"count":8,"data":{"context_menu":false,"last":1574810814591,"current_file":"TEXT","created":1574810813365,"plugin_type":"PLATFORM","project":"92ddc83aceaa9edad1485397ccc1680a8fd16623aa2c155379eac4aafdb2a559","place":"keyboard_shortcut","class":"com.intellij.openapi.editor.actions.BackspaceAction","input_event":"Backspace"},"id":"EditorBackSpace"}}
{"recorder_version":"21","session":"eb121a651279","build":"192.6262.58","bucket":"189","time":1574810824930,"group":{"id":"actions","version":"21"},"event":{"count":1,"data":{"context_menu":false,"current_file":"TEXT","created":1574810824930,"plugin_type":"PLATFORM","project":"92ddc83aceaa9edad1485397ccc1680a8fd16623aa2c155379eac4aafdb2a559","place":"keyboard_shortcut","class":"com.intellij.openapi.editor.actions.EnterAction","input_event":"Enter"},"id":"EditorEnter"}}
{"recorder_version":"21","session":"eb121a651279","build":"192.6262.58","bucket":"189","time":1574810835835,"group":{"id":"lifecycle","version":"21"},"event":{"count":1,"data":{"created":1574810835835,"project":"92ddc83aceaa9edad1485397ccc1680a8fd16623aa2c155379eac4aafdb2a559"},"id":"frame.deactivated"}}
{"recorder_version":"21","session":"eb121a651279","build":"192.6262.58","bucket":"189","time":1574810896888,"group":{"id":"performance","version":"21"},"event":{"count":1,"data":{"duration_ms":0,"created":1574810896888},"id":"ui.latency"}}
{"recorder_version":"21","session":"eb121a651279","build":"192.6262.58","bucket":"189","time":1574810915438,"group":{"id":"lifecycle","version":"21"},"event":{"count":1,"data":{"created":1574810915438,"project":"92ddc83aceaa9edad1485397ccc1680a8fd16623aa2c155379eac4aafdb2a559"},"id":"frame.activated"}}
{"recorder_version":"21","session":"eb121a651279","build":"192.6262.58","bucket":"189","time":1574810915721,"group":{"id":"lifecycle","version":"21"},"event":{"count":1,"data":{"restart":false,"created":1574810915721},"id":"ide.close"}}
{"recorder_version":"21","session":"eb121a651279","build":"192.6262.58","bucket":"189","time":1574810915798,"group":{"id":"lifecycle","version":"21"},"event":{"count":1,"data":{"created":1574810915798,"project":"92ddc83aceaa9edad1485397ccc1680a8fd16623aa2c155379eac4aafdb2a559"},"id":"project.closed"}}
