{"recorder_version":"21","session":"d365e1ac2f11","build":"192.6262.58","bucket":"189","time":1574812881554,"group":{"id":"settings","version":"4"},"event":{"state":true,"data":{"component":"NotRoamableUiSettings","created":1574812881719},"id":"invoked"}}
{"recorder_version":"21","session":"d365e1ac2f11","build":"192.6262.58","bucket":"189","time":1574812881558,"group":{"id":"settings","version":"4"},"event":{"state":true,"data":{"component":"UISettings","created":1574812881721},"id":"invoked"}}
{"recorder_version":"21","session":"d365e1ac2f11","build":"192.6262.58","bucket":"189","time":1574812881558,"group":{"id":"system.java","version":"1"},"event":{"state":true,"data":{"created":1574812881730,"version":"1.11"},"id":"JetBrains"}}
{"recorder_version":"21","session":"d365e1ac2f11","build":"192.6262.58","bucket":"189","time":1574812881558,"group":{"id":"system.java","version":"1"},"event":{"state":true,"data":{"created":1574812881731},"id":"invoked"}}
{"recorder_version":"21","session":"d365e1ac2f11","build":"192.6262.58","bucket":"189","time":1574812881582,"group":{"id":"system.os","version":"3"},"event":{"state":true,"data":{"created":1574812881732,"version":"10.14"},"id":"Mac"}}
{"recorder_version":"21","session":"d365e1ac2f11","build":"192.6262.58","bucket":"189","time":1574812881582,"group":{"id":"system.os","version":"3"},"event":{"state":true,"data":{"created":1574812881733,"name":"Mac","version":"10.14"},"id":"os.name"}}
{"recorder_version":"21","session":"d365e1ac2f11","build":"192.6262.58","bucket":"189","time":1574812881582,"group":{"id":"system.os","version":"3"},"event":{"state":true,"data":{"created":1574812881733,"value":"+09_00"},"id":"os.timezone"}}
{"recorder_version":"21","session":"d365e1ac2f11","build":"192.6262.58","bucket":"189","time":1574812881582,"group":{"id":"system.os","version":"3"},"event":{"state":true,"data":{"created":1574812881734},"id":"invoked"}}
{"recorder_version":"21","session":"d365e1ac2f11","build":"192.6262.58","bucket":"189","time":1574812881719,"group":{"id":"event.log","version":"21"},"event":{"count":1,"data":{"created":1574812881734,"version":"930.0"},"id":"whitelist.loaded"}}
{"recorder_version":"21","session":"d365e1ac2f11","build":"192.6262.58","bucket":"189","time":1574812884107,"group":{"id":"settings","version":"4"},"event":{"state":true,"data":{"component":"UpdatesConfigurable","created":1574812884108,"name":"checkNeeded","type":"bool","value":false},"id":"not.default"}}
{"recorder_version":"21","session":"d365e1ac2f11","build":"192.6262.58","bucket":"189","time":1574812884107,"group":{"id":"settings","version":"4"},"event":{"state":true,"data":{"component":"UpdatesConfigurable","created":1574812884109},"id":"invoked"}}
{"recorder_version":"21","session":"d365e1ac2f11","build":"192.6262.58","bucket":"189","time":1574812884664,"group":{"id":"lifecycle","version":"21"},"event":{"count":1,"data":{"internal":true,"eap":false,"created":1574812884665},"id":"ide.start"}}
{"recorder_version":"21","session":"d365e1ac2f11","build":"192.6262.58","bucket":"189","time":1574812884666,"group":{"id":"settings","version":"4"},"event":{"state":true,"data":{"component":"GeneralSettings","created":1574812884667,"name":"confirmExit","type":"bool","value":false},"id":"not.default"}}
{"recorder_version":"21","session":"d365e1ac2f11","build":"192.6262.58","bucket":"189","time":1574812884666,"group":{"id":"settings","version":"4"},"event":{"state":true,"data":{"component":"GeneralSettings","created":1574812884668,"name":"showTipsOnStartup","type":"bool","value":false},"id":"not.default"}}
{"recorder_version":"21","session":"d365e1ac2f11","build":"192.6262.58","bucket":"189","time":1574812884666,"group":{"id":"settings","version":"4"},"event":{"state":true,"data":{"component":"GeneralSettings","created":1574812884669},"id":"invoked"}}
{"recorder_version":"21","session":"d365e1ac2f11","build":"192.6262.58","bucket":"189","time":1574812884708,"group":{"id":"performance","version":"21"},"event":{"count":1,"data":{"duration_ms":72,"created":1574812884709},"id":"ui.latency"}}
{"recorder_version":"21","session":"d365e1ac2f11","build":"192.6262.58","bucket":"189","time":1574812885276,"group":{"id":"settings","version":"4"},"event":{"state":true,"data":{"component":"XmlEditorOptions","created":1574812885276},"id":"invoked"}}
{"recorder_version":"21","session":"d365e1ac2f11","build":"192.6262.58","bucket":"189","time":1574812885828,"group":{"id":"performance","version":"21"},"event":{"count":1,"data":{"duration_ms":190,"created":1574812885828},"id":"ui.lagging"}}
{"recorder_version":"21","session":"d365e1ac2f11","build":"192.6262.58","bucket":"189","time":1574812886762,"group":{"id":"ui.dialogs","version":"21"},"event":{"count":1,"data":{"created":1574812886763,"plugin_type":"PLATFORM","type":"show"},"id":"com.intellij.openapi.progress.util.ProgressDialog$MyDialogWrapper"}}
{"recorder_version":"21","session":"d365e1ac2f11","build":"192.6262.58","bucket":"189","time":1574812887705,"group":{"id":"lifecycle","version":"21"},"event":{"count":1,"data":{"created":1574812887705,"project":"92ddc83aceaa9edad1485397ccc1680a8fd16623aa2c155379eac4aafdb2a559"},"id":"project.opened"}}
{"recorder_version":"21","session":"d365e1ac2f11","build":"192.6262.58","bucket":"189","time":1574812889943,"group":{"id":"toolwindow","version":"21"},"event":{"count":1,"data":{"os":"Mac","created":1574812889943,"plugin_type":"PLATFORM"},"id":"Project"}}
{"recorder_version":"21","session":"d365e1ac2f11","build":"192.6262.58","bucket":"189","time":1574812890772,"group":{"id":"performance","version":"21"},"event":{"count":1,"data":{"duration_ms":128,"created":1574812890773},"id":"ui.lagging"}}
{"recorder_version":"21","session":"d365e1ac2f11","build":"192.6262.58","bucket":"189","time":1574812892187,"group":{"id":"project.fs","version":"1"},"event":{"state":true,"data":{"os":"Mac","cs-project":false,"created":1574812892188,"project":"92ddc83aceaa9edad1485397ccc1680a8fd16623aa2c155379eac4aafdb2a559","cs-implicit":true,"cs-system":false},"id":"case-sensitivity"}}
{"recorder_version":"21","session":"d365e1ac2f11","build":"192.6262.58","bucket":"189","time":1574812892187,"group":{"id":"project.fs","version":"1"},"event":{"state":true,"data":{"created":1574812892188},"id":"invoked"}}
{"recorder_version":"21","session":"d365e1ac2f11","build":"192.6262.58","bucket":"189","time":1574812892188,"group":{"id":"project.fs","version":"1"},"event":{"state":true,"data":{"pct-non-watched":0,"created":1574812892189,"project":"92ddc83aceaa9edad1485397ccc1680a8fd16623aa2c155379eac4aafdb2a559"},"id":"roots-watched"}}
{"recorder_version":"21","session":"d365e1ac2f11","build":"192.6262.58","bucket":"189","time":1574812892188,"group":{"id":"project.fs","version":"1"},"event":{"state":true,"data":{"created":1574812892189},"id":"invoked"}}
{"recorder_version":"21","session":"d365e1ac2f11","build":"192.6262.58","bucket":"189","time":1574812892307,"group":{"id":"ui.dialogs","version":"21"},"event":{"count":1,"data":{"code":1,"created":1574812892307,"plugin_type":"PLATFORM","type":"close"},"id":"com.intellij.openapi.progress.util.ProgressDialog$MyDialogWrapper"}}
{"recorder_version":"21","session":"d365e1ac2f11","build":"192.6262.58","bucket":"189","time":1574812892473,"group":{"id":"lifecycle","version":"21"},"event":{"count":1,"data":{"duration_ms":5984,"created":1574812892473,"project":"92ddc83aceaa9edad1485397ccc1680a8fd16623aa2c155379eac4aafdb2a559"},"id":"project.opening.finished"}}
{"recorder_version":"21","session":"d365e1ac2f11","build":"192.6262.58","bucket":"189","time":1574812893889,"group":{"id":"kotlin.jps.target","version":"1"},"event":{"count":1,"data":{"plugin_version":"validation.undefined_rule","created":1574812893889},"id":"validation.undefined_rule"}}
{"recorder_version":"21","session":"d365e1ac2f11","build":"192.6262.58","bucket":"189","time":1574812896162,"group":{"id":"file.types.usage","version":"21"},"event":{"count":1,"data":{"created":1574812896162,"plugin_type":"PLATFORM","project":"92ddc83aceaa9edad1485397ccc1680a8fd16623aa2c155379eac4aafdb2a559","type":"edit"},"id":"IDEA_MODULE"}}
{"recorder_version":"21","session":"d365e1ac2f11","build":"192.6262.58","bucket":"189","time":1574812899050,"group":{"id":"actions","version":"21"},"event":{"count":3,"data":{"context_menu":false,"last":1574812899542,"current_file":"TEXT","created":1574812899050,"plugin_type":"PLATFORM","project":"92ddc83aceaa9edad1485397ccc1680a8fd16623aa2c155379eac4aafdb2a559","place":"keyboard_shortcut","class":"com.intellij.openapi.editor.actions.BackspaceAction","input_event":"Backspace"},"id":"EditorBackSpace"}}
{"recorder_version":"21","session":"d365e1ac2f11","build":"192.6262.58","bucket":"189","time":1574812937556,"group":{"id":"lifecycle","version":"21"},"event":{"count":1,"data":{"created":1574812937556,"project":"92ddc83aceaa9edad1485397ccc1680a8fd16623aa2c155379eac4aafdb2a559"},"id":"project.closed"}}
{"recorder_version":"21","session":"d365e1ac2f11","build":"192.6262.58","bucket":"189","time":1574812984844,"group":{"id":"performance","version":"21"},"event":{"count":1,"data":{"duration_ms":0,"created":1574812984844},"id":"ui.latency"}}
{"recorder_version":"21","session":"d365e1ac2f11","build":"192.6262.58","bucket":"189","time":1574813006842,"group":{"id":"lifecycle","version":"21"},"event":{"count":1,"data":{"restart":false,"created":1574813006842},"id":"ide.close"}}
