{"recorder_version":"21","session":"8176113eec65","build":"192.6262.58","bucket":"189","time":1574802383440,"group":{"id":"settings","version":"4"},"event":{"state":true,"data":{"component":"NotRoamableUiSettings","created":1574802383610},"id":"invoked"}}
{"recorder_version":"21","session":"8176113eec65","build":"192.6262.58","bucket":"189","time":1574802383442,"group":{"id":"system.java","version":"1"},"event":{"state":true,"data":{"created":1574802383614,"version":"1.11"},"id":"JetBrains"}}
{"recorder_version":"21","session":"8176113eec65","build":"192.6262.58","bucket":"189","time":1574802383442,"group":{"id":"system.java","version":"1"},"event":{"state":true,"data":{"created":1574802383627},"id":"invoked"}}
{"recorder_version":"21","session":"8176113eec65","build":"192.6262.58","bucket":"189","time":1574802383442,"group":{"id":"settings","version":"4"},"event":{"state":true,"data":{"component":"UISettings","created":1574802383631},"id":"invoked"}}
{"recorder_version":"21","session":"8176113eec65","build":"192.6262.58","bucket":"189","time":1574802383460,"group":{"id":"system.os","version":"3"},"event":{"state":true,"data":{"created":1574802383632,"version":"10.14"},"id":"Mac"}}
{"recorder_version":"21","session":"8176113eec65","build":"192.6262.58","bucket":"189","time":1574802383460,"group":{"id":"system.os","version":"3"},"event":{"state":true,"data":{"created":1574802383634,"name":"Mac","version":"10.14"},"id":"os.name"}}
{"recorder_version":"21","session":"8176113eec65","build":"192.6262.58","bucket":"189","time":1574802383460,"group":{"id":"system.os","version":"3"},"event":{"state":true,"data":{"created":1574802383635,"value":"+09_00"},"id":"os.timezone"}}
{"recorder_version":"21","session":"8176113eec65","build":"192.6262.58","bucket":"189","time":1574802383460,"group":{"id":"system.os","version":"3"},"event":{"state":true,"data":{"created":1574802383635},"id":"invoked"}}
{"recorder_version":"21","session":"8176113eec65","build":"192.6262.58","bucket":"189","time":1574802383609,"group":{"id":"event.log","version":"21"},"event":{"count":1,"data":{"created":1574802383637,"version":"930.0"},"id":"whitelist.loaded"}}
{"recorder_version":"21","session":"8176113eec65","build":"192.6262.58","bucket":"189","time":1574802385794,"group":{"id":"settings","version":"4"},"event":{"state":true,"data":{"component":"UpdatesConfigurable","created":1574802385794,"name":"checkNeeded","type":"bool","value":false},"id":"not.default"}}
{"recorder_version":"21","session":"8176113eec65","build":"192.6262.58","bucket":"189","time":1574802385794,"group":{"id":"settings","version":"4"},"event":{"state":true,"data":{"component":"UpdatesConfigurable","created":1574802385796},"id":"invoked"}}
{"recorder_version":"21","session":"8176113eec65","build":"192.6262.58","bucket":"189","time":1574802385940,"group":{"id":"settings","version":"4"},"event":{"state":true,"data":{"component":"GeneralSettings","created":1574802385942,"name":"confirmExit","type":"bool","value":false},"id":"not.default"}}
{"recorder_version":"21","session":"8176113eec65","build":"192.6262.58","bucket":"189","time":1574802385941,"group":{"id":"settings","version":"4"},"event":{"state":true,"data":{"component":"GeneralSettings","created":1574802385945,"name":"showTipsOnStartup","type":"bool","value":false},"id":"not.default"}}
{"recorder_version":"21","session":"8176113eec65","build":"192.6262.58","bucket":"189","time":1574802385941,"group":{"id":"settings","version":"4"},"event":{"state":true,"data":{"component":"GeneralSettings","created":1574802385948},"id":"invoked"}}
{"recorder_version":"21","session":"8176113eec65","build":"192.6262.58","bucket":"189","time":1574802385948,"group":{"id":"lifecycle","version":"21"},"event":{"count":1,"data":{"internal":true,"eap":false,"created":1574802385948},"id":"ide.start"}}
{"recorder_version":"21","session":"8176113eec65","build":"192.6262.58","bucket":"189","time":1574802386249,"group":{"id":"lifecycle","version":"21"},"event":{"count":1,"data":{"created":1574802386249},"id":"frame.activated"}}
{"recorder_version":"21","session":"8176113eec65","build":"192.6262.58","bucket":"189","time":1574802386489,"group":{"id":"performance","version":"21"},"event":{"count":1,"data":{"duration_ms":0,"created":1574802386489},"id":"ui.latency"}}
{"recorder_version":"21","session":"8176113eec65","build":"192.6262.58","bucket":"189","time":1574802386724,"group":{"id":"ui.dialogs","version":"21"},"event":{"count":1,"data":{"created":1574802386724,"plugin_type":"PLATFORM","type":"show"},"id":"com.intellij.openapi.progress.util.ProgressDialog$MyDialogWrapper"}}
{"recorder_version":"21","session":"8176113eec65","build":"192.6262.58","bucket":"189","time":1574802387861,"group":{"id":"lifecycle","version":"21"},"event":{"count":1,"data":{"created":1574802387861,"project":"92ddc83aceaa9edad1485397ccc1680a8fd16623aa2c155379eac4aafdb2a559"},"id":"project.opened"}}
{"recorder_version":"21","session":"8176113eec65","build":"192.6262.58","bucket":"189","time":1574802389725,"group":{"id":"settings","version":"4"},"event":{"state":true,"data":{"component":"XmlEditorOptions","created":1574802389725},"id":"invoked"}}
{"recorder_version":"21","session":"8176113eec65","build":"192.6262.58","bucket":"189","time":1574802389769,"group":{"id":"performance","version":"21"},"event":{"count":1,"data":{"duration_ms":274,"created":1574802389769},"id":"ui.lagging"}}
{"recorder_version":"21","session":"8176113eec65","build":"192.6262.58","bucket":"189","time":1574802390056,"group":{"id":"toolwindow","version":"21"},"event":{"count":1,"data":{"os":"Mac","created":1574802390056,"plugin_type":"PLATFORM"},"id":"Project"}}
{"recorder_version":"21","session":"8176113eec65","build":"192.6262.58","bucket":"189","time":1574802390670,"group":{"id":"performance","version":"21"},"event":{"count":1,"data":{"duration_ms":174,"created":1574802390670},"id":"ui.lagging"}}
{"recorder_version":"21","session":"8176113eec65","build":"192.6262.58","bucket":"189","time":1574802392670,"group":{"id":"performance","version":"21"},"event":{"count":1,"data":{"duration_ms":166,"created":1574802392671},"id":"ui.lagging"}}
{"recorder_version":"21","session":"8176113eec65","build":"192.6262.58","bucket":"189","time":1574802392770,"group":{"id":"kotlin.jps.target","version":"1"},"event":{"count":1,"data":{"plugin_version":"validation.undefined_rule","created":1574802392770},"id":"validation.undefined_rule"}}
{"recorder_version":"21","session":"8176113eec65","build":"192.6262.58","bucket":"189","time":1574802392782,"group":{"id":"project.fs","version":"1"},"event":{"state":true,"data":{"os":"Mac","cs-project":false,"created":1574802392782,"project":"92ddc83aceaa9edad1485397ccc1680a8fd16623aa2c155379eac4aafdb2a559","cs-implicit":true,"cs-system":false},"id":"case-sensitivity"}}
{"recorder_version":"21","session":"8176113eec65","build":"192.6262.58","bucket":"189","time":1574802392782,"group":{"id":"project.fs","version":"1"},"event":{"state":true,"data":{"created":1574802392782},"id":"invoked"}}
{"recorder_version":"21","session":"8176113eec65","build":"192.6262.58","bucket":"189","time":1574802392783,"group":{"id":"project.fs","version":"1"},"event":{"state":true,"data":{"pct-non-watched":0,"created":1574802392783,"project":"92ddc83aceaa9edad1485397ccc1680a8fd16623aa2c155379eac4aafdb2a559"},"id":"roots-watched"}}
{"recorder_version":"21","session":"8176113eec65","build":"192.6262.58","bucket":"189","time":1574802392783,"group":{"id":"project.fs","version":"1"},"event":{"state":true,"data":{"created":1574802392783},"id":"invoked"}}
{"recorder_version":"21","session":"8176113eec65","build":"192.6262.58","bucket":"189","time":1574802392872,"group":{"id":"ui.dialogs","version":"21"},"event":{"count":1,"data":{"code":1,"created":1574802392872,"plugin_type":"PLATFORM","type":"close"},"id":"com.intellij.openapi.progress.util.ProgressDialog$MyDialogWrapper"}}
{"recorder_version":"21","session":"8176113eec65","build":"192.6262.58","bucket":"189","time":1574802392952,"group":{"id":"lifecycle","version":"21"},"event":{"count":1,"data":{"duration_ms":6503,"created":1574802392952,"project":"92ddc83aceaa9edad1485397ccc1680a8fd16623aa2c155379eac4aafdb2a559"},"id":"project.opening.finished"}}
{"recorder_version":"21","session":"8176113eec65","build":"192.6262.58","bucket":"189","time":1574802395856,"group":{"id":"file.types.usage","version":"21"},"event":{"count":1,"data":{"created":1574802395856,"plugin_type":"PLATFORM","project":"92ddc83aceaa9edad1485397ccc1680a8fd16623aa2c155379eac4aafdb2a559","type":"edit"},"id":"IDEA_MODULE"}}
{"recorder_version":"21","session":"8176113eec65","build":"192.6262.58","bucket":"189","time":1574802433704,"group":{"id":"actions","version":"21"},"event":{"count":4,"data":{"context_menu":false,"last":1574802436738,"current_file":"TEXT","created":1574802433704,"plugin_type":"PLATFORM","project":"92ddc83aceaa9edad1485397ccc1680a8fd16623aa2c155379eac4aafdb2a559","place":"keyboard_shortcut","class":"com.intellij.openapi.editor.actions.BackspaceAction","input_event":"Backspace"},"id":"EditorBackSpace"}}
{"recorder_version":"21","session":"8176113eec65","build":"192.6262.58","bucket":"189","time":1574802448779,"group":{"id":"actions","version":"21"},"event":{"count":1,"data":{"context_menu":false,"current_file":"TEXT","created":1574802448779,"plugin_type":"PLATFORM","project":"92ddc83aceaa9edad1485397ccc1680a8fd16623aa2c155379eac4aafdb2a559","place":"keyboard_shortcut","class":"com.intellij.openapi.editor.actions.BackspaceAction","input_event":"Backspace"},"id":"EditorBackSpace"}}
{"recorder_version":"21","session":"8176113eec65","build":"192.6262.58","bucket":"189","time":1574802451504,"group":{"id":"lifecycle","version":"21"},"event":{"count":1,"data":{"created":1574802451504,"project":"92ddc83aceaa9edad1485397ccc1680a8fd16623aa2c155379eac4aafdb2a559"},"id":"frame.deactivated"}}
{"recorder_version":"21","session":"8176113eec65","build":"192.6262.58","bucket":"189","time":1574802486764,"group":{"id":"performance","version":"21"},"event":{"count":1,"data":{"duration_ms":1,"created":1574802486764},"id":"ui.latency"}}
{"recorder_version":"21","session":"8176113eec65","build":"192.6262.58","bucket":"189","time":1574802550309,"group":{"id":"lifecycle","version":"21"},"event":{"count":1,"data":{"created":1574802550309,"project":"92ddc83aceaa9edad1485397ccc1680a8fd16623aa2c155379eac4aafdb2a559"},"id":"frame.activated"}}
{"recorder_version":"21","session":"8176113eec65","build":"192.6262.58","bucket":"189","time":1574802550596,"group":{"id":"lifecycle","version":"21"},"event":{"count":1,"data":{"restart":false,"created":1574802550597},"id":"ide.close"}}
{"recorder_version":"21","session":"8176113eec65","build":"192.6262.58","bucket":"189","time":1574802550683,"group":{"id":"lifecycle","version":"21"},"event":{"count":1,"data":{"created":1574802550683,"project":"92ddc83aceaa9edad1485397ccc1680a8fd16623aa2c155379eac4aafdb2a559"},"id":"project.closed"}}
