{"recorder_version":"21","session":"d3ef603cc863","build":"192.6262.58","bucket":"189","time":1575141751048,"group":{"id":"settings","version":"4"},"event":{"state":true,"data":{"component":"NotRoamableUiSettings","created":1575141751202},"id":"invoked"}}
{"recorder_version":"21","session":"d3ef603cc863","build":"192.6262.58","bucket":"189","time":1575141751050,"group":{"id":"settings","version":"4"},"event":{"state":true,"data":{"component":"UISettings","created":1575141751203},"id":"invoked"}}
{"recorder_version":"21","session":"d3ef603cc863","build":"192.6262.58","bucket":"189","time":1575141751050,"group":{"id":"system.java","version":"1"},"event":{"state":true,"data":{"created":1575141751211,"version":"1.11"},"id":"JetBrains"}}
{"recorder_version":"21","session":"d3ef603cc863","build":"192.6262.58","bucket":"189","time":1575141751050,"group":{"id":"system.java","version":"1"},"event":{"state":true,"data":{"created":1575141751211},"id":"invoked"}}
{"recorder_version":"21","session":"d3ef603cc863","build":"192.6262.58","bucket":"189","time":1575141751074,"group":{"id":"system.os","version":"3"},"event":{"state":true,"data":{"created":1575141751212,"version":"10.14"},"id":"Mac"}}
{"recorder_version":"21","session":"d3ef603cc863","build":"192.6262.58","bucket":"189","time":1575141751074,"group":{"id":"system.os","version":"3"},"event":{"state":true,"data":{"created":1575141751213,"name":"Mac","version":"10.14"},"id":"os.name"}}
{"recorder_version":"21","session":"d3ef603cc863","build":"192.6262.58","bucket":"189","time":1575141751074,"group":{"id":"system.os","version":"3"},"event":{"state":true,"data":{"created":1575141751215,"value":"+09_00"},"id":"os.timezone"}}
{"recorder_version":"21","session":"d3ef603cc863","build":"192.6262.58","bucket":"189","time":1575141751074,"group":{"id":"system.os","version":"3"},"event":{"state":true,"data":{"created":1575141751216},"id":"invoked"}}
{"recorder_version":"21","session":"d3ef603cc863","build":"192.6262.58","bucket":"189","time":1575141751202,"group":{"id":"event.log","version":"21"},"event":{"count":1,"data":{"created":1575141751217,"version":"942.0"},"id":"whitelist.loaded"}}
{"recorder_version":"21","session":"d3ef603cc863","build":"192.6262.58","bucket":"189","time":1575141753304,"group":{"id":"settings","version":"4"},"event":{"state":true,"data":{"component":"UpdatesConfigurable","created":1575141753305,"name":"checkNeeded","type":"bool","value":false},"id":"not.default"}}
{"recorder_version":"21","session":"d3ef603cc863","build":"192.6262.58","bucket":"189","time":1575141753304,"group":{"id":"settings","version":"4"},"event":{"state":true,"data":{"component":"UpdatesConfigurable","created":1575141753306},"id":"invoked"}}
{"recorder_version":"21","session":"d3ef603cc863","build":"192.6262.58","bucket":"189","time":1575141753420,"group":{"id":"settings","version":"4"},"event":{"state":true,"data":{"component":"GeneralSettings","created":1575141753421,"name":"confirmExit","type":"bool","value":false},"id":"not.default"}}
{"recorder_version":"21","session":"d3ef603cc863","build":"192.6262.58","bucket":"189","time":1575141753420,"group":{"id":"settings","version":"4"},"event":{"state":true,"data":{"component":"GeneralSettings","created":1575141753422,"name":"showTipsOnStartup","type":"bool","value":false},"id":"not.default"}}
{"recorder_version":"21","session":"d3ef603cc863","build":"192.6262.58","bucket":"189","time":1575141753420,"group":{"id":"settings","version":"4"},"event":{"state":true,"data":{"component":"GeneralSettings","created":1575141753425},"id":"invoked"}}
{"recorder_version":"21","session":"d3ef603cc863","build":"192.6262.58","bucket":"189","time":1575141753428,"group":{"id":"lifecycle","version":"21"},"event":{"count":1,"data":{"internal":true,"eap":false,"created":1575141753429},"id":"ide.start"}}
{"recorder_version":"21","session":"d3ef603cc863","build":"192.6262.58","bucket":"189","time":1575141753712,"group":{"id":"lifecycle","version":"21"},"event":{"count":1,"data":{"created":1575141753712},"id":"frame.activated"}}
{"recorder_version":"21","session":"d3ef603cc863","build":"192.6262.58","bucket":"189","time":1575141753845,"group":{"id":"performance","version":"21"},"event":{"count":1,"data":{"duration_ms":8,"created":1575141753845},"id":"ui.latency"}}
{"recorder_version":"21","session":"d3ef603cc863","build":"192.6262.58","bucket":"189","time":1575141754190,"group":{"id":"ui.dialogs","version":"21"},"event":{"count":1,"data":{"created":1575141754192,"plugin_type":"PLATFORM","type":"show"},"id":"com.intellij.openapi.progress.util.ProgressDialog$MyDialogWrapper"}}
{"recorder_version":"21","session":"d3ef603cc863","build":"192.6262.58","bucket":"189","time":1575141755203,"group":{"id":"lifecycle","version":"21"},"event":{"count":1,"data":{"created":1575141755204,"project":"4452600da3b350ab41d92ae108c2baae6ff0ac3ddb31bd67020ee046ec77ac09"},"id":"project.opened"}}
{"recorder_version":"21","session":"d3ef603cc863","build":"192.6262.58","bucket":"189","time":1575141756853,"group":{"id":"settings","version":"4"},"event":{"state":true,"data":{"component":"XmlEditorOptions","created":1575141756853},"id":"invoked"}}
{"recorder_version":"21","session":"d3ef603cc863","build":"192.6262.58","bucket":"189","time":1575141757571,"group":{"id":"toolwindow","version":"21"},"event":{"count":1,"data":{"os":"Mac","created":1575141757571,"plugin_type":"PLATFORM"},"id":"Project"}}
{"recorder_version":"21","session":"d3ef603cc863","build":"192.6262.58","bucket":"189","time":1575141758354,"group":{"id":"performance","version":"21"},"event":{"count":1,"data":{"duration_ms":506,"created":1575141758354},"id":"ui.lagging"}}
{"recorder_version":"21","session":"d3ef603cc863","build":"192.6262.58","bucket":"189","time":1575141759716,"group":{"id":"kotlin.jps.target","version":"1"},"event":{"count":2,"data":{"plugin_version":"validation.undefined_rule","last":1575141759716,"created":1575141759716},"id":"validation.undefined_rule"}}
{"recorder_version":"21","session":"d3ef603cc863","build":"192.6262.58","bucket":"189","time":1575141759737,"group":{"id":"project.fs","version":"1"},"event":{"state":true,"data":{"os":"Mac","cs-project":false,"created":1575141759738,"project":"4452600da3b350ab41d92ae108c2baae6ff0ac3ddb31bd67020ee046ec77ac09","cs-implicit":true,"cs-system":false},"id":"case-sensitivity"}}
{"recorder_version":"21","session":"d3ef603cc863","build":"192.6262.58","bucket":"189","time":1575141759738,"group":{"id":"project.fs","version":"1"},"event":{"state":true,"data":{"created":1575141759738},"id":"invoked"}}
{"recorder_version":"21","session":"d3ef603cc863","build":"192.6262.58","bucket":"189","time":1575141759738,"group":{"id":"project.fs","version":"1"},"event":{"state":true,"data":{"pct-non-watched":0,"created":1575141759738,"project":"4452600da3b350ab41d92ae108c2baae6ff0ac3ddb31bd67020ee046ec77ac09"},"id":"roots-watched"}}
{"recorder_version":"21","session":"d3ef603cc863","build":"192.6262.58","bucket":"189","time":1575141759738,"group":{"id":"project.fs","version":"1"},"event":{"state":true,"data":{"created":1575141759739},"id":"invoked"}}
{"recorder_version":"21","session":"d3ef603cc863","build":"192.6262.58","bucket":"189","time":1575141759894,"group":{"id":"ui.dialogs","version":"21"},"event":{"count":1,"data":{"code":1,"created":1575141759894,"plugin_type":"PLATFORM","type":"close"},"id":"com.intellij.openapi.progress.util.ProgressDialog$MyDialogWrapper"}}
{"recorder_version":"21","session":"d3ef603cc863","build":"192.6262.58","bucket":"189","time":1575141760112,"group":{"id":"lifecycle","version":"21"},"event":{"count":1,"data":{"duration_ms":6199,"created":1575141760112,"project":"4452600da3b350ab41d92ae108c2baae6ff0ac3ddb31bd67020ee046ec77ac09"},"id":"project.opening.finished"}}
{"recorder_version":"21","session":"d3ef603cc863","build":"192.6262.58","bucket":"189","time":1575141761483,"group":{"id":"vcs.change.reminder","version":"1"},"event":{"count":1,"data":{"created":1575141761484,"project":"4452600da3b350ab41d92ae108c2baae6ff0ac3ddb31bd67020ee046ec77ac09","execution_time":232},"id":"prediction.calculated"}}
{"recorder_version":"21","session":"d3ef603cc863","build":"192.6262.58","bucket":"189","time":1575141761550,"group":{"id":"vcs.change.reminder","version":"1"},"event":{"count":1,"data":{"created":1575141761550,"project":"4452600da3b350ab41d92ae108c2baae6ff0ac3ddb31bd67020ee046ec77ac09","execution_time":66},"id":"prediction.calculated"}}
{"recorder_version":"21","session":"d3ef603cc863","build":"192.6262.58","bucket":"189","time":1575141761592,"group":{"id":"vcs.change.reminder","version":"1"},"event":{"count":1,"data":{"created":1575141761592,"project":"4452600da3b350ab41d92ae108c2baae6ff0ac3ddb31bd67020ee046ec77ac09","execution_time":41},"id":"prediction.calculated"}}
{"recorder_version":"21","session":"d3ef603cc863","build":"192.6262.58","bucket":"189","time":1575141761632,"group":{"id":"vcs.change.reminder","version":"1"},"event":{"count":1,"data":{"created":1575141761632,"project":"4452600da3b350ab41d92ae108c2baae6ff0ac3ddb31bd67020ee046ec77ac09","execution_time":40},"id":"prediction.calculated"}}
{"recorder_version":"21","session":"d3ef603cc863","build":"192.6262.58","bucket":"189","time":1575141761671,"group":{"id":"vcs.change.reminder","version":"1"},"event":{"count":1,"data":{"created":1575141761672,"project":"4452600da3b350ab41d92ae108c2baae6ff0ac3ddb31bd67020ee046ec77ac09","execution_time":39},"id":"prediction.calculated"}}
{"recorder_version":"21","session":"d3ef603cc863","build":"192.6262.58","bucket":"189","time":1575141762960,"group":{"id":"performance","version":"21"},"event":{"count":1,"data":{"duration_ms":108,"created":1575141762960},"id":"ui.lagging"}}
{"recorder_version":"21","session":"d3ef603cc863","build":"192.6262.58","bucket":"189","time":1575141763227,"group":{"id":"file.types.usage","version":"21"},"event":{"count":2,"data":{"plugin":"com.intellij.java","last":1575141766797,"created":1575141763227,"plugin_type":"JB_BUNDLED","project":"4452600da3b350ab41d92ae108c2baae6ff0ac3ddb31bd67020ee046ec77ac09","type":"edit"},"id":"JAVA"}}
{"recorder_version":"21","session":"d3ef603cc863","build":"192.6262.58","bucket":"189","time":1575141771244,"group":{"id":"actions","version":"21"},"event":{"count":5,"data":{"context_menu":false,"last":1575141778361,"current_file":"JAVA","created":1575141771244,"plugin_type":"PLATFORM","project":"4452600da3b350ab41d92ae108c2baae6ff0ac3ddb31bd67020ee046ec77ac09","place":"keyboard_shortcut","class":"com.intellij.openapi.editor.actions.BackspaceAction","input_event":"Backspace"},"id":"EditorBackSpace"}}
{"recorder_version":"21","session":"d3ef603cc863","build":"192.6262.58","bucket":"189","time":1575141780477,"group":{"id":"actions","version":"21"},"event":{"count":1,"data":{"context_menu":false,"current_file":"JAVA","created":1575141780477,"plugin_type":"PLATFORM","project":"4452600da3b350ab41d92ae108c2baae6ff0ac3ddb31bd67020ee046ec77ac09","place":"keyboard_shortcut","class":"com.intellij.openapi.fileEditor.impl.EditorTabbedContainer$CloseTab","input_event":"Meta+W"},"id":"com.intellij.openapi.fileEditor.impl.EditorTabbedContainer$CloseTab"}}
{"recorder_version":"21","session":"d3ef603cc863","build":"192.6262.58","bucket":"189","time":1575141781244,"group":{"id":"lifecycle","version":"21"},"event":{"count":1,"data":{"restart":false,"created":1575141781244},"id":"ide.close"}}
{"recorder_version":"21","session":"d3ef603cc863","build":"192.6262.58","bucket":"189","time":1575141781603,"group":{"id":"lifecycle","version":"21"},"event":{"count":1,"data":{"created":1575141781603,"project":"4452600da3b350ab41d92ae108c2baae6ff0ac3ddb31bd67020ee046ec77ac09"},"id":"project.closed"}}
