{"recorder_version":"21","session":"8bf4f35a0a12","build":"192.6262.58","bucket":"189","time":1574802142693,"group":{"id":"settings","version":"4"},"event":{"state":true,"data":{"component":"NotRoamableUiSettings","created":1574802142867},"id":"invoked"}}
{"recorder_version":"21","session":"8bf4f35a0a12","build":"192.6262.58","bucket":"189","time":1574802142695,"group":{"id":"settings","version":"4"},"event":{"state":true,"data":{"component":"UISettings","created":1574802142870},"id":"invoked"}}
{"recorder_version":"21","session":"8bf4f35a0a12","build":"192.6262.58","bucket":"189","time":1574802142696,"group":{"id":"system.java","version":"1"},"event":{"state":true,"data":{"created":1574802142879,"version":"1.11"},"id":"JetBrains"}}
{"recorder_version":"21","session":"8bf4f35a0a12","build":"192.6262.58","bucket":"189","time":1574802142696,"group":{"id":"system.java","version":"1"},"event":{"state":true,"data":{"created":1574802142879},"id":"invoked"}}
{"recorder_version":"21","session":"8bf4f35a0a12","build":"192.6262.58","bucket":"189","time":1574802142718,"group":{"id":"system.os","version":"3"},"event":{"state":true,"data":{"created":1574802142880,"version":"10.14"},"id":"Mac"}}
{"recorder_version":"21","session":"8bf4f35a0a12","build":"192.6262.58","bucket":"189","time":1574802142718,"group":{"id":"system.os","version":"3"},"event":{"state":true,"data":{"created":1574802142881,"name":"Mac","version":"10.14"},"id":"os.name"}}
{"recorder_version":"21","session":"8bf4f35a0a12","build":"192.6262.58","bucket":"189","time":1574802142718,"group":{"id":"system.os","version":"3"},"event":{"state":true,"data":{"created":1574802142882,"value":"+09_00"},"id":"os.timezone"}}
{"recorder_version":"21","session":"8bf4f35a0a12","build":"192.6262.58","bucket":"189","time":1574802142718,"group":{"id":"system.os","version":"3"},"event":{"state":true,"data":{"created":1574802142883},"id":"invoked"}}
{"recorder_version":"21","session":"8bf4f35a0a12","build":"192.6262.58","bucket":"189","time":1574802142867,"group":{"id":"event.log","version":"21"},"event":{"count":1,"data":{"created":1574802142884,"version":"930.0"},"id":"whitelist.loaded"}}
{"recorder_version":"21","session":"8bf4f35a0a12","build":"192.6262.58","bucket":"189","time":1574802145032,"group":{"id":"settings","version":"4"},"event":{"state":true,"data":{"component":"UpdatesConfigurable","created":1574802145032,"name":"checkNeeded","type":"bool","value":false},"id":"not.default"}}
{"recorder_version":"21","session":"8bf4f35a0a12","build":"192.6262.58","bucket":"189","time":1574802145032,"group":{"id":"settings","version":"4"},"event":{"state":true,"data":{"component":"UpdatesConfigurable","created":1574802145033},"id":"invoked"}}
{"recorder_version":"21","session":"8bf4f35a0a12","build":"192.6262.58","bucket":"189","time":1574802145141,"group":{"id":"settings","version":"4"},"event":{"state":true,"data":{"component":"GeneralSettings","created":1574802145141,"name":"confirmExit","type":"bool","value":false},"id":"not.default"}}
{"recorder_version":"21","session":"8bf4f35a0a12","build":"192.6262.58","bucket":"189","time":1574802145141,"group":{"id":"settings","version":"4"},"event":{"state":true,"data":{"component":"GeneralSettings","created":1574802145142,"name":"showTipsOnStartup","type":"bool","value":false},"id":"not.default"}}
{"recorder_version":"21","session":"8bf4f35a0a12","build":"192.6262.58","bucket":"189","time":1574802145141,"group":{"id":"settings","version":"4"},"event":{"state":true,"data":{"component":"GeneralSettings","created":1574802145144},"id":"invoked"}}
{"recorder_version":"21","session":"8bf4f35a0a12","build":"192.6262.58","bucket":"189","time":1574802145146,"group":{"id":"lifecycle","version":"21"},"event":{"count":1,"data":{"internal":true,"eap":false,"created":1574802145146},"id":"ide.start"}}
{"recorder_version":"21","session":"8bf4f35a0a12","build":"192.6262.58","bucket":"189","time":1574802145443,"group":{"id":"lifecycle","version":"21"},"event":{"count":1,"data":{"created":1574802145443},"id":"frame.activated"}}
{"recorder_version":"21","session":"8bf4f35a0a12","build":"192.6262.58","bucket":"189","time":1574802145733,"group":{"id":"performance","version":"21"},"event":{"count":1,"data":{"duration_ms":1,"created":1574802145733},"id":"ui.latency"}}
{"recorder_version":"21","session":"8bf4f35a0a12","build":"192.6262.58","bucket":"189","time":1574802145911,"group":{"id":"ui.dialogs","version":"21"},"event":{"count":1,"data":{"created":1574802145911,"plugin_type":"PLATFORM","type":"show"},"id":"com.intellij.openapi.progress.util.ProgressDialog$MyDialogWrapper"}}
{"recorder_version":"21","session":"8bf4f35a0a12","build":"192.6262.58","bucket":"189","time":1574802147042,"group":{"id":"lifecycle","version":"21"},"event":{"count":1,"data":{"created":1574802147042,"project":"92ddc83aceaa9edad1485397ccc1680a8fd16623aa2c155379eac4aafdb2a559"},"id":"project.opened"}}
{"recorder_version":"21","session":"8bf4f35a0a12","build":"192.6262.58","bucket":"189","time":1574802148711,"group":{"id":"settings","version":"4"},"event":{"state":true,"data":{"component":"XmlEditorOptions","created":1574802148711},"id":"invoked"}}
{"recorder_version":"21","session":"8bf4f35a0a12","build":"192.6262.58","bucket":"189","time":1574802148873,"group":{"id":"performance","version":"21"},"event":{"count":1,"data":{"duration_ms":134,"created":1574802148874},"id":"ui.lagging"}}
{"recorder_version":"21","session":"8bf4f35a0a12","build":"192.6262.58","bucket":"189","time":1574802149114,"group":{"id":"toolwindow","version":"21"},"event":{"count":1,"data":{"os":"Mac","created":1574802149115,"plugin_type":"PLATFORM"},"id":"Project"}}
{"recorder_version":"21","session":"8bf4f35a0a12","build":"192.6262.58","bucket":"189","time":1574802151297,"group":{"id":"project.fs","version":"1"},"event":{"state":true,"data":{"os":"Mac","cs-project":false,"created":1574802151298,"project":"92ddc83aceaa9edad1485397ccc1680a8fd16623aa2c155379eac4aafdb2a559","cs-implicit":true,"cs-system":false},"id":"case-sensitivity"}}
{"recorder_version":"21","session":"8bf4f35a0a12","build":"192.6262.58","bucket":"189","time":1574802151298,"group":{"id":"project.fs","version":"1"},"event":{"state":true,"data":{"created":1574802151298},"id":"invoked"}}
{"recorder_version":"21","session":"8bf4f35a0a12","build":"192.6262.58","bucket":"189","time":1574802151299,"group":{"id":"project.fs","version":"1"},"event":{"state":true,"data":{"pct-non-watched":0,"created":1574802151299,"project":"92ddc83aceaa9edad1485397ccc1680a8fd16623aa2c155379eac4aafdb2a559"},"id":"roots-watched"}}
{"recorder_version":"21","session":"8bf4f35a0a12","build":"192.6262.58","bucket":"189","time":1574802151299,"group":{"id":"project.fs","version":"1"},"event":{"state":true,"data":{"created":1574802151299},"id":"invoked"}}
{"recorder_version":"21","session":"8bf4f35a0a12","build":"192.6262.58","bucket":"189","time":1574802151321,"group":{"id":"ui.dialogs","version":"21"},"event":{"count":1,"data":{"code":1,"created":1574802151321,"plugin_type":"PLATFORM","type":"close"},"id":"com.intellij.openapi.progress.util.ProgressDialog$MyDialogWrapper"}}
{"recorder_version":"21","session":"8bf4f35a0a12","build":"192.6262.58","bucket":"189","time":1574802151517,"group":{"id":"lifecycle","version":"21"},"event":{"count":1,"data":{"duration_ms":5858,"created":1574802151517,"project":"92ddc83aceaa9edad1485397ccc1680a8fd16623aa2c155379eac4aafdb2a559"},"id":"project.opening.finished"}}
{"recorder_version":"21","session":"8bf4f35a0a12","build":"192.6262.58","bucket":"189","time":1574802151888,"group":{"id":"performance","version":"21"},"event":{"count":1,"data":{"duration_ms":142,"created":1574802151888},"id":"ui.lagging"}}
{"recorder_version":"21","session":"8bf4f35a0a12","build":"192.6262.58","bucket":"189","time":1574802152260,"group":{"id":"kotlin.jps.target","version":"1"},"event":{"count":1,"data":{"plugin_version":"validation.undefined_rule","created":1574802152260},"id":"validation.undefined_rule"}}
{"recorder_version":"21","session":"8bf4f35a0a12","build":"192.6262.58","bucket":"189","time":1574802155346,"group":{"id":"file.types.usage","version":"21"},"event":{"count":1,"data":{"created":1574802155346,"plugin_type":"PLATFORM","project":"92ddc83aceaa9edad1485397ccc1680a8fd16623aa2c155379eac4aafdb2a559","type":"edit"},"id":"IDEA_MODULE"}}
{"recorder_version":"21","session":"8bf4f35a0a12","build":"192.6262.58","bucket":"189","time":1574802160706,"group":{"id":"lifecycle","version":"21"},"event":{"count":1,"data":{"created":1574802160706,"plugin_type":"NOT_LISTED","error":"java.lang.IllegalArgumentException"},"id":"ide.error"}}
{"recorder_version":"21","session":"8bf4f35a0a12","build":"192.6262.58","bucket":"189","time":1574802162806,"group":{"id":"lifecycle","version":"21"},"event":{"count":1,"data":{"created":1574802162807,"project":"92ddc83aceaa9edad1485397ccc1680a8fd16623aa2c155379eac4aafdb2a559"},"id":"frame.deactivated"}}
{"recorder_version":"21","session":"8bf4f35a0a12","build":"192.6262.58","bucket":"189","time":1574802219855,"group":{"id":"lifecycle","version":"21"},"event":{"count":1,"data":{"created":1574802219855,"project":"92ddc83aceaa9edad1485397ccc1680a8fd16623aa2c155379eac4aafdb2a559"},"id":"frame.activated"}}
{"recorder_version":"21","session":"8bf4f35a0a12","build":"192.6262.58","bucket":"189","time":1574802220207,"group":{"id":"lifecycle","version":"21"},"event":{"count":1,"data":{"restart":false,"created":1574802220207},"id":"ide.close"}}
{"recorder_version":"21","session":"8bf4f35a0a12","build":"192.6262.58","bucket":"189","time":1574802220292,"group":{"id":"lifecycle","version":"21"},"event":{"count":1,"data":{"created":1574802220292,"project":"92ddc83aceaa9edad1485397ccc1680a8fd16623aa2c155379eac4aafdb2a559"},"id":"project.closed"}}
