{"recorder_version":"21","session":"a64f5e514392","build":"192.6262.58","bucket":"189","time":1574630199127,"group":{"id":"settings","version":"4"},"event":{"state":true,"data":{"component":"NotRoamableUiSettings","created":1574630199271},"id":"invoked"}}
{"recorder_version":"21","session":"a64f5e514392","build":"192.6262.58","bucket":"189","time":1574630199129,"group":{"id":"settings","version":"4"},"event":{"state":true,"data":{"component":"UISettings","created":1574630199273},"id":"invoked"}}
{"recorder_version":"21","session":"a64f5e514392","build":"192.6262.58","bucket":"189","time":1574630199129,"group":{"id":"system.java","version":"1"},"event":{"state":true,"data":{"created":1574630199281,"version":"1.11"},"id":"JetBrains"}}
{"recorder_version":"21","session":"a64f5e514392","build":"192.6262.58","bucket":"189","time":1574630199129,"group":{"id":"system.java","version":"1"},"event":{"state":true,"data":{"created":1574630199282},"id":"invoked"}}
{"recorder_version":"21","session":"a64f5e514392","build":"192.6262.58","bucket":"189","time":1574630199149,"group":{"id":"system.os","version":"3"},"event":{"state":true,"data":{"created":1574630199282,"version":"10.14"},"id":"Mac"}}
{"recorder_version":"21","session":"a64f5e514392","build":"192.6262.58","bucket":"189","time":1574630199149,"group":{"id":"system.os","version":"3"},"event":{"state":true,"data":{"created":1574630199283,"name":"Mac","version":"10.14"},"id":"os.name"}}
{"recorder_version":"21","session":"a64f5e514392","build":"192.6262.58","bucket":"189","time":1574630199149,"group":{"id":"system.os","version":"3"},"event":{"state":true,"data":{"created":1574630199284,"value":"+09_00"},"id":"os.timezone"}}
{"recorder_version":"21","session":"a64f5e514392","build":"192.6262.58","bucket":"189","time":1574630199149,"group":{"id":"system.os","version":"3"},"event":{"state":true,"data":{"created":1574630199285},"id":"invoked"}}
{"recorder_version":"21","session":"a64f5e514392","build":"192.6262.58","bucket":"189","time":1574630199271,"group":{"id":"event.log","version":"21"},"event":{"count":1,"data":{"created":1574630199286,"version":"919.0"},"id":"whitelist.loaded"}}
{"recorder_version":"21","session":"a64f5e514392","build":"192.6262.58","bucket":"189","time":1574630201761,"group":{"id":"settings","version":"4"},"event":{"state":true,"data":{"component":"UpdatesConfigurable","created":1574630201761,"name":"checkNeeded","type":"bool","value":false},"id":"not.default"}}
{"recorder_version":"21","session":"a64f5e514392","build":"192.6262.58","bucket":"189","time":1574630201761,"group":{"id":"settings","version":"4"},"event":{"state":true,"data":{"component":"UpdatesConfigurable","created":1574630201763},"id":"invoked"}}
{"recorder_version":"21","session":"a64f5e514392","build":"192.6262.58","bucket":"189","time":1574630201889,"group":{"id":"settings","version":"4"},"event":{"state":true,"data":{"component":"GeneralSettings","created":1574630201889,"name":"confirmExit","type":"bool","value":false},"id":"not.default"}}
{"recorder_version":"21","session":"a64f5e514392","build":"192.6262.58","bucket":"189","time":1574630201889,"group":{"id":"settings","version":"4"},"event":{"state":true,"data":{"component":"GeneralSettings","created":1574630201892,"name":"showTipsOnStartup","type":"bool","value":false},"id":"not.default"}}
{"recorder_version":"21","session":"a64f5e514392","build":"192.6262.58","bucket":"189","time":1574630201889,"group":{"id":"settings","version":"4"},"event":{"state":true,"data":{"component":"GeneralSettings","created":1574630201894},"id":"invoked"}}
{"recorder_version":"21","session":"a64f5e514392","build":"192.6262.58","bucket":"189","time":1574630201895,"group":{"id":"lifecycle","version":"21"},"event":{"count":1,"data":{"internal":true,"eap":false,"created":1574630201896},"id":"ide.start"}}
{"recorder_version":"21","session":"a64f5e514392","build":"192.6262.58","bucket":"189","time":1574630202211,"group":{"id":"lifecycle","version":"21"},"event":{"count":1,"data":{"created":1574630202214},"id":"frame.activated"}}
{"recorder_version":"21","session":"a64f5e514392","build":"192.6262.58","bucket":"189","time":1574630202392,"group":{"id":"performance","version":"21"},"event":{"count":1,"data":{"duration_ms":1,"created":1574630202392},"id":"ui.latency"}}
{"recorder_version":"21","session":"a64f5e514392","build":"192.6262.58","bucket":"189","time":1574630202715,"group":{"id":"ui.dialogs","version":"21"},"event":{"count":1,"data":{"created":1574630202716,"plugin_type":"PLATFORM","type":"show"},"id":"com.intellij.openapi.progress.util.ProgressDialog$MyDialogWrapper"}}
{"recorder_version":"21","session":"a64f5e514392","build":"192.6262.58","bucket":"189","time":1574630203794,"group":{"id":"lifecycle","version":"21"},"event":{"count":1,"data":{"created":1574630203794,"project":"92ddc83aceaa9edad1485397ccc1680a8fd16623aa2c155379eac4aafdb2a559"},"id":"project.opened"}}
{"recorder_version":"21","session":"a64f5e514392","build":"192.6262.58","bucket":"189","time":1574630204501,"group":{"id":"performance","version":"21"},"event":{"count":1,"data":{"duration_ms":115,"created":1574630204501},"id":"ui.lagging"}}
{"recorder_version":"21","session":"a64f5e514392","build":"192.6262.58","bucket":"189","time":1574630205442,"group":{"id":"settings","version":"4"},"event":{"state":true,"data":{"component":"XmlEditorOptions","created":1574630205442},"id":"invoked"}}
{"recorder_version":"21","session":"a64f5e514392","build":"192.6262.58","bucket":"189","time":1574630205508,"group":{"id":"performance","version":"21"},"event":{"count":1,"data":{"duration_ms":121,"created":1574630205508},"id":"ui.lagging"}}
{"recorder_version":"21","session":"a64f5e514392","build":"192.6262.58","bucket":"189","time":1574630205694,"group":{"id":"toolwindow","version":"21"},"event":{"count":1,"data":{"os":"Mac","created":1574630205694,"plugin_type":"PLATFORM"},"id":"Project"}}
{"recorder_version":"21","session":"a64f5e514392","build":"192.6262.58","bucket":"189","time":1574630208016,"group":{"id":"project.fs","version":"1"},"event":{"state":true,"data":{"os":"Mac","cs-project":false,"created":1574630208016,"project":"92ddc83aceaa9edad1485397ccc1680a8fd16623aa2c155379eac4aafdb2a559","cs-implicit":true,"cs-system":false},"id":"case-sensitivity"}}
{"recorder_version":"21","session":"a64f5e514392","build":"192.6262.58","bucket":"189","time":1574630208016,"group":{"id":"project.fs","version":"1"},"event":{"state":true,"data":{"created":1574630208017},"id":"invoked"}}
{"recorder_version":"21","session":"a64f5e514392","build":"192.6262.58","bucket":"189","time":1574630208018,"group":{"id":"project.fs","version":"1"},"event":{"state":true,"data":{"pct-non-watched":0,"created":1574630208018,"project":"92ddc83aceaa9edad1485397ccc1680a8fd16623aa2c155379eac4aafdb2a559"},"id":"roots-watched"}}
{"recorder_version":"21","session":"a64f5e514392","build":"192.6262.58","bucket":"189","time":1574630208018,"group":{"id":"project.fs","version":"1"},"event":{"state":true,"data":{"created":1574630208019},"id":"invoked"}}
{"recorder_version":"21","session":"a64f5e514392","build":"192.6262.58","bucket":"189","time":1574630208043,"group":{"id":"ui.dialogs","version":"21"},"event":{"count":1,"data":{"code":1,"created":1574630208043,"plugin_type":"PLATFORM","type":"close"},"id":"com.intellij.openapi.progress.util.ProgressDialog$MyDialogWrapper"}}
{"recorder_version":"21","session":"a64f5e514392","build":"192.6262.58","bucket":"189","time":1574630208295,"group":{"id":"lifecycle","version":"21"},"event":{"count":1,"data":{"duration_ms":5843,"created":1574630208295,"project":"92ddc83aceaa9edad1485397ccc1680a8fd16623aa2c155379eac4aafdb2a559"},"id":"project.opening.finished"}}
{"recorder_version":"21","session":"a64f5e514392","build":"192.6262.58","bucket":"189","time":1574630208698,"group":{"id":"performance","version":"21"},"event":{"count":1,"data":{"duration_ms":306,"created":1574630208698},"id":"ui.lagging"}}
{"recorder_version":"21","session":"a64f5e514392","build":"192.6262.58","bucket":"189","time":1574630209089,"group":{"id":"kotlin.jps.target","version":"1"},"event":{"count":1,"data":{"plugin_version":"1.3.41-release-IJ2019.2-1","created":1574630209089},"id":"jvm"}}
{"recorder_version":"21","session":"a64f5e514392","build":"192.6262.58","bucket":"189","time":1574630211324,"group":{"id":"file.types.usage","version":"21"},"event":{"count":1,"data":{"created":1574630211324,"plugin_type":"PLATFORM","project":"92ddc83aceaa9edad1485397ccc1680a8fd16623aa2c155379eac4aafdb2a559","type":"edit"},"id":"IDEA_MODULE"}}
{"recorder_version":"21","session":"a64f5e514392","build":"192.6262.58","bucket":"189","time":1574630216649,"group":{"id":"actions","version":"21"},"event":{"count":3,"data":{"context_menu":false,"last":1574630217754,"current_file":"TEXT","created":1574630216649,"plugin_type":"PLATFORM","project":"92ddc83aceaa9edad1485397ccc1680a8fd16623aa2c155379eac4aafdb2a559","place":"keyboard_shortcut","class":"com.intellij.openapi.editor.actions.EnterAction","input_event":"Enter"},"id":"EditorEnter"}}
{"recorder_version":"21","session":"a64f5e514392","build":"192.6262.58","bucket":"189","time":1574630219349,"group":{"id":"actions","version":"21"},"event":{"count":4,"data":{"context_menu":false,"last":1574630220048,"current_file":"TEXT","created":1574630219349,"plugin_type":"PLATFORM","project":"92ddc83aceaa9edad1485397ccc1680a8fd16623aa2c155379eac4aafdb2a559","place":"keyboard_shortcut","class":"com.intellij.openapi.editor.actions.BackspaceAction","input_event":"Backspace"},"id":"EditorBackSpace"}}
{"recorder_version":"21","session":"a64f5e514392","build":"192.6262.58","bucket":"189","time":1574630220537,"group":{"id":"actions","version":"21"},"event":{"count":2,"data":{"context_menu":false,"last":1574630220757,"current_file":"TEXT","created":1574630220537,"plugin_type":"PLATFORM","project":"92ddc83aceaa9edad1485397ccc1680a8fd16623aa2c155379eac4aafdb2a559","place":"keyboard_shortcut","class":"com.intellij.openapi.editor.actions.EnterAction","input_event":"Enter"},"id":"EditorEnter"}}
{"recorder_version":"21","session":"a64f5e514392","build":"192.6262.58","bucket":"189","time":1574630221714,"group":{"id":"actions","version":"21"},"event":{"count":4,"data":{"context_menu":false,"last":1574630222514,"current_file":"TEXT","created":1574630221714,"plugin_type":"PLATFORM","project":"92ddc83aceaa9edad1485397ccc1680a8fd16623aa2c155379eac4aafdb2a559","place":"keyboard_shortcut","class":"com.intellij.openapi.editor.actions.BackspaceAction","input_event":"Backspace"},"id":"EditorBackSpace"}}
{"recorder_version":"21","session":"a64f5e514392","build":"192.6262.58","bucket":"189","time":1574630232531,"group":{"id":"lifecycle","version":"21"},"event":{"count":1,"data":{"created":1574630232532,"project":"92ddc83aceaa9edad1485397ccc1680a8fd16623aa2c155379eac4aafdb2a559"},"id":"frame.deactivated"}}
{"recorder_version":"21","session":"a64f5e514392","build":"192.6262.58","bucket":"189","time":1574630237163,"group":{"id":"lifecycle","version":"21"},"event":{"count":1,"data":{"created":1574630237164,"project":"92ddc83aceaa9edad1485397ccc1680a8fd16623aa2c155379eac4aafdb2a559"},"id":"frame.activated"}}
{"recorder_version":"21","session":"a64f5e514392","build":"192.6262.58","bucket":"189","time":1574630243319,"group":{"id":"lifecycle","version":"21"},"event":{"count":1,"data":{"created":1574630243319,"project":"92ddc83aceaa9edad1485397ccc1680a8fd16623aa2c155379eac4aafdb2a559"},"id":"frame.deactivated"}}
