{"recorder_version":"21","session":"dfdd8072d7ab","build":"192.6262.58","bucket":"189","time":1574779834365,"group":{"id":"settings","version":"4"},"event":{"state":true,"data":{"component":"NotRoamableUiSettings","created":1574779834541},"id":"invoked"}}
{"recorder_version":"21","session":"dfdd8072d7ab","build":"192.6262.58","bucket":"189","time":1574779834367,"group":{"id":"system.java","version":"1"},"event":{"state":true,"data":{"created":1574779834544,"version":"1.11"},"id":"JetBrains"}}
{"recorder_version":"21","session":"dfdd8072d7ab","build":"192.6262.58","bucket":"189","time":1574779834367,"group":{"id":"system.java","version":"1"},"event":{"state":true,"data":{"created":1574779834556},"id":"invoked"}}
{"recorder_version":"21","session":"dfdd8072d7ab","build":"192.6262.58","bucket":"189","time":1574779834367,"group":{"id":"settings","version":"4"},"event":{"state":true,"data":{"component":"UISettings","created":1574779834557},"id":"invoked"}}
{"recorder_version":"21","session":"dfdd8072d7ab","build":"192.6262.58","bucket":"189","time":1574779834389,"group":{"id":"system.os","version":"3"},"event":{"state":true,"data":{"created":1574779834558,"version":"10.14"},"id":"Mac"}}
{"recorder_version":"21","session":"dfdd8072d7ab","build":"192.6262.58","bucket":"189","time":1574779834389,"group":{"id":"system.os","version":"3"},"event":{"state":true,"data":{"created":1574779834559,"name":"Mac","version":"10.14"},"id":"os.name"}}
{"recorder_version":"21","session":"dfdd8072d7ab","build":"192.6262.58","bucket":"189","time":1574779834389,"group":{"id":"system.os","version":"3"},"event":{"state":true,"data":{"created":1574779834560,"value":"+09_00"},"id":"os.timezone"}}
{"recorder_version":"21","session":"dfdd8072d7ab","build":"192.6262.58","bucket":"189","time":1574779834389,"group":{"id":"system.os","version":"3"},"event":{"state":true,"data":{"created":1574779834561},"id":"invoked"}}
{"recorder_version":"21","session":"dfdd8072d7ab","build":"192.6262.58","bucket":"189","time":1574779834541,"group":{"id":"event.log","version":"21"},"event":{"count":1,"data":{"created":1574779834562,"version":"925.0"},"id":"whitelist.loaded"}}
{"recorder_version":"21","session":"dfdd8072d7ab","build":"192.6262.58","bucket":"189","time":1574779836719,"group":{"id":"settings","version":"4"},"event":{"state":true,"data":{"component":"UpdatesConfigurable","created":1574779836720,"name":"checkNeeded","type":"bool","value":false},"id":"not.default"}}
{"recorder_version":"21","session":"dfdd8072d7ab","build":"192.6262.58","bucket":"189","time":1574779836719,"group":{"id":"settings","version":"4"},"event":{"state":true,"data":{"component":"UpdatesConfigurable","created":1574779836722},"id":"invoked"}}
{"recorder_version":"21","session":"dfdd8072d7ab","build":"192.6262.58","bucket":"189","time":1574779836845,"group":{"id":"settings","version":"4"},"event":{"state":true,"data":{"component":"GeneralSettings","created":1574779836846,"name":"confirmExit","type":"bool","value":false},"id":"not.default"}}
{"recorder_version":"21","session":"dfdd8072d7ab","build":"192.6262.58","bucket":"189","time":1574779836846,"group":{"id":"settings","version":"4"},"event":{"state":true,"data":{"component":"GeneralSettings","created":1574779836848,"name":"showTipsOnStartup","type":"bool","value":false},"id":"not.default"}}
{"recorder_version":"21","session":"dfdd8072d7ab","build":"192.6262.58","bucket":"189","time":1574779836846,"group":{"id":"settings","version":"4"},"event":{"state":true,"data":{"component":"GeneralSettings","created":1574779836850},"id":"invoked"}}
{"recorder_version":"21","session":"dfdd8072d7ab","build":"192.6262.58","bucket":"189","time":1574779836854,"group":{"id":"lifecycle","version":"21"},"event":{"count":1,"data":{"internal":true,"eap":false,"created":1574779836855},"id":"ide.start"}}
{"recorder_version":"21","session":"dfdd8072d7ab","build":"192.6262.58","bucket":"189","time":1574779837148,"group":{"id":"lifecycle","version":"21"},"event":{"count":1,"data":{"created":1574779837148},"id":"frame.activated"}}
{"recorder_version":"21","session":"dfdd8072d7ab","build":"192.6262.58","bucket":"189","time":1574779837346,"group":{"id":"performance","version":"21"},"event":{"count":1,"data":{"duration_ms":2,"created":1574779837346},"id":"ui.latency"}}
{"recorder_version":"21","session":"dfdd8072d7ab","build":"192.6262.58","bucket":"189","time":1574779837631,"group":{"id":"ui.dialogs","version":"21"},"event":{"count":1,"data":{"created":1574779837632,"plugin_type":"PLATFORM","type":"show"},"id":"com.intellij.openapi.progress.util.ProgressDialog$MyDialogWrapper"}}
{"recorder_version":"21","session":"dfdd8072d7ab","build":"192.6262.58","bucket":"189","time":1574779838744,"group":{"id":"lifecycle","version":"21"},"event":{"count":1,"data":{"created":1574779838744,"project":"92ddc83aceaa9edad1485397ccc1680a8fd16623aa2c155379eac4aafdb2a559"},"id":"project.opened"}}
{"recorder_version":"21","session":"dfdd8072d7ab","build":"192.6262.58","bucket":"189","time":1574779839470,"group":{"id":"performance","version":"21"},"event":{"count":1,"data":{"duration_ms":117,"created":1574779839471},"id":"ui.lagging"}}
{"recorder_version":"21","session":"dfdd8072d7ab","build":"192.6262.58","bucket":"189","time":1574779840448,"group":{"id":"settings","version":"4"},"event":{"state":true,"data":{"component":"XmlEditorOptions","created":1574779840448},"id":"invoked"}}
{"recorder_version":"21","session":"dfdd8072d7ab","build":"192.6262.58","bucket":"189","time":1574779840524,"group":{"id":"performance","version":"21"},"event":{"count":1,"data":{"duration_ms":166,"created":1574779840524},"id":"ui.lagging"}}
{"recorder_version":"21","session":"dfdd8072d7ab","build":"192.6262.58","bucket":"189","time":1574779840667,"group":{"id":"toolwindow","version":"21"},"event":{"count":1,"data":{"os":"Mac","created":1574779840667,"plugin_type":"PLATFORM"},"id":"Project"}}
{"recorder_version":"21","session":"dfdd8072d7ab","build":"192.6262.58","bucket":"189","time":1574779842839,"group":{"id":"kotlin.jps.target","version":"1"},"event":{"count":1,"data":{"plugin_version":"1.3.41-release-IJ2019.2-1","created":1574779842840},"id":"jvm"}}
{"recorder_version":"21","session":"dfdd8072d7ab","build":"192.6262.58","bucket":"189","time":1574779842869,"group":{"id":"project.fs","version":"1"},"event":{"state":true,"data":{"os":"Mac","cs-project":false,"created":1574779842869,"project":"92ddc83aceaa9edad1485397ccc1680a8fd16623aa2c155379eac4aafdb2a559","cs-implicit":true,"cs-system":false},"id":"case-sensitivity"}}
{"recorder_version":"21","session":"dfdd8072d7ab","build":"192.6262.58","bucket":"189","time":1574779842869,"group":{"id":"project.fs","version":"1"},"event":{"state":true,"data":{"created":1574779842870},"id":"invoked"}}
{"recorder_version":"21","session":"dfdd8072d7ab","build":"192.6262.58","bucket":"189","time":1574779842870,"group":{"id":"project.fs","version":"1"},"event":{"state":true,"data":{"pct-non-watched":0,"created":1574779842871,"project":"92ddc83aceaa9edad1485397ccc1680a8fd16623aa2c155379eac4aafdb2a559"},"id":"roots-watched"}}
{"recorder_version":"21","session":"dfdd8072d7ab","build":"192.6262.58","bucket":"189","time":1574779842870,"group":{"id":"project.fs","version":"1"},"event":{"state":true,"data":{"created":1574779842871},"id":"invoked"}}
{"recorder_version":"21","session":"dfdd8072d7ab","build":"192.6262.58","bucket":"189","time":1574779842974,"group":{"id":"ui.dialogs","version":"21"},"event":{"count":1,"data":{"code":1,"created":1574779842974,"plugin_type":"PLATFORM","type":"close"},"id":"com.intellij.openapi.progress.util.ProgressDialog$MyDialogWrapper"}}
{"recorder_version":"21","session":"dfdd8072d7ab","build":"192.6262.58","bucket":"189","time":1574779843075,"group":{"id":"lifecycle","version":"21"},"event":{"count":1,"data":{"duration_ms":5700,"created":1574779843075,"project":"92ddc83aceaa9edad1485397ccc1680a8fd16623aa2c155379eac4aafdb2a559"},"id":"project.opening.finished"}}
{"recorder_version":"21","session":"dfdd8072d7ab","build":"192.6262.58","bucket":"189","time":1574779843538,"group":{"id":"performance","version":"21"},"event":{"count":1,"data":{"duration_ms":175,"created":1574779843538},"id":"ui.lagging"}}
{"recorder_version":"21","session":"dfdd8072d7ab","build":"192.6262.58","bucket":"189","time":1574779846770,"group":{"id":"file.types.usage","version":"21"},"event":{"count":1,"data":{"created":1574779846770,"plugin_type":"PLATFORM","project":"92ddc83aceaa9edad1485397ccc1680a8fd16623aa2c155379eac4aafdb2a559","type":"edit"},"id":"IDEA_MODULE"}}
{"recorder_version":"21","session":"dfdd8072d7ab","build":"192.6262.58","bucket":"189","time":1574779872642,"group":{"id":"lifecycle","version":"21"},"event":{"count":1,"data":{"created":1574779872642,"project":"92ddc83aceaa9edad1485397ccc1680a8fd16623aa2c155379eac4aafdb2a559"},"id":"frame.deactivated"}}
{"recorder_version":"21","session":"dfdd8072d7ab","build":"192.6262.58","bucket":"189","time":1574779885285,"group":{"id":"lifecycle","version":"21"},"event":{"count":1,"data":{"created":1574779885285,"project":"92ddc83aceaa9edad1485397ccc1680a8fd16623aa2c155379eac4aafdb2a559"},"id":"frame.activated"}}
{"recorder_version":"21","session":"dfdd8072d7ab","build":"192.6262.58","bucket":"189","time":1574779889359,"group":{"id":"actions","version":"21"},"event":{"count":1,"data":{"context_menu":false,"current_file":"TEXT","created":1574779889359,"plugin_type":"PLATFORM","project":"92ddc83aceaa9edad1485397ccc1680a8fd16623aa2c155379eac4aafdb2a559","place":"keyboard_shortcut","class":"com.intellij.openapi.editor.actions.BackspaceAction","input_event":"Backspace"},"id":"EditorBackSpace"}}
{"recorder_version":"21","session":"dfdd8072d7ab","build":"192.6262.58","bucket":"189","time":1574779903907,"group":{"id":"lifecycle","version":"21"},"event":{"count":1,"data":{"created":1574779903907,"project":"92ddc83aceaa9edad1485397ccc1680a8fd16623aa2c155379eac4aafdb2a559"},"id":"frame.deactivated"}}
{"recorder_version":"21","session":"dfdd8072d7ab","build":"192.6262.58","bucket":"189","time":1574779905532,"group":{"id":"lifecycle","version":"21"},"event":{"count":1,"data":{"created":1574779905532,"project":"92ddc83aceaa9edad1485397ccc1680a8fd16623aa2c155379eac4aafdb2a559"},"id":"frame.activated"}}
{"recorder_version":"21","session":"dfdd8072d7ab","build":"192.6262.58","bucket":"189","time":1574779906931,"group":{"id":"file.types.usage","version":"21"},"event":{"count":1,"data":{"created":1574779906931,"plugin_type":"PLATFORM","project":"92ddc83aceaa9edad1485397ccc1680a8fd16623aa2c155379eac4aafdb2a559","type":"edit"},"id":"IDEA_MODULE"}}
{"recorder_version":"21","session":"dfdd8072d7ab","build":"192.6262.58","bucket":"189","time":1574779909698,"group":{"id":"lifecycle","version":"21"},"event":{"count":1,"data":{"restart":false,"created":1574779909698},"id":"ide.close"}}
{"recorder_version":"21","session":"dfdd8072d7ab","build":"192.6262.58","bucket":"189","time":1574779909774,"group":{"id":"lifecycle","version":"21"},"event":{"count":1,"data":{"created":1574779909774,"project":"92ddc83aceaa9edad1485397ccc1680a8fd16623aa2c155379eac4aafdb2a559"},"id":"project.closed"}}
