{"recorder_version":"21","session":"867e57878c64","build":"192.6262.58","bucket":"189","time":1574431396473,"group":{"id":"settings","version":"4"},"event":{"state":true,"data":{"component":"NotRoamableUiSettings","created":1574431396653},"id":"invoked"}}
{"recorder_version":"21","session":"867e57878c64","build":"192.6262.58","bucket":"189","time":1574431396475,"group":{"id":"system.java","version":"1"},"event":{"state":true,"data":{"created":1574431396655,"version":"1.11"},"id":"JetBrains"}}
{"recorder_version":"21","session":"867e57878c64","build":"192.6262.58","bucket":"189","time":1574431396475,"group":{"id":"system.java","version":"1"},"event":{"state":true,"data":{"created":1574431396665},"id":"invoked"}}
{"recorder_version":"21","session":"867e57878c64","build":"192.6262.58","bucket":"189","time":1574431396475,"group":{"id":"settings","version":"4"},"event":{"state":true,"data":{"component":"UISettings","created":1574431396666},"id":"invoked"}}
{"recorder_version":"21","session":"867e57878c64","build":"192.6262.58","bucket":"189","time":1574431396497,"group":{"id":"system.os","version":"3"},"event":{"state":true,"data":{"created":1574431396667,"version":"10.14"},"id":"Mac"}}
{"recorder_version":"21","session":"867e57878c64","build":"192.6262.58","bucket":"189","time":1574431396497,"group":{"id":"system.os","version":"3"},"event":{"state":true,"data":{"created":1574431396668,"name":"Mac","version":"10.14"},"id":"os.name"}}
{"recorder_version":"21","session":"867e57878c64","build":"192.6262.58","bucket":"189","time":1574431396497,"group":{"id":"system.os","version":"3"},"event":{"state":true,"data":{"created":1574431396670,"value":"+09_00"},"id":"os.timezone"}}
{"recorder_version":"21","session":"867e57878c64","build":"192.6262.58","bucket":"189","time":1574431396497,"group":{"id":"system.os","version":"3"},"event":{"state":true,"data":{"created":1574431396671},"id":"invoked"}}
{"recorder_version":"21","session":"867e57878c64","build":"192.6262.58","bucket":"189","time":1574431396653,"group":{"id":"event.log","version":"21"},"event":{"count":1,"data":{"created":1574431396673,"version":"916.0"},"id":"whitelist.loaded"}}
{"recorder_version":"21","session":"867e57878c64","build":"192.6262.58","bucket":"189","time":1574431398995,"group":{"id":"settings","version":"4"},"event":{"state":true,"data":{"component":"UpdatesConfigurable","created":1574431398996,"name":"checkNeeded","type":"bool","value":false},"id":"not.default"}}
{"recorder_version":"21","session":"867e57878c64","build":"192.6262.58","bucket":"189","time":1574431398995,"group":{"id":"settings","version":"4"},"event":{"state":true,"data":{"component":"UpdatesConfigurable","created":1574431398997},"id":"invoked"}}
{"recorder_version":"21","session":"867e57878c64","build":"192.6262.58","bucket":"189","time":1574431399129,"group":{"id":"settings","version":"4"},"event":{"state":true,"data":{"component":"GeneralSettings","created":1574431399130,"name":"confirmExit","type":"bool","value":false},"id":"not.default"}}
{"recorder_version":"21","session":"867e57878c64","build":"192.6262.58","bucket":"189","time":1574431399130,"group":{"id":"settings","version":"4"},"event":{"state":true,"data":{"component":"GeneralSettings","created":1574431399135,"name":"showTipsOnStartup","type":"bool","value":false},"id":"not.default"}}
{"recorder_version":"21","session":"867e57878c64","build":"192.6262.58","bucket":"189","time":1574431399130,"group":{"id":"settings","version":"4"},"event":{"state":true,"data":{"component":"GeneralSettings","created":1574431399136},"id":"invoked"}}
{"recorder_version":"21","session":"867e57878c64","build":"192.6262.58","bucket":"189","time":1574431399140,"group":{"id":"lifecycle","version":"21"},"event":{"count":1,"data":{"internal":true,"eap":false,"created":1574431399140},"id":"ide.start"}}
{"recorder_version":"21","session":"867e57878c64","build":"192.6262.58","bucket":"189","time":1574431399657,"group":{"id":"performance","version":"21"},"event":{"count":1,"data":{"duration_ms":1,"created":1574431399658},"id":"ui.latency"}}
{"recorder_version":"21","session":"867e57878c64","build":"192.6262.58","bucket":"189","time":1574431399898,"group":{"id":"ui.dialogs","version":"21"},"event":{"count":1,"data":{"created":1574431399898,"plugin_type":"PLATFORM","type":"show"},"id":"com.intellij.openapi.progress.util.ProgressDialog$MyDialogWrapper"}}
{"recorder_version":"21","session":"867e57878c64","build":"192.6262.58","bucket":"189","time":1574431401185,"group":{"id":"lifecycle","version":"21"},"event":{"count":1,"data":{"created":1574431401185,"project":"a0f12fb42952fc36a102045bdbb22ad1f15aa9443e9c675024683f4da70c8bc4"},"id":"project.opened"}}
{"recorder_version":"21","session":"867e57878c64","build":"192.6262.58","bucket":"189","time":1574431401910,"group":{"id":"performance","version":"21"},"event":{"count":1,"data":{"duration_ms":250,"created":1574431401910},"id":"ui.lagging"}}
{"recorder_version":"21","session":"867e57878c64","build":"192.6262.58","bucket":"189","time":1574431403254,"group":{"id":"settings","version":"4"},"event":{"state":true,"data":{"component":"XmlEditorOptions","created":1574431403254},"id":"invoked"}}
{"recorder_version":"21","session":"867e57878c64","build":"192.6262.58","bucket":"189","time":1574431403348,"group":{"id":"performance","version":"21"},"event":{"count":1,"data":{"duration_ms":687,"created":1574431403349},"id":"ui.lagging"}}
{"recorder_version":"21","session":"867e57878c64","build":"192.6262.58","bucket":"189","time":1574431403557,"group":{"id":"toolwindow","version":"21"},"event":{"count":1,"data":{"os":"Mac","created":1574431403558,"plugin_type":"PLATFORM"},"id":"Project"}}
{"recorder_version":"21","session":"867e57878c64","build":"192.6262.58","bucket":"189","time":1574431404037,"group":{"id":"performance","version":"21"},"event":{"count":1,"data":{"duration_ms":374,"created":1574431404038},"id":"ui.lagging"}}
{"recorder_version":"21","session":"867e57878c64","build":"192.6262.58","bucket":"189","time":1574431404504,"group":{"id":"lifecycle","version":"21"},"event":{"count":1,"data":{"created":1574431404504,"project":"a0f12fb42952fc36a102045bdbb22ad1f15aa9443e9c675024683f4da70c8bc4"},"id":"frame.activated"}}
{"recorder_version":"21","session":"867e57878c64","build":"192.6262.58","bucket":"189","time":1574431404836,"group":{"id":"performance","version":"21"},"event":{"count":1,"data":{"duration_ms":172,"created":1574431404837},"id":"ui.lagging"}}
{"recorder_version":"21","session":"867e57878c64","build":"192.6262.58","bucket":"189","time":1574431406230,"group":{"id":"project.fs","version":"1"},"event":{"state":true,"data":{"os":"Mac","cs-project":false,"created":1574431406230,"project":"a0f12fb42952fc36a102045bdbb22ad1f15aa9443e9c675024683f4da70c8bc4","cs-implicit":true,"cs-system":false},"id":"case-sensitivity"}}
{"recorder_version":"21","session":"867e57878c64","build":"192.6262.58","bucket":"189","time":1574431406230,"group":{"id":"project.fs","version":"1"},"event":{"state":true,"data":{"created":1574431406230},"id":"invoked"}}
{"recorder_version":"21","session":"867e57878c64","build":"192.6262.58","bucket":"189","time":1574431406230,"group":{"id":"project.fs","version":"1"},"event":{"state":true,"data":{"pct-non-watched":0,"created":1574431406230,"project":"a0f12fb42952fc36a102045bdbb22ad1f15aa9443e9c675024683f4da70c8bc4"},"id":"roots-watched"}}
{"recorder_version":"21","session":"867e57878c64","build":"192.6262.58","bucket":"189","time":1574431406230,"group":{"id":"project.fs","version":"1"},"event":{"state":true,"data":{"created":1574431406231},"id":"invoked"}}
{"recorder_version":"21","session":"867e57878c64","build":"192.6262.58","bucket":"189","time":1574431406312,"group":{"id":"ui.dialogs","version":"21"},"event":{"count":1,"data":{"code":1,"created":1574431406313,"plugin_type":"PLATFORM","type":"close"},"id":"com.intellij.openapi.progress.util.ProgressDialog$MyDialogWrapper"}}
{"recorder_version":"21","session":"867e57878c64","build":"192.6262.58","bucket":"189","time":1574431406470,"group":{"id":"lifecycle","version":"21"},"event":{"count":1,"data":{"duration_ms":6813,"created":1574431406471,"project":"a0f12fb42952fc36a102045bdbb22ad1f15aa9443e9c675024683f4da70c8bc4"},"id":"project.opening.finished"}}
{"recorder_version":"21","session":"867e57878c64","build":"192.6262.58","bucket":"189","time":1574431406815,"group":{"id":"performance","version":"21"},"event":{"count":1,"data":{"duration_ms":149,"created":1574431406815},"id":"ui.lagging"}}
{"recorder_version":"21","session":"867e57878c64","build":"192.6262.58","bucket":"189","time":1574431408025,"group":{"id":"file.types.usage","version":"21"},"event":{"count":1,"data":{"plugin":"com.intellij.java","created":1574431408025,"plugin_type":"JB_BUNDLED","project":"a0f12fb42952fc36a102045bdbb22ad1f15aa9443e9c675024683f4da70c8bc4","type":"edit"},"id":"JAVA"}}
{"recorder_version":"21","session":"867e57878c64","build":"192.6262.58","bucket":"189","time":1574431408073,"group":{"id":"lifecycle","version":"21"},"event":{"count":1,"data":{"created":1574431408073,"plugin_type":"NOT_LISTED","error":"java.lang.ClassCastException"},"id":"ide.error"}}
{"recorder_version":"21","session":"867e57878c64","build":"192.6262.58","bucket":"189","time":1574431408461,"group":{"id":"kotlin.jps.target","version":"1"},"event":{"count":1,"data":{"plugin_version":"1.3.41-release-IJ2019.2-1","created":1574431408461},"id":"jvm"}}
{"recorder_version":"21","session":"867e57878c64","build":"192.6262.58","bucket":"189","time":1574431414832,"group":{"id":"lifecycle","version":"21"},"event":{"count":1,"data":{"created":1574431414832,"project":"a0f12fb42952fc36a102045bdbb22ad1f15aa9443e9c675024683f4da70c8bc4"},"id":"frame.deactivated"}}
{"recorder_version":"21","session":"867e57878c64","build":"192.6262.58","bucket":"189","time":1574431423892,"group":{"id":"lifecycle","version":"21"},"event":{"count":1,"data":{"created":1574431423892,"project":"a0f12fb42952fc36a102045bdbb22ad1f15aa9443e9c675024683f4da70c8bc4"},"id":"frame.activated"}}
{"recorder_version":"21","session":"867e57878c64","build":"192.6262.58","bucket":"189","time":1574431424134,"group":{"id":"lifecycle","version":"21"},"event":{"count":1,"data":{"restart":false,"created":1574431424134},"id":"ide.close"}}
{"recorder_version":"21","session":"867e57878c64","build":"192.6262.58","bucket":"189","time":1574431424221,"group":{"id":"lifecycle","version":"21"},"event":{"count":1,"data":{"created":1574431424221,"project":"a0f12fb42952fc36a102045bdbb22ad1f15aa9443e9c675024683f4da70c8bc4"},"id":"project.closed"}}
