{"recorder_version":"21","session":"4333f1fc0125","build":"192.6262.58","bucket":"189","time":1574786943516,"group":{"id":"settings","version":"4"},"event":{"state":true,"data":{"component":"NotRoamableUiSettings","created":1574786943678},"id":"invoked"}}
{"recorder_version":"21","session":"4333f1fc0125","build":"192.6262.58","bucket":"189","time":1574786943518,"group":{"id":"settings","version":"4"},"event":{"state":true,"data":{"component":"UISettings","created":1574786943679},"id":"invoked"}}
{"recorder_version":"21","session":"4333f1fc0125","build":"192.6262.58","bucket":"189","time":1574786943518,"group":{"id":"system.java","version":"1"},"event":{"state":true,"data":{"created":1574786943690,"version":"1.11"},"id":"JetBrains"}}
{"recorder_version":"21","session":"4333f1fc0125","build":"192.6262.58","bucket":"189","time":1574786943518,"group":{"id":"system.java","version":"1"},"event":{"state":true,"data":{"created":1574786943691},"id":"invoked"}}
{"recorder_version":"21","session":"4333f1fc0125","build":"192.6262.58","bucket":"189","time":1574786943541,"group":{"id":"system.os","version":"3"},"event":{"state":true,"data":{"created":1574786943692,"version":"10.14"},"id":"Mac"}}
{"recorder_version":"21","session":"4333f1fc0125","build":"192.6262.58","bucket":"189","time":1574786943541,"group":{"id":"system.os","version":"3"},"event":{"state":true,"data":{"created":1574786943693,"name":"Mac","version":"10.14"},"id":"os.name"}}
{"recorder_version":"21","session":"4333f1fc0125","build":"192.6262.58","bucket":"189","time":1574786943541,"group":{"id":"system.os","version":"3"},"event":{"state":true,"data":{"created":1574786943693,"value":"+09_00"},"id":"os.timezone"}}
{"recorder_version":"21","session":"4333f1fc0125","build":"192.6262.58","bucket":"189","time":1574786943541,"group":{"id":"system.os","version":"3"},"event":{"state":true,"data":{"created":1574786943694},"id":"invoked"}}
{"recorder_version":"21","session":"4333f1fc0125","build":"192.6262.58","bucket":"189","time":1574786943678,"group":{"id":"event.log","version":"21"},"event":{"count":1,"data":{"created":1574786943695,"version":"925.0"},"id":"whitelist.loaded"}}
{"recorder_version":"21","session":"4333f1fc0125","build":"192.6262.58","bucket":"189","time":1574786945929,"group":{"id":"settings","version":"4"},"event":{"state":true,"data":{"component":"UpdatesConfigurable","created":1574786945930,"name":"checkNeeded","type":"bool","value":false},"id":"not.default"}}
{"recorder_version":"21","session":"4333f1fc0125","build":"192.6262.58","bucket":"189","time":1574786945929,"group":{"id":"settings","version":"4"},"event":{"state":true,"data":{"component":"UpdatesConfigurable","created":1574786945931},"id":"invoked"}}
{"recorder_version":"21","session":"4333f1fc0125","build":"192.6262.58","bucket":"189","time":1574786946082,"group":{"id":"settings","version":"4"},"event":{"state":true,"data":{"component":"GeneralSettings","created":1574786946083,"name":"confirmExit","type":"bool","value":false},"id":"not.default"}}
{"recorder_version":"21","session":"4333f1fc0125","build":"192.6262.58","bucket":"189","time":1574786946082,"group":{"id":"settings","version":"4"},"event":{"state":true,"data":{"component":"GeneralSettings","created":1574786946086,"name":"showTipsOnStartup","type":"bool","value":false},"id":"not.default"}}
{"recorder_version":"21","session":"4333f1fc0125","build":"192.6262.58","bucket":"189","time":1574786946082,"group":{"id":"settings","version":"4"},"event":{"state":true,"data":{"component":"GeneralSettings","created":1574786946086},"id":"invoked"}}
{"recorder_version":"21","session":"4333f1fc0125","build":"192.6262.58","bucket":"189","time":1574786946098,"group":{"id":"lifecycle","version":"21"},"event":{"count":1,"data":{"internal":true,"eap":false,"created":1574786946100},"id":"ide.start"}}
{"recorder_version":"21","session":"4333f1fc0125","build":"192.6262.58","bucket":"189","time":1574786946364,"group":{"id":"lifecycle","version":"21"},"event":{"count":1,"data":{"created":1574786946364},"id":"frame.activated"}}
{"recorder_version":"21","session":"4333f1fc0125","build":"192.6262.58","bucket":"189","time":1574786946640,"group":{"id":"performance","version":"21"},"event":{"count":1,"data":{"duration_ms":0,"created":1574786946641},"id":"ui.latency"}}
{"recorder_version":"21","session":"4333f1fc0125","build":"192.6262.58","bucket":"189","time":1574786946836,"group":{"id":"ui.dialogs","version":"21"},"event":{"count":1,"data":{"created":1574786946837,"plugin_type":"PLATFORM","type":"show"},"id":"com.intellij.openapi.progress.util.ProgressDialog$MyDialogWrapper"}}
{"recorder_version":"21","session":"4333f1fc0125","build":"192.6262.58","bucket":"189","time":1574786947756,"group":{"id":"lifecycle","version":"21"},"event":{"count":1,"data":{"created":1574786947756,"project":"92ddc83aceaa9edad1485397ccc1680a8fd16623aa2c155379eac4aafdb2a559"},"id":"project.opened"}}
{"recorder_version":"21","session":"4333f1fc0125","build":"192.6262.58","bucket":"189","time":1574786949332,"group":{"id":"settings","version":"4"},"event":{"state":true,"data":{"component":"XmlEditorOptions","created":1574786949332},"id":"invoked"}}
{"recorder_version":"21","session":"4333f1fc0125","build":"192.6262.58","bucket":"189","time":1574786949561,"group":{"id":"toolwindow","version":"21"},"event":{"count":1,"data":{"os":"Mac","created":1574786949561,"plugin_type":"PLATFORM"},"id":"Project"}}
{"recorder_version":"21","session":"4333f1fc0125","build":"192.6262.58","bucket":"189","time":1574786949898,"group":{"id":"performance","version":"21"},"event":{"count":1,"data":{"duration_ms":251,"created":1574786949898},"id":"ui.lagging"}}
{"recorder_version":"21","session":"4333f1fc0125","build":"192.6262.58","bucket":"189","time":1574786951698,"group":{"id":"project.fs","version":"1"},"event":{"state":true,"data":{"os":"Mac","cs-project":false,"created":1574786951699,"project":"92ddc83aceaa9edad1485397ccc1680a8fd16623aa2c155379eac4aafdb2a559","cs-implicit":true,"cs-system":false},"id":"case-sensitivity"}}
{"recorder_version":"21","session":"4333f1fc0125","build":"192.6262.58","bucket":"189","time":1574786951698,"group":{"id":"project.fs","version":"1"},"event":{"state":true,"data":{"created":1574786951699},"id":"invoked"}}
{"recorder_version":"21","session":"4333f1fc0125","build":"192.6262.58","bucket":"189","time":1574786951699,"group":{"id":"project.fs","version":"1"},"event":{"state":true,"data":{"pct-non-watched":0,"created":1574786951699,"project":"92ddc83aceaa9edad1485397ccc1680a8fd16623aa2c155379eac4aafdb2a559"},"id":"roots-watched"}}
{"recorder_version":"21","session":"4333f1fc0125","build":"192.6262.58","bucket":"189","time":1574786951699,"group":{"id":"project.fs","version":"1"},"event":{"state":true,"data":{"created":1574786951700},"id":"invoked"}}
{"recorder_version":"21","session":"4333f1fc0125","build":"192.6262.58","bucket":"189","time":1574786951765,"group":{"id":"ui.dialogs","version":"21"},"event":{"count":1,"data":{"code":1,"created":1574786951765,"plugin_type":"PLATFORM","type":"close"},"id":"com.intellij.openapi.progress.util.ProgressDialog$MyDialogWrapper"}}
{"recorder_version":"21","session":"4333f1fc0125","build":"192.6262.58","bucket":"189","time":1574786951949,"group":{"id":"lifecycle","version":"21"},"event":{"count":1,"data":{"duration_ms":5409,"created":1574786951949,"project":"92ddc83aceaa9edad1485397ccc1680a8fd16623aa2c155379eac4aafdb2a559"},"id":"project.opening.finished"}}
{"recorder_version":"21","session":"4333f1fc0125","build":"192.6262.58","bucket":"189","time":1574786953475,"group":{"id":"file.types.usage","version":"21"},"event":{"count":1,"data":{"created":1574786953475,"plugin_type":"PLATFORM","project":"92ddc83aceaa9edad1485397ccc1680a8fd16623aa2c155379eac4aafdb2a559","type":"edit"},"id":"IDEA_MODULE"}}
{"recorder_version":"21","session":"4333f1fc0125","build":"192.6262.58","bucket":"189","time":1574786953808,"group":{"id":"kotlin.jps.target","version":"1"},"event":{"count":1,"data":{"plugin_version":"1.3.41-release-IJ2019.2-1","created":1574786953809},"id":"jvm"}}
{"recorder_version":"21","session":"4333f1fc0125","build":"192.6262.58","bucket":"189","time":1574786960584,"group":{"id":"actions","version":"21"},"event":{"count":1,"data":{"context_menu":false,"current_file":"TEXT","created":1574786960584,"plugin_type":"PLATFORM","project":"92ddc83aceaa9edad1485397ccc1680a8fd16623aa2c155379eac4aafdb2a559","place":"keyboard_shortcut","class":"com.intellij.openapi.editor.actions.EnterAction","input_event":"Enter"},"id":"EditorEnter"}}
{"recorder_version":"21","session":"4333f1fc0125","build":"192.6262.58","bucket":"189","time":1574786973420,"group":{"id":"actions","version":"21"},"event":{"count":1,"data":{"context_menu":false,"current_file":"TEXT","created":1574786973420,"plugin_type":"PLATFORM","project":"92ddc83aceaa9edad1485397ccc1680a8fd16623aa2c155379eac4aafdb2a559","place":"keyboard_shortcut","class":"com.intellij.openapi.editor.actions.BackspaceAction","input_event":"Backspace"},"id":"EditorBackSpace"}}
{"recorder_version":"21","session":"4333f1fc0125","build":"192.6262.58","bucket":"189","time":1574786979834,"group":{"id":"lifecycle","version":"21"},"event":{"count":1,"data":{"created":1574786979835,"project":"92ddc83aceaa9edad1485397ccc1680a8fd16623aa2c155379eac4aafdb2a559"},"id":"frame.deactivated"}}
{"recorder_version":"21","session":"4333f1fc0125","build":"192.6262.58","bucket":"189","time":1574786984686,"group":{"id":"lifecycle","version":"21"},"event":{"count":1,"data":{"created":1574786984687,"project":"92ddc83aceaa9edad1485397ccc1680a8fd16623aa2c155379eac4aafdb2a559"},"id":"frame.activated"}}
{"recorder_version":"21","session":"4333f1fc0125","build":"192.6262.58","bucket":"189","time":1574786985434,"group":{"id":"actions","version":"21"},"event":{"count":1,"data":{"context_menu":false,"current_file":"TEXT","created":1574786985435,"plugin_type":"PLATFORM","project":"92ddc83aceaa9edad1485397ccc1680a8fd16623aa2c155379eac4aafdb2a559","place":"keyboard_shortcut","class":"com.intellij.openapi.editor.actions.EnterAction","input_event":"Enter"},"id":"EditorEnter"}}
{"recorder_version":"21","session":"4333f1fc0125","build":"192.6262.58","bucket":"189","time":1574786990332,"group":{"id":"lifecycle","version":"21"},"event":{"count":1,"data":{"created":1574786990332,"project":"92ddc83aceaa9edad1485397ccc1680a8fd16623aa2c155379eac4aafdb2a559"},"id":"frame.deactivated"}}
{"recorder_version":"21","session":"4333f1fc0125","build":"192.6262.58","bucket":"189","time":1574787046920,"group":{"id":"performance","version":"21"},"event":{"count":1,"data":{"duration_ms":0,"created":1574787046921},"id":"ui.latency"}}
{"recorder_version":"21","session":"4333f1fc0125","build":"192.6262.58","bucket":"189","time":1574787094303,"group":{"id":"lifecycle","version":"21"},"event":{"count":1,"data":{"created":1574787094303,"project":"92ddc83aceaa9edad1485397ccc1680a8fd16623aa2c155379eac4aafdb2a559"},"id":"frame.activated"}}
{"recorder_version":"21","session":"4333f1fc0125","build":"192.6262.58","bucket":"189","time":1574787095563,"group":{"id":"lifecycle","version":"21"},"event":{"count":1,"data":{"restart":false,"created":1574787095563},"id":"ide.close"}}
{"recorder_version":"21","session":"4333f1fc0125","build":"192.6262.58","bucket":"189","time":1574787095671,"group":{"id":"lifecycle","version":"21"},"event":{"count":1,"data":{"created":1574787095672,"project":"92ddc83aceaa9edad1485397ccc1680a8fd16623aa2c155379eac4aafdb2a559"},"id":"project.closed"}}
