{"recorder_version":"21","session":"d5632d60108b","build":"192.6262.58","bucket":"189","time":1574783470753,"group":{"id":"settings","version":"4"},"event":{"state":true,"data":{"component":"NotRoamableUiSettings","created":1574783470928},"id":"invoked"}}
{"recorder_version":"21","session":"d5632d60108b","build":"192.6262.58","bucket":"189","time":1574783470755,"group":{"id":"system.java","version":"1"},"event":{"state":true,"data":{"created":1574783470931,"version":"1.11"},"id":"JetBrains"}}
{"recorder_version":"21","session":"d5632d60108b","build":"192.6262.58","bucket":"189","time":1574783470755,"group":{"id":"system.java","version":"1"},"event":{"state":true,"data":{"created":1574783470947},"id":"invoked"}}
{"recorder_version":"21","session":"d5632d60108b","build":"192.6262.58","bucket":"189","time":1574783470755,"group":{"id":"settings","version":"4"},"event":{"state":true,"data":{"component":"UISettings","created":1574783470947},"id":"invoked"}}
{"recorder_version":"21","session":"d5632d60108b","build":"192.6262.58","bucket":"189","time":1574783470781,"group":{"id":"system.os","version":"3"},"event":{"state":true,"data":{"created":1574783470948,"version":"10.14"},"id":"Mac"}}
{"recorder_version":"21","session":"d5632d60108b","build":"192.6262.58","bucket":"189","time":1574783470781,"group":{"id":"system.os","version":"3"},"event":{"state":true,"data":{"created":1574783470949,"name":"Mac","version":"10.14"},"id":"os.name"}}
{"recorder_version":"21","session":"d5632d60108b","build":"192.6262.58","bucket":"189","time":1574783470781,"group":{"id":"system.os","version":"3"},"event":{"state":true,"data":{"created":1574783470950,"value":"+09_00"},"id":"os.timezone"}}
{"recorder_version":"21","session":"d5632d60108b","build":"192.6262.58","bucket":"189","time":1574783470781,"group":{"id":"system.os","version":"3"},"event":{"state":true,"data":{"created":1574783470951},"id":"invoked"}}
{"recorder_version":"21","session":"d5632d60108b","build":"192.6262.58","bucket":"189","time":1574783470928,"group":{"id":"event.log","version":"21"},"event":{"count":1,"data":{"created":1574783470952,"version":"925.0"},"id":"whitelist.loaded"}}
{"recorder_version":"21","session":"d5632d60108b","build":"192.6262.58","bucket":"189","time":1574783473020,"group":{"id":"settings","version":"4"},"event":{"state":true,"data":{"component":"UpdatesConfigurable","created":1574783473020,"name":"checkNeeded","type":"bool","value":false},"id":"not.default"}}
{"recorder_version":"21","session":"d5632d60108b","build":"192.6262.58","bucket":"189","time":1574783473020,"group":{"id":"settings","version":"4"},"event":{"state":true,"data":{"component":"UpdatesConfigurable","created":1574783473021},"id":"invoked"}}
{"recorder_version":"21","session":"d5632d60108b","build":"192.6262.58","bucket":"189","time":1574783473168,"group":{"id":"settings","version":"4"},"event":{"state":true,"data":{"component":"GeneralSettings","created":1574783473169,"name":"confirmExit","type":"bool","value":false},"id":"not.default"}}
{"recorder_version":"21","session":"d5632d60108b","build":"192.6262.58","bucket":"189","time":1574783473168,"group":{"id":"settings","version":"4"},"event":{"state":true,"data":{"component":"GeneralSettings","created":1574783473170,"name":"showTipsOnStartup","type":"bool","value":false},"id":"not.default"}}
{"recorder_version":"21","session":"d5632d60108b","build":"192.6262.58","bucket":"189","time":1574783473168,"group":{"id":"settings","version":"4"},"event":{"state":true,"data":{"component":"GeneralSettings","created":1574783473173},"id":"invoked"}}
{"recorder_version":"21","session":"d5632d60108b","build":"192.6262.58","bucket":"189","time":1574783473177,"group":{"id":"lifecycle","version":"21"},"event":{"count":1,"data":{"internal":true,"eap":false,"created":1574783473177},"id":"ide.start"}}
{"recorder_version":"21","session":"d5632d60108b","build":"192.6262.58","bucket":"189","time":1574783473479,"group":{"id":"lifecycle","version":"21"},"event":{"count":1,"data":{"created":1574783473479},"id":"frame.activated"}}
{"recorder_version":"21","session":"d5632d60108b","build":"192.6262.58","bucket":"189","time":1574783473723,"group":{"id":"performance","version":"21"},"event":{"count":1,"data":{"duration_ms":1,"created":1574783473723},"id":"ui.latency"}}
{"recorder_version":"21","session":"d5632d60108b","build":"192.6262.58","bucket":"189","time":1574783473962,"group":{"id":"ui.dialogs","version":"21"},"event":{"count":1,"data":{"created":1574783473962,"plugin_type":"PLATFORM","type":"show"},"id":"com.intellij.openapi.progress.util.ProgressDialog$MyDialogWrapper"}}
{"recorder_version":"21","session":"d5632d60108b","build":"192.6262.58","bucket":"189","time":1574783475031,"group":{"id":"lifecycle","version":"21"},"event":{"count":1,"data":{"created":1574783475031,"project":"92ddc83aceaa9edad1485397ccc1680a8fd16623aa2c155379eac4aafdb2a559"},"id":"project.opened"}}
{"recorder_version":"21","session":"d5632d60108b","build":"192.6262.58","bucket":"189","time":1574783476624,"group":{"id":"settings","version":"4"},"event":{"state":true,"data":{"component":"XmlEditorOptions","created":1574783476624},"id":"invoked"}}
{"recorder_version":"21","session":"d5632d60108b","build":"192.6262.58","bucket":"189","time":1574783476843,"group":{"id":"toolwindow","version":"21"},"event":{"count":1,"data":{"os":"Mac","created":1574783476843,"plugin_type":"PLATFORM"},"id":"Project"}}
{"recorder_version":"21","session":"d5632d60108b","build":"192.6262.58","bucket":"189","time":1574783477888,"group":{"id":"performance","version":"21"},"event":{"count":1,"data":{"duration_ms":162,"created":1574783477889},"id":"ui.lagging"}}
{"recorder_version":"21","session":"d5632d60108b","build":"192.6262.58","bucket":"189","time":1574783478877,"group":{"id":"performance","version":"21"},"event":{"count":1,"data":{"duration_ms":147,"created":1574783478877},"id":"ui.lagging"}}
{"recorder_version":"21","session":"d5632d60108b","build":"192.6262.58","bucket":"189","time":1574783479027,"group":{"id":"project.fs","version":"1"},"event":{"state":true,"data":{"os":"Mac","cs-project":false,"created":1574783479028,"project":"92ddc83aceaa9edad1485397ccc1680a8fd16623aa2c155379eac4aafdb2a559","cs-implicit":true,"cs-system":false},"id":"case-sensitivity"}}
{"recorder_version":"21","session":"d5632d60108b","build":"192.6262.58","bucket":"189","time":1574783479028,"group":{"id":"project.fs","version":"1"},"event":{"state":true,"data":{"created":1574783479029},"id":"invoked"}}
{"recorder_version":"21","session":"d5632d60108b","build":"192.6262.58","bucket":"189","time":1574783479029,"group":{"id":"project.fs","version":"1"},"event":{"state":true,"data":{"pct-non-watched":0,"created":1574783479029,"project":"92ddc83aceaa9edad1485397ccc1680a8fd16623aa2c155379eac4aafdb2a559"},"id":"roots-watched"}}
{"recorder_version":"21","session":"d5632d60108b","build":"192.6262.58","bucket":"189","time":1574783479029,"group":{"id":"project.fs","version":"1"},"event":{"state":true,"data":{"created":1574783479030},"id":"invoked"}}
{"recorder_version":"21","session":"d5632d60108b","build":"192.6262.58","bucket":"189","time":1574783479111,"group":{"id":"ui.dialogs","version":"21"},"event":{"count":1,"data":{"code":1,"created":1574783479111,"plugin_type":"PLATFORM","type":"close"},"id":"com.intellij.openapi.progress.util.ProgressDialog$MyDialogWrapper"}}
{"recorder_version":"21","session":"d5632d60108b","build":"192.6262.58","bucket":"189","time":1574783479286,"group":{"id":"lifecycle","version":"21"},"event":{"count":1,"data":{"duration_ms":5624,"created":1574783479286,"project":"92ddc83aceaa9edad1485397ccc1680a8fd16623aa2c155379eac4aafdb2a559"},"id":"project.opening.finished"}}
{"recorder_version":"21","session":"d5632d60108b","build":"192.6262.58","bucket":"189","time":1574783481311,"group":{"id":"kotlin.jps.target","version":"1"},"event":{"count":1,"data":{"plugin_version":"1.3.41-release-IJ2019.2-1","created":1574783481311},"id":"jvm"}}
{"recorder_version":"21","session":"d5632d60108b","build":"192.6262.58","bucket":"189","time":1574783481359,"group":{"id":"file.types.usage","version":"21"},"event":{"count":1,"data":{"created":1574783481359,"plugin_type":"PLATFORM","project":"92ddc83aceaa9edad1485397ccc1680a8fd16623aa2c155379eac4aafdb2a559","type":"edit"},"id":"IDEA_MODULE"}}
{"recorder_version":"21","session":"d5632d60108b","build":"192.6262.58","bucket":"189","time":1574783484543,"group":{"id":"actions","version":"21"},"event":{"count":19,"data":{"context_menu":false,"last":1574783494487,"current_file":"TEXT","created":1574783484544,"plugin_type":"PLATFORM","project":"92ddc83aceaa9edad1485397ccc1680a8fd16623aa2c155379eac4aafdb2a559","place":"keyboard_shortcut","class":"com.intellij.openapi.editor.actions.EnterAction","input_event":"Enter"},"id":"EditorEnter"}}
{"recorder_version":"21","session":"d5632d60108b","build":"192.6262.58","bucket":"189","time":1574783510300,"group":{"id":"lifecycle","version":"21"},"event":{"count":1,"data":{"created":1574783510300,"project":"92ddc83aceaa9edad1485397ccc1680a8fd16623aa2c155379eac4aafdb2a559"},"id":"frame.deactivated"}}
{"recorder_version":"21","session":"d5632d60108b","build":"192.6262.58","bucket":"189","time":1574783518971,"group":{"id":"lifecycle","version":"21"},"event":{"count":1,"data":{"created":1574783518971,"project":"92ddc83aceaa9edad1485397ccc1680a8fd16623aa2c155379eac4aafdb2a559"},"id":"project.closed"}}
{"recorder_version":"21","session":"d5632d60108b","build":"192.6262.58","bucket":"189","time":1574783520916,"group":{"id":"lifecycle","version":"21"},"event":{"count":1,"data":{"restart":false,"created":1574783520916},"id":"ide.close"}}
