{"recorder_version":"21","session":"30646af1acb4","build":"192.6262.58","bucket":"189","time":1574801705086,"group":{"id":"settings","version":"4"},"event":{"state":true,"data":{"component":"NotRoamableUiSettings","created":1574801705247},"id":"invoked"}}
{"recorder_version":"21","session":"30646af1acb4","build":"192.6262.58","bucket":"189","time":1574801705088,"group":{"id":"system.java","version":"1"},"event":{"state":true,"data":{"created":1574801705249,"version":"1.11"},"id":"JetBrains"}}
{"recorder_version":"21","session":"30646af1acb4","build":"192.6262.58","bucket":"189","time":1574801705088,"group":{"id":"system.java","version":"1"},"event":{"state":true,"data":{"created":1574801705257},"id":"invoked"}}
{"recorder_version":"21","session":"30646af1acb4","build":"192.6262.58","bucket":"189","time":1574801705088,"group":{"id":"settings","version":"4"},"event":{"state":true,"data":{"component":"UISettings","created":1574801705258},"id":"invoked"}}
{"recorder_version":"21","session":"30646af1acb4","build":"192.6262.58","bucket":"189","time":1574801705110,"group":{"id":"system.os","version":"3"},"event":{"state":true,"data":{"created":1574801705259,"version":"10.14"},"id":"Mac"}}
{"recorder_version":"21","session":"30646af1acb4","build":"192.6262.58","bucket":"189","time":1574801705110,"group":{"id":"system.os","version":"3"},"event":{"state":true,"data":{"created":1574801705261,"name":"Mac","version":"10.14"},"id":"os.name"}}
{"recorder_version":"21","session":"30646af1acb4","build":"192.6262.58","bucket":"189","time":1574801705110,"group":{"id":"system.os","version":"3"},"event":{"state":true,"data":{"created":1574801705275,"value":"+09_00"},"id":"os.timezone"}}
{"recorder_version":"21","session":"30646af1acb4","build":"192.6262.58","bucket":"189","time":1574801705110,"group":{"id":"system.os","version":"3"},"event":{"state":true,"data":{"created":1574801705276},"id":"invoked"}}
{"recorder_version":"21","session":"30646af1acb4","build":"192.6262.58","bucket":"189","time":1574801705247,"group":{"id":"event.log","version":"21"},"event":{"count":1,"data":{"created":1574801705277,"version":"930.0"},"id":"whitelist.loaded"}}
{"recorder_version":"21","session":"30646af1acb4","build":"192.6262.58","bucket":"189","time":1574801707514,"group":{"id":"settings","version":"4"},"event":{"state":true,"data":{"component":"UpdatesConfigurable","created":1574801707514,"name":"checkNeeded","type":"bool","value":false},"id":"not.default"}}
{"recorder_version":"21","session":"30646af1acb4","build":"192.6262.58","bucket":"189","time":1574801707514,"group":{"id":"settings","version":"4"},"event":{"state":true,"data":{"component":"UpdatesConfigurable","created":1574801707515},"id":"invoked"}}
{"recorder_version":"21","session":"30646af1acb4","build":"192.6262.58","bucket":"189","time":1574801708123,"group":{"id":"lifecycle","version":"21"},"event":{"count":1,"data":{"internal":true,"eap":false,"created":1574801708123},"id":"ide.start"}}
{"recorder_version":"21","session":"30646af1acb4","build":"192.6262.58","bucket":"189","time":1574801708129,"group":{"id":"settings","version":"4"},"event":{"state":true,"data":{"component":"GeneralSettings","created":1574801708130,"name":"confirmExit","type":"bool","value":false},"id":"not.default"}}
{"recorder_version":"21","session":"30646af1acb4","build":"192.6262.58","bucket":"189","time":1574801708129,"group":{"id":"settings","version":"4"},"event":{"state":true,"data":{"component":"GeneralSettings","created":1574801708131,"name":"showTipsOnStartup","type":"bool","value":false},"id":"not.default"}}
{"recorder_version":"21","session":"30646af1acb4","build":"192.6262.58","bucket":"189","time":1574801708130,"group":{"id":"settings","version":"4"},"event":{"state":true,"data":{"component":"GeneralSettings","created":1574801708132},"id":"invoked"}}
{"recorder_version":"21","session":"30646af1acb4","build":"192.6262.58","bucket":"189","time":1574801708237,"group":{"id":"performance","version":"21"},"event":{"count":1,"data":{"duration_ms":39,"created":1574801708238},"id":"ui.latency"}}
{"recorder_version":"21","session":"30646af1acb4","build":"192.6262.58","bucket":"189","time":1574801708760,"group":{"id":"settings","version":"4"},"event":{"state":true,"data":{"component":"XmlEditorOptions","created":1574801708761},"id":"invoked"}}
{"recorder_version":"21","session":"30646af1acb4","build":"192.6262.58","bucket":"189","time":1574801709906,"group":{"id":"ui.dialogs","version":"21"},"event":{"count":1,"data":{"created":1574801709906,"plugin_type":"PLATFORM","type":"show"},"id":"com.intellij.openapi.progress.util.ProgressDialog$MyDialogWrapper"}}
{"recorder_version":"21","session":"30646af1acb4","build":"192.6262.58","bucket":"189","time":1574801710791,"group":{"id":"lifecycle","version":"21"},"event":{"count":1,"data":{"created":1574801710791,"project":"92ddc83aceaa9edad1485397ccc1680a8fd16623aa2c155379eac4aafdb2a559"},"id":"project.opened"}}
{"recorder_version":"21","session":"30646af1acb4","build":"192.6262.58","bucket":"189","time":1574801711352,"group":{"id":"performance","version":"21"},"event":{"count":1,"data":{"duration_ms":149,"created":1574801711352},"id":"ui.lagging"}}
{"recorder_version":"21","session":"30646af1acb4","build":"192.6262.58","bucket":"189","time":1574801712563,"group":{"id":"performance","version":"21"},"event":{"count":1,"data":{"duration_ms":355,"created":1574801712563},"id":"ui.lagging"}}
{"recorder_version":"21","session":"30646af1acb4","build":"192.6262.58","bucket":"189","time":1574801712708,"group":{"id":"toolwindow","version":"21"},"event":{"count":1,"data":{"os":"Mac","created":1574801712708,"plugin_type":"PLATFORM"},"id":"Project"}}
{"recorder_version":"21","session":"30646af1acb4","build":"192.6262.58","bucket":"189","time":1574801713359,"group":{"id":"performance","version":"21"},"event":{"count":1,"data":{"duration_ms":144,"created":1574801713359},"id":"ui.lagging"}}
{"recorder_version":"21","session":"30646af1acb4","build":"192.6262.58","bucket":"189","time":1574801714296,"group":{"id":"project.fs","version":"1"},"event":{"state":true,"data":{"os":"Mac","cs-project":false,"created":1574801714296,"project":"92ddc83aceaa9edad1485397ccc1680a8fd16623aa2c155379eac4aafdb2a559","cs-implicit":true,"cs-system":false},"id":"case-sensitivity"}}
{"recorder_version":"21","session":"30646af1acb4","build":"192.6262.58","bucket":"189","time":1574801714296,"group":{"id":"project.fs","version":"1"},"event":{"state":true,"data":{"created":1574801714297},"id":"invoked"}}
{"recorder_version":"21","session":"30646af1acb4","build":"192.6262.58","bucket":"189","time":1574801714297,"group":{"id":"project.fs","version":"1"},"event":{"state":true,"data":{"pct-non-watched":0,"created":1574801714297,"project":"92ddc83aceaa9edad1485397ccc1680a8fd16623aa2c155379eac4aafdb2a559"},"id":"roots-watched"}}
{"recorder_version":"21","session":"30646af1acb4","build":"192.6262.58","bucket":"189","time":1574801714297,"group":{"id":"project.fs","version":"1"},"event":{"state":true,"data":{"created":1574801714297},"id":"invoked"}}
{"recorder_version":"21","session":"30646af1acb4","build":"192.6262.58","bucket":"189","time":1574801714335,"group":{"id":"ui.dialogs","version":"21"},"event":{"count":1,"data":{"code":1,"created":1574801714336,"plugin_type":"PLATFORM","type":"close"},"id":"com.intellij.openapi.progress.util.ProgressDialog$MyDialogWrapper"}}
{"recorder_version":"21","session":"30646af1acb4","build":"192.6262.58","bucket":"189","time":1574801714550,"group":{"id":"lifecycle","version":"21"},"event":{"count":1,"data":{"duration_ms":4919,"created":1574801714550,"project":"92ddc83aceaa9edad1485397ccc1680a8fd16623aa2c155379eac4aafdb2a559"},"id":"project.opening.finished"}}
{"recorder_version":"21","session":"30646af1acb4","build":"192.6262.58","bucket":"189","time":1574801715748,"group":{"id":"kotlin.jps.target","version":"1"},"event":{"count":1,"data":{"plugin_version":"validation.undefined_rule","created":1574801715749},"id":"validation.undefined_rule"}}
{"recorder_version":"21","session":"30646af1acb4","build":"192.6262.58","bucket":"189","time":1574801720639,"group":{"id":"file.types.usage","version":"21"},"event":{"count":1,"data":{"created":1574801720639,"plugin_type":"PLATFORM","project":"92ddc83aceaa9edad1485397ccc1680a8fd16623aa2c155379eac4aafdb2a559","type":"edit"},"id":"IDEA_MODULE"}}
{"recorder_version":"21","session":"30646af1acb4","build":"192.6262.58","bucket":"189","time":1574801731717,"group":{"id":"lifecycle","version":"21"},"event":{"count":1,"data":{"created":1574801731717,"project":"92ddc83aceaa9edad1485397ccc1680a8fd16623aa2c155379eac4aafdb2a559"},"id":"frame.deactivated"}}
{"recorder_version":"21","session":"30646af1acb4","build":"192.6262.58","bucket":"189","time":1574801739088,"group":{"id":"lifecycle","version":"21"},"event":{"count":1,"data":{"created":1574801739089,"project":"92ddc83aceaa9edad1485397ccc1680a8fd16623aa2c155379eac4aafdb2a559"},"id":"frame.activated"}}
{"recorder_version":"21","session":"30646af1acb4","build":"192.6262.58","bucket":"189","time":1574801739840,"group":{"id":"lifecycle","version":"21"},"event":{"count":1,"data":{"restart":false,"created":1574801739840},"id":"ide.close"}}
{"recorder_version":"21","session":"30646af1acb4","build":"192.6262.58","bucket":"189","time":1574801739940,"group":{"id":"lifecycle","version":"21"},"event":{"count":1,"data":{"created":1574801739940,"project":"92ddc83aceaa9edad1485397ccc1680a8fd16623aa2c155379eac4aafdb2a559"},"id":"project.closed"}}
