{"recorder_version":"21","session":"02e935970c30","build":"192.6262.58","bucket":"189","time":1574780958498,"group":{"id":"settings","version":"4"},"event":{"state":true,"data":{"component":"NotRoamableUiSettings","created":1574780958656},"id":"invoked"}}
{"recorder_version":"21","session":"02e935970c30","build":"192.6262.58","bucket":"189","time":1574780958500,"group":{"id":"system.java","version":"1"},"event":{"state":true,"data":{"created":1574780958658,"version":"1.11"},"id":"JetBrains"}}
{"recorder_version":"21","session":"02e935970c30","build":"192.6262.58","bucket":"189","time":1574780958500,"group":{"id":"system.java","version":"1"},"event":{"state":true,"data":{"created":1574780958667},"id":"invoked"}}
{"recorder_version":"21","session":"02e935970c30","build":"192.6262.58","bucket":"189","time":1574780958500,"group":{"id":"settings","version":"4"},"event":{"state":true,"data":{"component":"UISettings","created":1574780958668},"id":"invoked"}}
{"recorder_version":"21","session":"02e935970c30","build":"192.6262.58","bucket":"189","time":1574780958522,"group":{"id":"system.os","version":"3"},"event":{"state":true,"data":{"created":1574780958669,"version":"10.14"},"id":"Mac"}}
{"recorder_version":"21","session":"02e935970c30","build":"192.6262.58","bucket":"189","time":1574780958522,"group":{"id":"system.os","version":"3"},"event":{"state":true,"data":{"created":1574780958670,"name":"Mac","version":"10.14"},"id":"os.name"}}
{"recorder_version":"21","session":"02e935970c30","build":"192.6262.58","bucket":"189","time":1574780958522,"group":{"id":"system.os","version":"3"},"event":{"state":true,"data":{"created":1574780958671,"value":"+09_00"},"id":"os.timezone"}}
{"recorder_version":"21","session":"02e935970c30","build":"192.6262.58","bucket":"189","time":1574780958522,"group":{"id":"system.os","version":"3"},"event":{"state":true,"data":{"created":1574780958672},"id":"invoked"}}
{"recorder_version":"21","session":"02e935970c30","build":"192.6262.58","bucket":"189","time":1574780958656,"group":{"id":"event.log","version":"21"},"event":{"count":1,"data":{"created":1574780958672,"version":"925.0"},"id":"whitelist.loaded"}}
{"recorder_version":"21","session":"02e935970c30","build":"192.6262.58","bucket":"189","time":1574780960946,"group":{"id":"settings","version":"4"},"event":{"state":true,"data":{"component":"UpdatesConfigurable","created":1574780960946,"name":"checkNeeded","type":"bool","value":false},"id":"not.default"}}
{"recorder_version":"21","session":"02e935970c30","build":"192.6262.58","bucket":"189","time":1574780960946,"group":{"id":"settings","version":"4"},"event":{"state":true,"data":{"component":"UpdatesConfigurable","created":1574780960947},"id":"invoked"}}
{"recorder_version":"21","session":"02e935970c30","build":"192.6262.58","bucket":"189","time":1574780961116,"group":{"id":"settings","version":"4"},"event":{"state":true,"data":{"component":"GeneralSettings","created":1574780961117,"name":"confirmExit","type":"bool","value":false},"id":"not.default"}}
{"recorder_version":"21","session":"02e935970c30","build":"192.6262.58","bucket":"189","time":1574780961116,"group":{"id":"settings","version":"4"},"event":{"state":true,"data":{"component":"GeneralSettings","created":1574780961119,"name":"showTipsOnStartup","type":"bool","value":false},"id":"not.default"}}
{"recorder_version":"21","session":"02e935970c30","build":"192.6262.58","bucket":"189","time":1574780961117,"group":{"id":"settings","version":"4"},"event":{"state":true,"data":{"component":"GeneralSettings","created":1574780961120},"id":"invoked"}}
{"recorder_version":"21","session":"02e935970c30","build":"192.6262.58","bucket":"189","time":1574780961122,"group":{"id":"lifecycle","version":"21"},"event":{"count":1,"data":{"internal":true,"eap":false,"created":1574780961122},"id":"ide.start"}}
{"recorder_version":"21","session":"02e935970c30","build":"192.6262.58","bucket":"189","time":1574780961398,"group":{"id":"lifecycle","version":"21"},"event":{"count":1,"data":{"created":1574780961398},"id":"frame.activated"}}
{"recorder_version":"21","session":"02e935970c30","build":"192.6262.58","bucket":"189","time":1574780961647,"group":{"id":"performance","version":"21"},"event":{"count":1,"data":{"duration_ms":1,"created":1574780961647},"id":"ui.latency"}}
{"recorder_version":"21","session":"02e935970c30","build":"192.6262.58","bucket":"189","time":1574780961857,"group":{"id":"ui.dialogs","version":"21"},"event":{"count":1,"data":{"created":1574780961858,"plugin_type":"PLATFORM","type":"show"},"id":"com.intellij.openapi.progress.util.ProgressDialog$MyDialogWrapper"}}
{"recorder_version":"21","session":"02e935970c30","build":"192.6262.58","bucket":"189","time":1574780962807,"group":{"id":"lifecycle","version":"21"},"event":{"count":1,"data":{"created":1574780962808,"project":"92ddc83aceaa9edad1485397ccc1680a8fd16623aa2c155379eac4aafdb2a559"},"id":"project.opened"}}
{"recorder_version":"21","session":"02e935970c30","build":"192.6262.58","bucket":"189","time":1574780964471,"group":{"id":"settings","version":"4"},"event":{"state":true,"data":{"component":"XmlEditorOptions","created":1574780964471},"id":"invoked"}}
{"recorder_version":"21","session":"02e935970c30","build":"192.6262.58","bucket":"189","time":1574780964669,"group":{"id":"toolwindow","version":"21"},"event":{"count":1,"data":{"os":"Mac","created":1574780964669,"plugin_type":"PLATFORM"},"id":"Project"}}
{"recorder_version":"21","session":"02e935970c30","build":"192.6262.58","bucket":"189","time":1574780965064,"group":{"id":"performance","version":"21"},"event":{"count":1,"data":{"duration_ms":412,"created":1574780965064},"id":"ui.lagging"}}
{"recorder_version":"21","session":"02e935970c30","build":"192.6262.58","bucket":"189","time":1574780966869,"group":{"id":"performance","version":"21"},"event":{"count":1,"data":{"duration_ms":217,"created":1574780966870},"id":"ui.lagging"}}
{"recorder_version":"21","session":"02e935970c30","build":"192.6262.58","bucket":"189","time":1574780966998,"group":{"id":"kotlin.jps.target","version":"1"},"event":{"count":1,"data":{"plugin_version":"1.3.41-release-IJ2019.2-1","created":1574780966998},"id":"jvm"}}
{"recorder_version":"21","session":"02e935970c30","build":"192.6262.58","bucket":"189","time":1574780967041,"group":{"id":"project.fs","version":"1"},"event":{"state":true,"data":{"os":"Mac","cs-project":false,"created":1574780967041,"project":"92ddc83aceaa9edad1485397ccc1680a8fd16623aa2c155379eac4aafdb2a559","cs-implicit":true,"cs-system":false},"id":"case-sensitivity"}}
{"recorder_version":"21","session":"02e935970c30","build":"192.6262.58","bucket":"189","time":1574780967041,"group":{"id":"project.fs","version":"1"},"event":{"state":true,"data":{"created":1574780967041},"id":"invoked"}}
{"recorder_version":"21","session":"02e935970c30","build":"192.6262.58","bucket":"189","time":1574780967043,"group":{"id":"project.fs","version":"1"},"event":{"state":true,"data":{"pct-non-watched":0,"created":1574780967043,"project":"92ddc83aceaa9edad1485397ccc1680a8fd16623aa2c155379eac4aafdb2a559"},"id":"roots-watched"}}
{"recorder_version":"21","session":"02e935970c30","build":"192.6262.58","bucket":"189","time":1574780967043,"group":{"id":"project.fs","version":"1"},"event":{"state":true,"data":{"created":1574780967043},"id":"invoked"}}
{"recorder_version":"21","session":"02e935970c30","build":"192.6262.58","bucket":"189","time":1574780967155,"group":{"id":"ui.dialogs","version":"21"},"event":{"count":1,"data":{"code":1,"created":1574780967155,"plugin_type":"PLATFORM","type":"close"},"id":"com.intellij.openapi.progress.util.ProgressDialog$MyDialogWrapper"}}
{"recorder_version":"21","session":"02e935970c30","build":"192.6262.58","bucket":"189","time":1574780967274,"group":{"id":"lifecycle","version":"21"},"event":{"count":1,"data":{"duration_ms":5700,"created":1574780967274,"project":"92ddc83aceaa9edad1485397ccc1680a8fd16623aa2c155379eac4aafdb2a559"},"id":"project.opening.finished"}}
{"recorder_version":"21","session":"02e935970c30","build":"192.6262.58","bucket":"189","time":1574780968354,"group":{"id":"file.types.usage","version":"21"},"event":{"count":1,"data":{"created":1574780968354,"plugin_type":"PLATFORM","project":"92ddc83aceaa9edad1485397ccc1680a8fd16623aa2c155379eac4aafdb2a559","type":"edit"},"id":"IDEA_MODULE"}}
{"recorder_version":"21","session":"02e935970c30","build":"192.6262.58","bucket":"189","time":1574780968875,"group":{"id":"performance","version":"21"},"event":{"count":1,"data":{"duration_ms":218,"created":1574780968875},"id":"ui.lagging"}}
{"recorder_version":"21","session":"02e935970c30","build":"192.6262.58","bucket":"189","time":1574780969332,"group":{"id":"actions","version":"21"},"event":{"count":1,"data":{"context_menu":false,"current_file":"TEXT","created":1574780969332,"plugin_type":"PLATFORM","project":"92ddc83aceaa9edad1485397ccc1680a8fd16623aa2c155379eac4aafdb2a559","place":"keyboard_shortcut","class":"com.intellij.openapi.editor.actions.EnterAction","input_event":"Enter"},"id":"EditorEnter"}}
{"recorder_version":"21","session":"02e935970c30","build":"192.6262.58","bucket":"189","time":1574780971549,"group":{"id":"actions","version":"21"},"event":{"count":1,"data":{"context_menu":false,"current_file":"TEXT","created":1574780971549,"plugin_type":"PLATFORM","project":"92ddc83aceaa9edad1485397ccc1680a8fd16623aa2c155379eac4aafdb2a559","place":"keyboard_shortcut","class":"com.intellij.openapi.editor.actions.BackspaceAction","input_event":"Backspace"},"id":"EditorBackSpace"}}
{"recorder_version":"21","session":"02e935970c30","build":"192.6262.58","bucket":"189","time":1574780972978,"group":{"id":"actions","version":"21"},"event":{"count":9,"data":{"context_menu":false,"last":1574780987465,"current_file":"TEXT","created":1574780972978,"plugin_type":"PLATFORM","project":"92ddc83aceaa9edad1485397ccc1680a8fd16623aa2c155379eac4aafdb2a559","place":"keyboard_shortcut","class":"com.intellij.openapi.editor.actions.EnterAction","input_event":"Enter"},"id":"EditorEnter"}}
{"recorder_version":"21","session":"02e935970c30","build":"192.6262.58","bucket":"189","time":1574781061943,"group":{"id":"performance","version":"21"},"event":{"count":1,"data":{"duration_ms":0,"created":1574781061943},"id":"ui.latency"}}
{"recorder_version":"21","session":"02e935970c30","build":"192.6262.58","bucket":"189","time":1574781149828,"group":{"id":"file.types.usage","version":"21"},"event":{"count":1,"data":{"created":1574781149828,"plugin_type":"PLATFORM","project":"92ddc83aceaa9edad1485397ccc1680a8fd16623aa2c155379eac4aafdb2a559","type":"edit"},"id":"IDEA_MODULE"}}
{"recorder_version":"21","session":"02e935970c30","build":"192.6262.58","bucket":"189","time":1574781162261,"group":{"id":"performance","version":"21"},"event":{"count":1,"data":{"duration_ms":0,"created":1574781162261},"id":"ui.latency"}}
{"recorder_version":"21","session":"02e935970c30","build":"192.6262.58","bucket":"189","time":1574781202831,"group":{"id":"lifecycle","version":"21"},"event":{"count":1,"data":{"created":1574781202832,"project":"92ddc83aceaa9edad1485397ccc1680a8fd16623aa2c155379eac4aafdb2a559"},"id":"frame.deactivated"}}
{"recorder_version":"21","session":"02e935970c30","build":"192.6262.58","bucket":"189","time":1574781261112,"group":{"id":"build.tools.actions","version":"1"},"event":{"count":1,"data":{"created":1574781261112},"id":"registered"}}
{"recorder_version":"21","session":"02e935970c30","build":"192.6262.58","bucket":"189","time":1574781261112,"group":{"id":"file.types.usage","version":"21"},"event":{"count":1,"data":{"created":1574781261113},"id":"registered"}}
{"recorder_version":"21","session":"02e935970c30","build":"192.6262.58","bucket":"189","time":1574781261112,"group":{"id":"ide.script.engine","version":"1"},"event":{"count":1,"data":{"created":1574781261114},"id":"registered"}}
{"recorder_version":"21","session":"02e935970c30","build":"192.6262.58","bucket":"189","time":1574781261112,"group":{"id":"actions.runAnything","version":"1"},"event":{"count":1,"data":{"created":1574781261114},"id":"registered"}}
{"recorder_version":"21","session":"02e935970c30","build":"192.6262.58","bucket":"189","time":1574781261112,"group":{"id":"toolwindow","version":"21"},"event":{"count":1,"data":{"created":1574781261114},"id":"registered"}}
{"recorder_version":"21","session":"02e935970c30","build":"192.6262.58","bucket":"189","time":1574781261112,"group":{"id":"kotlin.ide.newFileTempl","version":"1"},"event":{"count":1,"data":{"created":1574781261115},"id":"registered"}}
{"recorder_version":"21","session":"02e935970c30","build":"192.6262.58","bucket":"189","time":1574781261112,"group":{"id":"live.templates","version":"21"},"event":{"count":1,"data":{"created":1574781261115},"id":"registered"}}
{"recorder_version":"21","session":"02e935970c30","build":"192.6262.58","bucket":"189","time":1574781261112,"group":{"id":"ide.self.update","version":"2"},"event":{"count":1,"data":{"created":1574781261115},"id":"registered"}}
{"recorder_version":"21","session":"02e935970c30","build":"192.6262.58","bucket":"189","time":1574781261112,"group":{"id":"ui.settings","version":"21"},"event":{"count":1,"data":{"created":1574781261115},"id":"registered"}}
{"recorder_version":"21","session":"02e935970c30","build":"192.6262.58","bucket":"189","time":1574781261112,"group":{"id":"lifecycle","version":"21"},"event":{"count":1,"data":{"created":1574781261116},"id":"registered"}}
{"recorder_version":"21","session":"02e935970c30","build":"192.6262.58","bucket":"189","time":1574781261112,"group":{"id":"vcs.diff.trigger","version":"1"},"event":{"count":1,"data":{"created":1574781261116},"id":"registered"}}
{"recorder_version":"21","session":"02e935970c30","build":"192.6262.58","bucket":"189","time":1574781261112,"group":{"id":"vcs.log.trigger","version":"2"},"event":{"count":1,"data":{"created":1574781261116},"id":"registered"}}
{"recorder_version":"21","session":"02e935970c30","build":"192.6262.58","bucket":"189","time":1574781261112,"group":{"id":"productivity","version":"21"},"event":{"count":1,"data":{"created":1574781261116},"id":"registered"}}
{"recorder_version":"21","session":"02e935970c30","build":"192.6262.58","bucket":"189","time":1574781261112,"group":{"id":"debugger.breakpoints.usage","version":"2"},"event":{"count":1,"data":{"created":1574781261116},"id":"registered"}}
{"recorder_version":"21","session":"02e935970c30","build":"192.6262.58","bucket":"189","time":1574781261112,"group":{"id":"kotlin.gradle.library","version":"1"},"event":{"count":1,"data":{"created":1574781261116},"id":"registered"}}
{"recorder_version":"21","session":"02e935970c30","build":"192.6262.58","bucket":"189","time":1574781261112,"group":{"id":"find","version":"1"},"event":{"count":1,"data":{"created":1574781261117},"id":"registered"}}
{"recorder_version":"21","session":"02e935970c30","build":"192.6262.58","bucket":"189","time":1574781261112,"group":{"id":"kotlin.gradle.target","version":"1"},"event":{"count":1,"data":{"created":1574781261117},"id":"registered"}}
{"recorder_version":"21","session":"02e935970c30","build":"192.6262.58","bucket":"189","time":1574781261112,"group":{"id":"gutter.icon.click","version":"1"},"event":{"count":1,"data":{"created":1574781261117},"id":"registered"}}
{"recorder_version":"21","session":"02e935970c30","build":"192.6262.58","bucket":"189","time":1574781261112,"group":{"id":"shell.script","version":"1"},"event":{"count":1,"data":{"created":1574781261117},"id":"registered"}}
{"recorder_version":"21","session":"02e935970c30","build":"192.6262.58","bucket":"189","time":1574781261112,"group":{"id":"kotlin.ide.debugger.eval","version":"1"},"event":{"count":1,"data":{"created":1574781261117},"id":"registered"}}
{"recorder_version":"21","session":"02e935970c30","build":"192.6262.58","bucket":"189","time":1574781261112,"group":{"id":"build.maven.actions","version":"1"},"event":{"count":1,"data":{"created":1574781261118},"id":"registered"}}
{"recorder_version":"21","session":"02e935970c30","build":"192.6262.58","bucket":"189","time":1574781261112,"group":{"id":"ui.event","version":"1"},"event":{"count":1,"data":{"created":1574781261118},"id":"registered"}}
{"recorder_version":"21","session":"02e935970c30","build":"192.6262.58","bucket":"189","time":1574781261112,"group":{"id":"new.project.wizard","version":"1"},"event":{"count":1,"data":{"created":1574781261118},"id":"registered"}}
{"recorder_version":"21","session":"02e935970c30","build":"192.6262.58","bucket":"189","time":1574781261112,"group":{"id":"kotlin.ide.npwizards","version":"1"},"event":{"count":1,"data":{"created":1574781261118},"id":"registered"}}
{"recorder_version":"21","session":"02e935970c30","build":"192.6262.58","bucket":"189","time":1574781261112,"group":{"id":"intentions","version":"21"},"event":{"count":1,"data":{"created":1574781261119},"id":"registered"}}
{"recorder_version":"21","session":"02e935970c30","build":"192.6262.58","bucket":"189","time":1574781261112,"group":{"id":"ui.dialogs","version":"21"},"event":{"count":1,"data":{"created":1574781261119},"id":"registered"}}
{"recorder_version":"21","session":"02e935970c30","build":"192.6262.58","bucket":"189","time":1574781261112,"group":{"id":"vcs.back.forward.trigger","version":"1"},"event":{"count":1,"data":{"created":1574781261119},"id":"registered"}}
{"recorder_version":"21","session":"02e935970c30","build":"192.6262.58","bucket":"189","time":1574781261112,"group":{"id":"vcs.change.reminder","version":"1"},"event":{"count":1,"data":{"created":1574781261119},"id":"registered"}}
{"recorder_version":"21","session":"02e935970c30","build":"192.6262.58","bucket":"189","time":1574781261112,"group":{"id":"toolbar","version":"21"},"event":{"count":1,"data":{"created":1574781261119},"id":"registered"}}
{"recorder_version":"21","session":"02e935970c30","build":"192.6262.58","bucket":"189","time":1574781261112,"group":{"id":"build.gradle.actions","version":"1"},"event":{"count":1,"data":{"created":1574781261119},"id":"registered"}}
{"recorder_version":"21","session":"02e935970c30","build":"192.6262.58","bucket":"189","time":1574781261112,"group":{"id":"kotlin.maven.target","version":"1"},"event":{"count":1,"data":{"created":1574781261119},"id":"registered"}}
{"recorder_version":"21","session":"02e935970c30","build":"192.6262.58","bucket":"189","time":1574781261112,"group":{"id":"performance","version":"21"},"event":{"count":1,"data":{"created":1574781261120},"id":"registered"}}
{"recorder_version":"21","session":"02e935970c30","build":"192.6262.58","bucket":"189","time":1574781261112,"group":{"id":"searchEverywhere","version":"1"},"event":{"count":1,"data":{"created":1574781261120},"id":"registered"}}
{"recorder_version":"21","session":"02e935970c30","build":"192.6262.58","bucket":"189","time":1574781261112,"group":{"id":"kotlin.ide.action.refactoring","version":"1"},"event":{"count":1,"data":{"created":1574781261120},"id":"registered"}}
{"recorder_version":"21","session":"02e935970c30","build":"192.6262.58","bucket":"189","time":1574781261112,"group":{"id":"ui.tips","version":"2"},"event":{"count":1,"data":{"created":1574781261120},"id":"registered"}}
{"recorder_version":"21","session":"02e935970c30","build":"192.6262.58","bucket":"189","time":1574781261112,"group":{"id":"surround.with","version":"1"},"event":{"count":1,"data":{"created":1574781261120},"id":"registered"}}
{"recorder_version":"21","session":"02e935970c30","build":"192.6262.58","bucket":"189","time":1574781261112,"group":{"id":"import.old.config","version":"1"},"event":{"count":1,"data":{"created":1574781261120},"id":"registered"}}
{"recorder_version":"21","session":"02e935970c30","build":"192.6262.58","bucket":"189","time":1574781261112,"group":{"id":"json.schema","version":"1"},"event":{"count":1,"data":{"created":1574781261120},"id":"registered"}}
{"recorder_version":"21","session":"02e935970c30","build":"192.6262.58","bucket":"189","time":1574781261112,"group":{"id":"kotlin.jps.target","version":"1"},"event":{"count":1,"data":{"created":1574781261120},"id":"registered"}}
{"recorder_version":"21","session":"02e935970c30","build":"192.6262.58","bucket":"189","time":1574781261112,"group":{"id":"terminalShell","version":"1"},"event":{"count":1,"data":{"created":1574781261120},"id":"registered"}}
{"recorder_version":"21","session":"02e935970c30","build":"192.6262.58","bucket":"189","time":1574781261112,"group":{"id":"completion.postfix","version":"21"},"event":{"count":1,"data":{"created":1574781261121},"id":"registered"}}
{"recorder_version":"21","session":"02e935970c30","build":"192.6262.58","bucket":"189","time":1574781261112,"group":{"id":"build.ant.actions","version":"1"},"event":{"count":1,"data":{"created":1574781261121},"id":"registered"}}
{"recorder_version":"21","session":"02e935970c30","build":"192.6262.58","bucket":"189","time":1574781261112,"group":{"id":"actions","version":"21"},"event":{"count":1,"data":{"created":1574781261121},"id":"registered"}}
{"recorder_version":"21","session":"02e935970c30","build":"192.6262.58","bucket":"189","time":1574781261112,"group":{"id":"event.log","version":"21"},"event":{"count":1,"data":{"created":1574781261121},"id":"registered"}}
{"recorder_version":"21","session":"02e935970c30","build":"192.6262.58","bucket":"189","time":1574781261112,"group":{"id":"run.configuration.exec","version":"21"},"event":{"count":1,"data":{"created":1574781261121},"id":"registered"}}
{"recorder_version":"21","session":"02e935970c30","build":"192.6262.58","bucket":"189","time":1574781261112,"group":{"id":"build.maven.packagesearch","version":"2"},"event":{"count":1,"data":{"created":1574781261121},"id":"registered"}}
{"recorder_version":"21","session":"02e935970c30","build":"192.6262.58","bucket":"189","time":1574781262546,"group":{"id":"performance","version":"21"},"event":{"count":1,"data":{"duration_ms":0,"created":1574781262547},"id":"ui.latency"}}
{"recorder_version":"21","session":"02e935970c30","build":"192.6262.58","bucket":"189","time":1574781328029,"group":{"id":"lifecycle","version":"21"},"event":{"count":1,"data":{"created":1574781328030,"project":"92ddc83aceaa9edad1485397ccc1680a8fd16623aa2c155379eac4aafdb2a559"},"id":"frame.activated"}}
{"recorder_version":"21","session":"02e935970c30","build":"192.6262.58","bucket":"189","time":1574781329234,"group":{"id":"lifecycle","version":"21"},"event":{"count":1,"data":{"restart":false,"created":1574781329234},"id":"ide.close"}}
{"recorder_version":"21","session":"02e935970c30","build":"192.6262.58","bucket":"189","time":1574781329296,"group":{"id":"lifecycle","version":"21"},"event":{"count":1,"data":{"created":1574781329296,"project":"92ddc83aceaa9edad1485397ccc1680a8fd16623aa2c155379eac4aafdb2a559"},"id":"project.closed"}}
