{"recorder_version":"21","session":"8444616eb289","build":"192.6262.58","bucket":"189","time":1574626744807,"group":{"id":"settings","version":"4"},"event":{"state":true,"data":{"component":"NotRoamableUiSettings","created":1574626744952},"id":"invoked"}}
{"recorder_version":"21","session":"8444616eb289","build":"192.6262.58","bucket":"189","time":1574626744808,"group":{"id":"system.java","version":"1"},"event":{"state":true,"data":{"created":1574626744953,"version":"1.11"},"id":"JetBrains"}}
{"recorder_version":"21","session":"8444616eb289","build":"192.6262.58","bucket":"189","time":1574626744808,"group":{"id":"system.java","version":"1"},"event":{"state":true,"data":{"created":1574626744960},"id":"invoked"}}
{"recorder_version":"21","session":"8444616eb289","build":"192.6262.58","bucket":"189","time":1574626744809,"group":{"id":"settings","version":"4"},"event":{"state":true,"data":{"component":"UISettings","created":1574626744961},"id":"invoked"}}
{"recorder_version":"21","session":"8444616eb289","build":"192.6262.58","bucket":"189","time":1574626744829,"group":{"id":"system.os","version":"3"},"event":{"state":true,"data":{"created":1574626744962,"version":"10.14"},"id":"Mac"}}
{"recorder_version":"21","session":"8444616eb289","build":"192.6262.58","bucket":"189","time":1574626744829,"group":{"id":"system.os","version":"3"},"event":{"state":true,"data":{"created":1574626744962,"name":"Mac","version":"10.14"},"id":"os.name"}}
{"recorder_version":"21","session":"8444616eb289","build":"192.6262.58","bucket":"189","time":1574626744829,"group":{"id":"system.os","version":"3"},"event":{"state":true,"data":{"created":1574626744963,"value":"+09_00"},"id":"os.timezone"}}
{"recorder_version":"21","session":"8444616eb289","build":"192.6262.58","bucket":"189","time":1574626744829,"group":{"id":"system.os","version":"3"},"event":{"state":true,"data":{"created":1574626744963},"id":"invoked"}}
{"recorder_version":"21","session":"8444616eb289","build":"192.6262.58","bucket":"189","time":1574626744951,"group":{"id":"event.log","version":"21"},"event":{"count":1,"data":{"created":1574626744964,"version":"916.0"},"id":"whitelist.loaded"}}
{"recorder_version":"21","session":"8444616eb289","build":"192.6262.58","bucket":"189","time":1574626747322,"group":{"id":"settings","version":"4"},"event":{"state":true,"data":{"component":"UpdatesConfigurable","created":1574626747323,"name":"checkNeeded","type":"bool","value":false},"id":"not.default"}}
{"recorder_version":"21","session":"8444616eb289","build":"192.6262.58","bucket":"189","time":1574626747322,"group":{"id":"settings","version":"4"},"event":{"state":true,"data":{"component":"UpdatesConfigurable","created":1574626747324},"id":"invoked"}}
{"recorder_version":"21","session":"8444616eb289","build":"192.6262.58","bucket":"189","time":1574626747463,"group":{"id":"settings","version":"4"},"event":{"state":true,"data":{"component":"GeneralSettings","created":1574626747464,"name":"confirmExit","type":"bool","value":false},"id":"not.default"}}
{"recorder_version":"21","session":"8444616eb289","build":"192.6262.58","bucket":"189","time":1574626747463,"group":{"id":"settings","version":"4"},"event":{"state":true,"data":{"component":"GeneralSettings","created":1574626747466,"name":"showTipsOnStartup","type":"bool","value":false},"id":"not.default"}}
{"recorder_version":"21","session":"8444616eb289","build":"192.6262.58","bucket":"189","time":1574626747463,"group":{"id":"settings","version":"4"},"event":{"state":true,"data":{"component":"GeneralSettings","created":1574626747467},"id":"invoked"}}
{"recorder_version":"21","session":"8444616eb289","build":"192.6262.58","bucket":"189","time":1574626747474,"group":{"id":"lifecycle","version":"21"},"event":{"count":1,"data":{"internal":true,"eap":false,"created":1574626747476},"id":"ide.start"}}
{"recorder_version":"21","session":"8444616eb289","build":"192.6262.58","bucket":"189","time":1574626747794,"group":{"id":"lifecycle","version":"21"},"event":{"count":1,"data":{"created":1574626747794},"id":"frame.activated"}}
{"recorder_version":"21","session":"8444616eb289","build":"192.6262.58","bucket":"189","time":1574626748003,"group":{"id":"performance","version":"21"},"event":{"count":1,"data":{"duration_ms":1,"created":1574626748003},"id":"ui.latency"}}
{"recorder_version":"21","session":"8444616eb289","build":"192.6262.58","bucket":"189","time":1574626748299,"group":{"id":"ui.dialogs","version":"21"},"event":{"count":1,"data":{"created":1574626748299,"plugin_type":"PLATFORM","type":"show"},"id":"com.intellij.openapi.progress.util.ProgressDialog$MyDialogWrapper"}}
{"recorder_version":"21","session":"8444616eb289","build":"192.6262.58","bucket":"189","time":1574626749514,"group":{"id":"lifecycle","version":"21"},"event":{"count":1,"data":{"created":1574626749514,"project":"92ddc83aceaa9edad1485397ccc1680a8fd16623aa2c155379eac4aafdb2a559"},"id":"project.opened"}}
{"recorder_version":"21","session":"8444616eb289","build":"192.6262.58","bucket":"189","time":1574626750167,"group":{"id":"performance","version":"21"},"event":{"count":1,"data":{"duration_ms":152,"created":1574626750167},"id":"ui.lagging"}}
{"recorder_version":"21","session":"8444616eb289","build":"192.6262.58","bucket":"189","time":1574626752293,"group":{"id":"lifecycle","version":"21"},"event":{"count":1,"data":{"created":1574626752293,"project":"92ddc83aceaa9edad1485397ccc1680a8fd16623aa2c155379eac4aafdb2a559"},"id":"frame.deactivated"}}
{"recorder_version":"21","session":"8444616eb289","build":"192.6262.58","bucket":"189","time":1574626752355,"group":{"id":"performance","version":"21"},"event":{"count":1,"data":{"duration_ms":340,"created":1574626752358},"id":"ui.lagging"}}
{"recorder_version":"21","session":"8444616eb289","build":"192.6262.58","bucket":"189","time":1574626752568,"group":{"id":"project.fs","version":"1"},"event":{"state":true,"data":{"os":"Mac","cs-project":false,"created":1574626752568,"project":"92ddc83aceaa9edad1485397ccc1680a8fd16623aa2c155379eac4aafdb2a559","cs-implicit":true,"cs-system":false},"id":"case-sensitivity"}}
{"recorder_version":"21","session":"8444616eb289","build":"192.6262.58","bucket":"189","time":1574626752568,"group":{"id":"project.fs","version":"1"},"event":{"state":true,"data":{"created":1574626752569},"id":"invoked"}}
{"recorder_version":"21","session":"8444616eb289","build":"192.6262.58","bucket":"189","time":1574626752569,"group":{"id":"project.fs","version":"1"},"event":{"state":true,"data":{"pct-non-watched":0,"created":1574626752569,"project":"92ddc83aceaa9edad1485397ccc1680a8fd16623aa2c155379eac4aafdb2a559"},"id":"roots-watched"}}
{"recorder_version":"21","session":"8444616eb289","build":"192.6262.58","bucket":"189","time":1574626752569,"group":{"id":"project.fs","version":"1"},"event":{"state":true,"data":{"created":1574626752570},"id":"invoked"}}
{"recorder_version":"21","session":"8444616eb289","build":"192.6262.58","bucket":"189","time":1574626752598,"group":{"id":"ui.dialogs","version":"21"},"event":{"count":1,"data":{"code":1,"created":1574626752598,"plugin_type":"PLATFORM","type":"close"},"id":"com.intellij.openapi.progress.util.ProgressDialog$MyDialogWrapper"}}
{"recorder_version":"21","session":"8444616eb289","build":"192.6262.58","bucket":"189","time":1574626752609,"group":{"id":"settings","version":"4"},"event":{"state":true,"data":{"component":"XmlEditorOptions","created":1574626752609},"id":"invoked"}}
{"recorder_version":"21","session":"8444616eb289","build":"192.6262.58","bucket":"189","time":1574626753123,"group":{"id":"lifecycle","version":"21"},"event":{"count":1,"data":{"duration_ms":5067,"created":1574626753124,"project":"92ddc83aceaa9edad1485397ccc1680a8fd16623aa2c155379eac4aafdb2a559"},"id":"project.opening.finished"}}
{"recorder_version":"21","session":"8444616eb289","build":"192.6262.58","bucket":"189","time":1574626754845,"group":{"id":"kotlin.jps.target","version":"1"},"event":{"count":1,"data":{"plugin_version":"1.3.41-release-IJ2019.2-1","created":1574626754845},"id":"jvm"}}
{"recorder_version":"21","session":"8444616eb289","build":"192.6262.58","bucket":"189","time":1574626760636,"group":{"id":"lifecycle","version":"21"},"event":{"count":1,"data":{"created":1574626760637,"project":"92ddc83aceaa9edad1485397ccc1680a8fd16623aa2c155379eac4aafdb2a559"},"id":"frame.activated"}}
{"recorder_version":"21","session":"8444616eb289","build":"192.6262.58","bucket":"189","time":1574626762479,"group":{"id":"lifecycle","version":"21"},"event":{"count":1,"data":{"created":1574626762479,"project":"92ddc83aceaa9edad1485397ccc1680a8fd16623aa2c155379eac4aafdb2a559"},"id":"project.closed"}}
{"recorder_version":"21","session":"8444616eb289","build":"192.6262.58","bucket":"189","time":1574626763882,"group":{"id":"lifecycle","version":"21"},"event":{"count":1,"data":{"created":1574626763882,"project":"92ddc83aceaa9edad1485397ccc1680a8fd16623aa2c155379eac4aafdb2a559"},"id":"project.opened"}}
{"recorder_version":"21","session":"8444616eb289","build":"192.6262.58","bucket":"189","time":1574626764096,"group":{"id":"kotlin.jps.target","version":"1"},"event":{"count":1,"data":{"plugin_version":"1.3.41-release-IJ2019.2-1","created":1574626764096},"id":"jvm"}}
{"recorder_version":"21","session":"8444616eb289","build":"192.6262.58","bucket":"189","time":1574626764138,"group":{"id":"project.fs","version":"1"},"event":{"state":true,"data":{"os":"Mac","cs-project":false,"created":1574626764139,"project":"92ddc83aceaa9edad1485397ccc1680a8fd16623aa2c155379eac4aafdb2a559","cs-implicit":true,"cs-system":false},"id":"case-sensitivity"}}
{"recorder_version":"21","session":"8444616eb289","build":"192.6262.58","bucket":"189","time":1574626764138,"group":{"id":"project.fs","version":"1"},"event":{"state":true,"data":{"created":1574626764139},"id":"invoked"}}
{"recorder_version":"21","session":"8444616eb289","build":"192.6262.58","bucket":"189","time":1574626764139,"group":{"id":"project.fs","version":"1"},"event":{"state":true,"data":{"pct-non-watched":0,"created":1574626764140,"project":"92ddc83aceaa9edad1485397ccc1680a8fd16623aa2c155379eac4aafdb2a559"},"id":"roots-watched"}}
{"recorder_version":"21","session":"8444616eb289","build":"192.6262.58","bucket":"189","time":1574626764139,"group":{"id":"project.fs","version":"1"},"event":{"state":true,"data":{"created":1574626764140},"id":"invoked"}}
{"recorder_version":"21","session":"8444616eb289","build":"192.6262.58","bucket":"189","time":1574626764204,"group":{"id":"lifecycle","version":"21"},"event":{"count":1,"data":{"duration_ms":384,"created":1574626764204,"project":"92ddc83aceaa9edad1485397ccc1680a8fd16623aa2c155379eac4aafdb2a559"},"id":"project.opening.finished"}}
{"recorder_version":"21","session":"8444616eb289","build":"192.6262.58","bucket":"189","time":1574626765624,"group":{"id":"toolwindow","version":"21"},"event":{"count":1,"data":{"os":"Mac","created":1574626765624,"plugin_type":"PLATFORM"},"id":"Project"}}
{"recorder_version":"21","session":"8444616eb289","build":"192.6262.58","bucket":"189","time":1574626770432,"group":{"id":"performance","version":"21"},"event":{"count":1,"data":{"duration_ms":379,"created":1574626770432},"id":"ui.lagging"}}
{"recorder_version":"21","session":"8444616eb289","build":"192.6262.58","bucket":"189","time":1574626770584,"group":{"id":"file.types.usage","version":"21"},"event":{"count":1,"data":{"created":1574626770584,"plugin_type":"PLATFORM","project":"92ddc83aceaa9edad1485397ccc1680a8fd16623aa2c155379eac4aafdb2a559","type":"open"},"id":"XML"}}
{"recorder_version":"21","session":"8444616eb289","build":"192.6262.58","bucket":"189","time":1574626771412,"group":{"id":"file.types.usage","version":"21"},"event":{"count":1,"data":{"created":1574626771412,"plugin_type":"PLATFORM","project":"92ddc83aceaa9edad1485397ccc1680a8fd16623aa2c155379eac4aafdb2a559","type":"open"},"id":"IDEA_MODULE"}}
{"recorder_version":"21","session":"8444616eb289","build":"192.6262.58","bucket":"189","time":1574626775271,"group":{"id":"file.types.usage","version":"21"},"event":{"count":1,"data":{"created":1574626775271,"plugin_type":"PLATFORM","project":"92ddc83aceaa9edad1485397ccc1680a8fd16623aa2c155379eac4aafdb2a559","type":"edit"},"id":"IDEA_MODULE"}}
{"recorder_version":"21","session":"8444616eb289","build":"192.6262.58","bucket":"189","time":1574626782624,"group":{"id":"actions","version":"21"},"event":{"count":5,"data":{"context_menu":false,"last":1574626792069,"current_file":"TEXT","created":1574626782624,"plugin_type":"PLATFORM","project":"92ddc83aceaa9edad1485397ccc1680a8fd16623aa2c155379eac4aafdb2a559","place":"keyboard_shortcut","class":"com.intellij.openapi.editor.actions.BackspaceAction","input_event":"Backspace"},"id":"EditorBackSpace"}}
{"recorder_version":"21","session":"8444616eb289","build":"192.6262.58","bucket":"189","time":1574626804559,"group":{"id":"actions","version":"21"},"event":{"count":7,"data":{"context_menu":false,"last":1574626814239,"current_file":"TEXT","created":1574626804559,"plugin_type":"PLATFORM","project":"92ddc83aceaa9edad1485397ccc1680a8fd16623aa2c155379eac4aafdb2a559","place":"keyboard_shortcut","class":"com.intellij.openapi.editor.actions.BackspaceAction","input_event":"Backspace"},"id":"EditorBackSpace"}}
{"recorder_version":"21","session":"8444616eb289","build":"192.6262.58","bucket":"189","time":1574626815213,"group":{"id":"lifecycle","version":"21"},"event":{"count":1,"data":{"created":1574626815213,"project":"92ddc83aceaa9edad1485397ccc1680a8fd16623aa2c155379eac4aafdb2a559"},"id":"frame.deactivated"}}
{"recorder_version":"21","session":"8444616eb289","build":"192.6262.58","bucket":"189","time":1574626848263,"group":{"id":"performance","version":"21"},"event":{"count":1,"data":{"duration_ms":1,"created":1574626848263},"id":"ui.latency"}}
{"recorder_version":"21","session":"8444616eb289","build":"192.6262.58","bucket":"189","time":1574626927755,"group":{"id":"event.log","version":"21"},"event":{"count":1,"data":{"created":1574626927756,"version":"919.0"},"id":"whitelist.updated"}}
{"recorder_version":"21","session":"8444616eb289","build":"192.6262.58","bucket":"189","time":1574626948495,"group":{"id":"performance","version":"21"},"event":{"count":1,"data":{"duration_ms":0,"created":1574626948495},"id":"ui.latency"}}
{"recorder_version":"21","session":"8444616eb289","build":"192.6262.58","bucket":"189","time":1574627047461,"group":{"id":"build.tools.actions","version":"1"},"event":{"count":1,"data":{"created":1574627047461},"id":"registered"}}
{"recorder_version":"21","session":"8444616eb289","build":"192.6262.58","bucket":"189","time":1574627047461,"group":{"id":"file.types.usage","version":"21"},"event":{"count":1,"data":{"created":1574627047461},"id":"registered"}}
{"recorder_version":"21","session":"8444616eb289","build":"192.6262.58","bucket":"189","time":1574627047461,"group":{"id":"ide.script.engine","version":"1"},"event":{"count":1,"data":{"created":1574627047462},"id":"registered"}}
{"recorder_version":"21","session":"8444616eb289","build":"192.6262.58","bucket":"189","time":1574627047461,"group":{"id":"actions.runAnything","version":"1"},"event":{"count":1,"data":{"created":1574627047462},"id":"registered"}}
{"recorder_version":"21","session":"8444616eb289","build":"192.6262.58","bucket":"189","time":1574627047461,"group":{"id":"toolwindow","version":"21"},"event":{"count":1,"data":{"created":1574627047462},"id":"registered"}}
{"recorder_version":"21","session":"8444616eb289","build":"192.6262.58","bucket":"189","time":1574627047461,"group":{"id":"kotlin.ide.newFileTempl","version":"1"},"event":{"count":1,"data":{"created":1574627047462},"id":"registered"}}
{"recorder_version":"21","session":"8444616eb289","build":"192.6262.58","bucket":"189","time":1574627047461,"group":{"id":"live.templates","version":"21"},"event":{"count":1,"data":{"created":1574627047462},"id":"registered"}}
{"recorder_version":"21","session":"8444616eb289","build":"192.6262.58","bucket":"189","time":1574627047461,"group":{"id":"ide.self.update","version":"2"},"event":{"count":1,"data":{"created":1574627047462},"id":"registered"}}
{"recorder_version":"21","session":"8444616eb289","build":"192.6262.58","bucket":"189","time":1574627047461,"group":{"id":"ui.settings","version":"21"},"event":{"count":1,"data":{"created":1574627047463},"id":"registered"}}
{"recorder_version":"21","session":"8444616eb289","build":"192.6262.58","bucket":"189","time":1574627047461,"group":{"id":"lifecycle","version":"21"},"event":{"count":1,"data":{"created":1574627047463},"id":"registered"}}
{"recorder_version":"21","session":"8444616eb289","build":"192.6262.58","bucket":"189","time":1574627047461,"group":{"id":"vcs.diff.trigger","version":"1"},"event":{"count":1,"data":{"created":1574627047463},"id":"registered"}}
{"recorder_version":"21","session":"8444616eb289","build":"192.6262.58","bucket":"189","time":1574627047461,"group":{"id":"vcs.log.trigger","version":"2"},"event":{"count":1,"data":{"created":1574627047463},"id":"registered"}}
{"recorder_version":"21","session":"8444616eb289","build":"192.6262.58","bucket":"189","time":1574627047461,"group":{"id":"productivity","version":"21"},"event":{"count":1,"data":{"created":1574627047463},"id":"registered"}}
{"recorder_version":"21","session":"8444616eb289","build":"192.6262.58","bucket":"189","time":1574627047461,"group":{"id":"debugger.breakpoints.usage","version":"2"},"event":{"count":1,"data":{"created":1574627047463},"id":"registered"}}
{"recorder_version":"21","session":"8444616eb289","build":"192.6262.58","bucket":"189","time":1574627047461,"group":{"id":"kotlin.gradle.library","version":"1"},"event":{"count":1,"data":{"created":1574627047463},"id":"registered"}}
{"recorder_version":"21","session":"8444616eb289","build":"192.6262.58","bucket":"189","time":1574627047461,"group":{"id":"find","version":"1"},"event":{"count":1,"data":{"created":1574627047463},"id":"registered"}}
{"recorder_version":"21","session":"8444616eb289","build":"192.6262.58","bucket":"189","time":1574627047461,"group":{"id":"kotlin.gradle.target","version":"1"},"event":{"count":1,"data":{"created":1574627047463},"id":"registered"}}
{"recorder_version":"21","session":"8444616eb289","build":"192.6262.58","bucket":"189","time":1574627047461,"group":{"id":"gutter.icon.click","version":"1"},"event":{"count":1,"data":{"created":1574627047464},"id":"registered"}}
{"recorder_version":"21","session":"8444616eb289","build":"192.6262.58","bucket":"189","time":1574627047461,"group":{"id":"shell.script","version":"1"},"event":{"count":1,"data":{"created":1574627047464},"id":"registered"}}
{"recorder_version":"21","session":"8444616eb289","build":"192.6262.58","bucket":"189","time":1574627047461,"group":{"id":"kotlin.ide.debugger.eval","version":"1"},"event":{"count":1,"data":{"created":1574627047464},"id":"registered"}}
{"recorder_version":"21","session":"8444616eb289","build":"192.6262.58","bucket":"189","time":1574627047461,"group":{"id":"build.maven.actions","version":"1"},"event":{"count":1,"data":{"created":1574627047464},"id":"registered"}}
{"recorder_version":"21","session":"8444616eb289","build":"192.6262.58","bucket":"189","time":1574627047461,"group":{"id":"ui.event","version":"1"},"event":{"count":1,"data":{"created":1574627047464},"id":"registered"}}
{"recorder_version":"21","session":"8444616eb289","build":"192.6262.58","bucket":"189","time":1574627047461,"group":{"id":"new.project.wizard","version":"1"},"event":{"count":1,"data":{"created":1574627047464},"id":"registered"}}
{"recorder_version":"21","session":"8444616eb289","build":"192.6262.58","bucket":"189","time":1574627047461,"group":{"id":"kotlin.ide.npwizards","version":"1"},"event":{"count":1,"data":{"created":1574627047464},"id":"registered"}}
{"recorder_version":"21","session":"8444616eb289","build":"192.6262.58","bucket":"189","time":1574627047461,"group":{"id":"intentions","version":"21"},"event":{"count":1,"data":{"created":1574627047464},"id":"registered"}}
{"recorder_version":"21","session":"8444616eb289","build":"192.6262.58","bucket":"189","time":1574627047461,"group":{"id":"ui.dialogs","version":"21"},"event":{"count":1,"data":{"created":1574627047464},"id":"registered"}}
{"recorder_version":"21","session":"8444616eb289","build":"192.6262.58","bucket":"189","time":1574627047461,"group":{"id":"vcs.back.forward.trigger","version":"1"},"event":{"count":1,"data":{"created":1574627047464},"id":"registered"}}
{"recorder_version":"21","session":"8444616eb289","build":"192.6262.58","bucket":"189","time":1574627047461,"group":{"id":"vcs.change.reminder","version":"1"},"event":{"count":1,"data":{"created":1574627047465},"id":"registered"}}
{"recorder_version":"21","session":"8444616eb289","build":"192.6262.58","bucket":"189","time":1574627047461,"group":{"id":"toolbar","version":"21"},"event":{"count":1,"data":{"created":1574627047465},"id":"registered"}}
{"recorder_version":"21","session":"8444616eb289","build":"192.6262.58","bucket":"189","time":1574627047461,"group":{"id":"build.gradle.actions","version":"1"},"event":{"count":1,"data":{"created":1574627047465},"id":"registered"}}
{"recorder_version":"21","session":"8444616eb289","build":"192.6262.58","bucket":"189","time":1574627047461,"group":{"id":"kotlin.maven.target","version":"1"},"event":{"count":1,"data":{"created":1574627047465},"id":"registered"}}
{"recorder_version":"21","session":"8444616eb289","build":"192.6262.58","bucket":"189","time":1574627047461,"group":{"id":"performance","version":"21"},"event":{"count":1,"data":{"created":1574627047465},"id":"registered"}}
{"recorder_version":"21","session":"8444616eb289","build":"192.6262.58","bucket":"189","time":1574627047461,"group":{"id":"searchEverywhere","version":"1"},"event":{"count":1,"data":{"created":1574627047465},"id":"registered"}}
{"recorder_version":"21","session":"8444616eb289","build":"192.6262.58","bucket":"189","time":1574627047461,"group":{"id":"kotlin.ide.action.refactoring","version":"1"},"event":{"count":1,"data":{"created":1574627047465},"id":"registered"}}
{"recorder_version":"21","session":"8444616eb289","build":"192.6262.58","bucket":"189","time":1574627047461,"group":{"id":"ui.tips","version":"2"},"event":{"count":1,"data":{"created":1574627047465},"id":"registered"}}
{"recorder_version":"21","session":"8444616eb289","build":"192.6262.58","bucket":"189","time":1574627047461,"group":{"id":"surround.with","version":"1"},"event":{"count":1,"data":{"created":1574627047465},"id":"registered"}}
{"recorder_version":"21","session":"8444616eb289","build":"192.6262.58","bucket":"189","time":1574627047461,"group":{"id":"import.old.config","version":"1"},"event":{"count":1,"data":{"created":1574627047465},"id":"registered"}}
{"recorder_version":"21","session":"8444616eb289","build":"192.6262.58","bucket":"189","time":1574627047461,"group":{"id":"json.schema","version":"1"},"event":{"count":1,"data":{"created":1574627047466},"id":"registered"}}
{"recorder_version":"21","session":"8444616eb289","build":"192.6262.58","bucket":"189","time":1574627047461,"group":{"id":"kotlin.jps.target","version":"1"},"event":{"count":1,"data":{"created":1574627047466},"id":"registered"}}
{"recorder_version":"21","session":"8444616eb289","build":"192.6262.58","bucket":"189","time":1574627047461,"group":{"id":"terminalShell","version":"1"},"event":{"count":1,"data":{"created":1574627047466},"id":"registered"}}
{"recorder_version":"21","session":"8444616eb289","build":"192.6262.58","bucket":"189","time":1574627047461,"group":{"id":"completion.postfix","version":"21"},"event":{"count":1,"data":{"created":1574627047466},"id":"registered"}}
{"recorder_version":"21","session":"8444616eb289","build":"192.6262.58","bucket":"189","time":1574627047461,"group":{"id":"build.ant.actions","version":"1"},"event":{"count":1,"data":{"created":1574627047466},"id":"registered"}}
{"recorder_version":"21","session":"8444616eb289","build":"192.6262.58","bucket":"189","time":1574627047461,"group":{"id":"actions","version":"21"},"event":{"count":1,"data":{"created":1574627047466},"id":"registered"}}
{"recorder_version":"21","session":"8444616eb289","build":"192.6262.58","bucket":"189","time":1574627047461,"group":{"id":"event.log","version":"21"},"event":{"count":1,"data":{"created":1574627047466},"id":"registered"}}
{"recorder_version":"21","session":"8444616eb289","build":"192.6262.58","bucket":"189","time":1574627047461,"group":{"id":"run.configuration.exec","version":"21"},"event":{"count":1,"data":{"created":1574627047466},"id":"registered"}}
{"recorder_version":"21","session":"8444616eb289","build":"192.6262.58","bucket":"189","time":1574627047461,"group":{"id":"build.maven.packagesearch","version":"2"},"event":{"count":1,"data":{"created":1574627047466},"id":"registered"}}
{"recorder_version":"21","session":"8444616eb289","build":"192.6262.58","bucket":"189","time":1574627048767,"group":{"id":"performance","version":"21"},"event":{"count":1,"data":{"duration_ms":0,"created":1574627048768},"id":"ui.latency"}}
{"recorder_version":"21","session":"8444616eb289","build":"192.6262.58","bucket":"189","time":1574627149000,"group":{"id":"performance","version":"21"},"event":{"count":1,"data":{"duration_ms":0,"created":1574627149000},"id":"ui.latency"}}
{"recorder_version":"21","session":"8444616eb289","build":"192.6262.58","bucket":"189","time":1574627249269,"group":{"id":"performance","version":"21"},"event":{"count":1,"data":{"duration_ms":1,"created":1574627249269},"id":"ui.latency"}}
{"recorder_version":"21","session":"8444616eb289","build":"192.6262.58","bucket":"189","time":1574627349540,"group":{"id":"performance","version":"21"},"event":{"count":1,"data":{"duration_ms":0,"created":1574627349540},"id":"ui.latency"}}
{"recorder_version":"21","session":"8444616eb289","build":"192.6262.58","bucket":"189","time":1574627368884,"group":{"id":"lifecycle","version":"21"},"event":{"count":1,"data":{"created":1574627368884,"project":"92ddc83aceaa9edad1485397ccc1680a8fd16623aa2c155379eac4aafdb2a559"},"id":"frame.activated"}}
{"recorder_version":"21","session":"8444616eb289","build":"192.6262.58","bucket":"189","time":1574627370190,"group":{"id":"lifecycle","version":"21"},"event":{"count":1,"data":{"restart":false,"created":1574627370190},"id":"ide.close"}}
{"recorder_version":"21","session":"8444616eb289","build":"192.6262.58","bucket":"189","time":1574627370285,"group":{"id":"lifecycle","version":"21"},"event":{"count":1,"data":{"created":1574627370285,"project":"92ddc83aceaa9edad1485397ccc1680a8fd16623aa2c155379eac4aafdb2a559"},"id":"project.closed"}}
