{"recorder_version":"21","session":"f00f9843a2e5","build":"192.6262.58","bucket":"189","time":1574778616695,"group":{"id":"settings","version":"4"},"event":{"state":true,"data":{"component":"NotRoamableUiSettings","created":1574778616880},"id":"invoked"}}
{"recorder_version":"21","session":"f00f9843a2e5","build":"192.6262.58","bucket":"189","time":1574778616698,"group":{"id":"system.java","version":"1"},"event":{"state":true,"data":{"created":1574778616882,"version":"1.11"},"id":"JetBrains"}}
{"recorder_version":"21","session":"f00f9843a2e5","build":"192.6262.58","bucket":"189","time":1574778616698,"group":{"id":"system.java","version":"1"},"event":{"state":true,"data":{"created":1574778616891},"id":"invoked"}}
{"recorder_version":"21","session":"f00f9843a2e5","build":"192.6262.58","bucket":"189","time":1574778616698,"group":{"id":"settings","version":"4"},"event":{"state":true,"data":{"component":"UISettings","created":1574778616892},"id":"invoked"}}
{"recorder_version":"21","session":"f00f9843a2e5","build":"192.6262.58","bucket":"189","time":1574778616721,"group":{"id":"system.os","version":"3"},"event":{"state":true,"data":{"created":1574778616893,"version":"10.14"},"id":"Mac"}}
{"recorder_version":"21","session":"f00f9843a2e5","build":"192.6262.58","bucket":"189","time":1574778616721,"group":{"id":"system.os","version":"3"},"event":{"state":true,"data":{"created":1574778616894,"name":"Mac","version":"10.14"},"id":"os.name"}}
{"recorder_version":"21","session":"f00f9843a2e5","build":"192.6262.58","bucket":"189","time":1574778616721,"group":{"id":"system.os","version":"3"},"event":{"state":true,"data":{"created":1574778616896,"value":"+09_00"},"id":"os.timezone"}}
{"recorder_version":"21","session":"f00f9843a2e5","build":"192.6262.58","bucket":"189","time":1574778616721,"group":{"id":"system.os","version":"3"},"event":{"state":true,"data":{"created":1574778616898},"id":"invoked"}}
{"recorder_version":"21","session":"f00f9843a2e5","build":"192.6262.58","bucket":"189","time":1574778616880,"group":{"id":"event.log","version":"21"},"event":{"count":1,"data":{"created":1574778616899,"version":"925.0"},"id":"whitelist.loaded"}}
{"recorder_version":"21","session":"f00f9843a2e5","build":"192.6262.58","bucket":"189","time":1574778619201,"group":{"id":"settings","version":"4"},"event":{"state":true,"data":{"component":"UpdatesConfigurable","created":1574778619202,"name":"checkNeeded","type":"bool","value":false},"id":"not.default"}}
{"recorder_version":"21","session":"f00f9843a2e5","build":"192.6262.58","bucket":"189","time":1574778619201,"group":{"id":"settings","version":"4"},"event":{"state":true,"data":{"component":"UpdatesConfigurable","created":1574778619203},"id":"invoked"}}
{"recorder_version":"21","session":"f00f9843a2e5","build":"192.6262.58","bucket":"189","time":1574778619780,"group":{"id":"lifecycle","version":"21"},"event":{"count":1,"data":{"internal":true,"eap":false,"created":1574778619780},"id":"ide.start"}}
{"recorder_version":"21","session":"f00f9843a2e5","build":"192.6262.58","bucket":"189","time":1574778619786,"group":{"id":"settings","version":"4"},"event":{"state":true,"data":{"component":"GeneralSettings","created":1574778619787,"name":"confirmExit","type":"bool","value":false},"id":"not.default"}}
{"recorder_version":"21","session":"f00f9843a2e5","build":"192.6262.58","bucket":"189","time":1574778619786,"group":{"id":"settings","version":"4"},"event":{"state":true,"data":{"component":"GeneralSettings","created":1574778619787,"name":"showTipsOnStartup","type":"bool","value":false},"id":"not.default"}}
{"recorder_version":"21","session":"f00f9843a2e5","build":"192.6262.58","bucket":"189","time":1574778619787,"group":{"id":"settings","version":"4"},"event":{"state":true,"data":{"component":"GeneralSettings","created":1574778619788},"id":"invoked"}}
{"recorder_version":"21","session":"f00f9843a2e5","build":"192.6262.58","bucket":"189","time":1574778619957,"group":{"id":"performance","version":"21"},"event":{"count":1,"data":{"duration_ms":96,"created":1574778619957},"id":"ui.latency"}}
{"recorder_version":"21","session":"f00f9843a2e5","build":"192.6262.58","bucket":"189","time":1574778620476,"group":{"id":"settings","version":"4"},"event":{"state":true,"data":{"component":"XmlEditorOptions","created":1574778620476},"id":"invoked"}}
{"recorder_version":"21","session":"f00f9843a2e5","build":"192.6262.58","bucket":"189","time":1574778621677,"group":{"id":"ui.dialogs","version":"21"},"event":{"count":1,"data":{"created":1574778621677,"plugin_type":"PLATFORM","type":"show"},"id":"com.intellij.openapi.progress.util.ProgressDialog$MyDialogWrapper"}}
{"recorder_version":"21","session":"f00f9843a2e5","build":"192.6262.58","bucket":"189","time":1574778622609,"group":{"id":"lifecycle","version":"21"},"event":{"count":1,"data":{"created":1574778622609,"project":"92ddc83aceaa9edad1485397ccc1680a8fd16623aa2c155379eac4aafdb2a559"},"id":"project.opened"}}
{"recorder_version":"21","session":"f00f9843a2e5","build":"192.6262.58","bucket":"189","time":1574778623216,"group":{"id":"performance","version":"21"},"event":{"count":1,"data":{"duration_ms":350,"created":1574778623216},"id":"ui.lagging"}}
{"recorder_version":"21","session":"f00f9843a2e5","build":"192.6262.58","bucket":"189","time":1574778624432,"group":{"id":"performance","version":"21"},"event":{"count":1,"data":{"duration_ms":563,"created":1574778624433},"id":"ui.lagging"}}
{"recorder_version":"21","session":"f00f9843a2e5","build":"192.6262.58","bucket":"189","time":1574778624576,"group":{"id":"toolwindow","version":"21"},"event":{"count":1,"data":{"os":"Mac","created":1574778624577,"plugin_type":"PLATFORM"},"id":"Project"}}
{"recorder_version":"21","session":"f00f9843a2e5","build":"192.6262.58","bucket":"189","time":1574778626360,"group":{"id":"kotlin.jps.target","version":"1"},"event":{"count":1,"data":{"plugin_version":"1.3.41-release-IJ2019.2-1","created":1574778626360},"id":"jvm"}}
{"recorder_version":"21","session":"f00f9843a2e5","build":"192.6262.58","bucket":"189","time":1574778626485,"group":{"id":"project.fs","version":"1"},"event":{"state":true,"data":{"os":"Mac","cs-project":false,"created":1574778626485,"project":"92ddc83aceaa9edad1485397ccc1680a8fd16623aa2c155379eac4aafdb2a559","cs-implicit":true,"cs-system":false},"id":"case-sensitivity"}}
{"recorder_version":"21","session":"f00f9843a2e5","build":"192.6262.58","bucket":"189","time":1574778626485,"group":{"id":"project.fs","version":"1"},"event":{"state":true,"data":{"created":1574778626486},"id":"invoked"}}
{"recorder_version":"21","session":"f00f9843a2e5","build":"192.6262.58","bucket":"189","time":1574778626486,"group":{"id":"project.fs","version":"1"},"event":{"state":true,"data":{"pct-non-watched":0,"created":1574778626486,"project":"92ddc83aceaa9edad1485397ccc1680a8fd16623aa2c155379eac4aafdb2a559"},"id":"roots-watched"}}
{"recorder_version":"21","session":"f00f9843a2e5","build":"192.6262.58","bucket":"189","time":1574778626486,"group":{"id":"project.fs","version":"1"},"event":{"state":true,"data":{"created":1574778626487},"id":"invoked"}}
{"recorder_version":"21","session":"f00f9843a2e5","build":"192.6262.58","bucket":"189","time":1574778626542,"group":{"id":"ui.dialogs","version":"21"},"event":{"count":1,"data":{"code":1,"created":1574778626542,"plugin_type":"PLATFORM","type":"close"},"id":"com.intellij.openapi.progress.util.ProgressDialog$MyDialogWrapper"}}
{"recorder_version":"21","session":"f00f9843a2e5","build":"192.6262.58","bucket":"189","time":1574778626662,"group":{"id":"lifecycle","version":"21"},"event":{"count":1,"data":{"duration_ms":5263,"created":1574778626662,"project":"92ddc83aceaa9edad1485397ccc1680a8fd16623aa2c155379eac4aafdb2a559"},"id":"project.opening.finished"}}
{"recorder_version":"21","session":"f00f9843a2e5","build":"192.6262.58","bucket":"189","time":1574778628645,"group":{"id":"file.types.usage","version":"21"},"event":{"count":1,"data":{"created":1574778628645,"plugin_type":"PLATFORM","project":"92ddc83aceaa9edad1485397ccc1680a8fd16623aa2c155379eac4aafdb2a559","type":"edit"},"id":"IDEA_MODULE"}}
{"recorder_version":"21","session":"f00f9843a2e5","build":"192.6262.58","bucket":"189","time":1574778639627,"group":{"id":"actions","version":"21"},"event":{"count":3,"data":{"context_menu":false,"last":1574778639968,"current_file":"TEXT","created":1574778639627,"plugin_type":"PLATFORM","project":"92ddc83aceaa9edad1485397ccc1680a8fd16623aa2c155379eac4aafdb2a559","place":"keyboard_shortcut","class":"com.intellij.openapi.editor.actions.BackspaceAction","input_event":"Backspace"},"id":"EditorBackSpace"}}
{"recorder_version":"21","session":"f00f9843a2e5","build":"192.6262.58","bucket":"189","time":1574778644005,"group":{"id":"lifecycle","version":"21"},"event":{"count":1,"data":{"restart":false,"created":1574778644005},"id":"ide.close"}}
{"recorder_version":"21","session":"f00f9843a2e5","build":"192.6262.58","bucket":"189","time":1574778644277,"group":{"id":"lifecycle","version":"21"},"event":{"count":1,"data":{"created":1574778644277,"project":"92ddc83aceaa9edad1485397ccc1680a8fd16623aa2c155379eac4aafdb2a559"},"id":"project.closed"}}
