{"recorder_version":"21","session":"79d5945e326f","build":"192.6262.58","bucket":"189","time":1574801171809,"group":{"id":"settings","version":"4"},"event":{"state":true,"data":{"component":"NotRoamableUiSettings","created":1574801171986},"id":"invoked"}}
{"recorder_version":"21","session":"79d5945e326f","build":"192.6262.58","bucket":"189","time":1574801171812,"group":{"id":"system.java","version":"1"},"event":{"state":true,"data":{"created":1574801171989,"version":"1.11"},"id":"JetBrains"}}
{"recorder_version":"21","session":"79d5945e326f","build":"192.6262.58","bucket":"189","time":1574801171812,"group":{"id":"system.java","version":"1"},"event":{"state":true,"data":{"created":1574801171997},"id":"invoked"}}
{"recorder_version":"21","session":"79d5945e326f","build":"192.6262.58","bucket":"189","time":1574801171815,"group":{"id":"settings","version":"4"},"event":{"state":true,"data":{"component":"UISettings","created":1574801171998},"id":"invoked"}}
{"recorder_version":"21","session":"79d5945e326f","build":"192.6262.58","bucket":"189","time":1574801171837,"group":{"id":"system.os","version":"3"},"event":{"state":true,"data":{"created":1574801171998,"version":"10.14"},"id":"Mac"}}
{"recorder_version":"21","session":"79d5945e326f","build":"192.6262.58","bucket":"189","time":1574801171837,"group":{"id":"system.os","version":"3"},"event":{"state":true,"data":{"created":1574801171999,"name":"Mac","version":"10.14"},"id":"os.name"}}
{"recorder_version":"21","session":"79d5945e326f","build":"192.6262.58","bucket":"189","time":1574801171837,"group":{"id":"system.os","version":"3"},"event":{"state":true,"data":{"created":1574801172000,"value":"+09_00"},"id":"os.timezone"}}
{"recorder_version":"21","session":"79d5945e326f","build":"192.6262.58","bucket":"189","time":1574801171837,"group":{"id":"system.os","version":"3"},"event":{"state":true,"data":{"created":1574801172001},"id":"invoked"}}
{"recorder_version":"21","session":"79d5945e326f","build":"192.6262.58","bucket":"189","time":1574801171985,"group":{"id":"event.log","version":"21"},"event":{"count":1,"data":{"created":1574801172004,"version":"930.0"},"id":"whitelist.loaded"}}
{"recorder_version":"21","session":"79d5945e326f","build":"192.6262.58","bucket":"189","time":1574801174213,"group":{"id":"settings","version":"4"},"event":{"state":true,"data":{"component":"UpdatesConfigurable","created":1574801174213,"name":"checkNeeded","type":"bool","value":false},"id":"not.default"}}
{"recorder_version":"21","session":"79d5945e326f","build":"192.6262.58","bucket":"189","time":1574801174213,"group":{"id":"settings","version":"4"},"event":{"state":true,"data":{"component":"UpdatesConfigurable","created":1574801174214},"id":"invoked"}}
{"recorder_version":"21","session":"79d5945e326f","build":"192.6262.58","bucket":"189","time":1574801174370,"group":{"id":"settings","version":"4"},"event":{"state":true,"data":{"component":"GeneralSettings","created":1574801174370,"name":"confirmExit","type":"bool","value":false},"id":"not.default"}}
{"recorder_version":"21","session":"79d5945e326f","build":"192.6262.58","bucket":"189","time":1574801174370,"group":{"id":"settings","version":"4"},"event":{"state":true,"data":{"component":"GeneralSettings","created":1574801174371,"name":"showTipsOnStartup","type":"bool","value":false},"id":"not.default"}}
{"recorder_version":"21","session":"79d5945e326f","build":"192.6262.58","bucket":"189","time":1574801174370,"group":{"id":"settings","version":"4"},"event":{"state":true,"data":{"component":"GeneralSettings","created":1574801174373},"id":"invoked"}}
{"recorder_version":"21","session":"79d5945e326f","build":"192.6262.58","bucket":"189","time":1574801174374,"group":{"id":"lifecycle","version":"21"},"event":{"count":1,"data":{"internal":true,"eap":false,"created":1574801174375},"id":"ide.start"}}
{"recorder_version":"21","session":"79d5945e326f","build":"192.6262.58","bucket":"189","time":1574801174661,"group":{"id":"lifecycle","version":"21"},"event":{"count":1,"data":{"created":1574801174661},"id":"frame.activated"}}
{"recorder_version":"21","session":"79d5945e326f","build":"192.6262.58","bucket":"189","time":1574801174873,"group":{"id":"performance","version":"21"},"event":{"count":1,"data":{"duration_ms":10,"created":1574801174873},"id":"ui.latency"}}
{"recorder_version":"21","session":"79d5945e326f","build":"192.6262.58","bucket":"189","time":1574801175137,"group":{"id":"ui.dialogs","version":"21"},"event":{"count":1,"data":{"created":1574801175137,"plugin_type":"PLATFORM","type":"show"},"id":"com.intellij.openapi.progress.util.ProgressDialog$MyDialogWrapper"}}
{"recorder_version":"21","session":"79d5945e326f","build":"192.6262.58","bucket":"189","time":1574801176189,"group":{"id":"lifecycle","version":"21"},"event":{"count":1,"data":{"created":1574801176189,"project":"92ddc83aceaa9edad1485397ccc1680a8fd16623aa2c155379eac4aafdb2a559"},"id":"project.opened"}}
{"recorder_version":"21","session":"79d5945e326f","build":"192.6262.58","bucket":"189","time":1574801177888,"group":{"id":"settings","version":"4"},"event":{"state":true,"data":{"component":"XmlEditorOptions","created":1574801177889},"id":"invoked"}}
{"recorder_version":"21","session":"79d5945e326f","build":"192.6262.58","bucket":"189","time":1574801178255,"group":{"id":"toolwindow","version":"21"},"event":{"count":1,"data":{"os":"Mac","created":1574801178255,"plugin_type":"PLATFORM"},"id":"Project"}}
{"recorder_version":"21","session":"79d5945e326f","build":"192.6262.58","bucket":"189","time":1574801180383,"group":{"id":"project.fs","version":"1"},"event":{"state":true,"data":{"os":"Mac","cs-project":false,"created":1574801180383,"project":"92ddc83aceaa9edad1485397ccc1680a8fd16623aa2c155379eac4aafdb2a559","cs-implicit":true,"cs-system":false},"id":"case-sensitivity"}}
{"recorder_version":"21","session":"79d5945e326f","build":"192.6262.58","bucket":"189","time":1574801180383,"group":{"id":"project.fs","version":"1"},"event":{"state":true,"data":{"created":1574801180384},"id":"invoked"}}
{"recorder_version":"21","session":"79d5945e326f","build":"192.6262.58","bucket":"189","time":1574801180385,"group":{"id":"project.fs","version":"1"},"event":{"state":true,"data":{"pct-non-watched":0,"created":1574801180385,"project":"92ddc83aceaa9edad1485397ccc1680a8fd16623aa2c155379eac4aafdb2a559"},"id":"roots-watched"}}
{"recorder_version":"21","session":"79d5945e326f","build":"192.6262.58","bucket":"189","time":1574801180385,"group":{"id":"project.fs","version":"1"},"event":{"state":true,"data":{"created":1574801180385},"id":"invoked"}}
{"recorder_version":"21","session":"79d5945e326f","build":"192.6262.58","bucket":"189","time":1574801180503,"group":{"id":"ui.dialogs","version":"21"},"event":{"count":1,"data":{"code":1,"created":1574801180503,"plugin_type":"PLATFORM","type":"close"},"id":"com.intellij.openapi.progress.util.ProgressDialog$MyDialogWrapper"}}
{"recorder_version":"21","session":"79d5945e326f","build":"192.6262.58","bucket":"189","time":1574801180674,"group":{"id":"lifecycle","version":"21"},"event":{"count":1,"data":{"duration_ms":5795,"created":1574801180675,"project":"92ddc83aceaa9edad1485397ccc1680a8fd16623aa2c155379eac4aafdb2a559"},"id":"project.opening.finished"}}
{"recorder_version":"21","session":"79d5945e326f","build":"192.6262.58","bucket":"189","time":1574801181061,"group":{"id":"performance","version":"21"},"event":{"count":1,"data":{"duration_ms":182,"created":1574801181061},"id":"ui.lagging"}}
{"recorder_version":"21","session":"79d5945e326f","build":"192.6262.58","bucket":"189","time":1574801182540,"group":{"id":"kotlin.jps.target","version":"1"},"event":{"count":1,"data":{"plugin_version":"validation.undefined_rule","created":1574801182540},"id":"validation.undefined_rule"}}
{"recorder_version":"21","session":"79d5945e326f","build":"192.6262.58","bucket":"189","time":1574801189050,"group":{"id":"file.types.usage","version":"21"},"event":{"count":1,"data":{"created":1574801189050,"plugin_type":"PLATFORM","project":"92ddc83aceaa9edad1485397ccc1680a8fd16623aa2c155379eac4aafdb2a559","type":"edit"},"id":"IDEA_MODULE"}}
{"recorder_version":"21","session":"79d5945e326f","build":"192.6262.58","bucket":"189","time":1574801226783,"group":{"id":"lifecycle","version":"21"},"event":{"count":2,"data":{"last":1574801227287,"created":1574801226783,"plugin_type":"NOT_LISTED","error":"java.lang.NullPointerException"},"id":"ide.error"}}
{"recorder_version":"21","session":"79d5945e326f","build":"192.6262.58","bucket":"189","time":1574801228575,"group":{"id":"lifecycle","version":"21"},"event":{"count":1,"data":{"created":1574801228575,"project":"92ddc83aceaa9edad1485397ccc1680a8fd16623aa2c155379eac4aafdb2a559"},"id":"frame.deactivated"}}
{"recorder_version":"21","session":"79d5945e326f","build":"192.6262.58","bucket":"189","time":1574801266418,"group":{"id":"lifecycle","version":"21"},"event":{"count":1,"data":{"created":1574801266418,"project":"92ddc83aceaa9edad1485397ccc1680a8fd16623aa2c155379eac4aafdb2a559"},"id":"frame.activated"}}
{"recorder_version":"21","session":"79d5945e326f","build":"192.6262.58","bucket":"189","time":1574801266764,"group":{"id":"lifecycle","version":"21"},"event":{"count":1,"data":{"restart":false,"created":1574801266764},"id":"ide.close"}}
{"recorder_version":"21","session":"79d5945e326f","build":"192.6262.58","bucket":"189","time":1574801266865,"group":{"id":"lifecycle","version":"21"},"event":{"count":1,"data":{"created":1574801266866,"project":"92ddc83aceaa9edad1485397ccc1680a8fd16623aa2c155379eac4aafdb2a559"},"id":"project.closed"}}
