{"recorder_version":"21","session":"abf1a2d8f16f","build":"192.6262.58","bucket":"189","time":1574812036666,"group":{"id":"settings","version":"4"},"event":{"state":true,"data":{"component":"NotRoamableUiSettings","created":1574812036852},"id":"invoked"}}
{"recorder_version":"21","session":"abf1a2d8f16f","build":"192.6262.58","bucket":"189","time":1574812036669,"group":{"id":"settings","version":"4"},"event":{"state":true,"data":{"component":"UISettings","created":1574812036854},"id":"invoked"}}
{"recorder_version":"21","session":"abf1a2d8f16f","build":"192.6262.58","bucket":"189","time":1574812036669,"group":{"id":"system.java","version":"1"},"event":{"state":true,"data":{"created":1574812036863,"version":"1.11"},"id":"JetBrains"}}
{"recorder_version":"21","session":"abf1a2d8f16f","build":"192.6262.58","bucket":"189","time":1574812036669,"group":{"id":"system.java","version":"1"},"event":{"state":true,"data":{"created":1574812036863},"id":"invoked"}}
{"recorder_version":"21","session":"abf1a2d8f16f","build":"192.6262.58","bucket":"189","time":1574812036686,"group":{"id":"system.os","version":"3"},"event":{"state":true,"data":{"created":1574812036864,"version":"10.14"},"id":"Mac"}}
{"recorder_version":"21","session":"abf1a2d8f16f","build":"192.6262.58","bucket":"189","time":1574812036686,"group":{"id":"system.os","version":"3"},"event":{"state":true,"data":{"created":1574812036867,"name":"Mac","version":"10.14"},"id":"os.name"}}
{"recorder_version":"21","session":"abf1a2d8f16f","build":"192.6262.58","bucket":"189","time":1574812036686,"group":{"id":"system.os","version":"3"},"event":{"state":true,"data":{"created":1574812036868,"value":"+09_00"},"id":"os.timezone"}}
{"recorder_version":"21","session":"abf1a2d8f16f","build":"192.6262.58","bucket":"189","time":1574812036686,"group":{"id":"system.os","version":"3"},"event":{"state":true,"data":{"created":1574812036869},"id":"invoked"}}
{"recorder_version":"21","session":"abf1a2d8f16f","build":"192.6262.58","bucket":"189","time":1574812036851,"group":{"id":"event.log","version":"21"},"event":{"count":1,"data":{"created":1574812036870,"version":"930.0"},"id":"whitelist.loaded"}}
{"recorder_version":"21","session":"abf1a2d8f16f","build":"192.6262.58","bucket":"189","time":1574812039054,"group":{"id":"settings","version":"4"},"event":{"state":true,"data":{"component":"UpdatesConfigurable","created":1574812039054,"name":"checkNeeded","type":"bool","value":false},"id":"not.default"}}
{"recorder_version":"21","session":"abf1a2d8f16f","build":"192.6262.58","bucket":"189","time":1574812039054,"group":{"id":"settings","version":"4"},"event":{"state":true,"data":{"component":"UpdatesConfigurable","created":1574812039067},"id":"invoked"}}
{"recorder_version":"21","session":"abf1a2d8f16f","build":"192.6262.58","bucket":"189","time":1574812039197,"group":{"id":"settings","version":"4"},"event":{"state":true,"data":{"component":"GeneralSettings","created":1574812039198,"name":"confirmExit","type":"bool","value":false},"id":"not.default"}}
{"recorder_version":"21","session":"abf1a2d8f16f","build":"192.6262.58","bucket":"189","time":1574812039197,"group":{"id":"settings","version":"4"},"event":{"state":true,"data":{"component":"GeneralSettings","created":1574812039201,"name":"showTipsOnStartup","type":"bool","value":false},"id":"not.default"}}
{"recorder_version":"21","session":"abf1a2d8f16f","build":"192.6262.58","bucket":"189","time":1574812039197,"group":{"id":"settings","version":"4"},"event":{"state":true,"data":{"component":"GeneralSettings","created":1574812039202},"id":"invoked"}}
{"recorder_version":"21","session":"abf1a2d8f16f","build":"192.6262.58","bucket":"189","time":1574812039208,"group":{"id":"lifecycle","version":"21"},"event":{"count":1,"data":{"internal":true,"eap":false,"created":1574812039210},"id":"ide.start"}}
{"recorder_version":"21","session":"abf1a2d8f16f","build":"192.6262.58","bucket":"189","time":1574812039669,"group":{"id":"lifecycle","version":"21"},"event":{"count":1,"data":{"created":1574812039669},"id":"frame.activated"}}
{"recorder_version":"21","session":"abf1a2d8f16f","build":"192.6262.58","bucket":"189","time":1574812039881,"group":{"id":"performance","version":"21"},"event":{"count":1,"data":{"duration_ms":176,"created":1574812039882},"id":"ui.latency"}}
{"recorder_version":"21","session":"abf1a2d8f16f","build":"192.6262.58","bucket":"189","time":1574812039882,"group":{"id":"performance","version":"21"},"event":{"count":1,"data":{"duration_ms":176,"created":1574812039882},"id":"ui.lagging"}}
{"recorder_version":"21","session":"abf1a2d8f16f","build":"192.6262.58","bucket":"189","time":1574812040334,"group":{"id":"ui.dialogs","version":"21"},"event":{"count":1,"data":{"created":1574812040335,"plugin_type":"PLATFORM","type":"show"},"id":"com.intellij.openapi.progress.util.ProgressDialog$MyDialogWrapper"}}
{"recorder_version":"21","session":"abf1a2d8f16f","build":"192.6262.58","bucket":"189","time":1574812041470,"group":{"id":"lifecycle","version":"21"},"event":{"count":1,"data":{"created":1574812041470},"id":"frame.deactivated"}}
{"recorder_version":"21","session":"abf1a2d8f16f","build":"192.6262.58","bucket":"189","time":1574812041654,"group":{"id":"lifecycle","version":"21"},"event":{"count":1,"data":{"created":1574812041654,"project":"92ddc83aceaa9edad1485397ccc1680a8fd16623aa2c155379eac4aafdb2a559"},"id":"project.opened"}}
{"recorder_version":"21","session":"abf1a2d8f16f","build":"192.6262.58","bucket":"189","time":1574812042463,"group":{"id":"performance","version":"21"},"event":{"count":1,"data":{"duration_ms":752,"created":1574812042463},"id":"ui.lagging"}}
{"recorder_version":"21","session":"abf1a2d8f16f","build":"192.6262.58","bucket":"189","time":1574812044309,"group":{"id":"settings","version":"4"},"event":{"state":true,"data":{"component":"XmlEditorOptions","created":1574812044309},"id":"invoked"}}
{"recorder_version":"21","session":"abf1a2d8f16f","build":"192.6262.58","bucket":"189","time":1574812044416,"group":{"id":"performance","version":"21"},"event":{"count":1,"data":{"duration_ms":699,"created":1574812044417},"id":"ui.lagging"}}
{"recorder_version":"21","session":"abf1a2d8f16f","build":"192.6262.58","bucket":"189","time":1574812044892,"group":{"id":"toolwindow","version":"21"},"event":{"count":1,"data":{"os":"Mac","created":1574812044893,"plugin_type":"PLATFORM"},"id":"Project"}}
{"recorder_version":"21","session":"abf1a2d8f16f","build":"192.6262.58","bucket":"189","time":1574812045953,"group":{"id":"performance","version":"21"},"event":{"count":1,"data":{"duration_ms":233,"created":1574812045953},"id":"ui.lagging"}}
{"recorder_version":"21","session":"abf1a2d8f16f","build":"192.6262.58","bucket":"189","time":1574812046757,"group":{"id":"lifecycle","version":"21"},"event":{"count":1,"data":{"created":1574812046758,"project":"92ddc83aceaa9edad1485397ccc1680a8fd16623aa2c155379eac4aafdb2a559"},"id":"frame.activated"}}
{"recorder_version":"21","session":"abf1a2d8f16f","build":"192.6262.58","bucket":"189","time":1574812047983,"group":{"id":"performance","version":"21"},"event":{"count":1,"data":{"duration_ms":258,"created":1574812047984},"id":"ui.lagging"}}
{"recorder_version":"21","session":"abf1a2d8f16f","build":"192.6262.58","bucket":"189","time":1574812048156,"group":{"id":"kotlin.jps.target","version":"1"},"event":{"count":1,"data":{"plugin_version":"validation.undefined_rule","created":1574812048156},"id":"validation.undefined_rule"}}
{"recorder_version":"21","session":"abf1a2d8f16f","build":"192.6262.58","bucket":"189","time":1574812048180,"group":{"id":"project.fs","version":"1"},"event":{"state":true,"data":{"os":"Mac","cs-project":false,"created":1574812048180,"project":"92ddc83aceaa9edad1485397ccc1680a8fd16623aa2c155379eac4aafdb2a559","cs-implicit":true,"cs-system":false},"id":"case-sensitivity"}}
{"recorder_version":"21","session":"abf1a2d8f16f","build":"192.6262.58","bucket":"189","time":1574812048180,"group":{"id":"project.fs","version":"1"},"event":{"state":true,"data":{"created":1574812048181},"id":"invoked"}}
{"recorder_version":"21","session":"abf1a2d8f16f","build":"192.6262.58","bucket":"189","time":1574812048181,"group":{"id":"project.fs","version":"1"},"event":{"state":true,"data":{"pct-non-watched":0,"created":1574812048181,"project":"92ddc83aceaa9edad1485397ccc1680a8fd16623aa2c155379eac4aafdb2a559"},"id":"roots-watched"}}
{"recorder_version":"21","session":"abf1a2d8f16f","build":"192.6262.58","bucket":"189","time":1574812048181,"group":{"id":"project.fs","version":"1"},"event":{"state":true,"data":{"created":1574812048181},"id":"invoked"}}
{"recorder_version":"21","session":"abf1a2d8f16f","build":"192.6262.58","bucket":"189","time":1574812048302,"group":{"id":"ui.dialogs","version":"21"},"event":{"count":1,"data":{"code":1,"created":1574812048302,"plugin_type":"PLATFORM","type":"close"},"id":"com.intellij.openapi.progress.util.ProgressDialog$MyDialogWrapper"}}
{"recorder_version":"21","session":"abf1a2d8f16f","build":"192.6262.58","bucket":"189","time":1574812048460,"group":{"id":"lifecycle","version":"21"},"event":{"count":1,"data":{"duration_ms":8507,"created":1574812048461,"project":"92ddc83aceaa9edad1485397ccc1680a8fd16623aa2c155379eac4aafdb2a559"},"id":"project.opening.finished"}}
{"recorder_version":"21","session":"abf1a2d8f16f","build":"192.6262.58","bucket":"189","time":1574812048871,"group":{"id":"performance","version":"21"},"event":{"count":1,"data":{"duration_ms":145,"created":1574812048871},"id":"ui.lagging"}}
{"recorder_version":"21","session":"abf1a2d8f16f","build":"192.6262.58","bucket":"189","time":1574812049478,"group":{"id":"lifecycle","version":"21"},"event":{"count":1,"data":{"restart":false,"created":1574812049478},"id":"ide.close"}}
{"recorder_version":"21","session":"abf1a2d8f16f","build":"192.6262.58","bucket":"189","time":1574812049866,"group":{"id":"performance","version":"21"},"event":{"count":1,"data":{"duration_ms":136,"created":1574812049866},"id":"ui.lagging"}}
{"recorder_version":"21","session":"abf1a2d8f16f","build":"192.6262.58","bucket":"189","time":1574812050141,"group":{"id":"lifecycle","version":"21"},"event":{"count":1,"data":{"created":1574812050142,"project":"92ddc83aceaa9edad1485397ccc1680a8fd16623aa2c155379eac4aafdb2a559"},"id":"project.closed"}}
