{"recorder_version":"21","session":"524e5b90c5ca","build":"192.6262.58","bucket":"189","time":1575350284902,"group":{"id":"settings","version":"4"},"event":{"state":true,"data":{"component":"NotRoamableUiSettings","created":1575350285147},"id":"invoked"}}
{"recorder_version":"21","session":"524e5b90c5ca","build":"192.6262.58","bucket":"189","time":1575350284904,"group":{"id":"system.java","version":"1"},"event":{"state":true,"data":{"created":1575350285149,"version":"1.11"},"id":"JetBrains"}}
{"recorder_version":"21","session":"524e5b90c5ca","build":"192.6262.58","bucket":"189","time":1575350284904,"group":{"id":"system.java","version":"1"},"event":{"state":true,"data":{"created":1575350285157},"id":"invoked"}}
{"recorder_version":"21","session":"524e5b90c5ca","build":"192.6262.58","bucket":"189","time":1575350284905,"group":{"id":"settings","version":"4"},"event":{"state":true,"data":{"component":"UISettings","created":1575350285157},"id":"invoked"}}
{"recorder_version":"21","session":"524e5b90c5ca","build":"192.6262.58","bucket":"189","time":1575350284928,"group":{"id":"system.os","version":"3"},"event":{"state":true,"data":{"created":1575350285159,"version":"10.14"},"id":"Mac"}}
{"recorder_version":"21","session":"524e5b90c5ca","build":"192.6262.58","bucket":"189","time":1575350284928,"group":{"id":"system.os","version":"3"},"event":{"state":true,"data":{"created":1575350285160,"name":"Mac","version":"10.14"},"id":"os.name"}}
{"recorder_version":"21","session":"524e5b90c5ca","build":"192.6262.58","bucket":"189","time":1575350284928,"group":{"id":"system.os","version":"3"},"event":{"state":true,"data":{"created":1575350285161,"value":"+09_00"},"id":"os.timezone"}}
{"recorder_version":"21","session":"524e5b90c5ca","build":"192.6262.58","bucket":"189","time":1575350284928,"group":{"id":"system.os","version":"3"},"event":{"state":true,"data":{"created":1575350285163},"id":"invoked"}}
{"recorder_version":"21","session":"524e5b90c5ca","build":"192.6262.58","bucket":"189","time":1575350285147,"group":{"id":"event.log","version":"21"},"event":{"count":1,"data":{"created":1575350285164,"version":"943.0"},"id":"whitelist.loaded"}}
{"recorder_version":"21","session":"524e5b90c5ca","build":"192.6262.58","bucket":"189","time":1575350287211,"group":{"id":"settings","version":"4"},"event":{"state":true,"data":{"component":"UpdatesConfigurable","created":1575350287211,"name":"checkNeeded","type":"bool","value":false},"id":"not.default"}}
{"recorder_version":"21","session":"524e5b90c5ca","build":"192.6262.58","bucket":"189","time":1575350287211,"group":{"id":"settings","version":"4"},"event":{"state":true,"data":{"component":"UpdatesConfigurable","created":1575350287212},"id":"invoked"}}
{"recorder_version":"21","session":"524e5b90c5ca","build":"192.6262.58","bucket":"189","time":1575350287352,"group":{"id":"settings","version":"4"},"event":{"state":true,"data":{"component":"GeneralSettings","created":1575350287352,"name":"confirmExit","type":"bool","value":false},"id":"not.default"}}
{"recorder_version":"21","session":"524e5b90c5ca","build":"192.6262.58","bucket":"189","time":1575350287352,"group":{"id":"settings","version":"4"},"event":{"state":true,"data":{"component":"GeneralSettings","created":1575350287353,"name":"showTipsOnStartup","type":"bool","value":false},"id":"not.default"}}
{"recorder_version":"21","session":"524e5b90c5ca","build":"192.6262.58","bucket":"189","time":1575350287352,"group":{"id":"settings","version":"4"},"event":{"state":true,"data":{"component":"GeneralSettings","created":1575350287354},"id":"invoked"}}
{"recorder_version":"21","session":"524e5b90c5ca","build":"192.6262.58","bucket":"189","time":1575350287359,"group":{"id":"lifecycle","version":"21"},"event":{"count":1,"data":{"internal":true,"eap":false,"created":1575350287360},"id":"ide.start"}}
{"recorder_version":"21","session":"524e5b90c5ca","build":"192.6262.58","bucket":"189","time":1575350287649,"group":{"id":"lifecycle","version":"21"},"event":{"count":1,"data":{"created":1575350287649},"id":"frame.activated"}}
{"recorder_version":"21","session":"524e5b90c5ca","build":"192.6262.58","bucket":"189","time":1575350287789,"group":{"id":"performance","version":"21"},"event":{"count":1,"data":{"duration_ms":1,"created":1575350287789},"id":"ui.latency"}}
{"recorder_version":"21","session":"524e5b90c5ca","build":"192.6262.58","bucket":"189","time":1575350288118,"group":{"id":"ui.dialogs","version":"21"},"event":{"count":1,"data":{"created":1575350288120,"plugin_type":"PLATFORM","type":"show"},"id":"com.intellij.openapi.progress.util.ProgressDialog$MyDialogWrapper"}}
{"recorder_version":"21","session":"524e5b90c5ca","build":"192.6262.58","bucket":"189","time":1575350289187,"group":{"id":"lifecycle","version":"21"},"event":{"count":1,"data":{"created":1575350289188,"project":"4452600da3b350ab41d92ae108c2baae6ff0ac3ddb31bd67020ee046ec77ac09"},"id":"project.opened"}}
{"recorder_version":"21","session":"524e5b90c5ca","build":"192.6262.58","bucket":"189","time":1575350290929,"group":{"id":"settings","version":"4"},"event":{"state":true,"data":{"component":"XmlEditorOptions","created":1575350290929},"id":"invoked"}}
{"recorder_version":"21","session":"524e5b90c5ca","build":"192.6262.58","bucket":"189","time":1575350291000,"group":{"id":"performance","version":"21"},"event":{"count":1,"data":{"duration_ms":209,"created":1575350291000},"id":"ui.lagging"}}
{"recorder_version":"21","session":"524e5b90c5ca","build":"192.6262.58","bucket":"189","time":1575350291638,"group":{"id":"toolwindow","version":"21"},"event":{"count":1,"data":{"os":"Mac","created":1575350291638,"plugin_type":"PLATFORM"},"id":"Project"}}
{"recorder_version":"21","session":"524e5b90c5ca","build":"192.6262.58","bucket":"189","time":1575350292297,"group":{"id":"performance","version":"21"},"event":{"count":1,"data":{"duration_ms":506,"created":1575350292298},"id":"ui.lagging"}}
{"recorder_version":"21","session":"524e5b90c5ca","build":"192.6262.58","bucket":"189","time":1575350293937,"group":{"id":"performance","version":"21"},"event":{"count":1,"data":{"duration_ms":144,"created":1575350293937},"id":"ui.lagging"}}
{"recorder_version":"21","session":"524e5b90c5ca","build":"192.6262.58","bucket":"189","time":1575350294157,"group":{"id":"project.fs","version":"1"},"event":{"state":true,"data":{"os":"Mac","cs-project":false,"created":1575350294157,"project":"4452600da3b350ab41d92ae108c2baae6ff0ac3ddb31bd67020ee046ec77ac09","cs-implicit":true,"cs-system":false},"id":"case-sensitivity"}}
{"recorder_version":"21","session":"524e5b90c5ca","build":"192.6262.58","bucket":"189","time":1575350294157,"group":{"id":"project.fs","version":"1"},"event":{"state":true,"data":{"created":1575350294158},"id":"invoked"}}
{"recorder_version":"21","session":"524e5b90c5ca","build":"192.6262.58","bucket":"189","time":1575350294159,"group":{"id":"project.fs","version":"1"},"event":{"state":true,"data":{"pct-non-watched":0,"created":1575350294159,"project":"4452600da3b350ab41d92ae108c2baae6ff0ac3ddb31bd67020ee046ec77ac09"},"id":"roots-watched"}}
{"recorder_version":"21","session":"524e5b90c5ca","build":"192.6262.58","bucket":"189","time":1575350294159,"group":{"id":"project.fs","version":"1"},"event":{"state":true,"data":{"created":1575350294160},"id":"invoked"}}
{"recorder_version":"21","session":"524e5b90c5ca","build":"192.6262.58","bucket":"189","time":1575350294316,"group":{"id":"ui.dialogs","version":"21"},"event":{"count":1,"data":{"code":1,"created":1575350294316,"plugin_type":"PLATFORM","type":"close"},"id":"com.intellij.openapi.progress.util.ProgressDialog$MyDialogWrapper"}}
{"recorder_version":"21","session":"524e5b90c5ca","build":"192.6262.58","bucket":"189","time":1575350294526,"group":{"id":"lifecycle","version":"21"},"event":{"count":1,"data":{"duration_ms":6700,"created":1575350294527,"project":"4452600da3b350ab41d92ae108c2baae6ff0ac3ddb31bd67020ee046ec77ac09"},"id":"project.opening.finished"}}
{"recorder_version":"21","session":"524e5b90c5ca","build":"192.6262.58","bucket":"189","time":1575350295029,"group":{"id":"performance","version":"21"},"event":{"count":1,"data":{"duration_ms":234,"created":1575350295030},"id":"ui.lagging"}}
{"recorder_version":"21","session":"524e5b90c5ca","build":"192.6262.58","bucket":"189","time":1575350295130,"group":{"id":"kotlin.jps.target","version":"1"},"event":{"count":2,"data":{"plugin_version":"validation.undefined_rule","last":1575350295130,"created":1575350295130},"id":"validation.undefined_rule"}}
{"recorder_version":"21","session":"524e5b90c5ca","build":"192.6262.58","bucket":"189","time":1575350296078,"group":{"id":"vcs.change.reminder","version":"1"},"event":{"count":1,"data":{"created":1575350296078,"project":"4452600da3b350ab41d92ae108c2baae6ff0ac3ddb31bd67020ee046ec77ac09","execution_time":250},"id":"prediction.calculated"}}
{"recorder_version":"21","session":"524e5b90c5ca","build":"192.6262.58","bucket":"189","time":1575350298082,"group":{"id":"file.types.usage","version":"21"},"event":{"count":1,"data":{"plugin":"com.intellij.java","created":1575350298082,"plugin_type":"JB_BUNDLED","project":"4452600da3b350ab41d92ae108c2baae6ff0ac3ddb31bd67020ee046ec77ac09","type":"edit"},"id":"JAVA"}}
{"recorder_version":"21","session":"524e5b90c5ca","build":"192.6262.58","bucket":"189","time":1575350299241,"group":{"id":"lifecycle","version":"21"},"event":{"count":1,"data":{"created":1575350299241,"project":"4452600da3b350ab41d92ae108c2baae6ff0ac3ddb31bd67020ee046ec77ac09"},"id":"frame.deactivated"}}
{"recorder_version":"21","session":"524e5b90c5ca","build":"192.6262.58","bucket":"189","time":1575350352677,"group":{"id":"lifecycle","version":"21"},"event":{"count":1,"data":{"created":1575350352677,"project":"4452600da3b350ab41d92ae108c2baae6ff0ac3ddb31bd67020ee046ec77ac09"},"id":"frame.activated"}}
{"recorder_version":"21","session":"524e5b90c5ca","build":"192.6262.58","bucket":"189","time":1575350353273,"group":{"id":"lifecycle","version":"21"},"event":{"count":1,"data":{"restart":false,"created":1575350353273},"id":"ide.close"}}
{"recorder_version":"21","session":"524e5b90c5ca","build":"192.6262.58","bucket":"189","time":1575350353607,"group":{"id":"lifecycle","version":"21"},"event":{"count":1,"data":{"created":1575350353607,"project":"4452600da3b350ab41d92ae108c2baae6ff0ac3ddb31bd67020ee046ec77ac09"},"id":"project.closed"}}
