{"recorder_version":"21","session":"06e471bce1d0","build":"192.6262.58","bucket":"189","time":1574812324369,"group":{"id":"settings","version":"4"},"event":{"state":true,"data":{"component":"NotRoamableUiSettings","created":1574812324556},"id":"invoked"}}
{"recorder_version":"21","session":"06e471bce1d0","build":"192.6262.58","bucket":"189","time":1574812324372,"group":{"id":"system.java","version":"1"},"event":{"state":true,"data":{"created":1574812324559,"version":"1.11"},"id":"JetBrains"}}
{"recorder_version":"21","session":"06e471bce1d0","build":"192.6262.58","bucket":"189","time":1574812324372,"group":{"id":"system.java","version":"1"},"event":{"state":true,"data":{"created":1574812324570},"id":"invoked"}}
{"recorder_version":"21","session":"06e471bce1d0","build":"192.6262.58","bucket":"189","time":1574812324372,"group":{"id":"settings","version":"4"},"event":{"state":true,"data":{"component":"UISettings","created":1574812324571},"id":"invoked"}}
{"recorder_version":"21","session":"06e471bce1d0","build":"192.6262.58","bucket":"189","time":1574812324394,"group":{"id":"system.os","version":"3"},"event":{"state":true,"data":{"created":1574812324572,"version":"10.14"},"id":"Mac"}}
{"recorder_version":"21","session":"06e471bce1d0","build":"192.6262.58","bucket":"189","time":1574812324394,"group":{"id":"system.os","version":"3"},"event":{"state":true,"data":{"created":1574812324573,"name":"Mac","version":"10.14"},"id":"os.name"}}
{"recorder_version":"21","session":"06e471bce1d0","build":"192.6262.58","bucket":"189","time":1574812324394,"group":{"id":"system.os","version":"3"},"event":{"state":true,"data":{"created":1574812324574,"value":"+09_00"},"id":"os.timezone"}}
{"recorder_version":"21","session":"06e471bce1d0","build":"192.6262.58","bucket":"189","time":1574812324394,"group":{"id":"system.os","version":"3"},"event":{"state":true,"data":{"created":1574812324575},"id":"invoked"}}
{"recorder_version":"21","session":"06e471bce1d0","build":"192.6262.58","bucket":"189","time":1574812324556,"group":{"id":"event.log","version":"21"},"event":{"count":1,"data":{"created":1574812324576,"version":"930.0"},"id":"whitelist.loaded"}}
{"recorder_version":"21","session":"06e471bce1d0","build":"192.6262.58","bucket":"189","time":1574812326719,"group":{"id":"settings","version":"4"},"event":{"state":true,"data":{"component":"UpdatesConfigurable","created":1574812326720,"name":"checkNeeded","type":"bool","value":false},"id":"not.default"}}
{"recorder_version":"21","session":"06e471bce1d0","build":"192.6262.58","bucket":"189","time":1574812326719,"group":{"id":"settings","version":"4"},"event":{"state":true,"data":{"component":"UpdatesConfigurable","created":1574812326721},"id":"invoked"}}
{"recorder_version":"21","session":"06e471bce1d0","build":"192.6262.58","bucket":"189","time":1574812326826,"group":{"id":"settings","version":"4"},"event":{"state":true,"data":{"component":"GeneralSettings","created":1574812326828,"name":"confirmExit","type":"bool","value":false},"id":"not.default"}}
{"recorder_version":"21","session":"06e471bce1d0","build":"192.6262.58","bucket":"189","time":1574812326826,"group":{"id":"settings","version":"4"},"event":{"state":true,"data":{"component":"GeneralSettings","created":1574812326831,"name":"showTipsOnStartup","type":"bool","value":false},"id":"not.default"}}
{"recorder_version":"21","session":"06e471bce1d0","build":"192.6262.58","bucket":"189","time":1574812326826,"group":{"id":"settings","version":"4"},"event":{"state":true,"data":{"component":"GeneralSettings","created":1574812326833},"id":"invoked"}}
{"recorder_version":"21","session":"06e471bce1d0","build":"192.6262.58","bucket":"189","time":1574812326834,"group":{"id":"lifecycle","version":"21"},"event":{"count":1,"data":{"internal":true,"eap":false,"created":1574812326835},"id":"ide.start"}}
{"recorder_version":"21","session":"06e471bce1d0","build":"192.6262.58","bucket":"189","time":1574812327123,"group":{"id":"lifecycle","version":"21"},"event":{"count":1,"data":{"created":1574812327123},"id":"frame.activated"}}
{"recorder_version":"21","session":"06e471bce1d0","build":"192.6262.58","bucket":"189","time":1574812327382,"group":{"id":"performance","version":"21"},"event":{"count":1,"data":{"duration_ms":1,"created":1574812327382},"id":"ui.latency"}}
{"recorder_version":"21","session":"06e471bce1d0","build":"192.6262.58","bucket":"189","time":1574812327592,"group":{"id":"ui.dialogs","version":"21"},"event":{"count":1,"data":{"created":1574812327592,"plugin_type":"PLATFORM","type":"show"},"id":"com.intellij.openapi.progress.util.ProgressDialog$MyDialogWrapper"}}
{"recorder_version":"21","session":"06e471bce1d0","build":"192.6262.58","bucket":"189","time":1574812328585,"group":{"id":"lifecycle","version":"21"},"event":{"count":1,"data":{"created":1574812328585,"project":"92ddc83aceaa9edad1485397ccc1680a8fd16623aa2c155379eac4aafdb2a559"},"id":"project.opened"}}
{"recorder_version":"21","session":"06e471bce1d0","build":"192.6262.58","bucket":"189","time":1574812330414,"group":{"id":"settings","version":"4"},"event":{"state":true,"data":{"component":"XmlEditorOptions","created":1574812330414},"id":"invoked"}}
{"recorder_version":"21","session":"06e471bce1d0","build":"192.6262.58","bucket":"189","time":1574812330511,"group":{"id":"performance","version":"21"},"event":{"count":1,"data":{"duration_ms":125,"created":1574812330511},"id":"ui.lagging"}}
{"recorder_version":"21","session":"06e471bce1d0","build":"192.6262.58","bucket":"189","time":1574812330699,"group":{"id":"toolwindow","version":"21"},"event":{"count":1,"data":{"os":"Mac","created":1574812330699,"plugin_type":"PLATFORM"},"id":"Project"}}
{"recorder_version":"21","session":"06e471bce1d0","build":"192.6262.58","bucket":"189","time":1574812331543,"group":{"id":"performance","version":"21"},"event":{"count":1,"data":{"duration_ms":154,"created":1574812331543},"id":"ui.lagging"}}
{"recorder_version":"21","session":"06e471bce1d0","build":"192.6262.58","bucket":"189","time":1574812332991,"group":{"id":"kotlin.jps.target","version":"1"},"event":{"count":1,"data":{"plugin_version":"validation.undefined_rule","created":1574812332991},"id":"validation.undefined_rule"}}
{"recorder_version":"21","session":"06e471bce1d0","build":"192.6262.58","bucket":"189","time":1574812333029,"group":{"id":"project.fs","version":"1"},"event":{"state":true,"data":{"os":"Mac","cs-project":false,"created":1574812333029,"project":"92ddc83aceaa9edad1485397ccc1680a8fd16623aa2c155379eac4aafdb2a559","cs-implicit":true,"cs-system":false},"id":"case-sensitivity"}}
{"recorder_version":"21","session":"06e471bce1d0","build":"192.6262.58","bucket":"189","time":1574812333029,"group":{"id":"project.fs","version":"1"},"event":{"state":true,"data":{"created":1574812333030},"id":"invoked"}}
{"recorder_version":"21","session":"06e471bce1d0","build":"192.6262.58","bucket":"189","time":1574812333030,"group":{"id":"project.fs","version":"1"},"event":{"state":true,"data":{"pct-non-watched":0,"created":1574812333030,"project":"92ddc83aceaa9edad1485397ccc1680a8fd16623aa2c155379eac4aafdb2a559"},"id":"roots-watched"}}
{"recorder_version":"21","session":"06e471bce1d0","build":"192.6262.58","bucket":"189","time":1574812333030,"group":{"id":"project.fs","version":"1"},"event":{"state":true,"data":{"created":1574812333030},"id":"invoked"}}
{"recorder_version":"21","session":"06e471bce1d0","build":"192.6262.58","bucket":"189","time":1574812333130,"group":{"id":"ui.dialogs","version":"21"},"event":{"count":1,"data":{"code":1,"created":1574812333130,"plugin_type":"PLATFORM","type":"close"},"id":"com.intellij.openapi.progress.util.ProgressDialog$MyDialogWrapper"}}
{"recorder_version":"21","session":"06e471bce1d0","build":"192.6262.58","bucket":"189","time":1574812333299,"group":{"id":"lifecycle","version":"21"},"event":{"count":1,"data":{"duration_ms":5962,"created":1574812333299,"project":"92ddc83aceaa9edad1485397ccc1680a8fd16623aa2c155379eac4aafdb2a559"},"id":"project.opening.finished"}}
{"recorder_version":"21","session":"06e471bce1d0","build":"192.6262.58","bucket":"189","time":1574812333652,"group":{"id":"performance","version":"21"},"event":{"count":1,"data":{"duration_ms":260,"created":1574812333653},"id":"ui.lagging"}}
{"recorder_version":"21","session":"06e471bce1d0","build":"192.6262.58","bucket":"189","time":1574812359964,"group":{"id":"file.types.usage","version":"21"},"event":{"count":1,"data":{"created":1574812359964,"plugin_type":"PLATFORM","project":"92ddc83aceaa9edad1485397ccc1680a8fd16623aa2c155379eac4aafdb2a559","type":"edit"},"id":"IDEA_MODULE"}}
{"recorder_version":"21","session":"06e471bce1d0","build":"192.6262.58","bucket":"189","time":1574812363959,"group":{"id":"actions","version":"21"},"event":{"count":3,"data":{"context_menu":false,"last":1574812367970,"current_file":"TEXT","created":1574812363959,"plugin_type":"PLATFORM","project":"92ddc83aceaa9edad1485397ccc1680a8fd16623aa2c155379eac4aafdb2a559","place":"keyboard_shortcut","class":"com.intellij.openapi.editor.actions.BackspaceAction","input_event":"Backspace"},"id":"EditorBackSpace"}}
{"recorder_version":"21","session":"06e471bce1d0","build":"192.6262.58","bucket":"189","time":1574812368939,"group":{"id":"actions","version":"21"},"event":{"count":2,"data":{"context_menu":false,"last":1574812369440,"current_file":"TEXT","created":1574812368939,"plugin_type":"PLATFORM","project":"92ddc83aceaa9edad1485397ccc1680a8fd16623aa2c155379eac4aafdb2a559","place":"keyboard_shortcut","class":"com.intellij.openapi.editor.actions.EnterAction","input_event":"Enter"},"id":"EditorEnter"}}
{"recorder_version":"21","session":"06e471bce1d0","build":"192.6262.58","bucket":"189","time":1574812425479,"group":{"id":"lifecycle","version":"21"},"event":{"count":1,"data":{"created":1574812425479,"project":"92ddc83aceaa9edad1485397ccc1680a8fd16623aa2c155379eac4aafdb2a559"},"id":"frame.deactivated"}}
{"recorder_version":"21","session":"06e471bce1d0","build":"192.6262.58","bucket":"189","time":1574812427663,"group":{"id":"performance","version":"21"},"event":{"count":1,"data":{"duration_ms":0,"created":1574812427663},"id":"ui.latency"}}
{"recorder_version":"21","session":"06e471bce1d0","build":"192.6262.58","bucket":"189","time":1574812477367,"group":{"id":"lifecycle","version":"21"},"event":{"count":1,"data":{"created":1574812477367,"project":"92ddc83aceaa9edad1485397ccc1680a8fd16623aa2c155379eac4aafdb2a559"},"id":"frame.activated"}}
{"recorder_version":"21","session":"06e471bce1d0","build":"192.6262.58","bucket":"189","time":1574812489087,"group":{"id":"lifecycle","version":"21"},"event":{"count":1,"data":{"restart":false,"created":1574812489088},"id":"ide.close"}}
{"recorder_version":"21","session":"06e471bce1d0","build":"192.6262.58","bucket":"189","time":1574812489198,"group":{"id":"lifecycle","version":"21"},"event":{"count":1,"data":{"created":1574812489198,"project":"92ddc83aceaa9edad1485397ccc1680a8fd16623aa2c155379eac4aafdb2a559"},"id":"project.closed"}}
