{"recorder_version":"21","session":"3467eb4aee73","build":"192.6262.58","bucket":"189","time":1574899551986,"group":{"id":"settings","version":"4"},"event":{"state":true,"data":{"component":"NotRoamableUiSettings","created":1574899552169},"id":"invoked"}}
{"recorder_version":"21","session":"3467eb4aee73","build":"192.6262.58","bucket":"189","time":1574899551989,"group":{"id":"system.java","version":"1"},"event":{"state":true,"data":{"created":1574899552171,"version":"1.11"},"id":"JetBrains"}}
{"recorder_version":"21","session":"3467eb4aee73","build":"192.6262.58","bucket":"189","time":1574899551989,"group":{"id":"system.java","version":"1"},"event":{"state":true,"data":{"created":1574899552177},"id":"invoked"}}
{"recorder_version":"21","session":"3467eb4aee73","build":"192.6262.58","bucket":"189","time":1574899551990,"group":{"id":"settings","version":"4"},"event":{"state":true,"data":{"component":"UISettings","created":1574899552178},"id":"invoked"}}
{"recorder_version":"21","session":"3467eb4aee73","build":"192.6262.58","bucket":"189","time":1574899552025,"group":{"id":"system.os","version":"3"},"event":{"state":true,"data":{"created":1574899552178,"version":"10.14"},"id":"Mac"}}
{"recorder_version":"21","session":"3467eb4aee73","build":"192.6262.58","bucket":"189","time":1574899552025,"group":{"id":"system.os","version":"3"},"event":{"state":true,"data":{"created":1574899552179,"name":"Mac","version":"10.14"},"id":"os.name"}}
{"recorder_version":"21","session":"3467eb4aee73","build":"192.6262.58","bucket":"189","time":1574899552025,"group":{"id":"system.os","version":"3"},"event":{"state":true,"data":{"created":1574899552179,"value":"+09_00"},"id":"os.timezone"}}
{"recorder_version":"21","session":"3467eb4aee73","build":"192.6262.58","bucket":"189","time":1574899552025,"group":{"id":"system.os","version":"3"},"event":{"state":true,"data":{"created":1574899552180},"id":"invoked"}}
{"recorder_version":"21","session":"3467eb4aee73","build":"192.6262.58","bucket":"189","time":1574899552169,"group":{"id":"event.log","version":"21"},"event":{"count":1,"data":{"created":1574899552181,"version":"935.0"},"id":"whitelist.loaded"}}
{"recorder_version":"21","session":"3467eb4aee73","build":"192.6262.58","bucket":"189","time":1574899554701,"group":{"id":"settings","version":"4"},"event":{"state":true,"data":{"component":"UpdatesConfigurable","created":1574899554701,"name":"checkNeeded","type":"bool","value":false},"id":"not.default"}}
{"recorder_version":"21","session":"3467eb4aee73","build":"192.6262.58","bucket":"189","time":1574899554701,"group":{"id":"settings","version":"4"},"event":{"state":true,"data":{"component":"UpdatesConfigurable","created":1574899554702},"id":"invoked"}}
{"recorder_version":"21","session":"3467eb4aee73","build":"192.6262.58","bucket":"189","time":1574899554914,"group":{"id":"settings","version":"4"},"event":{"state":true,"data":{"component":"GeneralSettings","created":1574899554914,"name":"confirmExit","type":"bool","value":false},"id":"not.default"}}
{"recorder_version":"21","session":"3467eb4aee73","build":"192.6262.58","bucket":"189","time":1574899554914,"group":{"id":"settings","version":"4"},"event":{"state":true,"data":{"component":"GeneralSettings","created":1574899554914},"id":"invoked"}}
{"recorder_version":"21","session":"3467eb4aee73","build":"192.6262.58","bucket":"189","time":1574899554918,"group":{"id":"lifecycle","version":"21"},"event":{"count":1,"data":{"internal":true,"eap":false,"created":1574899554918},"id":"ide.start"}}
{"recorder_version":"21","session":"3467eb4aee73","build":"192.6262.58","bucket":"189","time":1574899555310,"group":{"id":"lifecycle","version":"21"},"event":{"count":1,"data":{"created":1574899555310},"id":"frame.activated"}}
{"recorder_version":"21","session":"3467eb4aee73","build":"192.6262.58","bucket":"189","time":1574899555438,"group":{"id":"performance","version":"21"},"event":{"count":1,"data":{"duration_ms":486,"created":1574899555438},"id":"ui.latency"}}
{"recorder_version":"21","session":"3467eb4aee73","build":"192.6262.58","bucket":"189","time":1574899555438,"group":{"id":"performance","version":"21"},"event":{"count":1,"data":{"duration_ms":486,"created":1574899555439},"id":"ui.lagging"}}
{"recorder_version":"21","session":"3467eb4aee73","build":"192.6262.58","bucket":"189","time":1574899555839,"group":{"id":"ui.dialogs","version":"21"},"event":{"count":1,"data":{"created":1574899555841,"plugin_type":"PLATFORM","type":"show"},"id":"com.intellij.openapi.progress.util.ProgressDialog$MyDialogWrapper"}}
{"recorder_version":"21","session":"3467eb4aee73","build":"192.6262.58","bucket":"189","time":1574899557048,"group":{"id":"lifecycle","version":"21"},"event":{"count":1,"data":{"created":1574899557048,"project":"4452600da3b350ab41d92ae108c2baae6ff0ac3ddb31bd67020ee046ec77ac09"},"id":"project.opened"}}
{"recorder_version":"21","session":"3467eb4aee73","build":"192.6262.58","bucket":"189","time":1574899558782,"group":{"id":"settings","version":"4"},"event":{"state":true,"data":{"component":"XmlEditorOptions","created":1574899558782},"id":"invoked"}}
{"recorder_version":"21","session":"3467eb4aee73","build":"192.6262.58","bucket":"189","time":1574899559145,"group":{"id":"performance","version":"21"},"event":{"count":1,"data":{"duration_ms":192,"created":1574899559145},"id":"ui.lagging"}}
{"recorder_version":"21","session":"3467eb4aee73","build":"192.6262.58","bucket":"189","time":1574899561113,"group":{"id":"performance","version":"21"},"event":{"count":1,"data":{"duration_ms":156,"created":1574899561113},"id":"ui.lagging"}}
{"recorder_version":"21","session":"3467eb4aee73","build":"192.6262.58","bucket":"189","time":1574899561597,"group":{"id":"ui.tips","version":"2"},"event":{"count":1,"data":{"created":1574899561597,"type":"automatically"},"id":"dialog.shown"}}
{"recorder_version":"21","session":"3467eb4aee73","build":"192.6262.58","bucket":"189","time":1574899561656,"group":{"id":"ui.dialogs","version":"21"},"event":{"count":1,"data":{"created":1574899561657,"plugin_type":"PLATFORM","type":"show"},"id":"com.intellij.ide.util.TipDialog"}}
{"recorder_version":"21","session":"3467eb4aee73","build":"192.6262.58","bucket":"189","time":1574899562087,"group":{"id":"performance","version":"21"},"event":{"count":1,"data":{"duration_ms":130,"created":1574899562087},"id":"ui.lagging"}}
{"recorder_version":"21","session":"3467eb4aee73","build":"192.6262.58","bucket":"189","time":1574899562494,"group":{"id":"kotlin.jps.target","version":"1"},"event":{"count":2,"data":{"plugin_version":"validation.undefined_rule","last":1574899562494,"created":1574899562494},"id":"validation.undefined_rule"}}
{"recorder_version":"21","session":"3467eb4aee73","build":"192.6262.58","bucket":"189","time":1574899562968,"group":{"id":"project.fs","version":"1"},"event":{"state":true,"data":{"os":"Mac","cs-project":false,"created":1574899562969,"project":"4452600da3b350ab41d92ae108c2baae6ff0ac3ddb31bd67020ee046ec77ac09","cs-implicit":true,"cs-system":false},"id":"case-sensitivity"}}
{"recorder_version":"21","session":"3467eb4aee73","build":"192.6262.58","bucket":"189","time":1574899562968,"group":{"id":"project.fs","version":"1"},"event":{"state":true,"data":{"created":1574899562969},"id":"invoked"}}
{"recorder_version":"21","session":"3467eb4aee73","build":"192.6262.58","bucket":"189","time":1574899562970,"group":{"id":"project.fs","version":"1"},"event":{"state":true,"data":{"pct-non-watched":0,"created":1574899562970,"project":"4452600da3b350ab41d92ae108c2baae6ff0ac3ddb31bd67020ee046ec77ac09"},"id":"roots-watched"}}
{"recorder_version":"21","session":"3467eb4aee73","build":"192.6262.58","bucket":"189","time":1574899562970,"group":{"id":"project.fs","version":"1"},"event":{"state":true,"data":{"created":1574899562970},"id":"invoked"}}
{"recorder_version":"21","session":"3467eb4aee73","build":"192.6262.58","bucket":"189","time":1574899563113,"group":{"id":"ui.dialogs","version":"21"},"event":{"count":1,"data":{"code":1,"created":1574899563114,"plugin_type":"PLATFORM","type":"close"},"id":"com.intellij.openapi.progress.util.ProgressDialog$MyDialogWrapper"}}
{"recorder_version":"21","session":"3467eb4aee73","build":"192.6262.58","bucket":"189","time":1574899563128,"group":{"id":"ui.dialogs","version":"21"},"event":{"count":1,"data":{"code":1,"created":1574899563128,"plugin_type":"PLATFORM","type":"close"},"id":"com.intellij.ide.util.TipDialog"}}
{"recorder_version":"21","session":"3467eb4aee73","build":"192.6262.58","bucket":"189","time":1574899563595,"group":{"id":"lifecycle","version":"21"},"event":{"count":1,"data":{"duration_ms":8023,"created":1574899563595,"project":"4452600da3b350ab41d92ae108c2baae6ff0ac3ddb31bd67020ee046ec77ac09"},"id":"project.opening.finished"}}
{"recorder_version":"21","session":"3467eb4aee73","build":"192.6262.58","bucket":"189","time":1574899565080,"group":{"id":"vcs.change.reminder","version":"1"},"event":{"count":1,"data":{"created":1574899565080,"project":"4452600da3b350ab41d92ae108c2baae6ff0ac3ddb31bd67020ee046ec77ac09","execution_time":362},"id":"prediction.calculated"}}
{"recorder_version":"21","session":"3467eb4aee73","build":"192.6262.58","bucket":"189","time":1574899565181,"group":{"id":"vcs.change.reminder","version":"1"},"event":{"count":1,"data":{"created":1574899565181,"project":"4452600da3b350ab41d92ae108c2baae6ff0ac3ddb31bd67020ee046ec77ac09","execution_time":50},"id":"prediction.calculated"}}
{"recorder_version":"21","session":"3467eb4aee73","build":"192.6262.58","bucket":"189","time":1574899565227,"group":{"id":"vcs.change.reminder","version":"1"},"event":{"count":1,"data":{"created":1574899565227,"project":"4452600da3b350ab41d92ae108c2baae6ff0ac3ddb31bd67020ee046ec77ac09","execution_time":46},"id":"prediction.calculated"}}
{"recorder_version":"21","session":"3467eb4aee73","build":"192.6262.58","bucket":"189","time":1574899565317,"group":{"id":"vcs.change.reminder","version":"1"},"event":{"count":1,"data":{"created":1574899565317,"project":"4452600da3b350ab41d92ae108c2baae6ff0ac3ddb31bd67020ee046ec77ac09","execution_time":56},"id":"prediction.calculated"}}
{"recorder_version":"21","session":"3467eb4aee73","build":"192.6262.58","bucket":"189","time":1574899565354,"group":{"id":"vcs.change.reminder","version":"1"},"event":{"count":1,"data":{"created":1574899565354,"project":"4452600da3b350ab41d92ae108c2baae6ff0ac3ddb31bd67020ee046ec77ac09","execution_time":37},"id":"prediction.calculated"}}
{"recorder_version":"21","session":"3467eb4aee73","build":"192.6262.58","bucket":"189","time":1574899565395,"group":{"id":"vcs.change.reminder","version":"1"},"event":{"count":1,"data":{"created":1574899565395,"project":"4452600da3b350ab41d92ae108c2baae6ff0ac3ddb31bd67020ee046ec77ac09","execution_time":41},"id":"prediction.calculated"}}
{"recorder_version":"21","session":"3467eb4aee73","build":"192.6262.58","bucket":"189","time":1574899566086,"group":{"id":"performance","version":"21"},"event":{"count":1,"data":{"duration_ms":123,"created":1574899566086},"id":"ui.lagging"}}
{"recorder_version":"21","session":"3467eb4aee73","build":"192.6262.58","bucket":"189","time":1574899566195,"group":{"id":"file.types.usage","version":"21"},"event":{"count":1,"data":{"plugin":"com.intellij.java","created":1574899566195,"plugin_type":"JB_BUNDLED","project":"4452600da3b350ab41d92ae108c2baae6ff0ac3ddb31bd67020ee046ec77ac09","type":"edit"},"id":"JAVA"}}
{"recorder_version":"21","session":"3467eb4aee73","build":"192.6262.58","bucket":"189","time":1574899593625,"group":{"id":"ui.dialogs","version":"21"},"event":{"count":1,"data":{"created":1574899593625,"plugin_type":"PLATFORM","type":"show"},"id":"com.intellij.openapi.progress.util.ProgressDialog$MyDialogWrapper"}}
{"recorder_version":"21","session":"3467eb4aee73","build":"192.6262.58","bucket":"189","time":1574899593672,"group":{"id":"lifecycle","version":"21"},"event":{"count":1,"data":{"created":1574899593672,"project":"4452600da3b350ab41d92ae108c2baae6ff0ac3ddb31bd67020ee046ec77ac09"},"id":"project.closed"}}
{"recorder_version":"21","session":"3467eb4aee73","build":"192.6262.58","bucket":"189","time":1574899593745,"group":{"id":"ui.dialogs","version":"21"},"event":{"count":1,"data":{"code":1,"created":1574899593745,"plugin_type":"PLATFORM","type":"close"},"id":"com.intellij.openapi.progress.util.ProgressDialog$MyDialogWrapper"}}
{"recorder_version":"21","session":"3467eb4aee73","build":"192.6262.58","bucket":"189","time":1574899595413,"group":{"id":"lifecycle","version":"21"},"event":{"count":1,"data":{"restart":false,"created":1574899595413},"id":"ide.close"}}
