{"recorder_version":"21","session":"d6aa8928fbb2","build":"192.6262.58","bucket":"189","time":1575125853052,"group":{"id":"settings","version":"4"},"event":{"state":true,"data":{"component":"NotRoamableUiSettings","created":1575125853191},"id":"invoked"}}
{"recorder_version":"21","session":"d6aa8928fbb2","build":"192.6262.58","bucket":"189","time":1575125853055,"group":{"id":"settings","version":"4"},"event":{"state":true,"data":{"component":"UISettings","created":1575125853193},"id":"invoked"}}
{"recorder_version":"21","session":"d6aa8928fbb2","build":"192.6262.58","bucket":"189","time":1575125853055,"group":{"id":"system.java","version":"1"},"event":{"state":true,"data":{"created":1575125853200,"version":"1.11"},"id":"JetBrains"}}
{"recorder_version":"21","session":"d6aa8928fbb2","build":"192.6262.58","bucket":"189","time":1575125853055,"group":{"id":"system.java","version":"1"},"event":{"state":true,"data":{"created":1575125853200},"id":"invoked"}}
{"recorder_version":"21","session":"d6aa8928fbb2","build":"192.6262.58","bucket":"189","time":1575125853077,"group":{"id":"system.os","version":"3"},"event":{"state":true,"data":{"created":1575125853201,"version":"10.14"},"id":"Mac"}}
{"recorder_version":"21","session":"d6aa8928fbb2","build":"192.6262.58","bucket":"189","time":1575125853077,"group":{"id":"system.os","version":"3"},"event":{"state":true,"data":{"created":1575125853201,"name":"Mac","version":"10.14"},"id":"os.name"}}
{"recorder_version":"21","session":"d6aa8928fbb2","build":"192.6262.58","bucket":"189","time":1575125853077,"group":{"id":"system.os","version":"3"},"event":{"state":true,"data":{"created":1575125853202,"value":"+09_00"},"id":"os.timezone"}}
{"recorder_version":"21","session":"d6aa8928fbb2","build":"192.6262.58","bucket":"189","time":1575125853077,"group":{"id":"system.os","version":"3"},"event":{"state":true,"data":{"created":1575125853203},"id":"invoked"}}
{"recorder_version":"21","session":"d6aa8928fbb2","build":"192.6262.58","bucket":"189","time":1575125853191,"group":{"id":"event.log","version":"21"},"event":{"count":1,"data":{"created":1575125853203,"version":"746.0"},"id":"whitelist.loaded"}}
{"recorder_version":"21","session":"d6aa8928fbb2","build":"192.6262.58","bucket":"189","time":1575125855516,"group":{"id":"settings","version":"4"},"event":{"state":true,"data":{"component":"UpdatesConfigurable","created":1575125855516,"name":"checkNeeded","type":"bool","value":false},"id":"not.default"}}
{"recorder_version":"21","session":"d6aa8928fbb2","build":"192.6262.58","bucket":"189","time":1575125855516,"group":{"id":"settings","version":"4"},"event":{"state":true,"data":{"component":"UpdatesConfigurable","created":1575125855517},"id":"invoked"}}
{"recorder_version":"21","session":"d6aa8928fbb2","build":"192.6262.58","bucket":"189","time":1575125856083,"group":{"id":"lifecycle","version":"21"},"event":{"count":1,"data":{"internal":true,"eap":false,"created":1575125856083},"id":"ide.start"}}
{"recorder_version":"21","session":"d6aa8928fbb2","build":"192.6262.58","bucket":"189","time":1575125856085,"group":{"id":"settings","version":"4"},"event":{"state":true,"data":{"component":"GeneralSettings","created":1575125856085,"name":"showTipsOnStartup","type":"bool","value":false},"id":"not.default"}}
{"recorder_version":"21","session":"d6aa8928fbb2","build":"192.6262.58","bucket":"189","time":1575125856085,"group":{"id":"settings","version":"4"},"event":{"state":true,"data":{"component":"GeneralSettings","created":1575125856086},"id":"invoked"}}
{"recorder_version":"21","session":"d6aa8928fbb2","build":"192.6262.58","bucket":"189","time":1575125856114,"group":{"id":"performance","version":"21"},"event":{"count":1,"data":{"duration_ms":87,"created":1575125856114},"id":"ui.latency"}}
{"recorder_version":"21","session":"d6aa8928fbb2","build":"192.6262.58","bucket":"189","time":1575125856743,"group":{"id":"settings","version":"4"},"event":{"state":true,"data":{"component":"XmlEditorOptions","created":1575125856743},"id":"invoked"}}
{"recorder_version":"21","session":"d6aa8928fbb2","build":"192.6262.58","bucket":"189","time":1575125857178,"group":{"id":"performance","version":"21"},"event":{"count":1,"data":{"duration_ms":147,"created":1575125857178},"id":"ui.lagging"}}
{"recorder_version":"21","session":"d6aa8928fbb2","build":"192.6262.58","bucket":"189","time":1575125861406,"group":{"id":"ui.dialogs","version":"21"},"event":{"count":1,"data":{"created":1575125861409,"plugin_type":"PLATFORM","type":"show"},"id":"com.intellij.openapi.progress.util.ProgressDialog$MyDialogWrapper"}}
{"recorder_version":"21","session":"d6aa8928fbb2","build":"192.6262.58","bucket":"189","time":1575125862372,"group":{"id":"lifecycle","version":"21"},"event":{"count":1,"data":{"created":1575125862372,"project":"4452600da3b350ab41d92ae108c2baae6ff0ac3ddb31bd67020ee046ec77ac09"},"id":"project.opened"}}
{"recorder_version":"21","session":"d6aa8928fbb2","build":"192.6262.58","bucket":"189","time":1575125864302,"group":{"id":"performance","version":"21"},"event":{"count":1,"data":{"duration_ms":252,"created":1575125864302},"id":"ui.lagging"}}
{"recorder_version":"21","session":"d6aa8928fbb2","build":"192.6262.58","bucket":"189","time":1575125864676,"group":{"id":"toolwindow","version":"21"},"event":{"count":1,"data":{"os":"Mac","created":1575125864679,"plugin_type":"NOT_LISTED"},"id":"third.party"}}
{"recorder_version":"21","session":"d6aa8928fbb2","build":"192.6262.58","bucket":"189","time":1575125866257,"group":{"id":"project.fs","version":"1"},"event":{"state":true,"data":{"os":"Mac","cs-project":false,"created":1575125866257,"project":"4452600da3b350ab41d92ae108c2baae6ff0ac3ddb31bd67020ee046ec77ac09","cs-implicit":true,"cs-system":false},"id":"case-sensitivity"}}
{"recorder_version":"21","session":"d6aa8928fbb2","build":"192.6262.58","bucket":"189","time":1575125866257,"group":{"id":"project.fs","version":"1"},"event":{"state":true,"data":{"created":1575125866258},"id":"invoked"}}
{"recorder_version":"21","session":"d6aa8928fbb2","build":"192.6262.58","bucket":"189","time":1575125866258,"group":{"id":"project.fs","version":"1"},"event":{"state":true,"data":{"pct-non-watched":0,"created":1575125866258,"project":"4452600da3b350ab41d92ae108c2baae6ff0ac3ddb31bd67020ee046ec77ac09"},"id":"roots-watched"}}
{"recorder_version":"21","session":"d6aa8928fbb2","build":"192.6262.58","bucket":"189","time":1575125866258,"group":{"id":"project.fs","version":"1"},"event":{"state":true,"data":{"created":1575125866258},"id":"invoked"}}
{"recorder_version":"21","session":"d6aa8928fbb2","build":"192.6262.58","bucket":"189","time":1575125866327,"group":{"id":"ui.dialogs","version":"21"},"event":{"count":1,"data":{"code":1,"created":1575125866327,"plugin_type":"PLATFORM","type":"close"},"id":"com.intellij.openapi.progress.util.ProgressDialog$MyDialogWrapper"}}
{"recorder_version":"21","session":"d6aa8928fbb2","build":"192.6262.58","bucket":"189","time":1575125866417,"group":{"id":"lifecycle","version":"21"},"event":{"count":1,"data":{"duration_ms":5252,"created":1575125866417,"project":"4452600da3b350ab41d92ae108c2baae6ff0ac3ddb31bd67020ee046ec77ac09"},"id":"project.opening.finished"}}
{"recorder_version":"21","session":"d6aa8928fbb2","build":"192.6262.58","bucket":"189","time":1575125869246,"group":{"id":"kotlin.jps.target","version":"1"},"event":{"count":2,"data":{"plugin_version":"1.3.41-release-IJ2019.2-1","last":1575125869259,"created":1575125869246},"id":"jvm"}}
{"recorder_version":"21","session":"d6aa8928fbb2","build":"192.6262.58","bucket":"189","time":1575125869977,"group":{"id":"vcs.change.reminder","version":"1"},"event":{"count":1,"data":{"created":1575125869977,"project":"4452600da3b350ab41d92ae108c2baae6ff0ac3ddb31bd67020ee046ec77ac09","execution_time":206},"id":"prediction.calculated"}}
{"recorder_version":"21","session":"d6aa8928fbb2","build":"192.6262.58","bucket":"189","time":1575125870038,"group":{"id":"file.types.usage","version":"21"},"event":{"count":1,"data":{"plugin":"com.intellij.java","created":1575125870038,"plugin_type":"JB_BUNDLED","project":"4452600da3b350ab41d92ae108c2baae6ff0ac3ddb31bd67020ee046ec77ac09","type":"edit"},"id":"JAVA"}}
{"recorder_version":"21","session":"d6aa8928fbb2","build":"192.6262.58","bucket":"189","time":1575125870177,"group":{"id":"performance","version":"21"},"event":{"count":1,"data":{"duration_ms":111,"created":1575125870177},"id":"ui.lagging"}}
{"recorder_version":"21","session":"d6aa8928fbb2","build":"192.6262.58","bucket":"189","time":1575125890803,"group":{"id":"toolwindow","version":"21"},"event":{"count":1,"data":{"os":"Mac","created":1575125890804,"plugin_type":"PLATFORM"},"id":"Project"}}
{"recorder_version":"21","session":"d6aa8928fbb2","build":"192.6262.58","bucket":"189","time":1575125896780,"group":{"id":"lifecycle","version":"21"},"event":{"count":1,"data":{"restart":false,"created":1575125896780},"id":"ide.close"}}
{"recorder_version":"21","session":"d6aa8928fbb2","build":"192.6262.58","bucket":"189","time":1575125896782,"group":{"id":"lifecycle","version":"21"},"event":{"count":1,"data":{"created":1575125896782,"project":"4452600da3b350ab41d92ae108c2baae6ff0ac3ddb31bd67020ee046ec77ac09"},"id":"frame.deactivated"}}
{"recorder_version":"21","session":"d6aa8928fbb2","build":"192.6262.58","bucket":"189","time":1575125896889,"group":{"id":"lifecycle","version":"21"},"event":{"count":1,"data":{"created":1575125896889,"project":"4452600da3b350ab41d92ae108c2baae6ff0ac3ddb31bd67020ee046ec77ac09"},"id":"frame.activated"}}
{"recorder_version":"21","session":"d6aa8928fbb2","build":"192.6262.58","bucket":"189","time":1575125897282,"group":{"id":"performance","version":"21"},"event":{"count":1,"data":{"duration_ms":152,"created":1575125897282},"id":"ui.lagging"}}
{"recorder_version":"21","session":"d6aa8928fbb2","build":"192.6262.58","bucket":"189","time":1575125897360,"group":{"id":"ui.dialogs","version":"21"},"event":{"count":1,"data":{"created":1575125897360,"plugin_type":"PLATFORM","type":"show"},"id":"com.intellij.openapi.progress.util.ProgressDialog$MyDialogWrapper"}}
{"recorder_version":"21","session":"d6aa8928fbb2","build":"192.6262.58","bucket":"189","time":1575125897390,"group":{"id":"lifecycle","version":"21"},"event":{"count":1,"data":{"created":1575125897390,"project":"4452600da3b350ab41d92ae108c2baae6ff0ac3ddb31bd67020ee046ec77ac09"},"id":"project.closed"}}
