{"recorder_version":"21","session":"4285e6875279","build":"192.6262.58","bucket":"189","time":1574893243883,"group":{"id":"settings","version":"4"},"event":{"state":true,"data":{"component":"NotRoamableUiSettings","created":1574893244035},"id":"invoked"}}
{"recorder_version":"21","session":"4285e6875279","build":"192.6262.58","bucket":"189","time":1574893243885,"group":{"id":"system.java","version":"1"},"event":{"state":true,"data":{"created":1574893244037,"version":"1.11"},"id":"JetBrains"}}
{"recorder_version":"21","session":"4285e6875279","build":"192.6262.58","bucket":"189","time":1574893243885,"group":{"id":"system.java","version":"1"},"event":{"state":true,"data":{"created":1574893244048},"id":"invoked"}}
{"recorder_version":"21","session":"4285e6875279","build":"192.6262.58","bucket":"189","time":1574893243885,"group":{"id":"settings","version":"4"},"event":{"state":true,"data":{"component":"UISettings","created":1574893244048},"id":"invoked"}}
{"recorder_version":"21","session":"4285e6875279","build":"192.6262.58","bucket":"189","time":1574893243908,"group":{"id":"system.os","version":"3"},"event":{"state":true,"data":{"created":1574893244049,"version":"10.14"},"id":"Mac"}}
{"recorder_version":"21","session":"4285e6875279","build":"192.6262.58","bucket":"189","time":1574893243908,"group":{"id":"system.os","version":"3"},"event":{"state":true,"data":{"created":1574893244049,"name":"Mac","version":"10.14"},"id":"os.name"}}
{"recorder_version":"21","session":"4285e6875279","build":"192.6262.58","bucket":"189","time":1574893243908,"group":{"id":"system.os","version":"3"},"event":{"state":true,"data":{"created":1574893244050,"value":"+09_00"},"id":"os.timezone"}}
{"recorder_version":"21","session":"4285e6875279","build":"192.6262.58","bucket":"189","time":1574893243908,"group":{"id":"system.os","version":"3"},"event":{"state":true,"data":{"created":1574893244050},"id":"invoked"}}
{"recorder_version":"21","session":"4285e6875279","build":"192.6262.58","bucket":"189","time":1574893244035,"group":{"id":"event.log","version":"21"},"event":{"count":1,"data":{"created":1574893244051,"version":"935.0"},"id":"whitelist.loaded"}}
{"recorder_version":"21","session":"4285e6875279","build":"192.6262.58","bucket":"189","time":1574893246239,"group":{"id":"settings","version":"4"},"event":{"state":true,"data":{"component":"UpdatesConfigurable","created":1574893246239,"name":"checkNeeded","type":"bool","value":false},"id":"not.default"}}
{"recorder_version":"21","session":"4285e6875279","build":"192.6262.58","bucket":"189","time":1574893246239,"group":{"id":"settings","version":"4"},"event":{"state":true,"data":{"component":"UpdatesConfigurable","created":1574893246240},"id":"invoked"}}
{"recorder_version":"21","session":"4285e6875279","build":"192.6262.58","bucket":"189","time":1574893246379,"group":{"id":"settings","version":"4"},"event":{"state":true,"data":{"component":"GeneralSettings","created":1574893246379,"name":"confirmExit","type":"bool","value":false},"id":"not.default"}}
{"recorder_version":"21","session":"4285e6875279","build":"192.6262.58","bucket":"189","time":1574893246379,"group":{"id":"settings","version":"4"},"event":{"state":true,"data":{"component":"GeneralSettings","created":1574893246382},"id":"invoked"}}
{"recorder_version":"21","session":"4285e6875279","build":"192.6262.58","bucket":"189","time":1574893246384,"group":{"id":"lifecycle","version":"21"},"event":{"count":1,"data":{"internal":true,"eap":false,"created":1574893246384},"id":"ide.start"}}
{"recorder_version":"21","session":"4285e6875279","build":"192.6262.58","bucket":"189","time":1574893246682,"group":{"id":"lifecycle","version":"21"},"event":{"count":1,"data":{"created":1574893246682},"id":"frame.activated"}}
{"recorder_version":"21","session":"4285e6875279","build":"192.6262.58","bucket":"189","time":1574893246816,"group":{"id":"performance","version":"21"},"event":{"count":1,"data":{"duration_ms":57,"created":1574893246816},"id":"ui.latency"}}
{"recorder_version":"21","session":"4285e6875279","build":"192.6262.58","bucket":"189","time":1574893247156,"group":{"id":"ui.dialogs","version":"21"},"event":{"count":1,"data":{"created":1574893247158,"plugin_type":"PLATFORM","type":"show"},"id":"com.intellij.openapi.progress.util.ProgressDialog$MyDialogWrapper"}}
{"recorder_version":"21","session":"4285e6875279","build":"192.6262.58","bucket":"189","time":1574893248228,"group":{"id":"lifecycle","version":"21"},"event":{"count":1,"data":{"created":1574893248228,"project":"4452600da3b350ab41d92ae108c2baae6ff0ac3ddb31bd67020ee046ec77ac09"},"id":"project.opened"}}
{"recorder_version":"21","session":"4285e6875279","build":"192.6262.58","bucket":"189","time":1574893248929,"group":{"id":"performance","version":"21"},"event":{"count":1,"data":{"duration_ms":166,"created":1574893248929},"id":"ui.lagging"}}
{"recorder_version":"21","session":"4285e6875279","build":"192.6262.58","bucket":"189","time":1574893249924,"group":{"id":"settings","version":"4"},"event":{"state":true,"data":{"component":"XmlEditorOptions","created":1574893249924},"id":"invoked"}}
{"recorder_version":"21","session":"4285e6875279","build":"192.6262.58","bucket":"189","time":1574893249978,"group":{"id":"performance","version":"21"},"event":{"count":1,"data":{"duration_ms":216,"created":1574893249980},"id":"ui.lagging"}}
{"recorder_version":"21","session":"4285e6875279","build":"192.6262.58","bucket":"189","time":1574893250440,"group":{"id":"toolwindow","version":"21"},"event":{"count":1,"data":{"os":"Mac","created":1574893250440,"plugin_type":"PLATFORM"},"id":"Project"}}
{"recorder_version":"21","session":"4285e6875279","build":"192.6262.58","bucket":"189","time":1574893251302,"group":{"id":"performance","version":"21"},"event":{"count":1,"data":{"duration_ms":536,"created":1574893251302},"id":"ui.lagging"}}
{"recorder_version":"21","session":"4285e6875279","build":"192.6262.58","bucket":"189","time":1574893251662,"group":{"id":"ui.tips","version":"2"},"event":{"count":1,"data":{"created":1574893251662,"type":"automatically"},"id":"dialog.shown"}}
{"recorder_version":"21","session":"4285e6875279","build":"192.6262.58","bucket":"189","time":1574893251736,"group":{"id":"ui.dialogs","version":"21"},"event":{"count":1,"data":{"created":1574893251736,"plugin_type":"PLATFORM","type":"show"},"id":"com.intellij.ide.util.TipDialog"}}
{"recorder_version":"21","session":"4285e6875279","build":"192.6262.58","bucket":"189","time":1574893251914,"group":{"id":"performance","version":"21"},"event":{"count":1,"data":{"duration_ms":146,"created":1574893251914},"id":"ui.lagging"}}
{"recorder_version":"21","session":"4285e6875279","build":"192.6262.58","bucket":"189","time":1574893252919,"group":{"id":"project.fs","version":"1"},"event":{"state":true,"data":{"os":"Mac","cs-project":false,"created":1574893252919,"project":"4452600da3b350ab41d92ae108c2baae6ff0ac3ddb31bd67020ee046ec77ac09","cs-implicit":true,"cs-system":false},"id":"case-sensitivity"}}
{"recorder_version":"21","session":"4285e6875279","build":"192.6262.58","bucket":"189","time":1574893252919,"group":{"id":"project.fs","version":"1"},"event":{"state":true,"data":{"created":1574893252920},"id":"invoked"}}
{"recorder_version":"21","session":"4285e6875279","build":"192.6262.58","bucket":"189","time":1574893252920,"group":{"id":"project.fs","version":"1"},"event":{"state":true,"data":{"pct-non-watched":0,"created":1574893252920,"project":"4452600da3b350ab41d92ae108c2baae6ff0ac3ddb31bd67020ee046ec77ac09"},"id":"roots-watched"}}
{"recorder_version":"21","session":"4285e6875279","build":"192.6262.58","bucket":"189","time":1574893252920,"group":{"id":"project.fs","version":"1"},"event":{"state":true,"data":{"created":1574893252921},"id":"invoked"}}
{"recorder_version":"21","session":"4285e6875279","build":"192.6262.58","bucket":"189","time":1574893253070,"group":{"id":"ui.dialogs","version":"21"},"event":{"count":1,"data":{"code":1,"created":1574893253070,"plugin_type":"PLATFORM","type":"close"},"id":"com.intellij.openapi.progress.util.ProgressDialog$MyDialogWrapper"}}
{"recorder_version":"21","session":"4285e6875279","build":"192.6262.58","bucket":"189","time":1574893253228,"group":{"id":"lifecycle","version":"21"},"event":{"count":1,"data":{"duration_ms":6339,"created":1574893253228,"project":"4452600da3b350ab41d92ae108c2baae6ff0ac3ddb31bd67020ee046ec77ac09"},"id":"project.opening.finished"}}
{"recorder_version":"21","session":"4285e6875279","build":"192.6262.58","bucket":"189","time":1574893254435,"group":{"id":"kotlin.jps.target","version":"1"},"event":{"count":2,"data":{"plugin_version":"validation.undefined_rule","last":1574893254436,"created":1574893254436},"id":"validation.undefined_rule"}}
{"recorder_version":"21","session":"4285e6875279","build":"192.6262.58","bucket":"189","time":1574893254841,"group":{"id":"ui.dialogs","version":"21"},"event":{"count":1,"data":{"code":1,"created":1574893254841,"plugin_type":"PLATFORM","type":"close"},"id":"com.intellij.ide.util.TipDialog"}}
{"recorder_version":"21","session":"4285e6875279","build":"192.6262.58","bucket":"189","time":1574893255282,"group":{"id":"vcs.change.reminder","version":"1"},"event":{"count":1,"data":{"created":1574893255283,"project":"4452600da3b350ab41d92ae108c2baae6ff0ac3ddb31bd67020ee046ec77ac09","execution_time":270},"id":"prediction.calculated"}}
{"recorder_version":"21","session":"4285e6875279","build":"192.6262.58","bucket":"189","time":1574893258254,"group":{"id":"actions","version":"21"},"event":{"count":1,"data":{"context_menu":false,"current_file":"JAVA","created":1574893258254,"plugin_type":"PLATFORM","project":"4452600da3b350ab41d92ae108c2baae6ff0ac3ddb31bd67020ee046ec77ac09","place":"keyboard_shortcut","class":"com.intellij.openapi.editor.actions.EscapeAction","input_event":"Escape"},"id":"EditorEscape"}}
{"recorder_version":"21","session":"4285e6875279","build":"192.6262.58","bucket":"189","time":1574893258866,"group":{"id":"file.types.usage","version":"21"},"event":{"count":1,"data":{"plugin":"com.intellij.java","created":1574893258866,"plugin_type":"JB_BUNDLED","project":"4452600da3b350ab41d92ae108c2baae6ff0ac3ddb31bd67020ee046ec77ac09","type":"edit"},"id":"JAVA"}}
{"recorder_version":"21","session":"4285e6875279","build":"192.6262.58","bucket":"189","time":1574893269464,"group":{"id":"actions","version":"21"},"event":{"count":1,"data":{"context_menu":false,"current_file":"JAVA","created":1574893269464,"plugin_type":"PLATFORM","project":"4452600da3b350ab41d92ae108c2baae6ff0ac3ddb31bd67020ee046ec77ac09","place":"keyboard_shortcut","class":"com.intellij.openapi.editor.actions.EnterAction","input_event":"Enter"},"id":"EditorEnter"}}
{"recorder_version":"21","session":"4285e6875279","build":"192.6262.58","bucket":"189","time":1574893284087,"group":{"id":"actions","version":"21"},"event":{"count":6,"data":{"context_menu":false,"last":1574893287358,"current_file":"JAVA","created":1574893284087,"plugin_type":"PLATFORM","project":"4452600da3b350ab41d92ae108c2baae6ff0ac3ddb31bd67020ee046ec77ac09","place":"keyboard_shortcut","class":"com.intellij.openapi.editor.actions.EnterAction","input_event":"Enter"},"id":"EditorEnter"}}
{"recorder_version":"21","session":"4285e6875279","build":"192.6262.58","bucket":"189","time":1574893289775,"group":{"id":"lifecycle","version":"21"},"event":{"count":1,"data":{"created":1574893289775,"project":"4452600da3b350ab41d92ae108c2baae6ff0ac3ddb31bd67020ee046ec77ac09"},"id":"frame.deactivated"}}
{"recorder_version":"21","session":"4285e6875279","build":"192.6262.58","bucket":"189","time":1574893289959,"group":{"id":"performance","version":"21"},"event":{"count":1,"data":{"duration_ms":111,"created":1574893289960},"id":"ui.lagging"}}
{"recorder_version":"21","session":"4285e6875279","build":"192.6262.58","bucket":"189","time":1574893290609,"group":{"id":"vcs.change.reminder","version":"1"},"event":{"count":1,"data":{"created":1574893290610,"project":"4452600da3b350ab41d92ae108c2baae6ff0ac3ddb31bd67020ee046ec77ac09","execution_time":59},"id":"prediction.calculated"}}
{"recorder_version":"21","session":"4285e6875279","build":"192.6262.58","bucket":"189","time":1574893347022,"group":{"id":"performance","version":"21"},"event":{"count":1,"data":{"duration_ms":0,"created":1574893347022},"id":"ui.latency"}}
{"recorder_version":"21","session":"4285e6875279","build":"192.6262.58","bucket":"189","time":1574893447364,"group":{"id":"performance","version":"21"},"event":{"count":1,"data":{"duration_ms":1,"created":1574893447365},"id":"ui.latency"}}
{"recorder_version":"21","session":"4285e6875279","build":"192.6262.58","bucket":"189","time":1574893462215,"group":{"id":"lifecycle","version":"21"},"event":{"count":1,"data":{"created":1574893462215,"project":"4452600da3b350ab41d92ae108c2baae6ff0ac3ddb31bd67020ee046ec77ac09"},"id":"frame.activated"}}
{"recorder_version":"21","session":"4285e6875279","build":"192.6262.58","bucket":"189","time":1574893462516,"group":{"id":"lifecycle","version":"21"},"event":{"count":1,"data":{"restart":false,"created":1574893462516},"id":"ide.close"}}
{"recorder_version":"21","session":"4285e6875279","build":"192.6262.58","bucket":"189","time":1574893462603,"group":{"id":"lifecycle","version":"21"},"event":{"count":1,"data":{"created":1574893462603,"project":"4452600da3b350ab41d92ae108c2baae6ff0ac3ddb31bd67020ee046ec77ac09"},"id":"project.closed"}}
