{"recorder_version":"21","session":"4a09f72ad504","build":"192.6262.58","bucket":"189","time":1574432357286,"group":{"id":"settings","version":"4"},"event":{"state":true,"data":{"component":"NotRoamableUiSettings","created":1574432357446},"id":"invoked"}}
{"recorder_version":"21","session":"4a09f72ad504","build":"192.6262.58","bucket":"189","time":1574432357288,"group":{"id":"system.java","version":"1"},"event":{"state":true,"data":{"created":1574432357449,"version":"1.11"},"id":"JetBrains"}}
{"recorder_version":"21","session":"4a09f72ad504","build":"192.6262.58","bucket":"189","time":1574432357288,"group":{"id":"system.java","version":"1"},"event":{"state":true,"data":{"created":1574432357457},"id":"invoked"}}
{"recorder_version":"21","session":"4a09f72ad504","build":"192.6262.58","bucket":"189","time":1574432357289,"group":{"id":"settings","version":"4"},"event":{"state":true,"data":{"component":"UISettings","created":1574432357458},"id":"invoked"}}
{"recorder_version":"21","session":"4a09f72ad504","build":"192.6262.58","bucket":"189","time":1574432357312,"group":{"id":"system.os","version":"3"},"event":{"state":true,"data":{"created":1574432357458,"version":"10.14"},"id":"Mac"}}
{"recorder_version":"21","session":"4a09f72ad504","build":"192.6262.58","bucket":"189","time":1574432357312,"group":{"id":"system.os","version":"3"},"event":{"state":true,"data":{"created":1574432357459,"name":"Mac","version":"10.14"},"id":"os.name"}}
{"recorder_version":"21","session":"4a09f72ad504","build":"192.6262.58","bucket":"189","time":1574432357312,"group":{"id":"system.os","version":"3"},"event":{"state":true,"data":{"created":1574432357460,"value":"+09_00"},"id":"os.timezone"}}
{"recorder_version":"21","session":"4a09f72ad504","build":"192.6262.58","bucket":"189","time":1574432357312,"group":{"id":"system.os","version":"3"},"event":{"state":true,"data":{"created":1574432357461},"id":"invoked"}}
{"recorder_version":"21","session":"4a09f72ad504","build":"192.6262.58","bucket":"189","time":1574432357446,"group":{"id":"event.log","version":"21"},"event":{"count":1,"data":{"created":1574432357462,"version":"916.0"},"id":"whitelist.loaded"}}
{"recorder_version":"21","session":"4a09f72ad504","build":"192.6262.58","bucket":"189","time":1574432359690,"group":{"id":"settings","version":"4"},"event":{"state":true,"data":{"component":"UpdatesConfigurable","created":1574432359690,"name":"checkNeeded","type":"bool","value":false},"id":"not.default"}}
{"recorder_version":"21","session":"4a09f72ad504","build":"192.6262.58","bucket":"189","time":1574432359690,"group":{"id":"settings","version":"4"},"event":{"state":true,"data":{"component":"UpdatesConfigurable","created":1574432359691},"id":"invoked"}}
{"recorder_version":"21","session":"4a09f72ad504","build":"192.6262.58","bucket":"189","time":1574432359819,"group":{"id":"settings","version":"4"},"event":{"state":true,"data":{"component":"GeneralSettings","created":1574432359820,"name":"confirmExit","type":"bool","value":false},"id":"not.default"}}
{"recorder_version":"21","session":"4a09f72ad504","build":"192.6262.58","bucket":"189","time":1574432359819,"group":{"id":"settings","version":"4"},"event":{"state":true,"data":{"component":"GeneralSettings","created":1574432359821,"name":"showTipsOnStartup","type":"bool","value":false},"id":"not.default"}}
{"recorder_version":"21","session":"4a09f72ad504","build":"192.6262.58","bucket":"189","time":1574432359820,"group":{"id":"settings","version":"4"},"event":{"state":true,"data":{"component":"GeneralSettings","created":1574432359821},"id":"invoked"}}
{"recorder_version":"21","session":"4a09f72ad504","build":"192.6262.58","bucket":"189","time":1574432359825,"group":{"id":"lifecycle","version":"21"},"event":{"count":1,"data":{"internal":true,"eap":false,"created":1574432359825},"id":"ide.start"}}
{"recorder_version":"21","session":"4a09f72ad504","build":"192.6262.58","bucket":"189","time":1574432360142,"group":{"id":"lifecycle","version":"21"},"event":{"count":1,"data":{"created":1574432360142},"id":"frame.activated"}}
{"recorder_version":"21","session":"4a09f72ad504","build":"192.6262.58","bucket":"189","time":1574432360333,"group":{"id":"performance","version":"21"},"event":{"count":1,"data":{"duration_ms":1,"created":1574432360334},"id":"ui.latency"}}
{"recorder_version":"21","session":"4a09f72ad504","build":"192.6262.58","bucket":"189","time":1574432360694,"group":{"id":"ui.dialogs","version":"21"},"event":{"count":1,"data":{"created":1574432360694,"plugin_type":"PLATFORM","type":"show"},"id":"com.intellij.openapi.progress.util.ProgressDialog$MyDialogWrapper"}}
{"recorder_version":"21","session":"4a09f72ad504","build":"192.6262.58","bucket":"189","time":1574432361896,"group":{"id":"lifecycle","version":"21"},"event":{"count":1,"data":{"created":1574432361896,"project":"a0f12fb42952fc36a102045bdbb22ad1f15aa9443e9c675024683f4da70c8bc4"},"id":"project.opened"}}
{"recorder_version":"21","session":"4a09f72ad504","build":"192.6262.58","bucket":"189","time":1574432362616,"group":{"id":"performance","version":"21"},"event":{"count":1,"data":{"duration_ms":282,"created":1574432362616},"id":"ui.lagging"}}
{"recorder_version":"21","session":"4a09f72ad504","build":"192.6262.58","bucket":"189","time":1574432363555,"group":{"id":"settings","version":"4"},"event":{"state":true,"data":{"component":"XmlEditorOptions","created":1574432363555},"id":"invoked"}}
{"recorder_version":"21","session":"4a09f72ad504","build":"192.6262.58","bucket":"189","time":1574432363652,"group":{"id":"performance","version":"21"},"event":{"count":1,"data":{"duration_ms":317,"created":1574432363652},"id":"ui.lagging"}}
{"recorder_version":"21","session":"4a09f72ad504","build":"192.6262.58","bucket":"189","time":1574432363743,"group":{"id":"toolwindow","version":"21"},"event":{"count":1,"data":{"os":"Mac","created":1574432363744,"plugin_type":"PLATFORM"},"id":"Project"}}
{"recorder_version":"21","session":"4a09f72ad504","build":"192.6262.58","bucket":"189","time":1574432364466,"group":{"id":"performance","version":"21"},"event":{"count":1,"data":{"duration_ms":129,"created":1574432364466},"id":"ui.lagging"}}
{"recorder_version":"21","session":"4a09f72ad504","build":"192.6262.58","bucket":"189","time":1574432366001,"group":{"id":"project.fs","version":"1"},"event":{"state":true,"data":{"os":"Mac","cs-project":false,"created":1574432366001,"project":"a0f12fb42952fc36a102045bdbb22ad1f15aa9443e9c675024683f4da70c8bc4","cs-implicit":true,"cs-system":false},"id":"case-sensitivity"}}
{"recorder_version":"21","session":"4a09f72ad504","build":"192.6262.58","bucket":"189","time":1574432366001,"group":{"id":"project.fs","version":"1"},"event":{"state":true,"data":{"created":1574432366002},"id":"invoked"}}
{"recorder_version":"21","session":"4a09f72ad504","build":"192.6262.58","bucket":"189","time":1574432366002,"group":{"id":"project.fs","version":"1"},"event":{"state":true,"data":{"pct-non-watched":0,"created":1574432366002,"project":"a0f12fb42952fc36a102045bdbb22ad1f15aa9443e9c675024683f4da70c8bc4"},"id":"roots-watched"}}
{"recorder_version":"21","session":"4a09f72ad504","build":"192.6262.58","bucket":"189","time":1574432366002,"group":{"id":"project.fs","version":"1"},"event":{"state":true,"data":{"created":1574432366002},"id":"invoked"}}
{"recorder_version":"21","session":"4a09f72ad504","build":"192.6262.58","bucket":"189","time":1574432366102,"group":{"id":"ui.dialogs","version":"21"},"event":{"count":1,"data":{"code":1,"created":1574432366102,"plugin_type":"PLATFORM","type":"close"},"id":"com.intellij.openapi.progress.util.ProgressDialog$MyDialogWrapper"}}
{"recorder_version":"21","session":"4a09f72ad504","build":"192.6262.58","bucket":"189","time":1574432366262,"group":{"id":"lifecycle","version":"21"},"event":{"count":1,"data":{"duration_ms":5890,"created":1574432366262,"project":"a0f12fb42952fc36a102045bdbb22ad1f15aa9443e9c675024683f4da70c8bc4"},"id":"project.opening.finished"}}
{"recorder_version":"21","session":"4a09f72ad504","build":"192.6262.58","bucket":"189","time":1574432366683,"group":{"id":"performance","version":"21"},"event":{"count":1,"data":{"duration_ms":345,"created":1574432366683},"id":"ui.lagging"}}
{"recorder_version":"21","session":"4a09f72ad504","build":"192.6262.58","bucket":"189","time":1574432367029,"group":{"id":"kotlin.jps.target","version":"1"},"event":{"count":1,"data":{"plugin_version":"1.3.41-release-IJ2019.2-1","created":1574432367029},"id":"jvm"}}
{"recorder_version":"21","session":"4a09f72ad504","build":"192.6262.58","bucket":"189","time":1574432367676,"group":{"id":"file.types.usage","version":"21"},"event":{"count":1,"data":{"plugin":"com.intellij.java","created":1574432367676,"plugin_type":"JB_BUNDLED","project":"a0f12fb42952fc36a102045bdbb22ad1f15aa9443e9c675024683f4da70c8bc4","type":"edit"},"id":"JAVA"}}
{"recorder_version":"21","session":"4a09f72ad504","build":"192.6262.58","bucket":"189","time":1574432374603,"group":{"id":"lifecycle","version":"21"},"event":{"count":1,"data":{"created":1574432374603,"project":"a0f12fb42952fc36a102045bdbb22ad1f15aa9443e9c675024683f4da70c8bc4"},"id":"frame.deactivated"}}
{"recorder_version":"21","session":"4a09f72ad504","build":"192.6262.58","bucket":"189","time":1574432394702,"group":{"id":"lifecycle","version":"21"},"event":{"count":1,"data":{"created":1574432394702,"project":"a0f12fb42952fc36a102045bdbb22ad1f15aa9443e9c675024683f4da70c8bc4"},"id":"frame.activated"}}
{"recorder_version":"21","session":"4a09f72ad504","build":"192.6262.58","bucket":"189","time":1574432395086,"group":{"id":"lifecycle","version":"21"},"event":{"count":1,"data":{"restart":false,"created":1574432395086},"id":"ide.close"}}
{"recorder_version":"21","session":"4a09f72ad504","build":"192.6262.58","bucket":"189","time":1574432395193,"group":{"id":"lifecycle","version":"21"},"event":{"count":1,"data":{"created":1574432395193,"project":"a0f12fb42952fc36a102045bdbb22ad1f15aa9443e9c675024683f4da70c8bc4"},"id":"project.closed"}}
