{"recorder_version":"21","session":"c7b524b5f95d","build":"192.6262.58","bucket":"189","time":1574810544877,"group":{"id":"settings","version":"4"},"event":{"state":true,"data":{"component":"NotRoamableUiSettings","created":1574810545023},"id":"invoked"}}
{"recorder_version":"21","session":"c7b524b5f95d","build":"192.6262.58","bucket":"189","time":1574810544877,"group":{"id":"settings","version":"4"},"event":{"state":true,"data":{"component":"UISettings","created":1574810545025},"id":"invoked"}}
{"recorder_version":"21","session":"c7b524b5f95d","build":"192.6262.58","bucket":"189","time":1574810544880,"group":{"id":"system.java","version":"1"},"event":{"state":true,"data":{"created":1574810545041,"version":"1.11"},"id":"JetBrains"}}
{"recorder_version":"21","session":"c7b524b5f95d","build":"192.6262.58","bucket":"189","time":1574810544880,"group":{"id":"system.java","version":"1"},"event":{"state":true,"data":{"created":1574810545042},"id":"invoked"}}
{"recorder_version":"21","session":"c7b524b5f95d","build":"192.6262.58","bucket":"189","time":1574810544899,"group":{"id":"system.os","version":"3"},"event":{"state":true,"data":{"created":1574810545043,"version":"10.14"},"id":"Mac"}}
{"recorder_version":"21","session":"c7b524b5f95d","build":"192.6262.58","bucket":"189","time":1574810544899,"group":{"id":"system.os","version":"3"},"event":{"state":true,"data":{"created":1574810545044,"name":"Mac","version":"10.14"},"id":"os.name"}}
{"recorder_version":"21","session":"c7b524b5f95d","build":"192.6262.58","bucket":"189","time":1574810544899,"group":{"id":"system.os","version":"3"},"event":{"state":true,"data":{"created":1574810545045,"value":"+09_00"},"id":"os.timezone"}}
{"recorder_version":"21","session":"c7b524b5f95d","build":"192.6262.58","bucket":"189","time":1574810544899,"group":{"id":"system.os","version":"3"},"event":{"state":true,"data":{"created":1574810545046},"id":"invoked"}}
{"recorder_version":"21","session":"c7b524b5f95d","build":"192.6262.58","bucket":"189","time":1574810545022,"group":{"id":"event.log","version":"21"},"event":{"count":1,"data":{"created":1574810545046,"version":"930.0"},"id":"whitelist.loaded"}}
{"recorder_version":"21","session":"c7b524b5f95d","build":"192.6262.58","bucket":"189","time":1574810547228,"group":{"id":"settings","version":"4"},"event":{"state":true,"data":{"component":"UpdatesConfigurable","created":1574810547229,"name":"checkNeeded","type":"bool","value":false},"id":"not.default"}}
{"recorder_version":"21","session":"c7b524b5f95d","build":"192.6262.58","bucket":"189","time":1574810547229,"group":{"id":"settings","version":"4"},"event":{"state":true,"data":{"component":"UpdatesConfigurable","created":1574810547230},"id":"invoked"}}
{"recorder_version":"21","session":"c7b524b5f95d","build":"192.6262.58","bucket":"189","time":1574810547342,"group":{"id":"settings","version":"4"},"event":{"state":true,"data":{"component":"GeneralSettings","created":1574810547342,"name":"confirmExit","type":"bool","value":false},"id":"not.default"}}
{"recorder_version":"21","session":"c7b524b5f95d","build":"192.6262.58","bucket":"189","time":1574810547342,"group":{"id":"settings","version":"4"},"event":{"state":true,"data":{"component":"GeneralSettings","created":1574810547343,"name":"showTipsOnStartup","type":"bool","value":false},"id":"not.default"}}
{"recorder_version":"21","session":"c7b524b5f95d","build":"192.6262.58","bucket":"189","time":1574810547342,"group":{"id":"settings","version":"4"},"event":{"state":true,"data":{"component":"GeneralSettings","created":1574810547346},"id":"invoked"}}
{"recorder_version":"21","session":"c7b524b5f95d","build":"192.6262.58","bucket":"189","time":1574810547349,"group":{"id":"lifecycle","version":"21"},"event":{"count":1,"data":{"internal":true,"eap":false,"created":1574810547349},"id":"ide.start"}}
{"recorder_version":"21","session":"c7b524b5f95d","build":"192.6262.58","bucket":"189","time":1574810547662,"group":{"id":"lifecycle","version":"21"},"event":{"count":1,"data":{"created":1574810547663},"id":"frame.activated"}}
{"recorder_version":"21","session":"c7b524b5f95d","build":"192.6262.58","bucket":"189","time":1574810547903,"group":{"id":"performance","version":"21"},"event":{"count":1,"data":{"duration_ms":1,"created":1574810547903},"id":"ui.latency"}}
{"recorder_version":"21","session":"c7b524b5f95d","build":"192.6262.58","bucket":"189","time":1574810548125,"group":{"id":"ui.dialogs","version":"21"},"event":{"count":1,"data":{"created":1574810548125,"plugin_type":"PLATFORM","type":"show"},"id":"com.intellij.openapi.progress.util.ProgressDialog$MyDialogWrapper"}}
{"recorder_version":"21","session":"c7b524b5f95d","build":"192.6262.58","bucket":"189","time":1574810549124,"group":{"id":"lifecycle","version":"21"},"event":{"count":1,"data":{"created":1574810549124,"project":"92ddc83aceaa9edad1485397ccc1680a8fd16623aa2c155379eac4aafdb2a559"},"id":"project.opened"}}
{"recorder_version":"21","session":"c7b524b5f95d","build":"192.6262.58","bucket":"189","time":1574810550853,"group":{"id":"settings","version":"4"},"event":{"state":true,"data":{"component":"XmlEditorOptions","created":1574810550853},"id":"invoked"}}
{"recorder_version":"21","session":"c7b524b5f95d","build":"192.6262.58","bucket":"189","time":1574810551106,"group":{"id":"toolwindow","version":"21"},"event":{"count":1,"data":{"os":"Mac","created":1574810551106,"plugin_type":"PLATFORM"},"id":"Project"}}
{"recorder_version":"21","session":"c7b524b5f95d","build":"192.6262.58","bucket":"189","time":1574810553082,"group":{"id":"kotlin.jps.target","version":"1"},"event":{"count":1,"data":{"plugin_version":"validation.undefined_rule","created":1574810553082},"id":"validation.undefined_rule"}}
{"recorder_version":"21","session":"c7b524b5f95d","build":"192.6262.58","bucket":"189","time":1574810553512,"group":{"id":"project.fs","version":"1"},"event":{"state":true,"data":{"os":"Mac","cs-project":false,"created":1574810553513,"project":"92ddc83aceaa9edad1485397ccc1680a8fd16623aa2c155379eac4aafdb2a559","cs-implicit":true,"cs-system":false},"id":"case-sensitivity"}}
{"recorder_version":"21","session":"c7b524b5f95d","build":"192.6262.58","bucket":"189","time":1574810553512,"group":{"id":"project.fs","version":"1"},"event":{"state":true,"data":{"created":1574810553513},"id":"invoked"}}
{"recorder_version":"21","session":"c7b524b5f95d","build":"192.6262.58","bucket":"189","time":1574810553513,"group":{"id":"project.fs","version":"1"},"event":{"state":true,"data":{"pct-non-watched":0,"created":1574810553513,"project":"92ddc83aceaa9edad1485397ccc1680a8fd16623aa2c155379eac4aafdb2a559"},"id":"roots-watched"}}
{"recorder_version":"21","session":"c7b524b5f95d","build":"192.6262.58","bucket":"189","time":1574810553513,"group":{"id":"project.fs","version":"1"},"event":{"state":true,"data":{"created":1574810553514},"id":"invoked"}}
{"recorder_version":"21","session":"c7b524b5f95d","build":"192.6262.58","bucket":"189","time":1574810553618,"group":{"id":"ui.dialogs","version":"21"},"event":{"count":1,"data":{"code":1,"created":1574810553618,"plugin_type":"PLATFORM","type":"close"},"id":"com.intellij.openapi.progress.util.ProgressDialog$MyDialogWrapper"}}
{"recorder_version":"21","session":"c7b524b5f95d","build":"192.6262.58","bucket":"189","time":1574810553828,"group":{"id":"lifecycle","version":"21"},"event":{"count":1,"data":{"duration_ms":5964,"created":1574810553828,"project":"92ddc83aceaa9edad1485397ccc1680a8fd16623aa2c155379eac4aafdb2a559"},"id":"project.opening.finished"}}
{"recorder_version":"21","session":"c7b524b5f95d","build":"192.6262.58","bucket":"189","time":1574810554223,"group":{"id":"performance","version":"21"},"event":{"count":1,"data":{"duration_ms":313,"created":1574810554223},"id":"ui.lagging"}}
{"recorder_version":"21","session":"c7b524b5f95d","build":"192.6262.58","bucket":"189","time":1574810555118,"group":{"id":"file.types.usage","version":"21"},"event":{"count":1,"data":{"created":1574810555118,"plugin_type":"PLATFORM","project":"92ddc83aceaa9edad1485397ccc1680a8fd16623aa2c155379eac4aafdb2a559","type":"edit"},"id":"IDEA_MODULE"}}
{"recorder_version":"21","session":"c7b524b5f95d","build":"192.6262.58","bucket":"189","time":1574810559253,"group":{"id":"actions","version":"21"},"event":{"count":9,"data":{"context_menu":false,"last":1574810575999,"current_file":"TEXT","created":1574810559253,"plugin_type":"PLATFORM","project":"92ddc83aceaa9edad1485397ccc1680a8fd16623aa2c155379eac4aafdb2a559","place":"keyboard_shortcut","class":"com.intellij.openapi.editor.actions.EnterAction","input_event":"Enter"},"id":"EditorEnter"}}
{"recorder_version":"21","session":"c7b524b5f95d","build":"192.6262.58","bucket":"189","time":1574810577675,"group":{"id":"actions","version":"21"},"event":{"count":13,"data":{"context_menu":false,"last":1574810580391,"current_file":"TEXT","created":1574810577675,"plugin_type":"PLATFORM","project":"92ddc83aceaa9edad1485397ccc1680a8fd16623aa2c155379eac4aafdb2a559","place":"keyboard_shortcut","class":"com.intellij.openapi.editor.actions.BackspaceAction","input_event":"Backspace"},"id":"EditorBackSpace"}}
{"recorder_version":"21","session":"c7b524b5f95d","build":"192.6262.58","bucket":"189","time":1574810582615,"group":{"id":"actions","version":"21"},"event":{"count":1,"data":{"context_menu":false,"current_file":"TEXT","created":1574810582615,"plugin_type":"PLATFORM","project":"92ddc83aceaa9edad1485397ccc1680a8fd16623aa2c155379eac4aafdb2a559","place":"keyboard_shortcut","class":"com.intellij.openapi.editor.actions.EnterAction","input_event":"Enter"},"id":"EditorEnter"}}
{"recorder_version":"21","session":"c7b524b5f95d","build":"192.6262.58","bucket":"189","time":1574810584607,"group":{"id":"lifecycle","version":"21"},"event":{"count":1,"data":{"created":1574810584607,"project":"92ddc83aceaa9edad1485397ccc1680a8fd16623aa2c155379eac4aafdb2a559"},"id":"frame.deactivated"}}
{"recorder_version":"21","session":"c7b524b5f95d","build":"192.6262.58","bucket":"189","time":1574810587410,"group":{"id":"lifecycle","version":"21"},"event":{"count":1,"data":{"created":1574810587410,"project":"92ddc83aceaa9edad1485397ccc1680a8fd16623aa2c155379eac4aafdb2a559"},"id":"frame.activated"}}
{"recorder_version":"21","session":"c7b524b5f95d","build":"192.6262.58","bucket":"189","time":1574810589301,"group":{"id":"actions","version":"21"},"event":{"count":4,"data":{"context_menu":false,"last":1574810590069,"current_file":"TEXT","created":1574810589301,"plugin_type":"PLATFORM","project":"92ddc83aceaa9edad1485397ccc1680a8fd16623aa2c155379eac4aafdb2a559","place":"keyboard_shortcut","class":"com.intellij.openapi.editor.actions.BackspaceAction","input_event":"Backspace"},"id":"EditorBackSpace"}}
{"recorder_version":"21","session":"c7b524b5f95d","build":"192.6262.58","bucket":"189","time":1574810597566,"group":{"id":"actions","version":"21"},"event":{"count":4,"data":{"context_menu":false,"last":1574810608118,"current_file":"TEXT","created":1574810597566,"plugin_type":"PLATFORM","project":"92ddc83aceaa9edad1485397ccc1680a8fd16623aa2c155379eac4aafdb2a559","place":"keyboard_shortcut","class":"com.intellij.openapi.editor.actions.EnterAction","input_event":"Enter"},"id":"EditorEnter"}}
{"recorder_version":"21","session":"c7b524b5f95d","build":"192.6262.58","bucket":"189","time":1574810610268,"group":{"id":"lifecycle","version":"21"},"event":{"count":1,"data":{"created":1574810610269,"project":"92ddc83aceaa9edad1485397ccc1680a8fd16623aa2c155379eac4aafdb2a559"},"id":"frame.deactivated"}}
{"recorder_version":"21","session":"c7b524b5f95d","build":"192.6262.58","bucket":"189","time":1574810648163,"group":{"id":"performance","version":"21"},"event":{"count":1,"data":{"duration_ms":0,"created":1574810648164},"id":"ui.latency"}}
{"recorder_version":"21","session":"c7b524b5f95d","build":"192.6262.58","bucket":"189","time":1574810711177,"group":{"id":"lifecycle","version":"21"},"event":{"count":1,"data":{"created":1574810711177,"project":"92ddc83aceaa9edad1485397ccc1680a8fd16623aa2c155379eac4aafdb2a559"},"id":"frame.activated"}}
{"recorder_version":"21","session":"c7b524b5f95d","build":"192.6262.58","bucket":"189","time":1574810711722,"group":{"id":"lifecycle","version":"21"},"event":{"count":1,"data":{"restart":false,"created":1574810711722},"id":"ide.close"}}
{"recorder_version":"21","session":"c7b524b5f95d","build":"192.6262.58","bucket":"189","time":1574810711797,"group":{"id":"lifecycle","version":"21"},"event":{"count":1,"data":{"created":1574810711797,"project":"92ddc83aceaa9edad1485397ccc1680a8fd16623aa2c155379eac4aafdb2a559"},"id":"project.closed"}}
