{"recorder_version":"21","session":"9b2e10a9330a","build":"192.6262.58","bucket":"189","time":1575128259932,"group":{"id":"settings","version":"4"},"event":{"state":true,"data":{"component":"NotRoamableUiSettings","created":1575128260096},"id":"invoked"}}
{"recorder_version":"21","session":"9b2e10a9330a","build":"192.6262.58","bucket":"189","time":1575128259934,"group":{"id":"system.java","version":"1"},"event":{"state":true,"data":{"created":1575128260098,"version":"1.11"},"id":"JetBrains"}}
{"recorder_version":"21","session":"9b2e10a9330a","build":"192.6262.58","bucket":"189","time":1575128259934,"group":{"id":"system.java","version":"1"},"event":{"state":true,"data":{"created":1575128260104},"id":"invoked"}}
{"recorder_version":"21","session":"9b2e10a9330a","build":"192.6262.58","bucket":"189","time":1575128259935,"group":{"id":"settings","version":"4"},"event":{"state":true,"data":{"component":"UISettings","created":1575128260105},"id":"invoked"}}
{"recorder_version":"21","session":"9b2e10a9330a","build":"192.6262.58","bucket":"189","time":1575128259955,"group":{"id":"system.os","version":"3"},"event":{"state":true,"data":{"created":1575128260106,"version":"10.14"},"id":"Mac"}}
{"recorder_version":"21","session":"9b2e10a9330a","build":"192.6262.58","bucket":"189","time":1575128259955,"group":{"id":"system.os","version":"3"},"event":{"state":true,"data":{"created":1575128260107,"name":"Mac","version":"10.14"},"id":"os.name"}}
{"recorder_version":"21","session":"9b2e10a9330a","build":"192.6262.58","bucket":"189","time":1575128259955,"group":{"id":"system.os","version":"3"},"event":{"state":true,"data":{"created":1575128260107,"value":"+09_00"},"id":"os.timezone"}}
{"recorder_version":"21","session":"9b2e10a9330a","build":"192.6262.58","bucket":"189","time":1575128259955,"group":{"id":"system.os","version":"3"},"event":{"state":true,"data":{"created":1575128260108},"id":"invoked"}}
{"recorder_version":"21","session":"9b2e10a9330a","build":"192.6262.58","bucket":"189","time":1575128260095,"group":{"id":"event.log","version":"21"},"event":{"count":1,"data":{"created":1575128260109,"version":"942.0"},"id":"whitelist.loaded"}}
{"recorder_version":"21","session":"9b2e10a9330a","build":"192.6262.58","bucket":"189","time":1575128262507,"group":{"id":"settings","version":"4"},"event":{"state":true,"data":{"component":"UpdatesConfigurable","created":1575128262507,"name":"checkNeeded","type":"bool","value":false},"id":"not.default"}}
{"recorder_version":"21","session":"9b2e10a9330a","build":"192.6262.58","bucket":"189","time":1575128262507,"group":{"id":"settings","version":"4"},"event":{"state":true,"data":{"component":"UpdatesConfigurable","created":1575128262508},"id":"invoked"}}
{"recorder_version":"21","session":"9b2e10a9330a","build":"192.6262.58","bucket":"189","time":1575128262645,"group":{"id":"settings","version":"4"},"event":{"state":true,"data":{"component":"GeneralSettings","created":1575128262647,"name":"confirmExit","type":"bool","value":false},"id":"not.default"}}
{"recorder_version":"21","session":"9b2e10a9330a","build":"192.6262.58","bucket":"189","time":1575128262647,"group":{"id":"settings","version":"4"},"event":{"state":true,"data":{"component":"GeneralSettings","created":1575128262648,"name":"showTipsOnStartup","type":"bool","value":false},"id":"not.default"}}
{"recorder_version":"21","session":"9b2e10a9330a","build":"192.6262.58","bucket":"189","time":1575128262647,"group":{"id":"settings","version":"4"},"event":{"state":true,"data":{"component":"GeneralSettings","created":1575128262650},"id":"invoked"}}
{"recorder_version":"21","session":"9b2e10a9330a","build":"192.6262.58","bucket":"189","time":1575128262651,"group":{"id":"lifecycle","version":"21"},"event":{"count":1,"data":{"internal":true,"eap":false,"created":1575128262651},"id":"ide.start"}}
{"recorder_version":"21","session":"9b2e10a9330a","build":"192.6262.58","bucket":"189","time":1575128263164,"group":{"id":"lifecycle","version":"21"},"event":{"count":1,"data":{"created":1575128263164},"id":"frame.activated"}}
{"recorder_version":"21","session":"9b2e10a9330a","build":"192.6262.58","bucket":"189","time":1575128263273,"group":{"id":"performance","version":"21"},"event":{"count":1,"data":{"duration_ms":353,"created":1575128263273},"id":"ui.latency"}}
{"recorder_version":"21","session":"9b2e10a9330a","build":"192.6262.58","bucket":"189","time":1575128263273,"group":{"id":"performance","version":"21"},"event":{"count":1,"data":{"duration_ms":353,"created":1575128263274},"id":"ui.lagging"}}
{"recorder_version":"21","session":"9b2e10a9330a","build":"192.6262.58","bucket":"189","time":1575128263660,"group":{"id":"ui.dialogs","version":"21"},"event":{"count":1,"data":{"created":1575128263662,"plugin_type":"PLATFORM","type":"show"},"id":"com.intellij.openapi.progress.util.ProgressDialog$MyDialogWrapper"}}
{"recorder_version":"21","session":"9b2e10a9330a","build":"192.6262.58","bucket":"189","time":1575128264803,"group":{"id":"lifecycle","version":"21"},"event":{"count":1,"data":{"created":1575128264803,"project":"4452600da3b350ab41d92ae108c2baae6ff0ac3ddb31bd67020ee046ec77ac09"},"id":"project.opened"}}
{"recorder_version":"21","session":"9b2e10a9330a","build":"192.6262.58","bucket":"189","time":1575128265538,"group":{"id":"performance","version":"21"},"event":{"count":1,"data":{"duration_ms":613,"created":1575128265538},"id":"ui.lagging"}}
{"recorder_version":"21","session":"9b2e10a9330a","build":"192.6262.58","bucket":"189","time":1575128266625,"group":{"id":"settings","version":"4"},"event":{"state":true,"data":{"component":"XmlEditorOptions","created":1575128266626},"id":"invoked"}}
{"recorder_version":"21","session":"9b2e10a9330a","build":"192.6262.58","bucket":"189","time":1575128266673,"group":{"id":"performance","version":"21"},"event":{"count":1,"data":{"duration_ms":748,"created":1575128266674},"id":"ui.lagging"}}
{"recorder_version":"21","session":"9b2e10a9330a","build":"192.6262.58","bucket":"189","time":1575128267785,"group":{"id":"toolwindow","version":"21"},"event":{"count":1,"data":{"os":"Mac","created":1575128267787,"plugin_type":"NOT_LISTED"},"id":"third.party"}}
{"recorder_version":"21","session":"9b2e10a9330a","build":"192.6262.58","bucket":"189","time":1575128268366,"group":{"id":"performance","version":"21"},"event":{"count":1,"data":{"duration_ms":421,"created":1575128268367},"id":"ui.lagging"}}
{"recorder_version":"21","session":"9b2e10a9330a","build":"192.6262.58","bucket":"189","time":1575128270048,"group":{"id":"performance","version":"21"},"event":{"count":1,"data":{"duration_ms":100,"created":1575128270048},"id":"ui.lagging"}}
{"recorder_version":"21","session":"9b2e10a9330a","build":"192.6262.58","bucket":"189","time":1575128270062,"group":{"id":"project.fs","version":"1"},"event":{"state":true,"data":{"os":"Mac","cs-project":false,"created":1575128270062,"project":"4452600da3b350ab41d92ae108c2baae6ff0ac3ddb31bd67020ee046ec77ac09","cs-implicit":true,"cs-system":false},"id":"case-sensitivity"}}
{"recorder_version":"21","session":"9b2e10a9330a","build":"192.6262.58","bucket":"189","time":1575128270062,"group":{"id":"project.fs","version":"1"},"event":{"state":true,"data":{"created":1575128270062},"id":"invoked"}}
{"recorder_version":"21","session":"9b2e10a9330a","build":"192.6262.58","bucket":"189","time":1575128270063,"group":{"id":"project.fs","version":"1"},"event":{"state":true,"data":{"pct-non-watched":0,"created":1575128270063,"project":"4452600da3b350ab41d92ae108c2baae6ff0ac3ddb31bd67020ee046ec77ac09"},"id":"roots-watched"}}
{"recorder_version":"21","session":"9b2e10a9330a","build":"192.6262.58","bucket":"189","time":1575128270063,"group":{"id":"project.fs","version":"1"},"event":{"state":true,"data":{"created":1575128270063},"id":"invoked"}}
{"recorder_version":"21","session":"9b2e10a9330a","build":"192.6262.58","bucket":"189","time":1575128270244,"group":{"id":"ui.dialogs","version":"21"},"event":{"count":1,"data":{"code":1,"created":1575128270244,"plugin_type":"PLATFORM","type":"close"},"id":"com.intellij.openapi.progress.util.ProgressDialog$MyDialogWrapper"}}
{"recorder_version":"21","session":"9b2e10a9330a","build":"192.6262.58","bucket":"189","time":1575128270392,"group":{"id":"lifecycle","version":"21"},"event":{"count":1,"data":{"duration_ms":7017,"created":1575128270392,"project":"4452600da3b350ab41d92ae108c2baae6ff0ac3ddb31bd67020ee046ec77ac09"},"id":"project.opening.finished"}}
{"recorder_version":"21","session":"9b2e10a9330a","build":"192.6262.58","bucket":"189","time":1575128272945,"group":{"id":"kotlin.jps.target","version":"1"},"event":{"count":2,"data":{"plugin_version":"validation.undefined_rule","last":1575128272955,"created":1575128272946},"id":"validation.undefined_rule"}}
{"recorder_version":"21","session":"9b2e10a9330a","build":"192.6262.58","bucket":"189","time":1575128273255,"group":{"id":"file.types.usage","version":"21"},"event":{"count":1,"data":{"plugin":"com.intellij.java","created":1575128273255,"plugin_type":"JB_BUNDLED","project":"4452600da3b350ab41d92ae108c2baae6ff0ac3ddb31bd67020ee046ec77ac09","type":"edit"},"id":"JAVA"}}
{"recorder_version":"21","session":"9b2e10a9330a","build":"192.6262.58","bucket":"189","time":1575128273788,"group":{"id":"vcs.change.reminder","version":"1"},"event":{"count":1,"data":{"created":1575128273789,"project":"4452600da3b350ab41d92ae108c2baae6ff0ac3ddb31bd67020ee046ec77ac09","execution_time":252},"id":"prediction.calculated"}}
{"recorder_version":"21","session":"9b2e10a9330a","build":"192.6262.58","bucket":"189","time":1575128274057,"group":{"id":"performance","version":"21"},"event":{"count":1,"data":{"duration_ms":106,"created":1575128274057},"id":"ui.lagging"}}
{"recorder_version":"21","session":"9b2e10a9330a","build":"192.6262.58","bucket":"189","time":1575128284838,"group":{"id":"ui.dialogs","version":"21"},"event":{"count":1,"data":{"created":1575128284838,"plugin_type":"PLATFORM","type":"show"},"id":"com.intellij.openapi.progress.util.ProgressDialog$MyDialogWrapper"}}
{"recorder_version":"21","session":"9b2e10a9330a","build":"192.6262.58","bucket":"189","time":1575128284970,"group":{"id":"lifecycle","version":"21"},"event":{"count":1,"data":{"created":1575128284970,"project":"4452600da3b350ab41d92ae108c2baae6ff0ac3ddb31bd67020ee046ec77ac09"},"id":"project.closed"}}
{"recorder_version":"21","session":"9b2e10a9330a","build":"192.6262.58","bucket":"189","time":1575128285076,"group":{"id":"performance","version":"21"},"event":{"count":1,"data":{"duration_ms":101,"created":1575128285076},"id":"ui.lagging"}}
{"recorder_version":"21","session":"9b2e10a9330a","build":"192.6262.58","bucket":"189","time":1575128285076,"group":{"id":"ui.dialogs","version":"21"},"event":{"count":1,"data":{"code":1,"created":1575128285077,"plugin_type":"PLATFORM","type":"close"},"id":"com.intellij.openapi.progress.util.ProgressDialog$MyDialogWrapper"}}
{"recorder_version":"21","session":"9b2e10a9330a","build":"192.6262.58","bucket":"189","time":1575128286905,"group":{"id":"lifecycle","version":"21"},"event":{"count":1,"data":{"restart":false,"created":1575128286905},"id":"ide.close"}}
