{"recorder_version":"21","session":"1347a99674c7","build":"192.6262.58","bucket":"189","time":1574429064692,"group":{"id":"settings","version":"4"},"event":{"state":true,"data":{"component":"NotRoamableUiSettings","created":1574429064871},"id":"invoked"}}
{"recorder_version":"21","session":"1347a99674c7","build":"192.6262.58","bucket":"189","time":1574429064693,"group":{"id":"settings","version":"4"},"event":{"state":true,"data":{"component":"UISettings","created":1574429064873},"id":"invoked"}}
{"recorder_version":"21","session":"1347a99674c7","build":"192.6262.58","bucket":"189","time":1574429064694,"group":{"id":"system.java","version":"1"},"event":{"state":true,"data":{"created":1574429064881,"version":"1.11"},"id":"JetBrains"}}
{"recorder_version":"21","session":"1347a99674c7","build":"192.6262.58","bucket":"189","time":1574429064694,"group":{"id":"system.java","version":"1"},"event":{"state":true,"data":{"created":1574429064882},"id":"invoked"}}
{"recorder_version":"21","session":"1347a99674c7","build":"192.6262.58","bucket":"189","time":1574429064716,"group":{"id":"system.os","version":"3"},"event":{"state":true,"data":{"created":1574429064883,"version":"10.14"},"id":"Mac"}}
{"recorder_version":"21","session":"1347a99674c7","build":"192.6262.58","bucket":"189","time":1574429064716,"group":{"id":"system.os","version":"3"},"event":{"state":true,"data":{"created":1574429064884,"name":"Mac","version":"10.14"},"id":"os.name"}}
{"recorder_version":"21","session":"1347a99674c7","build":"192.6262.58","bucket":"189","time":1574429064716,"group":{"id":"system.os","version":"3"},"event":{"state":true,"data":{"created":1574429064885,"value":"+09_00"},"id":"os.timezone"}}
{"recorder_version":"21","session":"1347a99674c7","build":"192.6262.58","bucket":"189","time":1574429064716,"group":{"id":"system.os","version":"3"},"event":{"state":true,"data":{"created":1574429064886},"id":"invoked"}}
{"recorder_version":"21","session":"1347a99674c7","build":"192.6262.58","bucket":"189","time":1574429064871,"group":{"id":"event.log","version":"21"},"event":{"count":1,"data":{"created":1574429064886,"version":"916.0"},"id":"whitelist.loaded"}}
{"recorder_version":"21","session":"1347a99674c7","build":"192.6262.58","bucket":"189","time":1574429067094,"group":{"id":"settings","version":"4"},"event":{"state":true,"data":{"component":"UpdatesConfigurable","created":1574429067094,"name":"checkNeeded","type":"bool","value":false},"id":"not.default"}}
{"recorder_version":"21","session":"1347a99674c7","build":"192.6262.58","bucket":"189","time":1574429067094,"group":{"id":"settings","version":"4"},"event":{"state":true,"data":{"component":"UpdatesConfigurable","created":1574429067095},"id":"invoked"}}
{"recorder_version":"21","session":"1347a99674c7","build":"192.6262.58","bucket":"189","time":1574429067696,"group":{"id":"lifecycle","version":"21"},"event":{"count":1,"data":{"internal":true,"eap":false,"created":1574429067696},"id":"ide.start"}}
{"recorder_version":"21","session":"1347a99674c7","build":"192.6262.58","bucket":"189","time":1574429067701,"group":{"id":"settings","version":"4"},"event":{"state":true,"data":{"component":"GeneralSettings","created":1574429067701,"name":"confirmExit","type":"bool","value":false},"id":"not.default"}}
{"recorder_version":"21","session":"1347a99674c7","build":"192.6262.58","bucket":"189","time":1574429067701,"group":{"id":"settings","version":"4"},"event":{"state":true,"data":{"component":"GeneralSettings","created":1574429067702,"name":"showTipsOnStartup","type":"bool","value":false},"id":"not.default"}}
{"recorder_version":"21","session":"1347a99674c7","build":"192.6262.58","bucket":"189","time":1574429067701,"group":{"id":"settings","version":"4"},"event":{"state":true,"data":{"component":"GeneralSettings","created":1574429067703},"id":"invoked"}}
{"recorder_version":"21","session":"1347a99674c7","build":"192.6262.58","bucket":"189","time":1574429067827,"group":{"id":"performance","version":"21"},"event":{"count":1,"data":{"duration_ms":69,"created":1574429067828},"id":"ui.latency"}}
{"recorder_version":"21","session":"1347a99674c7","build":"192.6262.58","bucket":"189","time":1574429068481,"group":{"id":"settings","version":"4"},"event":{"state":true,"data":{"component":"XmlEditorOptions","created":1574429068481},"id":"invoked"}}
{"recorder_version":"21","session":"1347a99674c7","build":"192.6262.58","bucket":"189","time":1574429069040,"group":{"id":"performance","version":"21"},"event":{"count":1,"data":{"duration_ms":280,"created":1574429069040},"id":"ui.lagging"}}
{"recorder_version":"21","session":"1347a99674c7","build":"192.6262.58","bucket":"189","time":1574429070247,"group":{"id":"ui.dialogs","version":"21"},"event":{"count":1,"data":{"created":1574429070247,"plugin_type":"PLATFORM","type":"show"},"id":"com.intellij.openapi.progress.util.ProgressDialog$MyDialogWrapper"}}
{"recorder_version":"21","session":"1347a99674c7","build":"192.6262.58","bucket":"189","time":1574429071264,"group":{"id":"lifecycle","version":"21"},"event":{"count":1,"data":{"created":1574429071264,"project":"a0f12fb42952fc36a102045bdbb22ad1f15aa9443e9c675024683f4da70c8bc4"},"id":"project.opened"}}
{"recorder_version":"21","session":"1347a99674c7","build":"192.6262.58","bucket":"189","time":1574429073176,"group":{"id":"performance","version":"21"},"event":{"count":1,"data":{"duration_ms":409,"created":1574429073176},"id":"ui.lagging"}}
{"recorder_version":"21","session":"1347a99674c7","build":"192.6262.58","bucket":"189","time":1574429073328,"group":{"id":"toolwindow","version":"21"},"event":{"count":1,"data":{"os":"Mac","created":1574429073328,"plugin_type":"PLATFORM"},"id":"Project"}}
{"recorder_version":"21","session":"1347a99674c7","build":"192.6262.58","bucket":"189","time":1574429073911,"group":{"id":"performance","version":"21"},"event":{"count":1,"data":{"duration_ms":141,"created":1574429073911},"id":"ui.lagging"}}
{"recorder_version":"21","session":"1347a99674c7","build":"192.6262.58","bucket":"189","time":1574429074932,"group":{"id":"project.fs","version":"1"},"event":{"state":true,"data":{"os":"Mac","cs-project":false,"created":1574429074932,"project":"a0f12fb42952fc36a102045bdbb22ad1f15aa9443e9c675024683f4da70c8bc4","cs-implicit":true,"cs-system":false},"id":"case-sensitivity"}}
{"recorder_version":"21","session":"1347a99674c7","build":"192.6262.58","bucket":"189","time":1574429074932,"group":{"id":"project.fs","version":"1"},"event":{"state":true,"data":{"created":1574429074932},"id":"invoked"}}
{"recorder_version":"21","session":"1347a99674c7","build":"192.6262.58","bucket":"189","time":1574429074932,"group":{"id":"project.fs","version":"1"},"event":{"state":true,"data":{"pct-non-watched":0,"created":1574429074933,"project":"a0f12fb42952fc36a102045bdbb22ad1f15aa9443e9c675024683f4da70c8bc4"},"id":"roots-watched"}}
{"recorder_version":"21","session":"1347a99674c7","build":"192.6262.58","bucket":"189","time":1574429074933,"group":{"id":"project.fs","version":"1"},"event":{"state":true,"data":{"created":1574429074933},"id":"invoked"}}
{"recorder_version":"21","session":"1347a99674c7","build":"192.6262.58","bucket":"189","time":1574429074968,"group":{"id":"ui.dialogs","version":"21"},"event":{"count":1,"data":{"code":1,"created":1574429074969,"plugin_type":"PLATFORM","type":"close"},"id":"com.intellij.openapi.progress.util.ProgressDialog$MyDialogWrapper"}}
{"recorder_version":"21","session":"1347a99674c7","build":"192.6262.58","bucket":"189","time":1574429075147,"group":{"id":"lifecycle","version":"21"},"event":{"count":1,"data":{"duration_ms":5183,"created":1574429075148,"project":"a0f12fb42952fc36a102045bdbb22ad1f15aa9443e9c675024683f4da70c8bc4"},"id":"project.opening.finished"}}
{"recorder_version":"21","session":"1347a99674c7","build":"192.6262.58","bucket":"189","time":1574429075811,"group":{"id":"kotlin.jps.target","version":"1"},"event":{"count":1,"data":{"plugin_version":"1.3.41-release-IJ2019.2-1","created":1574429075811},"id":"jvm"}}
{"recorder_version":"21","session":"1347a99674c7","build":"192.6262.58","bucket":"189","time":1574429076309,"group":{"id":"productivity","version":"21"},"event":{"count":1,"data":{"created":1574429076309,"plugin_type":"PLATFORM"},"id":"ui.tree.speedsearch"}}
{"recorder_version":"21","session":"1347a99674c7","build":"192.6262.58","bucket":"189","time":1574429081534,"group":{"id":"file.types.usage","version":"21"},"event":{"count":1,"data":{"plugin":"com.intellij.java","created":1574429081534,"plugin_type":"JB_BUNDLED","project":"a0f12fb42952fc36a102045bdbb22ad1f15aa9443e9c675024683f4da70c8bc4","type":"edit"},"id":"JAVA"}}
{"recorder_version":"21","session":"1347a99674c7","build":"192.6262.58","bucket":"189","time":1574429082058,"group":{"id":"actions","version":"21"},"event":{"count":4,"data":{"context_menu":false,"last":1574429085486,"current_file":"JAVA","created":1574429082058,"plugin_type":"PLATFORM","project":"a0f12fb42952fc36a102045bdbb22ad1f15aa9443e9c675024683f4da70c8bc4","place":"keyboard_shortcut","class":"com.intellij.openapi.editor.actions.BackspaceAction","input_event":"Backspace"},"id":"EditorBackSpace"}}
{"recorder_version":"21","session":"1347a99674c7","build":"192.6262.58","bucket":"189","time":1574429086491,"group":{"id":"lifecycle","version":"21"},"event":{"count":1,"data":{"created":1574429086492,"project":"a0f12fb42952fc36a102045bdbb22ad1f15aa9443e9c675024683f4da70c8bc4"},"id":"frame.deactivated"}}
{"recorder_version":"21","session":"1347a99674c7","build":"192.6262.58","bucket":"189","time":1574429087633,"group":{"id":"lifecycle","version":"21"},"event":{"count":1,"data":{"created":1574429087633,"project":"a0f12fb42952fc36a102045bdbb22ad1f15aa9443e9c675024683f4da70c8bc4"},"id":"frame.activated"}}
{"recorder_version":"21","session":"1347a99674c7","build":"192.6262.58","bucket":"189","time":1574429089240,"group":{"id":"lifecycle","version":"21"},"event":{"count":1,"data":{"created":1574429089241,"project":"a0f12fb42952fc36a102045bdbb22ad1f15aa9443e9c675024683f4da70c8bc4"},"id":"frame.deactivated"}}
{"recorder_version":"21","session":"1347a99674c7","build":"192.6262.58","bucket":"189","time":1574429099068,"group":{"id":"lifecycle","version":"21"},"event":{"count":1,"data":{"created":1574429099068,"project":"a0f12fb42952fc36a102045bdbb22ad1f15aa9443e9c675024683f4da70c8bc4"},"id":"frame.activated"}}
{"recorder_version":"21","session":"1347a99674c7","build":"192.6262.58","bucket":"189","time":1574429100124,"group":{"id":"lifecycle","version":"21"},"event":{"count":1,"data":{"restart":false,"created":1574429100124},"id":"ide.close"}}
{"recorder_version":"21","session":"1347a99674c7","build":"192.6262.58","bucket":"189","time":1574429100212,"group":{"id":"lifecycle","version":"21"},"event":{"count":1,"data":{"created":1574429100212,"project":"a0f12fb42952fc36a102045bdbb22ad1f15aa9443e9c675024683f4da70c8bc4"},"id":"project.closed"}}
