{"recorder_version":"21","session":"3a2600362126","build":"192.6262.58","bucket":"189","time":1574811651732,"group":{"id":"settings","version":"4"},"event":{"state":true,"data":{"component":"NotRoamableUiSettings","created":1574811651862},"id":"invoked"}}
{"recorder_version":"21","session":"3a2600362126","build":"192.6262.58","bucket":"189","time":1574811651734,"group":{"id":"system.java","version":"1"},"event":{"state":true,"data":{"created":1574811651863,"version":"1.11"},"id":"JetBrains"}}
{"recorder_version":"21","session":"3a2600362126","build":"192.6262.58","bucket":"189","time":1574811651734,"group":{"id":"system.java","version":"1"},"event":{"state":true,"data":{"created":1574811651869},"id":"invoked"}}
{"recorder_version":"21","session":"3a2600362126","build":"192.6262.58","bucket":"189","time":1574811651735,"group":{"id":"settings","version":"4"},"event":{"state":true,"data":{"component":"UISettings","created":1574811651869},"id":"invoked"}}
{"recorder_version":"21","session":"3a2600362126","build":"192.6262.58","bucket":"189","time":1574811651757,"group":{"id":"system.os","version":"3"},"event":{"state":true,"data":{"created":1574811651870,"version":"10.14"},"id":"Mac"}}
{"recorder_version":"21","session":"3a2600362126","build":"192.6262.58","bucket":"189","time":1574811651757,"group":{"id":"system.os","version":"3"},"event":{"state":true,"data":{"created":1574811651870,"name":"Mac","version":"10.14"},"id":"os.name"}}
{"recorder_version":"21","session":"3a2600362126","build":"192.6262.58","bucket":"189","time":1574811651757,"group":{"id":"system.os","version":"3"},"event":{"state":true,"data":{"created":1574811651871,"value":"+09_00"},"id":"os.timezone"}}
{"recorder_version":"21","session":"3a2600362126","build":"192.6262.58","bucket":"189","time":1574811651757,"group":{"id":"system.os","version":"3"},"event":{"state":true,"data":{"created":1574811651872},"id":"invoked"}}
{"recorder_version":"21","session":"3a2600362126","build":"192.6262.58","bucket":"189","time":1574811651862,"group":{"id":"event.log","version":"21"},"event":{"count":1,"data":{"created":1574811651872,"version":"930.0"},"id":"whitelist.loaded"}}
{"recorder_version":"21","session":"3a2600362126","build":"192.6262.58","bucket":"189","time":1574811654175,"group":{"id":"settings","version":"4"},"event":{"state":true,"data":{"component":"UpdatesConfigurable","created":1574811654176,"name":"checkNeeded","type":"bool","value":false},"id":"not.default"}}
{"recorder_version":"21","session":"3a2600362126","build":"192.6262.58","bucket":"189","time":1574811654175,"group":{"id":"settings","version":"4"},"event":{"state":true,"data":{"component":"UpdatesConfigurable","created":1574811654177},"id":"invoked"}}
{"recorder_version":"21","session":"3a2600362126","build":"192.6262.58","bucket":"189","time":1574811654287,"group":{"id":"settings","version":"4"},"event":{"state":true,"data":{"component":"GeneralSettings","created":1574811654287,"name":"confirmExit","type":"bool","value":false},"id":"not.default"}}
{"recorder_version":"21","session":"3a2600362126","build":"192.6262.58","bucket":"189","time":1574811654287,"group":{"id":"settings","version":"4"},"event":{"state":true,"data":{"component":"GeneralSettings","created":1574811654288,"name":"showTipsOnStartup","type":"bool","value":false},"id":"not.default"}}
{"recorder_version":"21","session":"3a2600362126","build":"192.6262.58","bucket":"189","time":1574811654287,"group":{"id":"settings","version":"4"},"event":{"state":true,"data":{"component":"GeneralSettings","created":1574811654291},"id":"invoked"}}
{"recorder_version":"21","session":"3a2600362126","build":"192.6262.58","bucket":"189","time":1574811654293,"group":{"id":"lifecycle","version":"21"},"event":{"count":1,"data":{"internal":true,"eap":false,"created":1574811654294},"id":"ide.start"}}
{"recorder_version":"21","session":"3a2600362126","build":"192.6262.58","bucket":"189","time":1574811654605,"group":{"id":"lifecycle","version":"21"},"event":{"count":1,"data":{"created":1574811654605},"id":"frame.activated"}}
{"recorder_version":"21","session":"3a2600362126","build":"192.6262.58","bucket":"189","time":1574811654821,"group":{"id":"performance","version":"21"},"event":{"count":1,"data":{"duration_ms":0,"created":1574811654821},"id":"ui.latency"}}
{"recorder_version":"21","session":"3a2600362126","build":"192.6262.58","bucket":"189","time":1574811655077,"group":{"id":"ui.dialogs","version":"21"},"event":{"count":1,"data":{"created":1574811655078,"plugin_type":"PLATFORM","type":"show"},"id":"com.intellij.openapi.progress.util.ProgressDialog$MyDialogWrapper"}}
{"recorder_version":"21","session":"3a2600362126","build":"192.6262.58","bucket":"189","time":1574811656103,"group":{"id":"lifecycle","version":"21"},"event":{"count":1,"data":{"created":1574811656103,"project":"92ddc83aceaa9edad1485397ccc1680a8fd16623aa2c155379eac4aafdb2a559"},"id":"project.opened"}}
{"recorder_version":"21","session":"3a2600362126","build":"192.6262.58","bucket":"189","time":1574811657804,"group":{"id":"settings","version":"4"},"event":{"state":true,"data":{"component":"XmlEditorOptions","created":1574811657804},"id":"invoked"}}
{"recorder_version":"21","session":"3a2600362126","build":"192.6262.58","bucket":"189","time":1574811658092,"group":{"id":"toolwindow","version":"21"},"event":{"count":1,"data":{"os":"Mac","created":1574811658092,"plugin_type":"PLATFORM"},"id":"Project"}}
{"recorder_version":"21","session":"3a2600362126","build":"192.6262.58","bucket":"189","time":1574811660507,"group":{"id":"project.fs","version":"1"},"event":{"state":true,"data":{"os":"Mac","cs-project":false,"created":1574811660507,"project":"92ddc83aceaa9edad1485397ccc1680a8fd16623aa2c155379eac4aafdb2a559","cs-implicit":true,"cs-system":false},"id":"case-sensitivity"}}
{"recorder_version":"21","session":"3a2600362126","build":"192.6262.58","bucket":"189","time":1574811660507,"group":{"id":"project.fs","version":"1"},"event":{"state":true,"data":{"created":1574811660508},"id":"invoked"}}
{"recorder_version":"21","session":"3a2600362126","build":"192.6262.58","bucket":"189","time":1574811660508,"group":{"id":"project.fs","version":"1"},"event":{"state":true,"data":{"pct-non-watched":0,"created":1574811660509,"project":"92ddc83aceaa9edad1485397ccc1680a8fd16623aa2c155379eac4aafdb2a559"},"id":"roots-watched"}}
{"recorder_version":"21","session":"3a2600362126","build":"192.6262.58","bucket":"189","time":1574811660508,"group":{"id":"project.fs","version":"1"},"event":{"state":true,"data":{"created":1574811660509},"id":"invoked"}}
{"recorder_version":"21","session":"3a2600362126","build":"192.6262.58","bucket":"189","time":1574811660584,"group":{"id":"ui.dialogs","version":"21"},"event":{"count":1,"data":{"code":1,"created":1574811660584,"plugin_type":"PLATFORM","type":"close"},"id":"com.intellij.openapi.progress.util.ProgressDialog$MyDialogWrapper"}}
{"recorder_version":"21","session":"3a2600362126","build":"192.6262.58","bucket":"189","time":1574811661089,"group":{"id":"lifecycle","version":"21"},"event":{"count":1,"data":{"duration_ms":6272,"created":1574811661089,"project":"92ddc83aceaa9edad1485397ccc1680a8fd16623aa2c155379eac4aafdb2a559"},"id":"project.opening.finished"}}
{"recorder_version":"21","session":"3a2600362126","build":"192.6262.58","bucket":"189","time":1574811661140,"group":{"id":"performance","version":"21"},"event":{"count":1,"data":{"duration_ms":309,"created":1574811661140},"id":"ui.lagging"}}
{"recorder_version":"21","session":"3a2600362126","build":"192.6262.58","bucket":"189","time":1574811661538,"group":{"id":"kotlin.jps.target","version":"1"},"event":{"count":1,"data":{"plugin_version":"validation.undefined_rule","created":1574811661538},"id":"validation.undefined_rule"}}
{"recorder_version":"21","session":"3a2600362126","build":"192.6262.58","bucket":"189","time":1574811663025,"group":{"id":"actions","version":"21"},"event":{"count":7,"data":{"context_menu":false,"last":1574811664142,"current_file":"TEXT","created":1574811663026,"plugin_type":"PLATFORM","project":"92ddc83aceaa9edad1485397ccc1680a8fd16623aa2c155379eac4aafdb2a559","place":"keyboard_shortcut","class":"com.intellij.openapi.editor.actions.BackspaceAction","input_event":"Backspace"},"id":"EditorBackSpace"}}
{"recorder_version":"21","session":"3a2600362126","build":"192.6262.58","bucket":"189","time":1574811665242,"group":{"id":"file.types.usage","version":"21"},"event":{"count":1,"data":{"created":1574811665242,"plugin_type":"PLATFORM","project":"92ddc83aceaa9edad1485397ccc1680a8fd16623aa2c155379eac4aafdb2a559","type":"edit"},"id":"IDEA_MODULE"}}
{"recorder_version":"21","session":"3a2600362126","build":"192.6262.58","bucket":"189","time":1574811672673,"group":{"id":"actions","version":"21"},"event":{"count":6,"data":{"context_menu":false,"last":1574811682205,"current_file":"TEXT","created":1574811672673,"plugin_type":"PLATFORM","project":"92ddc83aceaa9edad1485397ccc1680a8fd16623aa2c155379eac4aafdb2a559","place":"keyboard_shortcut","class":"com.intellij.openapi.editor.actions.EnterAction","input_event":"Enter"},"id":"EditorEnter"}}
{"recorder_version":"21","session":"3a2600362126","build":"192.6262.58","bucket":"189","time":1574811690830,"group":{"id":"actions","version":"21"},"event":{"count":3,"data":{"context_menu":false,"last":1574811691406,"current_file":"TEXT","created":1574811690830,"plugin_type":"PLATFORM","project":"92ddc83aceaa9edad1485397ccc1680a8fd16623aa2c155379eac4aafdb2a559","place":"keyboard_shortcut","class":"com.intellij.openapi.editor.actions.BackspaceAction","input_event":"Backspace"},"id":"EditorBackSpace"}}
{"recorder_version":"21","session":"3a2600362126","build":"192.6262.58","bucket":"189","time":1574811694470,"group":{"id":"actions","version":"21"},"event":{"count":2,"data":{"context_menu":false,"last":1574811696269,"current_file":"TEXT","created":1574811694471,"plugin_type":"PLATFORM","project":"92ddc83aceaa9edad1485397ccc1680a8fd16623aa2c155379eac4aafdb2a559","place":"keyboard_shortcut","class":"com.intellij.openapi.editor.actions.EnterAction","input_event":"Enter"},"id":"EditorEnter"}}
{"recorder_version":"21","session":"3a2600362126","build":"192.6262.58","bucket":"189","time":1574811715015,"group":{"id":"lifecycle","version":"21"},"event":{"count":1,"data":{"created":1574811715016,"project":"92ddc83aceaa9edad1485397ccc1680a8fd16623aa2c155379eac4aafdb2a559"},"id":"frame.deactivated"}}
{"recorder_version":"21","session":"3a2600362126","build":"192.6262.58","bucket":"189","time":1574811744884,"group":{"id":"lifecycle","version":"21"},"event":{"count":1,"data":{"created":1574811744884,"project":"92ddc83aceaa9edad1485397ccc1680a8fd16623aa2c155379eac4aafdb2a559"},"id":"frame.activated"}}
{"recorder_version":"21","session":"3a2600362126","build":"192.6262.58","bucket":"189","time":1574811745197,"group":{"id":"lifecycle","version":"21"},"event":{"count":1,"data":{"restart":false,"created":1574811745197},"id":"ide.close"}}
{"recorder_version":"21","session":"3a2600362126","build":"192.6262.58","bucket":"189","time":1574811745272,"group":{"id":"lifecycle","version":"21"},"event":{"count":1,"data":{"created":1574811745272,"project":"92ddc83aceaa9edad1485397ccc1680a8fd16623aa2c155379eac4aafdb2a559"},"id":"project.closed"}}
