{"recorder_version":"21","session":"7e04004b4642","build":"192.6262.58","bucket":"189","time":1574893900978,"group":{"id":"settings","version":"4"},"event":{"state":true,"data":{"component":"NotRoamableUiSettings","created":1574893901170},"id":"invoked"}}
{"recorder_version":"21","session":"7e04004b4642","build":"192.6262.58","bucket":"189","time":1574893900980,"group":{"id":"settings","version":"4"},"event":{"state":true,"data":{"component":"UISettings","created":1574893901172},"id":"invoked"}}
{"recorder_version":"21","session":"7e04004b4642","build":"192.6262.58","bucket":"189","time":1574893900980,"group":{"id":"system.java","version":"1"},"event":{"state":true,"data":{"created":1574893901178,"version":"1.11"},"id":"JetBrains"}}
{"recorder_version":"21","session":"7e04004b4642","build":"192.6262.58","bucket":"189","time":1574893900980,"group":{"id":"system.java","version":"1"},"event":{"state":true,"data":{"created":1574893901178},"id":"invoked"}}
{"recorder_version":"21","session":"7e04004b4642","build":"192.6262.58","bucket":"189","time":1574893901014,"group":{"id":"system.os","version":"3"},"event":{"state":true,"data":{"created":1574893901179,"version":"10.14"},"id":"Mac"}}
{"recorder_version":"21","session":"7e04004b4642","build":"192.6262.58","bucket":"189","time":1574893901014,"group":{"id":"system.os","version":"3"},"event":{"state":true,"data":{"created":1574893901180,"name":"Mac","version":"10.14"},"id":"os.name"}}
{"recorder_version":"21","session":"7e04004b4642","build":"192.6262.58","bucket":"189","time":1574893901014,"group":{"id":"system.os","version":"3"},"event":{"state":true,"data":{"created":1574893901181,"value":"+09_00"},"id":"os.timezone"}}
{"recorder_version":"21","session":"7e04004b4642","build":"192.6262.58","bucket":"189","time":1574893901014,"group":{"id":"system.os","version":"3"},"event":{"state":true,"data":{"created":1574893901181},"id":"invoked"}}
{"recorder_version":"21","session":"7e04004b4642","build":"192.6262.58","bucket":"189","time":1574893901170,"group":{"id":"event.log","version":"21"},"event":{"count":1,"data":{"created":1574893901182,"version":"935.0"},"id":"whitelist.loaded"}}
{"recorder_version":"21","session":"7e04004b4642","build":"192.6262.58","bucket":"189","time":1574893903473,"group":{"id":"settings","version":"4"},"event":{"state":true,"data":{"component":"UpdatesConfigurable","created":1574893903474,"name":"checkNeeded","type":"bool","value":false},"id":"not.default"}}
{"recorder_version":"21","session":"7e04004b4642","build":"192.6262.58","bucket":"189","time":1574893903474,"group":{"id":"settings","version":"4"},"event":{"state":true,"data":{"component":"UpdatesConfigurable","created":1574893903475},"id":"invoked"}}
{"recorder_version":"21","session":"7e04004b4642","build":"192.6262.58","bucket":"189","time":1574893903631,"group":{"id":"settings","version":"4"},"event":{"state":true,"data":{"component":"GeneralSettings","created":1574893903632,"name":"confirmExit","type":"bool","value":false},"id":"not.default"}}
{"recorder_version":"21","session":"7e04004b4642","build":"192.6262.58","bucket":"189","time":1574893903632,"group":{"id":"settings","version":"4"},"event":{"state":true,"data":{"component":"GeneralSettings","created":1574893903633},"id":"invoked"}}
{"recorder_version":"21","session":"7e04004b4642","build":"192.6262.58","bucket":"189","time":1574893903636,"group":{"id":"lifecycle","version":"21"},"event":{"count":1,"data":{"internal":true,"eap":false,"created":1574893903636},"id":"ide.start"}}
{"recorder_version":"21","session":"7e04004b4642","build":"192.6262.58","bucket":"189","time":1574893903929,"group":{"id":"lifecycle","version":"21"},"event":{"count":1,"data":{"created":1574893903929},"id":"frame.activated"}}
{"recorder_version":"21","session":"7e04004b4642","build":"192.6262.58","bucket":"189","time":1574893904050,"group":{"id":"performance","version":"21"},"event":{"count":1,"data":{"duration_ms":99,"created":1574893904050},"id":"ui.latency"}}
{"recorder_version":"21","session":"7e04004b4642","build":"192.6262.58","bucket":"189","time":1574893904407,"group":{"id":"ui.dialogs","version":"21"},"event":{"count":1,"data":{"created":1574893904409,"plugin_type":"PLATFORM","type":"show"},"id":"com.intellij.openapi.progress.util.ProgressDialog$MyDialogWrapper"}}
{"recorder_version":"21","session":"7e04004b4642","build":"192.6262.58","bucket":"189","time":1574893905595,"group":{"id":"lifecycle","version":"21"},"event":{"count":1,"data":{"created":1574893905595,"project":"4452600da3b350ab41d92ae108c2baae6ff0ac3ddb31bd67020ee046ec77ac09"},"id":"project.opened"}}
{"recorder_version":"21","session":"7e04004b4642","build":"192.6262.58","bucket":"189","time":1574893906338,"group":{"id":"performance","version":"21"},"event":{"count":1,"data":{"duration_ms":381,"created":1574893906338},"id":"ui.lagging"}}
{"recorder_version":"21","session":"7e04004b4642","build":"192.6262.58","bucket":"189","time":1574893907398,"group":{"id":"settings","version":"4"},"event":{"state":true,"data":{"component":"XmlEditorOptions","created":1574893907398},"id":"invoked"}}
{"recorder_version":"21","session":"7e04004b4642","build":"192.6262.58","bucket":"189","time":1574893907483,"group":{"id":"performance","version":"21"},"event":{"count":1,"data":{"duration_ms":522,"created":1574893907484},"id":"ui.lagging"}}
{"recorder_version":"21","session":"7e04004b4642","build":"192.6262.58","bucket":"189","time":1574893907897,"group":{"id":"toolwindow","version":"21"},"event":{"count":1,"data":{"os":"Mac","created":1574893907897,"plugin_type":"PLATFORM"},"id":"Project"}}
{"recorder_version":"21","session":"7e04004b4642","build":"192.6262.58","bucket":"189","time":1574893908854,"group":{"id":"performance","version":"21"},"event":{"count":1,"data":{"duration_ms":893,"created":1574893908854},"id":"ui.lagging"}}
{"recorder_version":"21","session":"7e04004b4642","build":"192.6262.58","bucket":"189","time":1574893909340,"group":{"id":"performance","version":"21"},"event":{"count":1,"data":{"duration_ms":369,"created":1574893909340},"id":"ui.lagging"}}
{"recorder_version":"21","session":"7e04004b4642","build":"192.6262.58","bucket":"189","time":1574893909340,"group":{"id":"ui.tips","version":"2"},"event":{"count":1,"data":{"created":1574893909340,"type":"automatically"},"id":"dialog.shown"}}
{"recorder_version":"21","session":"7e04004b4642","build":"192.6262.58","bucket":"189","time":1574893909443,"group":{"id":"ui.dialogs","version":"21"},"event":{"count":1,"data":{"created":1574893909444,"plugin_type":"PLATFORM","type":"show"},"id":"com.intellij.ide.util.TipDialog"}}
{"recorder_version":"21","session":"7e04004b4642","build":"192.6262.58","bucket":"189","time":1574893910207,"group":{"id":"project.fs","version":"1"},"event":{"state":true,"data":{"os":"Mac","cs-project":false,"created":1574893910207,"project":"4452600da3b350ab41d92ae108c2baae6ff0ac3ddb31bd67020ee046ec77ac09","cs-implicit":true,"cs-system":false},"id":"case-sensitivity"}}
{"recorder_version":"21","session":"7e04004b4642","build":"192.6262.58","bucket":"189","time":1574893910208,"group":{"id":"project.fs","version":"1"},"event":{"state":true,"data":{"created":1574893910208},"id":"invoked"}}
{"recorder_version":"21","session":"7e04004b4642","build":"192.6262.58","bucket":"189","time":1574893910210,"group":{"id":"project.fs","version":"1"},"event":{"state":true,"data":{"pct-non-watched":0,"created":1574893910211,"project":"4452600da3b350ab41d92ae108c2baae6ff0ac3ddb31bd67020ee046ec77ac09"},"id":"roots-watched"}}
{"recorder_version":"21","session":"7e04004b4642","build":"192.6262.58","bucket":"189","time":1574893910210,"group":{"id":"project.fs","version":"1"},"event":{"state":true,"data":{"created":1574893910211},"id":"invoked"}}
{"recorder_version":"21","session":"7e04004b4642","build":"192.6262.58","bucket":"189","time":1574893910356,"group":{"id":"ui.dialogs","version":"21"},"event":{"count":1,"data":{"code":1,"created":1574893910356,"plugin_type":"PLATFORM","type":"close"},"id":"com.intellij.openapi.progress.util.ProgressDialog$MyDialogWrapper"}}
{"recorder_version":"21","session":"7e04004b4642","build":"192.6262.58","bucket":"189","time":1574893911187,"group":{"id":"ui.dialogs","version":"21"},"event":{"count":1,"data":{"code":1,"created":1574893911187,"plugin_type":"PLATFORM","type":"close"},"id":"com.intellij.ide.util.TipDialog"}}
{"recorder_version":"21","session":"7e04004b4642","build":"192.6262.58","bucket":"189","time":1574893911199,"group":{"id":"lifecycle","version":"21"},"event":{"count":1,"data":{"duration_ms":7085,"created":1574893911199,"project":"4452600da3b350ab41d92ae108c2baae6ff0ac3ddb31bd67020ee046ec77ac09"},"id":"project.opening.finished"}}
{"recorder_version":"21","session":"7e04004b4642","build":"192.6262.58","bucket":"189","time":1574893911264,"group":{"id":"performance","version":"21"},"event":{"count":1,"data":{"duration_ms":291,"created":1574893911264},"id":"ui.lagging"}}
{"recorder_version":"21","session":"7e04004b4642","build":"192.6262.58","bucket":"189","time":1574893912240,"group":{"id":"kotlin.jps.target","version":"1"},"event":{"count":2,"data":{"plugin_version":"validation.undefined_rule","last":1574893912240,"created":1574893912240},"id":"validation.undefined_rule"}}
{"recorder_version":"21","session":"7e04004b4642","build":"192.6262.58","bucket":"189","time":1574893912966,"group":{"id":"file.types.usage","version":"21"},"event":{"count":1,"data":{"plugin":"com.intellij.java","created":1574893912967,"plugin_type":"JB_BUNDLED","project":"4452600da3b350ab41d92ae108c2baae6ff0ac3ddb31bd67020ee046ec77ac09","type":"edit"},"id":"JAVA"}}
{"recorder_version":"21","session":"7e04004b4642","build":"192.6262.58","bucket":"189","time":1574893913079,"group":{"id":"performance","version":"21"},"event":{"count":1,"data":{"duration_ms":105,"created":1574893913079},"id":"ui.lagging"}}
{"recorder_version":"21","session":"7e04004b4642","build":"192.6262.58","bucket":"189","time":1574893913164,"group":{"id":"vcs.change.reminder","version":"1"},"event":{"count":1,"data":{"created":1574893913167,"project":"4452600da3b350ab41d92ae108c2baae6ff0ac3ddb31bd67020ee046ec77ac09","execution_time":41},"id":"prediction.calculated"}}
{"recorder_version":"21","session":"7e04004b4642","build":"192.6262.58","bucket":"189","time":1574893918236,"group":{"id":"actions","version":"21"},"event":{"count":3,"data":{"context_menu":false,"last":1574893919634,"current_file":"JAVA","created":1574893918236,"plugin_type":"PLATFORM","project":"4452600da3b350ab41d92ae108c2baae6ff0ac3ddb31bd67020ee046ec77ac09","place":"keyboard_shortcut","class":"com.intellij.openapi.editor.actions.BackspaceAction","input_event":"Backspace"},"id":"EditorBackSpace"}}
{"recorder_version":"21","session":"7e04004b4642","build":"192.6262.58","bucket":"189","time":1574893919912,"group":{"id":"actions","version":"21"},"event":{"count":2,"data":{"context_menu":false,"last":1574893920402,"current_file":"JAVA","created":1574893919912,"plugin_type":"PLATFORM","project":"4452600da3b350ab41d92ae108c2baae6ff0ac3ddb31bd67020ee046ec77ac09","place":"keyboard_shortcut","class":"com.intellij.openapi.editor.actions.EnterAction","input_event":"Enter"},"id":"EditorEnter"}}
{"recorder_version":"21","session":"7e04004b4642","build":"192.6262.58","bucket":"189","time":1574893934228,"group":{"id":"toolwindow","version":"21"},"event":{"count":1,"data":{"os":"Mac","created":1574893934232,"plugin_type":"NOT_LISTED"},"id":"third.party"}}
{"recorder_version":"21","session":"7e04004b4642","build":"192.6262.58","bucket":"189","time":1574893935332,"group":{"id":"file.types.usage","version":"21"},"event":{"count":1,"data":{"plugin":"com.intellij.java","created":1574893935332,"plugin_type":"JB_BUNDLED","project":"4452600da3b350ab41d92ae108c2baae6ff0ac3ddb31bd67020ee046ec77ac09","type":"open"},"id":"JAVA"}}
{"recorder_version":"21","session":"7e04004b4642","build":"192.6262.58","bucket":"189","time":1574893939589,"group":{"id":"file.types.usage","version":"21"},"event":{"count":1,"data":{"plugin":"com.intellij.java","created":1574893939590,"plugin_type":"JB_BUNDLED","project":"4452600da3b350ab41d92ae108c2baae6ff0ac3ddb31bd67020ee046ec77ac09","type":"edit"},"id":"JAVA"}}
{"recorder_version":"21","session":"7e04004b4642","build":"192.6262.58","bucket":"189","time":1574893955222,"group":{"id":"file.types.usage","version":"21"},"event":{"count":1,"data":{"plugin":"com.intellij.java","created":1574893955222,"plugin_type":"JB_BUNDLED","project":"4452600da3b350ab41d92ae108c2baae6ff0ac3ddb31bd67020ee046ec77ac09","type":"edit"},"id":"JAVA"}}
{"recorder_version":"21","session":"7e04004b4642","build":"192.6262.58","bucket":"189","time":1574893966524,"group":{"id":"actions","version":"21"},"event":{"count":18,"data":{"context_menu":false,"last":1574893978955,"created":1574893966524,"plugin_type":"PLATFORM","project":"4452600da3b350ab41d92ae108c2baae6ff0ac3ddb31bd67020ee046ec77ac09","place":"keyboard_shortcut","class":"com.intellij.openapi.editor.actions.BackspaceAction","input_event":"Backspace"},"id":"EditorBackSpace"}}
{"recorder_version":"21","session":"7e04004b4642","build":"192.6262.58","bucket":"189","time":1574893983156,"group":{"id":"file.types.usage","version":"21"},"event":{"count":1,"data":{"plugin":"com.intellij.java","created":1574893983156,"plugin_type":"JB_BUNDLED","project":"4452600da3b350ab41d92ae108c2baae6ff0ac3ddb31bd67020ee046ec77ac09","type":"edit"},"id":"JAVA"}}
{"recorder_version":"21","session":"7e04004b4642","build":"192.6262.58","bucket":"189","time":1574893983864,"group":{"id":"actions","version":"21"},"event":{"count":1,"data":{"context_menu":false,"current_file":"JAVA","created":1574893983864,"plugin_type":"PLATFORM","project":"4452600da3b350ab41d92ae108c2baae6ff0ac3ddb31bd67020ee046ec77ac09","place":"keyboard_shortcut","class":"com.intellij.openapi.editor.actions.EscapeAction","input_event":"Escape"},"id":"EditorEscape"}}
{"recorder_version":"21","session":"7e04004b4642","build":"192.6262.58","bucket":"189","time":1574894004240,"group":{"id":"performance","version":"21"},"event":{"count":1,"data":{"duration_ms":0,"created":1574894004241},"id":"ui.latency"}}
{"recorder_version":"21","session":"7e04004b4642","build":"192.6262.58","bucket":"189","time":1574894006803,"group":{"id":"lifecycle","version":"21"},"event":{"count":1,"data":{"created":1574894006804,"project":"4452600da3b350ab41d92ae108c2baae6ff0ac3ddb31bd67020ee046ec77ac09"},"id":"frame.deactivated"}}
{"recorder_version":"21","session":"7e04004b4642","build":"192.6262.58","bucket":"189","time":1574894007771,"group":{"id":"vcs.change.reminder","version":"1"},"event":{"count":1,"data":{"created":1574894007772,"project":"4452600da3b350ab41d92ae108c2baae6ff0ac3ddb31bd67020ee046ec77ac09","execution_time":94},"id":"prediction.calculated"}}
{"recorder_version":"21","session":"7e04004b4642","build":"192.6262.58","bucket":"189","time":1574894028712,"group":{"id":"lifecycle","version":"21"},"event":{"count":1,"data":{"created":1574894028713,"project":"4452600da3b350ab41d92ae108c2baae6ff0ac3ddb31bd67020ee046ec77ac09"},"id":"frame.activated"}}
{"recorder_version":"21","session":"7e04004b4642","build":"192.6262.58","bucket":"189","time":1574894031677,"group":{"id":"lifecycle","version":"21"},"event":{"count":1,"data":{"created":1574894031677,"project":"4452600da3b350ab41d92ae108c2baae6ff0ac3ddb31bd67020ee046ec77ac09"},"id":"frame.deactivated"}}
{"recorder_version":"21","session":"7e04004b4642","build":"192.6262.58","bucket":"189","time":1574894070718,"group":{"id":"lifecycle","version":"21"},"event":{"count":1,"data":{"created":1574894070718,"project":"4452600da3b350ab41d92ae108c2baae6ff0ac3ddb31bd67020ee046ec77ac09"},"id":"frame.activated"}}
{"recorder_version":"21","session":"7e04004b4642","build":"192.6262.58","bucket":"189","time":1574894076228,"group":{"id":"lifecycle","version":"21"},"event":{"count":1,"data":{"created":1574894076229,"project":"4452600da3b350ab41d92ae108c2baae6ff0ac3ddb31bd67020ee046ec77ac09"},"id":"frame.deactivated"}}
{"recorder_version":"21","session":"7e04004b4642","build":"192.6262.58","bucket":"189","time":1574894095899,"group":{"id":"lifecycle","version":"21"},"event":{"count":1,"data":{"created":1574894095899,"project":"4452600da3b350ab41d92ae108c2baae6ff0ac3ddb31bd67020ee046ec77ac09"},"id":"frame.activated"}}
{"recorder_version":"21","session":"7e04004b4642","build":"192.6262.58","bucket":"189","time":1574894097855,"group":{"id":"lifecycle","version":"21"},"event":{"count":1,"data":{"restart":false,"created":1574894097855},"id":"ide.close"}}
{"recorder_version":"21","session":"7e04004b4642","build":"192.6262.58","bucket":"189","time":1574894097957,"group":{"id":"lifecycle","version":"21"},"event":{"count":1,"data":{"created":1574894097958,"project":"4452600da3b350ab41d92ae108c2baae6ff0ac3ddb31bd67020ee046ec77ac09"},"id":"project.closed"}}
