{"recorder_version":"21","session":"d05c05e2d868","build":"192.6262.58","bucket":"189","time":1574432756148,"group":{"id":"settings","version":"4"},"event":{"state":true,"data":{"component":"NotRoamableUiSettings","created":1574432756309},"id":"invoked"}}
{"recorder_version":"21","session":"d05c05e2d868","build":"192.6262.58","bucket":"189","time":1574432756150,"group":{"id":"system.java","version":"1"},"event":{"state":true,"data":{"created":1574432756311,"version":"1.11"},"id":"JetBrains"}}
{"recorder_version":"21","session":"d05c05e2d868","build":"192.6262.58","bucket":"189","time":1574432756150,"group":{"id":"system.java","version":"1"},"event":{"state":true,"data":{"created":1574432756320},"id":"invoked"}}
{"recorder_version":"21","session":"d05c05e2d868","build":"192.6262.58","bucket":"189","time":1574432756151,"group":{"id":"settings","version":"4"},"event":{"state":true,"data":{"component":"UISettings","created":1574432756321},"id":"invoked"}}
{"recorder_version":"21","session":"d05c05e2d868","build":"192.6262.58","bucket":"189","time":1574432756172,"group":{"id":"system.os","version":"3"},"event":{"state":true,"data":{"created":1574432756322,"version":"10.14"},"id":"Mac"}}
{"recorder_version":"21","session":"d05c05e2d868","build":"192.6262.58","bucket":"189","time":1574432756172,"group":{"id":"system.os","version":"3"},"event":{"state":true,"data":{"created":1574432756322,"name":"Mac","version":"10.14"},"id":"os.name"}}
{"recorder_version":"21","session":"d05c05e2d868","build":"192.6262.58","bucket":"189","time":1574432756172,"group":{"id":"system.os","version":"3"},"event":{"state":true,"data":{"created":1574432756323,"value":"+09_00"},"id":"os.timezone"}}
{"recorder_version":"21","session":"d05c05e2d868","build":"192.6262.58","bucket":"189","time":1574432756172,"group":{"id":"system.os","version":"3"},"event":{"state":true,"data":{"created":1574432756323},"id":"invoked"}}
{"recorder_version":"21","session":"d05c05e2d868","build":"192.6262.58","bucket":"189","time":1574432756309,"group":{"id":"event.log","version":"21"},"event":{"count":1,"data":{"created":1574432756324,"version":"916.0"},"id":"whitelist.loaded"}}
{"recorder_version":"21","session":"d05c05e2d868","build":"192.6262.58","bucket":"189","time":1574432758629,"group":{"id":"settings","version":"4"},"event":{"state":true,"data":{"component":"UpdatesConfigurable","created":1574432758630,"name":"checkNeeded","type":"bool","value":false},"id":"not.default"}}
{"recorder_version":"21","session":"d05c05e2d868","build":"192.6262.58","bucket":"189","time":1574432758630,"group":{"id":"settings","version":"4"},"event":{"state":true,"data":{"component":"UpdatesConfigurable","created":1574432758632},"id":"invoked"}}
{"recorder_version":"21","session":"d05c05e2d868","build":"192.6262.58","bucket":"189","time":1574432759255,"group":{"id":"lifecycle","version":"21"},"event":{"count":1,"data":{"internal":true,"eap":false,"created":1574432759256},"id":"ide.start"}}
{"recorder_version":"21","session":"d05c05e2d868","build":"192.6262.58","bucket":"189","time":1574432759257,"group":{"id":"settings","version":"4"},"event":{"state":true,"data":{"component":"GeneralSettings","created":1574432759258,"name":"confirmExit","type":"bool","value":false},"id":"not.default"}}
{"recorder_version":"21","session":"d05c05e2d868","build":"192.6262.58","bucket":"189","time":1574432759258,"group":{"id":"settings","version":"4"},"event":{"state":true,"data":{"component":"GeneralSettings","created":1574432759259,"name":"showTipsOnStartup","type":"bool","value":false},"id":"not.default"}}
{"recorder_version":"21","session":"d05c05e2d868","build":"192.6262.58","bucket":"189","time":1574432759258,"group":{"id":"settings","version":"4"},"event":{"state":true,"data":{"component":"GeneralSettings","created":1574432759260},"id":"invoked"}}
{"recorder_version":"21","session":"d05c05e2d868","build":"192.6262.58","bucket":"189","time":1574432759367,"group":{"id":"performance","version":"21"},"event":{"count":1,"data":{"duration_ms":113,"created":1574432759367},"id":"ui.latency"}}
{"recorder_version":"21","session":"d05c05e2d868","build":"192.6262.58","bucket":"189","time":1574432759367,"group":{"id":"performance","version":"21"},"event":{"count":1,"data":{"duration_ms":113,"created":1574432759368},"id":"ui.lagging"}}
{"recorder_version":"21","session":"d05c05e2d868","build":"192.6262.58","bucket":"189","time":1574432760067,"group":{"id":"settings","version":"4"},"event":{"state":true,"data":{"component":"XmlEditorOptions","created":1574432760067},"id":"invoked"}}
{"recorder_version":"21","session":"d05c05e2d868","build":"192.6262.58","bucket":"189","time":1574432760484,"group":{"id":"performance","version":"21"},"event":{"count":1,"data":{"duration_ms":229,"created":1574432760484},"id":"ui.lagging"}}
{"recorder_version":"21","session":"d05c05e2d868","build":"192.6262.58","bucket":"189","time":1574432791234,"group":{"id":"lifecycle","version":"21"},"event":{"count":1,"data":{"restart":false,"created":1574432791234},"id":"ide.close"}}
