{"recorder_version":"21","session":"6dd4a08c19a4","build":"192.6262.58","bucket":"189","time":1574791019003,"group":{"id":"settings","version":"4"},"event":{"state":true,"data":{"component":"NotRoamableUiSettings","created":1574791019145},"id":"invoked"}}
{"recorder_version":"21","session":"6dd4a08c19a4","build":"192.6262.58","bucket":"189","time":1574791019005,"group":{"id":"settings","version":"4"},"event":{"state":true,"data":{"component":"UISettings","created":1574791019146},"id":"invoked"}}
{"recorder_version":"21","session":"6dd4a08c19a4","build":"192.6262.58","bucket":"189","time":1574791019005,"group":{"id":"system.java","version":"1"},"event":{"state":true,"data":{"created":1574791019152,"version":"1.11"},"id":"JetBrains"}}
{"recorder_version":"21","session":"6dd4a08c19a4","build":"192.6262.58","bucket":"189","time":1574791019005,"group":{"id":"system.java","version":"1"},"event":{"state":true,"data":{"created":1574791019152},"id":"invoked"}}
{"recorder_version":"21","session":"6dd4a08c19a4","build":"192.6262.58","bucket":"189","time":1574791019025,"group":{"id":"system.os","version":"3"},"event":{"state":true,"data":{"created":1574791019153,"version":"10.14"},"id":"Mac"}}
{"recorder_version":"21","session":"6dd4a08c19a4","build":"192.6262.58","bucket":"189","time":1574791019025,"group":{"id":"system.os","version":"3"},"event":{"state":true,"data":{"created":1574791019153,"name":"Mac","version":"10.14"},"id":"os.name"}}
{"recorder_version":"21","session":"6dd4a08c19a4","build":"192.6262.58","bucket":"189","time":1574791019025,"group":{"id":"system.os","version":"3"},"event":{"state":true,"data":{"created":1574791019154,"value":"+09_00"},"id":"os.timezone"}}
{"recorder_version":"21","session":"6dd4a08c19a4","build":"192.6262.58","bucket":"189","time":1574791019025,"group":{"id":"system.os","version":"3"},"event":{"state":true,"data":{"created":1574791019155},"id":"invoked"}}
{"recorder_version":"21","session":"6dd4a08c19a4","build":"192.6262.58","bucket":"189","time":1574791019144,"group":{"id":"event.log","version":"21"},"event":{"count":1,"data":{"created":1574791019155,"version":"925.0"},"id":"whitelist.loaded"}}
{"recorder_version":"21","session":"6dd4a08c19a4","build":"192.6262.58","bucket":"189","time":1574791021506,"group":{"id":"settings","version":"4"},"event":{"state":true,"data":{"component":"UpdatesConfigurable","created":1574791021506,"name":"checkNeeded","type":"bool","value":false},"id":"not.default"}}
{"recorder_version":"21","session":"6dd4a08c19a4","build":"192.6262.58","bucket":"189","time":1574791021506,"group":{"id":"settings","version":"4"},"event":{"state":true,"data":{"component":"UpdatesConfigurable","created":1574791021507},"id":"invoked"}}
{"recorder_version":"21","session":"6dd4a08c19a4","build":"192.6262.58","bucket":"189","time":1574791021625,"group":{"id":"settings","version":"4"},"event":{"state":true,"data":{"component":"GeneralSettings","created":1574791021625,"name":"confirmExit","type":"bool","value":false},"id":"not.default"}}
{"recorder_version":"21","session":"6dd4a08c19a4","build":"192.6262.58","bucket":"189","time":1574791021625,"group":{"id":"settings","version":"4"},"event":{"state":true,"data":{"component":"GeneralSettings","created":1574791021626,"name":"showTipsOnStartup","type":"bool","value":false},"id":"not.default"}}
{"recorder_version":"21","session":"6dd4a08c19a4","build":"192.6262.58","bucket":"189","time":1574791021625,"group":{"id":"settings","version":"4"},"event":{"state":true,"data":{"component":"GeneralSettings","created":1574791021627},"id":"invoked"}}
{"recorder_version":"21","session":"6dd4a08c19a4","build":"192.6262.58","bucket":"189","time":1574791021635,"group":{"id":"lifecycle","version":"21"},"event":{"count":1,"data":{"internal":true,"eap":false,"created":1574791021635},"id":"ide.start"}}
{"recorder_version":"21","session":"6dd4a08c19a4","build":"192.6262.58","bucket":"189","time":1574791021971,"group":{"id":"lifecycle","version":"21"},"event":{"count":1,"data":{"created":1574791021972},"id":"frame.activated"}}
{"recorder_version":"21","session":"6dd4a08c19a4","build":"192.6262.58","bucket":"189","time":1574791022100,"group":{"id":"performance","version":"21"},"event":{"count":1,"data":{"duration_ms":101,"created":1574791022100},"id":"ui.latency"}}
{"recorder_version":"21","session":"6dd4a08c19a4","build":"192.6262.58","bucket":"189","time":1574791022100,"group":{"id":"performance","version":"21"},"event":{"count":1,"data":{"duration_ms":101,"created":1574791022101},"id":"ui.lagging"}}
{"recorder_version":"21","session":"6dd4a08c19a4","build":"192.6262.58","bucket":"189","time":1574791022477,"group":{"id":"ui.dialogs","version":"21"},"event":{"count":1,"data":{"created":1574791022477,"plugin_type":"PLATFORM","type":"show"},"id":"com.intellij.openapi.progress.util.ProgressDialog$MyDialogWrapper"}}
{"recorder_version":"21","session":"6dd4a08c19a4","build":"192.6262.58","bucket":"189","time":1574791023504,"group":{"id":"lifecycle","version":"21"},"event":{"count":1,"data":{"created":1574791023504,"project":"92ddc83aceaa9edad1485397ccc1680a8fd16623aa2c155379eac4aafdb2a559"},"id":"project.opened"}}
{"recorder_version":"21","session":"6dd4a08c19a4","build":"192.6262.58","bucket":"189","time":1574791024184,"group":{"id":"performance","version":"21"},"event":{"count":1,"data":{"duration_ms":182,"created":1574791024185},"id":"ui.lagging"}}
{"recorder_version":"21","session":"6dd4a08c19a4","build":"192.6262.58","bucket":"189","time":1574791025148,"group":{"id":"settings","version":"4"},"event":{"state":true,"data":{"component":"XmlEditorOptions","created":1574791025148},"id":"invoked"}}
{"recorder_version":"21","session":"6dd4a08c19a4","build":"192.6262.58","bucket":"189","time":1574791025218,"group":{"id":"performance","version":"21"},"event":{"count":1,"data":{"duration_ms":215,"created":1574791025219},"id":"ui.lagging"}}
{"recorder_version":"21","session":"6dd4a08c19a4","build":"192.6262.58","bucket":"189","time":1574791025432,"group":{"id":"toolwindow","version":"21"},"event":{"count":1,"data":{"os":"Mac","created":1574791025432,"plugin_type":"PLATFORM"},"id":"Project"}}
{"recorder_version":"21","session":"6dd4a08c19a4","build":"192.6262.58","bucket":"189","time":1574791027477,"group":{"id":"kotlin.jps.target","version":"1"},"event":{"count":1,"data":{"plugin_version":"1.3.41-release-IJ2019.2-1","created":1574791027477},"id":"jvm"}}
{"recorder_version":"21","session":"6dd4a08c19a4","build":"192.6262.58","bucket":"189","time":1574791027538,"group":{"id":"project.fs","version":"1"},"event":{"state":true,"data":{"os":"Mac","cs-project":false,"created":1574791027538,"project":"92ddc83aceaa9edad1485397ccc1680a8fd16623aa2c155379eac4aafdb2a559","cs-implicit":true,"cs-system":false},"id":"case-sensitivity"}}
{"recorder_version":"21","session":"6dd4a08c19a4","build":"192.6262.58","bucket":"189","time":1574791027538,"group":{"id":"project.fs","version":"1"},"event":{"state":true,"data":{"created":1574791027539},"id":"invoked"}}
{"recorder_version":"21","session":"6dd4a08c19a4","build":"192.6262.58","bucket":"189","time":1574791027539,"group":{"id":"project.fs","version":"1"},"event":{"state":true,"data":{"pct-non-watched":0,"created":1574791027539,"project":"92ddc83aceaa9edad1485397ccc1680a8fd16623aa2c155379eac4aafdb2a559"},"id":"roots-watched"}}
{"recorder_version":"21","session":"6dd4a08c19a4","build":"192.6262.58","bucket":"189","time":1574791027539,"group":{"id":"project.fs","version":"1"},"event":{"state":true,"data":{"created":1574791027539},"id":"invoked"}}
{"recorder_version":"21","session":"6dd4a08c19a4","build":"192.6262.58","bucket":"189","time":1574791027637,"group":{"id":"ui.dialogs","version":"21"},"event":{"count":1,"data":{"code":1,"created":1574791027637,"plugin_type":"PLATFORM","type":"close"},"id":"com.intellij.openapi.progress.util.ProgressDialog$MyDialogWrapper"}}
{"recorder_version":"21","session":"6dd4a08c19a4","build":"192.6262.58","bucket":"189","time":1574791027795,"group":{"id":"lifecycle","version":"21"},"event":{"count":1,"data":{"duration_ms":5618,"created":1574791027795,"project":"92ddc83aceaa9edad1485397ccc1680a8fd16623aa2c155379eac4aafdb2a559"},"id":"project.opening.finished"}}
{"recorder_version":"21","session":"6dd4a08c19a4","build":"192.6262.58","bucket":"189","time":1574791028153,"group":{"id":"performance","version":"21"},"event":{"count":1,"data":{"duration_ms":144,"created":1574791028153},"id":"ui.lagging"}}
{"recorder_version":"21","session":"6dd4a08c19a4","build":"192.6262.58","bucket":"189","time":1574791031284,"group":{"id":"file.types.usage","version":"21"},"event":{"count":1,"data":{"created":1574791031284,"plugin_type":"PLATFORM","project":"92ddc83aceaa9edad1485397ccc1680a8fd16623aa2c155379eac4aafdb2a559","type":"edit"},"id":"IDEA_MODULE"}}
{"recorder_version":"21","session":"6dd4a08c19a4","build":"192.6262.58","bucket":"189","time":1574791033703,"group":{"id":"actions","version":"21"},"event":{"count":9,"data":{"context_menu":false,"last":1574791041858,"current_file":"TEXT","created":1574791033704,"plugin_type":"PLATFORM","project":"92ddc83aceaa9edad1485397ccc1680a8fd16623aa2c155379eac4aafdb2a559","place":"keyboard_shortcut","class":"com.intellij.openapi.editor.actions.BackspaceAction","input_event":"Backspace"},"id":"EditorBackSpace"}}
{"recorder_version":"21","session":"6dd4a08c19a4","build":"192.6262.58","bucket":"189","time":1574791043350,"group":{"id":"actions","version":"21"},"event":{"count":4,"data":{"context_menu":false,"last":1574791044000,"current_file":"TEXT","created":1574791043350,"plugin_type":"PLATFORM","project":"92ddc83aceaa9edad1485397ccc1680a8fd16623aa2c155379eac4aafdb2a559","place":"keyboard_shortcut","class":"com.intellij.openapi.editor.actions.EnterAction","input_event":"Enter"},"id":"EditorEnter"}}
{"recorder_version":"21","session":"6dd4a08c19a4","build":"192.6262.58","bucket":"189","time":1574791045035,"group":{"id":"lifecycle","version":"21"},"event":{"count":1,"data":{"created":1574791045035,"project":"92ddc83aceaa9edad1485397ccc1680a8fd16623aa2c155379eac4aafdb2a559"},"id":"frame.deactivated"}}
{"recorder_version":"21","session":"6dd4a08c19a4","build":"192.6262.58","bucket":"189","time":1574791045200,"group":{"id":"performance","version":"21"},"event":{"count":1,"data":{"duration_ms":147,"created":1574791045200},"id":"ui.lagging"}}
{"recorder_version":"21","session":"6dd4a08c19a4","build":"192.6262.58","bucket":"189","time":1574791090730,"group":{"id":"lifecycle","version":"21"},"event":{"count":1,"data":{"created":1574791090730,"project":"92ddc83aceaa9edad1485397ccc1680a8fd16623aa2c155379eac4aafdb2a559"},"id":"frame.activated"}}
{"recorder_version":"21","session":"6dd4a08c19a4","build":"192.6262.58","bucket":"189","time":1574791091273,"group":{"id":"lifecycle","version":"21"},"event":{"count":1,"data":{"restart":false,"created":1574791091273},"id":"ide.close"}}
{"recorder_version":"21","session":"6dd4a08c19a4","build":"192.6262.58","bucket":"189","time":1574791091342,"group":{"id":"lifecycle","version":"21"},"event":{"count":1,"data":{"created":1574791091342,"project":"92ddc83aceaa9edad1485397ccc1680a8fd16623aa2c155379eac4aafdb2a559"},"id":"project.closed"}}
