{"recorder_version":"21","session":"9fc399056866","build":"192.6262.58","bucket":"189","time":1574814930691,"group":{"id":"settings","version":"4"},"event":{"state":true,"data":{"component":"NotRoamableUiSettings","created":1574814930819},"id":"invoked"}}
{"recorder_version":"21","session":"9fc399056866","build":"192.6262.58","bucket":"189","time":1574814930693,"group":{"id":"system.java","version":"1"},"event":{"state":true,"data":{"created":1574814930822,"version":"1.11"},"id":"JetBrains"}}
{"recorder_version":"21","session":"9fc399056866","build":"192.6262.58","bucket":"189","time":1574814930693,"group":{"id":"system.java","version":"1"},"event":{"state":true,"data":{"created":1574814930829},"id":"invoked"}}
{"recorder_version":"21","session":"9fc399056866","build":"192.6262.58","bucket":"189","time":1574814930693,"group":{"id":"settings","version":"4"},"event":{"state":true,"data":{"component":"UISettings","created":1574814930829},"id":"invoked"}}
{"recorder_version":"21","session":"9fc399056866","build":"192.6262.58","bucket":"189","time":1574814930713,"group":{"id":"system.os","version":"3"},"event":{"state":true,"data":{"created":1574814930830,"version":"10.14"},"id":"Mac"}}
{"recorder_version":"21","session":"9fc399056866","build":"192.6262.58","bucket":"189","time":1574814930713,"group":{"id":"system.os","version":"3"},"event":{"state":true,"data":{"created":1574814930830,"name":"Mac","version":"10.14"},"id":"os.name"}}
{"recorder_version":"21","session":"9fc399056866","build":"192.6262.58","bucket":"189","time":1574814930713,"group":{"id":"system.os","version":"3"},"event":{"state":true,"data":{"created":1574814930831,"value":"+09_00"},"id":"os.timezone"}}
{"recorder_version":"21","session":"9fc399056866","build":"192.6262.58","bucket":"189","time":1574814930713,"group":{"id":"system.os","version":"3"},"event":{"state":true,"data":{"created":1574814930831},"id":"invoked"}}
{"recorder_version":"21","session":"9fc399056866","build":"192.6262.58","bucket":"189","time":1574814930819,"group":{"id":"event.log","version":"21"},"event":{"count":1,"data":{"created":1574814930832,"version":"930.0"},"id":"whitelist.loaded"}}
{"recorder_version":"21","session":"9fc399056866","build":"192.6262.58","bucket":"189","time":1574814933057,"group":{"id":"settings","version":"4"},"event":{"state":true,"data":{"component":"UpdatesConfigurable","created":1574814933058,"name":"checkNeeded","type":"bool","value":false},"id":"not.default"}}
{"recorder_version":"21","session":"9fc399056866","build":"192.6262.58","bucket":"189","time":1574814933057,"group":{"id":"settings","version":"4"},"event":{"state":true,"data":{"component":"UpdatesConfigurable","created":1574814933059},"id":"invoked"}}
{"recorder_version":"21","session":"9fc399056866","build":"192.6262.58","bucket":"189","time":1574814933177,"group":{"id":"settings","version":"4"},"event":{"state":true,"data":{"component":"GeneralSettings","created":1574814933177,"name":"confirmExit","type":"bool","value":false},"id":"not.default"}}
{"recorder_version":"21","session":"9fc399056866","build":"192.6262.58","bucket":"189","time":1574814933177,"group":{"id":"settings","version":"4"},"event":{"state":true,"data":{"component":"GeneralSettings","created":1574814933178,"name":"showTipsOnStartup","type":"bool","value":false},"id":"not.default"}}
{"recorder_version":"21","session":"9fc399056866","build":"192.6262.58","bucket":"189","time":1574814933177,"group":{"id":"settings","version":"4"},"event":{"state":true,"data":{"component":"GeneralSettings","created":1574814933180},"id":"invoked"}}
{"recorder_version":"21","session":"9fc399056866","build":"192.6262.58","bucket":"189","time":1574814933182,"group":{"id":"lifecycle","version":"21"},"event":{"count":1,"data":{"internal":true,"eap":false,"created":1574814933183},"id":"ide.start"}}
{"recorder_version":"21","session":"9fc399056866","build":"192.6262.58","bucket":"189","time":1574814933472,"group":{"id":"lifecycle","version":"21"},"event":{"count":1,"data":{"created":1574814933472},"id":"frame.activated"}}
{"recorder_version":"21","session":"9fc399056866","build":"192.6262.58","bucket":"189","time":1574814933776,"group":{"id":"performance","version":"21"},"event":{"count":1,"data":{"duration_ms":0,"created":1574814933776},"id":"ui.latency"}}
{"recorder_version":"21","session":"9fc399056866","build":"192.6262.58","bucket":"189","time":1574814933933,"group":{"id":"ui.dialogs","version":"21"},"event":{"count":1,"data":{"created":1574814933933,"plugin_type":"PLATFORM","type":"show"},"id":"com.intellij.openapi.progress.util.ProgressDialog$MyDialogWrapper"}}
{"recorder_version":"21","session":"9fc399056866","build":"192.6262.58","bucket":"189","time":1574814934860,"group":{"id":"lifecycle","version":"21"},"event":{"count":1,"data":{"created":1574814934861,"project":"92ddc83aceaa9edad1485397ccc1680a8fd16623aa2c155379eac4aafdb2a559"},"id":"project.opened"}}
{"recorder_version":"21","session":"9fc399056866","build":"192.6262.58","bucket":"189","time":1574814936432,"group":{"id":"settings","version":"4"},"event":{"state":true,"data":{"component":"XmlEditorOptions","created":1574814936432},"id":"invoked"}}
{"recorder_version":"21","session":"9fc399056866","build":"192.6262.58","bucket":"189","time":1574814936692,"group":{"id":"toolwindow","version":"21"},"event":{"count":1,"data":{"os":"Mac","created":1574814936692,"plugin_type":"PLATFORM"},"id":"Project"}}
{"recorder_version":"21","session":"9fc399056866","build":"192.6262.58","bucket":"189","time":1574814937016,"group":{"id":"performance","version":"21"},"event":{"count":1,"data":{"duration_ms":234,"created":1574814937016},"id":"ui.lagging"}}
{"recorder_version":"21","session":"9fc399056866","build":"192.6262.58","bucket":"189","time":1574814938770,"group":{"id":"kotlin.jps.target","version":"1"},"event":{"count":1,"data":{"plugin_version":"validation.undefined_rule","created":1574814938770},"id":"validation.undefined_rule"}}
{"recorder_version":"21","session":"9fc399056866","build":"192.6262.58","bucket":"189","time":1574814938787,"group":{"id":"project.fs","version":"1"},"event":{"state":true,"data":{"os":"Mac","cs-project":false,"created":1574814938787,"project":"92ddc83aceaa9edad1485397ccc1680a8fd16623aa2c155379eac4aafdb2a559","cs-implicit":true,"cs-system":false},"id":"case-sensitivity"}}
{"recorder_version":"21","session":"9fc399056866","build":"192.6262.58","bucket":"189","time":1574814938787,"group":{"id":"project.fs","version":"1"},"event":{"state":true,"data":{"created":1574814938787},"id":"invoked"}}
{"recorder_version":"21","session":"9fc399056866","build":"192.6262.58","bucket":"189","time":1574814938787,"group":{"id":"project.fs","version":"1"},"event":{"state":true,"data":{"pct-non-watched":0,"created":1574814938787,"project":"92ddc83aceaa9edad1485397ccc1680a8fd16623aa2c155379eac4aafdb2a559"},"id":"roots-watched"}}
{"recorder_version":"21","session":"9fc399056866","build":"192.6262.58","bucket":"189","time":1574814938787,"group":{"id":"project.fs","version":"1"},"event":{"state":true,"data":{"created":1574814938788},"id":"invoked"}}
{"recorder_version":"21","session":"9fc399056866","build":"192.6262.58","bucket":"189","time":1574814938862,"group":{"id":"ui.dialogs","version":"21"},"event":{"count":1,"data":{"code":1,"created":1574814938862,"plugin_type":"PLATFORM","type":"close"},"id":"com.intellij.openapi.progress.util.ProgressDialog$MyDialogWrapper"}}
{"recorder_version":"21","session":"9fc399056866","build":"192.6262.58","bucket":"189","time":1574814938979,"group":{"id":"lifecycle","version":"21"},"event":{"count":1,"data":{"duration_ms":5319,"created":1574814938979,"project":"92ddc83aceaa9edad1485397ccc1680a8fd16623aa2c155379eac4aafdb2a559"},"id":"project.opening.finished"}}
{"recorder_version":"21","session":"9fc399056866","build":"192.6262.58","bucket":"189","time":1574814939904,"group":{"id":"file.types.usage","version":"21"},"event":{"count":1,"data":{"created":1574814939904,"plugin_type":"PLATFORM","project":"92ddc83aceaa9edad1485397ccc1680a8fd16623aa2c155379eac4aafdb2a559","type":"edit"},"id":"IDEA_MODULE"}}
{"recorder_version":"21","session":"9fc399056866","build":"192.6262.58","bucket":"189","time":1574814941284,"group":{"id":"actions","version":"21"},"event":{"count":3,"data":{"context_menu":false,"last":1574814942003,"current_file":"TEXT","created":1574814941285,"plugin_type":"PLATFORM","project":"92ddc83aceaa9edad1485397ccc1680a8fd16623aa2c155379eac4aafdb2a559","place":"keyboard_shortcut","class":"com.intellij.openapi.editor.actions.EnterAction","input_event":"Enter"},"id":"EditorEnter"}}
{"recorder_version":"21","session":"9fc399056866","build":"192.6262.58","bucket":"189","time":1574814943222,"group":{"id":"actions","version":"21"},"event":{"count":1,"data":{"context_menu":false,"current_file":"TEXT","created":1574814943222,"plugin_type":"PLATFORM","project":"92ddc83aceaa9edad1485397ccc1680a8fd16623aa2c155379eac4aafdb2a559","place":"keyboard_shortcut","class":"com.intellij.openapi.editor.actions.BackspaceAction","input_event":"Backspace"},"id":"EditorBackSpace"}}
{"recorder_version":"21","session":"9fc399056866","build":"192.6262.58","bucket":"189","time":1574814963193,"group":{"id":"actions","version":"21"},"event":{"count":1,"data":{"context_menu":false,"current_file":"TEXT","created":1574814963193,"plugin_type":"PLATFORM","project":"92ddc83aceaa9edad1485397ccc1680a8fd16623aa2c155379eac4aafdb2a559","place":"keyboard_shortcut","class":"com.intellij.openapi.editor.actions.EscapeAction","input_event":"Escape"},"id":"EditorEscape"}}
{"recorder_version":"21","session":"9fc399056866","build":"192.6262.58","bucket":"189","time":1574814973840,"group":{"id":"actions","version":"21"},"event":{"count":2,"data":{"context_menu":false,"last":1574814974010,"current_file":"TEXT","created":1574814973840,"plugin_type":"PLATFORM","project":"92ddc83aceaa9edad1485397ccc1680a8fd16623aa2c155379eac4aafdb2a559","place":"keyboard_shortcut","class":"com.intellij.openapi.editor.actions.BackspaceAction","input_event":"Backspace"},"id":"EditorBackSpace"}}
{"recorder_version":"21","session":"9fc399056866","build":"192.6262.58","bucket":"189","time":1574814984961,"group":{"id":"lifecycle","version":"21"},"event":{"count":1,"data":{"restart":false,"created":1574814984962},"id":"ide.close"}}
{"recorder_version":"21","session":"9fc399056866","build":"192.6262.58","bucket":"189","time":1574814985193,"group":{"id":"lifecycle","version":"21"},"event":{"count":1,"data":{"created":1574814985194,"project":"92ddc83aceaa9edad1485397ccc1680a8fd16623aa2c155379eac4aafdb2a559"},"id":"project.closed"}}
