{"recorder_version":"21","session":"b479d3655c38","build":"192.6262.58","bucket":"189","time":1574787769179,"group":{"id":"settings","version":"4"},"event":{"state":true,"data":{"component":"NotRoamableUiSettings","created":1574787769324},"id":"invoked"}}
{"recorder_version":"21","session":"b479d3655c38","build":"192.6262.58","bucket":"189","time":1574787769182,"group":{"id":"system.java","version":"1"},"event":{"state":true,"data":{"created":1574787769326,"version":"1.11"},"id":"JetBrains"}}
{"recorder_version":"21","session":"b479d3655c38","build":"192.6262.58","bucket":"189","time":1574787769182,"group":{"id":"system.java","version":"1"},"event":{"state":true,"data":{"created":1574787769334},"id":"invoked"}}
{"recorder_version":"21","session":"b479d3655c38","build":"192.6262.58","bucket":"189","time":1574787769182,"group":{"id":"settings","version":"4"},"event":{"state":true,"data":{"component":"UISettings","created":1574787769335},"id":"invoked"}}
{"recorder_version":"21","session":"b479d3655c38","build":"192.6262.58","bucket":"189","time":1574787769205,"group":{"id":"system.os","version":"3"},"event":{"state":true,"data":{"created":1574787769336,"version":"10.14"},"id":"Mac"}}
{"recorder_version":"21","session":"b479d3655c38","build":"192.6262.58","bucket":"189","time":1574787769205,"group":{"id":"system.os","version":"3"},"event":{"state":true,"data":{"created":1574787769337,"name":"Mac","version":"10.14"},"id":"os.name"}}
{"recorder_version":"21","session":"b479d3655c38","build":"192.6262.58","bucket":"189","time":1574787769205,"group":{"id":"system.os","version":"3"},"event":{"state":true,"data":{"created":1574787769338,"value":"+09_00"},"id":"os.timezone"}}
{"recorder_version":"21","session":"b479d3655c38","build":"192.6262.58","bucket":"189","time":1574787769205,"group":{"id":"system.os","version":"3"},"event":{"state":true,"data":{"created":1574787769339},"id":"invoked"}}
{"recorder_version":"21","session":"b479d3655c38","build":"192.6262.58","bucket":"189","time":1574787769324,"group":{"id":"event.log","version":"21"},"event":{"count":1,"data":{"created":1574787769339,"version":"925.0"},"id":"whitelist.loaded"}}
{"recorder_version":"21","session":"b479d3655c38","build":"192.6262.58","bucket":"189","time":1574787771565,"group":{"id":"settings","version":"4"},"event":{"state":true,"data":{"component":"UpdatesConfigurable","created":1574787771565,"name":"checkNeeded","type":"bool","value":false},"id":"not.default"}}
{"recorder_version":"21","session":"b479d3655c38","build":"192.6262.58","bucket":"189","time":1574787771565,"group":{"id":"settings","version":"4"},"event":{"state":true,"data":{"component":"UpdatesConfigurable","created":1574787771566},"id":"invoked"}}
{"recorder_version":"21","session":"b479d3655c38","build":"192.6262.58","bucket":"189","time":1574787771714,"group":{"id":"settings","version":"4"},"event":{"state":true,"data":{"component":"GeneralSettings","created":1574787771714,"name":"confirmExit","type":"bool","value":false},"id":"not.default"}}
{"recorder_version":"21","session":"b479d3655c38","build":"192.6262.58","bucket":"189","time":1574787771714,"group":{"id":"settings","version":"4"},"event":{"state":true,"data":{"component":"GeneralSettings","created":1574787771715,"name":"showTipsOnStartup","type":"bool","value":false},"id":"not.default"}}
{"recorder_version":"21","session":"b479d3655c38","build":"192.6262.58","bucket":"189","time":1574787771714,"group":{"id":"settings","version":"4"},"event":{"state":true,"data":{"component":"GeneralSettings","created":1574787771716},"id":"invoked"}}
{"recorder_version":"21","session":"b479d3655c38","build":"192.6262.58","bucket":"189","time":1574787771724,"group":{"id":"lifecycle","version":"21"},"event":{"count":1,"data":{"internal":true,"eap":false,"created":1574787771724},"id":"ide.start"}}
{"recorder_version":"21","session":"b479d3655c38","build":"192.6262.58","bucket":"189","time":1574787772017,"group":{"id":"lifecycle","version":"21"},"event":{"count":1,"data":{"created":1574787772017},"id":"frame.activated"}}
{"recorder_version":"21","session":"b479d3655c38","build":"192.6262.58","bucket":"189","time":1574787772256,"group":{"id":"performance","version":"21"},"event":{"count":1,"data":{"duration_ms":1,"created":1574787772257},"id":"ui.latency"}}
{"recorder_version":"21","session":"b479d3655c38","build":"192.6262.58","bucket":"189","time":1574787772460,"group":{"id":"ui.dialogs","version":"21"},"event":{"count":1,"data":{"created":1574787772460,"plugin_type":"PLATFORM","type":"show"},"id":"com.intellij.openapi.progress.util.ProgressDialog$MyDialogWrapper"}}
{"recorder_version":"21","session":"b479d3655c38","build":"192.6262.58","bucket":"189","time":1574787773457,"group":{"id":"lifecycle","version":"21"},"event":{"count":1,"data":{"created":1574787773457,"project":"92ddc83aceaa9edad1485397ccc1680a8fd16623aa2c155379eac4aafdb2a559"},"id":"project.opened"}}
{"recorder_version":"21","session":"b479d3655c38","build":"192.6262.58","bucket":"189","time":1574787774971,"group":{"id":"settings","version":"4"},"event":{"state":true,"data":{"component":"XmlEditorOptions","created":1574787774971},"id":"invoked"}}
{"recorder_version":"21","session":"b479d3655c38","build":"192.6262.58","bucket":"189","time":1574787775191,"group":{"id":"toolwindow","version":"21"},"event":{"count":1,"data":{"os":"Mac","created":1574787775191,"plugin_type":"PLATFORM"},"id":"Project"}}
{"recorder_version":"21","session":"b479d3655c38","build":"192.6262.58","bucket":"189","time":1574787775521,"group":{"id":"performance","version":"21"},"event":{"count":1,"data":{"duration_ms":264,"created":1574787775521},"id":"ui.lagging"}}
{"recorder_version":"21","session":"b479d3655c38","build":"192.6262.58","bucket":"189","time":1574787777340,"group":{"id":"project.fs","version":"1"},"event":{"state":true,"data":{"os":"Mac","cs-project":false,"created":1574787777341,"project":"92ddc83aceaa9edad1485397ccc1680a8fd16623aa2c155379eac4aafdb2a559","cs-implicit":true,"cs-system":false},"id":"case-sensitivity"}}
{"recorder_version":"21","session":"b479d3655c38","build":"192.6262.58","bucket":"189","time":1574787777341,"group":{"id":"project.fs","version":"1"},"event":{"state":true,"data":{"created":1574787777341},"id":"invoked"}}
{"recorder_version":"21","session":"b479d3655c38","build":"192.6262.58","bucket":"189","time":1574787777341,"group":{"id":"project.fs","version":"1"},"event":{"state":true,"data":{"pct-non-watched":0,"created":1574787777341,"project":"92ddc83aceaa9edad1485397ccc1680a8fd16623aa2c155379eac4aafdb2a559"},"id":"roots-watched"}}
{"recorder_version":"21","session":"b479d3655c38","build":"192.6262.58","bucket":"189","time":1574787777341,"group":{"id":"project.fs","version":"1"},"event":{"state":true,"data":{"created":1574787777341},"id":"invoked"}}
{"recorder_version":"21","session":"b479d3655c38","build":"192.6262.58","bucket":"189","time":1574787777421,"group":{"id":"ui.dialogs","version":"21"},"event":{"count":1,"data":{"code":1,"created":1574787777422,"plugin_type":"PLATFORM","type":"close"},"id":"com.intellij.openapi.progress.util.ProgressDialog$MyDialogWrapper"}}
{"recorder_version":"21","session":"b479d3655c38","build":"192.6262.58","bucket":"189","time":1574787777586,"group":{"id":"lifecycle","version":"21"},"event":{"count":1,"data":{"duration_ms":5403,"created":1574787777586,"project":"92ddc83aceaa9edad1485397ccc1680a8fd16623aa2c155379eac4aafdb2a559"},"id":"project.opening.finished"}}
{"recorder_version":"21","session":"b479d3655c38","build":"192.6262.58","bucket":"189","time":1574787778550,"group":{"id":"file.types.usage","version":"21"},"event":{"count":1,"data":{"created":1574787778550,"plugin_type":"PLATFORM","project":"92ddc83aceaa9edad1485397ccc1680a8fd16623aa2c155379eac4aafdb2a559","type":"edit"},"id":"IDEA_MODULE"}}
{"recorder_version":"21","session":"b479d3655c38","build":"192.6262.58","bucket":"189","time":1574787779417,"group":{"id":"performance","version":"21"},"event":{"count":1,"data":{"duration_ms":157,"created":1574787779417},"id":"ui.lagging"}}
{"recorder_version":"21","session":"b479d3655c38","build":"192.6262.58","bucket":"189","time":1574787779857,"group":{"id":"kotlin.jps.target","version":"1"},"event":{"count":1,"data":{"plugin_version":"1.3.41-release-IJ2019.2-1","created":1574787779858},"id":"jvm"}}
{"recorder_version":"21","session":"b479d3655c38","build":"192.6262.58","bucket":"189","time":1574787780182,"group":{"id":"actions","version":"21"},"event":{"count":20,"data":{"context_menu":false,"last":1574787793678,"current_file":"TEXT","created":1574787780182,"plugin_type":"PLATFORM","project":"92ddc83aceaa9edad1485397ccc1680a8fd16623aa2c155379eac4aafdb2a559","place":"keyboard_shortcut","class":"com.intellij.openapi.editor.actions.BackspaceAction","input_event":"Backspace"},"id":"EditorBackSpace"}}
{"recorder_version":"21","session":"b479d3655c38","build":"192.6262.58","bucket":"189","time":1574787794732,"group":{"id":"actions","version":"21"},"event":{"count":4,"data":{"context_menu":false,"last":1574787798413,"current_file":"TEXT","created":1574787794733,"plugin_type":"PLATFORM","project":"92ddc83aceaa9edad1485397ccc1680a8fd16623aa2c155379eac4aafdb2a559","place":"keyboard_shortcut","class":"com.intellij.openapi.editor.actions.EnterAction","input_event":"Enter"},"id":"EditorEnter"}}
{"recorder_version":"21","session":"b479d3655c38","build":"192.6262.58","bucket":"189","time":1574787798789,"group":{"id":"actions","version":"21"},"event":{"count":5,"data":{"context_menu":false,"last":1574787800109,"current_file":"TEXT","created":1574787798789,"plugin_type":"PLATFORM","project":"92ddc83aceaa9edad1485397ccc1680a8fd16623aa2c155379eac4aafdb2a559","place":"keyboard_shortcut","class":"com.intellij.openapi.editor.actions.BackspaceAction","input_event":"Backspace"},"id":"EditorBackSpace"}}
{"recorder_version":"21","session":"b479d3655c38","build":"192.6262.58","bucket":"189","time":1574787805697,"group":{"id":"lifecycle","version":"21"},"event":{"count":1,"data":{"created":1574787805697,"project":"92ddc83aceaa9edad1485397ccc1680a8fd16623aa2c155379eac4aafdb2a559"},"id":"frame.deactivated"}}
{"recorder_version":"21","session":"b479d3655c38","build":"192.6262.58","bucket":"189","time":1574787812213,"group":{"id":"lifecycle","version":"21"},"event":{"count":1,"data":{"created":1574787812213,"project":"92ddc83aceaa9edad1485397ccc1680a8fd16623aa2c155379eac4aafdb2a559"},"id":"frame.activated"}}
{"recorder_version":"21","session":"b479d3655c38","build":"192.6262.58","bucket":"189","time":1574787816339,"group":{"id":"actions","version":"21"},"event":{"count":1,"data":{"context_menu":false,"current_file":"TEXT","created":1574787816339,"plugin_type":"PLATFORM","project":"92ddc83aceaa9edad1485397ccc1680a8fd16623aa2c155379eac4aafdb2a559","place":"keyboard_shortcut","class":"com.intellij.openapi.editor.actions.BackspaceAction","input_event":"Backspace"},"id":"EditorBackSpace"}}
{"recorder_version":"21","session":"b479d3655c38","build":"192.6262.58","bucket":"189","time":1574787832582,"group":{"id":"lifecycle","version":"21"},"event":{"count":1,"data":{"created":1574787832583,"project":"92ddc83aceaa9edad1485397ccc1680a8fd16623aa2c155379eac4aafdb2a559"},"id":"frame.deactivated"}}
{"recorder_version":"21","session":"b479d3655c38","build":"192.6262.58","bucket":"189","time":1574787872520,"group":{"id":"performance","version":"21"},"event":{"count":1,"data":{"duration_ms":0,"created":1574787872520},"id":"ui.latency"}}
{"recorder_version":"21","session":"b479d3655c38","build":"192.6262.58","bucket":"189","time":1574787972818,"group":{"id":"performance","version":"21"},"event":{"count":1,"data":{"duration_ms":0,"created":1574787972818},"id":"ui.latency"}}
{"recorder_version":"21","session":"b479d3655c38","build":"192.6262.58","bucket":"189","time":1574787985338,"group":{"id":"lifecycle","version":"21"},"event":{"count":1,"data":{"created":1574787985339,"project":"92ddc83aceaa9edad1485397ccc1680a8fd16623aa2c155379eac4aafdb2a559"},"id":"frame.activated"}}
{"recorder_version":"21","session":"b479d3655c38","build":"192.6262.58","bucket":"189","time":1574787985754,"group":{"id":"lifecycle","version":"21"},"event":{"count":1,"data":{"restart":false,"created":1574787985755},"id":"ide.close"}}
{"recorder_version":"21","session":"b479d3655c38","build":"192.6262.58","bucket":"189","time":1574787985903,"group":{"id":"lifecycle","version":"21"},"event":{"count":1,"data":{"created":1574787985903,"project":"92ddc83aceaa9edad1485397ccc1680a8fd16623aa2c155379eac4aafdb2a559"},"id":"project.closed"}}
