{"recorder_version":"21","session":"8ece7bd74ce7","build":"192.6262.58","bucket":"189","time":1574782494451,"group":{"id":"settings","version":"4"},"event":{"state":true,"data":{"component":"NotRoamableUiSettings","created":1574782494616},"id":"invoked"}}
{"recorder_version":"21","session":"8ece7bd74ce7","build":"192.6262.58","bucket":"189","time":1574782494453,"group":{"id":"system.java","version":"1"},"event":{"state":true,"data":{"created":1574782494618,"version":"1.11"},"id":"JetBrains"}}
{"recorder_version":"21","session":"8ece7bd74ce7","build":"192.6262.58","bucket":"189","time":1574782494453,"group":{"id":"settings","version":"4"},"event":{"state":true,"data":{"component":"UISettings","created":1574782494626},"id":"invoked"}}
{"recorder_version":"21","session":"8ece7bd74ce7","build":"192.6262.58","bucket":"189","time":1574782494453,"group":{"id":"system.java","version":"1"},"event":{"state":true,"data":{"created":1574782494627},"id":"invoked"}}
{"recorder_version":"21","session":"8ece7bd74ce7","build":"192.6262.58","bucket":"189","time":1574782494475,"group":{"id":"system.os","version":"3"},"event":{"state":true,"data":{"created":1574782494628,"version":"10.14"},"id":"Mac"}}
{"recorder_version":"21","session":"8ece7bd74ce7","build":"192.6262.58","bucket":"189","time":1574782494475,"group":{"id":"system.os","version":"3"},"event":{"state":true,"data":{"created":1574782494628,"name":"Mac","version":"10.14"},"id":"os.name"}}
{"recorder_version":"21","session":"8ece7bd74ce7","build":"192.6262.58","bucket":"189","time":1574782494475,"group":{"id":"system.os","version":"3"},"event":{"state":true,"data":{"created":1574782494630,"value":"+09_00"},"id":"os.timezone"}}
{"recorder_version":"21","session":"8ece7bd74ce7","build":"192.6262.58","bucket":"189","time":1574782494475,"group":{"id":"system.os","version":"3"},"event":{"state":true,"data":{"created":1574782494630},"id":"invoked"}}
{"recorder_version":"21","session":"8ece7bd74ce7","build":"192.6262.58","bucket":"189","time":1574782494616,"group":{"id":"event.log","version":"21"},"event":{"count":1,"data":{"created":1574782494631,"version":"925.0"},"id":"whitelist.loaded"}}
{"recorder_version":"21","session":"8ece7bd74ce7","build":"192.6262.58","bucket":"189","time":1574782496825,"group":{"id":"settings","version":"4"},"event":{"state":true,"data":{"component":"UpdatesConfigurable","created":1574782496825,"name":"checkNeeded","type":"bool","value":false},"id":"not.default"}}
{"recorder_version":"21","session":"8ece7bd74ce7","build":"192.6262.58","bucket":"189","time":1574782496825,"group":{"id":"settings","version":"4"},"event":{"state":true,"data":{"component":"UpdatesConfigurable","created":1574782496826},"id":"invoked"}}
{"recorder_version":"21","session":"8ece7bd74ce7","build":"192.6262.58","bucket":"189","time":1574782496938,"group":{"id":"settings","version":"4"},"event":{"state":true,"data":{"component":"GeneralSettings","created":1574782496939,"name":"confirmExit","type":"bool","value":false},"id":"not.default"}}
{"recorder_version":"21","session":"8ece7bd74ce7","build":"192.6262.58","bucket":"189","time":1574782496938,"group":{"id":"settings","version":"4"},"event":{"state":true,"data":{"component":"GeneralSettings","created":1574782496940,"name":"showTipsOnStartup","type":"bool","value":false},"id":"not.default"}}
{"recorder_version":"21","session":"8ece7bd74ce7","build":"192.6262.58","bucket":"189","time":1574782496939,"group":{"id":"settings","version":"4"},"event":{"state":true,"data":{"component":"GeneralSettings","created":1574782496943},"id":"invoked"}}
{"recorder_version":"21","session":"8ece7bd74ce7","build":"192.6262.58","bucket":"189","time":1574782496945,"group":{"id":"lifecycle","version":"21"},"event":{"count":1,"data":{"internal":true,"eap":false,"created":1574782496946},"id":"ide.start"}}
{"recorder_version":"21","session":"8ece7bd74ce7","build":"192.6262.58","bucket":"189","time":1574782497231,"group":{"id":"lifecycle","version":"21"},"event":{"count":1,"data":{"created":1574782497231},"id":"frame.activated"}}
{"recorder_version":"21","session":"8ece7bd74ce7","build":"192.6262.58","bucket":"189","time":1574782497490,"group":{"id":"performance","version":"21"},"event":{"count":1,"data":{"duration_ms":0,"created":1574782497490},"id":"ui.latency"}}
{"recorder_version":"21","session":"8ece7bd74ce7","build":"192.6262.58","bucket":"189","time":1574782497677,"group":{"id":"ui.dialogs","version":"21"},"event":{"count":1,"data":{"created":1574782497677,"plugin_type":"PLATFORM","type":"show"},"id":"com.intellij.openapi.progress.util.ProgressDialog$MyDialogWrapper"}}
{"recorder_version":"21","session":"8ece7bd74ce7","build":"192.6262.58","bucket":"189","time":1574782498611,"group":{"id":"lifecycle","version":"21"},"event":{"count":1,"data":{"created":1574782498611,"project":"92ddc83aceaa9edad1485397ccc1680a8fd16623aa2c155379eac4aafdb2a559"},"id":"project.opened"}}
{"recorder_version":"21","session":"8ece7bd74ce7","build":"192.6262.58","bucket":"189","time":1574782500114,"group":{"id":"settings","version":"4"},"event":{"state":true,"data":{"component":"XmlEditorOptions","created":1574782500114},"id":"invoked"}}
{"recorder_version":"21","session":"8ece7bd74ce7","build":"192.6262.58","bucket":"189","time":1574782500134,"group":{"id":"performance","version":"21"},"event":{"count":1,"data":{"duration_ms":643,"created":1574782500135},"id":"ui.lagging"}}
{"recorder_version":"21","session":"8ece7bd74ce7","build":"192.6262.58","bucket":"189","time":1574782500309,"group":{"id":"toolwindow","version":"21"},"event":{"count":1,"data":{"os":"Mac","created":1574782500309,"plugin_type":"PLATFORM"},"id":"Project"}}
{"recorder_version":"21","session":"8ece7bd74ce7","build":"192.6262.58","bucket":"189","time":1574782500668,"group":{"id":"performance","version":"21"},"event":{"count":1,"data":{"duration_ms":176,"created":1574782500668},"id":"ui.lagging"}}
{"recorder_version":"21","session":"8ece7bd74ce7","build":"192.6262.58","bucket":"189","time":1574782502042,"group":{"id":"kotlin.jps.target","version":"1"},"event":{"count":1,"data":{"plugin_version":"1.3.41-release-IJ2019.2-1","created":1574782502042},"id":"jvm"}}
{"recorder_version":"21","session":"8ece7bd74ce7","build":"192.6262.58","bucket":"189","time":1574782502396,"group":{"id":"project.fs","version":"1"},"event":{"state":true,"data":{"os":"Mac","cs-project":false,"created":1574782502396,"project":"92ddc83aceaa9edad1485397ccc1680a8fd16623aa2c155379eac4aafdb2a559","cs-implicit":true,"cs-system":false},"id":"case-sensitivity"}}
{"recorder_version":"21","session":"8ece7bd74ce7","build":"192.6262.58","bucket":"189","time":1574782502396,"group":{"id":"project.fs","version":"1"},"event":{"state":true,"data":{"created":1574782502396},"id":"invoked"}}
{"recorder_version":"21","session":"8ece7bd74ce7","build":"192.6262.58","bucket":"189","time":1574782502396,"group":{"id":"project.fs","version":"1"},"event":{"state":true,"data":{"pct-non-watched":0,"created":1574782502396,"project":"92ddc83aceaa9edad1485397ccc1680a8fd16623aa2c155379eac4aafdb2a559"},"id":"roots-watched"}}
{"recorder_version":"21","session":"8ece7bd74ce7","build":"192.6262.58","bucket":"189","time":1574782502396,"group":{"id":"project.fs","version":"1"},"event":{"state":true,"data":{"created":1574782502397},"id":"invoked"}}
{"recorder_version":"21","session":"8ece7bd74ce7","build":"192.6262.58","bucket":"189","time":1574782502555,"group":{"id":"ui.dialogs","version":"21"},"event":{"count":1,"data":{"code":1,"created":1574782502556,"plugin_type":"PLATFORM","type":"close"},"id":"com.intellij.openapi.progress.util.ProgressDialog$MyDialogWrapper"}}
{"recorder_version":"21","session":"8ece7bd74ce7","build":"192.6262.58","bucket":"189","time":1574782502763,"group":{"id":"lifecycle","version":"21"},"event":{"count":1,"data":{"duration_ms":5343,"created":1574782502763,"project":"92ddc83aceaa9edad1485397ccc1680a8fd16623aa2c155379eac4aafdb2a559"},"id":"project.opening.finished"}}
{"recorder_version":"21","session":"8ece7bd74ce7","build":"192.6262.58","bucket":"189","time":1574782504624,"group":{"id":"file.types.usage","version":"21"},"event":{"count":1,"data":{"created":1574782504625,"plugin_type":"PLATFORM","project":"92ddc83aceaa9edad1485397ccc1680a8fd16623aa2c155379eac4aafdb2a559","type":"edit"},"id":"IDEA_MODULE"}}
{"recorder_version":"21","session":"8ece7bd74ce7","build":"192.6262.58","bucket":"189","time":1574782506226,"group":{"id":"actions","version":"21"},"event":{"count":11,"data":{"context_menu":false,"last":1574782516405,"current_file":"TEXT","created":1574782506227,"plugin_type":"PLATFORM","project":"92ddc83aceaa9edad1485397ccc1680a8fd16623aa2c155379eac4aafdb2a559","place":"keyboard_shortcut","class":"com.intellij.openapi.editor.actions.EnterAction","input_event":"Enter"},"id":"EditorEnter"}}
{"recorder_version":"21","session":"8ece7bd74ce7","build":"192.6262.58","bucket":"189","time":1574782529012,"group":{"id":"lifecycle","version":"21"},"event":{"count":1,"data":{"created":1574782529012,"project":"92ddc83aceaa9edad1485397ccc1680a8fd16623aa2c155379eac4aafdb2a559"},"id":"frame.deactivated"}}
{"recorder_version":"21","session":"8ece7bd74ce7","build":"192.6262.58","bucket":"189","time":1574782538247,"group":{"id":"lifecycle","version":"21"},"event":{"count":1,"data":{"created":1574782538247,"project":"92ddc83aceaa9edad1485397ccc1680a8fd16623aa2c155379eac4aafdb2a559"},"id":"frame.activated"}}
{"recorder_version":"21","session":"8ece7bd74ce7","build":"192.6262.58","bucket":"189","time":1574782566875,"group":{"id":"file.types.usage","version":"21"},"event":{"count":1,"data":{"created":1574782566875,"plugin_type":"PLATFORM","project":"92ddc83aceaa9edad1485397ccc1680a8fd16623aa2c155379eac4aafdb2a559","type":"edit"},"id":"IDEA_MODULE"}}
{"recorder_version":"21","session":"8ece7bd74ce7","build":"192.6262.58","bucket":"189","time":1574782569030,"group":{"id":"actions","version":"21"},"event":{"count":1,"data":{"context_menu":false,"current_file":"TEXT","created":1574782569030,"plugin_type":"PLATFORM","project":"92ddc83aceaa9edad1485397ccc1680a8fd16623aa2c155379eac4aafdb2a559","place":"keyboard_shortcut","class":"com.intellij.openapi.editor.actions.BackspaceAction","input_event":"Backspace"},"id":"EditorBackSpace"}}
{"recorder_version":"21","session":"8ece7bd74ce7","build":"192.6262.58","bucket":"189","time":1574782583538,"group":{"id":"actions","version":"21"},"event":{"count":1,"data":{"context_menu":false,"current_file":"TEXT","created":1574782583538,"plugin_type":"PLATFORM","project":"92ddc83aceaa9edad1485397ccc1680a8fd16623aa2c155379eac4aafdb2a559","place":"keyboard_shortcut","class":"com.intellij.openapi.editor.actions.EnterAction","input_event":"Enter"},"id":"EditorEnter"}}
{"recorder_version":"21","session":"8ece7bd74ce7","build":"192.6262.58","bucket":"189","time":1574782593937,"group":{"id":"lifecycle","version":"21"},"event":{"count":1,"data":{"created":1574782593937,"project":"92ddc83aceaa9edad1485397ccc1680a8fd16623aa2c155379eac4aafdb2a559"},"id":"frame.deactivated"}}
{"recorder_version":"21","session":"8ece7bd74ce7","build":"192.6262.58","bucket":"189","time":1574782597793,"group":{"id":"performance","version":"21"},"event":{"count":1,"data":{"duration_ms":0,"created":1574782597793},"id":"ui.latency"}}
{"recorder_version":"21","session":"8ece7bd74ce7","build":"192.6262.58","bucket":"189","time":1574782686611,"group":{"id":"lifecycle","version":"21"},"event":{"count":1,"data":{"created":1574782686611,"project":"92ddc83aceaa9edad1485397ccc1680a8fd16623aa2c155379eac4aafdb2a559"},"id":"frame.activated"}}
{"recorder_version":"21","session":"8ece7bd74ce7","build":"192.6262.58","bucket":"189","time":1574782687187,"group":{"id":"lifecycle","version":"21"},"event":{"count":1,"data":{"restart":false,"created":1574782687188},"id":"ide.close"}}
{"recorder_version":"21","session":"8ece7bd74ce7","build":"192.6262.58","bucket":"189","time":1574782687270,"group":{"id":"lifecycle","version":"21"},"event":{"count":1,"data":{"created":1574782687270,"project":"92ddc83aceaa9edad1485397ccc1680a8fd16623aa2c155379eac4aafdb2a559"},"id":"project.closed"}}
