{"recorder_version":"21","session":"b142889a3789","build":"192.6262.58","bucket":"189","time":1575125992415,"group":{"id":"settings","version":"4"},"event":{"state":true,"data":{"component":"NotRoamableUiSettings","created":1575125992657},"id":"invoked"}}
{"recorder_version":"21","session":"b142889a3789","build":"192.6262.58","bucket":"189","time":1575125992421,"group":{"id":"system.java","version":"1"},"event":{"state":true,"data":{"created":1575125992661,"version":"1.11"},"id":"JetBrains"}}
{"recorder_version":"21","session":"b142889a3789","build":"192.6262.58","bucket":"189","time":1575125992422,"group":{"id":"system.java","version":"1"},"event":{"state":true,"data":{"created":1575125992679},"id":"invoked"}}
{"recorder_version":"21","session":"b142889a3789","build":"192.6262.58","bucket":"189","time":1575125992441,"group":{"id":"settings","version":"4"},"event":{"state":true,"data":{"component":"UISettings","created":1575125992680},"id":"invoked"}}
{"recorder_version":"21","session":"b142889a3789","build":"192.6262.58","bucket":"189","time":1575125992472,"group":{"id":"system.os","version":"3"},"event":{"state":true,"data":{"created":1575125992681,"version":"10.14"},"id":"Mac"}}
{"recorder_version":"21","session":"b142889a3789","build":"192.6262.58","bucket":"189","time":1575125992472,"group":{"id":"system.os","version":"3"},"event":{"state":true,"data":{"created":1575125992683,"name":"Mac","version":"10.14"},"id":"os.name"}}
{"recorder_version":"21","session":"b142889a3789","build":"192.6262.58","bucket":"189","time":1575125992472,"group":{"id":"system.os","version":"3"},"event":{"state":true,"data":{"created":1575125992685,"value":"+09_00"},"id":"os.timezone"}}
{"recorder_version":"21","session":"b142889a3789","build":"192.6262.58","bucket":"189","time":1575125992472,"group":{"id":"system.os","version":"3"},"event":{"state":true,"data":{"created":1575125992686},"id":"invoked"}}
{"recorder_version":"21","session":"b142889a3789","build":"192.6262.58","bucket":"189","time":1575125992656,"group":{"id":"event.log","version":"21"},"event":{"count":1,"data":{"created":1575125992687,"version":"746.0"},"id":"whitelist.loaded"}}
{"recorder_version":"21","session":"b142889a3789","build":"192.6262.58","bucket":"189","time":1575125995628,"group":{"id":"settings","version":"4"},"event":{"state":true,"data":{"component":"UpdatesConfigurable","created":1575125995628,"name":"checkNeeded","type":"bool","value":false},"id":"not.default"}}
{"recorder_version":"21","session":"b142889a3789","build":"192.6262.58","bucket":"189","time":1575125995628,"group":{"id":"settings","version":"4"},"event":{"state":true,"data":{"component":"UpdatesConfigurable","created":1575125995630},"id":"invoked"}}
{"recorder_version":"21","session":"b142889a3789","build":"192.6262.58","bucket":"189","time":1575125995785,"group":{"id":"settings","version":"4"},"event":{"state":true,"data":{"component":"GeneralSettings","created":1575125995786,"name":"confirmExit","type":"bool","value":false},"id":"not.default"}}
{"recorder_version":"21","session":"b142889a3789","build":"192.6262.58","bucket":"189","time":1575125995786,"group":{"id":"settings","version":"4"},"event":{"state":true,"data":{"component":"GeneralSettings","created":1575125995788,"name":"showTipsOnStartup","type":"bool","value":false},"id":"not.default"}}
{"recorder_version":"21","session":"b142889a3789","build":"192.6262.58","bucket":"189","time":1575125995786,"group":{"id":"settings","version":"4"},"event":{"state":true,"data":{"component":"GeneralSettings","created":1575125995790},"id":"invoked"}}
{"recorder_version":"21","session":"b142889a3789","build":"192.6262.58","bucket":"189","time":1575125995793,"group":{"id":"lifecycle","version":"21"},"event":{"count":1,"data":{"internal":true,"eap":false,"created":1575125995793},"id":"ide.start"}}
{"recorder_version":"21","session":"b142889a3789","build":"192.6262.58","bucket":"189","time":1575125996130,"group":{"id":"lifecycle","version":"21"},"event":{"count":1,"data":{"created":1575125996130},"id":"frame.activated"}}
{"recorder_version":"21","session":"b142889a3789","build":"192.6262.58","bucket":"189","time":1575125996221,"group":{"id":"performance","version":"21"},"event":{"count":1,"data":{"duration_ms":162,"created":1575125996222},"id":"ui.latency"}}
{"recorder_version":"21","session":"b142889a3789","build":"192.6262.58","bucket":"189","time":1575125996221,"group":{"id":"performance","version":"21"},"event":{"count":1,"data":{"duration_ms":162,"created":1575125996222},"id":"ui.lagging"}}
{"recorder_version":"21","session":"b142889a3789","build":"192.6262.58","bucket":"189","time":1575125996596,"group":{"id":"ui.dialogs","version":"21"},"event":{"count":1,"data":{"created":1575125996598,"plugin_type":"PLATFORM","type":"show"},"id":"com.intellij.openapi.progress.util.ProgressDialog$MyDialogWrapper"}}
{"recorder_version":"21","session":"b142889a3789","build":"192.6262.58","bucket":"189","time":1575125997797,"group":{"id":"lifecycle","version":"21"},"event":{"count":1,"data":{"created":1575125997797,"project":"4452600da3b350ab41d92ae108c2baae6ff0ac3ddb31bd67020ee046ec77ac09"},"id":"project.opened"}}
{"recorder_version":"21","session":"b142889a3789","build":"192.6262.58","bucket":"189","time":1575125998514,"group":{"id":"performance","version":"21"},"event":{"count":1,"data":{"duration_ms":454,"created":1575125998514},"id":"ui.lagging"}}
{"recorder_version":"21","session":"b142889a3789","build":"192.6262.58","bucket":"189","time":1575125999457,"group":{"id":"settings","version":"4"},"event":{"state":true,"data":{"component":"XmlEditorOptions","created":1575125999458},"id":"invoked"}}
{"recorder_version":"21","session":"b142889a3789","build":"192.6262.58","bucket":"189","time":1575125999493,"group":{"id":"performance","version":"21"},"event":{"count":1,"data":{"duration_ms":428,"created":1575125999493},"id":"ui.lagging"}}
{"recorder_version":"21","session":"b142889a3789","build":"192.6262.58","bucket":"189","time":1575125999839,"group":{"id":"toolwindow","version":"21"},"event":{"count":1,"data":{"os":"Mac","created":1575125999839,"plugin_type":"PLATFORM"},"id":"Project"}}
{"recorder_version":"21","session":"b142889a3789","build":"192.6262.58","bucket":"189","time":1575126000605,"group":{"id":"performance","version":"21"},"event":{"count":1,"data":{"duration_ms":536,"created":1575126000605},"id":"ui.lagging"}}
{"recorder_version":"21","session":"b142889a3789","build":"192.6262.58","bucket":"189","time":1575126001209,"group":{"id":"performance","version":"21"},"event":{"count":1,"data":{"duration_ms":139,"created":1575126001210},"id":"ui.lagging"}}
{"recorder_version":"21","session":"b142889a3789","build":"192.6262.58","bucket":"189","time":1575126002249,"group":{"id":"kotlin.jps.target","version":"1"},"event":{"count":2,"data":{"plugin_version":"1.3.41-release-IJ2019.2-1","last":1575126002249,"created":1575126002249},"id":"jvm"}}
{"recorder_version":"21","session":"b142889a3789","build":"192.6262.58","bucket":"189","time":1575126002331,"group":{"id":"project.fs","version":"1"},"event":{"state":true,"data":{"os":"Mac","cs-project":false,"created":1575126002331,"project":"4452600da3b350ab41d92ae108c2baae6ff0ac3ddb31bd67020ee046ec77ac09","cs-implicit":true,"cs-system":false},"id":"case-sensitivity"}}
{"recorder_version":"21","session":"b142889a3789","build":"192.6262.58","bucket":"189","time":1575126002331,"group":{"id":"project.fs","version":"1"},"event":{"state":true,"data":{"created":1575126002332},"id":"invoked"}}
{"recorder_version":"21","session":"b142889a3789","build":"192.6262.58","bucket":"189","time":1575126002332,"group":{"id":"project.fs","version":"1"},"event":{"state":true,"data":{"pct-non-watched":0,"created":1575126002332,"project":"4452600da3b350ab41d92ae108c2baae6ff0ac3ddb31bd67020ee046ec77ac09"},"id":"roots-watched"}}
{"recorder_version":"21","session":"b142889a3789","build":"192.6262.58","bucket":"189","time":1575126002332,"group":{"id":"project.fs","version":"1"},"event":{"state":true,"data":{"created":1575126002332},"id":"invoked"}}
{"recorder_version":"21","session":"b142889a3789","build":"192.6262.58","bucket":"189","time":1575126002464,"group":{"id":"ui.dialogs","version":"21"},"event":{"count":1,"data":{"code":1,"created":1575126002464,"plugin_type":"PLATFORM","type":"close"},"id":"com.intellij.openapi.progress.util.ProgressDialog$MyDialogWrapper"}}
{"recorder_version":"21","session":"b142889a3789","build":"192.6262.58","bucket":"189","time":1575126002589,"group":{"id":"lifecycle","version":"21"},"event":{"count":1,"data":{"duration_ms":6264,"created":1575126002589,"project":"4452600da3b350ab41d92ae108c2baae6ff0ac3ddb31bd67020ee046ec77ac09"},"id":"project.opening.finished"}}
{"recorder_version":"21","session":"b142889a3789","build":"192.6262.58","bucket":"189","time":1575126003233,"group":{"id":"performance","version":"21"},"event":{"count":1,"data":{"duration_ms":162,"created":1575126003233},"id":"ui.lagging"}}
{"recorder_version":"21","session":"b142889a3789","build":"192.6262.58","bucket":"189","time":1575126004011,"group":{"id":"vcs.change.reminder","version":"1"},"event":{"count":1,"data":{"created":1575126004011,"project":"4452600da3b350ab41d92ae108c2baae6ff0ac3ddb31bd67020ee046ec77ac09","execution_time":199},"id":"prediction.calculated"}}
{"recorder_version":"21","session":"b142889a3789","build":"192.6262.58","bucket":"189","time":1575126004053,"group":{"id":"vcs.change.reminder","version":"1"},"event":{"count":1,"data":{"created":1575126004053,"project":"4452600da3b350ab41d92ae108c2baae6ff0ac3ddb31bd67020ee046ec77ac09","execution_time":42},"id":"prediction.calculated"}}
{"recorder_version":"21","session":"b142889a3789","build":"192.6262.58","bucket":"189","time":1575126016802,"group":{"id":"file.types.usage","version":"21"},"event":{"count":1,"data":{"plugin":"com.intellij.java","created":1575126016802,"plugin_type":"JB_BUNDLED","project":"4452600da3b350ab41d92ae108c2baae6ff0ac3ddb31bd67020ee046ec77ac09","type":"edit"},"id":"JAVA"}}
{"recorder_version":"21","session":"b142889a3789","build":"192.6262.58","bucket":"189","time":1575126047825,"group":{"id":"ui.dialogs","version":"21"},"event":{"count":1,"data":{"created":1575126047825,"plugin_type":"PLATFORM","type":"show"},"id":"com.intellij.openapi.progress.util.ProgressDialog$MyDialogWrapper"}}
{"recorder_version":"21","session":"b142889a3789","build":"192.6262.58","bucket":"189","time":1575126048040,"group":{"id":"lifecycle","version":"21"},"event":{"count":1,"data":{"created":1575126048040,"project":"4452600da3b350ab41d92ae108c2baae6ff0ac3ddb31bd67020ee046ec77ac09"},"id":"project.closed"}}
{"recorder_version":"21","session":"b142889a3789","build":"192.6262.58","bucket":"189","time":1575126048123,"group":{"id":"ui.dialogs","version":"21"},"event":{"count":1,"data":{"code":1,"created":1575126048123,"plugin_type":"PLATFORM","type":"close"},"id":"com.intellij.openapi.progress.util.ProgressDialog$MyDialogWrapper"}}
{"recorder_version":"21","session":"b142889a3789","build":"192.6262.58","bucket":"189","time":1575126048335,"group":{"id":"performance","version":"21"},"event":{"count":1,"data":{"duration_ms":150,"created":1575126048335},"id":"ui.lagging"}}
{"recorder_version":"21","session":"b142889a3789","build":"192.6262.58","bucket":"189","time":1575126096333,"group":{"id":"performance","version":"21"},"event":{"count":1,"data":{"duration_ms":0,"created":1575126096333},"id":"ui.latency"}}
{"recorder_version":"21","session":"b142889a3789","build":"192.6262.58","bucket":"189","time":1575126176269,"group":{"id":"event.log","version":"21"},"event":{"count":1,"data":{"created":1575126176270,"version":"942.0"},"id":"whitelist.updated"}}
{"recorder_version":"21","session":"b142889a3789","build":"192.6262.58","bucket":"189","time":1575126196636,"group":{"id":"performance","version":"21"},"event":{"count":1,"data":{"duration_ms":0,"created":1575126196637},"id":"ui.latency"}}
{"recorder_version":"21","session":"b142889a3789","build":"192.6262.58","bucket":"189","time":1575126251524,"group":{"id":"lifecycle","version":"21"},"event":{"count":1,"data":{"restart":false,"created":1575126251524},"id":"ide.close"}}
