{"recorder_version":"21","session":"5045ab4c2362","build":"192.6262.58","bucket":"189","time":1575126261202,"group":{"id":"settings","version":"4"},"event":{"state":true,"data":{"component":"NotRoamableUiSettings","created":1575126261394},"id":"invoked"}}
{"recorder_version":"21","session":"5045ab4c2362","build":"192.6262.58","bucket":"189","time":1575126261204,"group":{"id":"settings","version":"4"},"event":{"state":true,"data":{"component":"UISettings","created":1575126261398},"id":"invoked"}}
{"recorder_version":"21","session":"5045ab4c2362","build":"192.6262.58","bucket":"189","time":1575126261205,"group":{"id":"system.java","version":"1"},"event":{"state":true,"data":{"created":1575126261421,"version":"1.11"},"id":"JetBrains"}}
{"recorder_version":"21","session":"5045ab4c2362","build":"192.6262.58","bucket":"189","time":1575126261205,"group":{"id":"system.java","version":"1"},"event":{"state":true,"data":{"created":1575126261422},"id":"invoked"}}
{"recorder_version":"21","session":"5045ab4c2362","build":"192.6262.58","bucket":"189","time":1575126261229,"group":{"id":"system.os","version":"3"},"event":{"state":true,"data":{"created":1575126261423,"version":"10.14"},"id":"Mac"}}
{"recorder_version":"21","session":"5045ab4c2362","build":"192.6262.58","bucket":"189","time":1575126261229,"group":{"id":"system.os","version":"3"},"event":{"state":true,"data":{"created":1575126261424,"name":"Mac","version":"10.14"},"id":"os.name"}}
{"recorder_version":"21","session":"5045ab4c2362","build":"192.6262.58","bucket":"189","time":1575126261229,"group":{"id":"system.os","version":"3"},"event":{"state":true,"data":{"created":1575126261428,"value":"+09_00"},"id":"os.timezone"}}
{"recorder_version":"21","session":"5045ab4c2362","build":"192.6262.58","bucket":"189","time":1575126261229,"group":{"id":"system.os","version":"3"},"event":{"state":true,"data":{"created":1575126261429},"id":"invoked"}}
{"recorder_version":"21","session":"5045ab4c2362","build":"192.6262.58","bucket":"189","time":1575126261394,"group":{"id":"event.log","version":"21"},"event":{"count":1,"data":{"created":1575126261430,"version":"942.0"},"id":"whitelist.loaded"}}
{"recorder_version":"21","session":"5045ab4c2362","build":"192.6262.58","bucket":"189","time":1575126263867,"group":{"id":"settings","version":"4"},"event":{"state":true,"data":{"component":"UpdatesConfigurable","created":1575126263868,"name":"checkNeeded","type":"bool","value":false},"id":"not.default"}}
{"recorder_version":"21","session":"5045ab4c2362","build":"192.6262.58","bucket":"189","time":1575126263867,"group":{"id":"settings","version":"4"},"event":{"state":true,"data":{"component":"UpdatesConfigurable","created":1575126263869},"id":"invoked"}}
{"recorder_version":"21","session":"5045ab4c2362","build":"192.6262.58","bucket":"189","time":1575126264593,"group":{"id":"lifecycle","version":"21"},"event":{"count":1,"data":{"internal":true,"eap":false,"created":1575126264593},"id":"ide.start"}}
{"recorder_version":"21","session":"5045ab4c2362","build":"192.6262.58","bucket":"189","time":1575126264598,"group":{"id":"settings","version":"4"},"event":{"state":true,"data":{"component":"GeneralSettings","created":1575126264598,"name":"confirmExit","type":"bool","value":false},"id":"not.default"}}
{"recorder_version":"21","session":"5045ab4c2362","build":"192.6262.58","bucket":"189","time":1575126264598,"group":{"id":"settings","version":"4"},"event":{"state":true,"data":{"component":"GeneralSettings","created":1575126264599,"name":"showTipsOnStartup","type":"bool","value":false},"id":"not.default"}}
{"recorder_version":"21","session":"5045ab4c2362","build":"192.6262.58","bucket":"189","time":1575126264598,"group":{"id":"settings","version":"4"},"event":{"state":true,"data":{"component":"GeneralSettings","created":1575126264600},"id":"invoked"}}
{"recorder_version":"21","session":"5045ab4c2362","build":"192.6262.58","bucket":"189","time":1575126264643,"group":{"id":"performance","version":"21"},"event":{"count":1,"data":{"duration_ms":417,"created":1575126264645},"id":"ui.latency"}}
{"recorder_version":"21","session":"5045ab4c2362","build":"192.6262.58","bucket":"189","time":1575126264644,"group":{"id":"performance","version":"21"},"event":{"count":1,"data":{"duration_ms":417,"created":1575126264645},"id":"ui.lagging"}}
{"recorder_version":"21","session":"5045ab4c2362","build":"192.6262.58","bucket":"189","time":1575126265301,"group":{"id":"settings","version":"4"},"event":{"state":true,"data":{"component":"XmlEditorOptions","created":1575126265301},"id":"invoked"}}
{"recorder_version":"21","session":"5045ab4c2362","build":"192.6262.58","bucket":"189","time":1575126266938,"group":{"id":"ui.dialogs","version":"21"},"event":{"count":1,"data":{"created":1575126266941,"plugin_type":"PLATFORM","type":"show"},"id":"com.intellij.openapi.progress.util.ProgressDialog$MyDialogWrapper"}}
{"recorder_version":"21","session":"5045ab4c2362","build":"192.6262.58","bucket":"189","time":1575126268301,"group":{"id":"lifecycle","version":"21"},"event":{"count":1,"data":{"created":1575126268302,"project":"4452600da3b350ab41d92ae108c2baae6ff0ac3ddb31bd67020ee046ec77ac09"},"id":"project.opened"}}
{"recorder_version":"21","session":"5045ab4c2362","build":"192.6262.58","bucket":"189","time":1575126270407,"group":{"id":"performance","version":"21"},"event":{"count":1,"data":{"duration_ms":172,"created":1575126270407},"id":"ui.lagging"}}
{"recorder_version":"21","session":"5045ab4c2362","build":"192.6262.58","bucket":"189","time":1575126270792,"group":{"id":"toolwindow","version":"21"},"event":{"count":1,"data":{"os":"Mac","created":1575126270792,"plugin_type":"PLATFORM"},"id":"Project"}}
{"recorder_version":"21","session":"5045ab4c2362","build":"192.6262.58","bucket":"189","time":1575126271631,"group":{"id":"performance","version":"21"},"event":{"count":1,"data":{"duration_ms":390,"created":1575126271631},"id":"ui.lagging"}}
{"recorder_version":"21","session":"5045ab4c2362","build":"192.6262.58","bucket":"189","time":1575126272354,"group":{"id":"performance","version":"21"},"event":{"count":1,"data":{"duration_ms":111,"created":1575126272354},"id":"ui.lagging"}}
{"recorder_version":"21","session":"5045ab4c2362","build":"192.6262.58","bucket":"189","time":1575126273326,"group":{"id":"kotlin.jps.target","version":"1"},"event":{"count":2,"data":{"plugin_version":"validation.undefined_rule","last":1575126273326,"created":1575126273326},"id":"validation.undefined_rule"}}
{"recorder_version":"21","session":"5045ab4c2362","build":"192.6262.58","bucket":"189","time":1575126273483,"group":{"id":"project.fs","version":"1"},"event":{"state":true,"data":{"os":"Mac","cs-project":false,"created":1575126273484,"project":"4452600da3b350ab41d92ae108c2baae6ff0ac3ddb31bd67020ee046ec77ac09","cs-implicit":true,"cs-system":false},"id":"case-sensitivity"}}
{"recorder_version":"21","session":"5045ab4c2362","build":"192.6262.58","bucket":"189","time":1575126273483,"group":{"id":"project.fs","version":"1"},"event":{"state":true,"data":{"created":1575126273484},"id":"invoked"}}
{"recorder_version":"21","session":"5045ab4c2362","build":"192.6262.58","bucket":"189","time":1575126273485,"group":{"id":"project.fs","version":"1"},"event":{"state":true,"data":{"pct-non-watched":0,"created":1575126273485,"project":"4452600da3b350ab41d92ae108c2baae6ff0ac3ddb31bd67020ee046ec77ac09"},"id":"roots-watched"}}
{"recorder_version":"21","session":"5045ab4c2362","build":"192.6262.58","bucket":"189","time":1575126273485,"group":{"id":"project.fs","version":"1"},"event":{"state":true,"data":{"created":1575126273485},"id":"invoked"}}
{"recorder_version":"21","session":"5045ab4c2362","build":"192.6262.58","bucket":"189","time":1575126273695,"group":{"id":"ui.dialogs","version":"21"},"event":{"count":1,"data":{"code":1,"created":1575126273695,"plugin_type":"PLATFORM","type":"close"},"id":"com.intellij.openapi.progress.util.ProgressDialog$MyDialogWrapper"}}
{"recorder_version":"21","session":"5045ab4c2362","build":"192.6262.58","bucket":"189","time":1575126273799,"group":{"id":"lifecycle","version":"21"},"event":{"count":1,"data":{"duration_ms":7128,"created":1575126273799,"project":"4452600da3b350ab41d92ae108c2baae6ff0ac3ddb31bd67020ee046ec77ac09"},"id":"project.opening.finished"}}
{"recorder_version":"21","session":"5045ab4c2362","build":"192.6262.58","bucket":"189","time":1575126274966,"group":{"id":"vcs.change.reminder","version":"1"},"event":{"count":1,"data":{"created":1575126274966,"project":"4452600da3b350ab41d92ae108c2baae6ff0ac3ddb31bd67020ee046ec77ac09","execution_time":315},"id":"prediction.calculated"}}
{"recorder_version":"21","session":"5045ab4c2362","build":"192.6262.58","bucket":"189","time":1575126277675,"group":{"id":"file.types.usage","version":"21"},"event":{"count":1,"data":{"plugin":"com.intellij.java","created":1575126277675,"plugin_type":"JB_BUNDLED","project":"4452600da3b350ab41d92ae108c2baae6ff0ac3ddb31bd67020ee046ec77ac09","type":"edit"},"id":"JAVA"}}
{"recorder_version":"21","session":"5045ab4c2362","build":"192.6262.58","bucket":"189","time":1575126279560,"group":{"id":"lifecycle","version":"21"},"event":{"count":1,"data":{"created":1575126279561,"plugin_type":"NOT_LISTED","error":"java.lang.NullPointerException"},"id":"ide.error"}}
{"recorder_version":"21","session":"5045ab4c2362","build":"192.6262.58","bucket":"189","time":1575126296581,"group":{"id":"lifecycle","version":"21"},"event":{"count":1,"data":{"created":1575126296581,"project":"4452600da3b350ab41d92ae108c2baae6ff0ac3ddb31bd67020ee046ec77ac09"},"id":"frame.deactivated"}}
{"recorder_version":"21","session":"5045ab4c2362","build":"192.6262.58","bucket":"189","time":1575126365511,"group":{"id":"performance","version":"21"},"event":{"count":1,"data":{"duration_ms":0,"created":1575126365511},"id":"ui.latency"}}
{"recorder_version":"21","session":"5045ab4c2362","build":"192.6262.58","bucket":"189","time":1575126465818,"group":{"id":"performance","version":"21"},"event":{"count":1,"data":{"duration_ms":1,"created":1575126465818},"id":"ui.latency"}}
{"recorder_version":"21","session":"5045ab4c2362","build":"192.6262.58","bucket":"189","time":1575126564584,"group":{"id":"build.tools.actions","version":"1"},"event":{"count":1,"data":{"created":1575126564584},"id":"registered"}}
{"recorder_version":"21","session":"5045ab4c2362","build":"192.6262.58","bucket":"189","time":1575126564584,"group":{"id":"file.types.usage","version":"21"},"event":{"count":1,"data":{"created":1575126564585},"id":"registered"}}
{"recorder_version":"21","session":"5045ab4c2362","build":"192.6262.58","bucket":"189","time":1575126564584,"group":{"id":"ide.script.engine","version":"1"},"event":{"count":1,"data":{"created":1575126564585},"id":"registered"}}
{"recorder_version":"21","session":"5045ab4c2362","build":"192.6262.58","bucket":"189","time":1575126564584,"group":{"id":"actions.runAnything","version":"1"},"event":{"count":1,"data":{"created":1575126564586},"id":"registered"}}
{"recorder_version":"21","session":"5045ab4c2362","build":"192.6262.58","bucket":"189","time":1575126564584,"group":{"id":"toolwindow","version":"21"},"event":{"count":1,"data":{"created":1575126564586},"id":"registered"}}
{"recorder_version":"21","session":"5045ab4c2362","build":"192.6262.58","bucket":"189","time":1575126564584,"group":{"id":"kotlin.ide.newFileTempl","version":"1"},"event":{"count":1,"data":{"created":1575126564587},"id":"registered"}}
{"recorder_version":"21","session":"5045ab4c2362","build":"192.6262.58","bucket":"189","time":1575126564584,"group":{"id":"live.templates","version":"21"},"event":{"count":1,"data":{"created":1575126564587},"id":"registered"}}
{"recorder_version":"21","session":"5045ab4c2362","build":"192.6262.58","bucket":"189","time":1575126564584,"group":{"id":"ide.self.update","version":"2"},"event":{"count":1,"data":{"created":1575126564587},"id":"registered"}}
{"recorder_version":"21","session":"5045ab4c2362","build":"192.6262.58","bucket":"189","time":1575126564584,"group":{"id":"ui.settings","version":"21"},"event":{"count":1,"data":{"created":1575126564588},"id":"registered"}}
{"recorder_version":"21","session":"5045ab4c2362","build":"192.6262.58","bucket":"189","time":1575126564584,"group":{"id":"lifecycle","version":"21"},"event":{"count":1,"data":{"created":1575126564588},"id":"registered"}}
{"recorder_version":"21","session":"5045ab4c2362","build":"192.6262.58","bucket":"189","time":1575126564584,"group":{"id":"vcs.diff.trigger","version":"1"},"event":{"count":1,"data":{"created":1575126564588},"id":"registered"}}
{"recorder_version":"21","session":"5045ab4c2362","build":"192.6262.58","bucket":"189","time":1575126564584,"group":{"id":"vcs.log.trigger","version":"2"},"event":{"count":1,"data":{"created":1575126564589},"id":"registered"}}
{"recorder_version":"21","session":"5045ab4c2362","build":"192.6262.58","bucket":"189","time":1575126564584,"group":{"id":"productivity","version":"21"},"event":{"count":1,"data":{"created":1575126564589},"id":"registered"}}
{"recorder_version":"21","session":"5045ab4c2362","build":"192.6262.58","bucket":"189","time":1575126564584,"group":{"id":"debugger.breakpoints.usage","version":"2"},"event":{"count":1,"data":{"created":1575126564589},"id":"registered"}}
{"recorder_version":"21","session":"5045ab4c2362","build":"192.6262.58","bucket":"189","time":1575126564584,"group":{"id":"kotlin.gradle.library","version":"1"},"event":{"count":1,"data":{"created":1575126564589},"id":"registered"}}
{"recorder_version":"21","session":"5045ab4c2362","build":"192.6262.58","bucket":"189","time":1575126564584,"group":{"id":"find","version":"1"},"event":{"count":1,"data":{"created":1575126564589},"id":"registered"}}
{"recorder_version":"21","session":"5045ab4c2362","build":"192.6262.58","bucket":"189","time":1575126564584,"group":{"id":"kotlin.gradle.target","version":"1"},"event":{"count":1,"data":{"created":1575126564590},"id":"registered"}}
{"recorder_version":"21","session":"5045ab4c2362","build":"192.6262.58","bucket":"189","time":1575126564584,"group":{"id":"gutter.icon.click","version":"1"},"event":{"count":1,"data":{"created":1575126564590},"id":"registered"}}
{"recorder_version":"21","session":"5045ab4c2362","build":"192.6262.58","bucket":"189","time":1575126564584,"group":{"id":"shell.script","version":"1"},"event":{"count":1,"data":{"created":1575126564590},"id":"registered"}}
{"recorder_version":"21","session":"5045ab4c2362","build":"192.6262.58","bucket":"189","time":1575126564584,"group":{"id":"kotlin.ide.debugger.eval","version":"1"},"event":{"count":1,"data":{"created":1575126564590},"id":"registered"}}
{"recorder_version":"21","session":"5045ab4c2362","build":"192.6262.58","bucket":"189","time":1575126564584,"group":{"id":"build.maven.actions","version":"1"},"event":{"count":1,"data":{"created":1575126564590},"id":"registered"}}
{"recorder_version":"21","session":"5045ab4c2362","build":"192.6262.58","bucket":"189","time":1575126564584,"group":{"id":"ui.event","version":"1"},"event":{"count":1,"data":{"created":1575126564590},"id":"registered"}}
{"recorder_version":"21","session":"5045ab4c2362","build":"192.6262.58","bucket":"189","time":1575126564584,"group":{"id":"new.project.wizard","version":"1"},"event":{"count":1,"data":{"created":1575126564591},"id":"registered"}}
{"recorder_version":"21","session":"5045ab4c2362","build":"192.6262.58","bucket":"189","time":1575126564584,"group":{"id":"kotlin.ide.npwizards","version":"1"},"event":{"count":1,"data":{"created":1575126564591},"id":"registered"}}
{"recorder_version":"21","session":"5045ab4c2362","build":"192.6262.58","bucket":"189","time":1575126564584,"group":{"id":"intentions","version":"21"},"event":{"count":1,"data":{"created":1575126564591},"id":"registered"}}
{"recorder_version":"21","session":"5045ab4c2362","build":"192.6262.58","bucket":"189","time":1575126564584,"group":{"id":"ui.dialogs","version":"21"},"event":{"count":1,"data":{"created":1575126564591},"id":"registered"}}
{"recorder_version":"21","session":"5045ab4c2362","build":"192.6262.58","bucket":"189","time":1575126564584,"group":{"id":"vcs.back.forward.trigger","version":"1"},"event":{"count":1,"data":{"created":1575126564591},"id":"registered"}}
{"recorder_version":"21","session":"5045ab4c2362","build":"192.6262.58","bucket":"189","time":1575126564584,"group":{"id":"vcs.change.reminder","version":"1"},"event":{"count":1,"data":{"created":1575126564591},"id":"registered"}}
{"recorder_version":"21","session":"5045ab4c2362","build":"192.6262.58","bucket":"189","time":1575126564584,"group":{"id":"toolbar","version":"21"},"event":{"count":1,"data":{"created":1575126564592},"id":"registered"}}
{"recorder_version":"21","session":"5045ab4c2362","build":"192.6262.58","bucket":"189","time":1575126564584,"group":{"id":"build.gradle.actions","version":"1"},"event":{"count":1,"data":{"created":1575126564592},"id":"registered"}}
{"recorder_version":"21","session":"5045ab4c2362","build":"192.6262.58","bucket":"189","time":1575126564584,"group":{"id":"kotlin.maven.target","version":"1"},"event":{"count":1,"data":{"created":1575126564592},"id":"registered"}}
{"recorder_version":"21","session":"5045ab4c2362","build":"192.6262.58","bucket":"189","time":1575126564584,"group":{"id":"performance","version":"21"},"event":{"count":1,"data":{"created":1575126564592},"id":"registered"}}
{"recorder_version":"21","session":"5045ab4c2362","build":"192.6262.58","bucket":"189","time":1575126564584,"group":{"id":"searchEverywhere","version":"1"},"event":{"count":1,"data":{"created":1575126564592},"id":"registered"}}
{"recorder_version":"21","session":"5045ab4c2362","build":"192.6262.58","bucket":"189","time":1575126564584,"group":{"id":"kotlin.ide.action.refactoring","version":"1"},"event":{"count":1,"data":{"created":1575126564592},"id":"registered"}}
{"recorder_version":"21","session":"5045ab4c2362","build":"192.6262.58","bucket":"189","time":1575126564584,"group":{"id":"ui.tips","version":"2"},"event":{"count":1,"data":{"created":1575126564592},"id":"registered"}}
{"recorder_version":"21","session":"5045ab4c2362","build":"192.6262.58","bucket":"189","time":1575126564584,"group":{"id":"surround.with","version":"1"},"event":{"count":1,"data":{"created":1575126564593},"id":"registered"}}
{"recorder_version":"21","session":"5045ab4c2362","build":"192.6262.58","bucket":"189","time":1575126564584,"group":{"id":"import.old.config","version":"1"},"event":{"count":1,"data":{"created":1575126564593},"id":"registered"}}
{"recorder_version":"21","session":"5045ab4c2362","build":"192.6262.58","bucket":"189","time":1575126564584,"group":{"id":"json.schema","version":"1"},"event":{"count":1,"data":{"created":1575126564593},"id":"registered"}}
{"recorder_version":"21","session":"5045ab4c2362","build":"192.6262.58","bucket":"189","time":1575126564584,"group":{"id":"kotlin.jps.target","version":"1"},"event":{"count":1,"data":{"created":1575126564593},"id":"registered"}}
{"recorder_version":"21","session":"5045ab4c2362","build":"192.6262.58","bucket":"189","time":1575126564584,"group":{"id":"terminalShell","version":"1"},"event":{"count":1,"data":{"created":1575126564593},"id":"registered"}}
{"recorder_version":"21","session":"5045ab4c2362","build":"192.6262.58","bucket":"189","time":1575126564584,"group":{"id":"completion.postfix","version":"21"},"event":{"count":1,"data":{"created":1575126564594},"id":"registered"}}
{"recorder_version":"21","session":"5045ab4c2362","build":"192.6262.58","bucket":"189","time":1575126564584,"group":{"id":"build.ant.actions","version":"1"},"event":{"count":1,"data":{"created":1575126564594},"id":"registered"}}
{"recorder_version":"21","session":"5045ab4c2362","build":"192.6262.58","bucket":"189","time":1575126564584,"group":{"id":"actions","version":"21"},"event":{"count":1,"data":{"created":1575126564594},"id":"registered"}}
{"recorder_version":"21","session":"5045ab4c2362","build":"192.6262.58","bucket":"189","time":1575126564584,"group":{"id":"event.log","version":"21"},"event":{"count":1,"data":{"created":1575126564594},"id":"registered"}}
{"recorder_version":"21","session":"5045ab4c2362","build":"192.6262.58","bucket":"189","time":1575126564584,"group":{"id":"run.configuration.exec","version":"21"},"event":{"count":1,"data":{"created":1575126564594},"id":"registered"}}
{"recorder_version":"21","session":"5045ab4c2362","build":"192.6262.58","bucket":"189","time":1575126564584,"group":{"id":"build.maven.packagesearch","version":"2"},"event":{"count":1,"data":{"created":1575126564594},"id":"registered"}}
{"recorder_version":"21","session":"5045ab4c2362","build":"192.6262.58","bucket":"189","time":1575126566085,"group":{"id":"performance","version":"21"},"event":{"count":1,"data":{"duration_ms":0,"created":1575126566085},"id":"ui.latency"}}
{"recorder_version":"21","session":"5045ab4c2362","build":"192.6262.58","bucket":"189","time":1575126666374,"group":{"id":"performance","version":"21"},"event":{"count":1,"data":{"duration_ms":0,"created":1575126666374},"id":"ui.latency"}}
{"recorder_version":"21","session":"5045ab4c2362","build":"192.6262.58","bucket":"189","time":1575126766684,"group":{"id":"performance","version":"21"},"event":{"count":1,"data":{"duration_ms":1,"created":1575126766684},"id":"ui.latency"}}
{"recorder_version":"21","session":"5045ab4c2362","build":"192.6262.58","bucket":"189","time":1575126866956,"group":{"id":"performance","version":"21"},"event":{"count":1,"data":{"duration_ms":1,"created":1575126866956},"id":"ui.latency"}}
{"recorder_version":"21","session":"5045ab4c2362","build":"192.6262.58","bucket":"189","time":1575126967248,"group":{"id":"performance","version":"21"},"event":{"count":1,"data":{"duration_ms":0,"created":1575126967248},"id":"ui.latency"}}
{"recorder_version":"21","session":"5045ab4c2362","build":"192.6262.58","bucket":"189","time":1575127067544,"group":{"id":"performance","version":"21"},"event":{"count":1,"data":{"duration_ms":0,"created":1575127067544},"id":"ui.latency"}}
{"recorder_version":"21","session":"5045ab4c2362","build":"192.6262.58","bucket":"189","time":1575127164008,"group":{"id":"ui.look.and.feel","version":"1"},"event":{"state":true,"data":{"os":"Mac","created":1575127164008},"id":"Light"}}
{"recorder_version":"21","session":"5045ab4c2362","build":"192.6262.58","bucket":"189","time":1575127164008,"group":{"id":"ui.look.and.feel","version":"1"},"event":{"state":true,"data":{"created":1575127164009},"id":"invoked"}}
{"recorder_version":"21","session":"5045ab4c2362","build":"192.6262.58","bucket":"189","time":1575127164008,"group":{"id":"ui.fonts","version":"1"},"event":{"state":true,"data":{"os":"Mac","created":1575127164009,"value":1.2},"id":"editor.lineSpacing"}}
{"recorder_version":"21","session":"5045ab4c2362","build":"192.6262.58","bucket":"189","time":1575127164008,"group":{"id":"ui.fonts","version":"1"},"event":{"state":true,"data":{"os":"Mac","created":1575127164009},"id":"IDE.editor.font.size[12]"}}
{"recorder_version":"21","session":"5045ab4c2362","build":"192.6262.58","bucket":"189","time":1575127164008,"group":{"id":"ui.fonts","version":"1"},"event":{"state":true,"data":{"os":"Mac","created":1575127164009},"id":"UI.font.size[13]"}}
{"recorder_version":"21","session":"5045ab4c2362","build":"192.6262.58","bucket":"189","time":1575127164008,"group":{"id":"ui.fonts","version":"1"},"event":{"state":true,"data":{"os":"Mac","created":1575127164010},"id":"IDE.editor.font.name[Menlo]"}}
{"recorder_version":"21","session":"5045ab4c2362","build":"192.6262.58","bucket":"189","time":1575127164008,"group":{"id":"ui.fonts","version":"1"},"event":{"state":true,"data":{"os":"Mac","created":1575127164010},"id":"UI.font.name[.SF_NS_Text]"}}
{"recorder_version":"21","session":"5045ab4c2362","build":"192.6262.58","bucket":"189","time":1575127164008,"group":{"id":"ui.fonts","version":"1"},"event":{"state":true,"data":{"os":"Mac","created":1575127164011},"id":"Presentation.mode.font.size[24]"}}
{"recorder_version":"21","session":"5045ab4c2362","build":"192.6262.58","bucket":"189","time":1575127164008,"group":{"id":"ui.fonts","version":"1"},"event":{"state":true,"data":{"created":1575127164011},"id":"invoked"}}
{"recorder_version":"21","session":"5045ab4c2362","build":"192.6262.58","bucket":"189","time":1575127164021,"group":{"id":"editor.settings.ide","version":"2"},"event":{"state":true,"data":{"created":1575127164021,"enabled":true},"id":"completionHints"}}
{"recorder_version":"21","session":"5045ab4c2362","build":"192.6262.58","bucket":"189","time":1575127164021,"group":{"id":"editor.settings.ide","version":"2"},"event":{"state":true,"data":{"created":1575127164022},"id":"invoked"}}
{"recorder_version":"21","session":"5045ab4c2362","build":"192.6262.58","bucket":"189","time":1575127164021,"group":{"id":"vcs.log.index.application","version":"2"},"event":{"state":true,"data":{"created":1575127164022},"id":"invoked"}}
{"recorder_version":"21","session":"5045ab4c2362","build":"192.6262.58","bucket":"189","time":1575127164022,"group":{"id":"plugins","version":"1"},"event":{"state":true,"data":{"created":1575127164022,"plugin_type":"NOT_LISTED"},"id":"enabled.not.bundled.plugin"}}
{"recorder_version":"21","session":"5045ab4c2362","build":"192.6262.58","bucket":"189","time":1575127164022,"group":{"id":"plugins","version":"1"},"event":{"state":true,"data":{"created":1575127164023},"id":"invoked"}}
{"recorder_version":"21","session":"5045ab4c2362","build":"192.6262.58","bucket":"189","time":1575127164022,"group":{"id":"ui.editor.color.schemes","version":"2"},"event":{"state":true,"data":{"os":"Mac","created":1575127164023,"value":false},"id":"Default"}}
{"recorder_version":"21","session":"5045ab4c2362","build":"192.6262.58","bucket":"189","time":1575127164022,"group":{"id":"ui.editor.color.schemes","version":"2"},"event":{"state":true,"data":{"created":1575127164023},"id":"invoked"}}
{"recorder_version":"21","session":"5045ab4c2362","build":"192.6262.58","bucket":"189","time":1575127164022,"group":{"id":"ui.accessibility.screen.reader","version":"1"},"event":{"state":true,"data":{"os":"Mac","created":1575127164023},"id":"screen.reader.DISABLED"}}
{"recorder_version":"21","session":"5045ab4c2362","build":"192.6262.58","bucket":"189","time":1575127164022,"group":{"id":"ui.accessibility.screen.reader","version":"1"},"event":{"state":true,"data":{"created":1575127164023},"id":"invoked"}}
{"recorder_version":"21","session":"5045ab4c2362","build":"192.6262.58","bucket":"189","time":1575127164025,"group":{"id":"debugger.settings.ide","version":"2"},"event":{"state":true,"data":{"created":1575127164025},"id":"invoked"}}
{"recorder_version":"21","session":"5045ab4c2362","build":"192.6262.58","bucket":"189","time":1575127164025,"group":{"id":"ui.hidpi.mode","version":"1"},"event":{"state":true,"data":{"os":"Mac","created":1575127164025},"id":"per_monitor_dpi"}}
{"recorder_version":"21","session":"5045ab4c2362","build":"192.6262.58","bucket":"189","time":1575127164025,"group":{"id":"ui.hidpi.mode","version":"1"},"event":{"state":true,"data":{"created":1575127164025},"id":"invoked"}}
{"recorder_version":"21","session":"5045ab4c2362","build":"192.6262.58","bucket":"189","time":1575127164026,"group":{"id":"ui.info.features","version":"2"},"event":{"state":true,"data":{"os":"Mac","created":1575127164026},"id":"Allow.merging.buttons.enabled"}}
{"recorder_version":"21","session":"5045ab4c2362","build":"192.6262.58","bucket":"189","time":1575127164026,"group":{"id":"ui.info.features","version":"2"},"event":{"state":true,"data":{"os":"Mac","created":1575127164027},"id":"QuickDoc.AutoUpdate"}}
{"recorder_version":"21","session":"5045ab4c2362","build":"192.6262.58","bucket":"189","time":1575127164026,"group":{"id":"ui.info.features","version":"2"},"event":{"state":true,"data":{"os":"Mac","created":1575127164027},"id":"Hide.Editor.Tabs.If.Needed"}}
{"recorder_version":"21","session":"5045ab4c2362","build":"192.6262.58","bucket":"189","time":1575127164026,"group":{"id":"ui.info.features","version":"2"},"event":{"state":true,"data":{"grouped":"[30_50]","os":"Mac","created":1575127164027},"id":"recent.files"}}
{"recorder_version":"21","session":"5045ab4c2362","build":"192.6262.58","bucket":"189","time":1575127164026,"group":{"id":"ui.info.features","version":"2"},"event":{"state":true,"data":{"os":"Mac","created":1575127164027},"id":"Line.Numbers"}}
{"recorder_version":"21","session":"5045ab4c2362","build":"192.6262.58","bucket":"189","time":1575127164026,"group":{"id":"ui.info.features","version":"2"},"event":{"state":true,"data":{"os":"Mac","created":1575127164027},"id":"Tabs.Top"}}
{"recorder_version":"21","session":"5045ab4c2362","build":"192.6262.58","bucket":"189","time":1575127164026,"group":{"id":"ui.info.features","version":"2"},"event":{"state":true,"data":{"os":"Mac","created":1575127164027},"id":"Retina"}}
{"recorder_version":"21","session":"5045ab4c2362","build":"192.6262.58","bucket":"189","time":1575127164026,"group":{"id":"ui.info.features","version":"2"},"event":{"state":true,"data":{"os":"Mac","created":1575127164027},"id":"Nav.Bar.visible"}}
{"recorder_version":"21","session":"5045ab4c2362","build":"192.6262.58","bucket":"189","time":1575127164026,"group":{"id":"ui.info.features","version":"2"},"event":{"state":true,"data":{"os":"Mac","created":1575127164028},"id":"Show.Editor.Tabs.In.Single.Row"}}
{"recorder_version":"21","session":"5045ab4c2362","build":"192.6262.58","bucket":"189","time":1575127164026,"group":{"id":"ui.info.features","version":"2"},"event":{"state":true,"data":{"os":"Mac","created":1575127164028},"id":"Recent.Files[30_50]"}}
{"recorder_version":"21","session":"5045ab4c2362","build":"192.6262.58","bucket":"189","time":1575127164026,"group":{"id":"ui.info.features","version":"2"},"event":{"state":true,"data":{"os":"Mac","created":1575127164028},"id":"Status.bar.visible"}}
{"recorder_version":"21","session":"5045ab4c2362","build":"192.6262.58","bucket":"189","time":1575127164026,"group":{"id":"ui.info.features","version":"2"},"event":{"state":true,"data":{"os":"Mac","created":1575127164028},"id":"Tool.Window.buttons.hidden"}}
{"recorder_version":"21","session":"5045ab4c2362","build":"192.6262.58","bucket":"189","time":1575127164026,"group":{"id":"ui.info.features","version":"2"},"event":{"state":true,"data":{"os":"Mac","created":1575127164028},"id":"Gutter.Icons"}}
{"recorder_version":"21","session":"5045ab4c2362","build":"192.6262.58","bucket":"189","time":1575127164026,"group":{"id":"ui.info.features","version":"2"},"event":{"state":true,"data":{"os":"Mac","created":1575127164028},"id":"Toolbar.hidden"}}
{"recorder_version":"21","session":"5045ab4c2362","build":"192.6262.58","bucket":"189","time":1575127164026,"group":{"id":"ui.info.features","version":"2"},"event":{"state":true,"data":{"os":"Mac","created":1575127164028},"id":"Toolbar.and.NavBar"}}
{"recorder_version":"21","session":"5045ab4c2362","build":"192.6262.58","bucket":"189","time":1575127164026,"group":{"id":"ui.info.features","version":"2"},"event":{"state":true,"data":{"created":1575127164028},"id":"invoked"}}
{"recorder_version":"21","session":"5045ab4c2362","build":"192.6262.58","bucket":"189","time":1575127164029,"group":{"id":"platform.registry.application","version":"1"},"event":{"state":true,"data":{"created":1575127164029,"plugin_type":"PLATFORM"},"id":"recent.and.edited.files.together"}}
{"recorder_version":"21","session":"5045ab4c2362","build":"192.6262.58","bucket":"189","time":1575127164029,"group":{"id":"platform.registry.application","version":"1"},"event":{"state":true,"data":{"created":1575127164029,"plugin_type":"PLATFORM"},"id":"inline.browse.button"}}
{"recorder_version":"21","session":"5045ab4c2362","build":"192.6262.58","bucket":"189","time":1575127164029,"group":{"id":"platform.registry.application","version":"1"},"event":{"state":true,"data":{"created":1575127164029,"plugin_type":"PLATFORM"},"id":"show.create.new.element.in.popup"}}
{"recorder_version":"21","session":"5045ab4c2362","build":"192.6262.58","bucket":"189","time":1575127164029,"group":{"id":"platform.registry.application","version":"1"},"event":{"state":true,"data":{"created":1575127164029,"plugin_type":"PLATFORM"},"id":"property.value.inplace.editing"}}
{"recorder_version":"21","session":"5045ab4c2362","build":"192.6262.58","bucket":"189","time":1575127164029,"group":{"id":"platform.registry.application","version":"1"},"event":{"state":true,"data":{"created":1575127164029},"id":"java.completion.argument.hints.internal"}}
{"recorder_version":"21","session":"5045ab4c2362","build":"192.6262.58","bucket":"189","time":1575127164029,"group":{"id":"platform.registry.application","version":"1"},"event":{"state":true,"data":{"created":1575127164030,"plugin_type":"PLATFORM"},"id":"linux.native.menu"}}
{"recorder_version":"21","session":"5045ab4c2362","build":"192.6262.58","bucket":"189","time":1575127164029,"group":{"id":"platform.registry.application","version":"1"},"event":{"state":true,"data":{"created":1575127164030,"plugin_type":"PLATFORM"},"id":"new.large.text.file.viewer"}}
{"recorder_version":"21","session":"5045ab4c2362","build":"192.6262.58","bucket":"189","time":1575127164029,"group":{"id":"platform.registry.application","version":"1"},"event":{"state":true,"data":{"created":1575127164030},"id":"invoked"}}
{"recorder_version":"21","session":"5045ab4c2362","build":"192.6262.58","bucket":"189","time":1575127164042,"group":{"id":"vcs.github","version":"1"},"event":{"state":true,"data":{"created":1575127164042},"id":"github.accounts.not.default.host.disabled"}}
{"recorder_version":"21","session":"5045ab4c2362","build":"192.6262.58","bucket":"189","time":1575127164042,"group":{"id":"vcs.github","version":"1"},"event":{"state":true,"data":{"created":1575127164043},"id":"github.accounts.count.0"}}
{"recorder_version":"21","session":"5045ab4c2362","build":"192.6262.58","bucket":"189","time":1575127164042,"group":{"id":"vcs.github","version":"1"},"event":{"state":true,"data":{"created":1575127164043},"id":"invoked"}}
{"recorder_version":"21","session":"5045ab4c2362","build":"192.6262.58","bucket":"189","time":1575127164044,"group":{"id":"ui.screen.scale","version":"1"},"event":{"state":true,"data":{"os":"Mac","created":1575127164051},"id":"ScaledMode_2.0"}}
{"recorder_version":"21","session":"5045ab4c2362","build":"192.6262.58","bucket":"189","time":1575127164044,"group":{"id":"ui.screen.scale","version":"1"},"event":{"state":true,"data":{"created":1575127164051},"id":"invoked"}}
{"recorder_version":"21","session":"5045ab4c2362","build":"192.6262.58","bucket":"189","time":1575127164052,"group":{"id":"system.runtime","version":"2"},"event":{"state":true,"data":{"created":1575127164052,"name":"G1_Old_Generation"},"id":"garbage.collector"}}
{"recorder_version":"21","session":"5045ab4c2362","build":"192.6262.58","bucket":"189","time":1575127164052,"group":{"id":"system.runtime","version":"2"},"event":{"state":true,"data":{"created":1575127164052,"name":"Xmx","value":512},"id":"jvm.option"}}
{"recorder_version":"21","session":"5045ab4c2362","build":"192.6262.58","bucket":"189","time":1575127164052,"group":{"id":"system.runtime","version":"2"},"event":{"state":true,"data":{"vendor":"JetBrains","created":1575127164052,"bit":"64","version":"1.11"},"id":"jvm"}}
{"recorder_version":"21","session":"5045ab4c2362","build":"192.6262.58","bucket":"189","time":1575127164052,"group":{"id":"system.runtime","version":"2"},"event":{"state":true,"data":{"created":1575127164052,"name":"G1_Young_Generation"},"id":"garbage.collector"}}
{"recorder_version":"21","session":"5045ab4c2362","build":"192.6262.58","bucket":"189","time":1575127164052,"group":{"id":"system.runtime","version":"2"},"event":{"state":true,"data":{"created":1575127164052,"value":8},"id":"cores"}}
{"recorder_version":"21","session":"5045ab4c2362","build":"192.6262.58","bucket":"189","time":1575127164052,"group":{"id":"system.runtime","version":"2"},"event":{"state":true,"data":{"created":1575127164052,"name":"Xms","value":256},"id":"jvm.option"}}
{"recorder_version":"21","session":"5045ab4c2362","build":"192.6262.58","bucket":"189","time":1575127164052,"group":{"id":"system.runtime","version":"2"},"event":{"state":true,"data":{"created":1575127164053},"id":"invoked"}}
{"recorder_version":"21","session":"5045ab4c2362","build":"192.6262.58","bucket":"189","time":1575127164062,"group":{"id":"vcs.diff","version":"2"},"event":{"state":true,"data":{"created":1575127164062},"id":"invoked"}}
{"recorder_version":"21","session":"5045ab4c2362","build":"192.6262.58","bucket":"189","time":1575127164062,"group":{"id":"vcs.application.configuration","version":"1"},"event":{"state":true,"data":{"created":1575127164062},"id":"invoked"}}
{"recorder_version":"21","session":"5045ab4c2362","build":"192.6262.58","bucket":"189","time":1575127164062,"group":{"id":"keymaps.name","version":"1"},"event":{"state":true,"data":{"os":"Mac","created":1575127164062},"id":"Mac_OS_X_10.5+"}}
{"recorder_version":"21","session":"5045ab4c2362","build":"192.6262.58","bucket":"189","time":1575127164062,"group":{"id":"keymaps.name","version":"1"},"event":{"state":true,"data":{"created":1575127164062},"id":"invoked"}}
{"recorder_version":"21","session":"5045ab4c2362","build":"192.6262.58","bucket":"189","time":1575127164062,"group":{"id":"os.linux.wm","version":"1"},"event":{"state":true,"data":{"created":1575127164062},"id":"invoked"}}
{"recorder_version":"21","session":"5045ab4c2362","build":"192.6262.58","bucket":"189","time":1575127164062,"group":{"id":"user.advanced.info","version":"2"},"event":{"state":true,"data":{"created":1575127164062,"value":"release"},"id":"build"}}
{"recorder_version":"21","session":"5045ab4c2362","build":"192.6262.58","bucket":"189","time":1575127164062,"group":{"id":"user.advanced.info","version":"2"},"event":{"state":true,"data":{"created":1575127164062},"id":"release"}}
{"recorder_version":"21","session":"5045ab4c2362","build":"192.6262.58","bucket":"189","time":1575127164062,"group":{"id":"user.advanced.info","version":"2"},"event":{"state":true,"data":{"created":1575127164063},"id":"invoked"}}
{"recorder_version":"21","session":"5045ab4c2362","build":"192.6262.58","bucket":"189","time":1575127167812,"group":{"id":"performance","version":"21"},"event":{"count":1,"data":{"duration_ms":0,"created":1575127167813},"id":"ui.latency"}}
{"recorder_version":"21","session":"5045ab4c2362","build":"192.6262.58","bucket":"189","time":1575127268091,"group":{"id":"performance","version":"21"},"event":{"count":1,"data":{"duration_ms":0,"created":1575127268091},"id":"ui.latency"}}
{"recorder_version":"21","session":"5045ab4c2362","build":"192.6262.58","bucket":"189","time":1575127368402,"group":{"id":"performance","version":"21"},"event":{"count":1,"data":{"duration_ms":0,"created":1575127368402},"id":"ui.latency"}}
{"recorder_version":"21","session":"5045ab4c2362","build":"192.6262.58","bucket":"189","time":1575127468692,"group":{"id":"performance","version":"21"},"event":{"count":1,"data":{"duration_ms":0,"created":1575127468693},"id":"ui.latency"}}
{"recorder_version":"21","session":"5045ab4c2362","build":"192.6262.58","bucket":"189","time":1575127479722,"group":{"id":"lifecycle","version":"21"},"event":{"count":1,"data":{"created":1575127479722,"project":"4452600da3b350ab41d92ae108c2baae6ff0ac3ddb31bd67020ee046ec77ac09"},"id":"frame.activated"}}
{"recorder_version":"21","session":"5045ab4c2362","build":"192.6262.58","bucket":"189","time":1575127480415,"group":{"id":"lifecycle","version":"21"},"event":{"count":1,"data":{"restart":false,"created":1575127480415},"id":"ide.close"}}
{"recorder_version":"21","session":"5045ab4c2362","build":"192.6262.58","bucket":"189","time":1575127480517,"group":{"id":"lifecycle","version":"21"},"event":{"count":1,"data":{"created":1575127480517,"project":"4452600da3b350ab41d92ae108c2baae6ff0ac3ddb31bd67020ee046ec77ac09"},"id":"project.closed"}}
