{"recorder_version":"21","session":"c6a765029c67","build":"192.6262.58","bucket":"189","time":1574887394550,"group":{"id":"settings","version":"4"},"event":{"state":true,"data":{"component":"NotRoamableUiSettings","created":1574887394737},"id":"invoked"}}
{"recorder_version":"21","session":"c6a765029c67","build":"192.6262.58","bucket":"189","time":1574887394552,"group":{"id":"system.java","version":"1"},"event":{"state":true,"data":{"created":1574887394739,"version":"1.11"},"id":"JetBrains"}}
{"recorder_version":"21","session":"c6a765029c67","build":"192.6262.58","bucket":"189","time":1574887394552,"group":{"id":"system.java","version":"1"},"event":{"state":true,"data":{"created":1574887394748},"id":"invoked"}}
{"recorder_version":"21","session":"c6a765029c67","build":"192.6262.58","bucket":"189","time":1574887394553,"group":{"id":"settings","version":"4"},"event":{"state":true,"data":{"component":"UISettings","created":1574887394748},"id":"invoked"}}
{"recorder_version":"21","session":"c6a765029c67","build":"192.6262.58","bucket":"189","time":1574887394574,"group":{"id":"system.os","version":"3"},"event":{"state":true,"data":{"created":1574887394749,"version":"10.14"},"id":"Mac"}}
{"recorder_version":"21","session":"c6a765029c67","build":"192.6262.58","bucket":"189","time":1574887394574,"group":{"id":"system.os","version":"3"},"event":{"state":true,"data":{"created":1574887394750,"name":"Mac","version":"10.14"},"id":"os.name"}}
{"recorder_version":"21","session":"c6a765029c67","build":"192.6262.58","bucket":"189","time":1574887394574,"group":{"id":"system.os","version":"3"},"event":{"state":true,"data":{"created":1574887394751,"value":"+09_00"},"id":"os.timezone"}}
{"recorder_version":"21","session":"c6a765029c67","build":"192.6262.58","bucket":"189","time":1574887394574,"group":{"id":"system.os","version":"3"},"event":{"state":true,"data":{"created":1574887394752},"id":"invoked"}}
{"recorder_version":"21","session":"c6a765029c67","build":"192.6262.58","bucket":"189","time":1574887394737,"group":{"id":"event.log","version":"21"},"event":{"count":1,"data":{"created":1574887394752,"version":"934.0"},"id":"whitelist.loaded"}}
{"recorder_version":"21","session":"c6a765029c67","build":"192.6262.58","bucket":"189","time":1574887396979,"group":{"id":"settings","version":"4"},"event":{"state":true,"data":{"component":"UpdatesConfigurable","created":1574887396980,"name":"checkNeeded","type":"bool","value":false},"id":"not.default"}}
{"recorder_version":"21","session":"c6a765029c67","build":"192.6262.58","bucket":"189","time":1574887396979,"group":{"id":"settings","version":"4"},"event":{"state":true,"data":{"component":"UpdatesConfigurable","created":1574887396990},"id":"invoked"}}
{"recorder_version":"21","session":"c6a765029c67","build":"192.6262.58","bucket":"189","time":1574887397149,"group":{"id":"settings","version":"4"},"event":{"state":true,"data":{"component":"GeneralSettings","created":1574887397149},"id":"invoked"}}
{"recorder_version":"21","session":"c6a765029c67","build":"192.6262.58","bucket":"189","time":1574887397155,"group":{"id":"lifecycle","version":"21"},"event":{"count":1,"data":{"internal":true,"eap":false,"created":1574887397156},"id":"ide.start"}}
{"recorder_version":"21","session":"c6a765029c67","build":"192.6262.58","bucket":"189","time":1574887397472,"group":{"id":"lifecycle","version":"21"},"event":{"count":1,"data":{"created":1574887397472},"id":"frame.activated"}}
{"recorder_version":"21","session":"c6a765029c67","build":"192.6262.58","bucket":"189","time":1574887397622,"group":{"id":"performance","version":"21"},"event":{"count":1,"data":{"duration_ms":155,"created":1574887397623},"id":"ui.latency"}}
{"recorder_version":"21","session":"c6a765029c67","build":"192.6262.58","bucket":"189","time":1574887397622,"group":{"id":"performance","version":"21"},"event":{"count":1,"data":{"duration_ms":155,"created":1574887397623},"id":"ui.lagging"}}
{"recorder_version":"21","session":"c6a765029c67","build":"192.6262.58","bucket":"189","time":1574887397973,"group":{"id":"ui.dialogs","version":"21"},"event":{"count":1,"data":{"created":1574887397975,"plugin_type":"PLATFORM","type":"show"},"id":"com.intellij.openapi.progress.util.ProgressDialog$MyDialogWrapper"}}
{"recorder_version":"21","session":"c6a765029c67","build":"192.6262.58","bucket":"189","time":1574887399060,"group":{"id":"lifecycle","version":"21"},"event":{"count":1,"data":{"created":1574887399060,"project":"4452600da3b350ab41d92ae108c2baae6ff0ac3ddb31bd67020ee046ec77ac09"},"id":"project.opened"}}
{"recorder_version":"21","session":"c6a765029c67","build":"192.6262.58","bucket":"189","time":1574887399675,"group":{"id":"performance","version":"21"},"event":{"count":1,"data":{"duration_ms":204,"created":1574887399675},"id":"ui.lagging"}}
{"recorder_version":"21","session":"c6a765029c67","build":"192.6262.58","bucket":"189","time":1574887400599,"group":{"id":"settings","version":"4"},"event":{"state":true,"data":{"component":"XmlEditorOptions","created":1574887400599},"id":"invoked"}}
{"recorder_version":"21","session":"c6a765029c67","build":"192.6262.58","bucket":"189","time":1574887400664,"group":{"id":"performance","version":"21"},"event":{"count":1,"data":{"duration_ms":193,"created":1574887400664},"id":"ui.lagging"}}
{"recorder_version":"21","session":"c6a765029c67","build":"192.6262.58","bucket":"189","time":1574887401597,"group":{"id":"toolwindow","version":"21"},"event":{"count":1,"data":{"os":"Mac","created":1574887401613,"plugin_type":"NOT_LISTED"},"id":"third.party"}}
{"recorder_version":"21","session":"c6a765029c67","build":"192.6262.58","bucket":"189","time":1574887402153,"group":{"id":"performance","version":"21"},"event":{"count":1,"data":{"duration_ms":677,"created":1574887402153},"id":"ui.lagging"}}
{"recorder_version":"21","session":"c6a765029c67","build":"192.6262.58","bucket":"189","time":1574887402650,"group":{"id":"ui.tips","version":"2"},"event":{"count":1,"data":{"created":1574887402650,"type":"automatically"},"id":"dialog.shown"}}
{"recorder_version":"21","session":"c6a765029c67","build":"192.6262.58","bucket":"189","time":1574887402771,"group":{"id":"ui.dialogs","version":"21"},"event":{"count":1,"data":{"created":1574887402771,"plugin_type":"PLATFORM","type":"show"},"id":"com.intellij.ide.util.TipDialog"}}
{"recorder_version":"21","session":"c6a765029c67","build":"192.6262.58","bucket":"189","time":1574887402882,"group":{"id":"performance","version":"21"},"event":{"count":1,"data":{"duration_ms":405,"created":1574887402882},"id":"ui.lagging"}}
{"recorder_version":"21","session":"c6a765029c67","build":"192.6262.58","bucket":"189","time":1574887403765,"group":{"id":"performance","version":"21"},"event":{"count":1,"data":{"duration_ms":286,"created":1574887403765},"id":"ui.lagging"}}
{"recorder_version":"21","session":"c6a765029c67","build":"192.6262.58","bucket":"189","time":1574887403928,"group":{"id":"kotlin.jps.target","version":"1"},"event":{"count":2,"data":{"plugin_version":"validation.undefined_rule","last":1574887403928,"created":1574887403928},"id":"validation.undefined_rule"}}
{"recorder_version":"21","session":"c6a765029c67","build":"192.6262.58","bucket":"189","time":1574887403964,"group":{"id":"project.fs","version":"1"},"event":{"state":true,"data":{"os":"Mac","cs-project":false,"created":1574887403964,"project":"4452600da3b350ab41d92ae108c2baae6ff0ac3ddb31bd67020ee046ec77ac09","cs-implicit":true,"cs-system":false},"id":"case-sensitivity"}}
{"recorder_version":"21","session":"c6a765029c67","build":"192.6262.58","bucket":"189","time":1574887403964,"group":{"id":"project.fs","version":"1"},"event":{"state":true,"data":{"created":1574887403965},"id":"invoked"}}
{"recorder_version":"21","session":"c6a765029c67","build":"192.6262.58","bucket":"189","time":1574887403965,"group":{"id":"project.fs","version":"1"},"event":{"state":true,"data":{"pct-non-watched":0,"created":1574887403965,"project":"4452600da3b350ab41d92ae108c2baae6ff0ac3ddb31bd67020ee046ec77ac09"},"id":"roots-watched"}}
{"recorder_version":"21","session":"c6a765029c67","build":"192.6262.58","bucket":"189","time":1574887403965,"group":{"id":"project.fs","version":"1"},"event":{"state":true,"data":{"created":1574887403965},"id":"invoked"}}
{"recorder_version":"21","session":"c6a765029c67","build":"192.6262.58","bucket":"189","time":1574887404140,"group":{"id":"ui.dialogs","version":"21"},"event":{"count":1,"data":{"code":1,"created":1574887404140,"plugin_type":"PLATFORM","type":"close"},"id":"com.intellij.openapi.progress.util.ProgressDialog$MyDialogWrapper"}}
{"recorder_version":"21","session":"c6a765029c67","build":"192.6262.58","bucket":"189","time":1574887404331,"group":{"id":"lifecycle","version":"21"},"event":{"count":1,"data":{"duration_ms":6634,"created":1574887404331,"project":"4452600da3b350ab41d92ae108c2baae6ff0ac3ddb31bd67020ee046ec77ac09"},"id":"project.opening.finished"}}
{"recorder_version":"21","session":"c6a765029c67","build":"192.6262.58","bucket":"189","time":1574887404926,"group":{"id":"performance","version":"21"},"event":{"count":1,"data":{"duration_ms":444,"created":1574887404926},"id":"ui.lagging"}}
{"recorder_version":"21","session":"c6a765029c67","build":"192.6262.58","bucket":"189","time":1574887406087,"group":{"id":"vcs.change.reminder","version":"1"},"event":{"count":1,"data":{"created":1574887406087,"project":"4452600da3b350ab41d92ae108c2baae6ff0ac3ddb31bd67020ee046ec77ac09","execution_time":234},"id":"prediction.calculated"}}
{"recorder_version":"21","session":"c6a765029c67","build":"192.6262.58","bucket":"189","time":1574887406157,"group":{"id":"vcs.change.reminder","version":"1"},"event":{"count":1,"data":{"created":1574887406157,"project":"4452600da3b350ab41d92ae108c2baae6ff0ac3ddb31bd67020ee046ec77ac09","execution_time":70},"id":"prediction.calculated"}}
{"recorder_version":"21","session":"c6a765029c67","build":"192.6262.58","bucket":"189","time":1574887406204,"group":{"id":"vcs.change.reminder","version":"1"},"event":{"count":1,"data":{"created":1574887406211,"project":"4452600da3b350ab41d92ae108c2baae6ff0ac3ddb31bd67020ee046ec77ac09","execution_time":47},"id":"prediction.calculated"}}
{"recorder_version":"21","session":"c6a765029c67","build":"192.6262.58","bucket":"189","time":1574887406252,"group":{"id":"vcs.change.reminder","version":"1"},"event":{"count":1,"data":{"created":1574887406252,"project":"4452600da3b350ab41d92ae108c2baae6ff0ac3ddb31bd67020ee046ec77ac09","execution_time":40},"id":"prediction.calculated"}}
{"recorder_version":"21","session":"c6a765029c67","build":"192.6262.58","bucket":"189","time":1574887406445,"group":{"id":"ui.dialogs","version":"21"},"event":{"count":1,"data":{"code":1,"created":1574887406445,"plugin_type":"PLATFORM","type":"close"},"id":"com.intellij.ide.util.TipDialog"}}
{"recorder_version":"21","session":"c6a765029c67","build":"192.6262.58","bucket":"189","time":1574887412776,"group":{"id":"file.types.usage","version":"21"},"event":{"count":1,"data":{"plugin":"com.intellij.java","created":1574887412776,"plugin_type":"JB_BUNDLED","project":"4452600da3b350ab41d92ae108c2baae6ff0ac3ddb31bd67020ee046ec77ac09","type":"edit"},"id":"JAVA"}}
{"recorder_version":"21","session":"c6a765029c67","build":"192.6262.58","bucket":"189","time":1574887414810,"group":{"id":"lifecycle","version":"21"},"event":{"count":2,"data":{"last":1574887419187,"created":1574887414810,"plugin_type":"NOT_LISTED","error":"java.lang.ArrayIndexOutOfBoundsException"},"id":"ide.error"}}
{"recorder_version":"21","session":"c6a765029c67","build":"192.6262.58","bucket":"189","time":1574887420340,"group":{"id":"lifecycle","version":"21"},"event":{"count":1,"data":{"created":1574887420340,"project":"4452600da3b350ab41d92ae108c2baae6ff0ac3ddb31bd67020ee046ec77ac09"},"id":"frame.deactivated"}}
{"recorder_version":"21","session":"c6a765029c67","build":"192.6262.58","bucket":"189","time":1574887425952,"group":{"id":"lifecycle","version":"21"},"event":{"count":1,"data":{"created":1574887425952,"project":"4452600da3b350ab41d92ae108c2baae6ff0ac3ddb31bd67020ee046ec77ac09"},"id":"frame.activated"}}
{"recorder_version":"21","session":"c6a765029c67","build":"192.6262.58","bucket":"189","time":1574887434515,"group":{"id":"lifecycle","version":"21"},"event":{"count":1,"data":{"created":1574887434516,"project":"4452600da3b350ab41d92ae108c2baae6ff0ac3ddb31bd67020ee046ec77ac09"},"id":"frame.deactivated"}}
{"recorder_version":"21","session":"c6a765029c67","build":"192.6262.58","bucket":"189","time":1574887439859,"group":{"id":"lifecycle","version":"21"},"event":{"count":1,"data":{"created":1574887439859,"project":"4452600da3b350ab41d92ae108c2baae6ff0ac3ddb31bd67020ee046ec77ac09"},"id":"frame.activated"}}
{"recorder_version":"21","session":"c6a765029c67","build":"192.6262.58","bucket":"189","time":1574887444645,"group":{"id":"actions","version":"21"},"event":{"count":2,"data":{"context_menu":false,"last":1574887444721,"created":1574887444646,"plugin_type":"PLATFORM","project":"4452600da3b350ab41d92ae108c2baae6ff0ac3ddb31bd67020ee046ec77ac09","place":"keyboard_shortcut","class":"com.intellij.openapi.editor.actions.BackspaceAction","input_event":"Backspace"},"id":"EditorBackSpace"}}
{"recorder_version":"21","session":"c6a765029c67","build":"192.6262.58","bucket":"189","time":1574887458153,"group":{"id":"actions","version":"21"},"event":{"count":3,"data":{"context_menu":false,"last":1574887459360,"created":1574887458153,"plugin_type":"PLATFORM","project":"4452600da3b350ab41d92ae108c2baae6ff0ac3ddb31bd67020ee046ec77ac09","place":"keyboard_shortcut","class":"com.intellij.openapi.editor.actions.BackspaceAction","input_event":"Backspace"},"id":"EditorBackSpace"}}
{"recorder_version":"21","session":"c6a765029c67","build":"192.6262.58","bucket":"189","time":1574887463361,"group":{"id":"lifecycle","version":"21"},"event":{"count":1,"data":{"created":1574887463361,"project":"4452600da3b350ab41d92ae108c2baae6ff0ac3ddb31bd67020ee046ec77ac09"},"id":"frame.deactivated"}}
{"recorder_version":"21","session":"c6a765029c67","build":"192.6262.58","bucket":"189","time":1574887468668,"group":{"id":"lifecycle","version":"21"},"event":{"count":1,"data":{"created":1574887468668,"project":"4452600da3b350ab41d92ae108c2baae6ff0ac3ddb31bd67020ee046ec77ac09"},"id":"frame.activated"}}
{"recorder_version":"21","session":"c6a765029c67","build":"192.6262.58","bucket":"189","time":1574887482214,"group":{"id":"lifecycle","version":"21"},"event":{"count":1,"data":{"created":1574887482214,"project":"4452600da3b350ab41d92ae108c2baae6ff0ac3ddb31bd67020ee046ec77ac09"},"id":"frame.deactivated"}}
{"recorder_version":"21","session":"c6a765029c67","build":"192.6262.58","bucket":"189","time":1574887497747,"group":{"id":"performance","version":"21"},"event":{"count":1,"data":{"duration_ms":0,"created":1574887497748},"id":"ui.latency"}}
{"recorder_version":"21","session":"c6a765029c67","build":"192.6262.58","bucket":"189","time":1574887598031,"group":{"id":"performance","version":"21"},"event":{"count":1,"data":{"duration_ms":0,"created":1574887598031},"id":"ui.latency"}}
{"recorder_version":"21","session":"c6a765029c67","build":"192.6262.58","bucket":"189","time":1574887697142,"group":{"id":"build.tools.actions","version":"1"},"event":{"count":1,"data":{"created":1574887697142},"id":"registered"}}
{"recorder_version":"21","session":"c6a765029c67","build":"192.6262.58","bucket":"189","time":1574887697142,"group":{"id":"file.types.usage","version":"21"},"event":{"count":1,"data":{"created":1574887697143},"id":"registered"}}
{"recorder_version":"21","session":"c6a765029c67","build":"192.6262.58","bucket":"189","time":1574887697142,"group":{"id":"ide.script.engine","version":"1"},"event":{"count":1,"data":{"created":1574887697143},"id":"registered"}}
{"recorder_version":"21","session":"c6a765029c67","build":"192.6262.58","bucket":"189","time":1574887697142,"group":{"id":"actions.runAnything","version":"1"},"event":{"count":1,"data":{"created":1574887697144},"id":"registered"}}
{"recorder_version":"21","session":"c6a765029c67","build":"192.6262.58","bucket":"189","time":1574887697142,"group":{"id":"toolwindow","version":"21"},"event":{"count":1,"data":{"created":1574887697144},"id":"registered"}}
{"recorder_version":"21","session":"c6a765029c67","build":"192.6262.58","bucket":"189","time":1574887697142,"group":{"id":"kotlin.ide.newFileTempl","version":"1"},"event":{"count":1,"data":{"created":1574887697144},"id":"registered"}}
{"recorder_version":"21","session":"c6a765029c67","build":"192.6262.58","bucket":"189","time":1574887697142,"group":{"id":"live.templates","version":"21"},"event":{"count":1,"data":{"created":1574887697144},"id":"registered"}}
{"recorder_version":"21","session":"c6a765029c67","build":"192.6262.58","bucket":"189","time":1574887697142,"group":{"id":"ide.self.update","version":"2"},"event":{"count":1,"data":{"created":1574887697145},"id":"registered"}}
{"recorder_version":"21","session":"c6a765029c67","build":"192.6262.58","bucket":"189","time":1574887697142,"group":{"id":"ui.settings","version":"21"},"event":{"count":1,"data":{"created":1574887697145},"id":"registered"}}
{"recorder_version":"21","session":"c6a765029c67","build":"192.6262.58","bucket":"189","time":1574887697142,"group":{"id":"lifecycle","version":"21"},"event":{"count":1,"data":{"created":1574887697145},"id":"registered"}}
{"recorder_version":"21","session":"c6a765029c67","build":"192.6262.58","bucket":"189","time":1574887697142,"group":{"id":"vcs.diff.trigger","version":"1"},"event":{"count":1,"data":{"created":1574887697145},"id":"registered"}}
{"recorder_version":"21","session":"c6a765029c67","build":"192.6262.58","bucket":"189","time":1574887697142,"group":{"id":"vcs.log.trigger","version":"2"},"event":{"count":1,"data":{"created":1574887697146},"id":"registered"}}
{"recorder_version":"21","session":"c6a765029c67","build":"192.6262.58","bucket":"189","time":1574887697142,"group":{"id":"productivity","version":"21"},"event":{"count":1,"data":{"created":1574887697146},"id":"registered"}}
{"recorder_version":"21","session":"c6a765029c67","build":"192.6262.58","bucket":"189","time":1574887697142,"group":{"id":"debugger.breakpoints.usage","version":"2"},"event":{"count":1,"data":{"created":1574887697146},"id":"registered"}}
{"recorder_version":"21","session":"c6a765029c67","build":"192.6262.58","bucket":"189","time":1574887697142,"group":{"id":"kotlin.gradle.library","version":"1"},"event":{"count":1,"data":{"created":1574887697146},"id":"registered"}}
{"recorder_version":"21","session":"c6a765029c67","build":"192.6262.58","bucket":"189","time":1574887697142,"group":{"id":"find","version":"1"},"event":{"count":1,"data":{"created":1574887697146},"id":"registered"}}
{"recorder_version":"21","session":"c6a765029c67","build":"192.6262.58","bucket":"189","time":1574887697142,"group":{"id":"kotlin.gradle.target","version":"1"},"event":{"count":1,"data":{"created":1574887697147},"id":"registered"}}
{"recorder_version":"21","session":"c6a765029c67","build":"192.6262.58","bucket":"189","time":1574887697142,"group":{"id":"gutter.icon.click","version":"1"},"event":{"count":1,"data":{"created":1574887697147},"id":"registered"}}
{"recorder_version":"21","session":"c6a765029c67","build":"192.6262.58","bucket":"189","time":1574887697142,"group":{"id":"shell.script","version":"1"},"event":{"count":1,"data":{"created":1574887697147},"id":"registered"}}
{"recorder_version":"21","session":"c6a765029c67","build":"192.6262.58","bucket":"189","time":1574887697142,"group":{"id":"kotlin.ide.debugger.eval","version":"1"},"event":{"count":1,"data":{"created":1574887697147},"id":"registered"}}
{"recorder_version":"21","session":"c6a765029c67","build":"192.6262.58","bucket":"189","time":1574887697142,"group":{"id":"build.maven.actions","version":"1"},"event":{"count":1,"data":{"created":1574887697147},"id":"registered"}}
{"recorder_version":"21","session":"c6a765029c67","build":"192.6262.58","bucket":"189","time":1574887697142,"group":{"id":"ui.event","version":"1"},"event":{"count":1,"data":{"created":1574887697148},"id":"registered"}}
{"recorder_version":"21","session":"c6a765029c67","build":"192.6262.58","bucket":"189","time":1574887697142,"group":{"id":"new.project.wizard","version":"1"},"event":{"count":1,"data":{"created":1574887697148},"id":"registered"}}
{"recorder_version":"21","session":"c6a765029c67","build":"192.6262.58","bucket":"189","time":1574887697142,"group":{"id":"kotlin.ide.npwizards","version":"1"},"event":{"count":1,"data":{"created":1574887697148},"id":"registered"}}
{"recorder_version":"21","session":"c6a765029c67","build":"192.6262.58","bucket":"189","time":1574887697142,"group":{"id":"intentions","version":"21"},"event":{"count":1,"data":{"created":1574887697148},"id":"registered"}}
{"recorder_version":"21","session":"c6a765029c67","build":"192.6262.58","bucket":"189","time":1574887697142,"group":{"id":"ui.dialogs","version":"21"},"event":{"count":1,"data":{"created":1574887697149},"id":"registered"}}
{"recorder_version":"21","session":"c6a765029c67","build":"192.6262.58","bucket":"189","time":1574887697142,"group":{"id":"vcs.back.forward.trigger","version":"1"},"event":{"count":1,"data":{"created":1574887697149},"id":"registered"}}
{"recorder_version":"21","session":"c6a765029c67","build":"192.6262.58","bucket":"189","time":1574887697142,"group":{"id":"vcs.change.reminder","version":"1"},"event":{"count":1,"data":{"created":1574887697149},"id":"registered"}}
{"recorder_version":"21","session":"c6a765029c67","build":"192.6262.58","bucket":"189","time":1574887697142,"group":{"id":"toolbar","version":"21"},"event":{"count":1,"data":{"created":1574887697149},"id":"registered"}}
{"recorder_version":"21","session":"c6a765029c67","build":"192.6262.58","bucket":"189","time":1574887697142,"group":{"id":"build.gradle.actions","version":"1"},"event":{"count":1,"data":{"created":1574887697149},"id":"registered"}}
{"recorder_version":"21","session":"c6a765029c67","build":"192.6262.58","bucket":"189","time":1574887697142,"group":{"id":"kotlin.maven.target","version":"1"},"event":{"count":1,"data":{"created":1574887697149},"id":"registered"}}
{"recorder_version":"21","session":"c6a765029c67","build":"192.6262.58","bucket":"189","time":1574887697143,"group":{"id":"performance","version":"21"},"event":{"count":1,"data":{"created":1574887697150},"id":"registered"}}
{"recorder_version":"21","session":"c6a765029c67","build":"192.6262.58","bucket":"189","time":1574887697143,"group":{"id":"searchEverywhere","version":"1"},"event":{"count":1,"data":{"created":1574887697150},"id":"registered"}}
{"recorder_version":"21","session":"c6a765029c67","build":"192.6262.58","bucket":"189","time":1574887697143,"group":{"id":"kotlin.ide.action.refactoring","version":"1"},"event":{"count":1,"data":{"created":1574887697150},"id":"registered"}}
{"recorder_version":"21","session":"c6a765029c67","build":"192.6262.58","bucket":"189","time":1574887697143,"group":{"id":"ui.tips","version":"2"},"event":{"count":1,"data":{"created":1574887697150},"id":"registered"}}
{"recorder_version":"21","session":"c6a765029c67","build":"192.6262.58","bucket":"189","time":1574887697143,"group":{"id":"surround.with","version":"1"},"event":{"count":1,"data":{"created":1574887697150},"id":"registered"}}
{"recorder_version":"21","session":"c6a765029c67","build":"192.6262.58","bucket":"189","time":1574887697143,"group":{"id":"import.old.config","version":"1"},"event":{"count":1,"data":{"created":1574887697150},"id":"registered"}}
{"recorder_version":"21","session":"c6a765029c67","build":"192.6262.58","bucket":"189","time":1574887697143,"group":{"id":"json.schema","version":"1"},"event":{"count":1,"data":{"created":1574887697151},"id":"registered"}}
{"recorder_version":"21","session":"c6a765029c67","build":"192.6262.58","bucket":"189","time":1574887697143,"group":{"id":"kotlin.jps.target","version":"1"},"event":{"count":1,"data":{"created":1574887697151},"id":"registered"}}
{"recorder_version":"21","session":"c6a765029c67","build":"192.6262.58","bucket":"189","time":1574887697143,"group":{"id":"terminalShell","version":"1"},"event":{"count":1,"data":{"created":1574887697151},"id":"registered"}}
{"recorder_version":"21","session":"c6a765029c67","build":"192.6262.58","bucket":"189","time":1574887697143,"group":{"id":"completion.postfix","version":"21"},"event":{"count":1,"data":{"created":1574887697151},"id":"registered"}}
{"recorder_version":"21","session":"c6a765029c67","build":"192.6262.58","bucket":"189","time":1574887697143,"group":{"id":"build.ant.actions","version":"1"},"event":{"count":1,"data":{"created":1574887697151},"id":"registered"}}
{"recorder_version":"21","session":"c6a765029c67","build":"192.6262.58","bucket":"189","time":1574887697143,"group":{"id":"actions","version":"21"},"event":{"count":1,"data":{"created":1574887697152},"id":"registered"}}
{"recorder_version":"21","session":"c6a765029c67","build":"192.6262.58","bucket":"189","time":1574887697143,"group":{"id":"event.log","version":"21"},"event":{"count":1,"data":{"created":1574887697152},"id":"registered"}}
{"recorder_version":"21","session":"c6a765029c67","build":"192.6262.58","bucket":"189","time":1574887697143,"group":{"id":"run.configuration.exec","version":"21"},"event":{"count":1,"data":{"created":1574887697152},"id":"registered"}}
{"recorder_version":"21","session":"c6a765029c67","build":"192.6262.58","bucket":"189","time":1574887697143,"group":{"id":"build.maven.packagesearch","version":"2"},"event":{"count":1,"data":{"created":1574887697152},"id":"registered"}}
{"recorder_version":"21","session":"c6a765029c67","build":"192.6262.58","bucket":"189","time":1574887698345,"group":{"id":"performance","version":"21"},"event":{"count":1,"data":{"duration_ms":0,"created":1574887698345},"id":"ui.latency"}}
{"recorder_version":"21","session":"c6a765029c67","build":"192.6262.58","bucket":"189","time":1574887729459,"group":{"id":"lifecycle","version":"21"},"event":{"count":1,"data":{"created":1574887729459,"project":"4452600da3b350ab41d92ae108c2baae6ff0ac3ddb31bd67020ee046ec77ac09"},"id":"frame.activated"}}
{"recorder_version":"21","session":"c6a765029c67","build":"192.6262.58","bucket":"189","time":1574887735926,"group":{"id":"lifecycle","version":"21"},"event":{"count":1,"data":{"restart":false,"created":1574887735926},"id":"ide.close"}}
{"recorder_version":"21","session":"c6a765029c67","build":"192.6262.58","bucket":"189","time":1574887735932,"group":{"id":"lifecycle","version":"21"},"event":{"count":1,"data":{"created":1574887735933,"project":"4452600da3b350ab41d92ae108c2baae6ff0ac3ddb31bd67020ee046ec77ac09"},"id":"frame.deactivated"}}
{"recorder_version":"21","session":"c6a765029c67","build":"192.6262.58","bucket":"189","time":1574887735951,"group":{"id":"lifecycle","version":"21"},"event":{"count":1,"data":{"created":1574887735951,"project":"4452600da3b350ab41d92ae108c2baae6ff0ac3ddb31bd67020ee046ec77ac09"},"id":"frame.activated"}}
{"recorder_version":"21","session":"c6a765029c67","build":"192.6262.58","bucket":"189","time":1574887736058,"group":{"id":"lifecycle","version":"21"},"event":{"count":1,"data":{"created":1574887736058,"project":"4452600da3b350ab41d92ae108c2baae6ff0ac3ddb31bd67020ee046ec77ac09"},"id":"project.closed"}}
