{"recorder_version":"21","session":"2b282baff454","build":"192.6262.58","bucket":"189","time":1574435348696,"group":{"id":"settings","version":"4"},"event":{"state":true,"data":{"component":"NotRoamableUiSettings","created":1574435348837},"id":"invoked"}}
{"recorder_version":"21","session":"2b282baff454","build":"192.6262.58","bucket":"189","time":1574435348698,"group":{"id":"settings","version":"4"},"event":{"state":true,"data":{"component":"UISettings","created":1574435348838},"id":"invoked"}}
{"recorder_version":"21","session":"2b282baff454","build":"192.6262.58","bucket":"189","time":1574435348698,"group":{"id":"system.java","version":"1"},"event":{"state":true,"data":{"created":1574435348847,"version":"1.11"},"id":"JetBrains"}}
{"recorder_version":"21","session":"2b282baff454","build":"192.6262.58","bucket":"189","time":1574435348698,"group":{"id":"system.java","version":"1"},"event":{"state":true,"data":{"created":1574435348847},"id":"invoked"}}
{"recorder_version":"21","session":"2b282baff454","build":"192.6262.58","bucket":"189","time":1574435348719,"group":{"id":"system.os","version":"3"},"event":{"state":true,"data":{"created":1574435348848,"version":"10.14"},"id":"Mac"}}
{"recorder_version":"21","session":"2b282baff454","build":"192.6262.58","bucket":"189","time":1574435348719,"group":{"id":"system.os","version":"3"},"event":{"state":true,"data":{"created":1574435348849,"name":"Mac","version":"10.14"},"id":"os.name"}}
{"recorder_version":"21","session":"2b282baff454","build":"192.6262.58","bucket":"189","time":1574435348719,"group":{"id":"system.os","version":"3"},"event":{"state":true,"data":{"created":1574435348850,"value":"+09_00"},"id":"os.timezone"}}
{"recorder_version":"21","session":"2b282baff454","build":"192.6262.58","bucket":"189","time":1574435348719,"group":{"id":"system.os","version":"3"},"event":{"state":true,"data":{"created":1574435348850},"id":"invoked"}}
{"recorder_version":"21","session":"2b282baff454","build":"192.6262.58","bucket":"189","time":1574435348836,"group":{"id":"event.log","version":"21"},"event":{"count":1,"data":{"created":1574435348851,"version":"916.0"},"id":"whitelist.loaded"}}
{"recorder_version":"21","session":"2b282baff454","build":"192.6262.58","bucket":"189","time":1574435351005,"group":{"id":"settings","version":"4"},"event":{"state":true,"data":{"component":"UpdatesConfigurable","created":1574435351006,"name":"checkNeeded","type":"bool","value":false},"id":"not.default"}}
{"recorder_version":"21","session":"2b282baff454","build":"192.6262.58","bucket":"189","time":1574435351005,"group":{"id":"settings","version":"4"},"event":{"state":true,"data":{"component":"UpdatesConfigurable","created":1574435351007},"id":"invoked"}}
{"recorder_version":"21","session":"2b282baff454","build":"192.6262.58","bucket":"189","time":1574435351118,"group":{"id":"settings","version":"4"},"event":{"state":true,"data":{"component":"GeneralSettings","created":1574435351118,"name":"confirmExit","type":"bool","value":false},"id":"not.default"}}
{"recorder_version":"21","session":"2b282baff454","build":"192.6262.58","bucket":"189","time":1574435351118,"group":{"id":"settings","version":"4"},"event":{"state":true,"data":{"component":"GeneralSettings","created":1574435351122,"name":"showTipsOnStartup","type":"bool","value":false},"id":"not.default"}}
{"recorder_version":"21","session":"2b282baff454","build":"192.6262.58","bucket":"189","time":1574435351118,"group":{"id":"settings","version":"4"},"event":{"state":true,"data":{"component":"GeneralSettings","created":1574435351124},"id":"invoked"}}
{"recorder_version":"21","session":"2b282baff454","build":"192.6262.58","bucket":"189","time":1574435351125,"group":{"id":"lifecycle","version":"21"},"event":{"count":1,"data":{"internal":true,"eap":false,"created":1574435351125},"id":"ide.start"}}
{"recorder_version":"21","session":"2b282baff454","build":"192.6262.58","bucket":"189","time":1574435351415,"group":{"id":"lifecycle","version":"21"},"event":{"count":1,"data":{"created":1574435351416},"id":"frame.activated"}}
{"recorder_version":"21","session":"2b282baff454","build":"192.6262.58","bucket":"189","time":1574435351697,"group":{"id":"performance","version":"21"},"event":{"count":1,"data":{"duration_ms":1,"created":1574435351698},"id":"ui.latency"}}
{"recorder_version":"21","session":"2b282baff454","build":"192.6262.58","bucket":"189","time":1574435351903,"group":{"id":"ui.dialogs","version":"21"},"event":{"count":1,"data":{"created":1574435351903,"plugin_type":"PLATFORM","type":"show"},"id":"com.intellij.openapi.progress.util.ProgressDialog$MyDialogWrapper"}}
{"recorder_version":"21","session":"2b282baff454","build":"192.6262.58","bucket":"189","time":1574435353051,"group":{"id":"lifecycle","version":"21"},"event":{"count":1,"data":{"created":1574435353051,"project":"a0f12fb42952fc36a102045bdbb22ad1f15aa9443e9c675024683f4da70c8bc4"},"id":"project.opened"}}
{"recorder_version":"21","session":"2b282baff454","build":"192.6262.58","bucket":"189","time":1574435353829,"group":{"id":"performance","version":"21"},"event":{"count":1,"data":{"duration_ms":126,"created":1574435353829},"id":"ui.lagging"}}
{"recorder_version":"21","session":"2b282baff454","build":"192.6262.58","bucket":"189","time":1574435354780,"group":{"id":"settings","version":"4"},"event":{"state":true,"data":{"component":"XmlEditorOptions","created":1574435354780},"id":"invoked"}}
{"recorder_version":"21","session":"2b282baff454","build":"192.6262.58","bucket":"189","time":1574435354869,"group":{"id":"performance","version":"21"},"event":{"count":1,"data":{"duration_ms":152,"created":1574435354869},"id":"ui.lagging"}}
{"recorder_version":"21","session":"2b282baff454","build":"192.6262.58","bucket":"189","time":1574435355064,"group":{"id":"toolwindow","version":"21"},"event":{"count":1,"data":{"os":"Mac","created":1574435355064,"plugin_type":"PLATFORM"},"id":"Project"}}
{"recorder_version":"21","session":"2b282baff454","build":"192.6262.58","bucket":"189","time":1574435355836,"group":{"id":"performance","version":"21"},"event":{"count":1,"data":{"duration_ms":119,"created":1574435355836},"id":"ui.lagging"}}
{"recorder_version":"21","session":"2b282baff454","build":"192.6262.58","bucket":"189","time":1574435357242,"group":{"id":"project.fs","version":"1"},"event":{"state":true,"data":{"os":"Mac","cs-project":false,"created":1574435357242,"project":"a0f12fb42952fc36a102045bdbb22ad1f15aa9443e9c675024683f4da70c8bc4","cs-implicit":true,"cs-system":false},"id":"case-sensitivity"}}
{"recorder_version":"21","session":"2b282baff454","build":"192.6262.58","bucket":"189","time":1574435357243,"group":{"id":"project.fs","version":"1"},"event":{"state":true,"data":{"created":1574435357243},"id":"invoked"}}
{"recorder_version":"21","session":"2b282baff454","build":"192.6262.58","bucket":"189","time":1574435357244,"group":{"id":"project.fs","version":"1"},"event":{"state":true,"data":{"pct-non-watched":0,"created":1574435357244,"project":"a0f12fb42952fc36a102045bdbb22ad1f15aa9443e9c675024683f4da70c8bc4"},"id":"roots-watched"}}
{"recorder_version":"21","session":"2b282baff454","build":"192.6262.58","bucket":"189","time":1574435357244,"group":{"id":"project.fs","version":"1"},"event":{"state":true,"data":{"created":1574435357244},"id":"invoked"}}
{"recorder_version":"21","session":"2b282baff454","build":"192.6262.58","bucket":"189","time":1574435357324,"group":{"id":"ui.dialogs","version":"21"},"event":{"count":1,"data":{"code":1,"created":1574435357325,"plugin_type":"PLATFORM","type":"close"},"id":"com.intellij.openapi.progress.util.ProgressDialog$MyDialogWrapper"}}
{"recorder_version":"21","session":"2b282baff454","build":"192.6262.58","bucket":"189","time":1574435357781,"group":{"id":"lifecycle","version":"21"},"event":{"count":1,"data":{"duration_ms":6129,"created":1574435357781,"project":"a0f12fb42952fc36a102045bdbb22ad1f15aa9443e9c675024683f4da70c8bc4"},"id":"project.opening.finished"}}
{"recorder_version":"21","session":"2b282baff454","build":"192.6262.58","bucket":"189","time":1574435358244,"group":{"id":"kotlin.jps.target","version":"1"},"event":{"count":1,"data":{"plugin_version":"1.3.41-release-IJ2019.2-1","created":1574435358244},"id":"jvm"}}
{"recorder_version":"21","session":"2b282baff454","build":"192.6262.58","bucket":"189","time":1574435361051,"group":{"id":"file.types.usage","version":"21"},"event":{"count":1,"data":{"plugin":"com.intellij.java","created":1574435361051,"plugin_type":"JB_BUNDLED","project":"a0f12fb42952fc36a102045bdbb22ad1f15aa9443e9c675024683f4da70c8bc4","type":"edit"},"id":"JAVA"}}
{"recorder_version":"21","session":"2b282baff454","build":"192.6262.58","bucket":"189","time":1574435364778,"group":{"id":"actions","version":"21"},"event":{"count":19,"data":{"context_menu":false,"last":1574435371515,"created":1574435364778,"plugin_type":"PLATFORM","project":"a0f12fb42952fc36a102045bdbb22ad1f15aa9443e9c675024683f4da70c8bc4","place":"keyboard_shortcut","class":"com.intellij.openapi.editor.actions.BackspaceAction","input_event":"Backspace"},"id":"EditorBackSpace"}}
{"recorder_version":"21","session":"2b282baff454","build":"192.6262.58","bucket":"189","time":1574435379216,"group":{"id":"ui.dialogs","version":"21"},"event":{"count":1,"data":{"created":1574435379216,"plugin_type":"PLATFORM","type":"show"},"id":"com.intellij.openapi.progress.util.ProgressDialog$MyDialogWrapper"}}
{"recorder_version":"21","session":"2b282baff454","build":"192.6262.58","bucket":"189","time":1574435379280,"group":{"id":"lifecycle","version":"21"},"event":{"count":1,"data":{"created":1574435379280,"project":"a0f12fb42952fc36a102045bdbb22ad1f15aa9443e9c675024683f4da70c8bc4"},"id":"project.closed"}}
{"recorder_version":"21","session":"2b282baff454","build":"192.6262.58","bucket":"189","time":1574435379342,"group":{"id":"ui.dialogs","version":"21"},"event":{"count":1,"data":{"code":1,"created":1574435379342,"plugin_type":"PLATFORM","type":"close"},"id":"com.intellij.openapi.progress.util.ProgressDialog$MyDialogWrapper"}}
{"recorder_version":"21","session":"2b282baff454","build":"192.6262.58","bucket":"189","time":1574435380914,"group":{"id":"lifecycle","version":"21"},"event":{"count":1,"data":{"restart":false,"created":1574435380914},"id":"ide.close"}}
