{"recorder_version":"21","session":"b2bb539dc74f","build":"192.6262.58","bucket":"189","time":1574435774870,"group":{"id":"settings","version":"4"},"event":{"state":true,"data":{"component":"NotRoamableUiSettings","created":1574435775040},"id":"invoked"}}
{"recorder_version":"21","session":"b2bb539dc74f","build":"192.6262.58","bucket":"189","time":1574435774872,"group":{"id":"system.java","version":"1"},"event":{"state":true,"data":{"created":1574435775042,"version":"1.11"},"id":"JetBrains"}}
{"recorder_version":"21","session":"b2bb539dc74f","build":"192.6262.58","bucket":"189","time":1574435774872,"group":{"id":"system.java","version":"1"},"event":{"state":true,"data":{"created":1574435775052},"id":"invoked"}}
{"recorder_version":"21","session":"b2bb539dc74f","build":"192.6262.58","bucket":"189","time":1574435774872,"group":{"id":"settings","version":"4"},"event":{"state":true,"data":{"component":"UISettings","created":1574435775053},"id":"invoked"}}
{"recorder_version":"21","session":"b2bb539dc74f","build":"192.6262.58","bucket":"189","time":1574435774892,"group":{"id":"system.os","version":"3"},"event":{"state":true,"data":{"created":1574435775053,"version":"10.14"},"id":"Mac"}}
{"recorder_version":"21","session":"b2bb539dc74f","build":"192.6262.58","bucket":"189","time":1574435774892,"group":{"id":"system.os","version":"3"},"event":{"state":true,"data":{"created":1574435775054,"name":"Mac","version":"10.14"},"id":"os.name"}}
{"recorder_version":"21","session":"b2bb539dc74f","build":"192.6262.58","bucket":"189","time":1574435774892,"group":{"id":"system.os","version":"3"},"event":{"state":true,"data":{"created":1574435775056,"value":"+09_00"},"id":"os.timezone"}}
{"recorder_version":"21","session":"b2bb539dc74f","build":"192.6262.58","bucket":"189","time":1574435774892,"group":{"id":"system.os","version":"3"},"event":{"state":true,"data":{"created":1574435775057},"id":"invoked"}}
{"recorder_version":"21","session":"b2bb539dc74f","build":"192.6262.58","bucket":"189","time":1574435775039,"group":{"id":"event.log","version":"21"},"event":{"count":1,"data":{"created":1574435775057,"version":"916.0"},"id":"whitelist.loaded"}}
{"recorder_version":"21","session":"b2bb539dc74f","build":"192.6262.58","bucket":"189","time":1574435777265,"group":{"id":"settings","version":"4"},"event":{"state":true,"data":{"component":"UpdatesConfigurable","created":1574435777266,"name":"checkNeeded","type":"bool","value":false},"id":"not.default"}}
{"recorder_version":"21","session":"b2bb539dc74f","build":"192.6262.58","bucket":"189","time":1574435777265,"group":{"id":"settings","version":"4"},"event":{"state":true,"data":{"component":"UpdatesConfigurable","created":1574435777267},"id":"invoked"}}
{"recorder_version":"21","session":"b2bb539dc74f","build":"192.6262.58","bucket":"189","time":1574435777751,"group":{"id":"lifecycle","version":"21"},"event":{"count":1,"data":{"internal":true,"eap":false,"created":1574435777752},"id":"ide.start"}}
{"recorder_version":"21","session":"b2bb539dc74f","build":"192.6262.58","bucket":"189","time":1574435777755,"group":{"id":"settings","version":"4"},"event":{"state":true,"data":{"component":"GeneralSettings","created":1574435777755,"name":"confirmExit","type":"bool","value":false},"id":"not.default"}}
{"recorder_version":"21","session":"b2bb539dc74f","build":"192.6262.58","bucket":"189","time":1574435777755,"group":{"id":"settings","version":"4"},"event":{"state":true,"data":{"component":"GeneralSettings","created":1574435777756,"name":"showTipsOnStartup","type":"bool","value":false},"id":"not.default"}}
{"recorder_version":"21","session":"b2bb539dc74f","build":"192.6262.58","bucket":"189","time":1574435777755,"group":{"id":"settings","version":"4"},"event":{"state":true,"data":{"component":"GeneralSettings","created":1574435777757},"id":"invoked"}}
{"recorder_version":"21","session":"b2bb539dc74f","build":"192.6262.58","bucket":"189","time":1574435777949,"group":{"id":"performance","version":"21"},"event":{"count":1,"data":{"duration_ms":16,"created":1574435777949},"id":"ui.latency"}}
{"recorder_version":"21","session":"b2bb539dc74f","build":"192.6262.58","bucket":"189","time":1574435778366,"group":{"id":"settings","version":"4"},"event":{"state":true,"data":{"component":"XmlEditorOptions","created":1574435778366},"id":"invoked"}}
{"recorder_version":"21","session":"b2bb539dc74f","build":"192.6262.58","bucket":"189","time":1574435779064,"group":{"id":"performance","version":"21"},"event":{"count":1,"data":{"duration_ms":130,"created":1574435779065},"id":"ui.lagging"}}
{"recorder_version":"21","session":"b2bb539dc74f","build":"192.6262.58","bucket":"189","time":1574435779468,"group":{"id":"ui.dialogs","version":"21"},"event":{"count":1,"data":{"created":1574435779468,"plugin_type":"PLATFORM","type":"show"},"id":"com.intellij.openapi.progress.util.ProgressDialog$MyDialogWrapper"}}
{"recorder_version":"21","session":"b2bb539dc74f","build":"192.6262.58","bucket":"189","time":1574435780296,"group":{"id":"lifecycle","version":"21"},"event":{"count":1,"data":{"created":1574435780296,"project":"a0f12fb42952fc36a102045bdbb22ad1f15aa9443e9c675024683f4da70c8bc4"},"id":"project.opened"}}
{"recorder_version":"21","session":"b2bb539dc74f","build":"192.6262.58","bucket":"189","time":1574435782135,"group":{"id":"toolwindow","version":"21"},"event":{"count":1,"data":{"os":"Mac","created":1574435782135,"plugin_type":"PLATFORM"},"id":"Project"}}
{"recorder_version":"21","session":"b2bb539dc74f","build":"192.6262.58","bucket":"189","time":1574435783050,"group":{"id":"performance","version":"21"},"event":{"count":1,"data":{"duration_ms":113,"created":1574435783051},"id":"ui.lagging"}}
{"recorder_version":"21","session":"b2bb539dc74f","build":"192.6262.58","bucket":"189","time":1574435783668,"group":{"id":"project.fs","version":"1"},"event":{"state":true,"data":{"os":"Mac","cs-project":false,"created":1574435783668,"project":"a0f12fb42952fc36a102045bdbb22ad1f15aa9443e9c675024683f4da70c8bc4","cs-implicit":true,"cs-system":false},"id":"case-sensitivity"}}
{"recorder_version":"21","session":"b2bb539dc74f","build":"192.6262.58","bucket":"189","time":1574435783668,"group":{"id":"project.fs","version":"1"},"event":{"state":true,"data":{"created":1574435783668},"id":"invoked"}}
{"recorder_version":"21","session":"b2bb539dc74f","build":"192.6262.58","bucket":"189","time":1574435783668,"group":{"id":"project.fs","version":"1"},"event":{"state":true,"data":{"pct-non-watched":0,"created":1574435783669,"project":"a0f12fb42952fc36a102045bdbb22ad1f15aa9443e9c675024683f4da70c8bc4"},"id":"roots-watched"}}
{"recorder_version":"21","session":"b2bb539dc74f","build":"192.6262.58","bucket":"189","time":1574435783668,"group":{"id":"project.fs","version":"1"},"event":{"state":true,"data":{"created":1574435783669},"id":"invoked"}}
{"recorder_version":"21","session":"b2bb539dc74f","build":"192.6262.58","bucket":"189","time":1574435783698,"group":{"id":"ui.dialogs","version":"21"},"event":{"count":1,"data":{"code":1,"created":1574435783698,"plugin_type":"PLATFORM","type":"close"},"id":"com.intellij.openapi.progress.util.ProgressDialog$MyDialogWrapper"}}
{"recorder_version":"21","session":"b2bb539dc74f","build":"192.6262.58","bucket":"189","time":1574435783867,"group":{"id":"lifecycle","version":"21"},"event":{"count":1,"data":{"duration_ms":4672,"created":1574435783868,"project":"a0f12fb42952fc36a102045bdbb22ad1f15aa9443e9c675024683f4da70c8bc4"},"id":"project.opening.finished"}}
{"recorder_version":"21","session":"b2bb539dc74f","build":"192.6262.58","bucket":"189","time":1574435784499,"group":{"id":"kotlin.jps.target","version":"1"},"event":{"count":1,"data":{"plugin_version":"1.3.41-release-IJ2019.2-1","created":1574435784499},"id":"jvm"}}
{"recorder_version":"21","session":"b2bb539dc74f","build":"192.6262.58","bucket":"189","time":1574435785090,"group":{"id":"file.types.usage","version":"21"},"event":{"count":1,"data":{"plugin":"com.intellij.java","created":1574435785090,"plugin_type":"JB_BUNDLED","project":"a0f12fb42952fc36a102045bdbb22ad1f15aa9443e9c675024683f4da70c8bc4","type":"edit"},"id":"JAVA"}}
{"recorder_version":"21","session":"b2bb539dc74f","build":"192.6262.58","bucket":"189","time":1574435788782,"group":{"id":"ui.dialogs","version":"21"},"event":{"count":1,"data":{"created":1574435788782,"plugin_type":"PLATFORM","type":"show"},"id":"com.intellij.openapi.progress.util.ProgressDialog$MyDialogWrapper"}}
{"recorder_version":"21","session":"b2bb539dc74f","build":"192.6262.58","bucket":"189","time":1574435788880,"group":{"id":"lifecycle","version":"21"},"event":{"count":1,"data":{"created":1574435788880,"project":"a0f12fb42952fc36a102045bdbb22ad1f15aa9443e9c675024683f4da70c8bc4"},"id":"project.closed"}}
{"recorder_version":"21","session":"b2bb539dc74f","build":"192.6262.58","bucket":"189","time":1574435788965,"group":{"id":"ui.dialogs","version":"21"},"event":{"count":1,"data":{"code":1,"created":1574435788966,"plugin_type":"PLATFORM","type":"close"},"id":"com.intellij.openapi.progress.util.ProgressDialog$MyDialogWrapper"}}
{"recorder_version":"21","session":"b2bb539dc74f","build":"192.6262.58","bucket":"189","time":1574435790174,"group":{"id":"lifecycle","version":"21"},"event":{"count":1,"data":{"restart":false,"created":1574435790174},"id":"ide.close"}}
