{"recorder_version":"21","session":"87bc7f5c7ab8","build":"192.6262.58","bucket":"189","time":1574883864857,"group":{"id":"settings","version":"4"},"event":{"state":true,"data":{"component":"NotRoamableUiSettings","created":1574883865042},"id":"invoked"}}
{"recorder_version":"21","session":"87bc7f5c7ab8","build":"192.6262.58","bucket":"189","time":1574883864859,"group":{"id":"system.java","version":"1"},"event":{"state":true,"data":{"created":1574883865044,"version":"1.11"},"id":"JetBrains"}}
{"recorder_version":"21","session":"87bc7f5c7ab8","build":"192.6262.58","bucket":"189","time":1574883864860,"group":{"id":"system.java","version":"1"},"event":{"state":true,"data":{"created":1574883865052},"id":"invoked"}}
{"recorder_version":"21","session":"87bc7f5c7ab8","build":"192.6262.58","bucket":"189","time":1574883864860,"group":{"id":"settings","version":"4"},"event":{"state":true,"data":{"component":"UISettings","created":1574883865058},"id":"invoked"}}
{"recorder_version":"21","session":"87bc7f5c7ab8","build":"192.6262.58","bucket":"189","time":1574883864896,"group":{"id":"system.os","version":"3"},"event":{"state":true,"data":{"created":1574883865059,"version":"10.14"},"id":"Mac"}}
{"recorder_version":"21","session":"87bc7f5c7ab8","build":"192.6262.58","bucket":"189","time":1574883864896,"group":{"id":"system.os","version":"3"},"event":{"state":true,"data":{"created":1574883865060,"name":"Mac","version":"10.14"},"id":"os.name"}}
{"recorder_version":"21","session":"87bc7f5c7ab8","build":"192.6262.58","bucket":"189","time":1574883864896,"group":{"id":"system.os","version":"3"},"event":{"state":true,"data":{"created":1574883865061,"value":"+09_00"},"id":"os.timezone"}}
{"recorder_version":"21","session":"87bc7f5c7ab8","build":"192.6262.58","bucket":"189","time":1574883864896,"group":{"id":"system.os","version":"3"},"event":{"state":true,"data":{"created":1574883865063},"id":"invoked"}}
{"recorder_version":"21","session":"87bc7f5c7ab8","build":"192.6262.58","bucket":"189","time":1574883865042,"group":{"id":"event.log","version":"21"},"event":{"count":1,"data":{"created":1574883865064,"version":"934.0"},"id":"whitelist.loaded"}}
{"recorder_version":"21","session":"87bc7f5c7ab8","build":"192.6262.58","bucket":"189","time":1574883867185,"group":{"id":"settings","version":"4"},"event":{"state":true,"data":{"component":"UpdatesConfigurable","created":1574883867186,"name":"checkNeeded","type":"bool","value":false},"id":"not.default"}}
{"recorder_version":"21","session":"87bc7f5c7ab8","build":"192.6262.58","bucket":"189","time":1574883867185,"group":{"id":"settings","version":"4"},"event":{"state":true,"data":{"component":"UpdatesConfigurable","created":1574883867187},"id":"invoked"}}
{"recorder_version":"21","session":"87bc7f5c7ab8","build":"192.6262.58","bucket":"189","time":1574883867299,"group":{"id":"settings","version":"4"},"event":{"state":true,"data":{"component":"GeneralSettings","created":1574883867299},"id":"invoked"}}
{"recorder_version":"21","session":"87bc7f5c7ab8","build":"192.6262.58","bucket":"189","time":1574883867308,"group":{"id":"lifecycle","version":"21"},"event":{"count":1,"data":{"internal":true,"eap":false,"created":1574883867308},"id":"ide.start"}}
{"recorder_version":"21","session":"87bc7f5c7ab8","build":"192.6262.58","bucket":"189","time":1574883867628,"group":{"id":"lifecycle","version":"21"},"event":{"count":1,"data":{"created":1574883867628},"id":"frame.activated"}}
{"recorder_version":"21","session":"87bc7f5c7ab8","build":"192.6262.58","bucket":"189","time":1574883867759,"group":{"id":"performance","version":"21"},"event":{"count":1,"data":{"duration_ms":1,"created":1574883867759},"id":"ui.latency"}}
{"recorder_version":"21","session":"87bc7f5c7ab8","build":"192.6262.58","bucket":"189","time":1574883868100,"group":{"id":"ui.dialogs","version":"21"},"event":{"count":1,"data":{"created":1574883868102,"plugin_type":"PLATFORM","type":"show"},"id":"com.intellij.openapi.progress.util.ProgressDialog$MyDialogWrapper"}}
{"recorder_version":"21","session":"87bc7f5c7ab8","build":"192.6262.58","bucket":"189","time":1574883869204,"group":{"id":"lifecycle","version":"21"},"event":{"count":1,"data":{"created":1574883869204,"project":"4452600da3b350ab41d92ae108c2baae6ff0ac3ddb31bd67020ee046ec77ac09"},"id":"project.opened"}}
{"recorder_version":"21","session":"87bc7f5c7ab8","build":"192.6262.58","bucket":"189","time":1574883869928,"group":{"id":"performance","version":"21"},"event":{"count":1,"data":{"duration_ms":163,"created":1574883869928},"id":"ui.lagging"}}
{"recorder_version":"21","session":"87bc7f5c7ab8","build":"192.6262.58","bucket":"189","time":1574883870929,"group":{"id":"settings","version":"4"},"event":{"state":true,"data":{"component":"XmlEditorOptions","created":1574883870929},"id":"invoked"}}
{"recorder_version":"21","session":"87bc7f5c7ab8","build":"192.6262.58","bucket":"189","time":1574883870983,"group":{"id":"performance","version":"21"},"event":{"count":1,"data":{"duration_ms":204,"created":1574883870984},"id":"ui.lagging"}}
{"recorder_version":"21","session":"87bc7f5c7ab8","build":"192.6262.58","bucket":"189","time":1574883872312,"group":{"id":"ui.tips","version":"2"},"event":{"count":1,"data":{"created":1574883872312,"type":"automatically"},"id":"dialog.shown"}}
{"recorder_version":"21","session":"87bc7f5c7ab8","build":"192.6262.58","bucket":"189","time":1574883872467,"group":{"id":"ui.dialogs","version":"21"},"event":{"count":1,"data":{"created":1574883872467,"plugin_type":"PLATFORM","type":"show"},"id":"com.intellij.ide.util.TipDialog"}}
{"recorder_version":"21","session":"87bc7f5c7ab8","build":"192.6262.58","bucket":"189","time":1574883873472,"group":{"id":"project.fs","version":"1"},"event":{"state":true,"data":{"os":"Mac","cs-project":false,"created":1574883873472,"project":"4452600da3b350ab41d92ae108c2baae6ff0ac3ddb31bd67020ee046ec77ac09","cs-implicit":true,"cs-system":false},"id":"case-sensitivity"}}
{"recorder_version":"21","session":"87bc7f5c7ab8","build":"192.6262.58","bucket":"189","time":1574883873472,"group":{"id":"project.fs","version":"1"},"event":{"state":true,"data":{"created":1574883873472},"id":"invoked"}}
{"recorder_version":"21","session":"87bc7f5c7ab8","build":"192.6262.58","bucket":"189","time":1574883873473,"group":{"id":"project.fs","version":"1"},"event":{"state":true,"data":{"pct-non-watched":0,"created":1574883873473,"project":"4452600da3b350ab41d92ae108c2baae6ff0ac3ddb31bd67020ee046ec77ac09"},"id":"roots-watched"}}
{"recorder_version":"21","session":"87bc7f5c7ab8","build":"192.6262.58","bucket":"189","time":1574883873473,"group":{"id":"project.fs","version":"1"},"event":{"state":true,"data":{"created":1574883873473},"id":"invoked"}}
{"recorder_version":"21","session":"87bc7f5c7ab8","build":"192.6262.58","bucket":"189","time":1574883873667,"group":{"id":"ui.dialogs","version":"21"},"event":{"count":1,"data":{"code":1,"created":1574883873667,"plugin_type":"PLATFORM","type":"close"},"id":"com.intellij.openapi.progress.util.ProgressDialog$MyDialogWrapper"}}
{"recorder_version":"21","session":"87bc7f5c7ab8","build":"192.6262.58","bucket":"189","time":1574883873817,"group":{"id":"lifecycle","version":"21"},"event":{"count":1,"data":{"duration_ms":5997,"created":1574883873817,"project":"4452600da3b350ab41d92ae108c2baae6ff0ac3ddb31bd67020ee046ec77ac09"},"id":"project.opening.finished"}}
{"recorder_version":"21","session":"87bc7f5c7ab8","build":"192.6262.58","bucket":"189","time":1574883875160,"group":{"id":"kotlin.jps.target","version":"1"},"event":{"count":2,"data":{"plugin_version":"validation.undefined_rule","last":1574883875160,"created":1574883875160},"id":"validation.undefined_rule"}}
{"recorder_version":"21","session":"87bc7f5c7ab8","build":"192.6262.58","bucket":"189","time":1574883875910,"group":{"id":"vcs.change.reminder","version":"1"},"event":{"count":1,"data":{"created":1574883875911,"project":"4452600da3b350ab41d92ae108c2baae6ff0ac3ddb31bd67020ee046ec77ac09","execution_time":253},"id":"prediction.calculated"}}
{"recorder_version":"21","session":"87bc7f5c7ab8","build":"192.6262.58","bucket":"189","time":1574883876208,"group":{"id":"ui.dialogs","version":"21"},"event":{"count":1,"data":{"code":1,"created":1574883876208,"plugin_type":"PLATFORM","type":"close"},"id":"com.intellij.ide.util.TipDialog"}}
{"recorder_version":"21","session":"87bc7f5c7ab8","build":"192.6262.58","bucket":"189","time":1574883881108,"group":{"id":"file.types.usage","version":"21"},"event":{"count":1,"data":{"plugin":"com.intellij.java","created":1574883881108,"plugin_type":"JB_BUNDLED","project":"4452600da3b350ab41d92ae108c2baae6ff0ac3ddb31bd67020ee046ec77ac09","type":"edit"},"id":"JAVA"}}
{"recorder_version":"21","session":"87bc7f5c7ab8","build":"192.6262.58","bucket":"189","time":1574883883218,"group":{"id":"lifecycle","version":"21"},"event":{"count":1,"data":{"created":1574883883218,"plugin_type":"NOT_LISTED","error":"java.lang.NullPointerException"},"id":"ide.error"}}
{"recorder_version":"21","session":"87bc7f5c7ab8","build":"192.6262.58","bucket":"189","time":1574883885441,"group":{"id":"toolwindow","version":"21"},"event":{"count":2,"data":{"os":"Mac","last":1574883888816,"created":1574883885441,"plugin_type":"NOT_LISTED"},"id":"third.party"}}
{"recorder_version":"21","session":"87bc7f5c7ab8","build":"192.6262.58","bucket":"189","time":1574883896442,"group":{"id":"lifecycle","version":"21"},"event":{"count":1,"data":{"created":1574883896442,"project":"4452600da3b350ab41d92ae108c2baae6ff0ac3ddb31bd67020ee046ec77ac09"},"id":"frame.deactivated"}}
{"recorder_version":"21","session":"87bc7f5c7ab8","build":"192.6262.58","bucket":"189","time":1574883919670,"group":{"id":"lifecycle","version":"21"},"event":{"count":1,"data":{"created":1574883919670,"project":"4452600da3b350ab41d92ae108c2baae6ff0ac3ddb31bd67020ee046ec77ac09"},"id":"frame.activated"}}
{"recorder_version":"21","session":"87bc7f5c7ab8","build":"192.6262.58","bucket":"189","time":1574883919753,"group":{"id":"toolwindow","version":"21"},"event":{"count":1,"data":{"os":"Mac","created":1574883919753,"plugin_type":"NOT_LISTED"},"id":"third.party"}}
{"recorder_version":"21","session":"87bc7f5c7ab8","build":"192.6262.58","bucket":"189","time":1574883930595,"group":{"id":"lifecycle","version":"21"},"event":{"count":1,"data":{"created":1574883930595,"project":"4452600da3b350ab41d92ae108c2baae6ff0ac3ddb31bd67020ee046ec77ac09"},"id":"frame.deactivated"}}
{"recorder_version":"21","session":"87bc7f5c7ab8","build":"192.6262.58","bucket":"189","time":1574883968047,"group":{"id":"performance","version":"21"},"event":{"count":1,"data":{"duration_ms":1,"created":1574883968048},"id":"ui.latency"}}
{"recorder_version":"21","session":"87bc7f5c7ab8","build":"192.6262.58","bucket":"189","time":1574884068338,"group":{"id":"performance","version":"21"},"event":{"count":1,"data":{"duration_ms":0,"created":1574884068338},"id":"ui.latency"}}
{"recorder_version":"21","session":"87bc7f5c7ab8","build":"192.6262.58","bucket":"189","time":1574884082089,"group":{"id":"lifecycle","version":"21"},"event":{"count":1,"data":{"created":1574884082089,"project":"4452600da3b350ab41d92ae108c2baae6ff0ac3ddb31bd67020ee046ec77ac09"},"id":"frame.activated"}}
{"recorder_version":"21","session":"87bc7f5c7ab8","build":"192.6262.58","bucket":"189","time":1574884098541,"group":{"id":"lifecycle","version":"21"},"event":{"count":1,"data":{"created":1574884098541,"project":"4452600da3b350ab41d92ae108c2baae6ff0ac3ddb31bd67020ee046ec77ac09"},"id":"frame.deactivated"}}
{"recorder_version":"21","session":"87bc7f5c7ab8","build":"192.6262.58","bucket":"189","time":1574884099652,"group":{"id":"lifecycle","version":"21"},"event":{"count":1,"data":{"created":1574884099652,"project":"4452600da3b350ab41d92ae108c2baae6ff0ac3ddb31bd67020ee046ec77ac09"},"id":"frame.activated"}}
{"recorder_version":"21","session":"87bc7f5c7ab8","build":"192.6262.58","bucket":"189","time":1574884105280,"group":{"id":"lifecycle","version":"21"},"event":{"count":1,"data":{"restart":false,"created":1574884105280},"id":"ide.close"}}
{"recorder_version":"21","session":"87bc7f5c7ab8","build":"192.6262.58","bucket":"189","time":1574884105282,"group":{"id":"lifecycle","version":"21"},"event":{"count":1,"data":{"created":1574884105282,"project":"4452600da3b350ab41d92ae108c2baae6ff0ac3ddb31bd67020ee046ec77ac09"},"id":"frame.deactivated"}}
{"recorder_version":"21","session":"87bc7f5c7ab8","build":"192.6262.58","bucket":"189","time":1574884105292,"group":{"id":"lifecycle","version":"21"},"event":{"count":1,"data":{"created":1574884105292,"project":"4452600da3b350ab41d92ae108c2baae6ff0ac3ddb31bd67020ee046ec77ac09"},"id":"frame.activated"}}
{"recorder_version":"21","session":"87bc7f5c7ab8","build":"192.6262.58","bucket":"189","time":1574884105387,"group":{"id":"lifecycle","version":"21"},"event":{"count":1,"data":{"created":1574884105387,"project":"4452600da3b350ab41d92ae108c2baae6ff0ac3ddb31bd67020ee046ec77ac09"},"id":"project.closed"}}
