{"recorder_version":"21","session":"031927b625df","build":"192.6262.58","bucket":"189","time":1574783634007,"group":{"id":"settings","version":"4"},"event":{"state":true,"data":{"component":"NotRoamableUiSettings","created":1574783634185},"id":"invoked"}}
{"recorder_version":"21","session":"031927b625df","build":"192.6262.58","bucket":"189","time":1574783634009,"group":{"id":"settings","version":"4"},"event":{"state":true,"data":{"component":"UISettings","created":1574783634187},"id":"invoked"}}
{"recorder_version":"21","session":"031927b625df","build":"192.6262.58","bucket":"189","time":1574783634009,"group":{"id":"system.java","version":"1"},"event":{"state":true,"data":{"created":1574783634197,"version":"1.11"},"id":"JetBrains"}}
{"recorder_version":"21","session":"031927b625df","build":"192.6262.58","bucket":"189","time":1574783634009,"group":{"id":"system.java","version":"1"},"event":{"state":true,"data":{"created":1574783634198},"id":"invoked"}}
{"recorder_version":"21","session":"031927b625df","build":"192.6262.58","bucket":"189","time":1574783634041,"group":{"id":"system.os","version":"3"},"event":{"state":true,"data":{"created":1574783634199,"version":"10.14"},"id":"Mac"}}
{"recorder_version":"21","session":"031927b625df","build":"192.6262.58","bucket":"189","time":1574783634041,"group":{"id":"system.os","version":"3"},"event":{"state":true,"data":{"created":1574783634200,"name":"Mac","version":"10.14"},"id":"os.name"}}
{"recorder_version":"21","session":"031927b625df","build":"192.6262.58","bucket":"189","time":1574783634041,"group":{"id":"system.os","version":"3"},"event":{"state":true,"data":{"created":1574783634203,"value":"+09_00"},"id":"os.timezone"}}
{"recorder_version":"21","session":"031927b625df","build":"192.6262.58","bucket":"189","time":1574783634041,"group":{"id":"system.os","version":"3"},"event":{"state":true,"data":{"created":1574783634204},"id":"invoked"}}
{"recorder_version":"21","session":"031927b625df","build":"192.6262.58","bucket":"189","time":1574783634179,"group":{"id":"event.log","version":"21"},"event":{"count":1,"data":{"created":1574783634205,"version":"925.0"},"id":"whitelist.loaded"}}
{"recorder_version":"21","session":"031927b625df","build":"192.6262.58","bucket":"189","time":1574783636413,"group":{"id":"settings","version":"4"},"event":{"state":true,"data":{"component":"UpdatesConfigurable","created":1574783636413,"name":"checkNeeded","type":"bool","value":false},"id":"not.default"}}
{"recorder_version":"21","session":"031927b625df","build":"192.6262.58","bucket":"189","time":1574783636413,"group":{"id":"settings","version":"4"},"event":{"state":true,"data":{"component":"UpdatesConfigurable","created":1574783636414},"id":"invoked"}}
{"recorder_version":"21","session":"031927b625df","build":"192.6262.58","bucket":"189","time":1574783636526,"group":{"id":"settings","version":"4"},"event":{"state":true,"data":{"component":"GeneralSettings","created":1574783636527,"name":"confirmExit","type":"bool","value":false},"id":"not.default"}}
{"recorder_version":"21","session":"031927b625df","build":"192.6262.58","bucket":"189","time":1574783636526,"group":{"id":"settings","version":"4"},"event":{"state":true,"data":{"component":"GeneralSettings","created":1574783636529,"name":"showTipsOnStartup","type":"bool","value":false},"id":"not.default"}}
{"recorder_version":"21","session":"031927b625df","build":"192.6262.58","bucket":"189","time":1574783636526,"group":{"id":"settings","version":"4"},"event":{"state":true,"data":{"component":"GeneralSettings","created":1574783636530},"id":"invoked"}}
{"recorder_version":"21","session":"031927b625df","build":"192.6262.58","bucket":"189","time":1574783636532,"group":{"id":"lifecycle","version":"21"},"event":{"count":1,"data":{"internal":true,"eap":false,"created":1574783636532},"id":"ide.start"}}
{"recorder_version":"21","session":"031927b625df","build":"192.6262.58","bucket":"189","time":1574783636821,"group":{"id":"lifecycle","version":"21"},"event":{"count":1,"data":{"created":1574783636821},"id":"frame.activated"}}
{"recorder_version":"21","session":"031927b625df","build":"192.6262.58","bucket":"189","time":1574783637066,"group":{"id":"performance","version":"21"},"event":{"count":1,"data":{"duration_ms":1,"created":1574783637067},"id":"ui.latency"}}
{"recorder_version":"21","session":"031927b625df","build":"192.6262.58","bucket":"189","time":1574783637284,"group":{"id":"ui.dialogs","version":"21"},"event":{"count":1,"data":{"created":1574783637284,"plugin_type":"PLATFORM","type":"show"},"id":"com.intellij.openapi.progress.util.ProgressDialog$MyDialogWrapper"}}
{"recorder_version":"21","session":"031927b625df","build":"192.6262.58","bucket":"189","time":1574783638284,"group":{"id":"lifecycle","version":"21"},"event":{"count":1,"data":{"created":1574783638284,"project":"92ddc83aceaa9edad1485397ccc1680a8fd16623aa2c155379eac4aafdb2a559"},"id":"project.opened"}}
{"recorder_version":"21","session":"031927b625df","build":"192.6262.58","bucket":"189","time":1574783639979,"group":{"id":"settings","version":"4"},"event":{"state":true,"data":{"component":"XmlEditorOptions","created":1574783639979},"id":"invoked"}}
{"recorder_version":"21","session":"031927b625df","build":"192.6262.58","bucket":"189","time":1574783640214,"group":{"id":"toolwindow","version":"21"},"event":{"count":1,"data":{"os":"Mac","created":1574783640214,"plugin_type":"PLATFORM"},"id":"Project"}}
{"recorder_version":"21","session":"031927b625df","build":"192.6262.58","bucket":"189","time":1574783641199,"group":{"id":"performance","version":"21"},"event":{"count":1,"data":{"duration_ms":129,"created":1574783641199},"id":"ui.lagging"}}
{"recorder_version":"21","session":"031927b625df","build":"192.6262.58","bucket":"189","time":1574783642234,"group":{"id":"performance","version":"21"},"event":{"count":1,"data":{"duration_ms":155,"created":1574783642234},"id":"ui.lagging"}}
{"recorder_version":"21","session":"031927b625df","build":"192.6262.58","bucket":"189","time":1574783642327,"group":{"id":"kotlin.jps.target","version":"1"},"event":{"count":1,"data":{"plugin_version":"1.3.41-release-IJ2019.2-1","created":1574783642327},"id":"jvm"}}
{"recorder_version":"21","session":"031927b625df","build":"192.6262.58","bucket":"189","time":1574783642348,"group":{"id":"project.fs","version":"1"},"event":{"state":true,"data":{"os":"Mac","cs-project":false,"created":1574783642348,"project":"92ddc83aceaa9edad1485397ccc1680a8fd16623aa2c155379eac4aafdb2a559","cs-implicit":true,"cs-system":false},"id":"case-sensitivity"}}
{"recorder_version":"21","session":"031927b625df","build":"192.6262.58","bucket":"189","time":1574783642348,"group":{"id":"project.fs","version":"1"},"event":{"state":true,"data":{"created":1574783642348},"id":"invoked"}}
{"recorder_version":"21","session":"031927b625df","build":"192.6262.58","bucket":"189","time":1574783642349,"group":{"id":"project.fs","version":"1"},"event":{"state":true,"data":{"pct-non-watched":0,"created":1574783642349,"project":"92ddc83aceaa9edad1485397ccc1680a8fd16623aa2c155379eac4aafdb2a559"},"id":"roots-watched"}}
{"recorder_version":"21","session":"031927b625df","build":"192.6262.58","bucket":"189","time":1574783642349,"group":{"id":"project.fs","version":"1"},"event":{"state":true,"data":{"created":1574783642349},"id":"invoked"}}
{"recorder_version":"21","session":"031927b625df","build":"192.6262.58","bucket":"189","time":1574783642445,"group":{"id":"ui.dialogs","version":"21"},"event":{"count":1,"data":{"code":1,"created":1574783642445,"plugin_type":"PLATFORM","type":"close"},"id":"com.intellij.openapi.progress.util.ProgressDialog$MyDialogWrapper"}}
{"recorder_version":"21","session":"031927b625df","build":"192.6262.58","bucket":"189","time":1574783642579,"group":{"id":"lifecycle","version":"21"},"event":{"count":1,"data":{"duration_ms":5559,"created":1574783642579,"project":"92ddc83aceaa9edad1485397ccc1680a8fd16623aa2c155379eac4aafdb2a559"},"id":"project.opening.finished"}}
{"recorder_version":"21","session":"031927b625df","build":"192.6262.58","bucket":"189","time":1574783644728,"group":{"id":"file.types.usage","version":"21"},"event":{"count":1,"data":{"created":1574783644728,"plugin_type":"PLATFORM","project":"92ddc83aceaa9edad1485397ccc1680a8fd16623aa2c155379eac4aafdb2a559","type":"edit"},"id":"IDEA_MODULE"}}
{"recorder_version":"21","session":"031927b625df","build":"192.6262.58","bucket":"189","time":1574783648183,"group":{"id":"actions","version":"21"},"event":{"count":1,"data":{"context_menu":false,"current_file":"TEXT","created":1574783648183,"plugin_type":"PLATFORM","project":"92ddc83aceaa9edad1485397ccc1680a8fd16623aa2c155379eac4aafdb2a559","place":"keyboard_shortcut","class":"com.intellij.openapi.editor.actions.EnterAction","input_event":"Enter"},"id":"EditorEnter"}}
{"recorder_version":"21","session":"031927b625df","build":"192.6262.58","bucket":"189","time":1574783662194,"group":{"id":"actions","version":"21"},"event":{"count":2,"data":{"context_menu":false,"last":1574783664098,"current_file":"TEXT","created":1574783662194,"plugin_type":"PLATFORM","project":"92ddc83aceaa9edad1485397ccc1680a8fd16623aa2c155379eac4aafdb2a559","place":"keyboard_shortcut","class":"com.intellij.openapi.editor.actions.EnterAction","input_event":"Enter"},"id":"EditorEnter"}}
{"recorder_version":"21","session":"031927b625df","build":"192.6262.58","bucket":"189","time":1574783664956,"group":{"id":"actions","version":"21"},"event":{"count":14,"data":{"context_menu":false,"last":1574783667728,"current_file":"TEXT","created":1574783664956,"plugin_type":"PLATFORM","project":"92ddc83aceaa9edad1485397ccc1680a8fd16623aa2c155379eac4aafdb2a559","place":"keyboard_shortcut","class":"com.intellij.openapi.editor.actions.BackspaceAction","input_event":"Backspace"},"id":"EditorBackSpace"}}
{"recorder_version":"21","session":"031927b625df","build":"192.6262.58","bucket":"189","time":1574783670289,"group":{"id":"actions","version":"21"},"event":{"count":4,"data":{"context_menu":false,"last":1574783671359,"current_file":"TEXT","created":1574783670289,"plugin_type":"PLATFORM","project":"92ddc83aceaa9edad1485397ccc1680a8fd16623aa2c155379eac4aafdb2a559","place":"keyboard_shortcut","class":"com.intellij.openapi.editor.actions.EnterAction","input_event":"Enter"},"id":"EditorEnter"}}
{"recorder_version":"21","session":"031927b625df","build":"192.6262.58","bucket":"189","time":1574783704063,"group":{"id":"lifecycle","version":"21"},"event":{"count":1,"data":{"created":1574783704063,"project":"92ddc83aceaa9edad1485397ccc1680a8fd16623aa2c155379eac4aafdb2a559"},"id":"frame.deactivated"}}
{"recorder_version":"21","session":"031927b625df","build":"192.6262.58","bucket":"189","time":1574783726296,"group":{"id":"lifecycle","version":"21"},"event":{"count":1,"data":{"created":1574783726296,"project":"92ddc83aceaa9edad1485397ccc1680a8fd16623aa2c155379eac4aafdb2a559"},"id":"frame.activated"}}
{"recorder_version":"21","session":"031927b625df","build":"192.6262.58","bucket":"189","time":1574783727033,"group":{"id":"lifecycle","version":"21"},"event":{"count":1,"data":{"restart":false,"created":1574783727033},"id":"ide.close"}}
{"recorder_version":"21","session":"031927b625df","build":"192.6262.58","bucket":"189","time":1574783727123,"group":{"id":"lifecycle","version":"21"},"event":{"count":1,"data":{"created":1574783727123,"project":"92ddc83aceaa9edad1485397ccc1680a8fd16623aa2c155379eac4aafdb2a559"},"id":"project.closed"}}
