{"recorder_version":"21","session":"b3c10a72a7d9","build":"192.6262.58","bucket":"189","time":1574788089661,"group":{"id":"settings","version":"4"},"event":{"state":true,"data":{"component":"NotRoamableUiSettings","created":1574788089946},"id":"invoked"}}
{"recorder_version":"21","session":"b3c10a72a7d9","build":"192.6262.58","bucket":"189","time":1574788089665,"group":{"id":"system.java","version":"1"},"event":{"state":true,"data":{"created":1574788089949,"version":"1.11"},"id":"JetBrains"}}
{"recorder_version":"21","session":"b3c10a72a7d9","build":"192.6262.58","bucket":"189","time":1574788089665,"group":{"id":"system.java","version":"1"},"event":{"state":true,"data":{"created":1574788089960},"id":"invoked"}}
{"recorder_version":"21","session":"b3c10a72a7d9","build":"192.6262.58","bucket":"189","time":1574788089666,"group":{"id":"settings","version":"4"},"event":{"state":true,"data":{"component":"UISettings","created":1574788089961},"id":"invoked"}}
{"recorder_version":"21","session":"b3c10a72a7d9","build":"192.6262.58","bucket":"189","time":1574788089700,"group":{"id":"system.os","version":"3"},"event":{"state":true,"data":{"created":1574788089961,"version":"10.14"},"id":"Mac"}}
{"recorder_version":"21","session":"b3c10a72a7d9","build":"192.6262.58","bucket":"189","time":1574788089700,"group":{"id":"system.os","version":"3"},"event":{"state":true,"data":{"created":1574788089962,"name":"Mac","version":"10.14"},"id":"os.name"}}
{"recorder_version":"21","session":"b3c10a72a7d9","build":"192.6262.58","bucket":"189","time":1574788089700,"group":{"id":"system.os","version":"3"},"event":{"state":true,"data":{"created":1574788089963,"value":"+09_00"},"id":"os.timezone"}}
{"recorder_version":"21","session":"b3c10a72a7d9","build":"192.6262.58","bucket":"189","time":1574788089700,"group":{"id":"system.os","version":"3"},"event":{"state":true,"data":{"created":1574788089964},"id":"invoked"}}
{"recorder_version":"21","session":"b3c10a72a7d9","build":"192.6262.58","bucket":"189","time":1574788089946,"group":{"id":"event.log","version":"21"},"event":{"count":1,"data":{"created":1574788089965,"version":"925.0"},"id":"whitelist.loaded"}}
{"recorder_version":"21","session":"b3c10a72a7d9","build":"192.6262.58","bucket":"189","time":1574788092732,"group":{"id":"settings","version":"4"},"event":{"state":true,"data":{"component":"UpdatesConfigurable","created":1574788092732,"name":"checkNeeded","type":"bool","value":false},"id":"not.default"}}
{"recorder_version":"21","session":"b3c10a72a7d9","build":"192.6262.58","bucket":"189","time":1574788092732,"group":{"id":"settings","version":"4"},"event":{"state":true,"data":{"component":"UpdatesConfigurable","created":1574788092733},"id":"invoked"}}
{"recorder_version":"21","session":"b3c10a72a7d9","build":"192.6262.58","bucket":"189","time":1574788092837,"group":{"id":"settings","version":"4"},"event":{"state":true,"data":{"component":"GeneralSettings","created":1574788092838,"name":"confirmExit","type":"bool","value":false},"id":"not.default"}}
{"recorder_version":"21","session":"b3c10a72a7d9","build":"192.6262.58","bucket":"189","time":1574788092837,"group":{"id":"settings","version":"4"},"event":{"state":true,"data":{"component":"GeneralSettings","created":1574788092840,"name":"showTipsOnStartup","type":"bool","value":false},"id":"not.default"}}
{"recorder_version":"21","session":"b3c10a72a7d9","build":"192.6262.58","bucket":"189","time":1574788092837,"group":{"id":"settings","version":"4"},"event":{"state":true,"data":{"component":"GeneralSettings","created":1574788092842},"id":"invoked"}}
{"recorder_version":"21","session":"b3c10a72a7d9","build":"192.6262.58","bucket":"189","time":1574788092845,"group":{"id":"lifecycle","version":"21"},"event":{"count":1,"data":{"internal":true,"eap":false,"created":1574788092845},"id":"ide.start"}}
{"recorder_version":"21","session":"b3c10a72a7d9","build":"192.6262.58","bucket":"189","time":1574788093103,"group":{"id":"lifecycle","version":"21"},"event":{"count":1,"data":{"created":1574788093103},"id":"frame.activated"}}
{"recorder_version":"21","session":"b3c10a72a7d9","build":"192.6262.58","bucket":"189","time":1574788093268,"group":{"id":"performance","version":"21"},"event":{"count":1,"data":{"duration_ms":1,"created":1574788093268},"id":"ui.latency"}}
{"recorder_version":"21","session":"b3c10a72a7d9","build":"192.6262.58","bucket":"189","time":1574788093549,"group":{"id":"ui.dialogs","version":"21"},"event":{"count":1,"data":{"created":1574788093549,"plugin_type":"PLATFORM","type":"show"},"id":"com.intellij.openapi.progress.util.ProgressDialog$MyDialogWrapper"}}
{"recorder_version":"21","session":"b3c10a72a7d9","build":"192.6262.58","bucket":"189","time":1574788094450,"group":{"id":"lifecycle","version":"21"},"event":{"count":1,"data":{"created":1574788094451,"project":"92ddc83aceaa9edad1485397ccc1680a8fd16623aa2c155379eac4aafdb2a559"},"id":"project.opened"}}
{"recorder_version":"21","session":"b3c10a72a7d9","build":"192.6262.58","bucket":"189","time":1574788095930,"group":{"id":"settings","version":"4"},"event":{"state":true,"data":{"component":"XmlEditorOptions","created":1574788095931},"id":"invoked"}}
{"recorder_version":"21","session":"b3c10a72a7d9","build":"192.6262.58","bucket":"189","time":1574788096280,"group":{"id":"toolwindow","version":"21"},"event":{"count":1,"data":{"os":"Mac","created":1574788096280,"plugin_type":"PLATFORM"},"id":"Project"}}
{"recorder_version":"21","session":"b3c10a72a7d9","build":"192.6262.58","bucket":"189","time":1574788096645,"group":{"id":"performance","version":"21"},"event":{"count":1,"data":{"duration_ms":372,"created":1574788096645},"id":"ui.lagging"}}
{"recorder_version":"21","session":"b3c10a72a7d9","build":"192.6262.58","bucket":"189","time":1574788097443,"group":{"id":"performance","version":"21"},"event":{"count":1,"data":{"duration_ms":165,"created":1574788097444},"id":"ui.lagging"}}
{"recorder_version":"21","session":"b3c10a72a7d9","build":"192.6262.58","bucket":"189","time":1574788099383,"group":{"id":"performance","version":"21"},"event":{"count":1,"data":{"duration_ms":103,"created":1574788099383},"id":"ui.lagging"}}
{"recorder_version":"21","session":"b3c10a72a7d9","build":"192.6262.58","bucket":"189","time":1574788099391,"group":{"id":"project.fs","version":"1"},"event":{"state":true,"data":{"os":"Mac","cs-project":false,"created":1574788099391,"project":"92ddc83aceaa9edad1485397ccc1680a8fd16623aa2c155379eac4aafdb2a559","cs-implicit":true,"cs-system":false},"id":"case-sensitivity"}}
{"recorder_version":"21","session":"b3c10a72a7d9","build":"192.6262.58","bucket":"189","time":1574788099391,"group":{"id":"project.fs","version":"1"},"event":{"state":true,"data":{"created":1574788099392},"id":"invoked"}}
{"recorder_version":"21","session":"b3c10a72a7d9","build":"192.6262.58","bucket":"189","time":1574788099394,"group":{"id":"project.fs","version":"1"},"event":{"state":true,"data":{"pct-non-watched":0,"created":1574788099395,"project":"92ddc83aceaa9edad1485397ccc1680a8fd16623aa2c155379eac4aafdb2a559"},"id":"roots-watched"}}
{"recorder_version":"21","session":"b3c10a72a7d9","build":"192.6262.58","bucket":"189","time":1574788099395,"group":{"id":"project.fs","version":"1"},"event":{"state":true,"data":{"created":1574788099396},"id":"invoked"}}
{"recorder_version":"21","session":"b3c10a72a7d9","build":"192.6262.58","bucket":"189","time":1574788099487,"group":{"id":"ui.dialogs","version":"21"},"event":{"count":1,"data":{"code":1,"created":1574788099488,"plugin_type":"PLATFORM","type":"close"},"id":"com.intellij.openapi.progress.util.ProgressDialog$MyDialogWrapper"}}
{"recorder_version":"21","session":"b3c10a72a7d9","build":"192.6262.58","bucket":"189","time":1574788100113,"group":{"id":"lifecycle","version":"21"},"event":{"count":1,"data":{"duration_ms":6840,"created":1574788100114,"project":"92ddc83aceaa9edad1485397ccc1680a8fd16623aa2c155379eac4aafdb2a559"},"id":"project.opening.finished"}}
{"recorder_version":"21","session":"b3c10a72a7d9","build":"192.6262.58","bucket":"189","time":1574788100543,"group":{"id":"performance","version":"21"},"event":{"count":1,"data":{"duration_ms":262,"created":1574788100543},"id":"ui.lagging"}}
{"recorder_version":"21","session":"b3c10a72a7d9","build":"192.6262.58","bucket":"189","time":1574788101341,"group":{"id":"kotlin.jps.target","version":"1"},"event":{"count":1,"data":{"plugin_version":"1.3.41-release-IJ2019.2-1","created":1574788101342},"id":"jvm"}}
{"recorder_version":"21","session":"b3c10a72a7d9","build":"192.6262.58","bucket":"189","time":1574788102904,"group":{"id":"file.types.usage","version":"21"},"event":{"count":1,"data":{"created":1574788102904,"plugin_type":"PLATFORM","project":"92ddc83aceaa9edad1485397ccc1680a8fd16623aa2c155379eac4aafdb2a559","type":"edit"},"id":"IDEA_MODULE"}}
{"recorder_version":"21","session":"b3c10a72a7d9","build":"192.6262.58","bucket":"189","time":1574788107212,"group":{"id":"actions","version":"21"},"event":{"count":9,"data":{"context_menu":false,"last":1574788110463,"current_file":"TEXT","created":1574788107212,"plugin_type":"PLATFORM","project":"92ddc83aceaa9edad1485397ccc1680a8fd16623aa2c155379eac4aafdb2a559","place":"keyboard_shortcut","class":"com.intellij.openapi.editor.actions.BackspaceAction","input_event":"Backspace"},"id":"EditorBackSpace"}}
{"recorder_version":"21","session":"b3c10a72a7d9","build":"192.6262.58","bucket":"189","time":1574788113521,"group":{"id":"lifecycle","version":"21"},"event":{"count":1,"data":{"created":1574788113522,"project":"92ddc83aceaa9edad1485397ccc1680a8fd16623aa2c155379eac4aafdb2a559"},"id":"frame.deactivated"}}
{"recorder_version":"21","session":"b3c10a72a7d9","build":"192.6262.58","bucket":"189","time":1574788193530,"group":{"id":"performance","version":"21"},"event":{"count":1,"data":{"duration_ms":0,"created":1574788193531},"id":"ui.latency"}}
{"recorder_version":"21","session":"b3c10a72a7d9","build":"192.6262.58","bucket":"189","time":1574788229604,"group":{"id":"lifecycle","version":"21"},"event":{"count":1,"data":{"created":1574788229604,"project":"92ddc83aceaa9edad1485397ccc1680a8fd16623aa2c155379eac4aafdb2a559"},"id":"frame.activated"}}
{"recorder_version":"21","session":"b3c10a72a7d9","build":"192.6262.58","bucket":"189","time":1574788230092,"group":{"id":"lifecycle","version":"21"},"event":{"count":1,"data":{"restart":false,"created":1574788230092},"id":"ide.close"}}
{"recorder_version":"21","session":"b3c10a72a7d9","build":"192.6262.58","bucket":"189","time":1574788230186,"group":{"id":"lifecycle","version":"21"},"event":{"count":1,"data":{"created":1574788230186,"project":"92ddc83aceaa9edad1485397ccc1680a8fd16623aa2c155379eac4aafdb2a559"},"id":"project.closed"}}
