{"recorder_version":"21","session":"6c8e026438c1","build":"192.6262.58","bucket":"189","time":1574797433145,"group":{"id":"settings","version":"4"},"event":{"state":true,"data":{"component":"NotRoamableUiSettings","created":1574797433282},"id":"invoked"}}
{"recorder_version":"21","session":"6c8e026438c1","build":"192.6262.58","bucket":"189","time":1574797433148,"group":{"id":"settings","version":"4"},"event":{"state":true,"data":{"component":"UISettings","created":1574797433283},"id":"invoked"}}
{"recorder_version":"21","session":"6c8e026438c1","build":"192.6262.58","bucket":"189","time":1574797433148,"group":{"id":"system.java","version":"1"},"event":{"state":true,"data":{"created":1574797433302,"version":"1.11"},"id":"JetBrains"}}
{"recorder_version":"21","session":"6c8e026438c1","build":"192.6262.58","bucket":"189","time":1574797433148,"group":{"id":"system.java","version":"1"},"event":{"state":true,"data":{"created":1574797433302},"id":"invoked"}}
{"recorder_version":"21","session":"6c8e026438c1","build":"192.6262.58","bucket":"189","time":1574797433168,"group":{"id":"system.os","version":"3"},"event":{"state":true,"data":{"created":1574797433304,"version":"10.14"},"id":"Mac"}}
{"recorder_version":"21","session":"6c8e026438c1","build":"192.6262.58","bucket":"189","time":1574797433168,"group":{"id":"system.os","version":"3"},"event":{"state":true,"data":{"created":1574797433305,"name":"Mac","version":"10.14"},"id":"os.name"}}
{"recorder_version":"21","session":"6c8e026438c1","build":"192.6262.58","bucket":"189","time":1574797433168,"group":{"id":"system.os","version":"3"},"event":{"state":true,"data":{"created":1574797433306,"value":"+09_00"},"id":"os.timezone"}}
{"recorder_version":"21","session":"6c8e026438c1","build":"192.6262.58","bucket":"189","time":1574797433168,"group":{"id":"system.os","version":"3"},"event":{"state":true,"data":{"created":1574797433306},"id":"invoked"}}
{"recorder_version":"21","session":"6c8e026438c1","build":"192.6262.58","bucket":"189","time":1574797433282,"group":{"id":"event.log","version":"21"},"event":{"count":1,"data":{"created":1574797433307,"version":"925.0"},"id":"whitelist.loaded"}}
{"recorder_version":"21","session":"6c8e026438c1","build":"192.6262.58","bucket":"189","time":1574797435407,"group":{"id":"settings","version":"4"},"event":{"state":true,"data":{"component":"UpdatesConfigurable","created":1574797435407,"name":"checkNeeded","type":"bool","value":false},"id":"not.default"}}
{"recorder_version":"21","session":"6c8e026438c1","build":"192.6262.58","bucket":"189","time":1574797435407,"group":{"id":"settings","version":"4"},"event":{"state":true,"data":{"component":"UpdatesConfigurable","created":1574797435408},"id":"invoked"}}
{"recorder_version":"21","session":"6c8e026438c1","build":"192.6262.58","bucket":"189","time":1574797435508,"group":{"id":"settings","version":"4"},"event":{"state":true,"data":{"component":"GeneralSettings","created":1574797435509,"name":"confirmExit","type":"bool","value":false},"id":"not.default"}}
{"recorder_version":"21","session":"6c8e026438c1","build":"192.6262.58","bucket":"189","time":1574797435508,"group":{"id":"settings","version":"4"},"event":{"state":true,"data":{"component":"GeneralSettings","created":1574797435510,"name":"showTipsOnStartup","type":"bool","value":false},"id":"not.default"}}
{"recorder_version":"21","session":"6c8e026438c1","build":"192.6262.58","bucket":"189","time":1574797435509,"group":{"id":"settings","version":"4"},"event":{"state":true,"data":{"component":"GeneralSettings","created":1574797435514},"id":"invoked"}}
{"recorder_version":"21","session":"6c8e026438c1","build":"192.6262.58","bucket":"189","time":1574797435516,"group":{"id":"lifecycle","version":"21"},"event":{"count":1,"data":{"internal":true,"eap":false,"created":1574797435517},"id":"ide.start"}}
{"recorder_version":"21","session":"6c8e026438c1","build":"192.6262.58","bucket":"189","time":1574797435776,"group":{"id":"lifecycle","version":"21"},"event":{"count":1,"data":{"created":1574797435777},"id":"frame.activated"}}
{"recorder_version":"21","session":"6c8e026438c1","build":"192.6262.58","bucket":"189","time":1574797436095,"group":{"id":"performance","version":"21"},"event":{"count":1,"data":{"duration_ms":0,"created":1574797436095},"id":"ui.latency"}}
{"recorder_version":"21","session":"6c8e026438c1","build":"192.6262.58","bucket":"189","time":1574797436224,"group":{"id":"ui.dialogs","version":"21"},"event":{"count":1,"data":{"created":1574797436224,"plugin_type":"PLATFORM","type":"show"},"id":"com.intellij.openapi.progress.util.ProgressDialog$MyDialogWrapper"}}
{"recorder_version":"21","session":"6c8e026438c1","build":"192.6262.58","bucket":"189","time":1574797437193,"group":{"id":"lifecycle","version":"21"},"event":{"count":1,"data":{"created":1574797437193,"project":"92ddc83aceaa9edad1485397ccc1680a8fd16623aa2c155379eac4aafdb2a559"},"id":"project.opened"}}
{"recorder_version":"21","session":"6c8e026438c1","build":"192.6262.58","bucket":"189","time":1574797438771,"group":{"id":"settings","version":"4"},"event":{"state":true,"data":{"component":"XmlEditorOptions","created":1574797438771},"id":"invoked"}}
{"recorder_version":"21","session":"6c8e026438c1","build":"192.6262.58","bucket":"189","time":1574797438936,"group":{"id":"toolwindow","version":"21"},"event":{"count":1,"data":{"os":"Mac","created":1574797438936,"plugin_type":"PLATFORM"},"id":"Project"}}
{"recorder_version":"21","session":"6c8e026438c1","build":"192.6262.58","bucket":"189","time":1574797439251,"group":{"id":"performance","version":"21"},"event":{"count":1,"data":{"duration_ms":149,"created":1574797439251},"id":"ui.lagging"}}
{"recorder_version":"21","session":"6c8e026438c1","build":"192.6262.58","bucket":"189","time":1574797440962,"group":{"id":"project.fs","version":"1"},"event":{"state":true,"data":{"os":"Mac","cs-project":false,"created":1574797440964,"project":"92ddc83aceaa9edad1485397ccc1680a8fd16623aa2c155379eac4aafdb2a559","cs-implicit":true,"cs-system":false},"id":"case-sensitivity"}}
{"recorder_version":"21","session":"6c8e026438c1","build":"192.6262.58","bucket":"189","time":1574797440963,"group":{"id":"project.fs","version":"1"},"event":{"state":true,"data":{"created":1574797440964},"id":"invoked"}}
{"recorder_version":"21","session":"6c8e026438c1","build":"192.6262.58","bucket":"189","time":1574797440964,"group":{"id":"project.fs","version":"1"},"event":{"state":true,"data":{"pct-non-watched":0,"created":1574797440965,"project":"92ddc83aceaa9edad1485397ccc1680a8fd16623aa2c155379eac4aafdb2a559"},"id":"roots-watched"}}
{"recorder_version":"21","session":"6c8e026438c1","build":"192.6262.58","bucket":"189","time":1574797440964,"group":{"id":"project.fs","version":"1"},"event":{"state":true,"data":{"created":1574797440966},"id":"invoked"}}
{"recorder_version":"21","session":"6c8e026438c1","build":"192.6262.58","bucket":"189","time":1574797441086,"group":{"id":"ui.dialogs","version":"21"},"event":{"count":1,"data":{"code":1,"created":1574797441087,"plugin_type":"PLATFORM","type":"close"},"id":"com.intellij.openapi.progress.util.ProgressDialog$MyDialogWrapper"}}
{"recorder_version":"21","session":"6c8e026438c1","build":"192.6262.58","bucket":"189","time":1574797441164,"group":{"id":"lifecycle","version":"21"},"event":{"count":1,"data":{"duration_ms":5208,"created":1574797441164,"project":"92ddc83aceaa9edad1485397ccc1680a8fd16623aa2c155379eac4aafdb2a559"},"id":"project.opening.finished"}}
{"recorder_version":"21","session":"6c8e026438c1","build":"192.6262.58","bucket":"189","time":1574797442984,"group":{"id":"kotlin.jps.target","version":"1"},"event":{"count":1,"data":{"plugin_version":"1.3.41-release-IJ2019.2-1","created":1574797442984},"id":"jvm"}}
{"recorder_version":"21","session":"6c8e026438c1","build":"192.6262.58","bucket":"189","time":1574797443598,"group":{"id":"file.types.usage","version":"21"},"event":{"count":1,"data":{"created":1574797443598,"plugin_type":"PLATFORM","project":"92ddc83aceaa9edad1485397ccc1680a8fd16623aa2c155379eac4aafdb2a559","type":"edit"},"id":"IDEA_MODULE"}}
{"recorder_version":"21","session":"6c8e026438c1","build":"192.6262.58","bucket":"189","time":1574797463132,"group":{"id":"performance","version":"21"},"event":{"count":1,"data":{"duration_ms":6997,"created":1574797463132},"id":"ui.lagging"}}
{"recorder_version":"21","session":"6c8e026438c1","build":"192.6262.58","bucket":"189","time":1574797463132,"group":{"id":"performance","version":"21"},"event":{"count":1,"data":{"duration_ms":5977,"created":1574797463132},"id":"ui.lagging"}}
{"recorder_version":"21","session":"6c8e026438c1","build":"192.6262.58","bucket":"189","time":1574797463996,"group":{"id":"performance","version":"21"},"event":{"count":1,"data":{"duration_ms":5839,"created":1574797463996},"id":"ui.lagging"}}
{"recorder_version":"21","session":"6c8e026438c1","build":"192.6262.58","bucket":"189","time":1574797463996,"group":{"id":"performance","version":"21"},"event":{"count":1,"data":{"duration_ms":4774,"created":1574797463997},"id":"ui.lagging"}}
{"recorder_version":"21","session":"6c8e026438c1","build":"192.6262.58","bucket":"189","time":1574797463996,"group":{"id":"performance","version":"21"},"event":{"count":1,"data":{"duration_ms":3741,"created":1574797463997},"id":"ui.lagging"}}
{"recorder_version":"21","session":"6c8e026438c1","build":"192.6262.58","bucket":"189","time":1574797464022,"group":{"id":"actions","version":"21"},"event":{"count":1,"data":{"context_menu":false,"created":1574797464022,"plugin_type":"PLATFORM","project":"92ddc83aceaa9edad1485397ccc1680a8fd16623aa2c155379eac4aafdb2a559","place":"keyboard_shortcut","class":"com.intellij.openapi.editor.actions.BackspaceAction","input_event":"Backspace"},"id":"EditorBackSpace"}}
{"recorder_version":"21","session":"6c8e026438c1","build":"192.6262.58","bucket":"189","time":1574797464041,"group":{"id":"performance","version":"21"},"event":{"count":1,"data":{"duration_ms":2783,"created":1574797464041},"id":"ui.lagging"}}
{"recorder_version":"21","session":"6c8e026438c1","build":"192.6262.58","bucket":"189","time":1574797464043,"group":{"id":"performance","version":"21"},"event":{"count":1,"data":{"duration_ms":937,"created":1574797464043},"id":"ui.lagging"}}
{"recorder_version":"21","session":"6c8e026438c1","build":"192.6262.58","bucket":"189","time":1574797464051,"group":{"id":"lifecycle","version":"21"},"event":{"count":1,"data":{"created":1574797464051,"plugin_type":"NOT_LISTED","error":"java.lang.OutOfMemoryError","memory_error_kind":"heap"},"id":"ide.error"}}
{"recorder_version":"21","session":"6c8e026438c1","build":"192.6262.58","bucket":"189","time":1574797464107,"group":{"id":"lifecycle","version":"21"},"event":{"count":1,"data":{"duration_ms":8000,"created":1574797464108,"duration_grouped":"8s"},"id":"ide.freeze"}}
{"recorder_version":"21","session":"6c8e026438c1","build":"192.6262.58","bucket":"189","time":1574797464195,"group":{"id":"ui.dialogs","version":"21"},"event":{"count":1,"data":{"created":1574797464195,"plugin_type":"PLATFORM","type":"show"},"id":"com.intellij.diagnostic.OutOfMemoryDialog"}}
