{"recorder_version":"21","session":"4f84d9dd947c","build":"192.6262.58","bucket":"189","time":1574797957865,"group":{"id":"settings","version":"4"},"event":{"state":true,"data":{"component":"NotRoamableUiSettings","created":1574797958028},"id":"invoked"}}
{"recorder_version":"21","session":"4f84d9dd947c","build":"192.6262.58","bucket":"189","time":1574797957868,"group":{"id":"system.java","version":"1"},"event":{"state":true,"data":{"created":1574797958030,"version":"1.11"},"id":"JetBrains"}}
{"recorder_version":"21","session":"4f84d9dd947c","build":"192.6262.58","bucket":"189","time":1574797957868,"group":{"id":"system.java","version":"1"},"event":{"state":true,"data":{"created":1574797958038},"id":"invoked"}}
{"recorder_version":"21","session":"4f84d9dd947c","build":"192.6262.58","bucket":"189","time":1574797957869,"group":{"id":"settings","version":"4"},"event":{"state":true,"data":{"component":"UISettings","created":1574797958038},"id":"invoked"}}
{"recorder_version":"21","session":"4f84d9dd947c","build":"192.6262.58","bucket":"189","time":1574797957905,"group":{"id":"system.os","version":"3"},"event":{"state":true,"data":{"created":1574797958039,"version":"10.14"},"id":"Mac"}}
{"recorder_version":"21","session":"4f84d9dd947c","build":"192.6262.58","bucket":"189","time":1574797957905,"group":{"id":"system.os","version":"3"},"event":{"state":true,"data":{"created":1574797958040,"name":"Mac","version":"10.14"},"id":"os.name"}}
{"recorder_version":"21","session":"4f84d9dd947c","build":"192.6262.58","bucket":"189","time":1574797957905,"group":{"id":"system.os","version":"3"},"event":{"state":true,"data":{"created":1574797958041,"value":"+09_00"},"id":"os.timezone"}}
{"recorder_version":"21","session":"4f84d9dd947c","build":"192.6262.58","bucket":"189","time":1574797957905,"group":{"id":"system.os","version":"3"},"event":{"state":true,"data":{"created":1574797958042},"id":"invoked"}}
{"recorder_version":"21","session":"4f84d9dd947c","build":"192.6262.58","bucket":"189","time":1574797958027,"group":{"id":"event.log","version":"21"},"event":{"count":1,"data":{"created":1574797958042,"version":"925.0"},"id":"whitelist.loaded"}}
{"recorder_version":"21","session":"4f84d9dd947c","build":"192.6262.58","bucket":"189","time":1574797960303,"group":{"id":"settings","version":"4"},"event":{"state":true,"data":{"component":"UpdatesConfigurable","created":1574797960304,"name":"checkNeeded","type":"bool","value":false},"id":"not.default"}}
{"recorder_version":"21","session":"4f84d9dd947c","build":"192.6262.58","bucket":"189","time":1574797960303,"group":{"id":"settings","version":"4"},"event":{"state":true,"data":{"component":"UpdatesConfigurable","created":1574797960304},"id":"invoked"}}
{"recorder_version":"21","session":"4f84d9dd947c","build":"192.6262.58","bucket":"189","time":1574797960412,"group":{"id":"settings","version":"4"},"event":{"state":true,"data":{"component":"GeneralSettings","created":1574797960412,"name":"confirmExit","type":"bool","value":false},"id":"not.default"}}
{"recorder_version":"21","session":"4f84d9dd947c","build":"192.6262.58","bucket":"189","time":1574797960412,"group":{"id":"settings","version":"4"},"event":{"state":true,"data":{"component":"GeneralSettings","created":1574797960413,"name":"showTipsOnStartup","type":"bool","value":false},"id":"not.default"}}
{"recorder_version":"21","session":"4f84d9dd947c","build":"192.6262.58","bucket":"189","time":1574797960412,"group":{"id":"settings","version":"4"},"event":{"state":true,"data":{"component":"GeneralSettings","created":1574797960415},"id":"invoked"}}
{"recorder_version":"21","session":"4f84d9dd947c","build":"192.6262.58","bucket":"189","time":1574797960418,"group":{"id":"lifecycle","version":"21"},"event":{"count":1,"data":{"internal":true,"eap":false,"created":1574797960419},"id":"ide.start"}}
{"recorder_version":"21","session":"4f84d9dd947c","build":"192.6262.58","bucket":"189","time":1574797960679,"group":{"id":"lifecycle","version":"21"},"event":{"count":1,"data":{"created":1574797960679},"id":"frame.activated"}}
{"recorder_version":"21","session":"4f84d9dd947c","build":"192.6262.58","bucket":"189","time":1574797960983,"group":{"id":"performance","version":"21"},"event":{"count":1,"data":{"duration_ms":0,"created":1574797960983},"id":"ui.latency"}}
{"recorder_version":"21","session":"4f84d9dd947c","build":"192.6262.58","bucket":"189","time":1574797961137,"group":{"id":"ui.dialogs","version":"21"},"event":{"count":1,"data":{"created":1574797961137,"plugin_type":"PLATFORM","type":"show"},"id":"com.intellij.openapi.progress.util.ProgressDialog$MyDialogWrapper"}}
{"recorder_version":"21","session":"4f84d9dd947c","build":"192.6262.58","bucket":"189","time":1574797962097,"group":{"id":"lifecycle","version":"21"},"event":{"count":1,"data":{"created":1574797962097,"project":"92ddc83aceaa9edad1485397ccc1680a8fd16623aa2c155379eac4aafdb2a559"},"id":"project.opened"}}
{"recorder_version":"21","session":"4f84d9dd947c","build":"192.6262.58","bucket":"189","time":1574797963708,"group":{"id":"settings","version":"4"},"event":{"state":true,"data":{"component":"XmlEditorOptions","created":1574797963708},"id":"invoked"}}
{"recorder_version":"21","session":"4f84d9dd947c","build":"192.6262.58","bucket":"189","time":1574797963963,"group":{"id":"toolwindow","version":"21"},"event":{"count":1,"data":{"os":"Mac","created":1574797963963,"plugin_type":"PLATFORM"},"id":"Project"}}
{"recorder_version":"21","session":"4f84d9dd947c","build":"192.6262.58","bucket":"189","time":1574797964272,"group":{"id":"performance","version":"21"},"event":{"count":1,"data":{"duration_ms":287,"created":1574797964272},"id":"ui.lagging"}}
{"recorder_version":"21","session":"4f84d9dd947c","build":"192.6262.58","bucket":"189","time":1574797966017,"group":{"id":"kotlin.jps.target","version":"1"},"event":{"count":1,"data":{"plugin_version":"1.3.41-release-IJ2019.2-1","created":1574797966018},"id":"jvm"}}
{"recorder_version":"21","session":"4f84d9dd947c","build":"192.6262.58","bucket":"189","time":1574797966042,"group":{"id":"project.fs","version":"1"},"event":{"state":true,"data":{"os":"Mac","cs-project":false,"created":1574797966042,"project":"92ddc83aceaa9edad1485397ccc1680a8fd16623aa2c155379eac4aafdb2a559","cs-implicit":true,"cs-system":false},"id":"case-sensitivity"}}
{"recorder_version":"21","session":"4f84d9dd947c","build":"192.6262.58","bucket":"189","time":1574797966042,"group":{"id":"project.fs","version":"1"},"event":{"state":true,"data":{"created":1574797966042},"id":"invoked"}}
{"recorder_version":"21","session":"4f84d9dd947c","build":"192.6262.58","bucket":"189","time":1574797966042,"group":{"id":"project.fs","version":"1"},"event":{"state":true,"data":{"pct-non-watched":0,"created":1574797966043,"project":"92ddc83aceaa9edad1485397ccc1680a8fd16623aa2c155379eac4aafdb2a559"},"id":"roots-watched"}}
{"recorder_version":"21","session":"4f84d9dd947c","build":"192.6262.58","bucket":"189","time":1574797966042,"group":{"id":"project.fs","version":"1"},"event":{"state":true,"data":{"created":1574797966043},"id":"invoked"}}
{"recorder_version":"21","session":"4f84d9dd947c","build":"192.6262.58","bucket":"189","time":1574797966110,"group":{"id":"ui.dialogs","version":"21"},"event":{"count":1,"data":{"code":1,"created":1574797966111,"plugin_type":"PLATFORM","type":"close"},"id":"com.intellij.openapi.progress.util.ProgressDialog$MyDialogWrapper"}}
{"recorder_version":"21","session":"4f84d9dd947c","build":"192.6262.58","bucket":"189","time":1574797966241,"group":{"id":"lifecycle","version":"21"},"event":{"count":1,"data":{"duration_ms":5368,"created":1574797966241,"project":"92ddc83aceaa9edad1485397ccc1680a8fd16623aa2c155379eac4aafdb2a559"},"id":"project.opening.finished"}}
{"recorder_version":"21","session":"4f84d9dd947c","build":"192.6262.58","bucket":"189","time":1574797967618,"group":{"id":"file.types.usage","version":"21"},"event":{"count":1,"data":{"created":1574797967619,"plugin_type":"PLATFORM","project":"92ddc83aceaa9edad1485397ccc1680a8fd16623aa2c155379eac4aafdb2a559","type":"edit"},"id":"IDEA_MODULE"}}
{"recorder_version":"21","session":"4f84d9dd947c","build":"192.6262.58","bucket":"189","time":1574797970467,"group":{"id":"actions","version":"21"},"event":{"count":6,"data":{"context_menu":false,"last":1574797977788,"current_file":"TEXT","created":1574797970467,"plugin_type":"PLATFORM","project":"92ddc83aceaa9edad1485397ccc1680a8fd16623aa2c155379eac4aafdb2a559","place":"keyboard_shortcut","class":"com.intellij.openapi.editor.actions.BackspaceAction","input_event":"Backspace"},"id":"EditorBackSpace"}}
{"recorder_version":"21","session":"4f84d9dd947c","build":"192.6262.58","bucket":"189","time":1574798000790,"group":{"id":"actions","version":"21"},"event":{"count":2,"data":{"context_menu":false,"last":1574798000939,"created":1574798000791,"plugin_type":"PLATFORM","project":"92ddc83aceaa9edad1485397ccc1680a8fd16623aa2c155379eac4aafdb2a559","place":"keyboard_shortcut","class":"com.intellij.openapi.editor.actions.BackspaceAction","input_event":"Backspace"},"id":"EditorBackSpace"}}
{"recorder_version":"21","session":"4f84d9dd947c","build":"192.6262.58","bucket":"189","time":1574798016976,"group":{"id":"lifecycle","version":"21"},"event":{"count":1,"data":{"created":1574798016976,"project":"92ddc83aceaa9edad1485397ccc1680a8fd16623aa2c155379eac4aafdb2a559"},"id":"frame.deactivated"}}
{"recorder_version":"21","session":"4f84d9dd947c","build":"192.6262.58","bucket":"189","time":1574798038752,"group":{"id":"lifecycle","version":"21"},"event":{"count":1,"data":{"created":1574798038752,"project":"92ddc83aceaa9edad1485397ccc1680a8fd16623aa2c155379eac4aafdb2a559"},"id":"frame.activated"}}
{"recorder_version":"21","session":"4f84d9dd947c","build":"192.6262.58","bucket":"189","time":1574798039747,"group":{"id":"file.types.usage","version":"21"},"event":{"count":1,"data":{"created":1574798039747,"plugin_type":"PLATFORM","project":"92ddc83aceaa9edad1485397ccc1680a8fd16623aa2c155379eac4aafdb2a559","type":"edit"},"id":"IDEA_MODULE"}}
{"recorder_version":"21","session":"4f84d9dd947c","build":"192.6262.58","bucket":"189","time":1574798046161,"group":{"id":"actions","version":"21"},"event":{"count":2,"data":{"context_menu":false,"last":1574798046321,"created":1574798046161,"plugin_type":"PLATFORM","project":"92ddc83aceaa9edad1485397ccc1680a8fd16623aa2c155379eac4aafdb2a559","place":"keyboard_shortcut","class":"com.intellij.openapi.editor.actions.BackspaceAction","input_event":"Backspace"},"id":"EditorBackSpace"}}
{"recorder_version":"21","session":"4f84d9dd947c","build":"192.6262.58","bucket":"189","time":1574798055709,"group":{"id":"lifecycle","version":"21"},"event":{"count":1,"data":{"created":1574798055709,"project":"92ddc83aceaa9edad1485397ccc1680a8fd16623aa2c155379eac4aafdb2a559"},"id":"frame.deactivated"}}
{"recorder_version":"21","session":"4f84d9dd947c","build":"192.6262.58","bucket":"189","time":1574798061261,"group":{"id":"performance","version":"21"},"event":{"count":1,"data":{"duration_ms":0,"created":1574798061261},"id":"ui.latency"}}
{"recorder_version":"21","session":"4f84d9dd947c","build":"192.6262.58","bucket":"189","time":1574798079684,"group":{"id":"lifecycle","version":"21"},"event":{"count":1,"data":{"created":1574798079684,"project":"92ddc83aceaa9edad1485397ccc1680a8fd16623aa2c155379eac4aafdb2a559"},"id":"frame.activated"}}
{"recorder_version":"21","session":"4f84d9dd947c","build":"192.6262.58","bucket":"189","time":1574798079954,"group":{"id":"lifecycle","version":"21"},"event":{"count":1,"data":{"restart":false,"created":1574798079954},"id":"ide.close"}}
{"recorder_version":"21","session":"4f84d9dd947c","build":"192.6262.58","bucket":"189","time":1574798080038,"group":{"id":"lifecycle","version":"21"},"event":{"count":1,"data":{"created":1574798080038,"project":"92ddc83aceaa9edad1485397ccc1680a8fd16623aa2c155379eac4aafdb2a559"},"id":"project.closed"}}
