{"recorder_version":"21","session":"3e6c5a1c9db9","build":"192.6262.58","bucket":"189","time":1574628968172,"group":{"id":"settings","version":"4"},"event":{"state":true,"data":{"component":"NotRoamableUiSettings","created":1574628968352},"id":"invoked"}}
{"recorder_version":"21","session":"3e6c5a1c9db9","build":"192.6262.58","bucket":"189","time":1574628968174,"group":{"id":"settings","version":"4"},"event":{"state":true,"data":{"component":"UISettings","created":1574628968354},"id":"invoked"}}
{"recorder_version":"21","session":"3e6c5a1c9db9","build":"192.6262.58","bucket":"189","time":1574628968175,"group":{"id":"system.java","version":"1"},"event":{"state":true,"data":{"created":1574628968363,"version":"1.11"},"id":"JetBrains"}}
{"recorder_version":"21","session":"3e6c5a1c9db9","build":"192.6262.58","bucket":"189","time":1574628968175,"group":{"id":"system.java","version":"1"},"event":{"state":true,"data":{"created":1574628968364},"id":"invoked"}}
{"recorder_version":"21","session":"3e6c5a1c9db9","build":"192.6262.58","bucket":"189","time":1574628968197,"group":{"id":"system.os","version":"3"},"event":{"state":true,"data":{"created":1574628968365,"version":"10.14"},"id":"Mac"}}
{"recorder_version":"21","session":"3e6c5a1c9db9","build":"192.6262.58","bucket":"189","time":1574628968197,"group":{"id":"system.os","version":"3"},"event":{"state":true,"data":{"created":1574628968366,"name":"Mac","version":"10.14"},"id":"os.name"}}
{"recorder_version":"21","session":"3e6c5a1c9db9","build":"192.6262.58","bucket":"189","time":1574628968197,"group":{"id":"system.os","version":"3"},"event":{"state":true,"data":{"created":1574628968368,"value":"+09_00"},"id":"os.timezone"}}
{"recorder_version":"21","session":"3e6c5a1c9db9","build":"192.6262.58","bucket":"189","time":1574628968197,"group":{"id":"system.os","version":"3"},"event":{"state":true,"data":{"created":1574628968369},"id":"invoked"}}
{"recorder_version":"21","session":"3e6c5a1c9db9","build":"192.6262.58","bucket":"189","time":1574628968351,"group":{"id":"event.log","version":"21"},"event":{"count":1,"data":{"created":1574628968370,"version":"919.0"},"id":"whitelist.loaded"}}
{"recorder_version":"21","session":"3e6c5a1c9db9","build":"192.6262.58","bucket":"189","time":1574628970540,"group":{"id":"settings","version":"4"},"event":{"state":true,"data":{"component":"UpdatesConfigurable","created":1574628970541,"name":"checkNeeded","type":"bool","value":false},"id":"not.default"}}
{"recorder_version":"21","session":"3e6c5a1c9db9","build":"192.6262.58","bucket":"189","time":1574628970540,"group":{"id":"settings","version":"4"},"event":{"state":true,"data":{"component":"UpdatesConfigurable","created":1574628970542},"id":"invoked"}}
{"recorder_version":"21","session":"3e6c5a1c9db9","build":"192.6262.58","bucket":"189","time":1574628970694,"group":{"id":"settings","version":"4"},"event":{"state":true,"data":{"component":"GeneralSettings","created":1574628970695,"name":"confirmExit","type":"bool","value":false},"id":"not.default"}}
{"recorder_version":"21","session":"3e6c5a1c9db9","build":"192.6262.58","bucket":"189","time":1574628970694,"group":{"id":"settings","version":"4"},"event":{"state":true,"data":{"component":"GeneralSettings","created":1574628970696,"name":"showTipsOnStartup","type":"bool","value":false},"id":"not.default"}}
{"recorder_version":"21","session":"3e6c5a1c9db9","build":"192.6262.58","bucket":"189","time":1574628970694,"group":{"id":"settings","version":"4"},"event":{"state":true,"data":{"component":"GeneralSettings","created":1574628970696},"id":"invoked"}}
{"recorder_version":"21","session":"3e6c5a1c9db9","build":"192.6262.58","bucket":"189","time":1574628970700,"group":{"id":"lifecycle","version":"21"},"event":{"count":1,"data":{"internal":true,"eap":false,"created":1574628970700},"id":"ide.start"}}
{"recorder_version":"21","session":"3e6c5a1c9db9","build":"192.6262.58","bucket":"189","time":1574628970998,"group":{"id":"lifecycle","version":"21"},"event":{"count":1,"data":{"created":1574628970998},"id":"frame.activated"}}
{"recorder_version":"21","session":"3e6c5a1c9db9","build":"192.6262.58","bucket":"189","time":1574628971176,"group":{"id":"performance","version":"21"},"event":{"count":1,"data":{"duration_ms":2,"created":1574628971176},"id":"ui.latency"}}
{"recorder_version":"21","session":"3e6c5a1c9db9","build":"192.6262.58","bucket":"189","time":1574628971471,"group":{"id":"ui.dialogs","version":"21"},"event":{"count":1,"data":{"created":1574628971471,"plugin_type":"PLATFORM","type":"show"},"id":"com.intellij.openapi.progress.util.ProgressDialog$MyDialogWrapper"}}
{"recorder_version":"21","session":"3e6c5a1c9db9","build":"192.6262.58","bucket":"189","time":1574628972588,"group":{"id":"lifecycle","version":"21"},"event":{"count":1,"data":{"created":1574628972588,"project":"92ddc83aceaa9edad1485397ccc1680a8fd16623aa2c155379eac4aafdb2a559"},"id":"project.opened"}}
{"recorder_version":"21","session":"3e6c5a1c9db9","build":"192.6262.58","bucket":"189","time":1574628973481,"group":{"id":"performance","version":"21"},"event":{"count":1,"data":{"duration_ms":298,"created":1574628973481},"id":"ui.lagging"}}
{"recorder_version":"21","session":"3e6c5a1c9db9","build":"192.6262.58","bucket":"189","time":1574628974457,"group":{"id":"settings","version":"4"},"event":{"state":true,"data":{"component":"XmlEditorOptions","created":1574628974457},"id":"invoked"}}
{"recorder_version":"21","session":"3e6c5a1c9db9","build":"192.6262.58","bucket":"189","time":1574628974556,"group":{"id":"performance","version":"21"},"event":{"count":1,"data":{"duration_ms":371,"created":1574628974556},"id":"ui.lagging"}}
{"recorder_version":"21","session":"3e6c5a1c9db9","build":"192.6262.58","bucket":"189","time":1574628974702,"group":{"id":"toolwindow","version":"21"},"event":{"count":1,"data":{"os":"Mac","created":1574628974702,"plugin_type":"PLATFORM"},"id":"Project"}}
{"recorder_version":"21","session":"3e6c5a1c9db9","build":"192.6262.58","bucket":"189","time":1574628976494,"group":{"id":"kotlin.jps.target","version":"1"},"event":{"count":1,"data":{"plugin_version":"1.3.41-release-IJ2019.2-1","created":1574628976494},"id":"jvm"}}
{"recorder_version":"21","session":"3e6c5a1c9db9","build":"192.6262.58","bucket":"189","time":1574628976843,"group":{"id":"project.fs","version":"1"},"event":{"state":true,"data":{"os":"Mac","cs-project":false,"created":1574628976843,"project":"92ddc83aceaa9edad1485397ccc1680a8fd16623aa2c155379eac4aafdb2a559","cs-implicit":true,"cs-system":false},"id":"case-sensitivity"}}
{"recorder_version":"21","session":"3e6c5a1c9db9","build":"192.6262.58","bucket":"189","time":1574628976843,"group":{"id":"project.fs","version":"1"},"event":{"state":true,"data":{"created":1574628976843},"id":"invoked"}}
{"recorder_version":"21","session":"3e6c5a1c9db9","build":"192.6262.58","bucket":"189","time":1574628976843,"group":{"id":"project.fs","version":"1"},"event":{"state":true,"data":{"pct-non-watched":0,"created":1574628976844,"project":"92ddc83aceaa9edad1485397ccc1680a8fd16623aa2c155379eac4aafdb2a559"},"id":"roots-watched"}}
{"recorder_version":"21","session":"3e6c5a1c9db9","build":"192.6262.58","bucket":"189","time":1574628976844,"group":{"id":"project.fs","version":"1"},"event":{"state":true,"data":{"created":1574628976844},"id":"invoked"}}
{"recorder_version":"21","session":"3e6c5a1c9db9","build":"192.6262.58","bucket":"189","time":1574628977017,"group":{"id":"ui.dialogs","version":"21"},"event":{"count":1,"data":{"code":1,"created":1574628977017,"plugin_type":"PLATFORM","type":"close"},"id":"com.intellij.openapi.progress.util.ProgressDialog$MyDialogWrapper"}}
{"recorder_version":"21","session":"3e6c5a1c9db9","build":"192.6262.58","bucket":"189","time":1574628977077,"group":{"id":"lifecycle","version":"21"},"event":{"count":1,"data":{"duration_ms":5864,"created":1574628977077,"project":"92ddc83aceaa9edad1485397ccc1680a8fd16623aa2c155379eac4aafdb2a559"},"id":"project.opening.finished"}}
{"recorder_version":"21","session":"3e6c5a1c9db9","build":"192.6262.58","bucket":"189","time":1574628977544,"group":{"id":"performance","version":"21"},"event":{"count":1,"data":{"duration_ms":350,"created":1574628977544},"id":"ui.lagging"}}
{"recorder_version":"21","session":"3e6c5a1c9db9","build":"192.6262.58","bucket":"189","time":1574628991410,"group":{"id":"file.types.usage","version":"21"},"event":{"count":1,"data":{"created":1574628991410,"plugin_type":"PLATFORM","project":"92ddc83aceaa9edad1485397ccc1680a8fd16623aa2c155379eac4aafdb2a559","type":"edit"},"id":"IDEA_MODULE"}}
{"recorder_version":"21","session":"3e6c5a1c9db9","build":"192.6262.58","bucket":"189","time":1574629002416,"group":{"id":"lifecycle","version":"21"},"event":{"count":1,"data":{"created":1574629002416,"project":"92ddc83aceaa9edad1485397ccc1680a8fd16623aa2c155379eac4aafdb2a559"},"id":"project.closed"}}
{"recorder_version":"21","session":"3e6c5a1c9db9","build":"192.6262.58","bucket":"189","time":1574629013670,"group":{"id":"lifecycle","version":"21"},"event":{"count":1,"data":{"restart":false,"created":1574629013670},"id":"ide.close"}}
