{"recorder_version":"21","session":"8453dd36ac26","build":"192.6262.58","bucket":"189","time":1574435171511,"group":{"id":"settings","version":"4"},"event":{"state":true,"data":{"component":"NotRoamableUiSettings","created":1574435171671},"id":"invoked"}}
{"recorder_version":"21","session":"8453dd36ac26","build":"192.6262.58","bucket":"189","time":1574435171513,"group":{"id":"system.java","version":"1"},"event":{"state":true,"data":{"created":1574435171672,"version":"1.11"},"id":"JetBrains"}}
{"recorder_version":"21","session":"8453dd36ac26","build":"192.6262.58","bucket":"189","time":1574435171513,"group":{"id":"system.java","version":"1"},"event":{"state":true,"data":{"created":1574435171679},"id":"invoked"}}
{"recorder_version":"21","session":"8453dd36ac26","build":"192.6262.58","bucket":"189","time":1574435171513,"group":{"id":"settings","version":"4"},"event":{"state":true,"data":{"component":"UISettings","created":1574435171679},"id":"invoked"}}
{"recorder_version":"21","session":"8453dd36ac26","build":"192.6262.58","bucket":"189","time":1574435171535,"group":{"id":"system.os","version":"3"},"event":{"state":true,"data":{"created":1574435171680,"version":"10.14"},"id":"Mac"}}
{"recorder_version":"21","session":"8453dd36ac26","build":"192.6262.58","bucket":"189","time":1574435171535,"group":{"id":"system.os","version":"3"},"event":{"state":true,"data":{"created":1574435171681,"name":"Mac","version":"10.14"},"id":"os.name"}}
{"recorder_version":"21","session":"8453dd36ac26","build":"192.6262.58","bucket":"189","time":1574435171535,"group":{"id":"system.os","version":"3"},"event":{"state":true,"data":{"created":1574435171682,"value":"+09_00"},"id":"os.timezone"}}
{"recorder_version":"21","session":"8453dd36ac26","build":"192.6262.58","bucket":"189","time":1574435171535,"group":{"id":"system.os","version":"3"},"event":{"state":true,"data":{"created":1574435171683},"id":"invoked"}}
{"recorder_version":"21","session":"8453dd36ac26","build":"192.6262.58","bucket":"189","time":1574435171671,"group":{"id":"event.log","version":"21"},"event":{"count":1,"data":{"created":1574435171683,"version":"916.0"},"id":"whitelist.loaded"}}
{"recorder_version":"21","session":"8453dd36ac26","build":"192.6262.58","bucket":"189","time":1574435174090,"group":{"id":"settings","version":"4"},"event":{"state":true,"data":{"component":"UpdatesConfigurable","created":1574435174090,"name":"checkNeeded","type":"bool","value":false},"id":"not.default"}}
{"recorder_version":"21","session":"8453dd36ac26","build":"192.6262.58","bucket":"189","time":1574435174090,"group":{"id":"settings","version":"4"},"event":{"state":true,"data":{"component":"UpdatesConfigurable","created":1574435174091},"id":"invoked"}}
{"recorder_version":"21","session":"8453dd36ac26","build":"192.6262.58","bucket":"189","time":1574435174205,"group":{"id":"settings","version":"4"},"event":{"state":true,"data":{"component":"GeneralSettings","created":1574435174206,"name":"confirmExit","type":"bool","value":false},"id":"not.default"}}
{"recorder_version":"21","session":"8453dd36ac26","build":"192.6262.58","bucket":"189","time":1574435174205,"group":{"id":"settings","version":"4"},"event":{"state":true,"data":{"component":"GeneralSettings","created":1574435174207,"name":"showTipsOnStartup","type":"bool","value":false},"id":"not.default"}}
{"recorder_version":"21","session":"8453dd36ac26","build":"192.6262.58","bucket":"189","time":1574435174205,"group":{"id":"settings","version":"4"},"event":{"state":true,"data":{"component":"GeneralSettings","created":1574435174209},"id":"invoked"}}
{"recorder_version":"21","session":"8453dd36ac26","build":"192.6262.58","bucket":"189","time":1574435174212,"group":{"id":"lifecycle","version":"21"},"event":{"count":1,"data":{"internal":true,"eap":false,"created":1574435174213},"id":"ide.start"}}
{"recorder_version":"21","session":"8453dd36ac26","build":"192.6262.58","bucket":"189","time":1574435174504,"group":{"id":"lifecycle","version":"21"},"event":{"count":1,"data":{"created":1574435174505},"id":"frame.activated"}}
{"recorder_version":"21","session":"8453dd36ac26","build":"192.6262.58","bucket":"189","time":1574435174652,"group":{"id":"performance","version":"21"},"event":{"count":1,"data":{"duration_ms":48,"created":1574435174652},"id":"ui.latency"}}
{"recorder_version":"21","session":"8453dd36ac26","build":"192.6262.58","bucket":"189","time":1574435175002,"group":{"id":"ui.dialogs","version":"21"},"event":{"count":1,"data":{"created":1574435175002,"plugin_type":"PLATFORM","type":"show"},"id":"com.intellij.openapi.progress.util.ProgressDialog$MyDialogWrapper"}}
{"recorder_version":"21","session":"8453dd36ac26","build":"192.6262.58","bucket":"189","time":1574435176049,"group":{"id":"lifecycle","version":"21"},"event":{"count":1,"data":{"created":1574435176049,"project":"a0f12fb42952fc36a102045bdbb22ad1f15aa9443e9c675024683f4da70c8bc4"},"id":"project.opened"}}
{"recorder_version":"21","session":"8453dd36ac26","build":"192.6262.58","bucket":"189","time":1574435177615,"group":{"id":"settings","version":"4"},"event":{"state":true,"data":{"component":"XmlEditorOptions","created":1574435177616},"id":"invoked"}}
{"recorder_version":"21","session":"8453dd36ac26","build":"192.6262.58","bucket":"189","time":1574435177741,"group":{"id":"toolwindow","version":"21"},"event":{"count":1,"data":{"os":"Mac","created":1574435177741,"plugin_type":"PLATFORM"},"id":"Project"}}
{"recorder_version":"21","session":"8453dd36ac26","build":"192.6262.58","bucket":"189","time":1574435179677,"group":{"id":"kotlin.jps.target","version":"1"},"event":{"count":1,"data":{"plugin_version":"1.3.41-release-IJ2019.2-1","created":1574435179691},"id":"jvm"}}
{"recorder_version":"21","session":"8453dd36ac26","build":"192.6262.58","bucket":"189","time":1574435179978,"group":{"id":"project.fs","version":"1"},"event":{"state":true,"data":{"os":"Mac","cs-project":false,"created":1574435179978,"project":"a0f12fb42952fc36a102045bdbb22ad1f15aa9443e9c675024683f4da70c8bc4","cs-implicit":true,"cs-system":false},"id":"case-sensitivity"}}
{"recorder_version":"21","session":"8453dd36ac26","build":"192.6262.58","bucket":"189","time":1574435179978,"group":{"id":"project.fs","version":"1"},"event":{"state":true,"data":{"created":1574435179979},"id":"invoked"}}
{"recorder_version":"21","session":"8453dd36ac26","build":"192.6262.58","bucket":"189","time":1574435179979,"group":{"id":"project.fs","version":"1"},"event":{"state":true,"data":{"pct-non-watched":0,"created":1574435179979,"project":"a0f12fb42952fc36a102045bdbb22ad1f15aa9443e9c675024683f4da70c8bc4"},"id":"roots-watched"}}
{"recorder_version":"21","session":"8453dd36ac26","build":"192.6262.58","bucket":"189","time":1574435179979,"group":{"id":"project.fs","version":"1"},"event":{"state":true,"data":{"created":1574435179979},"id":"invoked"}}
{"recorder_version":"21","session":"8453dd36ac26","build":"192.6262.58","bucket":"189","time":1574435180082,"group":{"id":"ui.dialogs","version":"21"},"event":{"count":1,"data":{"code":1,"created":1574435180083,"plugin_type":"PLATFORM","type":"close"},"id":"com.intellij.openapi.progress.util.ProgressDialog$MyDialogWrapper"}}
{"recorder_version":"21","session":"8453dd36ac26","build":"192.6262.58","bucket":"189","time":1574435180180,"group":{"id":"lifecycle","version":"21"},"event":{"count":1,"data":{"duration_ms":5446,"created":1574435180181,"project":"a0f12fb42952fc36a102045bdbb22ad1f15aa9443e9c675024683f4da70c8bc4"},"id":"project.opening.finished"}}
{"recorder_version":"21","session":"8453dd36ac26","build":"192.6262.58","bucket":"189","time":1574435182572,"group":{"id":"productivity","version":"21"},"event":{"count":1,"data":{"created":1574435182572,"plugin_type":"PLATFORM"},"id":"ui.tree.speedsearch"}}
{"recorder_version":"21","session":"8453dd36ac26","build":"192.6262.58","bucket":"189","time":1574435183966,"group":{"id":"file.types.usage","version":"21"},"event":{"count":1,"data":{"plugin":"com.intellij.java","created":1574435183966,"plugin_type":"JB_BUNDLED","project":"a0f12fb42952fc36a102045bdbb22ad1f15aa9443e9c675024683f4da70c8bc4","type":"edit"},"id":"JAVA"}}
{"recorder_version":"21","session":"8453dd36ac26","build":"192.6262.58","bucket":"189","time":1574435185140,"group":{"id":"actions","version":"21"},"event":{"count":1,"data":{"context_menu":false,"created":1574435185140,"plugin_type":"PLATFORM","project":"a0f12fb42952fc36a102045bdbb22ad1f15aa9443e9c675024683f4da70c8bc4","place":"keyboard_shortcut","class":"com.intellij.openapi.editor.actions.BackspaceAction","input_event":"Backspace"},"id":"EditorBackSpace"}}
{"recorder_version":"21","session":"8453dd36ac26","build":"192.6262.58","bucket":"189","time":1574435186606,"group":{"id":"lifecycle","version":"21"},"event":{"count":1,"data":{"created":1574435186606,"plugin_type":"NOT_LISTED","error":"java.lang.StringIndexOutOfBoundsException"},"id":"ide.error"}}
{"recorder_version":"21","session":"8453dd36ac26","build":"192.6262.58","bucket":"189","time":1574435190621,"group":{"id":"ui.dialogs","version":"21"},"event":{"count":1,"data":{"created":1574435190621,"plugin_type":"PLATFORM","type":"show"},"id":"com.intellij.openapi.progress.util.ProgressDialog$MyDialogWrapper"}}
{"recorder_version":"21","session":"8453dd36ac26","build":"192.6262.58","bucket":"189","time":1574435190683,"group":{"id":"lifecycle","version":"21"},"event":{"count":1,"data":{"created":1574435190683,"project":"a0f12fb42952fc36a102045bdbb22ad1f15aa9443e9c675024683f4da70c8bc4"},"id":"project.closed"}}
{"recorder_version":"21","session":"8453dd36ac26","build":"192.6262.58","bucket":"189","time":1574435190754,"group":{"id":"ui.dialogs","version":"21"},"event":{"count":1,"data":{"code":1,"created":1574435190755,"plugin_type":"PLATFORM","type":"close"},"id":"com.intellij.openapi.progress.util.ProgressDialog$MyDialogWrapper"}}
{"recorder_version":"21","session":"8453dd36ac26","build":"192.6262.58","bucket":"189","time":1574435192886,"group":{"id":"lifecycle","version":"21"},"event":{"count":1,"data":{"restart":false,"created":1574435192886},"id":"ide.close"}}
