{"recorder_version":"21","session":"e976cf0e6887","build":"192.6262.58","bucket":"189","time":1574784996178,"group":{"id":"settings","version":"4"},"event":{"state":true,"data":{"component":"NotRoamableUiSettings","created":1574784996315},"id":"invoked"}}
{"recorder_version":"21","session":"e976cf0e6887","build":"192.6262.58","bucket":"189","time":1574784996180,"group":{"id":"system.java","version":"1"},"event":{"state":true,"data":{"created":1574784996317,"version":"1.11"},"id":"JetBrains"}}
{"recorder_version":"21","session":"e976cf0e6887","build":"192.6262.58","bucket":"189","time":1574784996180,"group":{"id":"system.java","version":"1"},"event":{"state":true,"data":{"created":1574784996325},"id":"invoked"}}
{"recorder_version":"21","session":"e976cf0e6887","build":"192.6262.58","bucket":"189","time":1574784996181,"group":{"id":"settings","version":"4"},"event":{"state":true,"data":{"component":"UISettings","created":1574784996326},"id":"invoked"}}
{"recorder_version":"21","session":"e976cf0e6887","build":"192.6262.58","bucket":"189","time":1574784996201,"group":{"id":"system.os","version":"3"},"event":{"state":true,"data":{"created":1574784996327,"version":"10.14"},"id":"Mac"}}
{"recorder_version":"21","session":"e976cf0e6887","build":"192.6262.58","bucket":"189","time":1574784996202,"group":{"id":"system.os","version":"3"},"event":{"state":true,"data":{"created":1574784996328,"name":"Mac","version":"10.14"},"id":"os.name"}}
{"recorder_version":"21","session":"e976cf0e6887","build":"192.6262.58","bucket":"189","time":1574784996202,"group":{"id":"system.os","version":"3"},"event":{"state":true,"data":{"created":1574784996329,"value":"+09_00"},"id":"os.timezone"}}
{"recorder_version":"21","session":"e976cf0e6887","build":"192.6262.58","bucket":"189","time":1574784996202,"group":{"id":"system.os","version":"3"},"event":{"state":true,"data":{"created":1574784996330},"id":"invoked"}}
{"recorder_version":"21","session":"e976cf0e6887","build":"192.6262.58","bucket":"189","time":1574784996314,"group":{"id":"event.log","version":"21"},"event":{"count":1,"data":{"created":1574784996331,"version":"925.0"},"id":"whitelist.loaded"}}
{"recorder_version":"21","session":"e976cf0e6887","build":"192.6262.58","bucket":"189","time":1574784998580,"group":{"id":"settings","version":"4"},"event":{"state":true,"data":{"component":"UpdatesConfigurable","created":1574784998581,"name":"checkNeeded","type":"bool","value":false},"id":"not.default"}}
{"recorder_version":"21","session":"e976cf0e6887","build":"192.6262.58","bucket":"189","time":1574784998580,"group":{"id":"settings","version":"4"},"event":{"state":true,"data":{"component":"UpdatesConfigurable","created":1574784998582},"id":"invoked"}}
{"recorder_version":"21","session":"e976cf0e6887","build":"192.6262.58","bucket":"189","time":1574784998696,"group":{"id":"settings","version":"4"},"event":{"state":true,"data":{"component":"GeneralSettings","created":1574784998696,"name":"confirmExit","type":"bool","value":false},"id":"not.default"}}
{"recorder_version":"21","session":"e976cf0e6887","build":"192.6262.58","bucket":"189","time":1574784998696,"group":{"id":"settings","version":"4"},"event":{"state":true,"data":{"component":"GeneralSettings","created":1574784998706,"name":"showTipsOnStartup","type":"bool","value":false},"id":"not.default"}}
{"recorder_version":"21","session":"e976cf0e6887","build":"192.6262.58","bucket":"189","time":1574784998696,"group":{"id":"settings","version":"4"},"event":{"state":true,"data":{"component":"GeneralSettings","created":1574784998708},"id":"invoked"}}
{"recorder_version":"21","session":"e976cf0e6887","build":"192.6262.58","bucket":"189","time":1574784998716,"group":{"id":"lifecycle","version":"21"},"event":{"count":1,"data":{"internal":true,"eap":false,"created":1574784998717},"id":"ide.start"}}
{"recorder_version":"21","session":"e976cf0e6887","build":"192.6262.58","bucket":"189","time":1574784999030,"group":{"id":"lifecycle","version":"21"},"event":{"count":1,"data":{"created":1574784999030},"id":"frame.activated"}}
{"recorder_version":"21","session":"e976cf0e6887","build":"192.6262.58","bucket":"189","time":1574784999282,"group":{"id":"performance","version":"21"},"event":{"count":1,"data":{"duration_ms":1,"created":1574784999282},"id":"ui.latency"}}
{"recorder_version":"21","session":"e976cf0e6887","build":"192.6262.58","bucket":"189","time":1574784999489,"group":{"id":"ui.dialogs","version":"21"},"event":{"count":1,"data":{"created":1574784999490,"plugin_type":"PLATFORM","type":"show"},"id":"com.intellij.openapi.progress.util.ProgressDialog$MyDialogWrapper"}}
{"recorder_version":"21","session":"e976cf0e6887","build":"192.6262.58","bucket":"189","time":1574785000614,"group":{"id":"lifecycle","version":"21"},"event":{"count":1,"data":{"created":1574785000615,"project":"92ddc83aceaa9edad1485397ccc1680a8fd16623aa2c155379eac4aafdb2a559"},"id":"project.opened"}}
{"recorder_version":"21","session":"e976cf0e6887","build":"192.6262.58","bucket":"189","time":1574785002193,"group":{"id":"settings","version":"4"},"event":{"state":true,"data":{"component":"XmlEditorOptions","created":1574785002193},"id":"invoked"}}
{"recorder_version":"21","session":"e976cf0e6887","build":"192.6262.58","bucket":"189","time":1574785002474,"group":{"id":"toolwindow","version":"21"},"event":{"count":1,"data":{"os":"Mac","created":1574785002474,"plugin_type":"PLATFORM"},"id":"Project"}}
{"recorder_version":"21","session":"e976cf0e6887","build":"192.6262.58","bucket":"189","time":1574785004738,"group":{"id":"project.fs","version":"1"},"event":{"state":true,"data":{"os":"Mac","cs-project":false,"created":1574785004738,"project":"92ddc83aceaa9edad1485397ccc1680a8fd16623aa2c155379eac4aafdb2a559","cs-implicit":true,"cs-system":false},"id":"case-sensitivity"}}
{"recorder_version":"21","session":"e976cf0e6887","build":"192.6262.58","bucket":"189","time":1574785004738,"group":{"id":"project.fs","version":"1"},"event":{"state":true,"data":{"created":1574785004738},"id":"invoked"}}
{"recorder_version":"21","session":"e976cf0e6887","build":"192.6262.58","bucket":"189","time":1574785004738,"group":{"id":"project.fs","version":"1"},"event":{"state":true,"data":{"pct-non-watched":0,"created":1574785004739,"project":"92ddc83aceaa9edad1485397ccc1680a8fd16623aa2c155379eac4aafdb2a559"},"id":"roots-watched"}}
{"recorder_version":"21","session":"e976cf0e6887","build":"192.6262.58","bucket":"189","time":1574785004738,"group":{"id":"project.fs","version":"1"},"event":{"state":true,"data":{"created":1574785004739},"id":"invoked"}}
{"recorder_version":"21","session":"e976cf0e6887","build":"192.6262.58","bucket":"189","time":1574785004816,"group":{"id":"ui.dialogs","version":"21"},"event":{"count":1,"data":{"code":1,"created":1574785004816,"plugin_type":"PLATFORM","type":"close"},"id":"com.intellij.openapi.progress.util.ProgressDialog$MyDialogWrapper"}}
{"recorder_version":"21","session":"e976cf0e6887","build":"192.6262.58","bucket":"189","time":1574785005011,"group":{"id":"lifecycle","version":"21"},"event":{"count":1,"data":{"duration_ms":5793,"created":1574785005011,"project":"92ddc83aceaa9edad1485397ccc1680a8fd16623aa2c155379eac4aafdb2a559"},"id":"project.opening.finished"}}
{"recorder_version":"21","session":"e976cf0e6887","build":"192.6262.58","bucket":"189","time":1574785006980,"group":{"id":"kotlin.jps.target","version":"1"},"event":{"count":1,"data":{"plugin_version":"1.3.41-release-IJ2019.2-1","created":1574785006980},"id":"jvm"}}
{"recorder_version":"21","session":"e976cf0e6887","build":"192.6262.58","bucket":"189","time":1574785007654,"group":{"id":"file.types.usage","version":"21"},"event":{"count":1,"data":{"created":1574785007654,"plugin_type":"PLATFORM","project":"92ddc83aceaa9edad1485397ccc1680a8fd16623aa2c155379eac4aafdb2a559","type":"edit"},"id":"IDEA_MODULE"}}
{"recorder_version":"21","session":"e976cf0e6887","build":"192.6262.58","bucket":"189","time":1574785017442,"group":{"id":"lifecycle","version":"21"},"event":{"count":1,"data":{"created":1574785017442,"plugin_type":"NOT_LISTED","error":"java.lang.Throwable"},"id":"ide.error"}}
{"recorder_version":"21","session":"e976cf0e6887","build":"192.6262.58","bucket":"189","time":1574785020315,"group":{"id":"lifecycle","version":"21"},"event":{"count":1,"data":{"created":1574785020315,"project":"92ddc83aceaa9edad1485397ccc1680a8fd16623aa2c155379eac4aafdb2a559"},"id":"frame.deactivated"}}
{"recorder_version":"21","session":"e976cf0e6887","build":"192.6262.58","bucket":"189","time":1574785020486,"group":{"id":"performance","version":"21"},"event":{"count":1,"data":{"duration_ms":147,"created":1574785020486},"id":"ui.lagging"}}
{"recorder_version":"21","session":"e976cf0e6887","build":"192.6262.58","bucket":"189","time":1574785099595,"group":{"id":"performance","version":"21"},"event":{"count":1,"data":{"duration_ms":0,"created":1574785099595},"id":"ui.latency"}}
{"recorder_version":"21","session":"e976cf0e6887","build":"192.6262.58","bucket":"189","time":1574785138232,"group":{"id":"lifecycle","version":"21"},"event":{"count":1,"data":{"created":1574785138232,"project":"92ddc83aceaa9edad1485397ccc1680a8fd16623aa2c155379eac4aafdb2a559"},"id":"frame.activated"}}
{"recorder_version":"21","session":"e976cf0e6887","build":"192.6262.58","bucket":"189","time":1574785138525,"group":{"id":"lifecycle","version":"21"},"event":{"count":1,"data":{"restart":false,"created":1574785138525},"id":"ide.close"}}
{"recorder_version":"21","session":"e976cf0e6887","build":"192.6262.58","bucket":"189","time":1574785138630,"group":{"id":"lifecycle","version":"21"},"event":{"count":1,"data":{"created":1574785138630,"project":"92ddc83aceaa9edad1485397ccc1680a8fd16623aa2c155379eac4aafdb2a559"},"id":"project.closed"}}
