{"recorder_version":"21","session":"fb51afdda189","build":"192.6262.58","bucket":"189","time":1574431504653,"group":{"id":"settings","version":"4"},"event":{"state":true,"data":{"component":"NotRoamableUiSettings","created":1574431504804},"id":"invoked"}}
{"recorder_version":"21","session":"fb51afdda189","build":"192.6262.58","bucket":"189","time":1574431504655,"group":{"id":"system.java","version":"1"},"event":{"state":true,"data":{"created":1574431504805,"version":"1.11"},"id":"JetBrains"}}
{"recorder_version":"21","session":"fb51afdda189","build":"192.6262.58","bucket":"189","time":1574431504655,"group":{"id":"system.java","version":"1"},"event":{"state":true,"data":{"created":1574431504813},"id":"invoked"}}
{"recorder_version":"21","session":"fb51afdda189","build":"192.6262.58","bucket":"189","time":1574431504656,"group":{"id":"settings","version":"4"},"event":{"state":true,"data":{"component":"UISettings","created":1574431504813},"id":"invoked"}}
{"recorder_version":"21","session":"fb51afdda189","build":"192.6262.58","bucket":"189","time":1574431504676,"group":{"id":"system.os","version":"3"},"event":{"state":true,"data":{"created":1574431504814,"version":"10.14"},"id":"Mac"}}
{"recorder_version":"21","session":"fb51afdda189","build":"192.6262.58","bucket":"189","time":1574431504676,"group":{"id":"system.os","version":"3"},"event":{"state":true,"data":{"created":1574431504815,"name":"Mac","version":"10.14"},"id":"os.name"}}
{"recorder_version":"21","session":"fb51afdda189","build":"192.6262.58","bucket":"189","time":1574431504676,"group":{"id":"system.os","version":"3"},"event":{"state":true,"data":{"created":1574431504816,"value":"+09_00"},"id":"os.timezone"}}
{"recorder_version":"21","session":"fb51afdda189","build":"192.6262.58","bucket":"189","time":1574431504676,"group":{"id":"system.os","version":"3"},"event":{"state":true,"data":{"created":1574431504817},"id":"invoked"}}
{"recorder_version":"21","session":"fb51afdda189","build":"192.6262.58","bucket":"189","time":1574431504803,"group":{"id":"event.log","version":"21"},"event":{"count":1,"data":{"created":1574431504817,"version":"916.0"},"id":"whitelist.loaded"}}
{"recorder_version":"21","session":"fb51afdda189","build":"192.6262.58","bucket":"189","time":1574431507105,"group":{"id":"settings","version":"4"},"event":{"state":true,"data":{"component":"UpdatesConfigurable","created":1574431507106,"name":"checkNeeded","type":"bool","value":false},"id":"not.default"}}
{"recorder_version":"21","session":"fb51afdda189","build":"192.6262.58","bucket":"189","time":1574431507106,"group":{"id":"settings","version":"4"},"event":{"state":true,"data":{"component":"UpdatesConfigurable","created":1574431507107},"id":"invoked"}}
{"recorder_version":"21","session":"fb51afdda189","build":"192.6262.58","bucket":"189","time":1574431507224,"group":{"id":"settings","version":"4"},"event":{"state":true,"data":{"component":"GeneralSettings","created":1574431507224,"name":"confirmExit","type":"bool","value":false},"id":"not.default"}}
{"recorder_version":"21","session":"fb51afdda189","build":"192.6262.58","bucket":"189","time":1574431507224,"group":{"id":"settings","version":"4"},"event":{"state":true,"data":{"component":"GeneralSettings","created":1574431507225,"name":"showTipsOnStartup","type":"bool","value":false},"id":"not.default"}}
{"recorder_version":"21","session":"fb51afdda189","build":"192.6262.58","bucket":"189","time":1574431507224,"group":{"id":"settings","version":"4"},"event":{"state":true,"data":{"component":"GeneralSettings","created":1574431507227},"id":"invoked"}}
{"recorder_version":"21","session":"fb51afdda189","build":"192.6262.58","bucket":"189","time":1574431507231,"group":{"id":"lifecycle","version":"21"},"event":{"count":1,"data":{"internal":true,"eap":false,"created":1574431507231},"id":"ide.start"}}
{"recorder_version":"21","session":"fb51afdda189","build":"192.6262.58","bucket":"189","time":1574431507542,"group":{"id":"lifecycle","version":"21"},"event":{"count":1,"data":{"created":1574431507542},"id":"frame.activated"}}
{"recorder_version":"21","session":"fb51afdda189","build":"192.6262.58","bucket":"189","time":1574431507774,"group":{"id":"performance","version":"21"},"event":{"count":1,"data":{"duration_ms":0,"created":1574431507774},"id":"ui.latency"}}
{"recorder_version":"21","session":"fb51afdda189","build":"192.6262.58","bucket":"189","time":1574431508060,"group":{"id":"ui.dialogs","version":"21"},"event":{"count":1,"data":{"created":1574431508060,"plugin_type":"PLATFORM","type":"show"},"id":"com.intellij.openapi.progress.util.ProgressDialog$MyDialogWrapper"}}
{"recorder_version":"21","session":"fb51afdda189","build":"192.6262.58","bucket":"189","time":1574431509185,"group":{"id":"lifecycle","version":"21"},"event":{"count":1,"data":{"created":1574431509185,"project":"a0f12fb42952fc36a102045bdbb22ad1f15aa9443e9c675024683f4da70c8bc4"},"id":"project.opened"}}
{"recorder_version":"21","session":"fb51afdda189","build":"192.6262.58","bucket":"189","time":1574431510886,"group":{"id":"settings","version":"4"},"event":{"state":true,"data":{"component":"XmlEditorOptions","created":1574431510886},"id":"invoked"}}
{"recorder_version":"21","session":"fb51afdda189","build":"192.6262.58","bucket":"189","time":1574431510986,"group":{"id":"performance","version":"21"},"event":{"count":1,"data":{"duration_ms":193,"created":1574431510986},"id":"ui.lagging"}}
{"recorder_version":"21","session":"fb51afdda189","build":"192.6262.58","bucket":"189","time":1574431511086,"group":{"id":"toolwindow","version":"21"},"event":{"count":1,"data":{"os":"Mac","created":1574431511086,"plugin_type":"PLATFORM"},"id":"Project"}}
{"recorder_version":"21","session":"fb51afdda189","build":"192.6262.58","bucket":"189","time":1574431511899,"group":{"id":"performance","version":"21"},"event":{"count":1,"data":{"duration_ms":104,"created":1574431511899},"id":"ui.lagging"}}
{"recorder_version":"21","session":"fb51afdda189","build":"192.6262.58","bucket":"189","time":1574431513416,"group":{"id":"project.fs","version":"1"},"event":{"state":true,"data":{"os":"Mac","cs-project":false,"created":1574431513416,"project":"a0f12fb42952fc36a102045bdbb22ad1f15aa9443e9c675024683f4da70c8bc4","cs-implicit":true,"cs-system":false},"id":"case-sensitivity"}}
{"recorder_version":"21","session":"fb51afdda189","build":"192.6262.58","bucket":"189","time":1574431513416,"group":{"id":"project.fs","version":"1"},"event":{"state":true,"data":{"created":1574431513417},"id":"invoked"}}
{"recorder_version":"21","session":"fb51afdda189","build":"192.6262.58","bucket":"189","time":1574431513418,"group":{"id":"project.fs","version":"1"},"event":{"state":true,"data":{"pct-non-watched":0,"created":1574431513418,"project":"a0f12fb42952fc36a102045bdbb22ad1f15aa9443e9c675024683f4da70c8bc4"},"id":"roots-watched"}}
{"recorder_version":"21","session":"fb51afdda189","build":"192.6262.58","bucket":"189","time":1574431513418,"group":{"id":"project.fs","version":"1"},"event":{"state":true,"data":{"created":1574431513418},"id":"invoked"}}
{"recorder_version":"21","session":"fb51afdda189","build":"192.6262.58","bucket":"189","time":1574431513447,"group":{"id":"ui.dialogs","version":"21"},"event":{"count":1,"data":{"code":1,"created":1574431513447,"plugin_type":"PLATFORM","type":"close"},"id":"com.intellij.openapi.progress.util.ProgressDialog$MyDialogWrapper"}}
{"recorder_version":"21","session":"fb51afdda189","build":"192.6262.58","bucket":"189","time":1574431513739,"group":{"id":"lifecycle","version":"21"},"event":{"count":1,"data":{"duration_ms":5960,"created":1574431513739,"project":"a0f12fb42952fc36a102045bdbb22ad1f15aa9443e9c675024683f4da70c8bc4"},"id":"project.opening.finished"}}
{"recorder_version":"21","session":"fb51afdda189","build":"192.6262.58","bucket":"189","time":1574431514100,"group":{"id":"performance","version":"21"},"event":{"count":1,"data":{"duration_ms":302,"created":1574431514101},"id":"ui.lagging"}}
{"recorder_version":"21","session":"fb51afdda189","build":"192.6262.58","bucket":"189","time":1574431514568,"group":{"id":"kotlin.jps.target","version":"1"},"event":{"count":1,"data":{"plugin_version":"1.3.41-release-IJ2019.2-1","created":1574431514569},"id":"jvm"}}
{"recorder_version":"21","session":"fb51afdda189","build":"192.6262.58","bucket":"189","time":1574431515183,"group":{"id":"productivity","version":"21"},"event":{"count":1,"data":{"created":1574431515183,"plugin_type":"PLATFORM"},"id":"ui.tree.speedsearch"}}
{"recorder_version":"21","session":"fb51afdda189","build":"192.6262.58","bucket":"189","time":1574431515721,"group":{"id":"file.types.usage","version":"21"},"event":{"count":1,"data":{"plugin":"com.intellij.java","created":1574431515722,"plugin_type":"JB_BUNDLED","project":"a0f12fb42952fc36a102045bdbb22ad1f15aa9443e9c675024683f4da70c8bc4","type":"edit"},"id":"JAVA"}}
{"recorder_version":"21","session":"fb51afdda189","build":"192.6262.58","bucket":"189","time":1574431545539,"group":{"id":"lifecycle","version":"21"},"event":{"count":1,"data":{"created":1574431545539,"project":"a0f12fb42952fc36a102045bdbb22ad1f15aa9443e9c675024683f4da70c8bc4"},"id":"frame.deactivated"}}
{"recorder_version":"21","session":"fb51afdda189","build":"192.6262.58","bucket":"189","time":1574431578924,"group":{"id":"lifecycle","version":"21"},"event":{"count":1,"data":{"created":1574431578925,"project":"a0f12fb42952fc36a102045bdbb22ad1f15aa9443e9c675024683f4da70c8bc4"},"id":"frame.activated"}}
{"recorder_version":"21","session":"fb51afdda189","build":"192.6262.58","bucket":"189","time":1574431591067,"group":{"id":"lifecycle","version":"21"},"event":{"count":1,"data":{"created":1574431591068,"project":"a0f12fb42952fc36a102045bdbb22ad1f15aa9443e9c675024683f4da70c8bc4"},"id":"frame.deactivated"}}
{"recorder_version":"21","session":"fb51afdda189","build":"192.6262.58","bucket":"189","time":1574431595030,"group":{"id":"lifecycle","version":"21"},"event":{"count":1,"data":{"created":1574431595030,"project":"a0f12fb42952fc36a102045bdbb22ad1f15aa9443e9c675024683f4da70c8bc4"},"id":"frame.activated"}}
{"recorder_version":"21","session":"fb51afdda189","build":"192.6262.58","bucket":"189","time":1574431596143,"group":{"id":"file.types.usage","version":"21"},"event":{"count":1,"data":{"plugin":"com.intellij.java","created":1574431596143,"plugin_type":"JB_BUNDLED","project":"a0f12fb42952fc36a102045bdbb22ad1f15aa9443e9c675024683f4da70c8bc4","type":"edit"},"id":"JAVA"}}
{"recorder_version":"21","session":"fb51afdda189","build":"192.6262.58","bucket":"189","time":1574431600874,"group":{"id":"lifecycle","version":"21"},"event":{"count":1,"data":{"created":1574431600875,"project":"a0f12fb42952fc36a102045bdbb22ad1f15aa9443e9c675024683f4da70c8bc4"},"id":"frame.deactivated"}}
{"recorder_version":"21","session":"fb51afdda189","build":"192.6262.58","bucket":"189","time":1574431608067,"group":{"id":"performance","version":"21"},"event":{"count":1,"data":{"duration_ms":0,"created":1574431608067},"id":"ui.latency"}}
{"recorder_version":"21","session":"fb51afdda189","build":"192.6262.58","bucket":"189","time":1574431690656,"group":{"id":"lifecycle","version":"21"},"event":{"count":1,"data":{"created":1574431690656,"project":"a0f12fb42952fc36a102045bdbb22ad1f15aa9443e9c675024683f4da70c8bc4"},"id":"frame.activated"}}
{"recorder_version":"21","session":"fb51afdda189","build":"192.6262.58","bucket":"189","time":1574431691956,"group":{"id":"file.types.usage","version":"21"},"event":{"count":1,"data":{"plugin":"com.intellij.java","created":1574431691956,"plugin_type":"JB_BUNDLED","project":"a0f12fb42952fc36a102045bdbb22ad1f15aa9443e9c675024683f4da70c8bc4","type":"edit"},"id":"JAVA"}}
{"recorder_version":"21","session":"fb51afdda189","build":"192.6262.58","bucket":"189","time":1574431696878,"group":{"id":"lifecycle","version":"21"},"event":{"count":1,"data":{"created":1574431696879,"project":"a0f12fb42952fc36a102045bdbb22ad1f15aa9443e9c675024683f4da70c8bc4"},"id":"frame.deactivated"}}
{"recorder_version":"21","session":"fb51afdda189","build":"192.6262.58","bucket":"189","time":1574431697541,"group":{"id":"lifecycle","version":"21"},"event":{"count":1,"data":{"created":1574431697541,"project":"a0f12fb42952fc36a102045bdbb22ad1f15aa9443e9c675024683f4da70c8bc4"},"id":"frame.activated"}}
{"recorder_version":"21","session":"fb51afdda189","build":"192.6262.58","bucket":"189","time":1574431699710,"group":{"id":"lifecycle","version":"21"},"event":{"count":1,"data":{"restart":false,"created":1574431699710},"id":"ide.close"}}
{"recorder_version":"21","session":"fb51afdda189","build":"192.6262.58","bucket":"189","time":1574431699794,"group":{"id":"lifecycle","version":"21"},"event":{"count":1,"data":{"created":1574431699794,"project":"a0f12fb42952fc36a102045bdbb22ad1f15aa9443e9c675024683f4da70c8bc4"},"id":"project.closed"}}
