{"recorder_version":"21","session":"508be5af64f2","build":"192.6262.58","bucket":"189","time":1574777643875,"group":{"id":"settings","version":"4"},"event":{"state":true,"data":{"component":"NotRoamableUiSettings","created":1574777644029},"id":"invoked"}}
{"recorder_version":"21","session":"508be5af64f2","build":"192.6262.58","bucket":"189","time":1574777643877,"group":{"id":"system.java","version":"1"},"event":{"state":true,"data":{"created":1574777644032,"version":"1.11"},"id":"JetBrains"}}
{"recorder_version":"21","session":"508be5af64f2","build":"192.6262.58","bucket":"189","time":1574777643877,"group":{"id":"system.java","version":"1"},"event":{"state":true,"data":{"created":1574777644039},"id":"invoked"}}
{"recorder_version":"21","session":"508be5af64f2","build":"192.6262.58","bucket":"189","time":1574777643877,"group":{"id":"settings","version":"4"},"event":{"state":true,"data":{"component":"UISettings","created":1574777644039},"id":"invoked"}}
{"recorder_version":"21","session":"508be5af64f2","build":"192.6262.58","bucket":"189","time":1574777643901,"group":{"id":"system.os","version":"3"},"event":{"state":true,"data":{"created":1574777644040,"version":"10.14"},"id":"Mac"}}
{"recorder_version":"21","session":"508be5af64f2","build":"192.6262.58","bucket":"189","time":1574777643901,"group":{"id":"system.os","version":"3"},"event":{"state":true,"data":{"created":1574777644041,"name":"Mac","version":"10.14"},"id":"os.name"}}
{"recorder_version":"21","session":"508be5af64f2","build":"192.6262.58","bucket":"189","time":1574777643901,"group":{"id":"system.os","version":"3"},"event":{"state":true,"data":{"created":1574777644042,"value":"+09_00"},"id":"os.timezone"}}
{"recorder_version":"21","session":"508be5af64f2","build":"192.6262.58","bucket":"189","time":1574777643901,"group":{"id":"system.os","version":"3"},"event":{"state":true,"data":{"created":1574777644043},"id":"invoked"}}
{"recorder_version":"21","session":"508be5af64f2","build":"192.6262.58","bucket":"189","time":1574777644029,"group":{"id":"event.log","version":"21"},"event":{"count":1,"data":{"created":1574777644045,"version":"919.0"},"id":"whitelist.loaded"}}
{"recorder_version":"21","session":"508be5af64f2","build":"192.6262.58","bucket":"189","time":1574777646278,"group":{"id":"settings","version":"4"},"event":{"state":true,"data":{"component":"UpdatesConfigurable","created":1574777646278,"name":"checkNeeded","type":"bool","value":false},"id":"not.default"}}
{"recorder_version":"21","session":"508be5af64f2","build":"192.6262.58","bucket":"189","time":1574777646278,"group":{"id":"settings","version":"4"},"event":{"state":true,"data":{"component":"UpdatesConfigurable","created":1574777646279},"id":"invoked"}}
{"recorder_version":"21","session":"508be5af64f2","build":"192.6262.58","bucket":"189","time":1574777646403,"group":{"id":"settings","version":"4"},"event":{"state":true,"data":{"component":"GeneralSettings","created":1574777646403,"name":"confirmExit","type":"bool","value":false},"id":"not.default"}}
{"recorder_version":"21","session":"508be5af64f2","build":"192.6262.58","bucket":"189","time":1574777646403,"group":{"id":"settings","version":"4"},"event":{"state":true,"data":{"component":"GeneralSettings","created":1574777646404,"name":"showTipsOnStartup","type":"bool","value":false},"id":"not.default"}}
{"recorder_version":"21","session":"508be5af64f2","build":"192.6262.58","bucket":"189","time":1574777646403,"group":{"id":"settings","version":"4"},"event":{"state":true,"data":{"component":"GeneralSettings","created":1574777646405},"id":"invoked"}}
{"recorder_version":"21","session":"508be5af64f2","build":"192.6262.58","bucket":"189","time":1574777646430,"group":{"id":"lifecycle","version":"21"},"event":{"count":1,"data":{"internal":true,"eap":false,"created":1574777646432},"id":"ide.start"}}
{"recorder_version":"21","session":"508be5af64f2","build":"192.6262.58","bucket":"189","time":1574777646740,"group":{"id":"lifecycle","version":"21"},"event":{"count":1,"data":{"created":1574777646740},"id":"frame.activated"}}
{"recorder_version":"21","session":"508be5af64f2","build":"192.6262.58","bucket":"189","time":1574777646939,"group":{"id":"performance","version":"21"},"event":{"count":1,"data":{"duration_ms":1,"created":1574777646940},"id":"ui.latency"}}
{"recorder_version":"21","session":"508be5af64f2","build":"192.6262.58","bucket":"189","time":1574777647224,"group":{"id":"ui.dialogs","version":"21"},"event":{"count":1,"data":{"created":1574777647225,"plugin_type":"PLATFORM","type":"show"},"id":"com.intellij.openapi.progress.util.ProgressDialog$MyDialogWrapper"}}
{"recorder_version":"21","session":"508be5af64f2","build":"192.6262.58","bucket":"189","time":1574777648496,"group":{"id":"lifecycle","version":"21"},"event":{"count":1,"data":{"created":1574777648496,"project":"92ddc83aceaa9edad1485397ccc1680a8fd16623aa2c155379eac4aafdb2a559"},"id":"project.opened"}}
{"recorder_version":"21","session":"508be5af64f2","build":"192.6262.58","bucket":"189","time":1574777649277,"group":{"id":"performance","version":"21"},"event":{"count":1,"data":{"duration_ms":337,"created":1574777649277},"id":"ui.lagging"}}
{"recorder_version":"21","session":"508be5af64f2","build":"192.6262.58","bucket":"189","time":1574777650287,"group":{"id":"settings","version":"4"},"event":{"state":true,"data":{"component":"XmlEditorOptions","created":1574777650287},"id":"invoked"}}
{"recorder_version":"21","session":"508be5af64f2","build":"192.6262.58","bucket":"189","time":1574777650353,"group":{"id":"performance","version":"21"},"event":{"count":1,"data":{"duration_ms":408,"created":1574777650353},"id":"ui.lagging"}}
{"recorder_version":"21","session":"508be5af64f2","build":"192.6262.58","bucket":"189","time":1574777650547,"group":{"id":"toolwindow","version":"21"},"event":{"count":1,"data":{"os":"Mac","created":1574777650547,"plugin_type":"PLATFORM"},"id":"Project"}}
{"recorder_version":"21","session":"508be5af64f2","build":"192.6262.58","bucket":"189","time":1574777651095,"group":{"id":"performance","version":"21"},"event":{"count":1,"data":{"duration_ms":150,"created":1574777651095},"id":"ui.lagging"}}
{"recorder_version":"21","session":"508be5af64f2","build":"192.6262.58","bucket":"189","time":1574777653048,"group":{"id":"project.fs","version":"1"},"event":{"state":true,"data":{"os":"Mac","cs-project":false,"created":1574777653048,"project":"92ddc83aceaa9edad1485397ccc1680a8fd16623aa2c155379eac4aafdb2a559","cs-implicit":true,"cs-system":false},"id":"case-sensitivity"}}
{"recorder_version":"21","session":"508be5af64f2","build":"192.6262.58","bucket":"189","time":1574777653048,"group":{"id":"project.fs","version":"1"},"event":{"state":true,"data":{"created":1574777653048},"id":"invoked"}}
{"recorder_version":"21","session":"508be5af64f2","build":"192.6262.58","bucket":"189","time":1574777653048,"group":{"id":"project.fs","version":"1"},"event":{"state":true,"data":{"pct-non-watched":0,"created":1574777653048,"project":"92ddc83aceaa9edad1485397ccc1680a8fd16623aa2c155379eac4aafdb2a559"},"id":"roots-watched"}}
{"recorder_version":"21","session":"508be5af64f2","build":"192.6262.58","bucket":"189","time":1574777653048,"group":{"id":"project.fs","version":"1"},"event":{"state":true,"data":{"created":1574777653049},"id":"invoked"}}
{"recorder_version":"21","session":"508be5af64f2","build":"192.6262.58","bucket":"189","time":1574777653136,"group":{"id":"ui.dialogs","version":"21"},"event":{"count":1,"data":{"code":1,"created":1574777653137,"plugin_type":"PLATFORM","type":"close"},"id":"com.intellij.openapi.progress.util.ProgressDialog$MyDialogWrapper"}}
{"recorder_version":"21","session":"508be5af64f2","build":"192.6262.58","bucket":"189","time":1574777653296,"group":{"id":"lifecycle","version":"21"},"event":{"count":1,"data":{"duration_ms":6334,"created":1574777653296,"project":"92ddc83aceaa9edad1485397ccc1680a8fd16623aa2c155379eac4aafdb2a559"},"id":"project.opening.finished"}}
{"recorder_version":"21","session":"508be5af64f2","build":"192.6262.58","bucket":"189","time":1574777654819,"group":{"id":"kotlin.jps.target","version":"1"},"event":{"count":1,"data":{"plugin_version":"1.3.41-release-IJ2019.2-1","created":1574777654819},"id":"jvm"}}
{"recorder_version":"21","session":"508be5af64f2","build":"192.6262.58","bucket":"189","time":1574777662900,"group":{"id":"actions","version":"21"},"event":{"count":6,"data":{"context_menu":false,"last":1574777664027,"current_file":"TEXT","created":1574777662900,"plugin_type":"PLATFORM","project":"92ddc83aceaa9edad1485397ccc1680a8fd16623aa2c155379eac4aafdb2a559","place":"keyboard_shortcut","class":"com.intellij.openapi.editor.actions.BackspaceAction","input_event":"Backspace"},"id":"EditorBackSpace"}}
{"recorder_version":"21","session":"508be5af64f2","build":"192.6262.58","bucket":"189","time":1574777665142,"group":{"id":"file.types.usage","version":"21"},"event":{"count":1,"data":{"created":1574777665142,"plugin_type":"PLATFORM","project":"92ddc83aceaa9edad1485397ccc1680a8fd16623aa2c155379eac4aafdb2a559","type":"edit"},"id":"IDEA_MODULE"}}
{"recorder_version":"21","session":"508be5af64f2","build":"192.6262.58","bucket":"189","time":1574777667052,"group":{"id":"actions","version":"21"},"event":{"count":7,"data":{"context_menu":false,"last":1574777678859,"current_file":"TEXT","created":1574777667052,"plugin_type":"PLATFORM","project":"92ddc83aceaa9edad1485397ccc1680a8fd16623aa2c155379eac4aafdb2a559","place":"keyboard_shortcut","class":"com.intellij.openapi.editor.actions.BackspaceAction","input_event":"Backspace"},"id":"EditorBackSpace"}}
{"recorder_version":"21","session":"508be5af64f2","build":"192.6262.58","bucket":"189","time":1574777696690,"group":{"id":"actions","version":"21"},"event":{"count":1,"data":{"context_menu":false,"current_file":"TEXT","created":1574777696690,"plugin_type":"PLATFORM","project":"92ddc83aceaa9edad1485397ccc1680a8fd16623aa2c155379eac4aafdb2a559","place":"keyboard_shortcut","class":"com.intellij.openapi.editor.actions.BackspaceAction","input_event":"Backspace"},"id":"EditorBackSpace"}}
{"recorder_version":"21","session":"508be5af64f2","build":"192.6262.58","bucket":"189","time":1574777730229,"group":{"id":"lifecycle","version":"21"},"event":{"count":1,"data":{"created":1574777730229,"project":"92ddc83aceaa9edad1485397ccc1680a8fd16623aa2c155379eac4aafdb2a559"},"id":"frame.deactivated"}}
{"recorder_version":"21","session":"508be5af64f2","build":"192.6262.58","bucket":"189","time":1574777747225,"group":{"id":"performance","version":"21"},"event":{"count":1,"data":{"duration_ms":1,"created":1574777747225},"id":"ui.latency"}}
{"recorder_version":"21","session":"508be5af64f2","build":"192.6262.58","bucket":"189","time":1574777766535,"group":{"id":"lifecycle","version":"21"},"event":{"count":1,"data":{"created":1574777766535,"project":"92ddc83aceaa9edad1485397ccc1680a8fd16623aa2c155379eac4aafdb2a559"},"id":"frame.activated"}}
{"recorder_version":"21","session":"508be5af64f2","build":"192.6262.58","bucket":"189","time":1574777768121,"group":{"id":"lifecycle","version":"21"},"event":{"count":1,"data":{"restart":false,"created":1574777768121},"id":"ide.close"}}
{"recorder_version":"21","session":"508be5af64f2","build":"192.6262.58","bucket":"189","time":1574777768199,"group":{"id":"lifecycle","version":"21"},"event":{"count":1,"data":{"created":1574777768199,"project":"92ddc83aceaa9edad1485397ccc1680a8fd16623aa2c155379eac4aafdb2a559"},"id":"project.closed"}}
