{"recorder_version":"21","session":"f6c1d9489f00","build":"192.6262.58","bucket":"189","time":1575129665597,"group":{"id":"settings","version":"4"},"event":{"state":true,"data":{"component":"NotRoamableUiSettings","created":1575129665735},"id":"invoked"}}
{"recorder_version":"21","session":"f6c1d9489f00","build":"192.6262.58","bucket":"189","time":1575129665599,"group":{"id":"system.java","version":"1"},"event":{"state":true,"data":{"created":1575129665737,"version":"1.11"},"id":"JetBrains"}}
{"recorder_version":"21","session":"f6c1d9489f00","build":"192.6262.58","bucket":"189","time":1575129665599,"group":{"id":"system.java","version":"1"},"event":{"state":true,"data":{"created":1575129665743},"id":"invoked"}}
{"recorder_version":"21","session":"f6c1d9489f00","build":"192.6262.58","bucket":"189","time":1575129665600,"group":{"id":"settings","version":"4"},"event":{"state":true,"data":{"component":"UISettings","created":1575129665746},"id":"invoked"}}
{"recorder_version":"21","session":"f6c1d9489f00","build":"192.6262.58","bucket":"189","time":1575129665622,"group":{"id":"system.os","version":"3"},"event":{"state":true,"data":{"created":1575129665747,"version":"10.14"},"id":"Mac"}}
{"recorder_version":"21","session":"f6c1d9489f00","build":"192.6262.58","bucket":"189","time":1575129665622,"group":{"id":"system.os","version":"3"},"event":{"state":true,"data":{"created":1575129665748,"name":"Mac","version":"10.14"},"id":"os.name"}}
{"recorder_version":"21","session":"f6c1d9489f00","build":"192.6262.58","bucket":"189","time":1575129665622,"group":{"id":"system.os","version":"3"},"event":{"state":true,"data":{"created":1575129665749,"value":"+09_00"},"id":"os.timezone"}}
{"recorder_version":"21","session":"f6c1d9489f00","build":"192.6262.58","bucket":"189","time":1575129665622,"group":{"id":"system.os","version":"3"},"event":{"state":true,"data":{"created":1575129665749},"id":"invoked"}}
{"recorder_version":"21","session":"f6c1d9489f00","build":"192.6262.58","bucket":"189","time":1575129665734,"group":{"id":"event.log","version":"21"},"event":{"count":1,"data":{"created":1575129665750,"version":"942.0"},"id":"whitelist.loaded"}}
{"recorder_version":"21","session":"f6c1d9489f00","build":"192.6262.58","bucket":"189","time":1575129668066,"group":{"id":"settings","version":"4"},"event":{"state":true,"data":{"component":"UpdatesConfigurable","created":1575129668066,"name":"checkNeeded","type":"bool","value":false},"id":"not.default"}}
{"recorder_version":"21","session":"f6c1d9489f00","build":"192.6262.58","bucket":"189","time":1575129668066,"group":{"id":"settings","version":"4"},"event":{"state":true,"data":{"component":"UpdatesConfigurable","created":1575129668067},"id":"invoked"}}
{"recorder_version":"21","session":"f6c1d9489f00","build":"192.6262.58","bucket":"189","time":1575129668181,"group":{"id":"settings","version":"4"},"event":{"state":true,"data":{"component":"GeneralSettings","created":1575129668182,"name":"confirmExit","type":"bool","value":false},"id":"not.default"}}
{"recorder_version":"21","session":"f6c1d9489f00","build":"192.6262.58","bucket":"189","time":1575129668181,"group":{"id":"settings","version":"4"},"event":{"state":true,"data":{"component":"GeneralSettings","created":1575129668184,"name":"showTipsOnStartup","type":"bool","value":false},"id":"not.default"}}
{"recorder_version":"21","session":"f6c1d9489f00","build":"192.6262.58","bucket":"189","time":1575129668181,"group":{"id":"settings","version":"4"},"event":{"state":true,"data":{"component":"GeneralSettings","created":1575129668185},"id":"invoked"}}
{"recorder_version":"21","session":"f6c1d9489f00","build":"192.6262.58","bucket":"189","time":1575129668187,"group":{"id":"lifecycle","version":"21"},"event":{"count":1,"data":{"internal":true,"eap":false,"created":1575129668188},"id":"ide.start"}}
{"recorder_version":"21","session":"f6c1d9489f00","build":"192.6262.58","bucket":"189","time":1575129668527,"group":{"id":"lifecycle","version":"21"},"event":{"count":1,"data":{"created":1575129668527},"id":"frame.activated"}}
{"recorder_version":"21","session":"f6c1d9489f00","build":"192.6262.58","bucket":"189","time":1575129668654,"group":{"id":"performance","version":"21"},"event":{"count":1,"data":{"duration_ms":90,"created":1575129668654},"id":"ui.latency"}}
{"recorder_version":"21","session":"f6c1d9489f00","build":"192.6262.58","bucket":"189","time":1575129669002,"group":{"id":"ui.dialogs","version":"21"},"event":{"count":1,"data":{"created":1575129669004,"plugin_type":"PLATFORM","type":"show"},"id":"com.intellij.openapi.progress.util.ProgressDialog$MyDialogWrapper"}}
{"recorder_version":"21","session":"f6c1d9489f00","build":"192.6262.58","bucket":"189","time":1575129670184,"group":{"id":"lifecycle","version":"21"},"event":{"count":1,"data":{"created":1575129670185,"project":"4452600da3b350ab41d92ae108c2baae6ff0ac3ddb31bd67020ee046ec77ac09"},"id":"project.opened"}}
{"recorder_version":"21","session":"f6c1d9489f00","build":"192.6262.58","bucket":"189","time":1575129671022,"group":{"id":"performance","version":"21"},"event":{"count":1,"data":{"duration_ms":425,"created":1575129671022},"id":"ui.lagging"}}
{"recorder_version":"21","session":"f6c1d9489f00","build":"192.6262.58","bucket":"189","time":1575129672044,"group":{"id":"settings","version":"4"},"event":{"state":true,"data":{"component":"XmlEditorOptions","created":1575129672044},"id":"invoked"}}
{"recorder_version":"21","session":"f6c1d9489f00","build":"192.6262.58","bucket":"189","time":1575129672148,"group":{"id":"performance","version":"21"},"event":{"count":1,"data":{"duration_ms":547,"created":1575129672148},"id":"ui.lagging"}}
{"recorder_version":"21","session":"f6c1d9489f00","build":"192.6262.58","bucket":"189","time":1575129672595,"group":{"id":"toolwindow","version":"21"},"event":{"count":1,"data":{"os":"Mac","created":1575129672595,"plugin_type":"PLATFORM"},"id":"Project"}}
{"recorder_version":"21","session":"f6c1d9489f00","build":"192.6262.58","bucket":"189","time":1575129673430,"group":{"id":"performance","version":"21"},"event":{"count":1,"data":{"duration_ms":828,"created":1575129673430},"id":"ui.lagging"}}
{"recorder_version":"21","session":"f6c1d9489f00","build":"192.6262.58","bucket":"189","time":1575129673919,"group":{"id":"performance","version":"21"},"event":{"count":1,"data":{"duration_ms":316,"created":1575129673919},"id":"ui.lagging"}}
{"recorder_version":"21","session":"f6c1d9489f00","build":"192.6262.58","bucket":"189","time":1575129675033,"group":{"id":"project.fs","version":"1"},"event":{"state":true,"data":{"os":"Mac","cs-project":false,"created":1575129675034,"project":"4452600da3b350ab41d92ae108c2baae6ff0ac3ddb31bd67020ee046ec77ac09","cs-implicit":true,"cs-system":false},"id":"case-sensitivity"}}
{"recorder_version":"21","session":"f6c1d9489f00","build":"192.6262.58","bucket":"189","time":1575129675033,"group":{"id":"project.fs","version":"1"},"event":{"state":true,"data":{"created":1575129675034},"id":"invoked"}}
{"recorder_version":"21","session":"f6c1d9489f00","build":"192.6262.58","bucket":"189","time":1575129675034,"group":{"id":"project.fs","version":"1"},"event":{"state":true,"data":{"pct-non-watched":0,"created":1575129675034,"project":"4452600da3b350ab41d92ae108c2baae6ff0ac3ddb31bd67020ee046ec77ac09"},"id":"roots-watched"}}
{"recorder_version":"21","session":"f6c1d9489f00","build":"192.6262.58","bucket":"189","time":1575129675034,"group":{"id":"project.fs","version":"1"},"event":{"state":true,"data":{"created":1575129675034},"id":"invoked"}}
{"recorder_version":"21","session":"f6c1d9489f00","build":"192.6262.58","bucket":"189","time":1575129675097,"group":{"id":"ui.dialogs","version":"21"},"event":{"count":1,"data":{"code":1,"created":1575129675098,"plugin_type":"PLATFORM","type":"close"},"id":"com.intellij.openapi.progress.util.ProgressDialog$MyDialogWrapper"}}
{"recorder_version":"21","session":"f6c1d9489f00","build":"192.6262.58","bucket":"189","time":1575129675327,"group":{"id":"lifecycle","version":"21"},"event":{"count":1,"data":{"duration_ms":6607,"created":1575129675327,"project":"4452600da3b350ab41d92ae108c2baae6ff0ac3ddb31bd67020ee046ec77ac09"},"id":"project.opening.finished"}}
{"recorder_version":"21","session":"f6c1d9489f00","build":"192.6262.58","bucket":"189","time":1575129675937,"group":{"id":"performance","version":"21"},"event":{"count":1,"data":{"duration_ms":329,"created":1575129675937},"id":"ui.lagging"}}
{"recorder_version":"21","session":"f6c1d9489f00","build":"192.6262.58","bucket":"189","time":1575129676376,"group":{"id":"kotlin.jps.target","version":"1"},"event":{"count":2,"data":{"plugin_version":"validation.undefined_rule","last":1575129676377,"created":1575129676376},"id":"validation.undefined_rule"}}
{"recorder_version":"21","session":"f6c1d9489f00","build":"192.6262.58","bucket":"189","time":1575129676779,"group":{"id":"performance","version":"21"},"event":{"count":1,"data":{"duration_ms":170,"created":1575129676779},"id":"ui.lagging"}}
{"recorder_version":"21","session":"f6c1d9489f00","build":"192.6262.58","bucket":"189","time":1575129677325,"group":{"id":"vcs.change.reminder","version":"1"},"event":{"count":1,"data":{"created":1575129677325,"project":"4452600da3b350ab41d92ae108c2baae6ff0ac3ddb31bd67020ee046ec77ac09","execution_time":274},"id":"prediction.calculated"}}
{"recorder_version":"21","session":"f6c1d9489f00","build":"192.6262.58","bucket":"189","time":1575129681402,"group":{"id":"file.types.usage","version":"21"},"event":{"count":1,"data":{"plugin":"com.intellij.java","created":1575129681402,"plugin_type":"JB_BUNDLED","project":"4452600da3b350ab41d92ae108c2baae6ff0ac3ddb31bd67020ee046ec77ac09","type":"edit"},"id":"JAVA"}}
{"recorder_version":"21","session":"f6c1d9489f00","build":"192.6262.58","bucket":"189","time":1575129698043,"group":{"id":"lifecycle","version":"21"},"event":{"count":1,"data":{"created":1575129698043,"project":"4452600da3b350ab41d92ae108c2baae6ff0ac3ddb31bd67020ee046ec77ac09"},"id":"frame.deactivated"}}
{"recorder_version":"21","session":"f6c1d9489f00","build":"192.6262.58","bucket":"189","time":1575129698986,"group":{"id":"vcs.change.reminder","version":"1"},"event":{"count":1,"data":{"created":1575129698987,"project":"4452600da3b350ab41d92ae108c2baae6ff0ac3ddb31bd67020ee046ec77ac09","execution_time":95},"id":"prediction.calculated"}}
{"recorder_version":"21","session":"f6c1d9489f00","build":"192.6262.58","bucket":"189","time":1575129699854,"group":{"id":"performance","version":"21"},"event":{"count":1,"data":{"duration_ms":200,"created":1575129699854},"id":"ui.lagging"}}
{"recorder_version":"21","session":"f6c1d9489f00","build":"192.6262.58","bucket":"189","time":1575129768879,"group":{"id":"performance","version":"21"},"event":{"count":1,"data":{"duration_ms":0,"created":1575129768879},"id":"ui.latency"}}
{"recorder_version":"21","session":"f6c1d9489f00","build":"192.6262.58","bucket":"189","time":1575129807369,"group":{"id":"lifecycle","version":"21"},"event":{"count":1,"data":{"created":1575129807369,"project":"4452600da3b350ab41d92ae108c2baae6ff0ac3ddb31bd67020ee046ec77ac09"},"id":"frame.activated"}}
{"recorder_version":"21","session":"f6c1d9489f00","build":"192.6262.58","bucket":"189","time":1575129807650,"group":{"id":"lifecycle","version":"21"},"event":{"count":1,"data":{"restart":false,"created":1575129807650},"id":"ide.close"}}
{"recorder_version":"21","session":"f6c1d9489f00","build":"192.6262.58","bucket":"189","time":1575129807738,"group":{"id":"lifecycle","version":"21"},"event":{"count":1,"data":{"created":1575129807739,"project":"4452600da3b350ab41d92ae108c2baae6ff0ac3ddb31bd67020ee046ec77ac09"},"id":"project.closed"}}
