{"recorder_version":"21","session":"dfb0c0e32b62","build":"192.6262.58","bucket":"189","time":1574801274587,"group":{"id":"settings","version":"4"},"event":{"state":true,"data":{"component":"NotRoamableUiSettings","created":1574801274760},"id":"invoked"}}
{"recorder_version":"21","session":"dfb0c0e32b62","build":"192.6262.58","bucket":"189","time":1574801274590,"group":{"id":"system.java","version":"1"},"event":{"state":true,"data":{"created":1574801274763,"version":"1.11"},"id":"JetBrains"}}
{"recorder_version":"21","session":"dfb0c0e32b62","build":"192.6262.58","bucket":"189","time":1574801274590,"group":{"id":"system.java","version":"1"},"event":{"state":true,"data":{"created":1574801274771},"id":"invoked"}}
{"recorder_version":"21","session":"dfb0c0e32b62","build":"192.6262.58","bucket":"189","time":1574801274591,"group":{"id":"settings","version":"4"},"event":{"state":true,"data":{"component":"UISettings","created":1574801274772},"id":"invoked"}}
{"recorder_version":"21","session":"dfb0c0e32b62","build":"192.6262.58","bucket":"189","time":1574801274611,"group":{"id":"system.os","version":"3"},"event":{"state":true,"data":{"created":1574801274773,"version":"10.14"},"id":"Mac"}}
{"recorder_version":"21","session":"dfb0c0e32b62","build":"192.6262.58","bucket":"189","time":1574801274611,"group":{"id":"system.os","version":"3"},"event":{"state":true,"data":{"created":1574801274774,"name":"Mac","version":"10.14"},"id":"os.name"}}
{"recorder_version":"21","session":"dfb0c0e32b62","build":"192.6262.58","bucket":"189","time":1574801274612,"group":{"id":"system.os","version":"3"},"event":{"state":true,"data":{"created":1574801274775,"value":"+09_00"},"id":"os.timezone"}}
{"recorder_version":"21","session":"dfb0c0e32b62","build":"192.6262.58","bucket":"189","time":1574801274612,"group":{"id":"system.os","version":"3"},"event":{"state":true,"data":{"created":1574801274776},"id":"invoked"}}
{"recorder_version":"21","session":"dfb0c0e32b62","build":"192.6262.58","bucket":"189","time":1574801274760,"group":{"id":"event.log","version":"21"},"event":{"count":1,"data":{"created":1574801274777,"version":"930.0"},"id":"whitelist.loaded"}}
{"recorder_version":"21","session":"dfb0c0e32b62","build":"192.6262.58","bucket":"189","time":1574801276960,"group":{"id":"settings","version":"4"},"event":{"state":true,"data":{"component":"UpdatesConfigurable","created":1574801276962,"name":"checkNeeded","type":"bool","value":false},"id":"not.default"}}
{"recorder_version":"21","session":"dfb0c0e32b62","build":"192.6262.58","bucket":"189","time":1574801276960,"group":{"id":"settings","version":"4"},"event":{"state":true,"data":{"component":"UpdatesConfigurable","created":1574801276963},"id":"invoked"}}
{"recorder_version":"21","session":"dfb0c0e32b62","build":"192.6262.58","bucket":"189","time":1574801277080,"group":{"id":"settings","version":"4"},"event":{"state":true,"data":{"component":"GeneralSettings","created":1574801277081,"name":"confirmExit","type":"bool","value":false},"id":"not.default"}}
{"recorder_version":"21","session":"dfb0c0e32b62","build":"192.6262.58","bucket":"189","time":1574801277081,"group":{"id":"settings","version":"4"},"event":{"state":true,"data":{"component":"GeneralSettings","created":1574801277082,"name":"showTipsOnStartup","type":"bool","value":false},"id":"not.default"}}
{"recorder_version":"21","session":"dfb0c0e32b62","build":"192.6262.58","bucket":"189","time":1574801277081,"group":{"id":"settings","version":"4"},"event":{"state":true,"data":{"component":"GeneralSettings","created":1574801277083},"id":"invoked"}}
{"recorder_version":"21","session":"dfb0c0e32b62","build":"192.6262.58","bucket":"189","time":1574801277087,"group":{"id":"lifecycle","version":"21"},"event":{"count":1,"data":{"internal":true,"eap":false,"created":1574801277087},"id":"ide.start"}}
{"recorder_version":"21","session":"dfb0c0e32b62","build":"192.6262.58","bucket":"189","time":1574801277396,"group":{"id":"lifecycle","version":"21"},"event":{"count":1,"data":{"created":1574801277396},"id":"frame.activated"}}
{"recorder_version":"21","session":"dfb0c0e32b62","build":"192.6262.58","bucket":"189","time":1574801277631,"group":{"id":"performance","version":"21"},"event":{"count":1,"data":{"duration_ms":0,"created":1574801277632},"id":"ui.latency"}}
{"recorder_version":"21","session":"dfb0c0e32b62","build":"192.6262.58","bucket":"189","time":1574801277890,"group":{"id":"ui.dialogs","version":"21"},"event":{"count":1,"data":{"created":1574801277891,"plugin_type":"PLATFORM","type":"show"},"id":"com.intellij.openapi.progress.util.ProgressDialog$MyDialogWrapper"}}
{"recorder_version":"21","session":"dfb0c0e32b62","build":"192.6262.58","bucket":"189","time":1574801279033,"group":{"id":"lifecycle","version":"21"},"event":{"count":1,"data":{"created":1574801279033,"project":"92ddc83aceaa9edad1485397ccc1680a8fd16623aa2c155379eac4aafdb2a559"},"id":"project.opened"}}
{"recorder_version":"21","session":"dfb0c0e32b62","build":"192.6262.58","bucket":"189","time":1574801279794,"group":{"id":"performance","version":"21"},"event":{"count":1,"data":{"duration_ms":156,"created":1574801279794},"id":"ui.lagging"}}
{"recorder_version":"21","session":"dfb0c0e32b62","build":"192.6262.58","bucket":"189","time":1574801281008,"group":{"id":"settings","version":"4"},"event":{"state":true,"data":{"component":"XmlEditorOptions","created":1574801281008},"id":"invoked"}}
{"recorder_version":"21","session":"dfb0c0e32b62","build":"192.6262.58","bucket":"189","time":1574801281062,"group":{"id":"performance","version":"21"},"event":{"count":1,"data":{"duration_ms":420,"created":1574801281062},"id":"ui.lagging"}}
{"recorder_version":"21","session":"dfb0c0e32b62","build":"192.6262.58","bucket":"189","time":1574801281323,"group":{"id":"toolwindow","version":"21"},"event":{"count":1,"data":{"os":"Mac","created":1574801281323,"plugin_type":"PLATFORM"},"id":"Project"}}
{"recorder_version":"21","session":"dfb0c0e32b62","build":"192.6262.58","bucket":"189","time":1574801281792,"group":{"id":"performance","version":"21"},"event":{"count":1,"data":{"duration_ms":145,"created":1574801281792},"id":"ui.lagging"}}
{"recorder_version":"21","session":"dfb0c0e32b62","build":"192.6262.58","bucket":"189","time":1574801283645,"group":{"id":"kotlin.jps.target","version":"1"},"event":{"count":1,"data":{"plugin_version":"validation.undefined_rule","created":1574801283645},"id":"validation.undefined_rule"}}
{"recorder_version":"21","session":"dfb0c0e32b62","build":"192.6262.58","bucket":"189","time":1574801283681,"group":{"id":"project.fs","version":"1"},"event":{"state":true,"data":{"os":"Mac","cs-project":false,"created":1574801283681,"project":"92ddc83aceaa9edad1485397ccc1680a8fd16623aa2c155379eac4aafdb2a559","cs-implicit":true,"cs-system":false},"id":"case-sensitivity"}}
{"recorder_version":"21","session":"dfb0c0e32b62","build":"192.6262.58","bucket":"189","time":1574801283681,"group":{"id":"project.fs","version":"1"},"event":{"state":true,"data":{"created":1574801283681},"id":"invoked"}}
{"recorder_version":"21","session":"dfb0c0e32b62","build":"192.6262.58","bucket":"189","time":1574801283681,"group":{"id":"project.fs","version":"1"},"event":{"state":true,"data":{"pct-non-watched":0,"created":1574801283682,"project":"92ddc83aceaa9edad1485397ccc1680a8fd16623aa2c155379eac4aafdb2a559"},"id":"roots-watched"}}
{"recorder_version":"21","session":"dfb0c0e32b62","build":"192.6262.58","bucket":"189","time":1574801283681,"group":{"id":"project.fs","version":"1"},"event":{"state":true,"data":{"created":1574801283682},"id":"invoked"}}
{"recorder_version":"21","session":"dfb0c0e32b62","build":"192.6262.58","bucket":"189","time":1574801283816,"group":{"id":"ui.dialogs","version":"21"},"event":{"count":1,"data":{"code":1,"created":1574801283816,"plugin_type":"PLATFORM","type":"close"},"id":"com.intellij.openapi.progress.util.ProgressDialog$MyDialogWrapper"}}
{"recorder_version":"21","session":"dfb0c0e32b62","build":"192.6262.58","bucket":"189","time":1574801284035,"group":{"id":"lifecycle","version":"21"},"event":{"count":1,"data":{"duration_ms":6412,"created":1574801284035,"project":"92ddc83aceaa9edad1485397ccc1680a8fd16623aa2c155379eac4aafdb2a559"},"id":"project.opening.finished"}}
{"recorder_version":"21","session":"dfb0c0e32b62","build":"192.6262.58","bucket":"189","time":1574801284767,"group":{"id":"performance","version":"21"},"event":{"count":1,"data":{"duration_ms":105,"created":1574801284767},"id":"ui.lagging"}}
{"recorder_version":"21","session":"dfb0c0e32b62","build":"192.6262.58","bucket":"189","time":1574801287948,"group":{"id":"file.types.usage","version":"21"},"event":{"count":1,"data":{"created":1574801287948,"plugin_type":"PLATFORM","project":"92ddc83aceaa9edad1485397ccc1680a8fd16623aa2c155379eac4aafdb2a559","type":"edit"},"id":"IDEA_MODULE"}}
{"recorder_version":"21","session":"dfb0c0e32b62","build":"192.6262.58","bucket":"189","time":1574801307741,"group":{"id":"actions","version":"21"},"event":{"count":1,"data":{"context_menu":false,"current_file":"TEXT","created":1574801307742,"plugin_type":"PLATFORM","project":"92ddc83aceaa9edad1485397ccc1680a8fd16623aa2c155379eac4aafdb2a559","place":"keyboard_shortcut","class":"com.intellij.openapi.editor.actions.EnterAction","input_event":"Enter"},"id":"EditorEnter"}}
{"recorder_version":"21","session":"dfb0c0e32b62","build":"192.6262.58","bucket":"189","time":1574801308960,"group":{"id":"actions","version":"21"},"event":{"count":1,"data":{"context_menu":false,"current_file":"TEXT","created":1574801308961,"plugin_type":"PLATFORM","project":"92ddc83aceaa9edad1485397ccc1680a8fd16623aa2c155379eac4aafdb2a559","place":"keyboard_shortcut","class":"com.intellij.openapi.editor.actions.BackspaceAction","input_event":"Backspace"},"id":"EditorBackSpace"}}
{"recorder_version":"21","session":"dfb0c0e32b62","build":"192.6262.58","bucket":"189","time":1574801347956,"group":{"id":"file.types.usage","version":"21"},"event":{"count":1,"data":{"created":1574801347957,"plugin_type":"PLATFORM","project":"92ddc83aceaa9edad1485397ccc1680a8fd16623aa2c155379eac4aafdb2a559","type":"edit"},"id":"IDEA_MODULE"}}
{"recorder_version":"21","session":"dfb0c0e32b62","build":"192.6262.58","bucket":"189","time":1574801349679,"group":{"id":"lifecycle","version":"21"},"event":{"count":1,"data":{"created":1574801349680,"plugin_type":"NOT_LISTED","error":"java.lang.NullPointerException"},"id":"ide.error"}}
{"recorder_version":"21","session":"dfb0c0e32b62","build":"192.6262.58","bucket":"189","time":1574801353412,"group":{"id":"lifecycle","version":"21"},"event":{"count":1,"data":{"created":1574801353412,"project":"92ddc83aceaa9edad1485397ccc1680a8fd16623aa2c155379eac4aafdb2a559"},"id":"project.closed"}}
{"recorder_version":"21","session":"dfb0c0e32b62","build":"192.6262.58","bucket":"189","time":1574801355023,"group":{"id":"lifecycle","version":"21"},"event":{"count":1,"data":{"restart":false,"created":1574801355023},"id":"ide.close"}}
