{"recorder_version":"21","session":"1bed1d3c0012","build":"192.6262.58","bucket":"189","time":1575127993549,"group":{"id":"settings","version":"4"},"event":{"state":true,"data":{"component":"NotRoamableUiSettings","created":1575127993812},"id":"invoked"}}
{"recorder_version":"21","session":"1bed1d3c0012","build":"192.6262.58","bucket":"189","time":1575127993551,"group":{"id":"system.java","version":"1"},"event":{"state":true,"data":{"created":1575127993816,"version":"1.11"},"id":"JetBrains"}}
{"recorder_version":"21","session":"1bed1d3c0012","build":"192.6262.58","bucket":"189","time":1575127993551,"group":{"id":"system.java","version":"1"},"event":{"state":true,"data":{"created":1575127993827},"id":"invoked"}}
{"recorder_version":"21","session":"1bed1d3c0012","build":"192.6262.58","bucket":"189","time":1575127993552,"group":{"id":"settings","version":"4"},"event":{"state":true,"data":{"component":"UISettings","created":1575127993828},"id":"invoked"}}
{"recorder_version":"21","session":"1bed1d3c0012","build":"192.6262.58","bucket":"189","time":1575127993601,"group":{"id":"system.os","version":"3"},"event":{"state":true,"data":{"created":1575127993829,"version":"10.14"},"id":"Mac"}}
{"recorder_version":"21","session":"1bed1d3c0012","build":"192.6262.58","bucket":"189","time":1575127993601,"group":{"id":"system.os","version":"3"},"event":{"state":true,"data":{"created":1575127993830,"name":"Mac","version":"10.14"},"id":"os.name"}}
{"recorder_version":"21","session":"1bed1d3c0012","build":"192.6262.58","bucket":"189","time":1575127993601,"group":{"id":"system.os","version":"3"},"event":{"state":true,"data":{"created":1575127993831,"value":"+09_00"},"id":"os.timezone"}}
{"recorder_version":"21","session":"1bed1d3c0012","build":"192.6262.58","bucket":"189","time":1575127993601,"group":{"id":"system.os","version":"3"},"event":{"state":true,"data":{"created":1575127993832},"id":"invoked"}}
{"recorder_version":"21","session":"1bed1d3c0012","build":"192.6262.58","bucket":"189","time":1575127993811,"group":{"id":"event.log","version":"21"},"event":{"count":1,"data":{"created":1575127993833,"version":"942.0"},"id":"whitelist.loaded"}}
{"recorder_version":"21","session":"1bed1d3c0012","build":"192.6262.58","bucket":"189","time":1575127996349,"group":{"id":"settings","version":"4"},"event":{"state":true,"data":{"component":"UpdatesConfigurable","created":1575127996349,"name":"checkNeeded","type":"bool","value":false},"id":"not.default"}}
{"recorder_version":"21","session":"1bed1d3c0012","build":"192.6262.58","bucket":"189","time":1575127996349,"group":{"id":"settings","version":"4"},"event":{"state":true,"data":{"component":"UpdatesConfigurable","created":1575127996350},"id":"invoked"}}
{"recorder_version":"21","session":"1bed1d3c0012","build":"192.6262.58","bucket":"189","time":1575127996968,"group":{"id":"lifecycle","version":"21"},"event":{"count":1,"data":{"internal":true,"eap":false,"created":1575127996968},"id":"ide.start"}}
{"recorder_version":"21","session":"1bed1d3c0012","build":"192.6262.58","bucket":"189","time":1575127996984,"group":{"id":"settings","version":"4"},"event":{"state":true,"data":{"component":"GeneralSettings","created":1575127996984,"name":"confirmExit","type":"bool","value":false},"id":"not.default"}}
{"recorder_version":"21","session":"1bed1d3c0012","build":"192.6262.58","bucket":"189","time":1575127996984,"group":{"id":"settings","version":"4"},"event":{"state":true,"data":{"component":"GeneralSettings","created":1575127996985,"name":"showTipsOnStartup","type":"bool","value":false},"id":"not.default"}}
{"recorder_version":"21","session":"1bed1d3c0012","build":"192.6262.58","bucket":"189","time":1575127996984,"group":{"id":"settings","version":"4"},"event":{"state":true,"data":{"component":"GeneralSettings","created":1575127996985},"id":"invoked"}}
{"recorder_version":"21","session":"1bed1d3c0012","build":"192.6262.58","bucket":"189","time":1575127997040,"group":{"id":"performance","version":"21"},"event":{"count":1,"data":{"duration_ms":232,"created":1575127997041},"id":"ui.latency"}}
{"recorder_version":"21","session":"1bed1d3c0012","build":"192.6262.58","bucket":"189","time":1575127997040,"group":{"id":"performance","version":"21"},"event":{"count":1,"data":{"duration_ms":232,"created":1575127997042},"id":"ui.lagging"}}
{"recorder_version":"21","session":"1bed1d3c0012","build":"192.6262.58","bucket":"189","time":1575127997667,"group":{"id":"settings","version":"4"},"event":{"state":true,"data":{"component":"XmlEditorOptions","created":1575127997667},"id":"invoked"}}
{"recorder_version":"21","session":"1bed1d3c0012","build":"192.6262.58","bucket":"189","time":1575127998190,"group":{"id":"performance","version":"21"},"event":{"count":1,"data":{"duration_ms":380,"created":1575127998190},"id":"ui.lagging"}}
{"recorder_version":"21","session":"1bed1d3c0012","build":"192.6262.58","bucket":"189","time":1575127999810,"group":{"id":"ui.dialogs","version":"21"},"event":{"count":1,"data":{"created":1575127999812,"plugin_type":"PLATFORM","type":"show"},"id":"com.intellij.openapi.progress.util.ProgressDialog$MyDialogWrapper"}}
{"recorder_version":"21","session":"1bed1d3c0012","build":"192.6262.58","bucket":"189","time":1575128000931,"group":{"id":"lifecycle","version":"21"},"event":{"count":1,"data":{"created":1575128000931,"project":"4452600da3b350ab41d92ae108c2baae6ff0ac3ddb31bd67020ee046ec77ac09"},"id":"project.opened"}}
{"recorder_version":"21","session":"1bed1d3c0012","build":"192.6262.58","bucket":"189","time":1575128002977,"group":{"id":"performance","version":"21"},"event":{"count":1,"data":{"duration_ms":163,"created":1575128002978},"id":"ui.lagging"}}
{"recorder_version":"21","session":"1bed1d3c0012","build":"192.6262.58","bucket":"189","time":1575128003475,"group":{"id":"toolwindow","version":"21"},"event":{"count":1,"data":{"os":"Mac","created":1575128003727,"plugin_type":"NOT_LISTED"},"id":"third.party"}}
{"recorder_version":"21","session":"1bed1d3c0012","build":"192.6262.58","bucket":"189","time":1575128005206,"group":{"id":"project.fs","version":"1"},"event":{"state":true,"data":{"os":"Mac","cs-project":false,"created":1575128005207,"project":"4452600da3b350ab41d92ae108c2baae6ff0ac3ddb31bd67020ee046ec77ac09","cs-implicit":true,"cs-system":false},"id":"case-sensitivity"}}
{"recorder_version":"21","session":"1bed1d3c0012","build":"192.6262.58","bucket":"189","time":1575128005207,"group":{"id":"project.fs","version":"1"},"event":{"state":true,"data":{"created":1575128005207},"id":"invoked"}}
{"recorder_version":"21","session":"1bed1d3c0012","build":"192.6262.58","bucket":"189","time":1575128005207,"group":{"id":"project.fs","version":"1"},"event":{"state":true,"data":{"pct-non-watched":0,"created":1575128005208,"project":"4452600da3b350ab41d92ae108c2baae6ff0ac3ddb31bd67020ee046ec77ac09"},"id":"roots-watched"}}
{"recorder_version":"21","session":"1bed1d3c0012","build":"192.6262.58","bucket":"189","time":1575128005207,"group":{"id":"project.fs","version":"1"},"event":{"state":true,"data":{"created":1575128005208},"id":"invoked"}}
{"recorder_version":"21","session":"1bed1d3c0012","build":"192.6262.58","bucket":"189","time":1575128005227,"group":{"id":"ui.dialogs","version":"21"},"event":{"count":1,"data":{"code":1,"created":1575128005227,"plugin_type":"PLATFORM","type":"close"},"id":"com.intellij.openapi.progress.util.ProgressDialog$MyDialogWrapper"}}
{"recorder_version":"21","session":"1bed1d3c0012","build":"192.6262.58","bucket":"189","time":1575128005365,"group":{"id":"lifecycle","version":"21"},"event":{"count":1,"data":{"duration_ms":5831,"created":1575128005365,"project":"4452600da3b350ab41d92ae108c2baae6ff0ac3ddb31bd67020ee046ec77ac09"},"id":"project.opening.finished"}}
{"recorder_version":"21","session":"1bed1d3c0012","build":"192.6262.58","bucket":"189","time":1575128006552,"group":{"id":"kotlin.jps.target","version":"1"},"event":{"count":2,"data":{"plugin_version":"validation.undefined_rule","last":1575128006552,"created":1575128006552},"id":"validation.undefined_rule"}}
{"recorder_version":"21","session":"1bed1d3c0012","build":"192.6262.58","bucket":"189","time":1575128006990,"group":{"id":"performance","version":"21"},"event":{"count":1,"data":{"duration_ms":170,"created":1575128006990},"id":"ui.lagging"}}
{"recorder_version":"21","session":"1bed1d3c0012","build":"192.6262.58","bucket":"189","time":1575128007382,"group":{"id":"vcs.change.reminder","version":"1"},"event":{"count":1,"data":{"created":1575128007383,"project":"4452600da3b350ab41d92ae108c2baae6ff0ac3ddb31bd67020ee046ec77ac09","execution_time":218},"id":"prediction.calculated"}}
{"recorder_version":"21","session":"1bed1d3c0012","build":"192.6262.58","bucket":"189","time":1575128008248,"group":{"id":"file.types.usage","version":"21"},"event":{"count":1,"data":{"plugin":"com.intellij.java","created":1575128008248,"plugin_type":"JB_BUNDLED","project":"4452600da3b350ab41d92ae108c2baae6ff0ac3ddb31bd67020ee046ec77ac09","type":"edit"},"id":"JAVA"}}
{"recorder_version":"21","session":"1bed1d3c0012","build":"192.6262.58","bucket":"189","time":1575128021052,"group":{"id":"vcs.change.reminder","version":"1"},"event":{"count":1,"data":{"created":1575128021052,"project":"4452600da3b350ab41d92ae108c2baae6ff0ac3ddb31bd67020ee046ec77ac09","execution_time":39},"id":"prediction.calculated"}}
{"recorder_version":"21","session":"1bed1d3c0012","build":"192.6262.58","bucket":"189","time":1575128021085,"group":{"id":"vcs.change.reminder","version":"1"},"event":{"count":1,"data":{"created":1575128021085,"project":"4452600da3b350ab41d92ae108c2baae6ff0ac3ddb31bd67020ee046ec77ac09","execution_time":33},"id":"prediction.calculated"}}
{"recorder_version":"21","session":"1bed1d3c0012","build":"192.6262.58","bucket":"189","time":1575128031479,"group":{"id":"vcs.change.reminder","version":"1"},"event":{"count":1,"data":{"created":1575128031479,"project":"4452600da3b350ab41d92ae108c2baae6ff0ac3ddb31bd67020ee046ec77ac09","execution_time":34},"id":"prediction.calculated"}}
{"recorder_version":"21","session":"1bed1d3c0012","build":"192.6262.58","bucket":"189","time":1575128031502,"group":{"id":"vcs.change.reminder","version":"1"},"event":{"count":1,"data":{"created":1575128031502,"project":"4452600da3b350ab41d92ae108c2baae6ff0ac3ddb31bd67020ee046ec77ac09","execution_time":23},"id":"prediction.calculated"}}
{"recorder_version":"21","session":"1bed1d3c0012","build":"192.6262.58","bucket":"189","time":1575128032227,"group":{"id":"lifecycle","version":"21"},"event":{"count":1,"data":{"created":1575128032227,"project":"4452600da3b350ab41d92ae108c2baae6ff0ac3ddb31bd67020ee046ec77ac09"},"id":"frame.deactivated"}}
{"recorder_version":"21","session":"1bed1d3c0012","build":"192.6262.58","bucket":"189","time":1575128032993,"group":{"id":"performance","version":"21"},"event":{"count":1,"data":{"duration_ms":118,"created":1575128032993},"id":"ui.lagging"}}
{"recorder_version":"21","session":"1bed1d3c0012","build":"192.6262.58","bucket":"189","time":1575128050227,"group":{"id":"lifecycle","version":"21"},"event":{"count":1,"data":{"created":1575128050227,"project":"4452600da3b350ab41d92ae108c2baae6ff0ac3ddb31bd67020ee046ec77ac09"},"id":"frame.activated"}}
{"recorder_version":"21","session":"1bed1d3c0012","build":"192.6262.58","bucket":"189","time":1575128051083,"group":{"id":"lifecycle","version":"21"},"event":{"count":1,"data":{"restart":false,"created":1575128051083},"id":"ide.close"}}
{"recorder_version":"21","session":"1bed1d3c0012","build":"192.6262.58","bucket":"189","time":1575128051203,"group":{"id":"lifecycle","version":"21"},"event":{"count":1,"data":{"created":1575128051203,"project":"4452600da3b350ab41d92ae108c2baae6ff0ac3ddb31bd67020ee046ec77ac09"},"id":"project.closed"}}
