{"recorder_version":"21","session":"b859eb5a257d","build":"192.6262.58","bucket":"189","time":1574629645411,"group":{"id":"settings","version":"4"},"event":{"state":true,"data":{"component":"NotRoamableUiSettings","created":1574629645571},"id":"invoked"}}
{"recorder_version":"21","session":"b859eb5a257d","build":"192.6262.58","bucket":"189","time":1574629645413,"group":{"id":"system.java","version":"1"},"event":{"state":true,"data":{"created":1574629645573,"version":"1.11"},"id":"JetBrains"}}
{"recorder_version":"21","session":"b859eb5a257d","build":"192.6262.58","bucket":"189","time":1574629645413,"group":{"id":"system.java","version":"1"},"event":{"state":true,"data":{"created":1574629645581},"id":"invoked"}}
{"recorder_version":"21","session":"b859eb5a257d","build":"192.6262.58","bucket":"189","time":1574629645413,"group":{"id":"settings","version":"4"},"event":{"state":true,"data":{"component":"UISettings","created":1574629645582},"id":"invoked"}}
{"recorder_version":"21","session":"b859eb5a257d","build":"192.6262.58","bucket":"189","time":1574629645434,"group":{"id":"system.os","version":"3"},"event":{"state":true,"data":{"created":1574629645583,"version":"10.14"},"id":"Mac"}}
{"recorder_version":"21","session":"b859eb5a257d","build":"192.6262.58","bucket":"189","time":1574629645434,"group":{"id":"system.os","version":"3"},"event":{"state":true,"data":{"created":1574629645584,"name":"Mac","version":"10.14"},"id":"os.name"}}
{"recorder_version":"21","session":"b859eb5a257d","build":"192.6262.58","bucket":"189","time":1574629645434,"group":{"id":"system.os","version":"3"},"event":{"state":true,"data":{"created":1574629645585,"value":"+09_00"},"id":"os.timezone"}}
{"recorder_version":"21","session":"b859eb5a257d","build":"192.6262.58","bucket":"189","time":1574629645434,"group":{"id":"system.os","version":"3"},"event":{"state":true,"data":{"created":1574629645586},"id":"invoked"}}
{"recorder_version":"21","session":"b859eb5a257d","build":"192.6262.58","bucket":"189","time":1574629645571,"group":{"id":"event.log","version":"21"},"event":{"count":1,"data":{"created":1574629645587,"version":"919.0"},"id":"whitelist.loaded"}}
{"recorder_version":"21","session":"b859eb5a257d","build":"192.6262.58","bucket":"189","time":1574629647658,"group":{"id":"settings","version":"4"},"event":{"state":true,"data":{"component":"UpdatesConfigurable","created":1574629647659,"name":"checkNeeded","type":"bool","value":false},"id":"not.default"}}
{"recorder_version":"21","session":"b859eb5a257d","build":"192.6262.58","bucket":"189","time":1574629647658,"group":{"id":"settings","version":"4"},"event":{"state":true,"data":{"component":"UpdatesConfigurable","created":1574629647659},"id":"invoked"}}
{"recorder_version":"21","session":"b859eb5a257d","build":"192.6262.58","bucket":"189","time":1574629648243,"group":{"id":"lifecycle","version":"21"},"event":{"count":1,"data":{"internal":true,"eap":false,"created":1574629648243},"id":"ide.start"}}
{"recorder_version":"21","session":"b859eb5a257d","build":"192.6262.58","bucket":"189","time":1574629648249,"group":{"id":"settings","version":"4"},"event":{"state":true,"data":{"component":"GeneralSettings","created":1574629648249,"name":"confirmExit","type":"bool","value":false},"id":"not.default"}}
{"recorder_version":"21","session":"b859eb5a257d","build":"192.6262.58","bucket":"189","time":1574629648249,"group":{"id":"settings","version":"4"},"event":{"state":true,"data":{"component":"GeneralSettings","created":1574629648250,"name":"showTipsOnStartup","type":"bool","value":false},"id":"not.default"}}
{"recorder_version":"21","session":"b859eb5a257d","build":"192.6262.58","bucket":"189","time":1574629648249,"group":{"id":"settings","version":"4"},"event":{"state":true,"data":{"component":"GeneralSettings","created":1574629648251},"id":"invoked"}}
{"recorder_version":"21","session":"b859eb5a257d","build":"192.6262.58","bucket":"189","time":1574629648390,"group":{"id":"performance","version":"21"},"event":{"count":1,"data":{"duration_ms":31,"created":1574629648390},"id":"ui.latency"}}
{"recorder_version":"21","session":"b859eb5a257d","build":"192.6262.58","bucket":"189","time":1574629648976,"group":{"id":"settings","version":"4"},"event":{"state":true,"data":{"component":"XmlEditorOptions","created":1574629648976},"id":"invoked"}}
{"recorder_version":"21","session":"b859eb5a257d","build":"192.6262.58","bucket":"189","time":1574629650273,"group":{"id":"ui.dialogs","version":"21"},"event":{"count":1,"data":{"created":1574629650274,"plugin_type":"PLATFORM","type":"show"},"id":"com.intellij.openapi.progress.util.ProgressDialog$MyDialogWrapper"}}
{"recorder_version":"21","session":"b859eb5a257d","build":"192.6262.58","bucket":"189","time":1574629651186,"group":{"id":"lifecycle","version":"21"},"event":{"count":1,"data":{"created":1574629651186,"project":"92ddc83aceaa9edad1485397ccc1680a8fd16623aa2c155379eac4aafdb2a559"},"id":"project.opened"}}
{"recorder_version":"21","session":"b859eb5a257d","build":"192.6262.58","bucket":"189","time":1574629651761,"group":{"id":"performance","version":"21"},"event":{"count":1,"data":{"duration_ms":393,"created":1574629651761},"id":"ui.lagging"}}
{"recorder_version":"21","session":"b859eb5a257d","build":"192.6262.58","bucket":"189","time":1574629652921,"group":{"id":"performance","version":"21"},"event":{"count":1,"data":{"duration_ms":551,"created":1574629652921},"id":"ui.lagging"}}
{"recorder_version":"21","session":"b859eb5a257d","build":"192.6262.58","bucket":"189","time":1574629653132,"group":{"id":"toolwindow","version":"21"},"event":{"count":1,"data":{"os":"Mac","created":1574629653132,"plugin_type":"PLATFORM"},"id":"Project"}}
{"recorder_version":"21","session":"b859eb5a257d","build":"192.6262.58","bucket":"189","time":1574629653506,"group":{"id":"performance","version":"21"},"event":{"count":1,"data":{"duration_ms":131,"created":1574629653506},"id":"ui.lagging"}}
{"recorder_version":"21","session":"b859eb5a257d","build":"192.6262.58","bucket":"189","time":1574629654736,"group":{"id":"project.fs","version":"1"},"event":{"state":true,"data":{"os":"Mac","cs-project":false,"created":1574629654736,"project":"92ddc83aceaa9edad1485397ccc1680a8fd16623aa2c155379eac4aafdb2a559","cs-implicit":true,"cs-system":false},"id":"case-sensitivity"}}
{"recorder_version":"21","session":"b859eb5a257d","build":"192.6262.58","bucket":"189","time":1574629654736,"group":{"id":"project.fs","version":"1"},"event":{"state":true,"data":{"created":1574629654737},"id":"invoked"}}
{"recorder_version":"21","session":"b859eb5a257d","build":"192.6262.58","bucket":"189","time":1574629654737,"group":{"id":"project.fs","version":"1"},"event":{"state":true,"data":{"pct-non-watched":0,"created":1574629654737,"project":"92ddc83aceaa9edad1485397ccc1680a8fd16623aa2c155379eac4aafdb2a559"},"id":"roots-watched"}}
{"recorder_version":"21","session":"b859eb5a257d","build":"192.6262.58","bucket":"189","time":1574629654737,"group":{"id":"project.fs","version":"1"},"event":{"state":true,"data":{"created":1574629654737},"id":"invoked"}}
{"recorder_version":"21","session":"b859eb5a257d","build":"192.6262.58","bucket":"189","time":1574629654765,"group":{"id":"ui.dialogs","version":"21"},"event":{"count":1,"data":{"code":1,"created":1574629654765,"plugin_type":"PLATFORM","type":"close"},"id":"com.intellij.openapi.progress.util.ProgressDialog$MyDialogWrapper"}}
{"recorder_version":"21","session":"b859eb5a257d","build":"192.6262.58","bucket":"189","time":1574629654856,"group":{"id":"lifecycle","version":"21"},"event":{"count":1,"data":{"duration_ms":4851,"created":1574629654856,"project":"92ddc83aceaa9edad1485397ccc1680a8fd16623aa2c155379eac4aafdb2a559"},"id":"project.opening.finished"}}
{"recorder_version":"21","session":"b859eb5a257d","build":"192.6262.58","bucket":"189","time":1574629655324,"group":{"id":"kotlin.jps.target","version":"1"},"event":{"count":1,"data":{"plugin_version":"1.3.41-release-IJ2019.2-1","created":1574629655325},"id":"jvm"}}
{"recorder_version":"21","session":"b859eb5a257d","build":"192.6262.58","bucket":"189","time":1574629656870,"group":{"id":"file.types.usage","version":"21"},"event":{"count":1,"data":{"created":1574629656870,"plugin_type":"PLATFORM","project":"92ddc83aceaa9edad1485397ccc1680a8fd16623aa2c155379eac4aafdb2a559","type":"edit"},"id":"IDEA_MODULE"}}
{"recorder_version":"21","session":"b859eb5a257d","build":"192.6262.58","bucket":"189","time":1574629712292,"group":{"id":"lifecycle","version":"21"},"event":{"count":1,"data":{"created":1574629712292,"project":"92ddc83aceaa9edad1485397ccc1680a8fd16623aa2c155379eac4aafdb2a559"},"id":"frame.deactivated"}}
{"recorder_version":"21","session":"b859eb5a257d","build":"192.6262.58","bucket":"189","time":1574629733565,"group":{"id":"lifecycle","version":"21"},"event":{"count":1,"data":{"created":1574629733565,"project":"92ddc83aceaa9edad1485397ccc1680a8fd16623aa2c155379eac4aafdb2a559"},"id":"project.closed"}}
{"recorder_version":"21","session":"b859eb5a257d","build":"192.6262.58","bucket":"189","time":1574629735295,"group":{"id":"lifecycle","version":"21"},"event":{"count":1,"data":{"restart":false,"created":1574629735296},"id":"ide.close"}}
