{"recorder_version":"21","session":"91ff05463174","build":"192.6262.58","bucket":"189","time":1574427808410,"group":{"id":"settings","version":"4"},"event":{"state":true,"data":{"component":"NotRoamableUiSettings","created":1574427808581},"id":"invoked"}}
{"recorder_version":"21","session":"91ff05463174","build":"192.6262.58","bucket":"189","time":1574427808412,"group":{"id":"settings","version":"4"},"event":{"state":true,"data":{"component":"UISettings","created":1574427808583},"id":"invoked"}}
{"recorder_version":"21","session":"91ff05463174","build":"192.6262.58","bucket":"189","time":1574427808413,"group":{"id":"system.java","version":"1"},"event":{"state":true,"data":{"created":1574427808592,"version":"1.11"},"id":"JetBrains"}}
{"recorder_version":"21","session":"91ff05463174","build":"192.6262.58","bucket":"189","time":1574427808413,"group":{"id":"system.java","version":"1"},"event":{"state":true,"data":{"created":1574427808593},"id":"invoked"}}
{"recorder_version":"21","session":"91ff05463174","build":"192.6262.58","bucket":"189","time":1574427808437,"group":{"id":"system.os","version":"3"},"event":{"state":true,"data":{"created":1574427808593,"version":"10.14"},"id":"Mac"}}
{"recorder_version":"21","session":"91ff05463174","build":"192.6262.58","bucket":"189","time":1574427808437,"group":{"id":"system.os","version":"3"},"event":{"state":true,"data":{"created":1574427808594,"name":"Mac","version":"10.14"},"id":"os.name"}}
{"recorder_version":"21","session":"91ff05463174","build":"192.6262.58","bucket":"189","time":1574427808437,"group":{"id":"system.os","version":"3"},"event":{"state":true,"data":{"created":1574427808595,"value":"+09_00"},"id":"os.timezone"}}
{"recorder_version":"21","session":"91ff05463174","build":"192.6262.58","bucket":"189","time":1574427808437,"group":{"id":"system.os","version":"3"},"event":{"state":true,"data":{"created":1574427808596},"id":"invoked"}}
{"recorder_version":"21","session":"91ff05463174","build":"192.6262.58","bucket":"189","time":1574427808580,"group":{"id":"event.log","version":"21"},"event":{"count":1,"data":{"created":1574427808596,"version":"746.0"},"id":"whitelist.loaded"}}
{"recorder_version":"21","session":"91ff05463174","build":"192.6262.58","bucket":"189","time":1574427810821,"group":{"id":"settings","version":"4"},"event":{"state":true,"data":{"component":"UpdatesConfigurable","created":1574427810821,"name":"checkNeeded","type":"bool","value":false},"id":"not.default"}}
{"recorder_version":"21","session":"91ff05463174","build":"192.6262.58","bucket":"189","time":1574427810821,"group":{"id":"settings","version":"4"},"event":{"state":true,"data":{"component":"UpdatesConfigurable","created":1574427810822},"id":"invoked"}}
{"recorder_version":"21","session":"91ff05463174","build":"192.6262.58","bucket":"189","time":1574427811543,"group":{"id":"lifecycle","version":"21"},"event":{"count":1,"data":{"internal":true,"eap":false,"created":1574427811543},"id":"ide.start"}}
{"recorder_version":"21","session":"91ff05463174","build":"192.6262.58","bucket":"189","time":1574427811543,"group":{"id":"settings","version":"4"},"event":{"state":true,"data":{"component":"GeneralSettings","created":1574427811544},"id":"invoked"}}
{"recorder_version":"21","session":"91ff05463174","build":"192.6262.58","bucket":"189","time":1574427811584,"group":{"id":"performance","version":"21"},"event":{"count":1,"data":{"duration_ms":183,"created":1574427811584},"id":"ui.latency"}}
{"recorder_version":"21","session":"91ff05463174","build":"192.6262.58","bucket":"189","time":1574427811584,"group":{"id":"performance","version":"21"},"event":{"count":1,"data":{"duration_ms":183,"created":1574427811585},"id":"ui.lagging"}}
{"recorder_version":"21","session":"91ff05463174","build":"192.6262.58","bucket":"189","time":1574427812311,"group":{"id":"settings","version":"4"},"event":{"state":true,"data":{"component":"XmlEditorOptions","created":1574427812311},"id":"invoked"}}
{"recorder_version":"21","session":"91ff05463174","build":"192.6262.58","bucket":"189","time":1574427812762,"group":{"id":"performance","version":"21"},"event":{"count":1,"data":{"duration_ms":357,"created":1574427812762},"id":"ui.lagging"}}
{"recorder_version":"21","session":"91ff05463174","build":"192.6262.58","bucket":"189","time":1574427813608,"group":{"id":"ui.dialogs","version":"21"},"event":{"count":1,"data":{"created":1574427813608,"plugin_type":"PLATFORM","type":"show"},"id":"com.intellij.openapi.progress.util.ProgressDialog$MyDialogWrapper"}}
{"recorder_version":"21","session":"91ff05463174","build":"192.6262.58","bucket":"189","time":1574427814855,"group":{"id":"lifecycle","version":"21"},"event":{"count":1,"data":{"created":1574427814855,"project":"a0f12fb42952fc36a102045bdbb22ad1f15aa9443e9c675024683f4da70c8bc4"},"id":"project.opened"}}
{"recorder_version":"21","session":"91ff05463174","build":"192.6262.58","bucket":"189","time":1574427815513,"group":{"id":"performance","version":"21"},"event":{"count":1,"data":{"duration_ms":103,"created":1574427815513},"id":"ui.lagging"}}
{"recorder_version":"21","session":"91ff05463174","build":"192.6262.58","bucket":"189","time":1574427816962,"group":{"id":"performance","version":"21"},"event":{"count":1,"data":{"duration_ms":551,"created":1574427816962},"id":"ui.lagging"}}
{"recorder_version":"21","session":"91ff05463174","build":"192.6262.58","bucket":"189","time":1574427817097,"group":{"id":"toolwindow","version":"21"},"event":{"count":1,"data":{"os":"Mac","created":1574427817097,"plugin_type":"PLATFORM"},"id":"Project"}}
{"recorder_version":"21","session":"91ff05463174","build":"192.6262.58","bucket":"189","time":1574427817694,"group":{"id":"performance","version":"21"},"event":{"count":1,"data":{"duration_ms":281,"created":1574427817694},"id":"ui.lagging"}}
{"recorder_version":"21","session":"91ff05463174","build":"192.6262.58","bucket":"189","time":1574427817806,"group":{"id":"ui.tips","version":"2"},"event":{"count":1,"data":{"created":1574427817806,"type":"automatically"},"id":"dialog.shown"}}
{"recorder_version":"21","session":"91ff05463174","build":"192.6262.58","bucket":"189","time":1574427817864,"group":{"id":"ui.dialogs","version":"21"},"event":{"count":1,"data":{"created":1574427817864,"plugin_type":"PLATFORM","type":"show"},"id":"com.intellij.ide.util.TipDialog"}}
{"recorder_version":"21","session":"91ff05463174","build":"192.6262.58","bucket":"189","time":1574427818872,"group":{"id":"project.fs","version":"1"},"event":{"state":true,"data":{"os":"Mac","cs-project":false,"created":1574427818872,"project":"a0f12fb42952fc36a102045bdbb22ad1f15aa9443e9c675024683f4da70c8bc4","cs-implicit":true,"cs-system":false},"id":"case-sensitivity"}}
{"recorder_version":"21","session":"91ff05463174","build":"192.6262.58","bucket":"189","time":1574427818873,"group":{"id":"project.fs","version":"1"},"event":{"state":true,"data":{"created":1574427818873},"id":"invoked"}}
{"recorder_version":"21","session":"91ff05463174","build":"192.6262.58","bucket":"189","time":1574427818874,"group":{"id":"project.fs","version":"1"},"event":{"state":true,"data":{"pct-non-watched":0,"created":1574427818874,"project":"a0f12fb42952fc36a102045bdbb22ad1f15aa9443e9c675024683f4da70c8bc4"},"id":"roots-watched"}}
{"recorder_version":"21","session":"91ff05463174","build":"192.6262.58","bucket":"189","time":1574427818874,"group":{"id":"project.fs","version":"1"},"event":{"state":true,"data":{"created":1574427818874},"id":"invoked"}}
{"recorder_version":"21","session":"91ff05463174","build":"192.6262.58","bucket":"189","time":1574427818961,"group":{"id":"ui.dialogs","version":"21"},"event":{"count":1,"data":{"code":1,"created":1574427818961,"plugin_type":"PLATFORM","type":"close"},"id":"com.intellij.openapi.progress.util.ProgressDialog$MyDialogWrapper"}}
{"recorder_version":"21","session":"91ff05463174","build":"192.6262.58","bucket":"189","time":1574427819153,"group":{"id":"lifecycle","version":"21"},"event":{"count":1,"data":{"duration_ms":5808,"created":1574427819153,"project":"a0f12fb42952fc36a102045bdbb22ad1f15aa9443e9c675024683f4da70c8bc4"},"id":"project.opening.finished"}}
{"recorder_version":"21","session":"91ff05463174","build":"192.6262.58","bucket":"189","time":1574427819636,"group":{"id":"ui.tips","version":"2"},"event":{"count":1,"data":{"created":1574427819636},"id":"next.tip"}}
{"recorder_version":"21","session":"91ff05463174","build":"192.6262.58","bucket":"189","time":1574427820345,"group":{"id":"kotlin.jps.target","version":"1"},"event":{"count":1,"data":{"plugin_version":"1.3.41-release-IJ2019.2-1","created":1574427820345},"id":"jvm"}}
{"recorder_version":"21","session":"91ff05463174","build":"192.6262.58","bucket":"189","time":1574427820794,"group":{"id":"ui.dialogs","version":"21"},"event":{"count":1,"data":{"code":1,"created":1574427820795,"plugin_type":"PLATFORM","type":"close"},"id":"com.intellij.ide.util.TipDialog"}}
{"recorder_version":"21","session":"91ff05463174","build":"192.6262.58","bucket":"189","time":1574427822709,"group":{"id":"lifecycle","version":"21"},"event":{"count":1,"data":{"created":1574427822710,"project":"a0f12fb42952fc36a102045bdbb22ad1f15aa9443e9c675024683f4da70c8bc4"},"id":"frame.deactivated"}}
{"recorder_version":"21","session":"91ff05463174","build":"192.6262.58","bucket":"189","time":1574427824413,"group":{"id":"lifecycle","version":"21"},"event":{"count":1,"data":{"created":1574427824428,"project":"a0f12fb42952fc36a102045bdbb22ad1f15aa9443e9c675024683f4da70c8bc4"},"id":"frame.activated"}}
{"recorder_version":"21","session":"91ff05463174","build":"192.6262.58","bucket":"189","time":1574427830577,"group":{"id":"actions","version":"21"},"event":{"count":1,"data":{"context_menu":true,"created":1574427830577,"plugin_type":"NOT_LISTED","project":"a0f12fb42952fc36a102045bdbb22ad1f15aa9443e9c675024683f4da70c8bc4","place":"MainMenu","class":"third.party","input_event":"NoMouseButton"},"id":"third.party"}}
{"recorder_version":"21","session":"91ff05463174","build":"192.6262.58","bucket":"189","time":1574427830710,"group":{"id":"ui.dialogs","version":"21"},"event":{"count":1,"data":{"created":1574427830710,"plugin_type":"PLATFORM","type":"show"},"id":"com.intellij.openapi.ui.Messages$InputDialog"}}
{"recorder_version":"21","session":"91ff05463174","build":"192.6262.58","bucket":"189","time":1574427833050,"group":{"id":"actions","version":"21"},"event":{"count":1,"data":{"created":1574427833050,"input_event":"Enter"},"id":"DialogOkAction"}}
{"recorder_version":"21","session":"91ff05463174","build":"192.6262.58","bucket":"189","time":1574427833050,"group":{"id":"ui.dialogs","version":"21"},"event":{"count":1,"data":{"code":0,"created":1574427833051,"plugin_type":"PLATFORM","type":"close"},"id":"com.intellij.openapi.ui.Messages$InputDialog"}}
{"recorder_version":"21","session":"91ff05463174","build":"192.6262.58","bucket":"189","time":1574427833060,"group":{"id":"lifecycle","version":"21"},"event":{"count":1,"data":{"created":1574427833060,"project":"a0f12fb42952fc36a102045bdbb22ad1f15aa9443e9c675024683f4da70c8bc4"},"id":"frame.deactivated"}}
{"recorder_version":"21","session":"91ff05463174","build":"192.6262.58","bucket":"189","time":1574427833105,"group":{"id":"lifecycle","version":"21"},"event":{"count":1,"data":{"created":1574427833105,"project":"a0f12fb42952fc36a102045bdbb22ad1f15aa9443e9c675024683f4da70c8bc4"},"id":"frame.activated"}}
{"recorder_version":"21","session":"91ff05463174","build":"192.6262.58","bucket":"189","time":1574427837124,"group":{"id":"lifecycle","version":"21"},"event":{"count":1,"data":{"created":1574427837124,"project":"a0f12fb42952fc36a102045bdbb22ad1f15aa9443e9c675024683f4da70c8bc4"},"id":"project.closed"}}
{"recorder_version":"21","session":"91ff05463174","build":"192.6262.58","bucket":"189","time":1574427911712,"group":{"id":"performance","version":"21"},"event":{"count":1,"data":{"duration_ms":0,"created":1574427911712},"id":"ui.latency"}}
{"recorder_version":"21","session":"91ff05463174","build":"192.6262.58","bucket":"189","time":1574427991299,"group":{"id":"event.log","version":"21"},"event":{"count":1,"data":{"created":1574427991299,"version":"916.0"},"id":"whitelist.updated"}}
{"recorder_version":"21","session":"91ff05463174","build":"192.6262.58","bucket":"189","time":1574428011986,"group":{"id":"performance","version":"21"},"event":{"count":1,"data":{"duration_ms":0,"created":1574428011986},"id":"ui.latency"}}
{"recorder_version":"21","session":"91ff05463174","build":"192.6262.58","bucket":"189","time":1574428111530,"group":{"id":"build.tools.actions","version":"1"},"event":{"count":1,"data":{"created":1574428111530},"id":"registered"}}
{"recorder_version":"21","session":"91ff05463174","build":"192.6262.58","bucket":"189","time":1574428111530,"group":{"id":"file.types.usage","version":"21"},"event":{"count":1,"data":{"created":1574428111531},"id":"registered"}}
{"recorder_version":"21","session":"91ff05463174","build":"192.6262.58","bucket":"189","time":1574428111530,"group":{"id":"ide.script.engine","version":"1"},"event":{"count":1,"data":{"created":1574428111531},"id":"registered"}}
{"recorder_version":"21","session":"91ff05463174","build":"192.6262.58","bucket":"189","time":1574428111530,"group":{"id":"actions.runAnything","version":"1"},"event":{"count":1,"data":{"created":1574428111531},"id":"registered"}}
{"recorder_version":"21","session":"91ff05463174","build":"192.6262.58","bucket":"189","time":1574428111530,"group":{"id":"toolwindow","version":"21"},"event":{"count":1,"data":{"created":1574428111531},"id":"registered"}}
{"recorder_version":"21","session":"91ff05463174","build":"192.6262.58","bucket":"189","time":1574428111530,"group":{"id":"kotlin.ide.newFileTempl","version":"1"},"event":{"count":1,"data":{"created":1574428111532},"id":"registered"}}
{"recorder_version":"21","session":"91ff05463174","build":"192.6262.58","bucket":"189","time":1574428111530,"group":{"id":"live.templates","version":"21"},"event":{"count":1,"data":{"created":1574428111532},"id":"registered"}}
{"recorder_version":"21","session":"91ff05463174","build":"192.6262.58","bucket":"189","time":1574428111530,"group":{"id":"ide.self.update","version":"2"},"event":{"count":1,"data":{"created":1574428111532},"id":"registered"}}
{"recorder_version":"21","session":"91ff05463174","build":"192.6262.58","bucket":"189","time":1574428111530,"group":{"id":"ui.settings","version":"21"},"event":{"count":1,"data":{"created":1574428111532},"id":"registered"}}
{"recorder_version":"21","session":"91ff05463174","build":"192.6262.58","bucket":"189","time":1574428111530,"group":{"id":"lifecycle","version":"21"},"event":{"count":1,"data":{"created":1574428111532},"id":"registered"}}
{"recorder_version":"21","session":"91ff05463174","build":"192.6262.58","bucket":"189","time":1574428111530,"group":{"id":"vcs.diff.trigger","version":"1"},"event":{"count":1,"data":{"created":1574428111532},"id":"registered"}}
{"recorder_version":"21","session":"91ff05463174","build":"192.6262.58","bucket":"189","time":1574428111530,"group":{"id":"vcs.log.trigger","version":"2"},"event":{"count":1,"data":{"created":1574428111532},"id":"registered"}}
{"recorder_version":"21","session":"91ff05463174","build":"192.6262.58","bucket":"189","time":1574428111530,"group":{"id":"productivity","version":"21"},"event":{"count":1,"data":{"created":1574428111533},"id":"registered"}}
{"recorder_version":"21","session":"91ff05463174","build":"192.6262.58","bucket":"189","time":1574428111530,"group":{"id":"debugger.breakpoints.usage","version":"2"},"event":{"count":1,"data":{"created":1574428111533},"id":"registered"}}
{"recorder_version":"21","session":"91ff05463174","build":"192.6262.58","bucket":"189","time":1574428111530,"group":{"id":"kotlin.gradle.library","version":"1"},"event":{"count":1,"data":{"created":1574428111533},"id":"registered"}}
{"recorder_version":"21","session":"91ff05463174","build":"192.6262.58","bucket":"189","time":1574428111530,"group":{"id":"find","version":"1"},"event":{"count":1,"data":{"created":1574428111533},"id":"registered"}}
{"recorder_version":"21","session":"91ff05463174","build":"192.6262.58","bucket":"189","time":1574428111530,"group":{"id":"kotlin.gradle.target","version":"1"},"event":{"count":1,"data":{"created":1574428111533},"id":"registered"}}
{"recorder_version":"21","session":"91ff05463174","build":"192.6262.58","bucket":"189","time":1574428111530,"group":{"id":"gutter.icon.click","version":"1"},"event":{"count":1,"data":{"created":1574428111533},"id":"registered"}}
{"recorder_version":"21","session":"91ff05463174","build":"192.6262.58","bucket":"189","time":1574428111530,"group":{"id":"shell.script","version":"1"},"event":{"count":1,"data":{"created":1574428111533},"id":"registered"}}
{"recorder_version":"21","session":"91ff05463174","build":"192.6262.58","bucket":"189","time":1574428111530,"group":{"id":"kotlin.ide.debugger.eval","version":"1"},"event":{"count":1,"data":{"created":1574428111533},"id":"registered"}}
{"recorder_version":"21","session":"91ff05463174","build":"192.6262.58","bucket":"189","time":1574428111530,"group":{"id":"build.maven.actions","version":"1"},"event":{"count":1,"data":{"created":1574428111533},"id":"registered"}}
{"recorder_version":"21","session":"91ff05463174","build":"192.6262.58","bucket":"189","time":1574428111530,"group":{"id":"ui.event","version":"1"},"event":{"count":1,"data":{"created":1574428111534},"id":"registered"}}
{"recorder_version":"21","session":"91ff05463174","build":"192.6262.58","bucket":"189","time":1574428111530,"group":{"id":"new.project.wizard","version":"1"},"event":{"count":1,"data":{"created":1574428111534},"id":"registered"}}
{"recorder_version":"21","session":"91ff05463174","build":"192.6262.58","bucket":"189","time":1574428111530,"group":{"id":"kotlin.ide.npwizards","version":"1"},"event":{"count":1,"data":{"created":1574428111534},"id":"registered"}}
{"recorder_version":"21","session":"91ff05463174","build":"192.6262.58","bucket":"189","time":1574428111530,"group":{"id":"intentions","version":"21"},"event":{"count":1,"data":{"created":1574428111534},"id":"registered"}}
{"recorder_version":"21","session":"91ff05463174","build":"192.6262.58","bucket":"189","time":1574428111530,"group":{"id":"ui.dialogs","version":"21"},"event":{"count":1,"data":{"created":1574428111534},"id":"registered"}}
{"recorder_version":"21","session":"91ff05463174","build":"192.6262.58","bucket":"189","time":1574428111530,"group":{"id":"vcs.back.forward.trigger","version":"1"},"event":{"count":1,"data":{"created":1574428111534},"id":"registered"}}
{"recorder_version":"21","session":"91ff05463174","build":"192.6262.58","bucket":"189","time":1574428111530,"group":{"id":"vcs.change.reminder","version":"1"},"event":{"count":1,"data":{"created":1574428111535},"id":"registered"}}
{"recorder_version":"21","session":"91ff05463174","build":"192.6262.58","bucket":"189","time":1574428111530,"group":{"id":"toolbar","version":"21"},"event":{"count":1,"data":{"created":1574428111535},"id":"registered"}}
{"recorder_version":"21","session":"91ff05463174","build":"192.6262.58","bucket":"189","time":1574428111530,"group":{"id":"build.gradle.actions","version":"1"},"event":{"count":1,"data":{"created":1574428111535},"id":"registered"}}
{"recorder_version":"21","session":"91ff05463174","build":"192.6262.58","bucket":"189","time":1574428111530,"group":{"id":"kotlin.maven.target","version":"1"},"event":{"count":1,"data":{"created":1574428111535},"id":"registered"}}
{"recorder_version":"21","session":"91ff05463174","build":"192.6262.58","bucket":"189","time":1574428111530,"group":{"id":"performance","version":"21"},"event":{"count":1,"data":{"created":1574428111535},"id":"registered"}}
{"recorder_version":"21","session":"91ff05463174","build":"192.6262.58","bucket":"189","time":1574428111531,"group":{"id":"searchEverywhere","version":"1"},"event":{"count":1,"data":{"created":1574428111536},"id":"registered"}}
{"recorder_version":"21","session":"91ff05463174","build":"192.6262.58","bucket":"189","time":1574428111531,"group":{"id":"kotlin.ide.action.refactoring","version":"1"},"event":{"count":1,"data":{"created":1574428111536},"id":"registered"}}
{"recorder_version":"21","session":"91ff05463174","build":"192.6262.58","bucket":"189","time":1574428111531,"group":{"id":"ui.tips","version":"2"},"event":{"count":1,"data":{"created":1574428111536},"id":"registered"}}
{"recorder_version":"21","session":"91ff05463174","build":"192.6262.58","bucket":"189","time":1574428111531,"group":{"id":"surround.with","version":"1"},"event":{"count":1,"data":{"created":1574428111536},"id":"registered"}}
{"recorder_version":"21","session":"91ff05463174","build":"192.6262.58","bucket":"189","time":1574428111531,"group":{"id":"import.old.config","version":"1"},"event":{"count":1,"data":{"created":1574428111536},"id":"registered"}}
{"recorder_version":"21","session":"91ff05463174","build":"192.6262.58","bucket":"189","time":1574428111531,"group":{"id":"json.schema","version":"1"},"event":{"count":1,"data":{"created":1574428111537},"id":"registered"}}
{"recorder_version":"21","session":"91ff05463174","build":"192.6262.58","bucket":"189","time":1574428111531,"group":{"id":"kotlin.jps.target","version":"1"},"event":{"count":1,"data":{"created":1574428111537},"id":"registered"}}
{"recorder_version":"21","session":"91ff05463174","build":"192.6262.58","bucket":"189","time":1574428111531,"group":{"id":"terminalShell","version":"1"},"event":{"count":1,"data":{"created":1574428111537},"id":"registered"}}
{"recorder_version":"21","session":"91ff05463174","build":"192.6262.58","bucket":"189","time":1574428111531,"group":{"id":"completion.postfix","version":"21"},"event":{"count":1,"data":{"created":1574428111537},"id":"registered"}}
{"recorder_version":"21","session":"91ff05463174","build":"192.6262.58","bucket":"189","time":1574428111531,"group":{"id":"build.ant.actions","version":"1"},"event":{"count":1,"data":{"created":1574428111537},"id":"registered"}}
{"recorder_version":"21","session":"91ff05463174","build":"192.6262.58","bucket":"189","time":1574428111531,"group":{"id":"actions","version":"21"},"event":{"count":1,"data":{"created":1574428111537},"id":"registered"}}
{"recorder_version":"21","session":"91ff05463174","build":"192.6262.58","bucket":"189","time":1574428111531,"group":{"id":"event.log","version":"21"},"event":{"count":1,"data":{"created":1574428111537},"id":"registered"}}
{"recorder_version":"21","session":"91ff05463174","build":"192.6262.58","bucket":"189","time":1574428111531,"group":{"id":"run.configuration.exec","version":"21"},"event":{"count":1,"data":{"created":1574428111538},"id":"registered"}}
{"recorder_version":"21","session":"91ff05463174","build":"192.6262.58","bucket":"189","time":1574428111531,"group":{"id":"build.maven.packagesearch","version":"2"},"event":{"count":1,"data":{"created":1574428111538},"id":"registered"}}
{"recorder_version":"21","session":"91ff05463174","build":"192.6262.58","bucket":"189","time":1574428112254,"group":{"id":"performance","version":"21"},"event":{"count":1,"data":{"duration_ms":1,"created":1574428112255},"id":"ui.latency"}}
{"recorder_version":"21","session":"91ff05463174","build":"192.6262.58","bucket":"189","time":1574428139157,"group":{"id":"lifecycle","version":"21"},"event":{"count":1,"data":{"restart":false,"created":1574428139157},"id":"ide.close"}}
