{"recorder_version":"21","session":"16d8beabad8a","build":"192.6262.58","bucket":"189","time":1574781811775,"group":{"id":"settings","version":"4"},"event":{"state":true,"data":{"component":"NotRoamableUiSettings","created":1574781811956},"id":"invoked"}}
{"recorder_version":"21","session":"16d8beabad8a","build":"192.6262.58","bucket":"189","time":1574781811777,"group":{"id":"system.java","version":"1"},"event":{"state":true,"data":{"created":1574781811958,"version":"1.11"},"id":"JetBrains"}}
{"recorder_version":"21","session":"16d8beabad8a","build":"192.6262.58","bucket":"189","time":1574781811777,"group":{"id":"system.java","version":"1"},"event":{"state":true,"data":{"created":1574781811970},"id":"invoked"}}
{"recorder_version":"21","session":"16d8beabad8a","build":"192.6262.58","bucket":"189","time":1574781811777,"group":{"id":"settings","version":"4"},"event":{"state":true,"data":{"component":"UISettings","created":1574781811974},"id":"invoked"}}
{"recorder_version":"21","session":"16d8beabad8a","build":"192.6262.58","bucket":"189","time":1574781811800,"group":{"id":"system.os","version":"3"},"event":{"state":true,"data":{"created":1574781811974,"version":"10.14"},"id":"Mac"}}
{"recorder_version":"21","session":"16d8beabad8a","build":"192.6262.58","bucket":"189","time":1574781811800,"group":{"id":"system.os","version":"3"},"event":{"state":true,"data":{"created":1574781811975,"name":"Mac","version":"10.14"},"id":"os.name"}}
{"recorder_version":"21","session":"16d8beabad8a","build":"192.6262.58","bucket":"189","time":1574781811800,"group":{"id":"system.os","version":"3"},"event":{"state":true,"data":{"created":1574781811976,"value":"+09_00"},"id":"os.timezone"}}
{"recorder_version":"21","session":"16d8beabad8a","build":"192.6262.58","bucket":"189","time":1574781811800,"group":{"id":"system.os","version":"3"},"event":{"state":true,"data":{"created":1574781811977},"id":"invoked"}}
{"recorder_version":"21","session":"16d8beabad8a","build":"192.6262.58","bucket":"189","time":1574781811955,"group":{"id":"event.log","version":"21"},"event":{"count":1,"data":{"created":1574781811978,"version":"925.0"},"id":"whitelist.loaded"}}
{"recorder_version":"21","session":"16d8beabad8a","build":"192.6262.58","bucket":"189","time":1574781814181,"group":{"id":"settings","version":"4"},"event":{"state":true,"data":{"component":"UpdatesConfigurable","created":1574781814182,"name":"checkNeeded","type":"bool","value":false},"id":"not.default"}}
{"recorder_version":"21","session":"16d8beabad8a","build":"192.6262.58","bucket":"189","time":1574781814181,"group":{"id":"settings","version":"4"},"event":{"state":true,"data":{"component":"UpdatesConfigurable","created":1574781814183},"id":"invoked"}}
{"recorder_version":"21","session":"16d8beabad8a","build":"192.6262.58","bucket":"189","time":1574781814296,"group":{"id":"settings","version":"4"},"event":{"state":true,"data":{"component":"GeneralSettings","created":1574781814299,"name":"confirmExit","type":"bool","value":false},"id":"not.default"}}
{"recorder_version":"21","session":"16d8beabad8a","build":"192.6262.58","bucket":"189","time":1574781814297,"group":{"id":"settings","version":"4"},"event":{"state":true,"data":{"component":"GeneralSettings","created":1574781814302,"name":"showTipsOnStartup","type":"bool","value":false},"id":"not.default"}}
{"recorder_version":"21","session":"16d8beabad8a","build":"192.6262.58","bucket":"189","time":1574781814297,"group":{"id":"settings","version":"4"},"event":{"state":true,"data":{"component":"GeneralSettings","created":1574781814302},"id":"invoked"}}
{"recorder_version":"21","session":"16d8beabad8a","build":"192.6262.58","bucket":"189","time":1574781814313,"group":{"id":"lifecycle","version":"21"},"event":{"count":1,"data":{"internal":true,"eap":false,"created":1574781814316},"id":"ide.start"}}
{"recorder_version":"21","session":"16d8beabad8a","build":"192.6262.58","bucket":"189","time":1574781814570,"group":{"id":"lifecycle","version":"21"},"event":{"count":1,"data":{"created":1574781814574},"id":"frame.activated"}}
{"recorder_version":"21","session":"16d8beabad8a","build":"192.6262.58","bucket":"189","time":1574781814862,"group":{"id":"performance","version":"21"},"event":{"count":1,"data":{"duration_ms":1,"created":1574781814863},"id":"ui.latency"}}
{"recorder_version":"21","session":"16d8beabad8a","build":"192.6262.58","bucket":"189","time":1574781815029,"group":{"id":"ui.dialogs","version":"21"},"event":{"count":1,"data":{"created":1574781815029,"plugin_type":"PLATFORM","type":"show"},"id":"com.intellij.openapi.progress.util.ProgressDialog$MyDialogWrapper"}}
{"recorder_version":"21","session":"16d8beabad8a","build":"192.6262.58","bucket":"189","time":1574781815964,"group":{"id":"lifecycle","version":"21"},"event":{"count":1,"data":{"created":1574781815964,"project":"92ddc83aceaa9edad1485397ccc1680a8fd16623aa2c155379eac4aafdb2a559"},"id":"project.opened"}}
{"recorder_version":"21","session":"16d8beabad8a","build":"192.6262.58","bucket":"189","time":1574781817478,"group":{"id":"settings","version":"4"},"event":{"state":true,"data":{"component":"XmlEditorOptions","created":1574781817478},"id":"invoked"}}
{"recorder_version":"21","session":"16d8beabad8a","build":"192.6262.58","bucket":"189","time":1574781817547,"group":{"id":"performance","version":"21"},"event":{"count":1,"data":{"duration_ms":677,"created":1574781817548},"id":"ui.lagging"}}
{"recorder_version":"21","session":"16d8beabad8a","build":"192.6262.58","bucket":"189","time":1574781817712,"group":{"id":"toolwindow","version":"21"},"event":{"count":1,"data":{"os":"Mac","created":1574781817712,"plugin_type":"PLATFORM"},"id":"Project"}}
{"recorder_version":"21","session":"16d8beabad8a","build":"192.6262.58","bucket":"189","time":1574781818043,"group":{"id":"performance","version":"21"},"event":{"count":1,"data":{"duration_ms":174,"created":1574781818044},"id":"ui.lagging"}}
{"recorder_version":"21","session":"16d8beabad8a","build":"192.6262.58","bucket":"189","time":1574781819621,"group":{"id":"project.fs","version":"1"},"event":{"state":true,"data":{"os":"Mac","cs-project":false,"created":1574781819621,"project":"92ddc83aceaa9edad1485397ccc1680a8fd16623aa2c155379eac4aafdb2a559","cs-implicit":true,"cs-system":false},"id":"case-sensitivity"}}
{"recorder_version":"21","session":"16d8beabad8a","build":"192.6262.58","bucket":"189","time":1574781819621,"group":{"id":"project.fs","version":"1"},"event":{"state":true,"data":{"created":1574781819621},"id":"invoked"}}
{"recorder_version":"21","session":"16d8beabad8a","build":"192.6262.58","bucket":"189","time":1574781819625,"group":{"id":"project.fs","version":"1"},"event":{"state":true,"data":{"pct-non-watched":0,"created":1574781819625,"project":"92ddc83aceaa9edad1485397ccc1680a8fd16623aa2c155379eac4aafdb2a559"},"id":"roots-watched"}}
{"recorder_version":"21","session":"16d8beabad8a","build":"192.6262.58","bucket":"189","time":1574781819625,"group":{"id":"project.fs","version":"1"},"event":{"state":true,"data":{"created":1574781819625},"id":"invoked"}}
{"recorder_version":"21","session":"16d8beabad8a","build":"192.6262.58","bucket":"189","time":1574781819718,"group":{"id":"ui.dialogs","version":"21"},"event":{"count":1,"data":{"code":1,"created":1574781819719,"plugin_type":"PLATFORM","type":"close"},"id":"com.intellij.openapi.progress.util.ProgressDialog$MyDialogWrapper"}}
{"recorder_version":"21","session":"16d8beabad8a","build":"192.6262.58","bucket":"189","time":1574781819893,"group":{"id":"lifecycle","version":"21"},"event":{"count":1,"data":{"duration_ms":5139,"created":1574781819893,"project":"92ddc83aceaa9edad1485397ccc1680a8fd16623aa2c155379eac4aafdb2a559"},"id":"project.opening.finished"}}
{"recorder_version":"21","session":"16d8beabad8a","build":"192.6262.58","bucket":"189","time":1574781820187,"group":{"id":"performance","version":"21"},"event":{"count":1,"data":{"duration_ms":314,"created":1574781820187},"id":"ui.lagging"}}
{"recorder_version":"21","session":"16d8beabad8a","build":"192.6262.58","bucket":"189","time":1574781821493,"group":{"id":"kotlin.jps.target","version":"1"},"event":{"count":1,"data":{"plugin_version":"1.3.41-release-IJ2019.2-1","created":1574781821493},"id":"jvm"}}
{"recorder_version":"21","session":"16d8beabad8a","build":"192.6262.58","bucket":"189","time":1574781825871,"group":{"id":"file.types.usage","version":"21"},"event":{"count":1,"data":{"created":1574781825871,"plugin_type":"PLATFORM","project":"92ddc83aceaa9edad1485397ccc1680a8fd16623aa2c155379eac4aafdb2a559","type":"edit"},"id":"IDEA_MODULE"}}
{"recorder_version":"21","session":"16d8beabad8a","build":"192.6262.58","bucket":"189","time":1574781829700,"group":{"id":"actions","version":"21"},"event":{"count":3,"data":{"context_menu":false,"last":1574781832661,"current_file":"TEXT","created":1574781829701,"plugin_type":"PLATFORM","project":"92ddc83aceaa9edad1485397ccc1680a8fd16623aa2c155379eac4aafdb2a559","place":"keyboard_shortcut","class":"com.intellij.openapi.editor.actions.EnterAction","input_event":"Enter"},"id":"EditorEnter"}}
{"recorder_version":"21","session":"16d8beabad8a","build":"192.6262.58","bucket":"189","time":1574781834412,"group":{"id":"lifecycle","version":"21"},"event":{"count":1,"data":{"created":1574781834412,"project":"92ddc83aceaa9edad1485397ccc1680a8fd16623aa2c155379eac4aafdb2a559"},"id":"frame.deactivated"}}
{"recorder_version":"21","session":"16d8beabad8a","build":"192.6262.58","bucket":"189","time":1574781897769,"group":{"id":"lifecycle","version":"21"},"event":{"count":1,"data":{"created":1574781897769,"project":"92ddc83aceaa9edad1485397ccc1680a8fd16623aa2c155379eac4aafdb2a559"},"id":"project.closed"}}
{"recorder_version":"21","session":"16d8beabad8a","build":"192.6262.58","bucket":"189","time":1574781899057,"group":{"id":"lifecycle","version":"21"},"event":{"count":1,"data":{"restart":false,"created":1574781899057},"id":"ide.close"}}
