{"recorder_version":"21","session":"0c6121e73247","build":"192.6262.58","bucket":"189","time":1574798306846,"group":{"id":"settings","version":"4"},"event":{"state":true,"data":{"component":"NotRoamableUiSettings","created":1574798307002},"id":"invoked"}}
{"recorder_version":"21","session":"0c6121e73247","build":"192.6262.58","bucket":"189","time":1574798306848,"group":{"id":"system.java","version":"1"},"event":{"state":true,"data":{"created":1574798307004,"version":"1.11"},"id":"JetBrains"}}
{"recorder_version":"21","session":"0c6121e73247","build":"192.6262.58","bucket":"189","time":1574798306848,"group":{"id":"system.java","version":"1"},"event":{"state":true,"data":{"created":1574798307017},"id":"invoked"}}
{"recorder_version":"21","session":"0c6121e73247","build":"192.6262.58","bucket":"189","time":1574798306849,"group":{"id":"settings","version":"4"},"event":{"state":true,"data":{"component":"UISettings","created":1574798307019},"id":"invoked"}}
{"recorder_version":"21","session":"0c6121e73247","build":"192.6262.58","bucket":"189","time":1574798306870,"group":{"id":"system.os","version":"3"},"event":{"state":true,"data":{"created":1574798307019,"version":"10.14"},"id":"Mac"}}
{"recorder_version":"21","session":"0c6121e73247","build":"192.6262.58","bucket":"189","time":1574798306870,"group":{"id":"system.os","version":"3"},"event":{"state":true,"data":{"created":1574798307020,"name":"Mac","version":"10.14"},"id":"os.name"}}
{"recorder_version":"21","session":"0c6121e73247","build":"192.6262.58","bucket":"189","time":1574798306870,"group":{"id":"system.os","version":"3"},"event":{"state":true,"data":{"created":1574798307021,"value":"+09_00"},"id":"os.timezone"}}
{"recorder_version":"21","session":"0c6121e73247","build":"192.6262.58","bucket":"189","time":1574798306870,"group":{"id":"system.os","version":"3"},"event":{"state":true,"data":{"created":1574798307022},"id":"invoked"}}
{"recorder_version":"21","session":"0c6121e73247","build":"192.6262.58","bucket":"189","time":1574798307001,"group":{"id":"event.log","version":"21"},"event":{"count":1,"data":{"created":1574798307022,"version":"925.0"},"id":"whitelist.loaded"}}
{"recorder_version":"21","session":"0c6121e73247","build":"192.6262.58","bucket":"189","time":1574798309323,"group":{"id":"settings","version":"4"},"event":{"state":true,"data":{"component":"UpdatesConfigurable","created":1574798309323,"name":"checkNeeded","type":"bool","value":false},"id":"not.default"}}
{"recorder_version":"21","session":"0c6121e73247","build":"192.6262.58","bucket":"189","time":1574798309323,"group":{"id":"settings","version":"4"},"event":{"state":true,"data":{"component":"UpdatesConfigurable","created":1574798309325},"id":"invoked"}}
{"recorder_version":"21","session":"0c6121e73247","build":"192.6262.58","bucket":"189","time":1574798309427,"group":{"id":"settings","version":"4"},"event":{"state":true,"data":{"component":"GeneralSettings","created":1574798309428,"name":"confirmExit","type":"bool","value":false},"id":"not.default"}}
{"recorder_version":"21","session":"0c6121e73247","build":"192.6262.58","bucket":"189","time":1574798309428,"group":{"id":"settings","version":"4"},"event":{"state":true,"data":{"component":"GeneralSettings","created":1574798309429,"name":"showTipsOnStartup","type":"bool","value":false},"id":"not.default"}}
{"recorder_version":"21","session":"0c6121e73247","build":"192.6262.58","bucket":"189","time":1574798309428,"group":{"id":"settings","version":"4"},"event":{"state":true,"data":{"component":"GeneralSettings","created":1574798309430},"id":"invoked"}}
{"recorder_version":"21","session":"0c6121e73247","build":"192.6262.58","bucket":"189","time":1574798309433,"group":{"id":"lifecycle","version":"21"},"event":{"count":1,"data":{"internal":true,"eap":false,"created":1574798309433},"id":"ide.start"}}
{"recorder_version":"21","session":"0c6121e73247","build":"192.6262.58","bucket":"189","time":1574798309709,"group":{"id":"lifecycle","version":"21"},"event":{"count":1,"data":{"created":1574798309709},"id":"frame.activated"}}
{"recorder_version":"21","session":"0c6121e73247","build":"192.6262.58","bucket":"189","time":1574798309964,"group":{"id":"performance","version":"21"},"event":{"count":1,"data":{"duration_ms":1,"created":1574798309964},"id":"ui.latency"}}
{"recorder_version":"21","session":"0c6121e73247","build":"192.6262.58","bucket":"189","time":1574798310154,"group":{"id":"ui.dialogs","version":"21"},"event":{"count":1,"data":{"created":1574798310154,"plugin_type":"PLATFORM","type":"show"},"id":"com.intellij.openapi.progress.util.ProgressDialog$MyDialogWrapper"}}
{"recorder_version":"21","session":"0c6121e73247","build":"192.6262.58","bucket":"189","time":1574798311076,"group":{"id":"lifecycle","version":"21"},"event":{"count":1,"data":{"created":1574798311076,"project":"92ddc83aceaa9edad1485397ccc1680a8fd16623aa2c155379eac4aafdb2a559"},"id":"project.opened"}}
{"recorder_version":"21","session":"0c6121e73247","build":"192.6262.58","bucket":"189","time":1574798312527,"group":{"id":"settings","version":"4"},"event":{"state":true,"data":{"component":"XmlEditorOptions","created":1574798312527},"id":"invoked"}}
{"recorder_version":"21","session":"0c6121e73247","build":"192.6262.58","bucket":"189","time":1574798312552,"group":{"id":"performance","version":"21"},"event":{"count":1,"data":{"duration_ms":579,"created":1574798312552},"id":"ui.lagging"}}
{"recorder_version":"21","session":"0c6121e73247","build":"192.6262.58","bucket":"189","time":1574798312697,"group":{"id":"toolwindow","version":"21"},"event":{"count":1,"data":{"os":"Mac","created":1574798312698,"plugin_type":"PLATFORM"},"id":"Project"}}
{"recorder_version":"21","session":"0c6121e73247","build":"192.6262.58","bucket":"189","time":1574798313090,"group":{"id":"performance","version":"21"},"event":{"count":1,"data":{"duration_ms":116,"created":1574798313091},"id":"ui.lagging"}}
{"recorder_version":"21","session":"0c6121e73247","build":"192.6262.58","bucket":"189","time":1574798314503,"group":{"id":"kotlin.jps.target","version":"1"},"event":{"count":1,"data":{"plugin_version":"1.3.41-release-IJ2019.2-1","created":1574798314504},"id":"jvm"}}
{"recorder_version":"21","session":"0c6121e73247","build":"192.6262.58","bucket":"189","time":1574798314834,"group":{"id":"project.fs","version":"1"},"event":{"state":true,"data":{"os":"Mac","cs-project":false,"created":1574798314834,"project":"92ddc83aceaa9edad1485397ccc1680a8fd16623aa2c155379eac4aafdb2a559","cs-implicit":true,"cs-system":false},"id":"case-sensitivity"}}
{"recorder_version":"21","session":"0c6121e73247","build":"192.6262.58","bucket":"189","time":1574798314834,"group":{"id":"project.fs","version":"1"},"event":{"state":true,"data":{"created":1574798314835},"id":"invoked"}}
{"recorder_version":"21","session":"0c6121e73247","build":"192.6262.58","bucket":"189","time":1574798314835,"group":{"id":"project.fs","version":"1"},"event":{"state":true,"data":{"pct-non-watched":0,"created":1574798314835,"project":"92ddc83aceaa9edad1485397ccc1680a8fd16623aa2c155379eac4aafdb2a559"},"id":"roots-watched"}}
{"recorder_version":"21","session":"0c6121e73247","build":"192.6262.58","bucket":"189","time":1574798314835,"group":{"id":"project.fs","version":"1"},"event":{"state":true,"data":{"created":1574798314835},"id":"invoked"}}
{"recorder_version":"21","session":"0c6121e73247","build":"192.6262.58","bucket":"189","time":1574798314960,"group":{"id":"ui.dialogs","version":"21"},"event":{"count":1,"data":{"code":1,"created":1574798314961,"plugin_type":"PLATFORM","type":"close"},"id":"com.intellij.openapi.progress.util.ProgressDialog$MyDialogWrapper"}}
{"recorder_version":"21","session":"0c6121e73247","build":"192.6262.58","bucket":"189","time":1574798315062,"group":{"id":"lifecycle","version":"21"},"event":{"count":1,"data":{"duration_ms":5164,"created":1574798315063,"project":"92ddc83aceaa9edad1485397ccc1680a8fd16623aa2c155379eac4aafdb2a559"},"id":"project.opening.finished"}}
{"recorder_version":"21","session":"0c6121e73247","build":"192.6262.58","bucket":"189","time":1574798317410,"group":{"id":"file.types.usage","version":"21"},"event":{"count":1,"data":{"created":1574798317411,"plugin_type":"PLATFORM","project":"92ddc83aceaa9edad1485397ccc1680a8fd16623aa2c155379eac4aafdb2a559","type":"edit"},"id":"IDEA_MODULE"}}
{"recorder_version":"21","session":"0c6121e73247","build":"192.6262.58","bucket":"189","time":1574798320481,"group":{"id":"actions","version":"21"},"event":{"count":2,"data":{"context_menu":false,"last":1574798320779,"current_file":"TEXT","created":1574798320481,"plugin_type":"PLATFORM","project":"92ddc83aceaa9edad1485397ccc1680a8fd16623aa2c155379eac4aafdb2a559","place":"keyboard_shortcut","class":"com.intellij.openapi.editor.actions.BackspaceAction","input_event":"Backspace"},"id":"EditorBackSpace"}}
{"recorder_version":"21","session":"0c6121e73247","build":"192.6262.58","bucket":"189","time":1574798326194,"group":{"id":"actions","version":"21"},"event":{"count":4,"data":{"context_menu":false,"last":1574798326676,"created":1574798326195,"plugin_type":"PLATFORM","project":"92ddc83aceaa9edad1485397ccc1680a8fd16623aa2c155379eac4aafdb2a559","place":"keyboard_shortcut","class":"com.intellij.openapi.editor.actions.BackspaceAction","input_event":"Backspace"},"id":"EditorBackSpace"}}
{"recorder_version":"21","session":"0c6121e73247","build":"192.6262.58","bucket":"189","time":1574798365397,"group":{"id":"lifecycle","version":"21"},"event":{"count":1,"data":{"created":1574798365398,"project":"92ddc83aceaa9edad1485397ccc1680a8fd16623aa2c155379eac4aafdb2a559"},"id":"frame.deactivated"}}
{"recorder_version":"21","session":"0c6121e73247","build":"192.6262.58","bucket":"189","time":1574798410212,"group":{"id":"performance","version":"21"},"event":{"count":1,"data":{"duration_ms":1,"created":1574798410212},"id":"ui.latency"}}
{"recorder_version":"21","session":"0c6121e73247","build":"192.6262.58","bucket":"189","time":1574798489623,"group":{"id":"event.log","version":"21"},"event":{"count":1,"data":{"created":1574798489623,"version":"930.0"},"id":"whitelist.updated"}}
{"recorder_version":"21","session":"0c6121e73247","build":"192.6262.58","bucket":"189","time":1574798510490,"group":{"id":"performance","version":"21"},"event":{"count":1,"data":{"duration_ms":0,"created":1574798510490},"id":"ui.latency"}}
{"recorder_version":"21","session":"0c6121e73247","build":"192.6262.58","bucket":"189","time":1574798577293,"group":{"id":"lifecycle","version":"21"},"event":{"count":1,"data":{"created":1574798577294,"project":"92ddc83aceaa9edad1485397ccc1680a8fd16623aa2c155379eac4aafdb2a559"},"id":"frame.activated"}}
{"recorder_version":"21","session":"0c6121e73247","build":"192.6262.58","bucket":"189","time":1574798577567,"group":{"id":"lifecycle","version":"21"},"event":{"count":1,"data":{"restart":false,"created":1574798577567},"id":"ide.close"}}
{"recorder_version":"21","session":"0c6121e73247","build":"192.6262.58","bucket":"189","time":1574798577667,"group":{"id":"lifecycle","version":"21"},"event":{"count":1,"data":{"created":1574798577668,"project":"92ddc83aceaa9edad1485397ccc1680a8fd16623aa2c155379eac4aafdb2a559"},"id":"project.closed"}}
