{"recorder_version":"21","session":"aa8b89ee3c9c","build":"192.6262.58","bucket":"189","time":1574779917894,"group":{"id":"settings","version":"4"},"event":{"state":true,"data":{"component":"NotRoamableUiSettings","created":1574779918070},"id":"invoked"}}
{"recorder_version":"21","session":"aa8b89ee3c9c","build":"192.6262.58","bucket":"189","time":1574779917896,"group":{"id":"system.java","version":"1"},"event":{"state":true,"data":{"created":1574779918072,"version":"1.11"},"id":"JetBrains"}}
{"recorder_version":"21","session":"aa8b89ee3c9c","build":"192.6262.58","bucket":"189","time":1574779917896,"group":{"id":"system.java","version":"1"},"event":{"state":true,"data":{"created":1574779918081},"id":"invoked"}}
{"recorder_version":"21","session":"aa8b89ee3c9c","build":"192.6262.58","bucket":"189","time":1574779917897,"group":{"id":"settings","version":"4"},"event":{"state":true,"data":{"component":"UISettings","created":1574779918081},"id":"invoked"}}
{"recorder_version":"21","session":"aa8b89ee3c9c","build":"192.6262.58","bucket":"189","time":1574779917919,"group":{"id":"system.os","version":"3"},"event":{"state":true,"data":{"created":1574779918083,"version":"10.14"},"id":"Mac"}}
{"recorder_version":"21","session":"aa8b89ee3c9c","build":"192.6262.58","bucket":"189","time":1574779917919,"group":{"id":"system.os","version":"3"},"event":{"state":true,"data":{"created":1574779918083,"name":"Mac","version":"10.14"},"id":"os.name"}}
{"recorder_version":"21","session":"aa8b89ee3c9c","build":"192.6262.58","bucket":"189","time":1574779917919,"group":{"id":"system.os","version":"3"},"event":{"state":true,"data":{"created":1574779918084,"value":"+09_00"},"id":"os.timezone"}}
{"recorder_version":"21","session":"aa8b89ee3c9c","build":"192.6262.58","bucket":"189","time":1574779917919,"group":{"id":"system.os","version":"3"},"event":{"state":true,"data":{"created":1574779918085},"id":"invoked"}}
{"recorder_version":"21","session":"aa8b89ee3c9c","build":"192.6262.58","bucket":"189","time":1574779918070,"group":{"id":"event.log","version":"21"},"event":{"count":1,"data":{"created":1574779918088,"version":"925.0"},"id":"whitelist.loaded"}}
{"recorder_version":"21","session":"aa8b89ee3c9c","build":"192.6262.58","bucket":"189","time":1574779920434,"group":{"id":"settings","version":"4"},"event":{"state":true,"data":{"component":"UpdatesConfigurable","created":1574779920435,"name":"checkNeeded","type":"bool","value":false},"id":"not.default"}}
{"recorder_version":"21","session":"aa8b89ee3c9c","build":"192.6262.58","bucket":"189","time":1574779920434,"group":{"id":"settings","version":"4"},"event":{"state":true,"data":{"component":"UpdatesConfigurable","created":1574779920436},"id":"invoked"}}
{"recorder_version":"21","session":"aa8b89ee3c9c","build":"192.6262.58","bucket":"189","time":1574779920559,"group":{"id":"settings","version":"4"},"event":{"state":true,"data":{"component":"GeneralSettings","created":1574779920559,"name":"confirmExit","type":"bool","value":false},"id":"not.default"}}
{"recorder_version":"21","session":"aa8b89ee3c9c","build":"192.6262.58","bucket":"189","time":1574779920559,"group":{"id":"settings","version":"4"},"event":{"state":true,"data":{"component":"GeneralSettings","created":1574779920560,"name":"showTipsOnStartup","type":"bool","value":false},"id":"not.default"}}
{"recorder_version":"21","session":"aa8b89ee3c9c","build":"192.6262.58","bucket":"189","time":1574779920559,"group":{"id":"settings","version":"4"},"event":{"state":true,"data":{"component":"GeneralSettings","created":1574779920561},"id":"invoked"}}
{"recorder_version":"21","session":"aa8b89ee3c9c","build":"192.6262.58","bucket":"189","time":1574779920567,"group":{"id":"lifecycle","version":"21"},"event":{"count":1,"data":{"internal":true,"eap":false,"created":1574779920568},"id":"ide.start"}}
{"recorder_version":"21","session":"aa8b89ee3c9c","build":"192.6262.58","bucket":"189","time":1574779920859,"group":{"id":"lifecycle","version":"21"},"event":{"count":1,"data":{"created":1574779920859},"id":"frame.activated"}}
{"recorder_version":"21","session":"aa8b89ee3c9c","build":"192.6262.58","bucket":"189","time":1574779921083,"group":{"id":"performance","version":"21"},"event":{"count":1,"data":{"duration_ms":1,"created":1574779921083},"id":"ui.latency"}}
{"recorder_version":"21","session":"aa8b89ee3c9c","build":"192.6262.58","bucket":"189","time":1574779921359,"group":{"id":"ui.dialogs","version":"21"},"event":{"count":1,"data":{"created":1574779921360,"plugin_type":"PLATFORM","type":"show"},"id":"com.intellij.openapi.progress.util.ProgressDialog$MyDialogWrapper"}}
{"recorder_version":"21","session":"aa8b89ee3c9c","build":"192.6262.58","bucket":"189","time":1574779922431,"group":{"id":"lifecycle","version":"21"},"event":{"count":1,"data":{"created":1574779922432,"project":"92ddc83aceaa9edad1485397ccc1680a8fd16623aa2c155379eac4aafdb2a559"},"id":"project.opened"}}
{"recorder_version":"21","session":"aa8b89ee3c9c","build":"192.6262.58","bucket":"189","time":1574779923193,"group":{"id":"performance","version":"21"},"event":{"count":1,"data":{"duration_ms":104,"created":1574779923193},"id":"ui.lagging"}}
{"recorder_version":"21","session":"aa8b89ee3c9c","build":"192.6262.58","bucket":"189","time":1574779924158,"group":{"id":"settings","version":"4"},"event":{"state":true,"data":{"component":"XmlEditorOptions","created":1574779924158},"id":"invoked"}}
{"recorder_version":"21","session":"aa8b89ee3c9c","build":"192.6262.58","bucket":"189","time":1574779924222,"group":{"id":"performance","version":"21"},"event":{"count":1,"data":{"duration_ms":127,"created":1574779924222},"id":"ui.lagging"}}
{"recorder_version":"21","session":"aa8b89ee3c9c","build":"192.6262.58","bucket":"189","time":1574779924427,"group":{"id":"toolwindow","version":"21"},"event":{"count":1,"data":{"os":"Mac","created":1574779924427,"plugin_type":"PLATFORM"},"id":"Project"}}
{"recorder_version":"21","session":"aa8b89ee3c9c","build":"192.6262.58","bucket":"189","time":1574779926530,"group":{"id":"project.fs","version":"1"},"event":{"state":true,"data":{"os":"Mac","cs-project":false,"created":1574779926530,"project":"92ddc83aceaa9edad1485397ccc1680a8fd16623aa2c155379eac4aafdb2a559","cs-implicit":true,"cs-system":false},"id":"case-sensitivity"}}
{"recorder_version":"21","session":"aa8b89ee3c9c","build":"192.6262.58","bucket":"189","time":1574779926530,"group":{"id":"project.fs","version":"1"},"event":{"state":true,"data":{"created":1574779926530},"id":"invoked"}}
{"recorder_version":"21","session":"aa8b89ee3c9c","build":"192.6262.58","bucket":"189","time":1574779926531,"group":{"id":"project.fs","version":"1"},"event":{"state":true,"data":{"pct-non-watched":0,"created":1574779926531,"project":"92ddc83aceaa9edad1485397ccc1680a8fd16623aa2c155379eac4aafdb2a559"},"id":"roots-watched"}}
{"recorder_version":"21","session":"aa8b89ee3c9c","build":"192.6262.58","bucket":"189","time":1574779926531,"group":{"id":"project.fs","version":"1"},"event":{"state":true,"data":{"created":1574779926531},"id":"invoked"}}
{"recorder_version":"21","session":"aa8b89ee3c9c","build":"192.6262.58","bucket":"189","time":1574779926623,"group":{"id":"ui.dialogs","version":"21"},"event":{"count":1,"data":{"code":1,"created":1574779926623,"plugin_type":"PLATFORM","type":"close"},"id":"com.intellij.openapi.progress.util.ProgressDialog$MyDialogWrapper"}}
{"recorder_version":"21","session":"aa8b89ee3c9c","build":"192.6262.58","bucket":"189","time":1574779926783,"group":{"id":"lifecycle","version":"21"},"event":{"count":1,"data":{"duration_ms":5696,"created":1574779926783,"project":"92ddc83aceaa9edad1485397ccc1680a8fd16623aa2c155379eac4aafdb2a559"},"id":"project.opening.finished"}}
{"recorder_version":"21","session":"aa8b89ee3c9c","build":"192.6262.58","bucket":"189","time":1574779928646,"group":{"id":"kotlin.jps.target","version":"1"},"event":{"count":1,"data":{"plugin_version":"1.3.41-release-IJ2019.2-1","created":1574779928646},"id":"jvm"}}
{"recorder_version":"21","session":"aa8b89ee3c9c","build":"192.6262.58","bucket":"189","time":1574779931354,"group":{"id":"file.types.usage","version":"21"},"event":{"count":1,"data":{"created":1574779931355,"plugin_type":"PLATFORM","project":"92ddc83aceaa9edad1485397ccc1680a8fd16623aa2c155379eac4aafdb2a559","type":"edit"},"id":"IDEA_MODULE"}}
{"recorder_version":"21","session":"aa8b89ee3c9c","build":"192.6262.58","bucket":"189","time":1574779948799,"group":{"id":"actions","version":"21"},"event":{"count":1,"data":{"context_menu":false,"current_file":"TEXT","created":1574779948799,"plugin_type":"PLATFORM","project":"92ddc83aceaa9edad1485397ccc1680a8fd16623aa2c155379eac4aafdb2a559","place":"keyboard_shortcut","class":"com.intellij.openapi.editor.actions.BackspaceAction","input_event":"Backspace"},"id":"EditorBackSpace"}}
{"recorder_version":"21","session":"aa8b89ee3c9c","build":"192.6262.58","bucket":"189","time":1574779960443,"group":{"id":"lifecycle","version":"21"},"event":{"count":1,"data":{"created":1574779960443,"project":"92ddc83aceaa9edad1485397ccc1680a8fd16623aa2c155379eac4aafdb2a559"},"id":"frame.deactivated"}}
{"recorder_version":"21","session":"aa8b89ee3c9c","build":"192.6262.58","bucket":"189","time":1574779966063,"group":{"id":"lifecycle","version":"21"},"event":{"count":1,"data":{"created":1574779966063,"project":"92ddc83aceaa9edad1485397ccc1680a8fd16623aa2c155379eac4aafdb2a559"},"id":"frame.activated"}}
{"recorder_version":"21","session":"aa8b89ee3c9c","build":"192.6262.58","bucket":"189","time":1574779966527,"group":{"id":"lifecycle","version":"21"},"event":{"count":1,"data":{"restart":false,"created":1574779966527},"id":"ide.close"}}
{"recorder_version":"21","session":"aa8b89ee3c9c","build":"192.6262.58","bucket":"189","time":1574779966618,"group":{"id":"lifecycle","version":"21"},"event":{"count":1,"data":{"created":1574779966618,"project":"92ddc83aceaa9edad1485397ccc1680a8fd16623aa2c155379eac4aafdb2a559"},"id":"project.closed"}}
