{"recorder_version":"21","session":"322df80dd9e0","build":"192.6262.58","bucket":"189","time":1574786187725,"group":{"id":"settings","version":"4"},"event":{"state":true,"data":{"component":"NotRoamableUiSettings","created":1574786187852},"id":"invoked"}}
{"recorder_version":"21","session":"322df80dd9e0","build":"192.6262.58","bucket":"189","time":1574786187727,"group":{"id":"settings","version":"4"},"event":{"state":true,"data":{"component":"UISettings","created":1574786187853},"id":"invoked"}}
{"recorder_version":"21","session":"322df80dd9e0","build":"192.6262.58","bucket":"189","time":1574786187728,"group":{"id":"system.java","version":"1"},"event":{"state":true,"data":{"created":1574786187862,"version":"1.11"},"id":"JetBrains"}}
{"recorder_version":"21","session":"322df80dd9e0","build":"192.6262.58","bucket":"189","time":1574786187728,"group":{"id":"system.java","version":"1"},"event":{"state":true,"data":{"created":1574786187863},"id":"invoked"}}
{"recorder_version":"21","session":"322df80dd9e0","build":"192.6262.58","bucket":"189","time":1574786187745,"group":{"id":"system.os","version":"3"},"event":{"state":true,"data":{"created":1574786187863,"version":"10.14"},"id":"Mac"}}
{"recorder_version":"21","session":"322df80dd9e0","build":"192.6262.58","bucket":"189","time":1574786187745,"group":{"id":"system.os","version":"3"},"event":{"state":true,"data":{"created":1574786187865,"name":"Mac","version":"10.14"},"id":"os.name"}}
{"recorder_version":"21","session":"322df80dd9e0","build":"192.6262.58","bucket":"189","time":1574786187745,"group":{"id":"system.os","version":"3"},"event":{"state":true,"data":{"created":1574786187866,"value":"+09_00"},"id":"os.timezone"}}
{"recorder_version":"21","session":"322df80dd9e0","build":"192.6262.58","bucket":"189","time":1574786187745,"group":{"id":"system.os","version":"3"},"event":{"state":true,"data":{"created":1574786187866},"id":"invoked"}}
{"recorder_version":"21","session":"322df80dd9e0","build":"192.6262.58","bucket":"189","time":1574786187851,"group":{"id":"event.log","version":"21"},"event":{"count":1,"data":{"created":1574786187867,"version":"925.0"},"id":"whitelist.loaded"}}
{"recorder_version":"21","session":"322df80dd9e0","build":"192.6262.58","bucket":"189","time":1574786189943,"group":{"id":"settings","version":"4"},"event":{"state":true,"data":{"component":"UpdatesConfigurable","created":1574786189944,"name":"checkNeeded","type":"bool","value":false},"id":"not.default"}}
{"recorder_version":"21","session":"322df80dd9e0","build":"192.6262.58","bucket":"189","time":1574786189943,"group":{"id":"settings","version":"4"},"event":{"state":true,"data":{"component":"UpdatesConfigurable","created":1574786189945},"id":"invoked"}}
{"recorder_version":"21","session":"322df80dd9e0","build":"192.6262.58","bucket":"189","time":1574786190076,"group":{"id":"settings","version":"4"},"event":{"state":true,"data":{"component":"GeneralSettings","created":1574786190080,"name":"confirmExit","type":"bool","value":false},"id":"not.default"}}
{"recorder_version":"21","session":"322df80dd9e0","build":"192.6262.58","bucket":"189","time":1574786190077,"group":{"id":"settings","version":"4"},"event":{"state":true,"data":{"component":"GeneralSettings","created":1574786190082,"name":"showTipsOnStartup","type":"bool","value":false},"id":"not.default"}}
{"recorder_version":"21","session":"322df80dd9e0","build":"192.6262.58","bucket":"189","time":1574786190077,"group":{"id":"settings","version":"4"},"event":{"state":true,"data":{"component":"GeneralSettings","created":1574786190085},"id":"invoked"}}
{"recorder_version":"21","session":"322df80dd9e0","build":"192.6262.58","bucket":"189","time":1574786190087,"group":{"id":"lifecycle","version":"21"},"event":{"count":1,"data":{"internal":true,"eap":false,"created":1574786190089},"id":"ide.start"}}
{"recorder_version":"21","session":"322df80dd9e0","build":"192.6262.58","bucket":"189","time":1574786190355,"group":{"id":"lifecycle","version":"21"},"event":{"count":1,"data":{"created":1574786190355},"id":"frame.activated"}}
{"recorder_version":"21","session":"322df80dd9e0","build":"192.6262.58","bucket":"189","time":1574786190658,"group":{"id":"performance","version":"21"},"event":{"count":1,"data":{"duration_ms":2,"created":1574786190658},"id":"ui.latency"}}
{"recorder_version":"21","session":"322df80dd9e0","build":"192.6262.58","bucket":"189","time":1574786190796,"group":{"id":"ui.dialogs","version":"21"},"event":{"count":1,"data":{"created":1574786190796,"plugin_type":"PLATFORM","type":"show"},"id":"com.intellij.openapi.progress.util.ProgressDialog$MyDialogWrapper"}}
{"recorder_version":"21","session":"322df80dd9e0","build":"192.6262.58","bucket":"189","time":1574786191696,"group":{"id":"lifecycle","version":"21"},"event":{"count":1,"data":{"created":1574786191696,"project":"92ddc83aceaa9edad1485397ccc1680a8fd16623aa2c155379eac4aafdb2a559"},"id":"project.opened"}}
{"recorder_version":"21","session":"322df80dd9e0","build":"192.6262.58","bucket":"189","time":1574786193261,"group":{"id":"settings","version":"4"},"event":{"state":true,"data":{"component":"XmlEditorOptions","created":1574786193261},"id":"invoked"}}
{"recorder_version":"21","session":"322df80dd9e0","build":"192.6262.58","bucket":"189","time":1574786193324,"group":{"id":"performance","version":"21"},"event":{"count":1,"data":{"duration_ms":664,"created":1574786193324},"id":"ui.lagging"}}
{"recorder_version":"21","session":"322df80dd9e0","build":"192.6262.58","bucket":"189","time":1574786193551,"group":{"id":"toolwindow","version":"21"},"event":{"count":1,"data":{"os":"Mac","created":1574786193552,"plugin_type":"PLATFORM"},"id":"Project"}}
{"recorder_version":"21","session":"322df80dd9e0","build":"192.6262.58","bucket":"189","time":1574786193969,"group":{"id":"performance","version":"21"},"event":{"count":1,"data":{"duration_ms":309,"created":1574786193969},"id":"ui.lagging"}}
{"recorder_version":"21","session":"322df80dd9e0","build":"192.6262.58","bucket":"189","time":1574786195593,"group":{"id":"project.fs","version":"1"},"event":{"state":true,"data":{"os":"Mac","cs-project":false,"created":1574786195594,"project":"92ddc83aceaa9edad1485397ccc1680a8fd16623aa2c155379eac4aafdb2a559","cs-implicit":true,"cs-system":false},"id":"case-sensitivity"}}
{"recorder_version":"21","session":"322df80dd9e0","build":"192.6262.58","bucket":"189","time":1574786195593,"group":{"id":"project.fs","version":"1"},"event":{"state":true,"data":{"created":1574786195594},"id":"invoked"}}
{"recorder_version":"21","session":"322df80dd9e0","build":"192.6262.58","bucket":"189","time":1574786195595,"group":{"id":"project.fs","version":"1"},"event":{"state":true,"data":{"pct-non-watched":0,"created":1574786195595,"project":"92ddc83aceaa9edad1485397ccc1680a8fd16623aa2c155379eac4aafdb2a559"},"id":"roots-watched"}}
{"recorder_version":"21","session":"322df80dd9e0","build":"192.6262.58","bucket":"189","time":1574786195595,"group":{"id":"project.fs","version":"1"},"event":{"state":true,"data":{"created":1574786195595},"id":"invoked"}}
{"recorder_version":"21","session":"322df80dd9e0","build":"192.6262.58","bucket":"189","time":1574786195698,"group":{"id":"ui.dialogs","version":"21"},"event":{"count":1,"data":{"code":1,"created":1574786195699,"plugin_type":"PLATFORM","type":"close"},"id":"com.intellij.openapi.progress.util.ProgressDialog$MyDialogWrapper"}}
{"recorder_version":"21","session":"322df80dd9e0","build":"192.6262.58","bucket":"189","time":1574786195821,"group":{"id":"lifecycle","version":"21"},"event":{"count":1,"data":{"duration_ms":5294,"created":1574786195822,"project":"92ddc83aceaa9edad1485397ccc1680a8fd16623aa2c155379eac4aafdb2a559"},"id":"project.opening.finished"}}
{"recorder_version":"21","session":"322df80dd9e0","build":"192.6262.58","bucket":"189","time":1574786196602,"group":{"id":"kotlin.jps.target","version":"1"},"event":{"count":1,"data":{"plugin_version":"1.3.41-release-IJ2019.2-1","created":1574786196602},"id":"jvm"}}
{"recorder_version":"21","session":"322df80dd9e0","build":"192.6262.58","bucket":"189","time":1574786204409,"group":{"id":"file.types.usage","version":"21"},"event":{"count":1,"data":{"created":1574786204409,"plugin_type":"PLATFORM","project":"92ddc83aceaa9edad1485397ccc1680a8fd16623aa2c155379eac4aafdb2a559","type":"edit"},"id":"IDEA_MODULE"}}
{"recorder_version":"21","session":"322df80dd9e0","build":"192.6262.58","bucket":"189","time":1574786207315,"group":{"id":"actions","version":"21"},"event":{"count":1,"data":{"context_menu":false,"current_file":"TEXT","created":1574786207315,"plugin_type":"PLATFORM","project":"92ddc83aceaa9edad1485397ccc1680a8fd16623aa2c155379eac4aafdb2a559","place":"keyboard_shortcut","class":"com.intellij.openapi.editor.actions.EnterAction","input_event":"Enter"},"id":"EditorEnter"}}
{"recorder_version":"21","session":"322df80dd9e0","build":"192.6262.58","bucket":"189","time":1574786207336,"group":{"id":"lifecycle","version":"21"},"event":{"count":1,"data":{"created":1574786207336,"plugin_type":"PLATFORM","error":"java.lang.AssertionError"},"id":"ide.error"}}
{"recorder_version":"21","session":"322df80dd9e0","build":"192.6262.58","bucket":"189","time":1574786207518,"group":{"id":"actions","version":"21"},"event":{"count":1,"data":{"context_menu":false,"current_file":"TEXT","created":1574786207518,"plugin_type":"PLATFORM","project":"92ddc83aceaa9edad1485397ccc1680a8fd16623aa2c155379eac4aafdb2a559","place":"keyboard_shortcut","class":"com.intellij.openapi.editor.actions.EnterAction","input_event":"Enter"},"id":"EditorEnter"}}
{"recorder_version":"21","session":"322df80dd9e0","build":"192.6262.58","bucket":"189","time":1574786207521,"group":{"id":"lifecycle","version":"21"},"event":{"count":1,"data":{"created":1574786207521,"plugin_type":"PLATFORM","error":"java.lang.AssertionError"},"id":"ide.error"}}
{"recorder_version":"21","session":"322df80dd9e0","build":"192.6262.58","bucket":"189","time":1574786208726,"group":{"id":"actions","version":"21"},"event":{"count":1,"data":{"context_menu":false,"current_file":"TEXT","created":1574786208727,"plugin_type":"PLATFORM","project":"92ddc83aceaa9edad1485397ccc1680a8fd16623aa2c155379eac4aafdb2a559","place":"keyboard_shortcut","class":"com.intellij.openapi.editor.actions.BackspaceAction","input_event":"Backspace"},"id":"EditorBackSpace"}}
{"recorder_version":"21","session":"322df80dd9e0","build":"192.6262.58","bucket":"189","time":1574786208729,"group":{"id":"lifecycle","version":"21"},"event":{"count":1,"data":{"created":1574786208730,"plugin_type":"PLATFORM","error":"java.lang.AssertionError"},"id":"ide.error"}}
{"recorder_version":"21","session":"322df80dd9e0","build":"192.6262.58","bucket":"189","time":1574786209797,"group":{"id":"actions","version":"21"},"event":{"count":1,"data":{"context_menu":false,"current_file":"TEXT","created":1574786209798,"plugin_type":"PLATFORM","project":"92ddc83aceaa9edad1485397ccc1680a8fd16623aa2c155379eac4aafdb2a559","place":"keyboard_shortcut","class":"com.intellij.openapi.editor.actions.BackspaceAction","input_event":"Backspace"},"id":"EditorBackSpace"}}
{"recorder_version":"21","session":"322df80dd9e0","build":"192.6262.58","bucket":"189","time":1574786209801,"group":{"id":"lifecycle","version":"21"},"event":{"count":1,"data":{"created":1574786209801,"plugin_type":"PLATFORM","error":"java.lang.AssertionError"},"id":"ide.error"}}
{"recorder_version":"21","session":"322df80dd9e0","build":"192.6262.58","bucket":"189","time":1574786211798,"group":{"id":"lifecycle","version":"21"},"event":{"count":1,"data":{"created":1574786211798,"project":"92ddc83aceaa9edad1485397ccc1680a8fd16623aa2c155379eac4aafdb2a559"},"id":"frame.deactivated"}}
{"recorder_version":"21","session":"322df80dd9e0","build":"192.6262.58","bucket":"189","time":1574786227069,"group":{"id":"lifecycle","version":"21"},"event":{"count":1,"data":{"created":1574786227070,"project":"92ddc83aceaa9edad1485397ccc1680a8fd16623aa2c155379eac4aafdb2a559"},"id":"frame.activated"}}
{"recorder_version":"21","session":"322df80dd9e0","build":"192.6262.58","bucket":"189","time":1574786227989,"group":{"id":"actions","version":"21"},"event":{"count":1,"data":{"context_menu":false,"current_file":"TEXT","created":1574786227989,"plugin_type":"PLATFORM","project":"92ddc83aceaa9edad1485397ccc1680a8fd16623aa2c155379eac4aafdb2a559","place":"keyboard_shortcut","class":"com.intellij.openapi.editor.actions.EnterAction","input_event":"Enter"},"id":"EditorEnter"}}
{"recorder_version":"21","session":"322df80dd9e0","build":"192.6262.58","bucket":"189","time":1574786227993,"group":{"id":"lifecycle","version":"21"},"event":{"count":1,"data":{"created":1574786227994,"plugin_type":"PLATFORM","error":"java.lang.AssertionError"},"id":"ide.error"}}
{"recorder_version":"21","session":"322df80dd9e0","build":"192.6262.58","bucket":"189","time":1574786228665,"group":{"id":"lifecycle","version":"21"},"event":{"count":1,"data":{"created":1574786228666,"project":"92ddc83aceaa9edad1485397ccc1680a8fd16623aa2c155379eac4aafdb2a559"},"id":"frame.deactivated"}}
{"recorder_version":"21","session":"322df80dd9e0","build":"192.6262.58","bucket":"189","time":1574786277671,"group":{"id":"lifecycle","version":"21"},"event":{"count":1,"data":{"created":1574786277671,"project":"92ddc83aceaa9edad1485397ccc1680a8fd16623aa2c155379eac4aafdb2a559"},"id":"frame.activated"}}
{"recorder_version":"21","session":"322df80dd9e0","build":"192.6262.58","bucket":"189","time":1574786279204,"group":{"id":"actions","version":"21"},"event":{"count":1,"data":{"context_menu":false,"current_file":"TEXT","created":1574786279204,"plugin_type":"PLATFORM","project":"92ddc83aceaa9edad1485397ccc1680a8fd16623aa2c155379eac4aafdb2a559","place":"keyboard_shortcut","class":"com.intellij.openapi.editor.actions.BackspaceAction","input_event":"Backspace"},"id":"EditorBackSpace"}}
{"recorder_version":"21","session":"322df80dd9e0","build":"192.6262.58","bucket":"189","time":1574786279207,"group":{"id":"lifecycle","version":"21"},"event":{"count":1,"data":{"created":1574786279207,"plugin_type":"PLATFORM","error":"java.lang.AssertionError"},"id":"ide.error"}}
{"recorder_version":"21","session":"322df80dd9e0","build":"192.6262.58","bucket":"189","time":1574786280235,"group":{"id":"lifecycle","version":"21"},"event":{"count":1,"data":{"created":1574786280235,"project":"92ddc83aceaa9edad1485397ccc1680a8fd16623aa2c155379eac4aafdb2a559"},"id":"frame.deactivated"}}
{"recorder_version":"21","session":"322df80dd9e0","build":"192.6262.58","bucket":"189","time":1574786290905,"group":{"id":"performance","version":"21"},"event":{"count":1,"data":{"duration_ms":0,"created":1574786290905},"id":"ui.latency"}}
{"recorder_version":"21","session":"322df80dd9e0","build":"192.6262.58","bucket":"189","time":1574786308523,"group":{"id":"lifecycle","version":"21"},"event":{"count":1,"data":{"created":1574786308523,"project":"92ddc83aceaa9edad1485397ccc1680a8fd16623aa2c155379eac4aafdb2a559"},"id":"frame.activated"}}
{"recorder_version":"21","session":"322df80dd9e0","build":"192.6262.58","bucket":"189","time":1574786310155,"group":{"id":"file.types.usage","version":"21"},"event":{"count":1,"data":{"created":1574786310155,"plugin_type":"PLATFORM","project":"92ddc83aceaa9edad1485397ccc1680a8fd16623aa2c155379eac4aafdb2a559","type":"edit"},"id":"IDEA_MODULE"}}
{"recorder_version":"21","session":"322df80dd9e0","build":"192.6262.58","bucket":"189","time":1574786310158,"group":{"id":"lifecycle","version":"21"},"event":{"count":4,"data":{"last":1574786312679,"created":1574786310158,"plugin_type":"PLATFORM","error":"java.lang.AssertionError"},"id":"ide.error"}}
{"recorder_version":"21","session":"322df80dd9e0","build":"192.6262.58","bucket":"189","time":1574786318242,"group":{"id":"lifecycle","version":"21"},"event":{"count":1,"data":{"created":1574786318243,"project":"92ddc83aceaa9edad1485397ccc1680a8fd16623aa2c155379eac4aafdb2a559"},"id":"frame.deactivated"}}
{"recorder_version":"21","session":"322df80dd9e0","build":"192.6262.58","bucket":"189","time":1574786319903,"group":{"id":"lifecycle","version":"21"},"event":{"count":1,"data":{"created":1574786319904,"project":"92ddc83aceaa9edad1485397ccc1680a8fd16623aa2c155379eac4aafdb2a559"},"id":"frame.activated"}}
{"recorder_version":"21","session":"322df80dd9e0","build":"192.6262.58","bucket":"189","time":1574786320346,"group":{"id":"lifecycle","version":"21"},"event":{"count":2,"data":{"last":1574786321292,"created":1574786320346,"plugin_type":"PLATFORM","error":"java.lang.AssertionError"},"id":"ide.error"}}
{"recorder_version":"21","session":"322df80dd9e0","build":"192.6262.58","bucket":"189","time":1574786322496,"group":{"id":"lifecycle","version":"21"},"event":{"count":1,"data":{"created":1574786322496,"project":"92ddc83aceaa9edad1485397ccc1680a8fd16623aa2c155379eac4aafdb2a559"},"id":"frame.deactivated"}}
{"recorder_version":"21","session":"322df80dd9e0","build":"192.6262.58","bucket":"189","time":1574786391237,"group":{"id":"performance","version":"21"},"event":{"count":1,"data":{"duration_ms":0,"created":1574786391237},"id":"ui.latency"}}
{"recorder_version":"21","session":"322df80dd9e0","build":"192.6262.58","bucket":"189","time":1574786403207,"group":{"id":"lifecycle","version":"21"},"event":{"count":1,"data":{"created":1574786403207,"project":"92ddc83aceaa9edad1485397ccc1680a8fd16623aa2c155379eac4aafdb2a559"},"id":"frame.activated"}}
{"recorder_version":"21","session":"322df80dd9e0","build":"192.6262.58","bucket":"189","time":1574786403984,"group":{"id":"lifecycle","version":"21"},"event":{"count":1,"data":{"restart":false,"created":1574786403984},"id":"ide.close"}}
{"recorder_version":"21","session":"322df80dd9e0","build":"192.6262.58","bucket":"189","time":1574786404065,"group":{"id":"lifecycle","version":"21"},"event":{"count":1,"data":{"created":1574786404065,"project":"92ddc83aceaa9edad1485397ccc1680a8fd16623aa2c155379eac4aafdb2a559"},"id":"project.closed"}}
