{"recorder_version":"21","session":"b674f1becd9b","build":"192.6262.58","bucket":"189","time":1574435501172,"group":{"id":"settings","version":"4"},"event":{"state":true,"data":{"component":"NotRoamableUiSettings","created":1574435501339},"id":"invoked"}}
{"recorder_version":"21","session":"b674f1becd9b","build":"192.6262.58","bucket":"189","time":1574435501175,"group":{"id":"system.java","version":"1"},"event":{"state":true,"data":{"created":1574435501341,"version":"1.11"},"id":"JetBrains"}}
{"recorder_version":"21","session":"b674f1becd9b","build":"192.6262.58","bucket":"189","time":1574435501176,"group":{"id":"system.java","version":"1"},"event":{"state":true,"data":{"created":1574435501351},"id":"invoked"}}
{"recorder_version":"21","session":"b674f1becd9b","build":"192.6262.58","bucket":"189","time":1574435501177,"group":{"id":"settings","version":"4"},"event":{"state":true,"data":{"component":"UISettings","created":1574435501351},"id":"invoked"}}
{"recorder_version":"21","session":"b674f1becd9b","build":"192.6262.58","bucket":"189","time":1574435501196,"group":{"id":"system.os","version":"3"},"event":{"state":true,"data":{"created":1574435501352,"version":"10.14"},"id":"Mac"}}
{"recorder_version":"21","session":"b674f1becd9b","build":"192.6262.58","bucket":"189","time":1574435501196,"group":{"id":"system.os","version":"3"},"event":{"state":true,"data":{"created":1574435501353,"name":"Mac","version":"10.14"},"id":"os.name"}}
{"recorder_version":"21","session":"b674f1becd9b","build":"192.6262.58","bucket":"189","time":1574435501196,"group":{"id":"system.os","version":"3"},"event":{"state":true,"data":{"created":1574435501354,"value":"+09_00"},"id":"os.timezone"}}
{"recorder_version":"21","session":"b674f1becd9b","build":"192.6262.58","bucket":"189","time":1574435501196,"group":{"id":"system.os","version":"3"},"event":{"state":true,"data":{"created":1574435501355},"id":"invoked"}}
{"recorder_version":"21","session":"b674f1becd9b","build":"192.6262.58","bucket":"189","time":1574435501339,"group":{"id":"event.log","version":"21"},"event":{"count":1,"data":{"created":1574435501356,"version":"916.0"},"id":"whitelist.loaded"}}
{"recorder_version":"21","session":"b674f1becd9b","build":"192.6262.58","bucket":"189","time":1574435503557,"group":{"id":"settings","version":"4"},"event":{"state":true,"data":{"component":"UpdatesConfigurable","created":1574435503558,"name":"checkNeeded","type":"bool","value":false},"id":"not.default"}}
{"recorder_version":"21","session":"b674f1becd9b","build":"192.6262.58","bucket":"189","time":1574435503557,"group":{"id":"settings","version":"4"},"event":{"state":true,"data":{"component":"UpdatesConfigurable","created":1574435503559},"id":"invoked"}}
{"recorder_version":"21","session":"b674f1becd9b","build":"192.6262.58","bucket":"189","time":1574435504141,"group":{"id":"lifecycle","version":"21"},"event":{"count":1,"data":{"internal":true,"eap":false,"created":1574435504141},"id":"ide.start"}}
{"recorder_version":"21","session":"b674f1becd9b","build":"192.6262.58","bucket":"189","time":1574435504144,"group":{"id":"settings","version":"4"},"event":{"state":true,"data":{"component":"GeneralSettings","created":1574435504144,"name":"confirmExit","type":"bool","value":false},"id":"not.default"}}
{"recorder_version":"21","session":"b674f1becd9b","build":"192.6262.58","bucket":"189","time":1574435504144,"group":{"id":"settings","version":"4"},"event":{"state":true,"data":{"component":"GeneralSettings","created":1574435504145,"name":"showTipsOnStartup","type":"bool","value":false},"id":"not.default"}}
{"recorder_version":"21","session":"b674f1becd9b","build":"192.6262.58","bucket":"189","time":1574435504144,"group":{"id":"settings","version":"4"},"event":{"state":true,"data":{"component":"GeneralSettings","created":1574435504146},"id":"invoked"}}
{"recorder_version":"21","session":"b674f1becd9b","build":"192.6262.58","bucket":"189","time":1574435504307,"group":{"id":"performance","version":"21"},"event":{"count":1,"data":{"duration_ms":84,"created":1574435504308},"id":"ui.latency"}}
{"recorder_version":"21","session":"b674f1becd9b","build":"192.6262.58","bucket":"189","time":1574435504742,"group":{"id":"settings","version":"4"},"event":{"state":true,"data":{"component":"XmlEditorOptions","created":1574435504742},"id":"invoked"}}
{"recorder_version":"21","session":"b674f1becd9b","build":"192.6262.58","bucket":"189","time":1574435506030,"group":{"id":"ui.dialogs","version":"21"},"event":{"count":1,"data":{"created":1574435506030,"plugin_type":"PLATFORM","type":"show"},"id":"com.intellij.openapi.progress.util.ProgressDialog$MyDialogWrapper"}}
{"recorder_version":"21","session":"b674f1becd9b","build":"192.6262.58","bucket":"189","time":1574435506919,"group":{"id":"lifecycle","version":"21"},"event":{"count":1,"data":{"created":1574435506920,"project":"a0f12fb42952fc36a102045bdbb22ad1f15aa9443e9c675024683f4da70c8bc4"},"id":"project.opened"}}
{"recorder_version":"21","session":"b674f1becd9b","build":"192.6262.58","bucket":"189","time":1574435507460,"group":{"id":"performance","version":"21"},"event":{"count":1,"data":{"duration_ms":235,"created":1574435507461},"id":"ui.lagging"}}
{"recorder_version":"21","session":"b674f1becd9b","build":"192.6262.58","bucket":"189","time":1574435508593,"group":{"id":"performance","version":"21"},"event":{"count":1,"data":{"duration_ms":367,"created":1574435508593},"id":"ui.lagging"}}
{"recorder_version":"21","session":"b674f1becd9b","build":"192.6262.58","bucket":"189","time":1574435508719,"group":{"id":"toolwindow","version":"21"},"event":{"count":1,"data":{"os":"Mac","created":1574435508719,"plugin_type":"PLATFORM"},"id":"Project"}}
{"recorder_version":"21","session":"b674f1becd9b","build":"192.6262.58","bucket":"189","time":1574435509348,"group":{"id":"performance","version":"21"},"event":{"count":1,"data":{"duration_ms":121,"created":1574435509348},"id":"ui.lagging"}}
{"recorder_version":"21","session":"b674f1becd9b","build":"192.6262.58","bucket":"189","time":1574435510678,"group":{"id":"project.fs","version":"1"},"event":{"state":true,"data":{"os":"Mac","cs-project":false,"created":1574435510678,"project":"a0f12fb42952fc36a102045bdbb22ad1f15aa9443e9c675024683f4da70c8bc4","cs-implicit":true,"cs-system":false},"id":"case-sensitivity"}}
{"recorder_version":"21","session":"b674f1becd9b","build":"192.6262.58","bucket":"189","time":1574435510678,"group":{"id":"project.fs","version":"1"},"event":{"state":true,"data":{"created":1574435510679},"id":"invoked"}}
{"recorder_version":"21","session":"b674f1becd9b","build":"192.6262.58","bucket":"189","time":1574435510679,"group":{"id":"project.fs","version":"1"},"event":{"state":true,"data":{"pct-non-watched":0,"created":1574435510680,"project":"a0f12fb42952fc36a102045bdbb22ad1f15aa9443e9c675024683f4da70c8bc4"},"id":"roots-watched"}}
{"recorder_version":"21","session":"b674f1becd9b","build":"192.6262.58","bucket":"189","time":1574435510679,"group":{"id":"project.fs","version":"1"},"event":{"state":true,"data":{"created":1574435510680},"id":"invoked"}}
{"recorder_version":"21","session":"b674f1becd9b","build":"192.6262.58","bucket":"189","time":1574435510700,"group":{"id":"ui.dialogs","version":"21"},"event":{"count":1,"data":{"code":1,"created":1574435510700,"plugin_type":"PLATFORM","type":"close"},"id":"com.intellij.openapi.progress.util.ProgressDialog$MyDialogWrapper"}}
{"recorder_version":"21","session":"b674f1becd9b","build":"192.6262.58","bucket":"189","time":1574435510848,"group":{"id":"lifecycle","version":"21"},"event":{"count":1,"data":{"duration_ms":5097,"created":1574435510848,"project":"a0f12fb42952fc36a102045bdbb22ad1f15aa9443e9c675024683f4da70c8bc4"},"id":"project.opening.finished"}}
{"recorder_version":"21","session":"b674f1becd9b","build":"192.6262.58","bucket":"189","time":1574435511411,"group":{"id":"kotlin.jps.target","version":"1"},"event":{"count":1,"data":{"plugin_version":"1.3.41-release-IJ2019.2-1","created":1574435511411},"id":"jvm"}}
{"recorder_version":"21","session":"b674f1becd9b","build":"192.6262.58","bucket":"189","time":1574435512350,"group":{"id":"file.types.usage","version":"21"},"event":{"count":1,"data":{"plugin":"com.intellij.java","created":1574435512350,"plugin_type":"JB_BUNDLED","project":"a0f12fb42952fc36a102045bdbb22ad1f15aa9443e9c675024683f4da70c8bc4","type":"edit"},"id":"JAVA"}}
{"recorder_version":"21","session":"b674f1becd9b","build":"192.6262.58","bucket":"189","time":1574435516652,"group":{"id":"actions","version":"21"},"event":{"count":8,"data":{"context_menu":false,"last":1574435517989,"created":1574435516652,"plugin_type":"PLATFORM","project":"a0f12fb42952fc36a102045bdbb22ad1f15aa9443e9c675024683f4da70c8bc4","place":"keyboard_shortcut","class":"com.intellij.openapi.editor.actions.BackspaceAction","input_event":"Backspace"},"id":"EditorBackSpace"}}
{"recorder_version":"21","session":"b674f1becd9b","build":"192.6262.58","bucket":"189","time":1574435518931,"group":{"id":"lifecycle","version":"21"},"event":{"count":1,"data":{"restart":false,"created":1574435518931},"id":"ide.close"}}
{"recorder_version":"21","session":"b674f1becd9b","build":"192.6262.58","bucket":"189","time":1574435519278,"group":{"id":"lifecycle","version":"21"},"event":{"count":1,"data":{"created":1574435519278,"project":"a0f12fb42952fc36a102045bdbb22ad1f15aa9443e9c675024683f4da70c8bc4"},"id":"project.closed"}}
