{"recorder_version":"21","session":"c1274057ef6e","build":"192.6262.58","bucket":"189","time":1574630163768,"group":{"id":"settings","version":"4"},"event":{"state":true,"data":{"component":"NotRoamableUiSettings","created":1574630163964},"id":"invoked"}}
{"recorder_version":"21","session":"c1274057ef6e","build":"192.6262.58","bucket":"189","time":1574630163770,"group":{"id":"system.java","version":"1"},"event":{"state":true,"data":{"created":1574630163968,"version":"1.11"},"id":"JetBrains"}}
{"recorder_version":"21","session":"c1274057ef6e","build":"192.6262.58","bucket":"189","time":1574630163770,"group":{"id":"system.java","version":"1"},"event":{"state":true,"data":{"created":1574630163976},"id":"invoked"}}
{"recorder_version":"21","session":"c1274057ef6e","build":"192.6262.58","bucket":"189","time":1574630163771,"group":{"id":"settings","version":"4"},"event":{"state":true,"data":{"component":"UISettings","created":1574630163977},"id":"invoked"}}
{"recorder_version":"21","session":"c1274057ef6e","build":"192.6262.58","bucket":"189","time":1574630163795,"group":{"id":"system.os","version":"3"},"event":{"state":true,"data":{"created":1574630163977,"version":"10.14"},"id":"Mac"}}
{"recorder_version":"21","session":"c1274057ef6e","build":"192.6262.58","bucket":"189","time":1574630163795,"group":{"id":"system.os","version":"3"},"event":{"state":true,"data":{"created":1574630163978,"name":"Mac","version":"10.14"},"id":"os.name"}}
{"recorder_version":"21","session":"c1274057ef6e","build":"192.6262.58","bucket":"189","time":1574630163795,"group":{"id":"system.os","version":"3"},"event":{"state":true,"data":{"created":1574630163978,"value":"+09_00"},"id":"os.timezone"}}
{"recorder_version":"21","session":"c1274057ef6e","build":"192.6262.58","bucket":"189","time":1574630163795,"group":{"id":"system.os","version":"3"},"event":{"state":true,"data":{"created":1574630163979},"id":"invoked"}}
{"recorder_version":"21","session":"c1274057ef6e","build":"192.6262.58","bucket":"189","time":1574630163964,"group":{"id":"event.log","version":"21"},"event":{"count":1,"data":{"created":1574630163980,"version":"919.0"},"id":"whitelist.loaded"}}
{"recorder_version":"21","session":"c1274057ef6e","build":"192.6262.58","bucket":"189","time":1574630166089,"group":{"id":"settings","version":"4"},"event":{"state":true,"data":{"component":"UpdatesConfigurable","created":1574630166090,"name":"checkNeeded","type":"bool","value":false},"id":"not.default"}}
{"recorder_version":"21","session":"c1274057ef6e","build":"192.6262.58","bucket":"189","time":1574630166089,"group":{"id":"settings","version":"4"},"event":{"state":true,"data":{"component":"UpdatesConfigurable","created":1574630166091},"id":"invoked"}}
{"recorder_version":"21","session":"c1274057ef6e","build":"192.6262.58","bucket":"189","time":1574630166216,"group":{"id":"settings","version":"4"},"event":{"state":true,"data":{"component":"GeneralSettings","created":1574630166216,"name":"confirmExit","type":"bool","value":false},"id":"not.default"}}
{"recorder_version":"21","session":"c1274057ef6e","build":"192.6262.58","bucket":"189","time":1574630166216,"group":{"id":"settings","version":"4"},"event":{"state":true,"data":{"component":"GeneralSettings","created":1574630166218,"name":"showTipsOnStartup","type":"bool","value":false},"id":"not.default"}}
{"recorder_version":"21","session":"c1274057ef6e","build":"192.6262.58","bucket":"189","time":1574630166216,"group":{"id":"settings","version":"4"},"event":{"state":true,"data":{"component":"GeneralSettings","created":1574630166221},"id":"invoked"}}
{"recorder_version":"21","session":"c1274057ef6e","build":"192.6262.58","bucket":"189","time":1574630166223,"group":{"id":"lifecycle","version":"21"},"event":{"count":1,"data":{"internal":true,"eap":false,"created":1574630166223},"id":"ide.start"}}
{"recorder_version":"21","session":"c1274057ef6e","build":"192.6262.58","bucket":"189","time":1574630166532,"group":{"id":"lifecycle","version":"21"},"event":{"count":1,"data":{"created":1574630166532},"id":"frame.activated"}}
{"recorder_version":"21","session":"c1274057ef6e","build":"192.6262.58","bucket":"189","time":1574630166757,"group":{"id":"performance","version":"21"},"event":{"count":1,"data":{"duration_ms":2,"created":1574630166757},"id":"ui.latency"}}
{"recorder_version":"21","session":"c1274057ef6e","build":"192.6262.58","bucket":"189","time":1574630167023,"group":{"id":"ui.dialogs","version":"21"},"event":{"count":1,"data":{"created":1574630167023,"plugin_type":"PLATFORM","type":"show"},"id":"com.intellij.openapi.progress.util.ProgressDialog$MyDialogWrapper"}}
{"recorder_version":"21","session":"c1274057ef6e","build":"192.6262.58","bucket":"189","time":1574630168099,"group":{"id":"lifecycle","version":"21"},"event":{"count":1,"data":{"created":1574630168099,"project":"92ddc83aceaa9edad1485397ccc1680a8fd16623aa2c155379eac4aafdb2a559"},"id":"project.opened"}}
{"recorder_version":"21","session":"c1274057ef6e","build":"192.6262.58","bucket":"189","time":1574630168911,"group":{"id":"performance","version":"21"},"event":{"count":1,"data":{"duration_ms":154,"created":1574630168911},"id":"ui.lagging"}}
{"recorder_version":"21","session":"c1274057ef6e","build":"192.6262.58","bucket":"189","time":1574630169937,"group":{"id":"settings","version":"4"},"event":{"state":true,"data":{"component":"XmlEditorOptions","created":1574630169937},"id":"invoked"}}
{"recorder_version":"21","session":"c1274057ef6e","build":"192.6262.58","bucket":"189","time":1574630170036,"group":{"id":"performance","version":"21"},"event":{"count":1,"data":{"duration_ms":277,"created":1574630170036},"id":"ui.lagging"}}
{"recorder_version":"21","session":"c1274057ef6e","build":"192.6262.58","bucket":"189","time":1574630170117,"group":{"id":"toolwindow","version":"21"},"event":{"count":1,"data":{"os":"Mac","created":1574630170118,"plugin_type":"PLATFORM"},"id":"Project"}}
{"recorder_version":"21","session":"c1274057ef6e","build":"192.6262.58","bucket":"189","time":1574630172400,"group":{"id":"kotlin.jps.target","version":"1"},"event":{"count":1,"data":{"plugin_version":"1.3.41-release-IJ2019.2-1","created":1574630172400},"id":"jvm"}}
{"recorder_version":"21","session":"c1274057ef6e","build":"192.6262.58","bucket":"189","time":1574630172423,"group":{"id":"project.fs","version":"1"},"event":{"state":true,"data":{"os":"Mac","cs-project":false,"created":1574630172423,"project":"92ddc83aceaa9edad1485397ccc1680a8fd16623aa2c155379eac4aafdb2a559","cs-implicit":true,"cs-system":false},"id":"case-sensitivity"}}
{"recorder_version":"21","session":"c1274057ef6e","build":"192.6262.58","bucket":"189","time":1574630172423,"group":{"id":"project.fs","version":"1"},"event":{"state":true,"data":{"created":1574630172424},"id":"invoked"}}
{"recorder_version":"21","session":"c1274057ef6e","build":"192.6262.58","bucket":"189","time":1574630172424,"group":{"id":"project.fs","version":"1"},"event":{"state":true,"data":{"pct-non-watched":0,"created":1574630172424,"project":"92ddc83aceaa9edad1485397ccc1680a8fd16623aa2c155379eac4aafdb2a559"},"id":"roots-watched"}}
{"recorder_version":"21","session":"c1274057ef6e","build":"192.6262.58","bucket":"189","time":1574630172424,"group":{"id":"project.fs","version":"1"},"event":{"state":true,"data":{"created":1574630172424},"id":"invoked"}}
{"recorder_version":"21","session":"c1274057ef6e","build":"192.6262.58","bucket":"189","time":1574630172507,"group":{"id":"ui.dialogs","version":"21"},"event":{"count":1,"data":{"code":1,"created":1574630172507,"plugin_type":"PLATFORM","type":"close"},"id":"com.intellij.openapi.progress.util.ProgressDialog$MyDialogWrapper"}}
{"recorder_version":"21","session":"c1274057ef6e","build":"192.6262.58","bucket":"189","time":1574630172689,"group":{"id":"lifecycle","version":"21"},"event":{"count":1,"data":{"duration_ms":5952,"created":1574630172690,"project":"92ddc83aceaa9edad1485397ccc1680a8fd16623aa2c155379eac4aafdb2a559"},"id":"project.opening.finished"}}
{"recorder_version":"21","session":"c1274057ef6e","build":"192.6262.58","bucket":"189","time":1574630173030,"group":{"id":"performance","version":"21"},"event":{"count":1,"data":{"duration_ms":267,"created":1574630173030},"id":"ui.lagging"}}
{"recorder_version":"21","session":"c1274057ef6e","build":"192.6262.58","bucket":"189","time":1574630173920,"group":{"id":"file.types.usage","version":"21"},"event":{"count":1,"data":{"created":1574630173920,"plugin_type":"PLATFORM","project":"92ddc83aceaa9edad1485397ccc1680a8fd16623aa2c155379eac4aafdb2a559","type":"edit"},"id":"IDEA_MODULE"}}
{"recorder_version":"21","session":"c1274057ef6e","build":"192.6262.58","bucket":"189","time":1574630178635,"group":{"id":"actions","version":"21"},"event":{"count":3,"data":{"context_menu":false,"last":1574630179555,"current_file":"TEXT","created":1574630178636,"plugin_type":"PLATFORM","project":"92ddc83aceaa9edad1485397ccc1680a8fd16623aa2c155379eac4aafdb2a559","place":"keyboard_shortcut","class":"com.intellij.openapi.editor.actions.EnterAction","input_event":"Enter"},"id":"EditorEnter"}}
{"recorder_version":"21","session":"c1274057ef6e","build":"192.6262.58","bucket":"189","time":1574630184854,"group":{"id":"lifecycle","version":"21"},"event":{"count":1,"data":{"created":1574630184854,"project":"92ddc83aceaa9edad1485397ccc1680a8fd16623aa2c155379eac4aafdb2a559"},"id":"frame.deactivated"}}
{"recorder_version":"21","session":"c1274057ef6e","build":"192.6262.58","bucket":"189","time":1574630192309,"group":{"id":"lifecycle","version":"21"},"event":{"count":1,"data":{"created":1574630192309,"project":"92ddc83aceaa9edad1485397ccc1680a8fd16623aa2c155379eac4aafdb2a559"},"id":"frame.activated"}}
{"recorder_version":"21","session":"c1274057ef6e","build":"192.6262.58","bucket":"189","time":1574630192561,"group":{"id":"lifecycle","version":"21"},"event":{"count":1,"data":{"restart":false,"created":1574630192562},"id":"ide.close"}}
{"recorder_version":"21","session":"c1274057ef6e","build":"192.6262.58","bucket":"189","time":1574630192641,"group":{"id":"lifecycle","version":"21"},"event":{"count":1,"data":{"created":1574630192641,"project":"92ddc83aceaa9edad1485397ccc1680a8fd16623aa2c155379eac4aafdb2a559"},"id":"project.closed"}}
