{"recorder_version":"21","session":"7e7a25d07c54","build":"192.6262.58","bucket":"189","time":1574435979569,"group":{"id":"settings","version":"4"},"event":{"state":true,"data":{"component":"NotRoamableUiSettings","created":1574435979746},"id":"invoked"}}
{"recorder_version":"21","session":"7e7a25d07c54","build":"192.6262.58","bucket":"189","time":1574435979571,"group":{"id":"system.java","version":"1"},"event":{"state":true,"data":{"created":1574435979748,"version":"1.11"},"id":"JetBrains"}}
{"recorder_version":"21","session":"7e7a25d07c54","build":"192.6262.58","bucket":"189","time":1574435979571,"group":{"id":"system.java","version":"1"},"event":{"state":true,"data":{"created":1574435979756},"id":"invoked"}}
{"recorder_version":"21","session":"7e7a25d07c54","build":"192.6262.58","bucket":"189","time":1574435979572,"group":{"id":"settings","version":"4"},"event":{"state":true,"data":{"component":"UISettings","created":1574435979757},"id":"invoked"}}
{"recorder_version":"21","session":"7e7a25d07c54","build":"192.6262.58","bucket":"189","time":1574435979598,"group":{"id":"system.os","version":"3"},"event":{"state":true,"data":{"created":1574435979758,"version":"10.14"},"id":"Mac"}}
{"recorder_version":"21","session":"7e7a25d07c54","build":"192.6262.58","bucket":"189","time":1574435979598,"group":{"id":"system.os","version":"3"},"event":{"state":true,"data":{"created":1574435979759,"name":"Mac","version":"10.14"},"id":"os.name"}}
{"recorder_version":"21","session":"7e7a25d07c54","build":"192.6262.58","bucket":"189","time":1574435979598,"group":{"id":"system.os","version":"3"},"event":{"state":true,"data":{"created":1574435979760,"value":"+09_00"},"id":"os.timezone"}}
{"recorder_version":"21","session":"7e7a25d07c54","build":"192.6262.58","bucket":"189","time":1574435979598,"group":{"id":"system.os","version":"3"},"event":{"state":true,"data":{"created":1574435979761},"id":"invoked"}}
{"recorder_version":"21","session":"7e7a25d07c54","build":"192.6262.58","bucket":"189","time":1574435979745,"group":{"id":"event.log","version":"21"},"event":{"count":1,"data":{"created":1574435979762,"version":"916.0"},"id":"whitelist.loaded"}}
{"recorder_version":"21","session":"7e7a25d07c54","build":"192.6262.58","bucket":"189","time":1574435982044,"group":{"id":"settings","version":"4"},"event":{"state":true,"data":{"component":"UpdatesConfigurable","created":1574435982045,"name":"checkNeeded","type":"bool","value":false},"id":"not.default"}}
{"recorder_version":"21","session":"7e7a25d07c54","build":"192.6262.58","bucket":"189","time":1574435982045,"group":{"id":"settings","version":"4"},"event":{"state":true,"data":{"component":"UpdatesConfigurable","created":1574435982046},"id":"invoked"}}
{"recorder_version":"21","session":"7e7a25d07c54","build":"192.6262.58","bucket":"189","time":1574435982167,"group":{"id":"settings","version":"4"},"event":{"state":true,"data":{"component":"GeneralSettings","created":1574435982168,"name":"confirmExit","type":"bool","value":false},"id":"not.default"}}
{"recorder_version":"21","session":"7e7a25d07c54","build":"192.6262.58","bucket":"189","time":1574435982168,"group":{"id":"settings","version":"4"},"event":{"state":true,"data":{"component":"GeneralSettings","created":1574435982181,"name":"showTipsOnStartup","type":"bool","value":false},"id":"not.default"}}
{"recorder_version":"21","session":"7e7a25d07c54","build":"192.6262.58","bucket":"189","time":1574435982168,"group":{"id":"settings","version":"4"},"event":{"state":true,"data":{"component":"GeneralSettings","created":1574435982183},"id":"invoked"}}
{"recorder_version":"21","session":"7e7a25d07c54","build":"192.6262.58","bucket":"189","time":1574435982191,"group":{"id":"lifecycle","version":"21"},"event":{"count":1,"data":{"internal":true,"eap":false,"created":1574435982192},"id":"ide.start"}}
{"recorder_version":"21","session":"7e7a25d07c54","build":"192.6262.58","bucket":"189","time":1574435982505,"group":{"id":"lifecycle","version":"21"},"event":{"count":1,"data":{"created":1574435982506},"id":"frame.activated"}}
{"recorder_version":"21","session":"7e7a25d07c54","build":"192.6262.58","bucket":"189","time":1574435982682,"group":{"id":"performance","version":"21"},"event":{"count":1,"data":{"duration_ms":3,"created":1574435982682},"id":"ui.latency"}}
{"recorder_version":"21","session":"7e7a25d07c54","build":"192.6262.58","bucket":"189","time":1574435983034,"group":{"id":"ui.dialogs","version":"21"},"event":{"count":1,"data":{"created":1574435983034,"plugin_type":"PLATFORM","type":"show"},"id":"com.intellij.openapi.progress.util.ProgressDialog$MyDialogWrapper"}}
{"recorder_version":"21","session":"7e7a25d07c54","build":"192.6262.58","bucket":"189","time":1574435984099,"group":{"id":"lifecycle","version":"21"},"event":{"count":1,"data":{"created":1574435984099,"project":"a0f12fb42952fc36a102045bdbb22ad1f15aa9443e9c675024683f4da70c8bc4"},"id":"project.opened"}}
{"recorder_version":"21","session":"7e7a25d07c54","build":"192.6262.58","bucket":"189","time":1574435984787,"group":{"id":"performance","version":"21"},"event":{"count":1,"data":{"duration_ms":102,"created":1574435984787},"id":"ui.lagging"}}
{"recorder_version":"21","session":"7e7a25d07c54","build":"192.6262.58","bucket":"189","time":1574435985779,"group":{"id":"settings","version":"4"},"event":{"state":true,"data":{"component":"XmlEditorOptions","created":1574435985779},"id":"invoked"}}
{"recorder_version":"21","session":"7e7a25d07c54","build":"192.6262.58","bucket":"189","time":1574435985857,"group":{"id":"performance","version":"21"},"event":{"count":1,"data":{"duration_ms":172,"created":1574435985858},"id":"ui.lagging"}}
{"recorder_version":"21","session":"7e7a25d07c54","build":"192.6262.58","bucket":"189","time":1574435985982,"group":{"id":"toolwindow","version":"21"},"event":{"count":1,"data":{"os":"Mac","created":1574435985982,"plugin_type":"PLATFORM"},"id":"Project"}}
{"recorder_version":"21","session":"7e7a25d07c54","build":"192.6262.58","bucket":"189","time":1574435986843,"group":{"id":"performance","version":"21"},"event":{"count":1,"data":{"duration_ms":157,"created":1574435986843},"id":"ui.lagging"}}
{"recorder_version":"21","session":"7e7a25d07c54","build":"192.6262.58","bucket":"189","time":1574435988349,"group":{"id":"kotlin.jps.target","version":"1"},"event":{"count":1,"data":{"plugin_version":"1.3.41-release-IJ2019.2-1","created":1574435988349},"id":"jvm"}}
{"recorder_version":"21","session":"7e7a25d07c54","build":"192.6262.58","bucket":"189","time":1574435988422,"group":{"id":"project.fs","version":"1"},"event":{"state":true,"data":{"os":"Mac","cs-project":false,"created":1574435988422,"project":"a0f12fb42952fc36a102045bdbb22ad1f15aa9443e9c675024683f4da70c8bc4","cs-implicit":true,"cs-system":false},"id":"case-sensitivity"}}
{"recorder_version":"21","session":"7e7a25d07c54","build":"192.6262.58","bucket":"189","time":1574435988422,"group":{"id":"project.fs","version":"1"},"event":{"state":true,"data":{"created":1574435988423},"id":"invoked"}}
{"recorder_version":"21","session":"7e7a25d07c54","build":"192.6262.58","bucket":"189","time":1574435988424,"group":{"id":"project.fs","version":"1"},"event":{"state":true,"data":{"pct-non-watched":0,"created":1574435988424,"project":"a0f12fb42952fc36a102045bdbb22ad1f15aa9443e9c675024683f4da70c8bc4"},"id":"roots-watched"}}
{"recorder_version":"21","session":"7e7a25d07c54","build":"192.6262.58","bucket":"189","time":1574435988424,"group":{"id":"project.fs","version":"1"},"event":{"state":true,"data":{"created":1574435988425},"id":"invoked"}}
{"recorder_version":"21","session":"7e7a25d07c54","build":"192.6262.58","bucket":"189","time":1574435988559,"group":{"id":"ui.dialogs","version":"21"},"event":{"count":1,"data":{"code":1,"created":1574435988559,"plugin_type":"PLATFORM","type":"close"},"id":"com.intellij.openapi.progress.util.ProgressDialog$MyDialogWrapper"}}
{"recorder_version":"21","session":"7e7a25d07c54","build":"192.6262.58","bucket":"189","time":1574435988811,"group":{"id":"lifecycle","version":"21"},"event":{"count":1,"data":{"duration_ms":6037,"created":1574435988811,"project":"a0f12fb42952fc36a102045bdbb22ad1f15aa9443e9c675024683f4da70c8bc4"},"id":"project.opening.finished"}}
{"recorder_version":"21","session":"7e7a25d07c54","build":"192.6262.58","bucket":"189","time":1574435989996,"group":{"id":"productivity","version":"21"},"event":{"count":1,"data":{"created":1574435989996,"plugin_type":"PLATFORM"},"id":"ui.tree.speedsearch"}}
{"recorder_version":"21","session":"7e7a25d07c54","build":"192.6262.58","bucket":"189","time":1574435991230,"group":{"id":"file.types.usage","version":"21"},"event":{"count":1,"data":{"plugin":"com.intellij.java","created":1574435991230,"plugin_type":"JB_BUNDLED","project":"a0f12fb42952fc36a102045bdbb22ad1f15aa9443e9c675024683f4da70c8bc4","type":"edit"},"id":"JAVA"}}
{"recorder_version":"21","session":"7e7a25d07c54","build":"192.6262.58","bucket":"189","time":1574435992012,"group":{"id":"actions","version":"21"},"event":{"count":3,"data":{"context_menu":false,"last":1574435992514,"created":1574435992012,"plugin_type":"PLATFORM","project":"a0f12fb42952fc36a102045bdbb22ad1f15aa9443e9c675024683f4da70c8bc4","place":"keyboard_shortcut","class":"com.intellij.openapi.editor.actions.BackspaceAction","input_event":"Backspace"},"id":"EditorBackSpace"}}
{"recorder_version":"21","session":"7e7a25d07c54","build":"192.6262.58","bucket":"189","time":1574436002096,"group":{"id":"lifecycle","version":"21"},"event":{"count":1,"data":{"restart":false,"created":1574436002096},"id":"ide.close"}}
{"recorder_version":"21","session":"7e7a25d07c54","build":"192.6262.58","bucket":"189","time":1574436002534,"group":{"id":"lifecycle","version":"21"},"event":{"count":1,"data":{"created":1574436002534,"project":"a0f12fb42952fc36a102045bdbb22ad1f15aa9443e9c675024683f4da70c8bc4"},"id":"project.closed"}}
