{"recorder_version":"21","session":"bc788727358f","build":"192.6262.58","bucket":"189","time":1574435737023,"group":{"id":"settings","version":"4"},"event":{"state":true,"data":{"component":"NotRoamableUiSettings","created":1574435737182},"id":"invoked"}}
{"recorder_version":"21","session":"bc788727358f","build":"192.6262.58","bucket":"189","time":1574435737026,"group":{"id":"system.java","version":"1"},"event":{"state":true,"data":{"created":1574435737185,"version":"1.11"},"id":"JetBrains"}}
{"recorder_version":"21","session":"bc788727358f","build":"192.6262.58","bucket":"189","time":1574435737026,"group":{"id":"system.java","version":"1"},"event":{"state":true,"data":{"created":1574435737192},"id":"invoked"}}
{"recorder_version":"21","session":"bc788727358f","build":"192.6262.58","bucket":"189","time":1574435737027,"group":{"id":"settings","version":"4"},"event":{"state":true,"data":{"component":"UISettings","created":1574435737193},"id":"invoked"}}
{"recorder_version":"21","session":"bc788727358f","build":"192.6262.58","bucket":"189","time":1574435737047,"group":{"id":"system.os","version":"3"},"event":{"state":true,"data":{"created":1574435737194,"version":"10.14"},"id":"Mac"}}
{"recorder_version":"21","session":"bc788727358f","build":"192.6262.58","bucket":"189","time":1574435737047,"group":{"id":"system.os","version":"3"},"event":{"state":true,"data":{"created":1574435737195,"name":"Mac","version":"10.14"},"id":"os.name"}}
{"recorder_version":"21","session":"bc788727358f","build":"192.6262.58","bucket":"189","time":1574435737047,"group":{"id":"system.os","version":"3"},"event":{"state":true,"data":{"created":1574435737196,"value":"+09_00"},"id":"os.timezone"}}
{"recorder_version":"21","session":"bc788727358f","build":"192.6262.58","bucket":"189","time":1574435737047,"group":{"id":"system.os","version":"3"},"event":{"state":true,"data":{"created":1574435737196},"id":"invoked"}}
{"recorder_version":"21","session":"bc788727358f","build":"192.6262.58","bucket":"189","time":1574435737182,"group":{"id":"event.log","version":"21"},"event":{"count":1,"data":{"created":1574435737197,"version":"916.0"},"id":"whitelist.loaded"}}
{"recorder_version":"21","session":"bc788727358f","build":"192.6262.58","bucket":"189","time":1574435739456,"group":{"id":"settings","version":"4"},"event":{"state":true,"data":{"component":"UpdatesConfigurable","created":1574435739457,"name":"checkNeeded","type":"bool","value":false},"id":"not.default"}}
{"recorder_version":"21","session":"bc788727358f","build":"192.6262.58","bucket":"189","time":1574435739456,"group":{"id":"settings","version":"4"},"event":{"state":true,"data":{"component":"UpdatesConfigurable","created":1574435739458},"id":"invoked"}}
{"recorder_version":"21","session":"bc788727358f","build":"192.6262.58","bucket":"189","time":1574435739568,"group":{"id":"settings","version":"4"},"event":{"state":true,"data":{"component":"GeneralSettings","created":1574435739569,"name":"confirmExit","type":"bool","value":false},"id":"not.default"}}
{"recorder_version":"21","session":"bc788727358f","build":"192.6262.58","bucket":"189","time":1574435739568,"group":{"id":"settings","version":"4"},"event":{"state":true,"data":{"component":"GeneralSettings","created":1574435739569,"name":"showTipsOnStartup","type":"bool","value":false},"id":"not.default"}}
{"recorder_version":"21","session":"bc788727358f","build":"192.6262.58","bucket":"189","time":1574435739569,"group":{"id":"settings","version":"4"},"event":{"state":true,"data":{"component":"GeneralSettings","created":1574435739570},"id":"invoked"}}
{"recorder_version":"21","session":"bc788727358f","build":"192.6262.58","bucket":"189","time":1574435739577,"group":{"id":"lifecycle","version":"21"},"event":{"count":1,"data":{"internal":true,"eap":false,"created":1574435739577},"id":"ide.start"}}
{"recorder_version":"21","session":"bc788727358f","build":"192.6262.58","bucket":"189","time":1574435739877,"group":{"id":"lifecycle","version":"21"},"event":{"count":1,"data":{"created":1574435739877},"id":"frame.activated"}}
{"recorder_version":"21","session":"bc788727358f","build":"192.6262.58","bucket":"189","time":1574435740161,"group":{"id":"performance","version":"21"},"event":{"count":1,"data":{"duration_ms":1,"created":1574435740161},"id":"ui.latency"}}
{"recorder_version":"21","session":"bc788727358f","build":"192.6262.58","bucket":"189","time":1574435740369,"group":{"id":"ui.dialogs","version":"21"},"event":{"count":1,"data":{"created":1574435740369,"plugin_type":"PLATFORM","type":"show"},"id":"com.intellij.openapi.progress.util.ProgressDialog$MyDialogWrapper"}}
{"recorder_version":"21","session":"bc788727358f","build":"192.6262.58","bucket":"189","time":1574435741305,"group":{"id":"lifecycle","version":"21"},"event":{"count":1,"data":{"created":1574435741305,"project":"a0f12fb42952fc36a102045bdbb22ad1f15aa9443e9c675024683f4da70c8bc4"},"id":"project.opened"}}
{"recorder_version":"21","session":"bc788727358f","build":"192.6262.58","bucket":"189","time":1574435743086,"group":{"id":"settings","version":"4"},"event":{"state":true,"data":{"component":"XmlEditorOptions","created":1574435743086},"id":"invoked"}}
{"recorder_version":"21","session":"bc788727358f","build":"192.6262.58","bucket":"189","time":1574435743279,"group":{"id":"toolwindow","version":"21"},"event":{"count":1,"data":{"os":"Mac","created":1574435743279,"plugin_type":"PLATFORM"},"id":"Project"}}
{"recorder_version":"21","session":"bc788727358f","build":"192.6262.58","bucket":"189","time":1574435745304,"group":{"id":"performance","version":"21"},"event":{"count":1,"data":{"duration_ms":124,"created":1574435745305},"id":"ui.lagging"}}
{"recorder_version":"21","session":"bc788727358f","build":"192.6262.58","bucket":"189","time":1574435745425,"group":{"id":"project.fs","version":"1"},"event":{"state":true,"data":{"os":"Mac","cs-project":false,"created":1574435745425,"project":"a0f12fb42952fc36a102045bdbb22ad1f15aa9443e9c675024683f4da70c8bc4","cs-implicit":true,"cs-system":false},"id":"case-sensitivity"}}
{"recorder_version":"21","session":"bc788727358f","build":"192.6262.58","bucket":"189","time":1574435745425,"group":{"id":"project.fs","version":"1"},"event":{"state":true,"data":{"created":1574435745425},"id":"invoked"}}
{"recorder_version":"21","session":"bc788727358f","build":"192.6262.58","bucket":"189","time":1574435745425,"group":{"id":"project.fs","version":"1"},"event":{"state":true,"data":{"pct-non-watched":0,"created":1574435745426,"project":"a0f12fb42952fc36a102045bdbb22ad1f15aa9443e9c675024683f4da70c8bc4"},"id":"roots-watched"}}
{"recorder_version":"21","session":"bc788727358f","build":"192.6262.58","bucket":"189","time":1574435745425,"group":{"id":"project.fs","version":"1"},"event":{"state":true,"data":{"created":1574435745426},"id":"invoked"}}
{"recorder_version":"21","session":"bc788727358f","build":"192.6262.58","bucket":"189","time":1574435745446,"group":{"id":"ui.dialogs","version":"21"},"event":{"count":1,"data":{"code":1,"created":1574435745446,"plugin_type":"PLATFORM","type":"close"},"id":"com.intellij.openapi.progress.util.ProgressDialog$MyDialogWrapper"}}
{"recorder_version":"21","session":"bc788727358f","build":"192.6262.58","bucket":"189","time":1574435745637,"group":{"id":"lifecycle","version":"21"},"event":{"count":1,"data":{"duration_ms":5538,"created":1574435745637,"project":"a0f12fb42952fc36a102045bdbb22ad1f15aa9443e9c675024683f4da70c8bc4"},"id":"project.opening.finished"}}
{"recorder_version":"21","session":"bc788727358f","build":"192.6262.58","bucket":"189","time":1574435746525,"group":{"id":"kotlin.jps.target","version":"1"},"event":{"count":1,"data":{"plugin_version":"1.3.41-release-IJ2019.2-1","created":1574435746525},"id":"jvm"}}
{"recorder_version":"21","session":"bc788727358f","build":"192.6262.58","bucket":"189","time":1574435752616,"group":{"id":"file.types.usage","version":"21"},"event":{"count":1,"data":{"plugin":"com.intellij.java","created":1574435752616,"plugin_type":"JB_BUNDLED","project":"a0f12fb42952fc36a102045bdbb22ad1f15aa9443e9c675024683f4da70c8bc4","type":"edit"},"id":"JAVA"}}
{"recorder_version":"21","session":"bc788727358f","build":"192.6262.58","bucket":"189","time":1574435757093,"group":{"id":"ui.dialogs","version":"21"},"event":{"count":1,"data":{"created":1574435757094,"plugin_type":"PLATFORM","type":"show"},"id":"com.intellij.openapi.progress.util.ProgressDialog$MyDialogWrapper"}}
{"recorder_version":"21","session":"bc788727358f","build":"192.6262.58","bucket":"189","time":1574435757162,"group":{"id":"lifecycle","version":"21"},"event":{"count":1,"data":{"created":1574435757162,"project":"a0f12fb42952fc36a102045bdbb22ad1f15aa9443e9c675024683f4da70c8bc4"},"id":"project.closed"}}
{"recorder_version":"21","session":"bc788727358f","build":"192.6262.58","bucket":"189","time":1574435757239,"group":{"id":"ui.dialogs","version":"21"},"event":{"count":1,"data":{"code":1,"created":1574435757239,"plugin_type":"PLATFORM","type":"close"},"id":"com.intellij.openapi.progress.util.ProgressDialog$MyDialogWrapper"}}
{"recorder_version":"21","session":"bc788727358f","build":"192.6262.58","bucket":"189","time":1574435758713,"group":{"id":"lifecycle","version":"21"},"event":{"count":1,"data":{"restart":false,"created":1574435758713},"id":"ide.close"}}
