{"recorder_version":"21","session":"08e4a7b52059","build":"192.6262.58","bucket":"189","time":1575350678395,"group":{"id":"settings","version":"4"},"event":{"state":true,"data":{"component":"NotRoamableUiSettings","created":1575350678569},"id":"invoked"}}
{"recorder_version":"21","session":"08e4a7b52059","build":"192.6262.58","bucket":"189","time":1575350678397,"group":{"id":"system.java","version":"1"},"event":{"state":true,"data":{"created":1575350678571,"version":"1.11"},"id":"JetBrains"}}
{"recorder_version":"21","session":"08e4a7b52059","build":"192.6262.58","bucket":"189","time":1575350678397,"group":{"id":"system.java","version":"1"},"event":{"state":true,"data":{"created":1575350678578},"id":"invoked"}}
{"recorder_version":"21","session":"08e4a7b52059","build":"192.6262.58","bucket":"189","time":1575350678398,"group":{"id":"settings","version":"4"},"event":{"state":true,"data":{"component":"UISettings","created":1575350678579},"id":"invoked"}}
{"recorder_version":"21","session":"08e4a7b52059","build":"192.6262.58","bucket":"189","time":1575350678427,"group":{"id":"system.os","version":"3"},"event":{"state":true,"data":{"created":1575350678580,"version":"10.14"},"id":"Mac"}}
{"recorder_version":"21","session":"08e4a7b52059","build":"192.6262.58","bucket":"189","time":1575350678427,"group":{"id":"system.os","version":"3"},"event":{"state":true,"data":{"created":1575350678582,"name":"Mac","version":"10.14"},"id":"os.name"}}
{"recorder_version":"21","session":"08e4a7b52059","build":"192.6262.58","bucket":"189","time":1575350678427,"group":{"id":"system.os","version":"3"},"event":{"state":true,"data":{"created":1575350678583,"value":"+09_00"},"id":"os.timezone"}}
{"recorder_version":"21","session":"08e4a7b52059","build":"192.6262.58","bucket":"189","time":1575350678427,"group":{"id":"system.os","version":"3"},"event":{"state":true,"data":{"created":1575350678584},"id":"invoked"}}
{"recorder_version":"21","session":"08e4a7b52059","build":"192.6262.58","bucket":"189","time":1575350678569,"group":{"id":"event.log","version":"21"},"event":{"count":1,"data":{"created":1575350678584,"version":"943.0"},"id":"whitelist.loaded"}}
{"recorder_version":"21","session":"08e4a7b52059","build":"192.6262.58","bucket":"189","time":1575350680851,"group":{"id":"settings","version":"4"},"event":{"state":true,"data":{"component":"UpdatesConfigurable","created":1575350680852,"name":"checkNeeded","type":"bool","value":false},"id":"not.default"}}
{"recorder_version":"21","session":"08e4a7b52059","build":"192.6262.58","bucket":"189","time":1575350680851,"group":{"id":"settings","version":"4"},"event":{"state":true,"data":{"component":"UpdatesConfigurable","created":1575350680853},"id":"invoked"}}
{"recorder_version":"21","session":"08e4a7b52059","build":"192.6262.58","bucket":"189","time":1575350681018,"group":{"id":"settings","version":"4"},"event":{"state":true,"data":{"component":"GeneralSettings","created":1575350681019,"name":"confirmExit","type":"bool","value":false},"id":"not.default"}}
{"recorder_version":"21","session":"08e4a7b52059","build":"192.6262.58","bucket":"189","time":1575350681019,"group":{"id":"settings","version":"4"},"event":{"state":true,"data":{"component":"GeneralSettings","created":1575350681020,"name":"showTipsOnStartup","type":"bool","value":false},"id":"not.default"}}
{"recorder_version":"21","session":"08e4a7b52059","build":"192.6262.58","bucket":"189","time":1575350681019,"group":{"id":"settings","version":"4"},"event":{"state":true,"data":{"component":"GeneralSettings","created":1575350681021},"id":"invoked"}}
{"recorder_version":"21","session":"08e4a7b52059","build":"192.6262.58","bucket":"189","time":1575350681021,"group":{"id":"lifecycle","version":"21"},"event":{"count":1,"data":{"internal":true,"eap":false,"created":1575350681021},"id":"ide.start"}}
{"recorder_version":"21","session":"08e4a7b52059","build":"192.6262.58","bucket":"189","time":1575350681418,"group":{"id":"performance","version":"21"},"event":{"count":1,"data":{"duration_ms":45,"created":1575350681418},"id":"ui.latency"}}
{"recorder_version":"21","session":"08e4a7b52059","build":"192.6262.58","bucket":"189","time":1575350681770,"group":{"id":"ui.dialogs","version":"21"},"event":{"count":1,"data":{"created":1575350681771,"plugin_type":"PLATFORM","type":"show"},"id":"com.intellij.openapi.progress.util.ProgressDialog$MyDialogWrapper"}}
{"recorder_version":"21","session":"08e4a7b52059","build":"192.6262.58","bucket":"189","time":1575350682834,"group":{"id":"lifecycle","version":"21"},"event":{"count":1,"data":{"created":1575350682834,"project":"4452600da3b350ab41d92ae108c2baae6ff0ac3ddb31bd67020ee046ec77ac09"},"id":"project.opened"}}
{"recorder_version":"21","session":"08e4a7b52059","build":"192.6262.58","bucket":"189","time":1575350683534,"group":{"id":"performance","version":"21"},"event":{"count":1,"data":{"duration_ms":158,"created":1575350683534},"id":"ui.lagging"}}
{"recorder_version":"21","session":"08e4a7b52059","build":"192.6262.58","bucket":"189","time":1575350684623,"group":{"id":"settings","version":"4"},"event":{"state":true,"data":{"component":"XmlEditorOptions","created":1575350684623},"id":"invoked"}}
{"recorder_version":"21","session":"08e4a7b52059","build":"192.6262.58","bucket":"189","time":1575350684668,"group":{"id":"performance","version":"21"},"event":{"count":1,"data":{"duration_ms":292,"created":1575350684668},"id":"ui.lagging"}}
{"recorder_version":"21","session":"08e4a7b52059","build":"192.6262.58","bucket":"189","time":1575350685323,"group":{"id":"toolwindow","version":"21"},"event":{"count":1,"data":{"os":"Mac","created":1575350685323,"plugin_type":"PLATFORM"},"id":"Project"}}
{"recorder_version":"21","session":"08e4a7b52059","build":"192.6262.58","bucket":"189","time":1575350686187,"group":{"id":"performance","version":"21"},"event":{"count":1,"data":{"duration_ms":808,"created":1575350686187},"id":"ui.lagging"}}
{"recorder_version":"21","session":"08e4a7b52059","build":"192.6262.58","bucket":"189","time":1575350686509,"group":{"id":"performance","version":"21"},"event":{"count":1,"data":{"duration_ms":128,"created":1575350686509},"id":"ui.lagging"}}
{"recorder_version":"21","session":"08e4a7b52059","build":"192.6262.58","bucket":"189","time":1575350687031,"group":{"id":"lifecycle","version":"21"},"event":{"count":1,"data":{"created":1575350687031,"project":"4452600da3b350ab41d92ae108c2baae6ff0ac3ddb31bd67020ee046ec77ac09"},"id":"frame.activated"}}
{"recorder_version":"21","session":"08e4a7b52059","build":"192.6262.58","bucket":"189","time":1575350687549,"group":{"id":"performance","version":"21"},"event":{"count":1,"data":{"duration_ms":167,"created":1575350687549},"id":"ui.lagging"}}
{"recorder_version":"21","session":"08e4a7b52059","build":"192.6262.58","bucket":"189","time":1575350687692,"group":{"id":"project.fs","version":"1"},"event":{"state":true,"data":{"os":"Mac","cs-project":false,"created":1575350687693,"project":"4452600da3b350ab41d92ae108c2baae6ff0ac3ddb31bd67020ee046ec77ac09","cs-implicit":true,"cs-system":false},"id":"case-sensitivity"}}
{"recorder_version":"21","session":"08e4a7b52059","build":"192.6262.58","bucket":"189","time":1575350687692,"group":{"id":"project.fs","version":"1"},"event":{"state":true,"data":{"created":1575350687693},"id":"invoked"}}
{"recorder_version":"21","session":"08e4a7b52059","build":"192.6262.58","bucket":"189","time":1575350687694,"group":{"id":"project.fs","version":"1"},"event":{"state":true,"data":{"pct-non-watched":0,"created":1575350687694,"project":"4452600da3b350ab41d92ae108c2baae6ff0ac3ddb31bd67020ee046ec77ac09"},"id":"roots-watched"}}
{"recorder_version":"21","session":"08e4a7b52059","build":"192.6262.58","bucket":"189","time":1575350687694,"group":{"id":"project.fs","version":"1"},"event":{"state":true,"data":{"created":1575350687694},"id":"invoked"}}
{"recorder_version":"21","session":"08e4a7b52059","build":"192.6262.58","bucket":"189","time":1575350687787,"group":{"id":"ui.dialogs","version":"21"},"event":{"count":1,"data":{"code":1,"created":1575350687788,"plugin_type":"PLATFORM","type":"close"},"id":"com.intellij.openapi.progress.util.ProgressDialog$MyDialogWrapper"}}
{"recorder_version":"21","session":"08e4a7b52059","build":"192.6262.58","bucket":"189","time":1575350688058,"group":{"id":"lifecycle","version":"21"},"event":{"count":1,"data":{"duration_ms":6570,"created":1575350688058,"project":"4452600da3b350ab41d92ae108c2baae6ff0ac3ddb31bd67020ee046ec77ac09"},"id":"project.opening.finished"}}
{"recorder_version":"21","session":"08e4a7b52059","build":"192.6262.58","bucket":"189","time":1575350688545,"group":{"id":"performance","version":"21"},"event":{"count":1,"data":{"duration_ms":162,"created":1575350688545},"id":"ui.lagging"}}
{"recorder_version":"21","session":"08e4a7b52059","build":"192.6262.58","bucket":"189","time":1575350688978,"group":{"id":"file.types.usage","version":"21"},"event":{"count":1,"data":{"plugin":"com.intellij.java","created":1575350688979,"plugin_type":"JB_BUNDLED","project":"4452600da3b350ab41d92ae108c2baae6ff0ac3ddb31bd67020ee046ec77ac09","type":"edit"},"id":"JAVA"}}
{"recorder_version":"21","session":"08e4a7b52059","build":"192.6262.58","bucket":"189","time":1575350690903,"group":{"id":"kotlin.jps.target","version":"1"},"event":{"count":2,"data":{"plugin_version":"validation.undefined_rule","last":1575350690915,"created":1575350690903},"id":"validation.undefined_rule"}}
{"recorder_version":"21","session":"08e4a7b52059","build":"192.6262.58","bucket":"189","time":1575350691552,"group":{"id":"vcs.change.reminder","version":"1"},"event":{"count":1,"data":{"created":1575350691553,"project":"4452600da3b350ab41d92ae108c2baae6ff0ac3ddb31bd67020ee046ec77ac09","execution_time":229},"id":"prediction.calculated"}}
{"recorder_version":"21","session":"08e4a7b52059","build":"192.6262.58","bucket":"189","time":1575350692644,"group":{"id":"file.types.usage","version":"21"},"event":{"count":2,"data":{"plugin":"com.intellij.java","last":1575350695538,"created":1575350692644,"plugin_type":"JB_BUNDLED","project":"4452600da3b350ab41d92ae108c2baae6ff0ac3ddb31bd67020ee046ec77ac09","type":"edit"},"id":"JAVA"}}
{"recorder_version":"21","session":"08e4a7b52059","build":"192.6262.58","bucket":"189","time":1575350697521,"group":{"id":"lifecycle","version":"21"},"event":{"count":1,"data":{"created":1575350697521,"project":"4452600da3b350ab41d92ae108c2baae6ff0ac3ddb31bd67020ee046ec77ac09"},"id":"frame.deactivated"}}
{"recorder_version":"21","session":"08e4a7b52059","build":"192.6262.58","bucket":"189","time":1575350705493,"group":{"id":"lifecycle","version":"21"},"event":{"count":1,"data":{"created":1575350705494,"project":"4452600da3b350ab41d92ae108c2baae6ff0ac3ddb31bd67020ee046ec77ac09"},"id":"frame.activated"}}
{"recorder_version":"21","session":"08e4a7b52059","build":"192.6262.58","bucket":"189","time":1575350706296,"group":{"id":"lifecycle","version":"21"},"event":{"count":1,"data":{"restart":false,"created":1575350706296},"id":"ide.close"}}
{"recorder_version":"21","session":"08e4a7b52059","build":"192.6262.58","bucket":"189","time":1575350706383,"group":{"id":"lifecycle","version":"21"},"event":{"count":1,"data":{"created":1575350706383,"project":"4452600da3b350ab41d92ae108c2baae6ff0ac3ddb31bd67020ee046ec77ac09"},"id":"project.closed"}}
